{
  "uid" : "72cbc84dfaff346b",
  "name" : "POST checking ports_len negative range",
  "fullName" : "tests_api.test_bd.TestPOST#test_post_checking_ports_len_negative_range",
  "historyId" : "6a5e2b3a0040caf8e74db064b01d1684",
  "time" : {
    "start" : 1744074433227,
    "stop" : 1744074433729,
    "duration" : 502
  },
  "status" : "failed",
  "statusMessage" : "AssertionError: Result is not equal expected value",
  "statusTrace" : "self = <tests_api.test_bd.TestPOST object at 0x7f5ac9a54980>\n\n    @allure.title('POST checking ports_len negative range')\n    def test_post_checking_ports_len_negative_range(self):\n        result = API.post_create_docker_container_checking_ports(\n            token=TestPOST.token,\n            port_len=\"80-90\")\n        Checking.check_status_code(result, 400)\n>       Checking.check_json_value(result, 'msg', 'msg[]: ports range is too wide')\n\ntests_api/test_bd.py:383: \n_ _ _ _ _ _ _ _ _ _ _ _ _ _ _ _ _ _ _ _ _ _ _ _ _ _ _ _ _ _ _ _ _ _ _ _ _ _ _ _ \n\nresponse = <Response [400]>, field_name = 'msg'\nexpected_value = 'msg[]: ports range is too wide'\n\n    @staticmethod\n    def check_json_value(response: requests.models.Response, field_name: str, expected_value):\n        \"\"\"\n        :param response: requests.models.Response\n        :param field_name:\n        :param expected_value:\n        \"\"\"\n        check = response.json()\n        check_info = check.get(field_name)\n        with allure.step(\n                f'Compare result request with expected value:'\n                f'\\nResponse: {response}\\nField name: {field_name}\\nValue: {expected_value}'):\n>           assert check_info == expected_value, 'Result is not equal expected value'\nE           AssertionError: Result is not equal expected value\n\ntests_api/utils/checking.py:57: AssertionError",
  "flaky" : false,
  "newFailed" : false,
  "beforeStages" : [ ],
  "testStage" : {
    "status" : "failed",
    "statusMessage" : "AssertionError: Result is not equal expected value",
    "statusTrace" : "self = <tests_api.test_bd.TestPOST object at 0x7f5ac9a54980>\n\n    @allure.title('POST checking ports_len negative range')\n    def test_post_checking_ports_len_negative_range(self):\n        result = API.post_create_docker_container_checking_ports(\n            token=TestPOST.token,\n            port_len=\"80-90\")\n        Checking.check_status_code(result, 400)\n>       Checking.check_json_value(result, 'msg', 'msg[]: ports range is too wide')\n\ntests_api/test_bd.py:383: \n_ _ _ _ _ _ _ _ _ _ _ _ _ _ _ _ _ _ _ _ _ _ _ _ _ _ _ _ _ _ _ _ _ _ _ _ _ _ _ _ \n\nresponse = <Response [400]>, field_name = 'msg'\nexpected_value = 'msg[]: ports range is too wide'\n\n    @staticmethod\n    def check_json_value(response: requests.models.Response, field_name: str, expected_value):\n        \"\"\"\n        :param response: requests.models.Response\n        :param field_name:\n        :param expected_value:\n        \"\"\"\n        check = response.json()\n        check_info = check.get(field_name)\n        with allure.step(\n                f'Compare result request with expected value:'\n                f'\\nResponse: {response}\\nField name: {field_name}\\nValue: {expected_value}'):\n>           assert check_info == expected_value, 'Result is not equal expected value'\nE           AssertionError: Result is not equal expected value\n\ntests_api/utils/checking.py:57: AssertionError",
    "steps" : [ {
      "name" : "post_create_docker_container",
      "time" : {
        "start" : 1744074433227,
        "stop" : 1744074433728,
        "duration" : 501
      },
      "status" : "passed",
      "steps" : [ {
        "name" : "Endpoint: /container_create",
        "time" : {
          "start" : 1744074433728,
          "stop" : 1744074433728,
          "duration" : 0
        },
        "status" : "passed",
        "steps" : [ ],
        "attachments" : [ ],
        "parameters" : [ ],
        "stepsCount" : 0,
        "attachmentsCount" : 0,
        "shouldDisplayMessage" : false,
        "hasContent" : false
      }, {
        "name" : "Request:",
        "time" : {
          "start" : 1744074433728,
          "stop" : 1744074433728,
          "duration" : 0
        },
        "status" : "passed",
        "steps" : [ {
          "name" : "Headers: {'Content-Type': 'application/json', 'Authorization': '21b700c7-7883-45fc-86a1-3d7d519adcbf'}",
          "time" : {
            "start" : 1744074433728,
            "stop" : 1744074433728,
            "duration" : 0
          },
          "status" : "passed",
          "steps" : [ ],
          "attachments" : [ ],
          "parameters" : [ ],
          "stepsCount" : 0,
          "attachmentsCount" : 0,
          "shouldDisplayMessage" : false,
          "hasContent" : false
        }, {
          "name" : "Body: {\"docker_image\": \"nginx\", \"int_ports\": f\"80-90\", \"env\": 3, \"region\": 3}",
          "time" : {
            "start" : 1744074433728,
            "stop" : 1744074433728,
            "duration" : 0
          },
          "status" : "passed",
          "steps" : [ ],
          "attachments" : [ ],
          "parameters" : [ ],
          "stepsCount" : 0,
          "attachmentsCount" : 0,
          "shouldDisplayMessage" : false,
          "hasContent" : false
        } ],
        "attachments" : [ ],
        "parameters" : [ ],
        "stepsCount" : 2,
        "attachmentsCount" : 0,
        "shouldDisplayMessage" : false,
        "hasContent" : true
      }, {
        "name" : "Response:",
        "time" : {
          "start" : 1744074433728,
          "stop" : 1744074433728,
          "duration" : 0
        },
        "status" : "passed",
        "steps" : [ {
          "name" : "Status code: 400",
          "time" : {
            "start" : 1744074433728,
            "stop" : 1744074433728,
            "duration" : 0
          },
          "status" : "passed",
          "steps" : [ ],
          "attachments" : [ ],
          "parameters" : [ ],
          "stepsCount" : 0,
          "attachmentsCount" : 0,
          "shouldDisplayMessage" : false,
          "hasContent" : false
        }, {
          "name" : "JSON: {\n    \"msg_code\": -1,\n    \"msg\": \"endpoint is disabled\"\n}\n",
          "time" : {
            "start" : 1744074433728,
            "stop" : 1744074433728,
            "duration" : 0
          },
          "status" : "passed",
          "steps" : [ ],
          "attachments" : [ ],
          "parameters" : [ ],
          "stepsCount" : 0,
          "attachmentsCount" : 0,
          "shouldDisplayMessage" : false,
          "hasContent" : false
        } ],
        "attachments" : [ ],
        "parameters" : [ ],
        "stepsCount" : 2,
        "attachmentsCount" : 0,
        "shouldDisplayMessage" : false,
        "hasContent" : true
      } ],
      "attachments" : [ ],
      "parameters" : [ ],
      "stepsCount" : 7,
      "attachmentsCount" : 0,
      "shouldDisplayMessage" : false,
      "hasContent" : true
    }, {
      "name" : "Assert status code: 400 == Response status code: 400",
      "time" : {
        "start" : 1744074433728,
        "stop" : 1744074433729,
        "duration" : 1
      },
      "status" : "passed",
      "steps" : [ ],
      "attachments" : [ ],
      "parameters" : [ ],
      "stepsCount" : 0,
      "attachmentsCount" : 0,
      "shouldDisplayMessage" : false,
      "hasContent" : false
    }, {
      "name" : "Compare result request with expected value:\nResponse: <Response [400]>\nField name: msg\nValue: msg[]: ports range is too wide",
      "time" : {
        "start" : 1744074433729,
        "stop" : 1744074433729,
        "duration" : 0
      },
      "status" : "failed",
      "statusMessage" : "AssertionError: Result is not equal expected value\n",
      "statusTrace" : "  File \"/home/runner/work/Oblache/Oblache/tests_api/utils/checking.py\", line 57, in check_json_value\n    assert check_info == expected_value, 'Result is not equal expected value'\n           ^^^^^^^^^^^^^^^^^^^^^^^^^^^^\n",
      "steps" : [ ],
      "attachments" : [ ],
      "parameters" : [ ],
      "stepsCount" : 0,
      "attachmentsCount" : 0,
      "shouldDisplayMessage" : true,
      "hasContent" : true
    } ],
    "attachments" : [ ],
    "parameters" : [ ],
    "stepsCount" : 10,
    "attachmentsCount" : 0,
    "shouldDisplayMessage" : true,
    "hasContent" : true
  },
  "afterStages" : [ ],
  "labels" : [ {
    "name" : "suite",
    "value" : "POST"
  }, {
    "name" : "parentSuite",
    "value" : "tests_api"
  }, {
    "name" : "subSuite",
    "value" : "TestPOST"
  }, {
    "name" : "host",
    "value" : "fv-az1945-250"
  }, {
    "name" : "thread",
    "value" : "2477-MainThread"
  }, {
    "name" : "framework",
    "value" : "pytest"
  }, {
    "name" : "language",
    "value" : "cpython3"
  }, {
    "name" : "package",
    "value" : "tests_api.test_bd"
  }, {
    "name" : "resultFormat",
    "value" : "allure2"
  } ],
  "parameters" : [ ],
  "links" : [ ],
  "hidden" : false,
  "retry" : false,
  "extra" : {
    "severity" : "normal",
    "retries" : [ ],
    "categories" : [ {
      "name" : "Product defects",
      "matchedStatuses" : [ ],
      "flaky" : false
    } ],
    "history" : {
      "statistic" : {
        "failed" : 118,
        "broken" : 0,
        "skipped" : 0,
        "passed" : 36,
        "unknown" : 0,
        "total" : 154
      },
      "items" : [ {
        "uid" : "efc89c50ad06c2bc",
        "reportUrl" : "https://lambotik.github.io/Oblache/365//#testresult/efc89c50ad06c2bc",
        "status" : "failed",
        "statusDetails" : "AssertionError: Incorrect status code: 502",
        "time" : {
          "start" : 1743988161681,
          "stop" : 1743988162157,
          "duration" : 476
        }
      }, {
        "uid" : "b2235140036699ee",
        "reportUrl" : "https://lambotik.github.io/Oblache/364//#testresult/b2235140036699ee",
        "status" : "failed",
        "statusDetails" : "AssertionError: Incorrect status code: 502",
        "time" : {
          "start" : 1743901871407,
          "stop" : 1743901871683,
          "duration" : 276
        }
      }, {
        "uid" : "5e3a642a1f9dbc16",
        "reportUrl" : "https://lambotik.github.io/Oblache/363//#testresult/5e3a642a1f9dbc16",
        "status" : "failed",
        "statusDetails" : "AssertionError: Result is not equal expected value",
        "time" : {
          "start" : 1743815146864,
          "stop" : 1743815147178,
          "duration" : 314
        }
      }, {
        "uid" : "e0f56f90a6c082d1",
        "reportUrl" : "https://lambotik.github.io/Oblache/362//#testresult/e0f56f90a6c082d1",
        "status" : "failed",
        "statusDetails" : "AssertionError: Result is not equal expected value",
        "time" : {
          "start" : 1743728807587,
          "stop" : 1743728808098,
          "duration" : 511
        }
      }, {
        "uid" : "3d21df633d5ae076",
        "reportUrl" : "https://lambotik.github.io/Oblache/361//#testresult/3d21df633d5ae076",
        "status" : "failed",
        "statusDetails" : "AssertionError: Result is not equal expected value",
        "time" : {
          "start" : 1743642418375,
          "stop" : 1743642418739,
          "duration" : 364
        }
      }, {
        "uid" : "e9bc520ee73aaf0b",
        "reportUrl" : "https://lambotik.github.io/Oblache/360//#testresult/e9bc520ee73aaf0b",
        "status" : "failed",
        "statusDetails" : "AssertionError: Result is not equal expected value",
        "time" : {
          "start" : 1743556074964,
          "stop" : 1743556075332,
          "duration" : 368
        }
      }, {
        "uid" : "f32458f40e6319",
        "reportUrl" : "https://lambotik.github.io/Oblache/359//#testresult/f32458f40e6319",
        "status" : "failed",
        "statusDetails" : "AssertionError: Result is not equal expected value",
        "time" : {
          "start" : 1743470107127,
          "stop" : 1743470107430,
          "duration" : 303
        }
      }, {
        "uid" : "6950591e15886c82",
        "reportUrl" : "https://lambotik.github.io/Oblache/358//#testresult/6950591e15886c82",
        "status" : "failed",
        "statusDetails" : "AssertionError: Result is not equal expected value",
        "time" : {
          "start" : 1743383445839,
          "stop" : 1743383446346,
          "duration" : 507
        }
      }, {
        "uid" : "22773e70d4dbd280",
        "reportUrl" : "https://lambotik.github.io/Oblache/357//#testresult/22773e70d4dbd280",
        "status" : "failed",
        "statusDetails" : "AssertionError: Result is not equal expected value",
        "time" : {
          "start" : 1743297109215,
          "stop" : 1743297109533,
          "duration" : 318
        }
      }, {
        "uid" : "a72642f547e91367",
        "reportUrl" : "https://lambotik.github.io/Oblache/356//#testresult/a72642f547e91367",
        "status" : "failed",
        "statusDetails" : "AssertionError: Result is not equal expected value",
        "time" : {
          "start" : 1743210333588,
          "stop" : 1743210333902,
          "duration" : 314
        }
      }, {
        "uid" : "ce0bff855c5cfacf",
        "reportUrl" : "https://lambotik.github.io/Oblache/355//#testresult/ce0bff855c5cfacf",
        "status" : "failed",
        "statusDetails" : "AssertionError: Result is not equal expected value",
        "time" : {
          "start" : 1743123968998,
          "stop" : 1743123969378,
          "duration" : 380
        }
      }, {
        "uid" : "d5caee939209d76e",
        "reportUrl" : "https://lambotik.github.io/Oblache/354//#testresult/d5caee939209d76e",
        "status" : "failed",
        "statusDetails" : "AssertionError: Result is not equal expected value",
        "time" : {
          "start" : 1743037576541,
          "stop" : 1743037576904,
          "duration" : 363
        }
      }, {
        "uid" : "63eedf4adf19ecb",
        "reportUrl" : "https://lambotik.github.io/Oblache/353//#testresult/63eedf4adf19ecb",
        "status" : "failed",
        "statusDetails" : "AssertionError: Result is not equal expected value",
        "time" : {
          "start" : 1742951185111,
          "stop" : 1742951185411,
          "duration" : 300
        }
      }, {
        "uid" : "a97dd5435b7c6c78",
        "reportUrl" : "https://lambotik.github.io/Oblache/352//#testresult/a97dd5435b7c6c78",
        "status" : "failed",
        "statusDetails" : "AssertionError: Result is not equal expected value",
        "time" : {
          "start" : 1742864799891,
          "stop" : 1742864800248,
          "duration" : 357
        }
      }, {
        "uid" : "e46e018caac9754d",
        "reportUrl" : "https://lambotik.github.io/Oblache/351//#testresult/e46e018caac9754d",
        "status" : "failed",
        "statusDetails" : "AssertionError: Result is not equal expected value",
        "time" : {
          "start" : 1742778503878,
          "stop" : 1742778504377,
          "duration" : 499
        }
      }, {
        "uid" : "ab5b54a209649116",
        "reportUrl" : "https://lambotik.github.io/Oblache/350//#testresult/ab5b54a209649116",
        "status" : "failed",
        "statusDetails" : "AssertionError: Result is not equal expected value",
        "time" : {
          "start" : 1742692249039,
          "stop" : 1742692249415,
          "duration" : 376
        }
      }, {
        "uid" : "61911c35dd451c3",
        "reportUrl" : "https://lambotik.github.io/Oblache/349//#testresult/61911c35dd451c3",
        "status" : "failed",
        "statusDetails" : "AssertionError: Result is not equal expected value",
        "time" : {
          "start" : 1742605485847,
          "stop" : 1742605486168,
          "duration" : 321
        }
      }, {
        "uid" : "525b85a185b9218",
        "reportUrl" : "https://lambotik.github.io/Oblache/348//#testresult/525b85a185b9218",
        "status" : "failed",
        "statusDetails" : "AssertionError: Result is not equal expected value",
        "time" : {
          "start" : 1742519186250,
          "stop" : 1742519186755,
          "duration" : 505
        }
      }, {
        "uid" : "88a024e5c49dc17b",
        "reportUrl" : "https://lambotik.github.io/Oblache/347//#testresult/88a024e5c49dc17b",
        "status" : "failed",
        "statusDetails" : "AssertionError: Result is not equal expected value",
        "time" : {
          "start" : 1742432689102,
          "stop" : 1742432689464,
          "duration" : 362
        }
      }, {
        "uid" : "51fbba50d1770d48",
        "reportUrl" : "https://lambotik.github.io/Oblache/346//#testresult/51fbba50d1770d48",
        "status" : "failed",
        "statusDetails" : "AssertionError: Result is not equal expected value",
        "time" : {
          "start" : 1742346376594,
          "stop" : 1742346376902,
          "duration" : 308
        }
      } ]
    },
    "tags" : [ ]
  },
  "source" : "72cbc84dfaff346b.json",
  "parameterValues" : [ ]
}