{
  "uid" : "4f945391a2711fb1",
  "name" : "POST db_create",
  "fullName" : "tests_api.test_bd.TestPOST#test_post_db_create",
  "historyId" : "0b53e71177b12ce964a75d76d7986dbc",
  "time" : {
    "start" : 1761616123697,
    "stop" : 1761616124427,
    "duration" : 730
  },
  "status" : "failed",
  "statusMessage" : "AssertionError: Incorrect status code: 403",
  "statusTrace" : "self = <tests_api.test_bd.TestPOST object at 0x7f6b935e8b30>\nget_token = ('a4332458-df70-4684-85e7-85b2afff33cc', {'email': 'test4@mail.com', 'password': 'testpassword'}, 'testpassword', '123456789', 'test4@mail.com')\n\n    @allure.title('POST db_create')\n    def test_post_db_create(self, get_token):\n        TestPOST.token, TestPOST.body = get_token[0], get_token[1]\n        response_login = API.post_login(body=TestPOST.body)\n        Checking.check_status_code(response_login, 200)\n        response = API.post_db_create(token=TestPOST.token)\n        print(response.text)\n>       Checking.check_status_code(response, 201)\n\ntests_api/test_bd.py:257: \n_ _ _ _ _ _ _ _ _ _ _ _ _ _ _ _ _ _ _ _ _ _ _ _ _ _ _ _ _ _ _ _ _ _ _ _ _ _ _ _ \n\nresult = <Response [403]>, status_code = 201\n\n    @staticmethod\n    def check_status_code(result: requests.models.Response, status_code: int):\n        \"\"\"\n        Method check status code\n        :param result: Response\n        :param status_code:\n        \"\"\"\n        with allure.step(f'Assert status code: {status_code} == Response status code: {result.status_code}'):\n>           assert status_code == result.status_code, f'Incorrect status code: {result.status_code}'\nE           AssertionError: Incorrect status code: 403\n\ntests_api/utils/checking.py:16: AssertionError",
  "flaky" : false,
  "newFailed" : false,
  "beforeStages" : [ {
    "name" : "get_token",
    "time" : {
      "start" : 1761616123341,
      "stop" : 1761616123696,
      "duration" : 355
    },
    "status" : "passed",
    "steps" : [ {
      "name" : "Assert status code: 200 == Response status code: 200",
      "time" : {
        "start" : 1761616123696,
        "stop" : 1761616123696,
        "duration" : 0
      },
      "status" : "passed",
      "steps" : [ ],
      "attachments" : [ ],
      "parameters" : [ ],
      "stepsCount" : 0,
      "attachmentsCount" : 0,
      "shouldDisplayMessage" : false,
      "hasContent" : false
    } ],
    "attachments" : [ ],
    "parameters" : [ ],
    "stepsCount" : 1,
    "attachmentsCount" : 0,
    "shouldDisplayMessage" : false,
    "hasContent" : true
  } ],
  "testStage" : {
    "status" : "failed",
    "statusMessage" : "AssertionError: Incorrect status code: 403",
    "statusTrace" : "self = <tests_api.test_bd.TestPOST object at 0x7f6b935e8b30>\nget_token = ('a4332458-df70-4684-85e7-85b2afff33cc', {'email': 'test4@mail.com', 'password': 'testpassword'}, 'testpassword', '123456789', 'test4@mail.com')\n\n    @allure.title('POST db_create')\n    def test_post_db_create(self, get_token):\n        TestPOST.token, TestPOST.body = get_token[0], get_token[1]\n        response_login = API.post_login(body=TestPOST.body)\n        Checking.check_status_code(response_login, 200)\n        response = API.post_db_create(token=TestPOST.token)\n        print(response.text)\n>       Checking.check_status_code(response, 201)\n\ntests_api/test_bd.py:257: \n_ _ _ _ _ _ _ _ _ _ _ _ _ _ _ _ _ _ _ _ _ _ _ _ _ _ _ _ _ _ _ _ _ _ _ _ _ _ _ _ \n\nresult = <Response [403]>, status_code = 201\n\n    @staticmethod\n    def check_status_code(result: requests.models.Response, status_code: int):\n        \"\"\"\n        Method check status code\n        :param result: Response\n        :param status_code:\n        \"\"\"\n        with allure.step(f'Assert status code: {status_code} == Response status code: {result.status_code}'):\n>           assert status_code == result.status_code, f'Incorrect status code: {result.status_code}'\nE           AssertionError: Incorrect status code: 403\n\ntests_api/utils/checking.py:16: AssertionError",
    "steps" : [ {
      "name" : "post_login",
      "time" : {
        "start" : 1761616123697,
        "stop" : 1761616124076,
        "duration" : 379
      },
      "status" : "passed",
      "steps" : [ {
        "name" : "Endpoint: /login",
        "time" : {
          "start" : 1761616124076,
          "stop" : 1761616124076,
          "duration" : 0
        },
        "status" : "passed",
        "steps" : [ ],
        "attachments" : [ ],
        "parameters" : [ ],
        "stepsCount" : 0,
        "attachmentsCount" : 0,
        "shouldDisplayMessage" : false,
        "hasContent" : false
      }, {
        "name" : "Request:",
        "time" : {
          "start" : 1761616124076,
          "stop" : 1761616124076,
          "duration" : 0
        },
        "status" : "passed",
        "steps" : [ {
          "name" : "Headers: {'Content-Type': 'application/json', 'Authorization': ''}",
          "time" : {
            "start" : 1761616124076,
            "stop" : 1761616124076,
            "duration" : 0
          },
          "status" : "passed",
          "steps" : [ ],
          "attachments" : [ ],
          "parameters" : [ ],
          "stepsCount" : 0,
          "attachmentsCount" : 0,
          "shouldDisplayMessage" : false,
          "hasContent" : false
        }, {
          "name" : "Body: {\"email\": email, \"password\": password}",
          "time" : {
            "start" : 1761616124076,
            "stop" : 1761616124076,
            "duration" : 0
          },
          "status" : "passed",
          "steps" : [ ],
          "attachments" : [ ],
          "parameters" : [ ],
          "stepsCount" : 0,
          "attachmentsCount" : 0,
          "shouldDisplayMessage" : false,
          "hasContent" : false
        } ],
        "attachments" : [ ],
        "parameters" : [ ],
        "stepsCount" : 2,
        "attachmentsCount" : 0,
        "shouldDisplayMessage" : false,
        "hasContent" : true
      }, {
        "name" : "Response:",
        "time" : {
          "start" : 1761616124076,
          "stop" : 1761616124076,
          "duration" : 0
        },
        "status" : "passed",
        "steps" : [ {
          "name" : "Status code: 200",
          "time" : {
            "start" : 1761616124076,
            "stop" : 1761616124076,
            "duration" : 0
          },
          "status" : "passed",
          "steps" : [ ],
          "attachments" : [ ],
          "parameters" : [ ],
          "stepsCount" : 0,
          "attachmentsCount" : 0,
          "shouldDisplayMessage" : false,
          "hasContent" : false
        }, {
          "name" : "JSON: {\n    \"token\": \"09c1d6e6-57a1-4a26-9801-487afbf7f3c1\",\n    \"msg\": \"msg[6]: login successful\"\n}\n",
          "time" : {
            "start" : 1761616124076,
            "stop" : 1761616124076,
            "duration" : 0
          },
          "status" : "passed",
          "steps" : [ ],
          "attachments" : [ ],
          "parameters" : [ ],
          "stepsCount" : 0,
          "attachmentsCount" : 0,
          "shouldDisplayMessage" : false,
          "hasContent" : false
        } ],
        "attachments" : [ ],
        "parameters" : [ ],
        "stepsCount" : 2,
        "attachmentsCount" : 0,
        "shouldDisplayMessage" : false,
        "hasContent" : true
      } ],
      "attachments" : [ ],
      "parameters" : [ ],
      "stepsCount" : 7,
      "attachmentsCount" : 0,
      "shouldDisplayMessage" : false,
      "hasContent" : true
    }, {
      "name" : "Assert status code: 200 == Response status code: 200",
      "time" : {
        "start" : 1761616124076,
        "stop" : 1761616124076,
        "duration" : 0
      },
      "status" : "passed",
      "steps" : [ ],
      "attachments" : [ ],
      "parameters" : [ ],
      "stepsCount" : 0,
      "attachmentsCount" : 0,
      "shouldDisplayMessage" : false,
      "hasContent" : false
    }, {
      "name" : "post_db_create",
      "time" : {
        "start" : 1761616124076,
        "stop" : 1761616124427,
        "duration" : 351
      },
      "status" : "passed",
      "steps" : [ {
        "name" : "Endpoint: /db_create",
        "time" : {
          "start" : 1761616124427,
          "stop" : 1761616124427,
          "duration" : 0
        },
        "status" : "passed",
        "steps" : [ ],
        "attachments" : [ ],
        "parameters" : [ ],
        "stepsCount" : 0,
        "attachmentsCount" : 0,
        "shouldDisplayMessage" : false,
        "hasContent" : false
      }, {
        "name" : "Request:",
        "time" : {
          "start" : 1761616124427,
          "stop" : 1761616124427,
          "duration" : 0
        },
        "status" : "passed",
        "steps" : [ {
          "name" : "Headers: {'Content-Type': 'application/json', 'Authorization': {'a4332458-df70-4684-85e7-85b2afff33cc'}}",
          "time" : {
            "start" : 1761616124427,
            "stop" : 1761616124427,
            "duration" : 0
          },
          "status" : "passed",
          "steps" : [ ],
          "attachments" : [ ],
          "parameters" : [ ],
          "stepsCount" : 0,
          "attachmentsCount" : 0,
          "shouldDisplayMessage" : false,
          "hasContent" : false
        }, {
          "name" : "Body: {\"dbtype\": 3, \"dbversion\": 5, \"env\": 3, \"region\": 3}",
          "time" : {
            "start" : 1761616124427,
            "stop" : 1761616124427,
            "duration" : 0
          },
          "status" : "passed",
          "steps" : [ ],
          "attachments" : [ ],
          "parameters" : [ ],
          "stepsCount" : 0,
          "attachmentsCount" : 0,
          "shouldDisplayMessage" : false,
          "hasContent" : false
        } ],
        "attachments" : [ ],
        "parameters" : [ ],
        "stepsCount" : 2,
        "attachmentsCount" : 0,
        "shouldDisplayMessage" : false,
        "hasContent" : true
      }, {
        "name" : "Response:",
        "time" : {
          "start" : 1761616124427,
          "stop" : 1761616124427,
          "duration" : 0
        },
        "status" : "passed",
        "steps" : [ {
          "name" : "Status code: 403",
          "time" : {
            "start" : 1761616124427,
            "stop" : 1761616124427,
            "duration" : 0
          },
          "status" : "passed",
          "steps" : [ ],
          "attachments" : [ ],
          "parameters" : [ ],
          "stepsCount" : 0,
          "attachmentsCount" : 0,
          "shouldDisplayMessage" : false,
          "hasContent" : false
        }, {
          "name" : "JSON: {\n    \"content\": \"you are not allowed to create new databases\"\n}\n",
          "time" : {
            "start" : 1761616124427,
            "stop" : 1761616124427,
            "duration" : 0
          },
          "status" : "passed",
          "steps" : [ ],
          "attachments" : [ ],
          "parameters" : [ ],
          "stepsCount" : 0,
          "attachmentsCount" : 0,
          "shouldDisplayMessage" : false,
          "hasContent" : false
        } ],
        "attachments" : [ ],
        "parameters" : [ ],
        "stepsCount" : 2,
        "attachmentsCount" : 0,
        "shouldDisplayMessage" : false,
        "hasContent" : true
      } ],
      "attachments" : [ ],
      "parameters" : [ ],
      "stepsCount" : 7,
      "attachmentsCount" : 0,
      "shouldDisplayMessage" : false,
      "hasContent" : true
    }, {
      "name" : "Assert status code: 201 == Response status code: 403",
      "time" : {
        "start" : 1761616124427,
        "stop" : 1761616124427,
        "duration" : 0
      },
      "status" : "failed",
      "statusMessage" : "AssertionError: Incorrect status code: 403\n",
      "statusTrace" : "  File \"/home/runner/work/Oblache/Oblache/tests_api/utils/checking.py\", line 16, in check_status_code\n    assert status_code == result.status_code, f'Incorrect status code: {result.status_code}'\n           ^^^^^^^^^^^^^^^^^^^^^^^^^^^^^^^^^\n",
      "steps" : [ ],
      "attachments" : [ ],
      "parameters" : [ ],
      "stepsCount" : 0,
      "attachmentsCount" : 0,
      "shouldDisplayMessage" : true,
      "hasContent" : true
    } ],
    "attachments" : [ ],
    "parameters" : [ ],
    "stepsCount" : 18,
    "attachmentsCount" : 0,
    "shouldDisplayMessage" : true,
    "hasContent" : true
  },
  "afterStages" : [ ],
  "labels" : [ {
    "name" : "suite",
    "value" : "POST"
  }, {
    "name" : "parentSuite",
    "value" : "tests_api"
  }, {
    "name" : "subSuite",
    "value" : "TestPOST"
  }, {
    "name" : "host",
    "value" : "runnervmwhb2z"
  }, {
    "name" : "thread",
    "value" : "2555-MainThread"
  }, {
    "name" : "framework",
    "value" : "pytest"
  }, {
    "name" : "language",
    "value" : "cpython3"
  }, {
    "name" : "package",
    "value" : "tests_api.test_bd"
  }, {
    "name" : "resultFormat",
    "value" : "allure2"
  } ],
  "parameters" : [ ],
  "links" : [ ],
  "hidden" : false,
  "retry" : false,
  "extra" : {
    "severity" : "normal",
    "retries" : [ ],
    "categories" : [ {
      "name" : "Product defects",
      "matchedStatuses" : [ ],
      "flaky" : false
    } ],
    "history" : {
      "statistic" : {
        "failed" : 261,
        "broken" : 36,
        "skipped" : 0,
        "passed" : 34,
        "unknown" : 0,
        "total" : 331
      },
      "items" : [ {
        "uid" : "e98d7f7871ce92f7",
        "reportUrl" : "https://lambotik.github.io/Oblache/545//#testresult/e98d7f7871ce92f7",
        "status" : "failed",
        "statusDetails" : "AssertionError: Incorrect status code: 403",
        "time" : {
          "start" : 1761530330627,
          "stop" : 1761530331358,
          "duration" : 731
        }
      }, {
        "uid" : "4c4feaf420952d37",
        "reportUrl" : "https://lambotik.github.io/Oblache/544//#testresult/4c4feaf420952d37",
        "status" : "failed",
        "statusDetails" : "AssertionError: Incorrect status code: 403",
        "time" : {
          "start" : 1761443700425,
          "stop" : 1761443701280,
          "duration" : 855
        }
      }, {
        "uid" : "8147b674a8c5b427",
        "reportUrl" : "https://lambotik.github.io/Oblache/543//#testresult/8147b674a8c5b427",
        "status" : "failed",
        "statusDetails" : "AssertionError: Incorrect status code: 403",
        "time" : {
          "start" : 1761356774431,
          "stop" : 1761356775426,
          "duration" : 995
        }
      }, {
        "uid" : "9953dbf05b18bc07",
        "reportUrl" : "https://lambotik.github.io/Oblache/542//#testresult/9953dbf05b18bc07",
        "status" : "failed",
        "statusDetails" : "AssertionError: Incorrect status code: 403",
        "time" : {
          "start" : 1761270274384,
          "stop" : 1761270275131,
          "duration" : 747
        }
      }, {
        "uid" : "fb1e5358c5c30233",
        "reportUrl" : "https://lambotik.github.io/Oblache/541//#testresult/fb1e5358c5c30233",
        "status" : "failed",
        "statusDetails" : "AssertionError: Incorrect status code: 403",
        "time" : {
          "start" : 1761184116510,
          "stop" : 1761184117233,
          "duration" : 723
        }
      }, {
        "uid" : "287db19e2c6d01c9",
        "reportUrl" : "https://lambotik.github.io/Oblache/540//#testresult/287db19e2c6d01c9",
        "status" : "broken",
        "statusDetails" : "requests.exceptions.JSONDecodeError: Expecting value: line 1 column 1 (char 0)",
        "time" : {
          "start" : 1761097985613,
          "stop" : 1761097985613,
          "duration" : 0
        }
      }, {
        "uid" : "34a93c32549e6854",
        "reportUrl" : "https://lambotik.github.io/Oblache/539//#testresult/34a93c32549e6854",
        "status" : "broken",
        "statusDetails" : "requests.exceptions.JSONDecodeError: Expecting value: line 1 column 1 (char 0)",
        "time" : {
          "start" : 1761011391098,
          "stop" : 1761011391098,
          "duration" : 0
        }
      }, {
        "uid" : "fe35c2c91d098234",
        "reportUrl" : "https://lambotik.github.io/Oblache/538//#testresult/fe35c2c91d098234",
        "status" : "failed",
        "statusDetails" : "AssertionError: Incorrect status code: 403",
        "time" : {
          "start" : 1760925339141,
          "stop" : 1760925339757,
          "duration" : 616
        }
      }, {
        "uid" : "db0701e6a635a8e5",
        "reportUrl" : "https://lambotik.github.io/Oblache/537//#testresult/db0701e6a635a8e5",
        "status" : "failed",
        "statusDetails" : "AssertionError: Incorrect status code: 403",
        "time" : {
          "start" : 1760839103166,
          "stop" : 1760839103791,
          "duration" : 625
        }
      }, {
        "uid" : "9e388d62f14c999f",
        "reportUrl" : "https://lambotik.github.io/Oblache/536//#testresult/9e388d62f14c999f",
        "status" : "failed",
        "statusDetails" : "AssertionError: Incorrect status code: 403",
        "time" : {
          "start" : 1760751716514,
          "stop" : 1760751717387,
          "duration" : 873
        }
      }, {
        "uid" : "ec125f6a84dbe21a",
        "reportUrl" : "https://lambotik.github.io/Oblache/535//#testresult/ec125f6a84dbe21a",
        "status" : "failed",
        "statusDetails" : "AssertionError: Incorrect status code: 403",
        "time" : {
          "start" : 1760665603936,
          "stop" : 1760665604803,
          "duration" : 867
        }
      }, {
        "uid" : "468e283e782d8b83",
        "reportUrl" : "https://lambotik.github.io/Oblache/534//#testresult/468e283e782d8b83",
        "status" : "failed",
        "statusDetails" : "AssertionError: Incorrect status code: 403",
        "time" : {
          "start" : 1760579263371,
          "stop" : 1760579264089,
          "duration" : 718
        }
      }, {
        "uid" : "664b362f0543c5c0",
        "reportUrl" : "https://lambotik.github.io/Oblache/533//#testresult/664b362f0543c5c0",
        "status" : "failed",
        "statusDetails" : "AssertionError: Incorrect status code: 403",
        "time" : {
          "start" : 1760492938706,
          "stop" : 1760492939695,
          "duration" : 989
        }
      }, {
        "uid" : "330c9bbaaf5b0aa",
        "reportUrl" : "https://lambotik.github.io/Oblache/532//#testresult/330c9bbaaf5b0aa",
        "status" : "failed",
        "statusDetails" : "AssertionError: Incorrect status code: 403",
        "time" : {
          "start" : 1760406374613,
          "stop" : 1760406375262,
          "duration" : 649
        }
      }, {
        "uid" : "1043c0a9a2aa1eff",
        "reportUrl" : "https://lambotik.github.io/Oblache/531//#testresult/1043c0a9a2aa1eff",
        "status" : "failed",
        "statusDetails" : "AssertionError: Incorrect status code: 403",
        "time" : {
          "start" : 1760320357889,
          "stop" : 1760320358514,
          "duration" : 625
        }
      }, {
        "uid" : "f4aab97f6d90780e",
        "reportUrl" : "https://lambotik.github.io/Oblache/530//#testresult/f4aab97f6d90780e",
        "status" : "failed",
        "statusDetails" : "AssertionError: Incorrect status code: 403",
        "time" : {
          "start" : 1760233758332,
          "stop" : 1760233759387,
          "duration" : 1055
        }
      }, {
        "uid" : "37f11a266e8d8fb",
        "reportUrl" : "https://lambotik.github.io/Oblache/529//#testresult/37f11a266e8d8fb",
        "status" : "failed",
        "statusDetails" : "AssertionError: Incorrect status code: 403",
        "time" : {
          "start" : 1760146876177,
          "stop" : 1760146876896,
          "duration" : 719
        }
      }, {
        "uid" : "9ca8aa25d8a8afa8",
        "reportUrl" : "https://lambotik.github.io/Oblache/528//#testresult/9ca8aa25d8a8afa8",
        "status" : "broken",
        "statusDetails" : "requests.exceptions.JSONDecodeError: Expecting value: line 1 column 1 (char 0)",
        "time" : {
          "start" : 1760060761660,
          "stop" : 1760060761660,
          "duration" : 0
        }
      }, {
        "uid" : "6b6975df93899663",
        "reportUrl" : "https://lambotik.github.io/Oblache/527//#testresult/6b6975df93899663",
        "status" : "broken",
        "statusDetails" : "requests.exceptions.JSONDecodeError: Expecting value: line 1 column 1 (char 0)",
        "time" : {
          "start" : 1759974303373,
          "stop" : 1759974303373,
          "duration" : 0
        }
      }, {
        "uid" : "b7740297d440e3dc",
        "reportUrl" : "https://lambotik.github.io/Oblache/526//#testresult/b7740297d440e3dc",
        "status" : "broken",
        "statusDetails" : "requests.exceptions.JSONDecodeError: Expecting value: line 1 column 1 (char 0)",
        "time" : {
          "start" : 1759887863374,
          "stop" : 1759887863374,
          "duration" : 0
        }
      } ]
    },
    "tags" : [ ]
  },
  "source" : "4f945391a2711fb1.json",
  "parameterValues" : [ ]
}