{
  "uid" : "ca09cb8dc271c31b",
  "name" : "POST db_create_with_wrong_env.",
  "fullName" : "tests_api.test_bd.TestPOST#test_post_db_create_with_wrong_values_env",
  "historyId" : "7ce8359f9c0963d82ed82d33290818c9",
  "time" : {
    "start" : 1761616125182,
    "stop" : 1761616125531,
    "duration" : 349
  },
  "status" : "failed",
  "statusMessage" : "AssertionError: Incorrect status code: 403",
  "statusTrace" : "self = <tests_api.test_bd.TestPOST object at 0x7f6b935e8e90>\n\n    @allure.title('POST db_create_with_wrong_env.')\n    def test_post_db_create_with_wrong_values_env(self):\n        response_db_list = API.post_db_create_wrong_value_env(token=TestPOST.token)\n>       Checking.check_status_code(response_db_list, 400)\n\ntests_api/test_bd.py:278: \n_ _ _ _ _ _ _ _ _ _ _ _ _ _ _ _ _ _ _ _ _ _ _ _ _ _ _ _ _ _ _ _ _ _ _ _ _ _ _ _ \n\nresult = <Response [403]>, status_code = 400\n\n    @staticmethod\n    def check_status_code(result: requests.models.Response, status_code: int):\n        \"\"\"\n        Method check status code\n        :param result: Response\n        :param status_code:\n        \"\"\"\n        with allure.step(f'Assert status code: {status_code} == Response status code: {result.status_code}'):\n>           assert status_code == result.status_code, f'Incorrect status code: {result.status_code}'\nE           AssertionError: Incorrect status code: 403\n\ntests_api/utils/checking.py:16: AssertionError",
  "flaky" : false,
  "newFailed" : false,
  "beforeStages" : [ ],
  "testStage" : {
    "status" : "failed",
    "statusMessage" : "AssertionError: Incorrect status code: 403",
    "statusTrace" : "self = <tests_api.test_bd.TestPOST object at 0x7f6b935e8e90>\n\n    @allure.title('POST db_create_with_wrong_env.')\n    def test_post_db_create_with_wrong_values_env(self):\n        response_db_list = API.post_db_create_wrong_value_env(token=TestPOST.token)\n>       Checking.check_status_code(response_db_list, 400)\n\ntests_api/test_bd.py:278: \n_ _ _ _ _ _ _ _ _ _ _ _ _ _ _ _ _ _ _ _ _ _ _ _ _ _ _ _ _ _ _ _ _ _ _ _ _ _ _ _ \n\nresult = <Response [403]>, status_code = 400\n\n    @staticmethod\n    def check_status_code(result: requests.models.Response, status_code: int):\n        \"\"\"\n        Method check status code\n        :param result: Response\n        :param status_code:\n        \"\"\"\n        with allure.step(f'Assert status code: {status_code} == Response status code: {result.status_code}'):\n>           assert status_code == result.status_code, f'Incorrect status code: {result.status_code}'\nE           AssertionError: Incorrect status code: 403\n\ntests_api/utils/checking.py:16: AssertionError",
    "steps" : [ {
      "name" : "post_db_create_wrong_value_env",
      "time" : {
        "start" : 1761616125182,
        "stop" : 1761616125531,
        "duration" : 349
      },
      "status" : "passed",
      "steps" : [ {
        "name" : "Endpoint: /db_create",
        "time" : {
          "start" : 1761616125531,
          "stop" : 1761616125531,
          "duration" : 0
        },
        "status" : "passed",
        "steps" : [ ],
        "attachments" : [ ],
        "parameters" : [ ],
        "stepsCount" : 0,
        "attachmentsCount" : 0,
        "shouldDisplayMessage" : false,
        "hasContent" : false
      }, {
        "name" : "Request:",
        "time" : {
          "start" : 1761616125531,
          "stop" : 1761616125531,
          "duration" : 0
        },
        "status" : "passed",
        "steps" : [ {
          "name" : "Headers: {'Content-Type': 'application/json', 'Authorization': {'a4332458-df70-4684-85e7-85b2afff33cc'}}",
          "time" : {
            "start" : 1761616125531,
            "stop" : 1761616125531,
            "duration" : 0
          },
          "status" : "passed",
          "steps" : [ ],
          "attachments" : [ ],
          "parameters" : [ ],
          "stepsCount" : 0,
          "attachmentsCount" : 0,
          "shouldDisplayMessage" : false,
          "hasContent" : false
        }, {
          "name" : "Body: {\"dbtype\": 3, \"dbversion\": 5, \"env\": 88, \"region\": 3}",
          "time" : {
            "start" : 1761616125531,
            "stop" : 1761616125531,
            "duration" : 0
          },
          "status" : "passed",
          "steps" : [ ],
          "attachments" : [ ],
          "parameters" : [ ],
          "stepsCount" : 0,
          "attachmentsCount" : 0,
          "shouldDisplayMessage" : false,
          "hasContent" : false
        } ],
        "attachments" : [ ],
        "parameters" : [ ],
        "stepsCount" : 2,
        "attachmentsCount" : 0,
        "shouldDisplayMessage" : false,
        "hasContent" : true
      }, {
        "name" : "Response:",
        "time" : {
          "start" : 1761616125531,
          "stop" : 1761616125531,
          "duration" : 0
        },
        "status" : "passed",
        "steps" : [ {
          "name" : "Status code: 403",
          "time" : {
            "start" : 1761616125531,
            "stop" : 1761616125531,
            "duration" : 0
          },
          "status" : "passed",
          "steps" : [ ],
          "attachments" : [ ],
          "parameters" : [ ],
          "stepsCount" : 0,
          "attachmentsCount" : 0,
          "shouldDisplayMessage" : false,
          "hasContent" : false
        }, {
          "name" : "JSON: {\n    \"content\": \"you are not allowed to create new databases\"\n}\n",
          "time" : {
            "start" : 1761616125531,
            "stop" : 1761616125531,
            "duration" : 0
          },
          "status" : "passed",
          "steps" : [ ],
          "attachments" : [ ],
          "parameters" : [ ],
          "stepsCount" : 0,
          "attachmentsCount" : 0,
          "shouldDisplayMessage" : false,
          "hasContent" : false
        } ],
        "attachments" : [ ],
        "parameters" : [ ],
        "stepsCount" : 2,
        "attachmentsCount" : 0,
        "shouldDisplayMessage" : false,
        "hasContent" : true
      } ],
      "attachments" : [ ],
      "parameters" : [ ],
      "stepsCount" : 7,
      "attachmentsCount" : 0,
      "shouldDisplayMessage" : false,
      "hasContent" : true
    }, {
      "name" : "Assert status code: 400 == Response status code: 403",
      "time" : {
        "start" : 1761616125531,
        "stop" : 1761616125531,
        "duration" : 0
      },
      "status" : "failed",
      "statusMessage" : "AssertionError: Incorrect status code: 403\n",
      "statusTrace" : "  File \"/home/runner/work/Oblache/Oblache/tests_api/utils/checking.py\", line 16, in check_status_code\n    assert status_code == result.status_code, f'Incorrect status code: {result.status_code}'\n           ^^^^^^^^^^^^^^^^^^^^^^^^^^^^^^^^^\n",
      "steps" : [ ],
      "attachments" : [ ],
      "parameters" : [ ],
      "stepsCount" : 0,
      "attachmentsCount" : 0,
      "shouldDisplayMessage" : true,
      "hasContent" : true
    } ],
    "attachments" : [ ],
    "parameters" : [ ],
    "stepsCount" : 9,
    "attachmentsCount" : 0,
    "shouldDisplayMessage" : true,
    "hasContent" : true
  },
  "afterStages" : [ ],
  "labels" : [ {
    "name" : "suite",
    "value" : "POST"
  }, {
    "name" : "parentSuite",
    "value" : "tests_api"
  }, {
    "name" : "subSuite",
    "value" : "TestPOST"
  }, {
    "name" : "host",
    "value" : "runnervmwhb2z"
  }, {
    "name" : "thread",
    "value" : "2555-MainThread"
  }, {
    "name" : "framework",
    "value" : "pytest"
  }, {
    "name" : "language",
    "value" : "cpython3"
  }, {
    "name" : "package",
    "value" : "tests_api.test_bd"
  }, {
    "name" : "resultFormat",
    "value" : "allure2"
  } ],
  "parameters" : [ ],
  "links" : [ ],
  "hidden" : false,
  "retry" : false,
  "extra" : {
    "severity" : "normal",
    "retries" : [ ],
    "categories" : [ {
      "name" : "Product defects",
      "matchedStatuses" : [ ],
      "flaky" : false
    } ],
    "history" : {
      "statistic" : {
        "failed" : 285,
        "broken" : 0,
        "skipped" : 0,
        "passed" : 46,
        "unknown" : 0,
        "total" : 331
      },
      "items" : [ {
        "uid" : "f096d3711241738a",
        "reportUrl" : "https://lambotik.github.io/Oblache/545//#testresult/f096d3711241738a",
        "status" : "failed",
        "statusDetails" : "AssertionError: Incorrect status code: 403",
        "time" : {
          "start" : 1761530332129,
          "stop" : 1761530332502,
          "duration" : 373
        }
      }, {
        "uid" : "94b3badd4acd2d37",
        "reportUrl" : "https://lambotik.github.io/Oblache/544//#testresult/94b3badd4acd2d37",
        "status" : "failed",
        "statusDetails" : "AssertionError: Incorrect status code: 403",
        "time" : {
          "start" : 1761443702177,
          "stop" : 1761443702602,
          "duration" : 425
        }
      }, {
        "uid" : "cd5bc9143b7596f8",
        "reportUrl" : "https://lambotik.github.io/Oblache/543//#testresult/cd5bc9143b7596f8",
        "status" : "failed",
        "statusDetails" : "AssertionError: Incorrect status code: 403",
        "time" : {
          "start" : 1761356776495,
          "stop" : 1761356777006,
          "duration" : 511
        }
      }, {
        "uid" : "9080372df6f54c5c",
        "reportUrl" : "https://lambotik.github.io/Oblache/542//#testresult/9080372df6f54c5c",
        "status" : "failed",
        "statusDetails" : "AssertionError: Incorrect status code: 403",
        "time" : {
          "start" : 1761270275933,
          "stop" : 1761270276302,
          "duration" : 369
        }
      }, {
        "uid" : "548e8a3163fc168",
        "reportUrl" : "https://lambotik.github.io/Oblache/541//#testresult/548e8a3163fc168",
        "status" : "failed",
        "statusDetails" : "AssertionError: Incorrect status code: 403",
        "time" : {
          "start" : 1761184118017,
          "stop" : 1761184118393,
          "duration" : 376
        }
      }, {
        "uid" : "9fce90adbe356550",
        "reportUrl" : "https://lambotik.github.io/Oblache/540//#testresult/9fce90adbe356550",
        "status" : "failed",
        "statusDetails" : "AssertionError: Incorrect status code: 502",
        "time" : {
          "start" : 1761097987586,
          "stop" : 1761097988040,
          "duration" : 454
        }
      }, {
        "uid" : "e7b20e22b5814fce",
        "reportUrl" : "https://lambotik.github.io/Oblache/539//#testresult/e7b20e22b5814fce",
        "status" : "failed",
        "statusDetails" : "AssertionError: Incorrect status code: 502",
        "time" : {
          "start" : 1761011392927,
          "stop" : 1761011393383,
          "duration" : 456
        }
      }, {
        "uid" : "88d546e6fe6f4ebb",
        "reportUrl" : "https://lambotik.github.io/Oblache/538//#testresult/88d546e6fe6f4ebb",
        "status" : "failed",
        "statusDetails" : "AssertionError: Incorrect status code: 403",
        "time" : {
          "start" : 1760925340525,
          "stop" : 1760925340833,
          "duration" : 308
        }
      }, {
        "uid" : "64ca9c4f55a41049",
        "reportUrl" : "https://lambotik.github.io/Oblache/537//#testresult/64ca9c4f55a41049",
        "status" : "failed",
        "statusDetails" : "AssertionError: Incorrect status code: 403",
        "time" : {
          "start" : 1760839104455,
          "stop" : 1760839104763,
          "duration" : 308
        }
      }, {
        "uid" : "284b8810f712102b",
        "reportUrl" : "https://lambotik.github.io/Oblache/536//#testresult/284b8810f712102b",
        "status" : "failed",
        "statusDetails" : "AssertionError: Incorrect status code: 403",
        "time" : {
          "start" : 1760751718278,
          "stop" : 1760751718707,
          "duration" : 429
        }
      }, {
        "uid" : "b5cf802deff87ea0",
        "reportUrl" : "https://lambotik.github.io/Oblache/535//#testresult/b5cf802deff87ea0",
        "status" : "failed",
        "statusDetails" : "AssertionError: Incorrect status code: 403",
        "time" : {
          "start" : 1760665605722,
          "stop" : 1760665606168,
          "duration" : 446
        }
      }, {
        "uid" : "1d695a8c556d8e02",
        "reportUrl" : "https://lambotik.github.io/Oblache/534//#testresult/1d695a8c556d8e02",
        "status" : "failed",
        "statusDetails" : "AssertionError: Incorrect status code: 403",
        "time" : {
          "start" : 1760579264852,
          "stop" : 1760579265222,
          "duration" : 370
        }
      }, {
        "uid" : "ff8a50702ee03997",
        "reportUrl" : "https://lambotik.github.io/Oblache/533//#testresult/ff8a50702ee03997",
        "status" : "failed",
        "statusDetails" : "AssertionError: Incorrect status code: 403",
        "time" : {
          "start" : 1760492940699,
          "stop" : 1760492941191,
          "duration" : 492
        }
      }, {
        "uid" : "a8fe9d232ff15c14",
        "reportUrl" : "https://lambotik.github.io/Oblache/532//#testresult/a8fe9d232ff15c14",
        "status" : "failed",
        "statusDetails" : "AssertionError: Incorrect status code: 403",
        "time" : {
          "start" : 1760406375959,
          "stop" : 1760406376269,
          "duration" : 310
        }
      }, {
        "uid" : "b59936e03d82e206",
        "reportUrl" : "https://lambotik.github.io/Oblache/531//#testresult/b59936e03d82e206",
        "status" : "failed",
        "statusDetails" : "AssertionError: Incorrect status code: 403",
        "time" : {
          "start" : 1760320359172,
          "stop" : 1760320359477,
          "duration" : 305
        }
      }, {
        "uid" : "20cbaca759f017f0",
        "reportUrl" : "https://lambotik.github.io/Oblache/530//#testresult/20cbaca759f017f0",
        "status" : "failed",
        "statusDetails" : "AssertionError: Incorrect status code: 403",
        "time" : {
          "start" : 1760233760580,
          "stop" : 1760233761063,
          "duration" : 483
        }
      }, {
        "uid" : "5476113498217c5a",
        "reportUrl" : "https://lambotik.github.io/Oblache/529//#testresult/5476113498217c5a",
        "status" : "failed",
        "statusDetails" : "AssertionError: Incorrect status code: 403",
        "time" : {
          "start" : 1760146877683,
          "stop" : 1760146878051,
          "duration" : 368
        }
      }, {
        "uid" : "365cd86fbc91181e",
        "reportUrl" : "https://lambotik.github.io/Oblache/528//#testresult/365cd86fbc91181e",
        "status" : "failed",
        "statusDetails" : "AssertionError: Incorrect status code: 502",
        "time" : {
          "start" : 1760060763052,
          "stop" : 1760060763396,
          "duration" : 344
        }
      }, {
        "uid" : "aeaaf60c9be0fb70",
        "reportUrl" : "https://lambotik.github.io/Oblache/527//#testresult/aeaaf60c9be0fb70",
        "status" : "failed",
        "statusDetails" : "AssertionError: Incorrect status code: 502",
        "time" : {
          "start" : 1759974304546,
          "stop" : 1759974304836,
          "duration" : 290
        }
      }, {
        "uid" : "8c21b873cd24d920",
        "reportUrl" : "https://lambotik.github.io/Oblache/526//#testresult/8c21b873cd24d920",
        "status" : "failed",
        "statusDetails" : "AssertionError: Incorrect status code: 502",
        "time" : {
          "start" : 1759887864772,
          "stop" : 1759887865098,
          "duration" : 326
        }
      } ]
    },
    "tags" : [ ]
  },
  "source" : "ca09cb8dc271c31b.json",
  "parameterValues" : [ ]
}