{
  "uid" : "63f82417544e6225",
  "name" : "POST db_create_with_wrong_db_type.",
  "fullName" : "tests_api.test_bd.TestPOST#test_post_db_create_with_wrong_values_dbtype",
  "historyId" : "ae63095b2fe55ca99f871a9193b615b5",
  "time" : {
    "start" : 1757641313355,
    "stop" : 1757641313664,
    "duration" : 309
  },
  "status" : "failed",
  "statusMessage" : "AssertionError: error: DB version isn't found or isn't available for order is not presence",
  "statusTrace" : "self = <tests_api.test_bd.TestPOST object at 0x7fbce85d8380>\n\n    @allure.title('POST db_create_with_wrong_db_type.')\n    def test_post_db_create_with_wrong_values_dbtype(self):\n        response_db_list = API.post_db_create_wrong_value_db_type(token=TestPOST.token)\n        Checking.check_status_code(response_db_list, 400)\n>       Checking.check_json_search_word_in_value(\n            response_db_list, \"content\",\n            \"error: DB type isn't found or isn't available for order\")\n\ntests_api/test_bd.py:263: \n_ _ _ _ _ _ _ _ _ _ _ _ _ _ _ _ _ _ _ _ _ _ _ _ _ _ _ _ _ _ _ _ _ _ _ _ _ _ _ _ \n\nresponse = <Response [400]>, key = 'content'\nsearch_word = \"error: DB type isn't found or isn't available for order\"\n\n    @staticmethod\n    def check_json_search_word_in_value(response, key, search_word):\n        \"\"\"\n        Checks if the required string is in the response JSON by key\n        :param response: requests.models.Response\n        :param key: str()\n        :param search_word: str()\n        :return: answer\n        \"\"\"\n        check = response.json()\n        check_info = check.get(key)\n        with allure.step(\n                f'Check and compare result request with expected value by key:'\n                f'\\nResponse: {response}\\nKey: {key}\\nValue: {search_word}'):\n>           assert search_word in check_info, f'{check_info} is not presence'\nE           AssertionError: error: DB version isn't found or isn't available for order is not presence\n\ntests_api/utils/checking.py:74: AssertionError",
  "flaky" : true,
  "newFailed" : true,
  "beforeStages" : [ ],
  "testStage" : {
    "status" : "failed",
    "statusMessage" : "AssertionError: error: DB version isn't found or isn't available for order is not presence",
    "statusTrace" : "self = <tests_api.test_bd.TestPOST object at 0x7fbce85d8380>\n\n    @allure.title('POST db_create_with_wrong_db_type.')\n    def test_post_db_create_with_wrong_values_dbtype(self):\n        response_db_list = API.post_db_create_wrong_value_db_type(token=TestPOST.token)\n        Checking.check_status_code(response_db_list, 400)\n>       Checking.check_json_search_word_in_value(\n            response_db_list, \"content\",\n            \"error: DB type isn't found or isn't available for order\")\n\ntests_api/test_bd.py:263: \n_ _ _ _ _ _ _ _ _ _ _ _ _ _ _ _ _ _ _ _ _ _ _ _ _ _ _ _ _ _ _ _ _ _ _ _ _ _ _ _ \n\nresponse = <Response [400]>, key = 'content'\nsearch_word = \"error: DB type isn't found or isn't available for order\"\n\n    @staticmethod\n    def check_json_search_word_in_value(response, key, search_word):\n        \"\"\"\n        Checks if the required string is in the response JSON by key\n        :param response: requests.models.Response\n        :param key: str()\n        :param search_word: str()\n        :return: answer\n        \"\"\"\n        check = response.json()\n        check_info = check.get(key)\n        with allure.step(\n                f'Check and compare result request with expected value by key:'\n                f'\\nResponse: {response}\\nKey: {key}\\nValue: {search_word}'):\n>           assert search_word in check_info, f'{check_info} is not presence'\nE           AssertionError: error: DB version isn't found or isn't available for order is not presence\n\ntests_api/utils/checking.py:74: AssertionError",
    "steps" : [ {
      "name" : "post_db_create_wrong_value_db_type",
      "time" : {
        "start" : 1757641313355,
        "stop" : 1757641313663,
        "duration" : 308
      },
      "status" : "passed",
      "steps" : [ {
        "name" : "Endpoint: /db_create",
        "time" : {
          "start" : 1757641313663,
          "stop" : 1757641313663,
          "duration" : 0
        },
        "status" : "passed",
        "steps" : [ ],
        "attachments" : [ ],
        "parameters" : [ ],
        "stepsCount" : 0,
        "attachmentsCount" : 0,
        "shouldDisplayMessage" : false,
        "hasContent" : false
      }, {
        "name" : "Request:",
        "time" : {
          "start" : 1757641313663,
          "stop" : 1757641313663,
          "duration" : 0
        },
        "status" : "passed",
        "steps" : [ {
          "name" : "Headers: {'Content-Type': 'application/json', 'Authorization': {'dc8d9047-88e6-44e8-b357-50a1bb01570f'}}",
          "time" : {
            "start" : 1757641313663,
            "stop" : 1757641313663,
            "duration" : 0
          },
          "status" : "passed",
          "steps" : [ ],
          "attachments" : [ ],
          "parameters" : [ ],
          "stepsCount" : 0,
          "attachmentsCount" : 0,
          "shouldDisplayMessage" : false,
          "hasContent" : false
        }, {
          "name" : "Body: {\"dbtype\": f'5', \"dbversion\": 5, \"env\": 3, \"region\": 3}",
          "time" : {
            "start" : 1757641313663,
            "stop" : 1757641313663,
            "duration" : 0
          },
          "status" : "passed",
          "steps" : [ ],
          "attachments" : [ ],
          "parameters" : [ ],
          "stepsCount" : 0,
          "attachmentsCount" : 0,
          "shouldDisplayMessage" : false,
          "hasContent" : false
        } ],
        "attachments" : [ ],
        "parameters" : [ ],
        "stepsCount" : 2,
        "attachmentsCount" : 0,
        "shouldDisplayMessage" : false,
        "hasContent" : true
      }, {
        "name" : "Response:",
        "time" : {
          "start" : 1757641313663,
          "stop" : 1757641313663,
          "duration" : 0
        },
        "status" : "passed",
        "steps" : [ {
          "name" : "Status code: 400",
          "time" : {
            "start" : 1757641313663,
            "stop" : 1757641313663,
            "duration" : 0
          },
          "status" : "passed",
          "steps" : [ ],
          "attachments" : [ ],
          "parameters" : [ ],
          "stepsCount" : 0,
          "attachmentsCount" : 0,
          "shouldDisplayMessage" : false,
          "hasContent" : false
        }, {
          "name" : "JSON: {\n    \"content\": \"error: DB version isn't found or isn't available for order\"\n}\n",
          "time" : {
            "start" : 1757641313663,
            "stop" : 1757641313663,
            "duration" : 0
          },
          "status" : "passed",
          "steps" : [ ],
          "attachments" : [ ],
          "parameters" : [ ],
          "stepsCount" : 0,
          "attachmentsCount" : 0,
          "shouldDisplayMessage" : false,
          "hasContent" : false
        } ],
        "attachments" : [ ],
        "parameters" : [ ],
        "stepsCount" : 2,
        "attachmentsCount" : 0,
        "shouldDisplayMessage" : false,
        "hasContent" : true
      } ],
      "attachments" : [ ],
      "parameters" : [ ],
      "stepsCount" : 7,
      "attachmentsCount" : 0,
      "shouldDisplayMessage" : false,
      "hasContent" : true
    }, {
      "name" : "Assert status code: 400 == Response status code: 400",
      "time" : {
        "start" : 1757641313663,
        "stop" : 1757641313663,
        "duration" : 0
      },
      "status" : "passed",
      "steps" : [ ],
      "attachments" : [ ],
      "parameters" : [ ],
      "stepsCount" : 0,
      "attachmentsCount" : 0,
      "shouldDisplayMessage" : false,
      "hasContent" : false
    }, {
      "name" : "Check and compare result request with expected value by key:\nResponse: <Response [400]>\nKey: content\nValue: error: DB type isn't found or isn't available for order",
      "time" : {
        "start" : 1757641313663,
        "stop" : 1757641313663,
        "duration" : 0
      },
      "status" : "failed",
      "statusMessage" : "AssertionError: error: DB version isn't found or isn't available for order is not presence\n",
      "statusTrace" : "  File \"/home/runner/work/Oblache/Oblache/tests_api/utils/checking.py\", line 74, in check_json_search_word_in_value\n    assert search_word in check_info, f'{check_info} is not presence'\n           ^^^^^^^^^^^^^^^^^^^^^^^^^\n",
      "steps" : [ ],
      "attachments" : [ ],
      "parameters" : [ ],
      "stepsCount" : 0,
      "attachmentsCount" : 0,
      "shouldDisplayMessage" : true,
      "hasContent" : true
    } ],
    "attachments" : [ ],
    "parameters" : [ ],
    "stepsCount" : 10,
    "attachmentsCount" : 0,
    "shouldDisplayMessage" : true,
    "hasContent" : true
  },
  "afterStages" : [ ],
  "labels" : [ {
    "name" : "suite",
    "value" : "POST"
  }, {
    "name" : "parentSuite",
    "value" : "tests_api"
  }, {
    "name" : "subSuite",
    "value" : "TestPOST"
  }, {
    "name" : "host",
    "value" : "runnervmf4ws1"
  }, {
    "name" : "thread",
    "value" : "2697-MainThread"
  }, {
    "name" : "framework",
    "value" : "pytest"
  }, {
    "name" : "language",
    "value" : "cpython3"
  }, {
    "name" : "package",
    "value" : "tests_api.test_bd"
  }, {
    "name" : "resultFormat",
    "value" : "allure2"
  } ],
  "parameters" : [ ],
  "links" : [ ],
  "hidden" : false,
  "retry" : false,
  "extra" : {
    "severity" : "normal",
    "retries" : [ ],
    "categories" : [ {
      "name" : "Product defects",
      "matchedStatuses" : [ ],
      "flaky" : false
    } ],
    "history" : {
      "statistic" : {
        "failed" : 258,
        "broken" : 0,
        "skipped" : 0,
        "passed" : 27,
        "unknown" : 0,
        "total" : 285
      },
      "items" : [ {
        "uid" : "f72de116dec5ef13",
        "reportUrl" : "https://lambotik.github.io/Oblache/499//#testresult/f72de116dec5ef13",
        "status" : "passed",
        "time" : {
          "start" : 1757555181931,
          "stop" : 1757555182253,
          "duration" : 322
        }
      }, {
        "uid" : "b8b17181eb103ae0",
        "reportUrl" : "https://lambotik.github.io/Oblache/498//#testresult/b8b17181eb103ae0",
        "status" : "passed",
        "time" : {
          "start" : 1757468619191,
          "stop" : 1757468619640,
          "duration" : 449
        }
      }, {
        "uid" : "accdeedb0531d314",
        "reportUrl" : "https://lambotik.github.io/Oblache/497//#testresult/accdeedb0531d314",
        "status" : "failed",
        "statusDetails" : "AssertionError: Incorrect status code: 502",
        "time" : {
          "start" : 1757382414991,
          "stop" : 1757382415284,
          "duration" : 293
        }
      }, {
        "uid" : "f19ccf143cd2abdb",
        "reportUrl" : "https://lambotik.github.io/Oblache/496//#testresult/f19ccf143cd2abdb",
        "status" : "failed",
        "statusDetails" : "AssertionError: Incorrect status code: 502",
        "time" : {
          "start" : 1757296247527,
          "stop" : 1757296247966,
          "duration" : 439
        }
      }, {
        "uid" : "3c9a14a6ba8c9463",
        "reportUrl" : "https://lambotik.github.io/Oblache/495//#testresult/3c9a14a6ba8c9463",
        "status" : "passed",
        "time" : {
          "start" : 1757209843886,
          "stop" : 1757209844243,
          "duration" : 357
        }
      }, {
        "uid" : "d0c4608cf5442777",
        "reportUrl" : "https://lambotik.github.io/Oblache/494//#testresult/d0c4608cf5442777",
        "status" : "passed",
        "time" : {
          "start" : 1757122924524,
          "stop" : 1757122924834,
          "duration" : 310
        }
      }, {
        "uid" : "c57977468769b0de",
        "reportUrl" : "https://lambotik.github.io/Oblache/493//#testresult/c57977468769b0de",
        "status" : "passed",
        "time" : {
          "start" : 1757036727709,
          "stop" : 1757036728229,
          "duration" : 520
        }
      }, {
        "uid" : "9ab657cffd90b961",
        "reportUrl" : "https://lambotik.github.io/Oblache/492//#testresult/9ab657cffd90b961",
        "status" : "passed",
        "time" : {
          "start" : 1756950183139,
          "stop" : 1756950183625,
          "duration" : 486
        }
      }, {
        "uid" : "1123222840b9b27c",
        "reportUrl" : "https://lambotik.github.io/Oblache/491//#testresult/1123222840b9b27c",
        "status" : "passed",
        "time" : {
          "start" : 1756863758250,
          "stop" : 1756863758615,
          "duration" : 365
        }
      }, {
        "uid" : "399b9321f1780871",
        "reportUrl" : "https://lambotik.github.io/Oblache/490//#testresult/399b9321f1780871",
        "status" : "passed",
        "time" : {
          "start" : 1756777764456,
          "stop" : 1756777764762,
          "duration" : 306
        }
      }, {
        "uid" : "8f48ab3c1682bd11",
        "reportUrl" : "https://lambotik.github.io/Oblache/489//#testresult/8f48ab3c1682bd11",
        "status" : "passed",
        "time" : {
          "start" : 1756692199907,
          "stop" : 1756692200371,
          "duration" : 464
        }
      }, {
        "uid" : "b0120817e725c224",
        "reportUrl" : "https://lambotik.github.io/Oblache/488//#testresult/b0120817e725c224",
        "status" : "passed",
        "time" : {
          "start" : 1756605188695,
          "stop" : 1756605189187,
          "duration" : 492
        }
      }, {
        "uid" : "1d5d976466691b57",
        "reportUrl" : "https://lambotik.github.io/Oblache/487//#testresult/1d5d976466691b57",
        "status" : "failed",
        "statusDetails" : "AssertionError: Incorrect status code: 502",
        "time" : {
          "start" : 1756518153193,
          "stop" : 1756518153531,
          "duration" : 338
        }
      }, {
        "uid" : "91ebe6d16970fee2",
        "reportUrl" : "https://lambotik.github.io/Oblache/486//#testresult/91ebe6d16970fee2",
        "status" : "passed",
        "time" : {
          "start" : 1756432062573,
          "stop" : 1756432062940,
          "duration" : 367
        }
      }, {
        "uid" : "184b27f091badabe",
        "reportUrl" : "https://lambotik.github.io/Oblache/485//#testresult/184b27f091badabe",
        "status" : "passed",
        "time" : {
          "start" : 1756345672482,
          "stop" : 1756345672965,
          "duration" : 483
        }
      }, {
        "uid" : "5cb4a6887a01bc36",
        "reportUrl" : "https://lambotik.github.io/Oblache/484//#testresult/5cb4a6887a01bc36",
        "status" : "passed",
        "time" : {
          "start" : 1756259317604,
          "stop" : 1756259317928,
          "duration" : 324
        }
      }, {
        "uid" : "106a1401d4d1a971",
        "reportUrl" : "https://lambotik.github.io/Oblache/483//#testresult/106a1401d4d1a971",
        "status" : "passed",
        "time" : {
          "start" : 1756173135646,
          "stop" : 1756173136131,
          "duration" : 485
        }
      }, {
        "uid" : "25b2615086552b6a",
        "reportUrl" : "https://lambotik.github.io/Oblache/482//#testresult/25b2615086552b6a",
        "status" : "passed",
        "time" : {
          "start" : 1756086957686,
          "stop" : 1756086958053,
          "duration" : 367
        }
      }, {
        "uid" : "be8fc2066424e9ff",
        "reportUrl" : "https://lambotik.github.io/Oblache/481//#testresult/be8fc2066424e9ff",
        "status" : "passed",
        "time" : {
          "start" : 1756000919793,
          "stop" : 1756000920282,
          "duration" : 489
        }
      }, {
        "uid" : "f0c864757408f65d",
        "reportUrl" : "https://lambotik.github.io/Oblache/480//#testresult/f0c864757408f65d",
        "status" : "passed",
        "time" : {
          "start" : 1755913626000,
          "stop" : 1755913626306,
          "duration" : 306
        }
      } ]
    },
    "tags" : [ ]
  },
  "source" : "63f82417544e6225.json",
  "parameterValues" : [ ]
}