{
  "uid" : "d9588520b894b29b",
  "name" : "POST checking ports_len negative symbols",
  "fullName" : "tests_api.test_bd.TestPOST#test_post_checking_ports_len_negative_symbols",
  "historyId" : "381cac88cc6f55198cae5b20cb94989e",
  "time" : {
    "start" : 1743642419139,
    "stop" : 1743642419516,
    "duration" : 377
  },
  "status" : "failed",
  "statusMessage" : "AssertionError: Result is not equal expected value",
  "statusTrace" : "self = <tests_api.test_bd.TestPOST object at 0x7f3489c1c1a0>\n\n    @allure.title('POST checking ports_len negative symbols')\n    def test_post_checking_ports_len_negative_symbols(self):\n        result = API.post_create_docker_container_checking_ports(\n            token=TestPOST.token,\n            port_len=\"qwert\")\n        Checking.check_status_code(result, 400)\n>       Checking.check_json_value(result, 'msg', \"msg[]: ports range isn't accepted\")\n\ntests_api/test_bd.py:399: \n_ _ _ _ _ _ _ _ _ _ _ _ _ _ _ _ _ _ _ _ _ _ _ _ _ _ _ _ _ _ _ _ _ _ _ _ _ _ _ _ \n\nresponse = <Response [400]>, field_name = 'msg'\nexpected_value = \"msg[]: ports range isn't accepted\"\n\n    @staticmethod\n    def check_json_value(response: requests.models.Response, field_name: str, expected_value):\n        \"\"\"\n        :param response: requests.models.Response\n        :param field_name:\n        :param expected_value:\n        \"\"\"\n        check = response.json()\n        check_info = check.get(field_name)\n        with allure.step(\n                f'Compare result request with expected value:'\n                f'\\nResponse: {response}\\nField name: {field_name}\\nValue: {expected_value}'):\n>           assert check_info == expected_value, 'Result is not equal expected value'\nE           AssertionError: Result is not equal expected value\n\ntests_api/utils/checking.py:57: AssertionError",
  "flaky" : false,
  "newFailed" : false,
  "beforeStages" : [ ],
  "testStage" : {
    "status" : "failed",
    "statusMessage" : "AssertionError: Result is not equal expected value",
    "statusTrace" : "self = <tests_api.test_bd.TestPOST object at 0x7f3489c1c1a0>\n\n    @allure.title('POST checking ports_len negative symbols')\n    def test_post_checking_ports_len_negative_symbols(self):\n        result = API.post_create_docker_container_checking_ports(\n            token=TestPOST.token,\n            port_len=\"qwert\")\n        Checking.check_status_code(result, 400)\n>       Checking.check_json_value(result, 'msg', \"msg[]: ports range isn't accepted\")\n\ntests_api/test_bd.py:399: \n_ _ _ _ _ _ _ _ _ _ _ _ _ _ _ _ _ _ _ _ _ _ _ _ _ _ _ _ _ _ _ _ _ _ _ _ _ _ _ _ \n\nresponse = <Response [400]>, field_name = 'msg'\nexpected_value = \"msg[]: ports range isn't accepted\"\n\n    @staticmethod\n    def check_json_value(response: requests.models.Response, field_name: str, expected_value):\n        \"\"\"\n        :param response: requests.models.Response\n        :param field_name:\n        :param expected_value:\n        \"\"\"\n        check = response.json()\n        check_info = check.get(field_name)\n        with allure.step(\n                f'Compare result request with expected value:'\n                f'\\nResponse: {response}\\nField name: {field_name}\\nValue: {expected_value}'):\n>           assert check_info == expected_value, 'Result is not equal expected value'\nE           AssertionError: Result is not equal expected value\n\ntests_api/utils/checking.py:57: AssertionError",
    "steps" : [ {
      "name" : "post_create_docker_container",
      "time" : {
        "start" : 1743642419139,
        "stop" : 1743642419516,
        "duration" : 377
      },
      "status" : "passed",
      "steps" : [ {
        "name" : "Endpoint: /container_create",
        "time" : {
          "start" : 1743642419515,
          "stop" : 1743642419516,
          "duration" : 1
        },
        "status" : "passed",
        "steps" : [ ],
        "attachments" : [ ],
        "parameters" : [ ],
        "stepsCount" : 0,
        "attachmentsCount" : 0,
        "shouldDisplayMessage" : false,
        "hasContent" : false
      }, {
        "name" : "Request:",
        "time" : {
          "start" : 1743642419516,
          "stop" : 1743642419516,
          "duration" : 0
        },
        "status" : "passed",
        "steps" : [ {
          "name" : "Headers: {'Content-Type': 'application/json', 'Authorization': 'b9d52473-0634-4c3c-95d4-e4613fd805d1'}",
          "time" : {
            "start" : 1743642419516,
            "stop" : 1743642419516,
            "duration" : 0
          },
          "status" : "passed",
          "steps" : [ ],
          "attachments" : [ ],
          "parameters" : [ ],
          "stepsCount" : 0,
          "attachmentsCount" : 0,
          "shouldDisplayMessage" : false,
          "hasContent" : false
        }, {
          "name" : "Body: {\"docker_image\": \"nginx\", \"int_ports\": f\"qwert\", \"env\": 3, \"region\": 3}",
          "time" : {
            "start" : 1743642419516,
            "stop" : 1743642419516,
            "duration" : 0
          },
          "status" : "passed",
          "steps" : [ ],
          "attachments" : [ ],
          "parameters" : [ ],
          "stepsCount" : 0,
          "attachmentsCount" : 0,
          "shouldDisplayMessage" : false,
          "hasContent" : false
        } ],
        "attachments" : [ ],
        "parameters" : [ ],
        "stepsCount" : 2,
        "attachmentsCount" : 0,
        "shouldDisplayMessage" : false,
        "hasContent" : true
      }, {
        "name" : "Response:",
        "time" : {
          "start" : 1743642419516,
          "stop" : 1743642419516,
          "duration" : 0
        },
        "status" : "passed",
        "steps" : [ {
          "name" : "Status code: 400",
          "time" : {
            "start" : 1743642419516,
            "stop" : 1743642419516,
            "duration" : 0
          },
          "status" : "passed",
          "steps" : [ ],
          "attachments" : [ ],
          "parameters" : [ ],
          "stepsCount" : 0,
          "attachmentsCount" : 0,
          "shouldDisplayMessage" : false,
          "hasContent" : false
        }, {
          "name" : "JSON: {\n    \"msg_code\": -1,\n    \"msg\": \"endpoint is disabled\"\n}\n",
          "time" : {
            "start" : 1743642419516,
            "stop" : 1743642419516,
            "duration" : 0
          },
          "status" : "passed",
          "steps" : [ ],
          "attachments" : [ ],
          "parameters" : [ ],
          "stepsCount" : 0,
          "attachmentsCount" : 0,
          "shouldDisplayMessage" : false,
          "hasContent" : false
        } ],
        "attachments" : [ ],
        "parameters" : [ ],
        "stepsCount" : 2,
        "attachmentsCount" : 0,
        "shouldDisplayMessage" : false,
        "hasContent" : true
      } ],
      "attachments" : [ ],
      "parameters" : [ ],
      "stepsCount" : 7,
      "attachmentsCount" : 0,
      "shouldDisplayMessage" : false,
      "hasContent" : true
    }, {
      "name" : "Assert status code: 400 == Response status code: 400",
      "time" : {
        "start" : 1743642419516,
        "stop" : 1743642419516,
        "duration" : 0
      },
      "status" : "passed",
      "steps" : [ ],
      "attachments" : [ ],
      "parameters" : [ ],
      "stepsCount" : 0,
      "attachmentsCount" : 0,
      "shouldDisplayMessage" : false,
      "hasContent" : false
    }, {
      "name" : "Compare result request with expected value:\nResponse: <Response [400]>\nField name: msg\nValue: msg[]: ports range isn't accepted",
      "time" : {
        "start" : 1743642419516,
        "stop" : 1743642419516,
        "duration" : 0
      },
      "status" : "failed",
      "statusMessage" : "AssertionError: Result is not equal expected value\n",
      "statusTrace" : "  File \"/home/runner/work/Oblache/Oblache/tests_api/utils/checking.py\", line 57, in check_json_value\n    assert check_info == expected_value, 'Result is not equal expected value'\n           ^^^^^^^^^^^^^^^^^^^^^^^^^^^^\n",
      "steps" : [ ],
      "attachments" : [ ],
      "parameters" : [ ],
      "stepsCount" : 0,
      "attachmentsCount" : 0,
      "shouldDisplayMessage" : true,
      "hasContent" : true
    } ],
    "attachments" : [ ],
    "parameters" : [ ],
    "stepsCount" : 10,
    "attachmentsCount" : 0,
    "shouldDisplayMessage" : true,
    "hasContent" : true
  },
  "afterStages" : [ ],
  "labels" : [ {
    "name" : "suite",
    "value" : "POST"
  }, {
    "name" : "parentSuite",
    "value" : "tests_api"
  }, {
    "name" : "subSuite",
    "value" : "TestPOST"
  }, {
    "name" : "host",
    "value" : "fv-az1691-818"
  }, {
    "name" : "thread",
    "value" : "2458-MainThread"
  }, {
    "name" : "framework",
    "value" : "pytest"
  }, {
    "name" : "language",
    "value" : "cpython3"
  }, {
    "name" : "package",
    "value" : "tests_api.test_bd"
  }, {
    "name" : "resultFormat",
    "value" : "allure2"
  } ],
  "parameters" : [ ],
  "links" : [ ],
  "hidden" : false,
  "retry" : false,
  "extra" : {
    "severity" : "normal",
    "retries" : [ ],
    "categories" : [ {
      "name" : "Product defects",
      "matchedStatuses" : [ ],
      "flaky" : false
    } ],
    "history" : {
      "statistic" : {
        "failed" : 113,
        "broken" : 0,
        "skipped" : 0,
        "passed" : 36,
        "unknown" : 0,
        "total" : 149
      },
      "items" : [ {
        "uid" : "f847500d7358be63",
        "reportUrl" : "https://lambotik.github.io/Oblache/360//#testresult/f847500d7358be63",
        "status" : "failed",
        "statusDetails" : "AssertionError: Result is not equal expected value",
        "time" : {
          "start" : 1743556075724,
          "stop" : 1743556076102,
          "duration" : 378
        }
      }, {
        "uid" : "57a74f291184caab",
        "reportUrl" : "https://lambotik.github.io/Oblache/359//#testresult/57a74f291184caab",
        "status" : "failed",
        "statusDetails" : "AssertionError: Result is not equal expected value",
        "time" : {
          "start" : 1743470107820,
          "stop" : 1743470108119,
          "duration" : 299
        }
      }, {
        "uid" : "637ca1a11f290092",
        "reportUrl" : "https://lambotik.github.io/Oblache/358//#testresult/637ca1a11f290092",
        "status" : "failed",
        "statusDetails" : "AssertionError: Result is not equal expected value",
        "time" : {
          "start" : 1743383446865,
          "stop" : 1743383447373,
          "duration" : 508
        }
      }, {
        "uid" : "49f336f0e5bc1e8c",
        "reportUrl" : "https://lambotik.github.io/Oblache/357//#testresult/49f336f0e5bc1e8c",
        "status" : "failed",
        "statusDetails" : "AssertionError: Result is not equal expected value",
        "time" : {
          "start" : 1743297109884,
          "stop" : 1743297110199,
          "duration" : 315
        }
      }, {
        "uid" : "2b9faf7cc13a65e5",
        "reportUrl" : "https://lambotik.github.io/Oblache/356//#testresult/2b9faf7cc13a65e5",
        "status" : "failed",
        "statusDetails" : "AssertionError: Result is not equal expected value",
        "time" : {
          "start" : 1743210334238,
          "stop" : 1743210334559,
          "duration" : 321
        }
      }, {
        "uid" : "b2e5507c4a3485e4",
        "reportUrl" : "https://lambotik.github.io/Oblache/355//#testresult/b2e5507c4a3485e4",
        "status" : "failed",
        "statusDetails" : "AssertionError: Result is not equal expected value",
        "time" : {
          "start" : 1743123969764,
          "stop" : 1743123970143,
          "duration" : 379
        }
      }, {
        "uid" : "efc5454785c64b4",
        "reportUrl" : "https://lambotik.github.io/Oblache/354//#testresult/efc5454785c64b4",
        "status" : "failed",
        "statusDetails" : "AssertionError: Result is not equal expected value",
        "time" : {
          "start" : 1743037577289,
          "stop" : 1743037577645,
          "duration" : 356
        }
      }, {
        "uid" : "de0aa7285d9c873c",
        "reportUrl" : "https://lambotik.github.io/Oblache/353//#testresult/de0aa7285d9c873c",
        "status" : "failed",
        "statusDetails" : "AssertionError: Result is not equal expected value",
        "time" : {
          "start" : 1742951185736,
          "stop" : 1742951186041,
          "duration" : 305
        }
      }, {
        "uid" : "ac16b3c86fc2227",
        "reportUrl" : "https://lambotik.github.io/Oblache/352//#testresult/ac16b3c86fc2227",
        "status" : "failed",
        "statusDetails" : "AssertionError: Result is not equal expected value",
        "time" : {
          "start" : 1742864800637,
          "stop" : 1742864800944,
          "duration" : 307
        }
      }, {
        "uid" : "7c1a0903daff705",
        "reportUrl" : "https://lambotik.github.io/Oblache/351//#testresult/7c1a0903daff705",
        "status" : "failed",
        "statusDetails" : "AssertionError: Result is not equal expected value",
        "time" : {
          "start" : 1742778504906,
          "stop" : 1742778505415,
          "duration" : 509
        }
      }, {
        "uid" : "1cf7e034024f5a7c",
        "reportUrl" : "https://lambotik.github.io/Oblache/350//#testresult/1cf7e034024f5a7c",
        "status" : "failed",
        "statusDetails" : "AssertionError: Result is not equal expected value",
        "time" : {
          "start" : 1742692249802,
          "stop" : 1742692250160,
          "duration" : 358
        }
      }, {
        "uid" : "c24efed6085d8246",
        "reportUrl" : "https://lambotik.github.io/Oblache/349//#testresult/c24efed6085d8246",
        "status" : "failed",
        "statusDetails" : "AssertionError: Result is not equal expected value",
        "time" : {
          "start" : 1742605486503,
          "stop" : 1742605486819,
          "duration" : 316
        }
      }, {
        "uid" : "db31c9b2b37bfc95",
        "reportUrl" : "https://lambotik.github.io/Oblache/348//#testresult/db31c9b2b37bfc95",
        "status" : "failed",
        "statusDetails" : "AssertionError: Result is not equal expected value",
        "time" : {
          "start" : 1742519187280,
          "stop" : 1742519187794,
          "duration" : 514
        }
      }, {
        "uid" : "52c8a16b6dafe25e",
        "reportUrl" : "https://lambotik.github.io/Oblache/347//#testresult/52c8a16b6dafe25e",
        "status" : "failed",
        "statusDetails" : "AssertionError: Result is not equal expected value",
        "time" : {
          "start" : 1742432689841,
          "stop" : 1742432690196,
          "duration" : 355
        }
      }, {
        "uid" : "64bf90c72252e57a",
        "reportUrl" : "https://lambotik.github.io/Oblache/346//#testresult/64bf90c72252e57a",
        "status" : "failed",
        "statusDetails" : "AssertionError: Result is not equal expected value",
        "time" : {
          "start" : 1742346377229,
          "stop" : 1742346377701,
          "duration" : 472
        }
      }, {
        "uid" : "acd6771b4a0965da",
        "reportUrl" : "https://lambotik.github.io/Oblache/345//#testresult/acd6771b4a0965da",
        "status" : "failed",
        "statusDetails" : "AssertionError: Result is not equal expected value",
        "time" : {
          "start" : 1742259934785,
          "stop" : 1742259935278,
          "duration" : 493
        }
      }, {
        "uid" : "6e846480e0fdee2",
        "reportUrl" : "https://lambotik.github.io/Oblache/344//#testresult/6e846480e0fdee2",
        "status" : "failed",
        "statusDetails" : "AssertionError: Result is not equal expected value",
        "time" : {
          "start" : 1742173652917,
          "stop" : 1742173653219,
          "duration" : 302
        }
      }, {
        "uid" : "770a4d164375cd5d",
        "reportUrl" : "https://lambotik.github.io/Oblache/343//#testresult/770a4d164375cd5d",
        "status" : "failed",
        "statusDetails" : "AssertionError: Result is not equal expected value",
        "time" : {
          "start" : 1742087463904,
          "stop" : 1742087464398,
          "duration" : 494
        }
      }, {
        "uid" : "80ccbea33d5cc723",
        "reportUrl" : "https://lambotik.github.io/Oblache/342//#testresult/80ccbea33d5cc723",
        "status" : "failed",
        "statusDetails" : "AssertionError: Result is not equal expected value",
        "time" : {
          "start" : 1742000636779,
          "stop" : 1742000637101,
          "duration" : 322
        }
      }, {
        "uid" : "e57ae20112817ba9",
        "reportUrl" : "https://lambotik.github.io/Oblache/341//#testresult/e57ae20112817ba9",
        "status" : "failed",
        "statusDetails" : "AssertionError: Result is not equal expected value",
        "time" : {
          "start" : 1741914277466,
          "stop" : 1741914277777,
          "duration" : 311
        }
      } ]
    },
    "tags" : [ ]
  },
  "source" : "d9588520b894b29b.json",
  "parameterValues" : [ ]
}