{"uid":"4a03082c53359fe2","name":"test_clipboard_uuid_docker","fullName":"tests_ui.test_ui.TestProfilePage#test_clipboard_uuid_docker","historyId":"11f91f43cfea2a231aececf29c7ed302","time":{"start":1763258545737,"stop":1763258552240,"duration":6503},"status":"broken","statusMessage":"selenium.common.exceptions.TimeoutException: Message: Can't find element by locator ('xpath', '//table[@id=\"table_containers\"] //tr[1]/td[3] /button')\nStacktrace:\n#0 0x55826550732a <unknown>\n#1 0x558264f53e4b <unknown>\n#2 0x558264fa682b <unknown>\n#3 0x558264fa6a61 <unknown>\n#4 0x558264ff5a44 <unknown>\n#5 0x558264ff2df7 <unknown>\n#6 0x558264f98c1a <unknown>\n#7 0x558264f99921 <unknown>\n#8 0x5582654ce239 <unknown>\n#9 0x5582654d11e8 <unknown>\n#10 0x5582654b74c9 <unknown>\n#11 0x5582654d1db5 <unknown>\n#12 0x55826549ee93 <unknown>\n#13 0x5582654f4098 <unknown>\n#14 0x5582654f4273 <unknown>\n#15 0x5582655062c3 <unknown>\n#16 0x7fbe2349caa4 <unknown>\n#17 0x7fbe23529c6c <unknown>","statusTrace":"self = <tests_ui.test_ui.TestProfilePage object at 0x7f901b705d30>\ndriver = <selenium.webdriver.chrome.webdriver.WebDriver (session=\"ced2a50a7193a9a98e6ae0dc3a223c20\")>\nauthorization_user = None\nget_token = ('ce85ffb1-faae-43d6-843f-00011208d79d', {'email': 'test4@mail.com', 'password': 'testpassword'}, 'testpassword', '123456789', 'test4@mail.com')\n\n    @allure.title('test_clipboard_uuid_docker')\n    def test_clipboard_uuid_docker(self, driver, authorization_user, get_token):\n        page = ProfilePage(driver, authorization_user)\n        page.click_button_docker_containers()\n>       page.check_clipboard(\n            table_xpath='//table[@id=\"table_containers\"]',\n            token=get_token[0])\n\ntests_ui/test_ui.py:120: \n_ _ _ _ _ _ _ _ _ _ _ _ _ _ _ _ _ _ _ _ _ _ _ _ _ _ _ _ _ _ _ _ _ _ _ _ _ _ _ _ \ntests_ui/profile_page.py:111: in check_clipboard\n    button = self.element_is_visible((By.XPATH, f'{table_xpath} //tr[1]/td[3] /button'))\ntests_ui/base_page.py:33: in element_is_visible\n    self.go_to_element(self.element_is_present(locator))\ntests_ui/base_page.py:46: in element_is_present\n    return Wait(self.driver, self.timeout).until(\n_ _ _ _ _ _ _ _ _ _ _ _ _ _ _ _ _ _ _ _ _ _ _ _ _ _ _ _ _ _ _ _ _ _ _ _ _ _ _ _ \n\nself = <selenium.webdriver.support.wait.WebDriverWait (session=\"ced2a50a7193a9a98e6ae0dc3a223c20\")>\nmethod = <function presence_of_element_located.<locals>._predicate at 0x7f901b5f42c0>\nmessage = 'Can\\'t find element by locator (\\'xpath\\', \\'//table[@id=\"table_containers\"] //tr[1]/td[3] /button\\')'\n\n    def until(self, method: Callable[[D], Union[Literal[False], T]], message: str = \"\") -> T:\n        \"\"\"Calls the method provided with the driver as an argument until the \\\n        return value does not evaluate to ``False``.\n    \n        :param method: callable(WebDriver)\n        :param message: optional message for :exc:`TimeoutException`\n        :returns: the result of the last call to `method`\n        :raises: :exc:`selenium.common.exceptions.TimeoutException` if timeout occurs\n        \"\"\"\n        screen = None\n        stacktrace = None\n    \n        end_time = time.monotonic() + self._timeout\n        while True:\n            try:\n                value = method(self._driver)\n                if value:\n                    return value\n            except self._ignored_exceptions as exc:\n                screen = getattr(exc, \"screen\", None)\n                stacktrace = getattr(exc, \"stacktrace\", None)\n            time.sleep(self._poll)\n            if time.monotonic() > end_time:\n                break\n>       raise TimeoutException(message, screen, stacktrace)\nE       selenium.common.exceptions.TimeoutException: Message: Can't find element by locator ('xpath', '//table[@id=\"table_containers\"] //tr[1]/td[3] /button')\nE       Stacktrace:\nE       #0 0x55826550732a <unknown>\nE       #1 0x558264f53e4b <unknown>\nE       #2 0x558264fa682b <unknown>\nE       #3 0x558264fa6a61 <unknown>\nE       #4 0x558264ff5a44 <unknown>\nE       #5 0x558264ff2df7 <unknown>\nE       #6 0x558264f98c1a <unknown>\nE       #7 0x558264f99921 <unknown>\nE       #8 0x5582654ce239 <unknown>\nE       #9 0x5582654d11e8 <unknown>\nE       #10 0x5582654b74c9 <unknown>\nE       #11 0x5582654d1db5 <unknown>\nE       #12 0x55826549ee93 <unknown>\nE       #13 0x5582654f4098 <unknown>\nE       #14 0x5582654f4273 <unknown>\nE       #15 0x5582655062c3 <unknown>\nE       #16 0x7fbe2349caa4 <unknown>\nE       #17 0x7fbe23529c6c <unknown>\n\n/opt/hostedtoolcache/Python/3.12.12/x64/lib/python3.12/site-packages/selenium/webdriver/support/wait.py:105: TimeoutException","flaky":false,"newFailed":false,"newBroken":false,"newPassed":false,"retriesCount":0,"retriesStatusChange":false,"beforeStages":[{"name":"get_token","time":{"start":1763258513785,"stop":1763258514294,"duration":509},"status":"passed","steps":[{"name":"Assert status code: 200 == Response status code: 200","time":{"start":1763258514293,"stop":1763258514293,"duration":0},"status":"passed","steps":[],"attachments":[],"parameters":[],"stepsCount":0,"shouldDisplayMessage":false,"attachmentsCount":0,"hasContent":false,"attachmentStep":false}],"attachments":[],"parameters":[],"stepsCount":1,"shouldDisplayMessage":false,"attachmentsCount":0,"hasContent":true,"attachmentStep":false},{"name":"driver","time":{"start":1763258544766,"stop":1763258545039,"duration":273},"status":"passed","steps":[],"attachments":[],"parameters":[],"stepsCount":0,"shouldDisplayMessage":false,"attachmentsCount":0,"hasContent":false,"attachmentStep":false},{"name":"authorization_user","time":{"start":1763258545039,"stop":1763258545737,"duration":698},"status":"passed","steps":[{"name":"Open page: https://oblache.areso.pro/register.html","time":{"start":1763258545039,"stop":1763258545533,"duration":494},"status":"passed","steps":[],"attachments":[],"parameters":[],"stepsCount":0,"shouldDisplayMessage":false,"attachmentsCount":0,"hasContent":false,"attachmentStep":false},{"name":"Login user","time":{"start":1763258545533,"stop":1763258545737,"duration":204},"status":"passed","steps":[{"name":"Enter email.","time":{"start":1763258545533,"stop":1763258545597,"duration":64},"status":"passed","steps":[],"attachments":[],"parameters":[],"stepsCount":0,"shouldDisplayMessage":false,"attachmentsCount":0,"hasContent":false,"attachmentStep":false},{"name":"Enter password.","time":{"start":1763258545597,"stop":1763258545642,"duration":45},"status":"passed","steps":[],"attachments":[],"parameters":[],"stepsCount":0,"shouldDisplayMessage":false,"attachmentsCount":0,"hasContent":false,"attachmentStep":false},{"name":"Click button \"Login\"","time":{"start":1763258545642,"stop":1763258545734,"duration":92},"status":"passed","steps":[],"attachments":[],"parameters":[],"stepsCount":0,"shouldDisplayMessage":false,"attachmentsCount":0,"hasContent":false,"attachmentStep":false},{"name":"Check url is present: https://oblache.areso.pro/register.html","time":{"start":1763258545734,"stop":1763258545737,"duration":3},"status":"passed","steps":[],"attachments":[],"parameters":[],"stepsCount":0,"shouldDisplayMessage":false,"attachmentsCount":0,"hasContent":false,"attachmentStep":false}],"attachments":[],"parameters":[],"stepsCount":4,"shouldDisplayMessage":false,"attachmentsCount":0,"hasContent":true,"attachmentStep":false}],"attachments":[],"parameters":[],"stepsCount":6,"shouldDisplayMessage":false,"attachmentsCount":0,"hasContent":true,"attachmentStep":false}],"testStage":{"status":"broken","statusMessage":"selenium.common.exceptions.TimeoutException: Message: Can't find element by locator ('xpath', '//table[@id=\"table_containers\"] //tr[1]/td[3] /button')\nStacktrace:\n#0 0x55826550732a <unknown>\n#1 0x558264f53e4b <unknown>\n#2 0x558264fa682b <unknown>\n#3 0x558264fa6a61 <unknown>\n#4 0x558264ff5a44 <unknown>\n#5 0x558264ff2df7 <unknown>\n#6 0x558264f98c1a <unknown>\n#7 0x558264f99921 <unknown>\n#8 0x5582654ce239 <unknown>\n#9 0x5582654d11e8 <unknown>\n#10 0x5582654b74c9 <unknown>\n#11 0x5582654d1db5 <unknown>\n#12 0x55826549ee93 <unknown>\n#13 0x5582654f4098 <unknown>\n#14 0x5582654f4273 <unknown>\n#15 0x5582655062c3 <unknown>\n#16 0x7fbe2349caa4 <unknown>\n#17 0x7fbe23529c6c <unknown>","statusTrace":"self = <tests_ui.test_ui.TestProfilePage object at 0x7f901b705d30>\ndriver = <selenium.webdriver.chrome.webdriver.WebDriver (session=\"ced2a50a7193a9a98e6ae0dc3a223c20\")>\nauthorization_user = None\nget_token = ('ce85ffb1-faae-43d6-843f-00011208d79d', {'email': 'test4@mail.com', 'password': 'testpassword'}, 'testpassword', '123456789', 'test4@mail.com')\n\n    @allure.title('test_clipboard_uuid_docker')\n    def test_clipboard_uuid_docker(self, driver, authorization_user, get_token):\n        page = ProfilePage(driver, authorization_user)\n        page.click_button_docker_containers()\n>       page.check_clipboard(\n            table_xpath='//table[@id=\"table_containers\"]',\n            token=get_token[0])\n\ntests_ui/test_ui.py:120: \n_ _ _ _ _ _ _ _ _ _ _ _ _ _ _ _ _ _ _ _ _ _ _ _ _ _ _ _ _ _ _ _ _ _ _ _ _ _ _ _ \ntests_ui/profile_page.py:111: in check_clipboard\n    button = self.element_is_visible((By.XPATH, f'{table_xpath} //tr[1]/td[3] /button'))\ntests_ui/base_page.py:33: in element_is_visible\n    self.go_to_element(self.element_is_present(locator))\ntests_ui/base_page.py:46: in element_is_present\n    return Wait(self.driver, self.timeout).until(\n_ _ _ _ _ _ _ _ _ _ _ _ _ _ _ _ _ _ _ _ _ _ _ _ _ _ _ _ _ _ _ _ _ _ _ _ _ _ _ _ \n\nself = <selenium.webdriver.support.wait.WebDriverWait (session=\"ced2a50a7193a9a98e6ae0dc3a223c20\")>\nmethod = <function presence_of_element_located.<locals>._predicate at 0x7f901b5f42c0>\nmessage = 'Can\\'t find element by locator (\\'xpath\\', \\'//table[@id=\"table_containers\"] //tr[1]/td[3] /button\\')'\n\n    def until(self, method: Callable[[D], Union[Literal[False], T]], message: str = \"\") -> T:\n        \"\"\"Calls the method provided with the driver as an argument until the \\\n        return value does not evaluate to ``False``.\n    \n        :param method: callable(WebDriver)\n        :param message: optional message for :exc:`TimeoutException`\n        :returns: the result of the last call to `method`\n        :raises: :exc:`selenium.common.exceptions.TimeoutException` if timeout occurs\n        \"\"\"\n        screen = None\n        stacktrace = None\n    \n        end_time = time.monotonic() + self._timeout\n        while True:\n            try:\n                value = method(self._driver)\n                if value:\n                    return value\n            except self._ignored_exceptions as exc:\n                screen = getattr(exc, \"screen\", None)\n                stacktrace = getattr(exc, \"stacktrace\", None)\n            time.sleep(self._poll)\n            if time.monotonic() > end_time:\n                break\n>       raise TimeoutException(message, screen, stacktrace)\nE       selenium.common.exceptions.TimeoutException: Message: Can't find element by locator ('xpath', '//table[@id=\"table_containers\"] //tr[1]/td[3] /button')\nE       Stacktrace:\nE       #0 0x55826550732a <unknown>\nE       #1 0x558264f53e4b <unknown>\nE       #2 0x558264fa682b <unknown>\nE       #3 0x558264fa6a61 <unknown>\nE       #4 0x558264ff5a44 <unknown>\nE       #5 0x558264ff2df7 <unknown>\nE       #6 0x558264f98c1a <unknown>\nE       #7 0x558264f99921 <unknown>\nE       #8 0x5582654ce239 <unknown>\nE       #9 0x5582654d11e8 <unknown>\nE       #10 0x5582654b74c9 <unknown>\nE       #11 0x5582654d1db5 <unknown>\nE       #12 0x55826549ee93 <unknown>\nE       #13 0x5582654f4098 <unknown>\nE       #14 0x5582654f4273 <unknown>\nE       #15 0x5582655062c3 <unknown>\nE       #16 0x7fbe2349caa4 <unknown>\nE       #17 0x7fbe23529c6c <unknown>\n\n/opt/hostedtoolcache/Python/3.12.12/x64/lib/python3.12/site-packages/selenium/webdriver/support/wait.py:105: TimeoutException","steps":[{"name":"Click \"Docker containers\" button.","time":{"start":1763258545737,"stop":1763258547121,"duration":1384},"status":"passed","steps":[],"attachments":[],"parameters":[],"stepsCount":0,"shouldDisplayMessage":false,"attachmentsCount":0,"hasContent":false,"attachmentStep":false},{"name":"Check clipboard","time":{"start":1763258547122,"stop":1763258552240,"duration":5118},"status":"broken","statusMessage":"selenium.common.exceptions.TimeoutException: Message: Can't find element by locator ('xpath', '//table[@id=\"table_containers\"] //tr[1]/td[3] /button')\nStacktrace:\n#0 0x55826550732a <unknown>\n#1 0x558264f53e4b <unknown>\n#2 0x558264fa682b <unknown>\n#3 0x558264fa6a61 <unknown>\n#4 0x558264ff5a44 <unknown>\n#5 0x558264ff2df7 <unknown>\n#6 0x558264f98c1a <unknown>\n#7 0x558264f99921 <unknown>\n#8 0x5582654ce239 <unknown>\n#9 0x5582654d11e8 <unknown>\n#10 0x5582654b74c9 <unknown>\n#11 0x5582654d1db5 <unknown>\n#12 0x55826549ee93 <unknown>\n#13 0x5582654f4098 <unknown>\n#14 0x5582654f4273 <unknown>\n#15 0x5582655062c3 <unknown>\n#16 0x7fbe2349caa4 <unknown>\n#17 0x7fbe23529c6c <unknown>\n\n","statusTrace":"  File \"/opt/hostedtoolcache/Python/3.12.12/x64/lib/python3.12/site-packages/allure_commons/_allure.py\", line 192, in impl\n    return func(*a, **kw)\n           ^^^^^^^^^^^^^^\n  File \"/home/runner/work/Oblache/Oblache/tests_ui/profile_page.py\", line 111, in check_clipboard\n    button = self.element_is_visible((By.XPATH, f'{table_xpath} //tr[1]/td[3] /button'))\n             ^^^^^^^^^^^^^^^^^^^^^^^^^^^^^^^^^^^^^^^^^^^^^^^^^^^^^^^^^^^^^^^^^^^^^^^^^^^\n  File \"/home/runner/work/Oblache/Oblache/tests_ui/base_page.py\", line 33, in element_is_visible\n    self.go_to_element(self.element_is_present(locator))\n                       ^^^^^^^^^^^^^^^^^^^^^^^^^^^^^^^^\n  File \"/home/runner/work/Oblache/Oblache/tests_ui/base_page.py\", line 46, in element_is_present\n    return Wait(self.driver, self.timeout).until(\n           ^^^^^^^^^^^^^^^^^^^^^^^^^^^^^^^^^^^^^^\n  File \"/opt/hostedtoolcache/Python/3.12.12/x64/lib/python3.12/site-packages/selenium/webdriver/support/wait.py\", line 105, in until\n    raise TimeoutException(message, screen, stacktrace)\n","steps":[],"attachments":[],"parameters":[{"name":"table_xpath","value":"'//table[@id=\"table_containers\"]'"},{"name":"token","value":"'ce85ffb1-faae-43d6-843f-00011208d79d'"}],"stepsCount":0,"shouldDisplayMessage":true,"attachmentsCount":0,"hasContent":true,"attachmentStep":false}],"attachments":[{"uid":"dde3ec1d46acecb0","name":"Screenshot 2025-11-16 02:02:32.302193","source":"dde3ec1d46acecb0.png","type":"image/png","size":31410}],"parameters":[],"stepsCount":2,"shouldDisplayMessage":true,"attachmentsCount":1,"hasContent":true,"attachmentStep":false},"afterStages":[{"name":"driver::0","time":{"start":1763258552303,"stop":1763258552365,"duration":62},"status":"passed","steps":[],"attachments":[],"parameters":[],"stepsCount":0,"shouldDisplayMessage":false,"attachmentsCount":0,"hasContent":false,"attachmentStep":false}],"labels":[{"name":"suite","value":"Test Profile Page."},{"name":"parentSuite","value":"tests_ui"},{"name":"subSuite","value":"TestProfilePage"},{"name":"host","value":"runnervmg1sw1"},{"name":"thread","value":"2608-MainThread"},{"name":"framework","value":"pytest"},{"name":"language","value":"cpython3"},{"name":"package","value":"tests_ui.test_ui"},{"name":"resultFormat","value":"allure2"}],"parameters":[],"links":[],"hidden":false,"retry":false,"extra":{"severity":"normal","retries":[],"categories":[{"name":"Test defects","matchedStatuses":[],"flaky":false}],"history":{"statistic":{"failed":0,"broken":11,"skipped":0,"passed":0,"unknown":0,"total":11},"items":[{"uid":"68ba4ca06a35471d","reportUrl":"https://lambotik.github.io/Oblache/564/#testresult/68ba4ca06a35471d","status":"broken","statusDetails":"selenium.common.exceptions.TimeoutException: Message: Can't find element by locator ('xpath', '//table[@id=\"table_containers\"] //tr[1]/td[3] /button')\nStacktrace:\n#0 0x55b8a5bfd32a <unknown>\n#1 0x55b8a5649e4b <unknown>\n#2 0x55b8a569c82b <unknown>\n#3 0x55b8a569ca61 <unknown>\n#4 0x55b8a56eba44 <unknown>\n#5 0x55b8a56e8df7 <unknown>\n#6 0x55b8a568ec1a <unknown>\n#7 0x55b8a568f921 <unknown>\n#8 0x55b8a5bc4239 <unknown>\n#9 0x55b8a5bc71e8 <unknown>\n#10 0x55b8a5bad4c9 <unknown>\n#11 0x55b8a5bc7db5 <unknown>\n#12 0x55b8a5b94e93 <unknown>\n#13 0x55b8a5bea098 <unknown>\n#14 0x55b8a5bea273 <unknown>\n#15 0x55b8a5bfc2c3 <unknown>\n#16 0x7fd76449caa4 <unknown>\n#17 0x7fd764529c6c <unknown>","time":{"start":1763171544212,"stop":1763171550199,"duration":5987}},{"uid":"6ef18026f0746301","reportUrl":"https://lambotik.github.io/Oblache/563/#testresult/6ef18026f0746301","status":"broken","statusDetails":"selenium.common.exceptions.TimeoutException: Message: Can't find element by locator ('xpath', '//table[@id=\"table_containers\"] //tr[1]/td[3] /button')\nStacktrace:\n#0 0x5639493f4aea <unknown>\n#1 0x563948e40cdb <unknown>\n#2 0x563948e936c4 <unknown>\n#3 0x563948e93901 <unknown>\n#4 0x563948ee28b4 <unknown>\n#5 0x563948edfc87 <unknown>\n#6 0x563948e85aca <unknown>\n#7 0x563948e867d1 <unknown>\n#8 0x5639493bbab9 <unknown>\n#9 0x5639493bea8c <unknown>\n#10 0x5639493a4d49 <unknown>\n#11 0x5639493bf685 <unknown>\n#12 0x56394938c6c3 <unknown>\n#13 0x5639493e17d8 <unknown>\n#14 0x5639493e19b3 <unknown>\n#15 0x5639493f3a83 <unknown>\n#16 0x7fbf4289caa4 <unknown>\n#17 0x7fbf42929c6c <unknown>","time":{"start":1763085418353,"stop":1763085424776,"duration":6423}},{"uid":"2c6867a5b049a82d","reportUrl":"https://lambotik.github.io/Oblache/562/#testresult/2c6867a5b049a82d","status":"broken","statusDetails":"selenium.common.exceptions.TimeoutException: Message: Can't find element by locator ('xpath', '//table[@id=\"table_containers\"] //tr[1]/td[3] /button')\nStacktrace:\n#0 0x55f1921a0aea <unknown>\n#1 0x55f191beccdb <unknown>\n#2 0x55f191c3f6c4 <unknown>\n#3 0x55f191c3f901 <unknown>\n#4 0x55f191c8e8b4 <unknown>\n#5 0x55f191c8bc87 <unknown>\n#6 0x55f191c31aca <unknown>\n#7 0x55f191c327d1 <unknown>\n#8 0x55f192167ab9 <unknown>\n#9 0x55f19216aa8c <unknown>\n#10 0x55f192150d49 <unknown>\n#11 0x55f19216b685 <unknown>\n#12 0x55f1921386c3 <unknown>\n#13 0x55f19218d7d8 <unknown>\n#14 0x55f19218d9b3 <unknown>\n#15 0x55f19219fa83 <unknown>\n#16 0x7f9b6289caa4 <unknown>\n#17 0x7f9b62929c6c <unknown>","time":{"start":1762999070069,"stop":1762999076446,"duration":6377}},{"uid":"71efe5b5cc2de9a2","reportUrl":"https://lambotik.github.io/Oblache/561/#testresult/71efe5b5cc2de9a2","status":"broken","statusDetails":"selenium.common.exceptions.TimeoutException: Message: Can't find element by locator ('xpath', '//table[@id=\"table_containers\"] //tr[1]/td[3] /button')\nStacktrace:\n#0 0x55a2573a6aea <unknown>\n#1 0x55a256df2cdb <unknown>\n#2 0x55a256e456c4 <unknown>\n#3 0x55a256e45901 <unknown>\n#4 0x55a256e948b4 <unknown>\n#5 0x55a256e91c87 <unknown>\n#6 0x55a256e37aca <unknown>\n#7 0x55a256e387d1 <unknown>\n#8 0x55a25736dab9 <unknown>\n#9 0x55a257370a8c <unknown>\n#10 0x55a257356d49 <unknown>\n#11 0x55a257371685 <unknown>\n#12 0x55a25733e6c3 <unknown>\n#13 0x55a2573937d8 <unknown>\n#14 0x55a2573939b3 <unknown>\n#15 0x55a2573a5a83 <unknown>\n#16 0x7f5f8ba9caa4 <unknown>\n#17 0x7f5f8bb29c6c <unknown>","time":{"start":1762912566674,"stop":1762912572656,"duration":5982}},{"uid":"e85fed5bbbd09d33","reportUrl":"https://lambotik.github.io/Oblache/560/#testresult/e85fed5bbbd09d33","status":"broken","statusDetails":"selenium.common.exceptions.TimeoutException: Message: Can't find element by locator ('xpath', '//table[@id=\"table_containers\"] //tr[1]/td[3] /button')\nStacktrace:\n#0 0x55c274560aea <unknown>\n#1 0x55c273faccdb <unknown>\n#2 0x55c273fff6c4 <unknown>\n#3 0x55c273fff901 <unknown>\n#4 0x55c27404e8b4 <unknown>\n#5 0x55c27404bc87 <unknown>\n#6 0x55c273ff1aca <unknown>\n#7 0x55c273ff27d1 <unknown>\n#8 0x55c274527ab9 <unknown>\n#9 0x55c27452aa8c <unknown>\n#10 0x55c274510d49 <unknown>\n#11 0x55c27452b685 <unknown>\n#12 0x55c2744f86c3 <unknown>\n#13 0x55c27454d7d8 <unknown>\n#14 0x55c27454d9b3 <unknown>\n#15 0x55c27455fa83 <unknown>\n#16 0x7fd16aa9caa4 <unknown>\n#17 0x7fd16ab29c6c <unknown>","time":{"start":1762826207145,"stop":1762826213295,"duration":6150}},{"uid":"a40505d3155b215f","reportUrl":"https://lambotik.github.io/Oblache/559/#testresult/a40505d3155b215f","status":"broken","statusDetails":"selenium.common.exceptions.TimeoutException: Message: Can't find element by locator ('xpath', '//table[@id=\"table_containers\"] //tr[1]/td[3] /button')\nStacktrace:\n#0 0x55db63508aea <unknown>\n#1 0x55db62f54cdb <unknown>\n#2 0x55db62fa76c4 <unknown>\n#3 0x55db62fa7901 <unknown>\n#4 0x55db62ff68b4 <unknown>\n#5 0x55db62ff3c87 <unknown>\n#6 0x55db62f99aca <unknown>\n#7 0x55db62f9a7d1 <unknown>\n#8 0x55db634cfab9 <unknown>\n#9 0x55db634d2a8c <unknown>\n#10 0x55db634b8d49 <unknown>\n#11 0x55db634d3685 <unknown>\n#12 0x55db634a06c3 <unknown>\n#13 0x55db634f57d8 <unknown>\n#14 0x55db634f59b3 <unknown>\n#15 0x55db63507a83 <unknown>\n#16 0x7f6193c9caa4 <unknown>\n#17 0x7f6193d29c6c <unknown>","time":{"start":1762740040114,"stop":1762740046616,"duration":6502}},{"uid":"8075210be389e557","reportUrl":"https://lambotik.github.io/Oblache/558/#testresult/8075210be389e557","status":"broken","statusDetails":"requests.exceptions.JSONDecodeError: Expecting value: line 1 column 1 (char 0)","time":{"start":1762653542390,"stop":1762653542390,"duration":0}},{"uid":"3f4bd07ec0a229da","reportUrl":"https://lambotik.github.io/Oblache/557/#testresult/3f4bd07ec0a229da","status":"broken","statusDetails":"selenium.common.exceptions.TimeoutException: Message: Can't find element by locator ('xpath', '//table[@id=\"table_containers\"] //tr[1]/td[3] /button')\nStacktrace:\n#0 0x5558652feaea <unknown>\n#1 0x555864d4acdb <unknown>\n#2 0x555864d9d6c4 <unknown>\n#3 0x555864d9d901 <unknown>\n#4 0x555864dec8b4 <unknown>\n#5 0x555864de9c87 <unknown>\n#6 0x555864d8faca <unknown>\n#7 0x555864d907d1 <unknown>\n#8 0x5558652c5ab9 <unknown>\n#9 0x5558652c8a8c <unknown>\n#10 0x5558652aed49 <unknown>\n#11 0x5558652c9685 <unknown>\n#12 0x5558652966c3 <unknown>\n#13 0x5558652eb7d8 <unknown>\n#14 0x5558652eb9b3 <unknown>\n#15 0x5558652fda83 <unknown>\n#16 0x7f733e09caa4 <unknown>\n#17 0x7f733e129c6c <unknown>","time":{"start":1762566553615,"stop":1762566559851,"duration":6236}},{"uid":"814840618a981fd9","reportUrl":"https://lambotik.github.io/Oblache/556/#testresult/814840618a981fd9","status":"broken","statusDetails":"selenium.common.exceptions.TimeoutException: Message: Can't find element by locator ('xpath', '//table[@id=\"table_containers\"] //tr[1]/td[3] /button')\nStacktrace:\n#0 0x555593824aea <unknown>\n#1 0x555593270cdb <unknown>\n#2 0x5555932c36c4 <unknown>\n#3 0x5555932c3901 <unknown>\n#4 0x5555933128b4 <unknown>\n#5 0x55559330fc87 <unknown>\n#6 0x5555932b5aca <unknown>\n#7 0x5555932b67d1 <unknown>\n#8 0x5555937ebab9 <unknown>\n#9 0x5555937eea8c <unknown>\n#10 0x5555937d4d49 <unknown>\n#11 0x5555937ef685 <unknown>\n#12 0x5555937bc6c3 <unknown>\n#13 0x5555938117d8 <unknown>\n#14 0x5555938119b3 <unknown>\n#15 0x555593823a83 <unknown>\n#16 0x7fcef149caa4 <unknown>\n#17 0x7fcef1529c6c <unknown>","time":{"start":1762480552607,"stop":1762480559107,"duration":6500}},{"uid":"ac7a6f1b9c18a97f","reportUrl":"https://lambotik.github.io/Oblache/555/#testresult/ac7a6f1b9c18a97f","status":"broken","statusDetails":"selenium.common.exceptions.TimeoutException: Message: Can't find element by locator ('xpath', '//table[@id=\"table_containers\"] //tr[1]/td[3] /button')\nStacktrace:\n#0 0x561067cb0aea <unknown>\n#1 0x5610676fccdb <unknown>\n#2 0x56106774f6c4 <unknown>\n#3 0x56106774f901 <unknown>\n#4 0x56106779e8b4 <unknown>\n#5 0x56106779bc87 <unknown>\n#6 0x561067741aca <unknown>\n#7 0x5610677427d1 <unknown>\n#8 0x561067c77ab9 <unknown>\n#9 0x561067c7aa8c <unknown>\n#10 0x561067c60d49 <unknown>\n#11 0x561067c7b685 <unknown>\n#12 0x561067c486c3 <unknown>\n#13 0x561067c9d7d8 <unknown>\n#14 0x561067c9d9b3 <unknown>\n#15 0x561067cafa83 <unknown>\n#16 0x7f133649caa4 <unknown>\n#17 0x7f1336529c6c <unknown>","time":{"start":1762394185288,"stop":1762394191490,"duration":6202}}]},"tags":[]},"source":"4a03082c53359fe2.json","parameterValues":[]}