{"uid":"17f29bb80dbf556e","name":"POST registration Bulgaria language not agree.","fullName":"tests_api.test_bd.TestPOST#test_post_registration_for_bulgaria_language_not_agree","historyId":"537e92787106744f03e7bc213d25350a","time":{"start":1762653393086,"stop":1762653393419,"duration":333},"status":"failed","statusMessage":"AssertionError: Incorrect status code: 502","statusTrace":"self = <tests_api.test_bd.TestPOST object at 0x7fa2e53ec5c0>\n\n    @allure.title('POST registration Bulgaria language not agree.')\n    def test_post_registration_for_bulgaria_language_not_agree(self):\n        response = API.post_registration_variety_email(\n            mail=random.choice(['gmail', 'mail', 'yandex']),\n            old_password=TestPOST.old_password,\n            prefix='bg',\n            language='bg-bg',\n            tos_agree=False)\n>       Checking.check_status_code(response, 400)\n\ntests_api/test_bd.py:158: \n_ _ _ _ _ _ _ _ _ _ _ _ _ _ _ _ _ _ _ _ _ _ _ _ _ _ _ _ _ _ _ _ _ _ _ _ _ _ _ _ \n\nresult = <Response [502]>, status_code = 400\n\n    @staticmethod\n    def check_status_code(result: requests.models.Response, status_code: int):\n        \"\"\"\n        Method check status code\n        :param result: Response\n        :param status_code:\n        \"\"\"\n        with allure.step(f'Assert status code: {status_code} == Response status code: {result.status_code}'):\n>           assert status_code == result.status_code, f'Incorrect status code: {result.status_code}'\nE           AssertionError: Incorrect status code: 502\n\ntests_api/utils/checking.py:16: AssertionError","flaky":false,"newFailed":true,"newBroken":false,"newPassed":false,"retriesCount":0,"retriesStatusChange":false,"beforeStages":[],"testStage":{"status":"failed","statusMessage":"AssertionError: Incorrect status code: 502","statusTrace":"self = <tests_api.test_bd.TestPOST object at 0x7fa2e53ec5c0>\n\n    @allure.title('POST registration Bulgaria language not agree.')\n    def test_post_registration_for_bulgaria_language_not_agree(self):\n        response = API.post_registration_variety_email(\n            mail=random.choice(['gmail', 'mail', 'yandex']),\n            old_password=TestPOST.old_password,\n            prefix='bg',\n            language='bg-bg',\n            tos_agree=False)\n>       Checking.check_status_code(response, 400)\n\ntests_api/test_bd.py:158: \n_ _ _ _ _ _ _ _ _ _ _ _ _ _ _ _ _ _ _ _ _ _ _ _ _ _ _ _ _ _ _ _ _ _ _ _ _ _ _ _ \n\nresult = <Response [502]>, status_code = 400\n\n    @staticmethod\n    def check_status_code(result: requests.models.Response, status_code: int):\n        \"\"\"\n        Method check status code\n        :param result: Response\n        :param status_code:\n        \"\"\"\n        with allure.step(f'Assert status code: {status_code} == Response status code: {result.status_code}'):\n>           assert status_code == result.status_code, f'Incorrect status code: {result.status_code}'\nE           AssertionError: Incorrect status code: 502\n\ntests_api/utils/checking.py:16: AssertionError","steps":[{"name":"post_registration_variety_email","time":{"start":1762653393086,"stop":1762653393419,"duration":333},"status":"passed","steps":[{"name":"Endpoint: /register","time":{"start":1762653393419,"stop":1762653393419,"duration":0},"status":"passed","steps":[],"attachments":[],"parameters":[],"stepsCount":0,"shouldDisplayMessage":false,"attachmentsCount":0,"hasContent":false,"attachmentStep":false},{"name":"Request:","time":{"start":1762653393419,"stop":1762653393419,"duration":0},"status":"passed","steps":[{"name":"Headers: {'Content-Type': 'application/json', 'Authorization': ''}","time":{"start":1762653393419,"stop":1762653393419,"duration":0},"status":"passed","steps":[],"attachments":[],"parameters":[],"stepsCount":0,"shouldDisplayMessage":false,"attachmentsCount":0,"hasContent":false,"attachmentStep":false},{"name":"Body: \n                                {\n                                \"email\": f'aqa2025_11_09_01_56_25@mail.bg',\n                                \"password\": password,\n                                \"tos_agree\": False,\n                                \"language\": bg-bg\n                               }","time":{"start":1762653393419,"stop":1762653393419,"duration":0},"status":"passed","steps":[],"attachments":[],"parameters":[],"stepsCount":0,"shouldDisplayMessage":false,"attachmentsCount":0,"hasContent":false,"attachmentStep":false}],"attachments":[],"parameters":[],"stepsCount":2,"shouldDisplayMessage":false,"attachmentsCount":0,"hasContent":true,"attachmentStep":false},{"name":"Response:","time":{"start":1762653393419,"stop":1762653393419,"duration":0},"status":"passed","steps":[{"name":"Status code: 502","time":{"start":1762653393419,"stop":1762653393419,"duration":0},"status":"passed","steps":[],"attachments":[],"parameters":[],"stepsCount":0,"shouldDisplayMessage":false,"attachmentsCount":0,"hasContent":false,"attachmentStep":false},{"name":"JSON: <html>\r\n<head><title>502 Bad Gateway</title></head>\r\n<body>\r\n<center><h1>502 Bad Gateway</h1></center>\r\n<hr><center>nginx/1.18.0 (Ubuntu)</center>\r\n</body>\r\n</html>\r\n","time":{"start":1762653393419,"stop":1762653393419,"duration":0},"status":"passed","steps":[],"attachments":[],"parameters":[],"stepsCount":0,"shouldDisplayMessage":false,"attachmentsCount":0,"hasContent":false,"attachmentStep":false}],"attachments":[],"parameters":[],"stepsCount":2,"shouldDisplayMessage":false,"attachmentsCount":0,"hasContent":true,"attachmentStep":false}],"attachments":[],"parameters":[],"stepsCount":7,"shouldDisplayMessage":false,"attachmentsCount":0,"hasContent":true,"attachmentStep":false},{"name":"Assert status code: 400 == Response status code: 502","time":{"start":1762653393419,"stop":1762653393419,"duration":0},"status":"failed","statusMessage":"AssertionError: Incorrect status code: 502\n","statusTrace":"  File \"/home/runner/work/Oblache/Oblache/tests_api/utils/checking.py\", line 16, in check_status_code\n    assert status_code == result.status_code, f'Incorrect status code: {result.status_code}'\n           ^^^^^^^^^^^^^^^^^^^^^^^^^^^^^^^^^\n","steps":[],"attachments":[],"parameters":[],"stepsCount":0,"shouldDisplayMessage":true,"attachmentsCount":0,"hasContent":true,"attachmentStep":false}],"attachments":[],"parameters":[],"stepsCount":9,"shouldDisplayMessage":true,"attachmentsCount":0,"hasContent":true,"attachmentStep":false},"afterStages":[],"labels":[{"name":"suite","value":"POST"},{"name":"parentSuite","value":"tests_api"},{"name":"subSuite","value":"TestPOST"},{"name":"host","value":"runnervmw9dnm"},{"name":"thread","value":"2596-MainThread"},{"name":"framework","value":"pytest"},{"name":"language","value":"cpython3"},{"name":"package","value":"tests_api.test_bd"},{"name":"resultFormat","value":"allure2"}],"parameters":[],"links":[],"hidden":false,"retry":false,"extra":{"severity":"normal","retries":[],"categories":[{"name":"Product defects","matchedStatuses":[],"flaky":false}],"history":{"statistic":{"failed":1,"broken":0,"skipped":0,"passed":5,"unknown":0,"total":6},"items":[{"uid":"1d7828cef690df10","reportUrl":"https://lambotik.github.io/Oblache/557/#testresult/1d7828cef690df10","status":"passed","time":{"start":1762566395974,"stop":1762566396388,"duration":414}},{"uid":"a4202187192734af","reportUrl":"https://lambotik.github.io/Oblache/556/#testresult/a4202187192734af","status":"passed","time":{"start":1762480358041,"stop":1762480358555,"duration":514}},{"uid":"d85db450c1f7b03e","reportUrl":"https://lambotik.github.io/Oblache/555/#testresult/d85db450c1f7b03e","status":"passed","time":{"start":1762394029865,"stop":1762394030219,"duration":354}},{"uid":"ec1967783d9832fe","reportUrl":"https://lambotik.github.io/Oblache/25/#testresult/ec1967783d9832fe","status":"passed","time":{"start":1762342822824,"stop":1762342823305,"duration":481}},{"uid":"bb4d83552579b2b1","reportUrl":"https://lambotik.github.io/Oblache/24/#testresult/bb4d83552579b2b1","status":"passed","time":{"start":1762342465273,"stop":1762342465587,"duration":314}}]},"tags":[]},"source":"17f29bb80dbf556e.json","parameterValues":[]}