{"uid":"20773faee3917c02","name":"POST db_list","fullName":"tests_api.test_bd.TestPOST#test_post_db_list","historyId":"74e2e9a19a1c9ee2ec47a859e878d5d7","time":{"start":1762653399385,"stop":1762653399708,"duration":323},"status":"failed","statusMessage":"AssertionError: Incorrect status code: 502","statusTrace":"self = <tests_api.test_bd.TestPOST object at 0x7fa2e53ed6d0>\n\n    @allure.title('POST db_list')\n    def test_post_db_list(self):\n        response_db_list = API.post_db_list(token=TestPOST.token)\n>       Checking.check_status_code(response_db_list, 200)\n\ntests_api/test_bd.py:289: \n_ _ _ _ _ _ _ _ _ _ _ _ _ _ _ _ _ _ _ _ _ _ _ _ _ _ _ _ _ _ _ _ _ _ _ _ _ _ _ _ \n\nresult = <Response [502]>, status_code = 200\n\n    @staticmethod\n    def check_status_code(result: requests.models.Response, status_code: int):\n        \"\"\"\n        Method check status code\n        :param result: Response\n        :param status_code:\n        \"\"\"\n        with allure.step(f'Assert status code: {status_code} == Response status code: {result.status_code}'):\n>           assert status_code == result.status_code, f'Incorrect status code: {result.status_code}'\nE           AssertionError: Incorrect status code: 502\n\ntests_api/utils/checking.py:16: AssertionError","flaky":false,"newFailed":true,"newBroken":false,"newPassed":false,"retriesCount":0,"retriesStatusChange":false,"beforeStages":[],"testStage":{"status":"failed","statusMessage":"AssertionError: Incorrect status code: 502","statusTrace":"self = <tests_api.test_bd.TestPOST object at 0x7fa2e53ed6d0>\n\n    @allure.title('POST db_list')\n    def test_post_db_list(self):\n        response_db_list = API.post_db_list(token=TestPOST.token)\n>       Checking.check_status_code(response_db_list, 200)\n\ntests_api/test_bd.py:289: \n_ _ _ _ _ _ _ _ _ _ _ _ _ _ _ _ _ _ _ _ _ _ _ _ _ _ _ _ _ _ _ _ _ _ _ _ _ _ _ _ \n\nresult = <Response [502]>, status_code = 200\n\n    @staticmethod\n    def check_status_code(result: requests.models.Response, status_code: int):\n        \"\"\"\n        Method check status code\n        :param result: Response\n        :param status_code:\n        \"\"\"\n        with allure.step(f'Assert status code: {status_code} == Response status code: {result.status_code}'):\n>           assert status_code == result.status_code, f'Incorrect status code: {result.status_code}'\nE           AssertionError: Incorrect status code: 502\n\ntests_api/utils/checking.py:16: AssertionError","steps":[{"name":"post_db_list","time":{"start":1762653399385,"stop":1762653399708,"duration":323},"status":"passed","steps":[{"name":"Endpoint: /db_list","time":{"start":1762653399708,"stop":1762653399708,"duration":0},"status":"passed","steps":[],"attachments":[],"parameters":[],"stepsCount":0,"shouldDisplayMessage":false,"attachmentsCount":0,"hasContent":false,"attachmentStep":false},{"name":"Request:","time":{"start":1762653399708,"stop":1762653399708,"duration":0},"status":"passed","steps":[{"name":"Headers: {'Content-Type': 'application/json', 'Authorization': {None}}","time":{"start":1762653399708,"stop":1762653399708,"duration":0},"status":"passed","steps":[],"attachments":[],"parameters":[],"stepsCount":0,"shouldDisplayMessage":false,"attachmentsCount":0,"hasContent":false,"attachmentStep":false},{"name":"Body: None","time":{"start":1762653399708,"stop":1762653399708,"duration":0},"status":"passed","steps":[],"attachments":[],"parameters":[],"stepsCount":0,"shouldDisplayMessage":false,"attachmentsCount":0,"hasContent":false,"attachmentStep":false}],"attachments":[],"parameters":[],"stepsCount":2,"shouldDisplayMessage":false,"attachmentsCount":0,"hasContent":true,"attachmentStep":false},{"name":"Response:","time":{"start":1762653399708,"stop":1762653399708,"duration":0},"status":"passed","steps":[{"name":"Status code: 502","time":{"start":1762653399708,"stop":1762653399708,"duration":0},"status":"passed","steps":[],"attachments":[],"parameters":[],"stepsCount":0,"shouldDisplayMessage":false,"attachmentsCount":0,"hasContent":false,"attachmentStep":false},{"name":"JSON: <html>\r\n<head><title>502 Bad Gateway</title></head>\r\n<body>\r\n<center><h1>502 Bad Gateway</h1></center>\r\n<hr><center>nginx/1.18.0 (Ubuntu)</center>\r\n</body>\r\n</html>\r\n","time":{"start":1762653399708,"stop":1762653399708,"duration":0},"status":"passed","steps":[],"attachments":[],"parameters":[],"stepsCount":0,"shouldDisplayMessage":false,"attachmentsCount":0,"hasContent":false,"attachmentStep":false}],"attachments":[],"parameters":[],"stepsCount":2,"shouldDisplayMessage":false,"attachmentsCount":0,"hasContent":true,"attachmentStep":false}],"attachments":[],"parameters":[],"stepsCount":7,"shouldDisplayMessage":false,"attachmentsCount":0,"hasContent":true,"attachmentStep":false},{"name":"Assert status code: 200 == Response status code: 502","time":{"start":1762653399708,"stop":1762653399708,"duration":0},"status":"failed","statusMessage":"AssertionError: Incorrect status code: 502\n","statusTrace":"  File \"/home/runner/work/Oblache/Oblache/tests_api/utils/checking.py\", line 16, in check_status_code\n    assert status_code == result.status_code, f'Incorrect status code: {result.status_code}'\n           ^^^^^^^^^^^^^^^^^^^^^^^^^^^^^^^^^\n","steps":[],"attachments":[],"parameters":[],"stepsCount":0,"shouldDisplayMessage":true,"attachmentsCount":0,"hasContent":true,"attachmentStep":false}],"attachments":[],"parameters":[],"stepsCount":9,"shouldDisplayMessage":true,"attachmentsCount":0,"hasContent":true,"attachmentStep":false},"afterStages":[],"labels":[{"name":"suite","value":"POST"},{"name":"parentSuite","value":"tests_api"},{"name":"subSuite","value":"TestPOST"},{"name":"host","value":"runnervmw9dnm"},{"name":"thread","value":"2596-MainThread"},{"name":"framework","value":"pytest"},{"name":"language","value":"cpython3"},{"name":"package","value":"tests_api.test_bd"},{"name":"resultFormat","value":"allure2"}],"parameters":[],"links":[],"hidden":false,"retry":false,"extra":{"severity":"normal","retries":[],"categories":[{"name":"Product defects","matchedStatuses":[],"flaky":false}],"history":{"statistic":{"failed":1,"broken":0,"skipped":0,"passed":5,"unknown":0,"total":6},"items":[{"uid":"a82fbbe9cf7ea06a","reportUrl":"https://lambotik.github.io/Oblache/557/#testresult/a82fbbe9cf7ea06a","status":"passed","time":{"start":1762566406286,"stop":1762566406813,"duration":527}},{"uid":"b51177d57f80366","reportUrl":"https://lambotik.github.io/Oblache/556/#testresult/b51177d57f80366","status":"passed","time":{"start":1762480370308,"stop":1762480370923,"duration":615}},{"uid":"8a3295e3af400f76","reportUrl":"https://lambotik.github.io/Oblache/555/#testresult/8a3295e3af400f76","status":"passed","time":{"start":1762394038658,"stop":1762394039085,"duration":427}},{"uid":"bfe2745d6ac7edb6","reportUrl":"https://lambotik.github.io/Oblache/25/#testresult/bfe2745d6ac7edb6","status":"passed","time":{"start":1762342834428,"stop":1762342835028,"duration":600}},{"uid":"9f1d13a371dfa902","reportUrl":"https://lambotik.github.io/Oblache/24/#testresult/9f1d13a371dfa902","status":"passed","time":{"start":1762342473386,"stop":1762342473756,"duration":370}}]},"tags":[]},"source":"20773faee3917c02.json","parameterValues":[]}