{"uid":"27187dc8c68a673f","name":"POST registration email is taken for bg-bg","fullName":"tests_api.test_bd.TestPOST#test_post_registration_email_is_taken_for_bg_bg","historyId":"c7811bd494d11b8399f0b3c44a1e89fb","time":{"start":1762653393780,"stop":1762653394121,"duration":341},"status":"failed","statusMessage":"AssertionError: Incorrect status code: 502","statusTrace":"self = <tests_api.test_bd.TestPOST object at 0x7fa2e53ec800>\n\n    @allure.title('POST registration email is taken for bg-bg')\n    def test_post_registration_email_is_taken_for_bg_bg(self):\n        response = API.post_registration(\n            email=TestPOST.email,\n            old_password=TestPOST.old_password,\n            language=\"bg-bg\",\n            tos_agree=True)\n>       Checking.check_status_code(response, 400)\n\ntests_api/test_bd.py:180: \n_ _ _ _ _ _ _ _ _ _ _ _ _ _ _ _ _ _ _ _ _ _ _ _ _ _ _ _ _ _ _ _ _ _ _ _ _ _ _ _ \n\nresult = <Response [502]>, status_code = 400\n\n    @staticmethod\n    def check_status_code(result: requests.models.Response, status_code: int):\n        \"\"\"\n        Method check status code\n        :param result: Response\n        :param status_code:\n        \"\"\"\n        with allure.step(f'Assert status code: {status_code} == Response status code: {result.status_code}'):\n>           assert status_code == result.status_code, f'Incorrect status code: {result.status_code}'\nE           AssertionError: Incorrect status code: 502\n\ntests_api/utils/checking.py:16: AssertionError","flaky":false,"newFailed":true,"newBroken":false,"newPassed":false,"retriesCount":0,"retriesStatusChange":false,"beforeStages":[],"testStage":{"status":"failed","statusMessage":"AssertionError: Incorrect status code: 502","statusTrace":"self = <tests_api.test_bd.TestPOST object at 0x7fa2e53ec800>\n\n    @allure.title('POST registration email is taken for bg-bg')\n    def test_post_registration_email_is_taken_for_bg_bg(self):\n        response = API.post_registration(\n            email=TestPOST.email,\n            old_password=TestPOST.old_password,\n            language=\"bg-bg\",\n            tos_agree=True)\n>       Checking.check_status_code(response, 400)\n\ntests_api/test_bd.py:180: \n_ _ _ _ _ _ _ _ _ _ _ _ _ _ _ _ _ _ _ _ _ _ _ _ _ _ _ _ _ _ _ _ _ _ _ _ _ _ _ _ \n\nresult = <Response [502]>, status_code = 400\n\n    @staticmethod\n    def check_status_code(result: requests.models.Response, status_code: int):\n        \"\"\"\n        Method check status code\n        :param result: Response\n        :param status_code:\n        \"\"\"\n        with allure.step(f'Assert status code: {status_code} == Response status code: {result.status_code}'):\n>           assert status_code == result.status_code, f'Incorrect status code: {result.status_code}'\nE           AssertionError: Incorrect status code: 502\n\ntests_api/utils/checking.py:16: AssertionError","steps":[{"name":"Endpoint: /register","time":{"start":1762653394121,"stop":1762653394121,"duration":0},"status":"passed","steps":[],"attachments":[],"parameters":[],"stepsCount":0,"shouldDisplayMessage":false,"attachmentsCount":0,"hasContent":false,"attachmentStep":false},{"name":"Request:","time":{"start":1762653394121,"stop":1762653394121,"duration":0},"status":"passed","steps":[{"name":"Headers: {'Content-Type': 'application/json', 'Authorization': ''}","time":{"start":1762653394121,"stop":1762653394121,"duration":0},"status":"passed","steps":[],"attachments":[],"parameters":[],"stepsCount":0,"shouldDisplayMessage":false,"attachmentsCount":0,"hasContent":false,"attachmentStep":false},{"name":"Body: \n                            {\n                            \"email\": email,\n                            \"password\": password,\n                            \"tos_agree\": True,\n                            \"language\": bg-bg\n                           }","time":{"start":1762653394121,"stop":1762653394121,"duration":0},"status":"passed","steps":[],"attachments":[],"parameters":[],"stepsCount":0,"shouldDisplayMessage":false,"attachmentsCount":0,"hasContent":false,"attachmentStep":false}],"attachments":[],"parameters":[],"stepsCount":2,"shouldDisplayMessage":false,"attachmentsCount":0,"hasContent":true,"attachmentStep":false},{"name":"Response:","time":{"start":1762653394121,"stop":1762653394121,"duration":0},"status":"passed","steps":[{"name":"Status code: 502","time":{"start":1762653394121,"stop":1762653394121,"duration":0},"status":"passed","steps":[],"attachments":[],"parameters":[],"stepsCount":0,"shouldDisplayMessage":false,"attachmentsCount":0,"hasContent":false,"attachmentStep":false},{"name":"JSON: <html>\r\n<head><title>502 Bad Gateway</title></head>\r\n<body>\r\n<center><h1>502 Bad Gateway</h1></center>\r\n<hr><center>nginx/1.18.0 (Ubuntu)</center>\r\n</body>\r\n</html>\r\n","time":{"start":1762653394121,"stop":1762653394121,"duration":0},"status":"passed","steps":[],"attachments":[],"parameters":[],"stepsCount":0,"shouldDisplayMessage":false,"attachmentsCount":0,"hasContent":false,"attachmentStep":false}],"attachments":[],"parameters":[],"stepsCount":2,"shouldDisplayMessage":false,"attachmentsCount":0,"hasContent":true,"attachmentStep":false},{"name":"Assert status code: 400 == Response status code: 502","time":{"start":1762653394121,"stop":1762653394121,"duration":0},"status":"failed","statusMessage":"AssertionError: Incorrect status code: 502\n","statusTrace":"  File \"/home/runner/work/Oblache/Oblache/tests_api/utils/checking.py\", line 16, in check_status_code\n    assert status_code == result.status_code, f'Incorrect status code: {result.status_code}'\n           ^^^^^^^^^^^^^^^^^^^^^^^^^^^^^^^^^\n","steps":[],"attachments":[],"parameters":[],"stepsCount":0,"shouldDisplayMessage":true,"attachmentsCount":0,"hasContent":true,"attachmentStep":false}],"attachments":[],"parameters":[],"stepsCount":8,"shouldDisplayMessage":true,"attachmentsCount":0,"hasContent":true,"attachmentStep":false},"afterStages":[],"labels":[{"name":"suite","value":"POST"},{"name":"parentSuite","value":"tests_api"},{"name":"subSuite","value":"TestPOST"},{"name":"host","value":"runnervmw9dnm"},{"name":"thread","value":"2596-MainThread"},{"name":"framework","value":"pytest"},{"name":"language","value":"cpython3"},{"name":"package","value":"tests_api.test_bd"},{"name":"resultFormat","value":"allure2"}],"parameters":[],"links":[],"hidden":false,"retry":false,"extra":{"severity":"normal","retries":[],"categories":[{"name":"Product defects","matchedStatuses":[],"flaky":false}],"history":{"statistic":{"failed":1,"broken":0,"skipped":0,"passed":5,"unknown":0,"total":6},"items":[{"uid":"4dace0d2c3679371","reportUrl":"https://lambotik.github.io/Oblache/557/#testresult/4dace0d2c3679371","status":"passed","time":{"start":1762566396828,"stop":1762566397244,"duration":416}},{"uid":"ea9faab56940c495","reportUrl":"https://lambotik.github.io/Oblache/556/#testresult/ea9faab56940c495","status":"passed","time":{"start":1762480359206,"stop":1762480359705,"duration":499}},{"uid":"be096d177f3809bd","reportUrl":"https://lambotik.github.io/Oblache/555/#testresult/be096d177f3809bd","status":"passed","time":{"start":1762394030596,"stop":1762394030958,"duration":362}},{"uid":"6fc158f054149a","reportUrl":"https://lambotik.github.io/Oblache/25/#testresult/6fc158f054149a","status":"passed","time":{"start":1762342823790,"stop":1762342824268,"duration":478}},{"uid":"b11bd6a403b0666a","reportUrl":"https://lambotik.github.io/Oblache/24/#testresult/b11bd6a403b0666a","status":"passed","time":{"start":1762342465978,"stop":1762342466378,"duration":400}}]},"tags":[]},"source":"27187dc8c68a673f.json","parameterValues":[]}