{"uid":"277845d76be20934","name":"Deleting a DB with results check in the Account Dashboard table","fullName":"tests_ui.test_ui.TestProfilePage#test_delete_database","historyId":"79ccd4aa4a29c03ae3f72e89c73351ae","time":{"start":1762653536118,"stop":1762653542217,"duration":6099},"status":"broken","statusMessage":"selenium.common.exceptions.TimeoutException: Message: Can't find element by locator ('xpath', '//button[@id=\"menu_button_status\"]')\nStacktrace:\n#0 0x55f308f44aea <unknown>\n#1 0x55f308990cdb <unknown>\n#2 0x55f3089e36c4 <unknown>\n#3 0x55f3089e3901 <unknown>\n#4 0x55f308a328b4 <unknown>\n#5 0x55f308a2fc87 <unknown>\n#6 0x55f3089d5aca <unknown>\n#7 0x55f3089d67d1 <unknown>\n#8 0x55f308f0bab9 <unknown>\n#9 0x55f308f0ea8c <unknown>\n#10 0x55f308ef4d49 <unknown>\n#11 0x55f308f0f685 <unknown>\n#12 0x55f308edc6c3 <unknown>\n#13 0x55f308f317d8 <unknown>\n#14 0x55f308f319b3 <unknown>\n#15 0x55f308f43a83 <unknown>\n#16 0x7f256749caa4 <unknown>\n#17 0x7f2567529c6c <unknown>","statusTrace":"self = <tests_ui.test_ui.TestProfilePage object at 0x7fa2e5305c40>\ndriver = <selenium.webdriver.chrome.webdriver.WebDriver (session=\"d4e4479d8671a24846dbd479067a71c6\")>\nauthorization_user = None\n\n    @allure.title('Deleting a DB with results check in the Account Dashboard table')\n    def test_delete_database(self, driver, authorization_user):\n        page = ProfilePage(driver, authorization_user)\n>       page.click_button_status()\n\ntests_ui/test_ui.py:95: \n_ _ _ _ _ _ _ _ _ _ _ _ _ _ _ _ _ _ _ _ _ _ _ _ _ _ _ _ _ _ _ _ _ _ _ _ _ _ _ _ \ntests_ui/profile_page.py:18: in click_button_status\n    return self.element_is_present_and_clickable(self.locators.STATUS_BUTTON).click()\ntests_ui/base_page.py:28: in element_is_present_and_clickable\n    return (Wait(self.driver, self.timeout).until(\n_ _ _ _ _ _ _ _ _ _ _ _ _ _ _ _ _ _ _ _ _ _ _ _ _ _ _ _ _ _ _ _ _ _ _ _ _ _ _ _ \n\nself = <selenium.webdriver.support.wait.WebDriverWait (session=\"d4e4479d8671a24846dbd479067a71c6\")>\nmethod = <function visibility_of_element_located.<locals>._predicate at 0x7fa2e49145e0>\nmessage = 'Can\\'t find element by locator (\\'xpath\\', \\'//button[@id=\"menu_button_status\"]\\')'\n\n    def until(self, method: Callable[[D], Union[Literal[False], T]], message: str = \"\") -> T:\n        \"\"\"Calls the method provided with the driver as an argument until the \\\n        return value does not evaluate to ``False``.\n    \n        :param method: callable(WebDriver)\n        :param message: optional message for :exc:`TimeoutException`\n        :returns: the result of the last call to `method`\n        :raises: :exc:`selenium.common.exceptions.TimeoutException` if timeout occurs\n        \"\"\"\n        screen = None\n        stacktrace = None\n    \n        end_time = time.monotonic() + self._timeout\n        while True:\n            try:\n                value = method(self._driver)\n                if value:\n                    return value\n            except self._ignored_exceptions as exc:\n                screen = getattr(exc, \"screen\", None)\n                stacktrace = getattr(exc, \"stacktrace\", None)\n            time.sleep(self._poll)\n            if time.monotonic() > end_time:\n                break\n>       raise TimeoutException(message, screen, stacktrace)\nE       selenium.common.exceptions.TimeoutException: Message: Can't find element by locator ('xpath', '//button[@id=\"menu_button_status\"]')\nE       Stacktrace:\nE       #0 0x55f308f44aea <unknown>\nE       #1 0x55f308990cdb <unknown>\nE       #2 0x55f3089e36c4 <unknown>\nE       #3 0x55f3089e3901 <unknown>\nE       #4 0x55f308a328b4 <unknown>\nE       #5 0x55f308a2fc87 <unknown>\nE       #6 0x55f3089d5aca <unknown>\nE       #7 0x55f3089d67d1 <unknown>\nE       #8 0x55f308f0bab9 <unknown>\nE       #9 0x55f308f0ea8c <unknown>\nE       #10 0x55f308ef4d49 <unknown>\nE       #11 0x55f308f0f685 <unknown>\nE       #12 0x55f308edc6c3 <unknown>\nE       #13 0x55f308f317d8 <unknown>\nE       #14 0x55f308f319b3 <unknown>\nE       #15 0x55f308f43a83 <unknown>\nE       #16 0x7f256749caa4 <unknown>\nE       #17 0x7f2567529c6c <unknown>\n\n/opt/hostedtoolcache/Python/3.12.12/x64/lib/python3.12/site-packages/selenium/webdriver/support/wait.py:105: TimeoutException","flaky":false,"newFailed":false,"newBroken":false,"newPassed":false,"retriesCount":0,"retriesStatusChange":false,"beforeStages":[{"name":"driver","time":{"start":1762653535284,"stop":1762653535552,"duration":268},"status":"passed","steps":[],"attachments":[],"parameters":[],"stepsCount":0,"shouldDisplayMessage":false,"attachmentsCount":0,"hasContent":false,"attachmentStep":false},{"name":"authorization_user","time":{"start":1762653535552,"stop":1762653536118,"duration":566},"status":"passed","steps":[{"name":"Open page: https://oblache.areso.pro/register.html","time":{"start":1762653535552,"stop":1762653535916,"duration":364},"status":"passed","steps":[],"attachments":[],"parameters":[],"stepsCount":0,"shouldDisplayMessage":false,"attachmentsCount":0,"hasContent":false,"attachmentStep":false},{"name":"Login user","time":{"start":1762653535916,"stop":1762653536118,"duration":202},"status":"passed","steps":[{"name":"Enter email.","time":{"start":1762653535916,"stop":1762653535978,"duration":62},"status":"passed","steps":[],"attachments":[],"parameters":[],"stepsCount":0,"shouldDisplayMessage":false,"attachmentsCount":0,"hasContent":false,"attachmentStep":false},{"name":"Enter password.","time":{"start":1762653535978,"stop":1762653536027,"duration":49},"status":"passed","steps":[],"attachments":[],"parameters":[],"stepsCount":0,"shouldDisplayMessage":false,"attachmentsCount":0,"hasContent":false,"attachmentStep":false},{"name":"Click button \"Login\"","time":{"start":1762653536027,"stop":1762653536115,"duration":88},"status":"passed","steps":[],"attachments":[],"parameters":[],"stepsCount":0,"shouldDisplayMessage":false,"attachmentsCount":0,"hasContent":false,"attachmentStep":false},{"name":"Check url is present: https://oblache.areso.pro/register.html","time":{"start":1762653536115,"stop":1762653536118,"duration":3},"status":"passed","steps":[],"attachments":[],"parameters":[],"stepsCount":0,"shouldDisplayMessage":false,"attachmentsCount":0,"hasContent":false,"attachmentStep":false}],"attachments":[],"parameters":[],"stepsCount":4,"shouldDisplayMessage":false,"attachmentsCount":0,"hasContent":true,"attachmentStep":false}],"attachments":[],"parameters":[],"stepsCount":6,"shouldDisplayMessage":false,"attachmentsCount":0,"hasContent":true,"attachmentStep":false}],"testStage":{"status":"broken","statusMessage":"selenium.common.exceptions.TimeoutException: Message: Can't find element by locator ('xpath', '//button[@id=\"menu_button_status\"]')\nStacktrace:\n#0 0x55f308f44aea <unknown>\n#1 0x55f308990cdb <unknown>\n#2 0x55f3089e36c4 <unknown>\n#3 0x55f3089e3901 <unknown>\n#4 0x55f308a328b4 <unknown>\n#5 0x55f308a2fc87 <unknown>\n#6 0x55f3089d5aca <unknown>\n#7 0x55f3089d67d1 <unknown>\n#8 0x55f308f0bab9 <unknown>\n#9 0x55f308f0ea8c <unknown>\n#10 0x55f308ef4d49 <unknown>\n#11 0x55f308f0f685 <unknown>\n#12 0x55f308edc6c3 <unknown>\n#13 0x55f308f317d8 <unknown>\n#14 0x55f308f319b3 <unknown>\n#15 0x55f308f43a83 <unknown>\n#16 0x7f256749caa4 <unknown>\n#17 0x7f2567529c6c <unknown>","statusTrace":"self = <tests_ui.test_ui.TestProfilePage object at 0x7fa2e5305c40>\ndriver = <selenium.webdriver.chrome.webdriver.WebDriver (session=\"d4e4479d8671a24846dbd479067a71c6\")>\nauthorization_user = None\n\n    @allure.title('Deleting a DB with results check in the Account Dashboard table')\n    def test_delete_database(self, driver, authorization_user):\n        page = ProfilePage(driver, authorization_user)\n>       page.click_button_status()\n\ntests_ui/test_ui.py:95: \n_ _ _ _ _ _ _ _ _ _ _ _ _ _ _ _ _ _ _ _ _ _ _ _ _ _ _ _ _ _ _ _ _ _ _ _ _ _ _ _ \ntests_ui/profile_page.py:18: in click_button_status\n    return self.element_is_present_and_clickable(self.locators.STATUS_BUTTON).click()\ntests_ui/base_page.py:28: in element_is_present_and_clickable\n    return (Wait(self.driver, self.timeout).until(\n_ _ _ _ _ _ _ _ _ _ _ _ _ _ _ _ _ _ _ _ _ _ _ _ _ _ _ _ _ _ _ _ _ _ _ _ _ _ _ _ \n\nself = <selenium.webdriver.support.wait.WebDriverWait (session=\"d4e4479d8671a24846dbd479067a71c6\")>\nmethod = <function visibility_of_element_located.<locals>._predicate at 0x7fa2e49145e0>\nmessage = 'Can\\'t find element by locator (\\'xpath\\', \\'//button[@id=\"menu_button_status\"]\\')'\n\n    def until(self, method: Callable[[D], Union[Literal[False], T]], message: str = \"\") -> T:\n        \"\"\"Calls the method provided with the driver as an argument until the \\\n        return value does not evaluate to ``False``.\n    \n        :param method: callable(WebDriver)\n        :param message: optional message for :exc:`TimeoutException`\n        :returns: the result of the last call to `method`\n        :raises: :exc:`selenium.common.exceptions.TimeoutException` if timeout occurs\n        \"\"\"\n        screen = None\n        stacktrace = None\n    \n        end_time = time.monotonic() + self._timeout\n        while True:\n            try:\n                value = method(self._driver)\n                if value:\n                    return value\n            except self._ignored_exceptions as exc:\n                screen = getattr(exc, \"screen\", None)\n                stacktrace = getattr(exc, \"stacktrace\", None)\n            time.sleep(self._poll)\n            if time.monotonic() > end_time:\n                break\n>       raise TimeoutException(message, screen, stacktrace)\nE       selenium.common.exceptions.TimeoutException: Message: Can't find element by locator ('xpath', '//button[@id=\"menu_button_status\"]')\nE       Stacktrace:\nE       #0 0x55f308f44aea <unknown>\nE       #1 0x55f308990cdb <unknown>\nE       #2 0x55f3089e36c4 <unknown>\nE       #3 0x55f3089e3901 <unknown>\nE       #4 0x55f308a328b4 <unknown>\nE       #5 0x55f308a2fc87 <unknown>\nE       #6 0x55f3089d5aca <unknown>\nE       #7 0x55f3089d67d1 <unknown>\nE       #8 0x55f308f0bab9 <unknown>\nE       #9 0x55f308f0ea8c <unknown>\nE       #10 0x55f308ef4d49 <unknown>\nE       #11 0x55f308f0f685 <unknown>\nE       #12 0x55f308edc6c3 <unknown>\nE       #13 0x55f308f317d8 <unknown>\nE       #14 0x55f308f319b3 <unknown>\nE       #15 0x55f308f43a83 <unknown>\nE       #16 0x7f256749caa4 <unknown>\nE       #17 0x7f2567529c6c <unknown>\n\n/opt/hostedtoolcache/Python/3.12.12/x64/lib/python3.12/site-packages/selenium/webdriver/support/wait.py:105: TimeoutException","steps":[{"name":"Click button Status.","time":{"start":1762653537118,"stop":1762653542217,"duration":5099},"status":"broken","statusMessage":"selenium.common.exceptions.TimeoutException: Message: Can't find element by locator ('xpath', '//button[@id=\"menu_button_status\"]')\nStacktrace:\n#0 0x55f308f44aea <unknown>\n#1 0x55f308990cdb <unknown>\n#2 0x55f3089e36c4 <unknown>\n#3 0x55f3089e3901 <unknown>\n#4 0x55f308a328b4 <unknown>\n#5 0x55f308a2fc87 <unknown>\n#6 0x55f3089d5aca <unknown>\n#7 0x55f3089d67d1 <unknown>\n#8 0x55f308f0bab9 <unknown>\n#9 0x55f308f0ea8c <unknown>\n#10 0x55f308ef4d49 <unknown>\n#11 0x55f308f0f685 <unknown>\n#12 0x55f308edc6c3 <unknown>\n#13 0x55f308f317d8 <unknown>\n#14 0x55f308f319b3 <unknown>\n#15 0x55f308f43a83 <unknown>\n#16 0x7f256749caa4 <unknown>\n#17 0x7f2567529c6c <unknown>\n\n","statusTrace":"  File \"/home/runner/work/Oblache/Oblache/tests_ui/profile_page.py\", line 18, in click_button_status\n    return self.element_is_present_and_clickable(self.locators.STATUS_BUTTON).click()\n           ^^^^^^^^^^^^^^^^^^^^^^^^^^^^^^^^^^^^^^^^^^^^^^^^^^^^^^^^^^^^^^^^^^\n  File \"/home/runner/work/Oblache/Oblache/tests_ui/base_page.py\", line 28, in element_is_present_and_clickable\n    return (Wait(self.driver, self.timeout).until(\n            ^^^^^^^^^^^^^^^^^^^^^^^^^^^^^^^^^^^^^^\n  File \"/opt/hostedtoolcache/Python/3.12.12/x64/lib/python3.12/site-packages/selenium/webdriver/support/wait.py\", line 105, in until\n    raise TimeoutException(message, screen, stacktrace)\n","steps":[],"attachments":[],"parameters":[],"stepsCount":0,"shouldDisplayMessage":true,"attachmentsCount":0,"hasContent":true,"attachmentStep":false}],"attachments":[{"uid":"d7bb2ad65f3f9331","name":"Screenshot 2025-11-09 01:59:02.272024","source":"d7bb2ad65f3f9331.png","type":"image/png","size":15432}],"parameters":[],"stepsCount":1,"shouldDisplayMessage":true,"attachmentsCount":1,"hasContent":true,"attachmentStep":false},"afterStages":[{"name":"driver::0","time":{"start":1762653542273,"stop":1762653542333,"duration":60},"status":"passed","steps":[],"attachments":[],"parameters":[],"stepsCount":0,"shouldDisplayMessage":false,"attachmentsCount":0,"hasContent":false,"attachmentStep":false}],"labels":[{"name":"suite","value":"Test Profile Page."},{"name":"parentSuite","value":"tests_ui"},{"name":"subSuite","value":"TestProfilePage"},{"name":"host","value":"runnervmw9dnm"},{"name":"thread","value":"2596-MainThread"},{"name":"framework","value":"pytest"},{"name":"language","value":"cpython3"},{"name":"package","value":"tests_ui.test_ui"},{"name":"resultFormat","value":"allure2"}],"parameters":[],"links":[],"hidden":false,"retry":false,"extra":{"severity":"normal","retries":[],"categories":[{"name":"Test defects","matchedStatuses":[],"flaky":false}],"history":{"statistic":{"failed":1,"broken":3,"skipped":0,"passed":0,"unknown":0,"total":4},"items":[{"uid":"ffe691273524402d","reportUrl":"https://lambotik.github.io/Oblache/557/#testresult/ffe691273524402d","status":"broken","statusDetails":"ValueError: invalid literal for int() with base 10: 'nodata'","time":{"start":1762566542502,"stop":1762566544248,"duration":1746}},{"uid":"f6f860462e54ac52","reportUrl":"https://lambotik.github.io/Oblache/556/#testresult/f6f860462e54ac52","status":"failed","statusDetails":"AssertionError: Wrong answer from server or need manual deleting!!!","time":{"start":1762480538965,"stop":1762480543032,"duration":4067}},{"uid":"c02c6b0fadba7a24","reportUrl":"https://lambotik.github.io/Oblache/555/#testresult/c02c6b0fadba7a24","status":"broken","statusDetails":"ValueError: invalid literal for int() with base 10: 'nodata'","time":{"start":1762394174740,"stop":1762394176373,"duration":1633}}]},"tags":[]},"source":"277845d76be20934.json","parameterValues":[]}