{"uid":"2ac84d7b95cd7b95","name":"test order db create backup","fullName":"tests_api.test_bd.TestBackup#test_order_db_create_backup","historyId":"bbc51bc9e59c2f7de52280f53d30e264","time":{"start":1762653406360,"stop":1762653406360,"duration":0},"status":"failed","statusMessage":"AssertionError: Incorrect status code: 502","statusTrace":"@pytest.fixture()\n    def get_token_backup_2():\n        \"\"\"\n        Method return:\\n\n        token: str\\n\n        body: dict\\n\n        uuid: str\n        \"\"\"\n        load_dotenv()\n        email = os.getenv('BACKUP2_MAIL')\n        old_password = os.getenv('BACKUP2_PASSWORD')\n        uuid = os.getenv('BACKUP2_UUID')\n        body = {\"email\": email, \"password\": old_password}\n        result = requests.post('https://dbend.areso.pro/login', json=body)\n>       Checking.check_status_code(result, 200)\n\nconftest.py:113: \n_ _ _ _ _ _ _ _ _ _ _ _ _ _ _ _ _ _ _ _ _ _ _ _ _ _ _ _ _ _ _ _ _ _ _ _ _ _ _ _ \n\nresult = <Response [502]>, status_code = 200\n\n    @staticmethod\n    def check_status_code(result: requests.models.Response, status_code: int):\n        \"\"\"\n        Method check status code\n        :param result: Response\n        :param status_code:\n        \"\"\"\n        with allure.step(f'Assert status code: {status_code} == Response status code: {result.status_code}'):\n>           assert status_code == result.status_code, f'Incorrect status code: {result.status_code}'\nE           AssertionError: Incorrect status code: 502\n\ntests_api/utils/checking.py:16: AssertionError","flaky":false,"newFailed":false,"newBroken":false,"newPassed":false,"retriesCount":0,"retriesStatusChange":false,"beforeStages":[{"name":"get_token_backup_2","time":{"start":1762653406360,"stop":1762653406694,"duration":334},"status":"failed","statusMessage":"AssertionError: Incorrect status code: 502\n","statusTrace":"  File \"/opt/hostedtoolcache/Python/3.12.12/x64/lib/python3.12/site-packages/pluggy/_callers.py\", line 38, in run_old_style_hookwrapper\n    res = yield\n          ^^^^^\n  File \"/opt/hostedtoolcache/Python/3.12.12/x64/lib/python3.12/site-packages/pluggy/_callers.py\", line 139, in _multicall\n    teardown.throw(exception)\n  File \"/opt/hostedtoolcache/Python/3.12.12/x64/lib/python3.12/site-packages/pluggy/_callers.py\", line 53, in run_old_style_hookwrapper\n    return result.get_result()\n           ^^^^^^^^^^^^^^^^^^^\n  File \"/opt/hostedtoolcache/Python/3.12.12/x64/lib/python3.12/site-packages/pluggy/_result.py\", line 103, in get_result\n    raise exc.with_traceback(tb)\n  File \"/opt/hostedtoolcache/Python/3.12.12/x64/lib/python3.12/site-packages/pluggy/_callers.py\", line 38, in run_old_style_hookwrapper\n    res = yield\n          ^^^^^\n  File \"/opt/hostedtoolcache/Python/3.12.12/x64/lib/python3.12/site-packages/pluggy/_callers.py\", line 121, in _multicall\n    res = hook_impl.function(*args)\n          ^^^^^^^^^^^^^^^^^^^^^^^^^\n  File \"/opt/hostedtoolcache/Python/3.12.12/x64/lib/python3.12/site-packages/_pytest/fixtures.py\", line 1123, in pytest_fixture_setup\n    result = call_fixture_func(fixturefunc, request, kwargs)\n             ^^^^^^^^^^^^^^^^^^^^^^^^^^^^^^^^^^^^^^^^^^^^^^^\n  File \"/opt/hostedtoolcache/Python/3.12.12/x64/lib/python3.12/site-packages/_pytest/fixtures.py\", line 902, in call_fixture_func\n    fixture_result = fixturefunc(**kwargs)\n                     ^^^^^^^^^^^^^^^^^^^^^\n  File \"/home/runner/work/Oblache/Oblache/conftest.py\", line 113, in get_token_backup_2\n    Checking.check_status_code(result, 200)\n  File \"/home/runner/work/Oblache/Oblache/tests_api/utils/checking.py\", line 16, in check_status_code\n    assert status_code == result.status_code, f'Incorrect status code: {result.status_code}'\n           ^^^^^^^^^^^^^^^^^^^^^^^^^^^^^^^^^\n","steps":[{"name":"Assert status code: 200 == Response status code: 502","time":{"start":1762653406694,"stop":1762653406694,"duration":0},"status":"failed","statusMessage":"AssertionError: Incorrect status code: 502\n","statusTrace":"  File \"/home/runner/work/Oblache/Oblache/tests_api/utils/checking.py\", line 16, in check_status_code\n    assert status_code == result.status_code, f'Incorrect status code: {result.status_code}'\n           ^^^^^^^^^^^^^^^^^^^^^^^^^^^^^^^^^\n","steps":[],"attachments":[],"parameters":[],"stepsCount":0,"shouldDisplayMessage":true,"attachmentsCount":0,"hasContent":true,"attachmentStep":false}],"attachments":[],"parameters":[],"stepsCount":1,"shouldDisplayMessage":false,"attachmentsCount":0,"hasContent":true,"attachmentStep":false}],"afterStages":[],"labels":[{"name":"suite","value":"Test Backup"},{"name":"parentSuite","value":"tests_api"},{"name":"subSuite","value":"TestBackup"},{"name":"host","value":"runnervmw9dnm"},{"name":"thread","value":"2596-MainThread"},{"name":"framework","value":"pytest"},{"name":"language","value":"cpython3"},{"name":"package","value":"tests_api.test_bd"},{"name":"resultFormat","value":"allure2"}],"parameters":[],"links":[],"hidden":false,"retry":false,"extra":{"severity":"normal","retries":[],"categories":[{"name":"Product defects","matchedStatuses":[],"flaky":false}],"history":{"statistic":{"failed":6,"broken":0,"skipped":0,"passed":0,"unknown":0,"total":6},"items":[{"uid":"b03f7d0188eea22c","reportUrl":"https://lambotik.github.io/Oblache/557/#testresult/b03f7d0188eea22c","status":"failed","statusDetails":"AssertionError: Incorrect status code: 400","time":{"start":1762566417384,"stop":1762566417817,"duration":433}},{"uid":"7c4d8b3a6cf00540","reportUrl":"https://lambotik.github.io/Oblache/556/#testresult/7c4d8b3a6cf00540","status":"failed","statusDetails":"AssertionError: Incorrect status code: 400","time":{"start":1762480383242,"stop":1762480383747,"duration":505}},{"uid":"b2228d537d9a021b","reportUrl":"https://lambotik.github.io/Oblache/555/#testresult/b2228d537d9a021b","status":"failed","statusDetails":"AssertionError: Incorrect status code: 400","time":{"start":1762394048683,"stop":1762394049044,"duration":361}},{"uid":"f4635cfae505345c","reportUrl":"https://lambotik.github.io/Oblache/25/#testresult/f4635cfae505345c","status":"failed","statusDetails":"AssertionError: Incorrect status code: 400","time":{"start":1762342846985,"stop":1762342847468,"duration":483}},{"uid":"ad7d22cb08f135e8","reportUrl":"https://lambotik.github.io/Oblache/24/#testresult/ad7d22cb08f135e8","status":"failed","statusDetails":"AssertionError: Incorrect status code: 400","time":{"start":1762342481871,"stop":1762342482198,"duration":327}}]},"tags":[]},"source":"2ac84d7b95cd7b95.json","parameterValues":[]}