{"uid":"31391711ce598424","name":"POST db_create_with_wrong_db_version.","fullName":"tests_api.test_bd.TestPOST#test_post_db_create_with_wrong_values_db_version","historyId":"bda6ac446aec42c036b6b747abee39c3","time":{"start":1762653398349,"stop":1762653398680,"duration":331},"status":"failed","statusMessage":"AssertionError: Incorrect status code: 502","statusTrace":"self = <tests_api.test_bd.TestPOST object at 0x7fa2e53ed340>\n\n    @allure.title('POST db_create_with_wrong_db_version.')\n    def test_post_db_create_with_wrong_values_db_version(self):\n        response_db_list = API.post_db_create_wrong_value_db_version(token=TestPOST.token)\n>       Checking.check_status_code(response_db_list, 400)\n\ntests_api/test_bd.py:265: \n_ _ _ _ _ _ _ _ _ _ _ _ _ _ _ _ _ _ _ _ _ _ _ _ _ _ _ _ _ _ _ _ _ _ _ _ _ _ _ _ \n\nresult = <Response [502]>, status_code = 400\n\n    @staticmethod\n    def check_status_code(result: requests.models.Response, status_code: int):\n        \"\"\"\n        Method check status code\n        :param result: Response\n        :param status_code:\n        \"\"\"\n        with allure.step(f'Assert status code: {status_code} == Response status code: {result.status_code}'):\n>           assert status_code == result.status_code, f'Incorrect status code: {result.status_code}'\nE           AssertionError: Incorrect status code: 502\n\ntests_api/utils/checking.py:16: AssertionError","flaky":false,"newFailed":false,"newBroken":false,"newPassed":false,"retriesCount":0,"retriesStatusChange":false,"beforeStages":[],"testStage":{"status":"failed","statusMessage":"AssertionError: Incorrect status code: 502","statusTrace":"self = <tests_api.test_bd.TestPOST object at 0x7fa2e53ed340>\n\n    @allure.title('POST db_create_with_wrong_db_version.')\n    def test_post_db_create_with_wrong_values_db_version(self):\n        response_db_list = API.post_db_create_wrong_value_db_version(token=TestPOST.token)\n>       Checking.check_status_code(response_db_list, 400)\n\ntests_api/test_bd.py:265: \n_ _ _ _ _ _ _ _ _ _ _ _ _ _ _ _ _ _ _ _ _ _ _ _ _ _ _ _ _ _ _ _ _ _ _ _ _ _ _ _ \n\nresult = <Response [502]>, status_code = 400\n\n    @staticmethod\n    def check_status_code(result: requests.models.Response, status_code: int):\n        \"\"\"\n        Method check status code\n        :param result: Response\n        :param status_code:\n        \"\"\"\n        with allure.step(f'Assert status code: {status_code} == Response status code: {result.status_code}'):\n>           assert status_code == result.status_code, f'Incorrect status code: {result.status_code}'\nE           AssertionError: Incorrect status code: 502\n\ntests_api/utils/checking.py:16: AssertionError","steps":[{"name":"post_db_create_wrong_value_db_version","time":{"start":1762653398349,"stop":1762653398680,"duration":331},"status":"passed","steps":[{"name":"Endpoint: /db_create","time":{"start":1762653398680,"stop":1762653398680,"duration":0},"status":"passed","steps":[],"attachments":[],"parameters":[],"stepsCount":0,"shouldDisplayMessage":false,"attachmentsCount":0,"hasContent":false,"attachmentStep":false},{"name":"Request:","time":{"start":1762653398680,"stop":1762653398680,"duration":0},"status":"passed","steps":[{"name":"Headers: {'Content-Type': 'application/json', 'Authorization': {None}}","time":{"start":1762653398680,"stop":1762653398680,"duration":0},"status":"passed","steps":[],"attachments":[],"parameters":[],"stepsCount":0,"shouldDisplayMessage":false,"attachmentsCount":0,"hasContent":false,"attachmentStep":false},{"name":"Body: {\"dbtype\": 3, \"dbversion\": 98, \"env\": 3, \"region\": 3}","time":{"start":1762653398680,"stop":1762653398680,"duration":0},"status":"passed","steps":[],"attachments":[],"parameters":[],"stepsCount":0,"shouldDisplayMessage":false,"attachmentsCount":0,"hasContent":false,"attachmentStep":false}],"attachments":[],"parameters":[],"stepsCount":2,"shouldDisplayMessage":false,"attachmentsCount":0,"hasContent":true,"attachmentStep":false},{"name":"Response:","time":{"start":1762653398680,"stop":1762653398680,"duration":0},"status":"passed","steps":[{"name":"Status code: 502","time":{"start":1762653398680,"stop":1762653398680,"duration":0},"status":"passed","steps":[],"attachments":[],"parameters":[],"stepsCount":0,"shouldDisplayMessage":false,"attachmentsCount":0,"hasContent":false,"attachmentStep":false},{"name":"JSON: <html>\r\n<head><title>502 Bad Gateway</title></head>\r\n<body>\r\n<center><h1>502 Bad Gateway</h1></center>\r\n<hr><center>nginx/1.18.0 (Ubuntu)</center>\r\n</body>\r\n</html>\r\n","time":{"start":1762653398680,"stop":1762653398680,"duration":0},"status":"passed","steps":[],"attachments":[],"parameters":[],"stepsCount":0,"shouldDisplayMessage":false,"attachmentsCount":0,"hasContent":false,"attachmentStep":false}],"attachments":[],"parameters":[],"stepsCount":2,"shouldDisplayMessage":false,"attachmentsCount":0,"hasContent":true,"attachmentStep":false}],"attachments":[],"parameters":[],"stepsCount":7,"shouldDisplayMessage":false,"attachmentsCount":0,"hasContent":true,"attachmentStep":false},{"name":"Assert status code: 400 == Response status code: 502","time":{"start":1762653398680,"stop":1762653398680,"duration":0},"status":"failed","statusMessage":"AssertionError: Incorrect status code: 502\n","statusTrace":"  File \"/home/runner/work/Oblache/Oblache/tests_api/utils/checking.py\", line 16, in check_status_code\n    assert status_code == result.status_code, f'Incorrect status code: {result.status_code}'\n           ^^^^^^^^^^^^^^^^^^^^^^^^^^^^^^^^^\n","steps":[],"attachments":[],"parameters":[],"stepsCount":0,"shouldDisplayMessage":true,"attachmentsCount":0,"hasContent":true,"attachmentStep":false}],"attachments":[],"parameters":[],"stepsCount":9,"shouldDisplayMessage":true,"attachmentsCount":0,"hasContent":true,"attachmentStep":false},"afterStages":[],"labels":[{"name":"suite","value":"POST"},{"name":"parentSuite","value":"tests_api"},{"name":"subSuite","value":"TestPOST"},{"name":"host","value":"runnervmw9dnm"},{"name":"thread","value":"2596-MainThread"},{"name":"framework","value":"pytest"},{"name":"language","value":"cpython3"},{"name":"package","value":"tests_api.test_bd"},{"name":"resultFormat","value":"allure2"}],"parameters":[],"links":[],"hidden":false,"retry":false,"extra":{"severity":"normal","retries":[],"categories":[{"name":"Product defects","matchedStatuses":[],"flaky":false}],"history":{"statistic":{"failed":6,"broken":0,"skipped":0,"passed":0,"unknown":0,"total":6},"items":[{"uid":"8f728f47b2a26195","reportUrl":"https://lambotik.github.io/Oblache/557/#testresult/8f728f47b2a26195","status":"failed","statusDetails":"AssertionError: Incorrect status code: 403","time":{"start":1762566404996,"stop":1762566405418,"duration":422}},{"uid":"cae857cc6a2d0c01","reportUrl":"https://lambotik.github.io/Oblache/556/#testresult/cae857cc6a2d0c01","status":"failed","statusDetails":"AssertionError: Incorrect status code: 403","time":{"start":1762480368761,"stop":1762480369263,"duration":502}},{"uid":"651d869bd965bfc","reportUrl":"https://lambotik.github.io/Oblache/555/#testresult/651d869bd965bfc","status":"failed","statusDetails":"AssertionError: Incorrect status code: 403","time":{"start":1762394037534,"stop":1762394037914,"duration":380}},{"uid":"e7f3a74bd50e7e27","reportUrl":"https://lambotik.github.io/Oblache/25/#testresult/e7f3a74bd50e7e27","status":"failed","statusDetails":"AssertionError: Incorrect status code: 403","time":{"start":1762342832980,"stop":1762342833447,"duration":467}},{"uid":"8a4c739ad99913ec","reportUrl":"https://lambotik.github.io/Oblache/24/#testresult/8a4c739ad99913ec","status":"failed","statusDetails":"AssertionError: Incorrect status code: 403","time":{"start":1762342472354,"stop":1762342472660,"duration":306}}]},"tags":[]},"source":"31391711ce598424.json","parameterValues":[]}