{"uid":"425dfc3006da53e1","name":"Complex","fullName":"tests_api.test_bd.TestFull#test_complex","historyId":"6b0586b0cd17bc0677e26ca85a39a94d","time":{"start":1762653386489,"stop":1762653387273,"duration":784},"status":"failed","statusMessage":"AssertionError: Incorrect status code: 502","statusTrace":"self = <tests_api.test_bd.TestFull object at 0x7fa2e56bca10>\n\n    @allure.severity(allure.severity_level.CRITICAL)\n    @allure.title('Complex')\n    def test_complex(self):\n>       API.check_full_cycle(TestFull.token)\n\ntests_api/test_bd.py:29: \n_ _ _ _ _ _ _ _ _ _ _ _ _ _ _ _ _ _ _ _ _ _ _ _ _ _ _ _ _ _ _ _ _ _ _ _ _ _ _ _ \ntests_api/utils/request.py:860: in check_full_cycle\n    Checking.check_status_code(result_db_create, 201)\n_ _ _ _ _ _ _ _ _ _ _ _ _ _ _ _ _ _ _ _ _ _ _ _ _ _ _ _ _ _ _ _ _ _ _ _ _ _ _ _ \n\nresult = <Response [502]>, status_code = 201\n\n    @staticmethod\n    def check_status_code(result: requests.models.Response, status_code: int):\n        \"\"\"\n        Method check status code\n        :param result: Response\n        :param status_code:\n        \"\"\"\n        with allure.step(f'Assert status code: {status_code} == Response status code: {result.status_code}'):\n>           assert status_code == result.status_code, f'Incorrect status code: {result.status_code}'\nE           AssertionError: Incorrect status code: 502\n\ntests_api/utils/checking.py:16: AssertionError","flaky":false,"newFailed":false,"newBroken":false,"newPassed":false,"retriesCount":0,"retriesStatusChange":false,"beforeStages":[],"testStage":{"status":"failed","statusMessage":"AssertionError: Incorrect status code: 502","statusTrace":"self = <tests_api.test_bd.TestFull object at 0x7fa2e56bca10>\n\n    @allure.severity(allure.severity_level.CRITICAL)\n    @allure.title('Complex')\n    def test_complex(self):\n>       API.check_full_cycle(TestFull.token)\n\ntests_api/test_bd.py:29: \n_ _ _ _ _ _ _ _ _ _ _ _ _ _ _ _ _ _ _ _ _ _ _ _ _ _ _ _ _ _ _ _ _ _ _ _ _ _ _ _ \ntests_api/utils/request.py:860: in check_full_cycle\n    Checking.check_status_code(result_db_create, 201)\n_ _ _ _ _ _ _ _ _ _ _ _ _ _ _ _ _ _ _ _ _ _ _ _ _ _ _ _ _ _ _ _ _ _ _ _ _ _ _ _ \n\nresult = <Response [502]>, status_code = 201\n\n    @staticmethod\n    def check_status_code(result: requests.models.Response, status_code: int):\n        \"\"\"\n        Method check status code\n        :param result: Response\n        :param status_code:\n        \"\"\"\n        with allure.step(f'Assert status code: {status_code} == Response status code: {result.status_code}'):\n>           assert status_code == result.status_code, f'Incorrect status code: {result.status_code}'\nE           AssertionError: Incorrect status code: 502\n\ntests_api/utils/checking.py:16: AssertionError","steps":[{"name":"check_full_cycle","time":{"start":1762653386489,"stop":1762653387272,"duration":783},"status":"failed","statusMessage":"AssertionError: Incorrect status code: 502\n","statusTrace":"  File \"/home/runner/work/Oblache/Oblache/tests_api/utils/request.py\", line 860, in check_full_cycle\n    Checking.check_status_code(result_db_create, 201)\n  File \"/home/runner/work/Oblache/Oblache/tests_api/utils/checking.py\", line 16, in check_status_code\n    assert status_code == result.status_code, f'Incorrect status code: {result.status_code}'\n           ^^^^^^^^^^^^^^^^^^^^^^^^^^^^^^^^^\n","steps":[{"name":"post_db_list","time":{"start":1762653386489,"stop":1762653386828,"duration":339},"status":"passed","steps":[{"name":"Endpoint: /db_list","time":{"start":1762653386828,"stop":1762653386828,"duration":0},"status":"passed","steps":[],"attachments":[],"parameters":[],"stepsCount":0,"shouldDisplayMessage":false,"attachmentsCount":0,"hasContent":false,"attachmentStep":false},{"name":"Request:","time":{"start":1762653386828,"stop":1762653386828,"duration":0},"status":"passed","steps":[{"name":"Headers: {'Content-Type': 'application/json', 'Authorization': {None}}","time":{"start":1762653386828,"stop":1762653386828,"duration":0},"status":"passed","steps":[],"attachments":[],"parameters":[],"stepsCount":0,"shouldDisplayMessage":false,"attachmentsCount":0,"hasContent":false,"attachmentStep":false},{"name":"Body: None","time":{"start":1762653386828,"stop":1762653386828,"duration":0},"status":"passed","steps":[],"attachments":[],"parameters":[],"stepsCount":0,"shouldDisplayMessage":false,"attachmentsCount":0,"hasContent":false,"attachmentStep":false}],"attachments":[],"parameters":[],"stepsCount":2,"shouldDisplayMessage":false,"attachmentsCount":0,"hasContent":true,"attachmentStep":false},{"name":"Response:","time":{"start":1762653386828,"stop":1762653386828,"duration":0},"status":"passed","steps":[{"name":"Status code: 502","time":{"start":1762653386828,"stop":1762653386828,"duration":0},"status":"passed","steps":[],"attachments":[],"parameters":[],"stepsCount":0,"shouldDisplayMessage":false,"attachmentsCount":0,"hasContent":false,"attachmentStep":false},{"name":"JSON: <html>\r\n<head><title>502 Bad Gateway</title></head>\r\n<body>\r\n<center><h1>502 Bad Gateway</h1></center>\r\n<hr><center>nginx/1.18.0 (Ubuntu)</center>\r\n</body>\r\n</html>\r\n","time":{"start":1762653386828,"stop":1762653386828,"duration":0},"status":"passed","steps":[],"attachments":[],"parameters":[],"stepsCount":0,"shouldDisplayMessage":false,"attachmentsCount":0,"hasContent":false,"attachmentStep":false}],"attachments":[],"parameters":[],"stepsCount":2,"shouldDisplayMessage":false,"attachmentsCount":0,"hasContent":true,"attachmentStep":false}],"attachments":[],"parameters":[],"stepsCount":7,"shouldDisplayMessage":false,"attachmentsCount":0,"hasContent":true,"attachmentStep":false},{"name":"post_db_create","time":{"start":1762653386828,"stop":1762653387272,"duration":444},"status":"passed","steps":[{"name":"Endpoint: /db_create","time":{"start":1762653387272,"stop":1762653387272,"duration":0},"status":"passed","steps":[],"attachments":[],"parameters":[],"stepsCount":0,"shouldDisplayMessage":false,"attachmentsCount":0,"hasContent":false,"attachmentStep":false},{"name":"Request:","time":{"start":1762653387272,"stop":1762653387272,"duration":0},"status":"passed","steps":[{"name":"Headers: {'Content-Type': 'application/json', 'Authorization': {None}}","time":{"start":1762653387272,"stop":1762653387272,"duration":0},"status":"passed","steps":[],"attachments":[],"parameters":[],"stepsCount":0,"shouldDisplayMessage":false,"attachmentsCount":0,"hasContent":false,"attachmentStep":false},{"name":"Body: {\"dbtype\": 3, \"dbversion\": 5, \"env\": 3, \"region\": 3}","time":{"start":1762653387272,"stop":1762653387272,"duration":0},"status":"passed","steps":[],"attachments":[],"parameters":[],"stepsCount":0,"shouldDisplayMessage":false,"attachmentsCount":0,"hasContent":false,"attachmentStep":false}],"attachments":[],"parameters":[],"stepsCount":2,"shouldDisplayMessage":false,"attachmentsCount":0,"hasContent":true,"attachmentStep":false},{"name":"Response:","time":{"start":1762653387272,"stop":1762653387272,"duration":0},"status":"passed","steps":[{"name":"Status code: 502","time":{"start":1762653387272,"stop":1762653387272,"duration":0},"status":"passed","steps":[],"attachments":[],"parameters":[],"stepsCount":0,"shouldDisplayMessage":false,"attachmentsCount":0,"hasContent":false,"attachmentStep":false},{"name":"JSON: <html>\r\n<head><title>502 Bad Gateway</title></head>\r\n<body>\r\n<center><h1>502 Bad Gateway</h1></center>\r\n<hr><center>nginx/1.18.0 (Ubuntu)</center>\r\n</body>\r\n</html>\r\n","time":{"start":1762653387272,"stop":1762653387272,"duration":0},"status":"passed","steps":[],"attachments":[],"parameters":[],"stepsCount":0,"shouldDisplayMessage":false,"attachmentsCount":0,"hasContent":false,"attachmentStep":false}],"attachments":[],"parameters":[],"stepsCount":2,"shouldDisplayMessage":false,"attachmentsCount":0,"hasContent":true,"attachmentStep":false}],"attachments":[],"parameters":[],"stepsCount":7,"shouldDisplayMessage":false,"attachmentsCount":0,"hasContent":true,"attachmentStep":false},{"name":"Assert status code: 201 == Response status code: 502","time":{"start":1762653387272,"stop":1762653387272,"duration":0},"status":"failed","statusMessage":"AssertionError: Incorrect status code: 502\n","statusTrace":"  File \"/home/runner/work/Oblache/Oblache/tests_api/utils/checking.py\", line 16, in check_status_code\n    assert status_code == result.status_code, f'Incorrect status code: {result.status_code}'\n           ^^^^^^^^^^^^^^^^^^^^^^^^^^^^^^^^^\n","steps":[],"attachments":[],"parameters":[],"stepsCount":0,"shouldDisplayMessage":true,"attachmentsCount":0,"hasContent":true,"attachmentStep":false}],"attachments":[],"parameters":[],"stepsCount":17,"shouldDisplayMessage":false,"attachmentsCount":0,"hasContent":true,"attachmentStep":false}],"attachments":[],"parameters":[],"stepsCount":18,"shouldDisplayMessage":true,"attachmentsCount":0,"hasContent":true,"attachmentStep":false},"afterStages":[],"labels":[{"name":"suite","value":"Test Connection DB"},{"name":"epic","value":"Connection DB"},{"name":"severity","value":"critical"},{"name":"parentSuite","value":"tests_api"},{"name":"subSuite","value":"TestFull"},{"name":"host","value":"runnervmw9dnm"},{"name":"thread","value":"2596-MainThread"},{"name":"framework","value":"pytest"},{"name":"language","value":"cpython3"},{"name":"package","value":"tests_api.test_bd"},{"name":"resultFormat","value":"allure2"}],"parameters":[],"links":[],"hidden":false,"retry":false,"extra":{"severity":"critical","retries":[],"categories":[{"name":"Product defects","matchedStatuses":[],"flaky":false}],"history":{"statistic":{"failed":6,"broken":0,"skipped":0,"passed":0,"unknown":0,"total":6},"items":[{"uid":"15fb2d89df9dd44","reportUrl":"https://lambotik.github.io/Oblache/557/#testresult/15fb2d89df9dd44","status":"failed","statusDetails":"AssertionError: Incorrect status code: 403","time":{"start":1762566388090,"stop":1762566389116,"duration":1026}},{"uid":"3d39b7c151ab7c2b","reportUrl":"https://lambotik.github.io/Oblache/556/#testresult/3d39b7c151ab7c2b","status":"failed","statusDetails":"AssertionError: Incorrect status code: 403","time":{"start":1762480348036,"stop":1762480349502,"duration":1466}},{"uid":"789f171c84ab6b3b","reportUrl":"https://lambotik.github.io/Oblache/555/#testresult/789f171c84ab6b3b","status":"failed","statusDetails":"AssertionError: Incorrect status code: 403","time":{"start":1762394022476,"stop":1762394023505,"duration":1029}},{"uid":"614c143999e0845","reportUrl":"https://lambotik.github.io/Oblache/25/#testresult/614c143999e0845","status":"failed","statusDetails":"AssertionError: Incorrect status code: 403","time":{"start":1762342814350,"stop":1762342815500,"duration":1150}},{"uid":"295a1f15fdc5cba2","reportUrl":"https://lambotik.github.io/Oblache/24/#testresult/295a1f15fdc5cba2","status":"failed","statusDetails":"AssertionError: Incorrect status code: 403","time":{"start":1762342459343,"stop":1762342460041,"duration":698}}]},"tags":[]},"source":"425dfc3006da53e1.json","parameterValues":[]}