{"uid":"452003898b17a4b6","name":"Checking the \"Static Sites\" table header","fullName":"tests_ui.test_ui.TestProfilePage#test_check_title_of_static_table","historyId":"eb2cea1546ad6874ff07a2bb88c686ae","time":{"start":1762653523040,"stop":1762653528138,"duration":5098},"status":"broken","statusMessage":"selenium.common.exceptions.TimeoutException: Message: Can't find element by locator ('xpath', '//button[@id=\"menu_button_sites\"]')\nStacktrace:\n#0 0x55e4eb9e9aea <unknown>\n#1 0x55e4eb435cdb <unknown>\n#2 0x55e4eb4886c4 <unknown>\n#3 0x55e4eb488901 <unknown>\n#4 0x55e4eb4d78b4 <unknown>\n#5 0x55e4eb4d4c87 <unknown>\n#6 0x55e4eb47aaca <unknown>\n#7 0x55e4eb47b7d1 <unknown>\n#8 0x55e4eb9b0ab9 <unknown>\n#9 0x55e4eb9b3a8c <unknown>\n#10 0x55e4eb999d49 <unknown>\n#11 0x55e4eb9b4685 <unknown>\n#12 0x55e4eb9816c3 <unknown>\n#13 0x55e4eb9d67d8 <unknown>\n#14 0x55e4eb9d69b3 <unknown>\n#15 0x55e4eb9e8a83 <unknown>\n#16 0x7f5179a9caa4 <unknown>\n#17 0x7f5179b29c6c <unknown>","statusTrace":"self = <tests_ui.test_ui.TestProfilePage object at 0x7fa2e5305820>\ndriver = <selenium.webdriver.chrome.webdriver.WebDriver (session=\"f6337a3d7e074f7212562889a656c766\")>\nauthorization_user = None\n\n    @allure.title('Checking the \"Static Sites\" table header')\n    def test_check_title_of_static_table(self, driver, authorization_user):\n        page = ProfilePage(driver)\n>       page.click_static_site_button()\n\ntests_ui/test_ui.py:81: \n_ _ _ _ _ _ _ _ _ _ _ _ _ _ _ _ _ _ _ _ _ _ _ _ _ _ _ _ _ _ _ _ _ _ _ _ _ _ _ _ \ntests_ui/profile_page.py:40: in click_static_site_button\n    return self.element_is_present_and_clickable(self.locators.STATIC_BUTTON).click()\ntests_ui/base_page.py:28: in element_is_present_and_clickable\n    return (Wait(self.driver, self.timeout).until(\n_ _ _ _ _ _ _ _ _ _ _ _ _ _ _ _ _ _ _ _ _ _ _ _ _ _ _ _ _ _ _ _ _ _ _ _ _ _ _ _ \n\nself = <selenium.webdriver.support.wait.WebDriverWait (session=\"f6337a3d7e074f7212562889a656c766\")>\nmethod = <function visibility_of_element_located.<locals>._predicate at 0x7fa2e51f4a40>\nmessage = 'Can\\'t find element by locator (\\'xpath\\', \\'//button[@id=\"menu_button_sites\"]\\')'\n\n    def until(self, method: Callable[[D], Union[Literal[False], T]], message: str = \"\") -> T:\n        \"\"\"Calls the method provided with the driver as an argument until the \\\n        return value does not evaluate to ``False``.\n    \n        :param method: callable(WebDriver)\n        :param message: optional message for :exc:`TimeoutException`\n        :returns: the result of the last call to `method`\n        :raises: :exc:`selenium.common.exceptions.TimeoutException` if timeout occurs\n        \"\"\"\n        screen = None\n        stacktrace = None\n    \n        end_time = time.monotonic() + self._timeout\n        while True:\n            try:\n                value = method(self._driver)\n                if value:\n                    return value\n            except self._ignored_exceptions as exc:\n                screen = getattr(exc, \"screen\", None)\n                stacktrace = getattr(exc, \"stacktrace\", None)\n            time.sleep(self._poll)\n            if time.monotonic() > end_time:\n                break\n>       raise TimeoutException(message, screen, stacktrace)\nE       selenium.common.exceptions.TimeoutException: Message: Can't find element by locator ('xpath', '//button[@id=\"menu_button_sites\"]')\nE       Stacktrace:\nE       #0 0x55e4eb9e9aea <unknown>\nE       #1 0x55e4eb435cdb <unknown>\nE       #2 0x55e4eb4886c4 <unknown>\nE       #3 0x55e4eb488901 <unknown>\nE       #4 0x55e4eb4d78b4 <unknown>\nE       #5 0x55e4eb4d4c87 <unknown>\nE       #6 0x55e4eb47aaca <unknown>\nE       #7 0x55e4eb47b7d1 <unknown>\nE       #8 0x55e4eb9b0ab9 <unknown>\nE       #9 0x55e4eb9b3a8c <unknown>\nE       #10 0x55e4eb999d49 <unknown>\nE       #11 0x55e4eb9b4685 <unknown>\nE       #12 0x55e4eb9816c3 <unknown>\nE       #13 0x55e4eb9d67d8 <unknown>\nE       #14 0x55e4eb9d69b3 <unknown>\nE       #15 0x55e4eb9e8a83 <unknown>\nE       #16 0x7f5179a9caa4 <unknown>\nE       #17 0x7f5179b29c6c <unknown>\n\n/opt/hostedtoolcache/Python/3.12.12/x64/lib/python3.12/site-packages/selenium/webdriver/support/wait.py:105: TimeoutException","flaky":false,"newFailed":false,"newBroken":true,"newPassed":false,"retriesCount":0,"retriesStatusChange":false,"beforeStages":[{"name":"driver","time":{"start":1762653522198,"stop":1762653522468,"duration":270},"status":"passed","steps":[],"attachments":[],"parameters":[],"stepsCount":0,"shouldDisplayMessage":false,"attachmentsCount":0,"hasContent":false,"attachmentStep":false},{"name":"authorization_user","time":{"start":1762653522469,"stop":1762653523040,"duration":571},"status":"passed","steps":[{"name":"Open page: https://oblache.areso.pro/register.html","time":{"start":1762653522469,"stop":1762653522839,"duration":370},"status":"passed","steps":[],"attachments":[],"parameters":[],"stepsCount":0,"shouldDisplayMessage":false,"attachmentsCount":0,"hasContent":false,"attachmentStep":false},{"name":"Login user","time":{"start":1762653522839,"stop":1762653523040,"duration":201},"status":"passed","steps":[{"name":"Enter email.","time":{"start":1762653522839,"stop":1762653522902,"duration":63},"status":"passed","steps":[],"attachments":[],"parameters":[],"stepsCount":0,"shouldDisplayMessage":false,"attachmentsCount":0,"hasContent":false,"attachmentStep":false},{"name":"Enter password.","time":{"start":1762653522902,"stop":1762653522947,"duration":45},"status":"passed","steps":[],"attachments":[],"parameters":[],"stepsCount":0,"shouldDisplayMessage":false,"attachmentsCount":0,"hasContent":false,"attachmentStep":false},{"name":"Click button \"Login\"","time":{"start":1762653522947,"stop":1762653523037,"duration":90},"status":"passed","steps":[],"attachments":[],"parameters":[],"stepsCount":0,"shouldDisplayMessage":false,"attachmentsCount":0,"hasContent":false,"attachmentStep":false},{"name":"Check url is present: https://oblache.areso.pro/register.html","time":{"start":1762653523037,"stop":1762653523039,"duration":2},"status":"passed","steps":[],"attachments":[],"parameters":[],"stepsCount":0,"shouldDisplayMessage":false,"attachmentsCount":0,"hasContent":false,"attachmentStep":false}],"attachments":[],"parameters":[],"stepsCount":4,"shouldDisplayMessage":false,"attachmentsCount":0,"hasContent":true,"attachmentStep":false}],"attachments":[],"parameters":[],"stepsCount":6,"shouldDisplayMessage":false,"attachmentsCount":0,"hasContent":true,"attachmentStep":false}],"testStage":{"status":"broken","statusMessage":"selenium.common.exceptions.TimeoutException: Message: Can't find element by locator ('xpath', '//button[@id=\"menu_button_sites\"]')\nStacktrace:\n#0 0x55e4eb9e9aea <unknown>\n#1 0x55e4eb435cdb <unknown>\n#2 0x55e4eb4886c4 <unknown>\n#3 0x55e4eb488901 <unknown>\n#4 0x55e4eb4d78b4 <unknown>\n#5 0x55e4eb4d4c87 <unknown>\n#6 0x55e4eb47aaca <unknown>\n#7 0x55e4eb47b7d1 <unknown>\n#8 0x55e4eb9b0ab9 <unknown>\n#9 0x55e4eb9b3a8c <unknown>\n#10 0x55e4eb999d49 <unknown>\n#11 0x55e4eb9b4685 <unknown>\n#12 0x55e4eb9816c3 <unknown>\n#13 0x55e4eb9d67d8 <unknown>\n#14 0x55e4eb9d69b3 <unknown>\n#15 0x55e4eb9e8a83 <unknown>\n#16 0x7f5179a9caa4 <unknown>\n#17 0x7f5179b29c6c <unknown>","statusTrace":"self = <tests_ui.test_ui.TestProfilePage object at 0x7fa2e5305820>\ndriver = <selenium.webdriver.chrome.webdriver.WebDriver (session=\"f6337a3d7e074f7212562889a656c766\")>\nauthorization_user = None\n\n    @allure.title('Checking the \"Static Sites\" table header')\n    def test_check_title_of_static_table(self, driver, authorization_user):\n        page = ProfilePage(driver)\n>       page.click_static_site_button()\n\ntests_ui/test_ui.py:81: \n_ _ _ _ _ _ _ _ _ _ _ _ _ _ _ _ _ _ _ _ _ _ _ _ _ _ _ _ _ _ _ _ _ _ _ _ _ _ _ _ \ntests_ui/profile_page.py:40: in click_static_site_button\n    return self.element_is_present_and_clickable(self.locators.STATIC_BUTTON).click()\ntests_ui/base_page.py:28: in element_is_present_and_clickable\n    return (Wait(self.driver, self.timeout).until(\n_ _ _ _ _ _ _ _ _ _ _ _ _ _ _ _ _ _ _ _ _ _ _ _ _ _ _ _ _ _ _ _ _ _ _ _ _ _ _ _ \n\nself = <selenium.webdriver.support.wait.WebDriverWait (session=\"f6337a3d7e074f7212562889a656c766\")>\nmethod = <function visibility_of_element_located.<locals>._predicate at 0x7fa2e51f4a40>\nmessage = 'Can\\'t find element by locator (\\'xpath\\', \\'//button[@id=\"menu_button_sites\"]\\')'\n\n    def until(self, method: Callable[[D], Union[Literal[False], T]], message: str = \"\") -> T:\n        \"\"\"Calls the method provided with the driver as an argument until the \\\n        return value does not evaluate to ``False``.\n    \n        :param method: callable(WebDriver)\n        :param message: optional message for :exc:`TimeoutException`\n        :returns: the result of the last call to `method`\n        :raises: :exc:`selenium.common.exceptions.TimeoutException` if timeout occurs\n        \"\"\"\n        screen = None\n        stacktrace = None\n    \n        end_time = time.monotonic() + self._timeout\n        while True:\n            try:\n                value = method(self._driver)\n                if value:\n                    return value\n            except self._ignored_exceptions as exc:\n                screen = getattr(exc, \"screen\", None)\n                stacktrace = getattr(exc, \"stacktrace\", None)\n            time.sleep(self._poll)\n            if time.monotonic() > end_time:\n                break\n>       raise TimeoutException(message, screen, stacktrace)\nE       selenium.common.exceptions.TimeoutException: Message: Can't find element by locator ('xpath', '//button[@id=\"menu_button_sites\"]')\nE       Stacktrace:\nE       #0 0x55e4eb9e9aea <unknown>\nE       #1 0x55e4eb435cdb <unknown>\nE       #2 0x55e4eb4886c4 <unknown>\nE       #3 0x55e4eb488901 <unknown>\nE       #4 0x55e4eb4d78b4 <unknown>\nE       #5 0x55e4eb4d4c87 <unknown>\nE       #6 0x55e4eb47aaca <unknown>\nE       #7 0x55e4eb47b7d1 <unknown>\nE       #8 0x55e4eb9b0ab9 <unknown>\nE       #9 0x55e4eb9b3a8c <unknown>\nE       #10 0x55e4eb999d49 <unknown>\nE       #11 0x55e4eb9b4685 <unknown>\nE       #12 0x55e4eb9816c3 <unknown>\nE       #13 0x55e4eb9d67d8 <unknown>\nE       #14 0x55e4eb9d69b3 <unknown>\nE       #15 0x55e4eb9e8a83 <unknown>\nE       #16 0x7f5179a9caa4 <unknown>\nE       #17 0x7f5179b29c6c <unknown>\n\n/opt/hostedtoolcache/Python/3.12.12/x64/lib/python3.12/site-packages/selenium/webdriver/support/wait.py:105: TimeoutException","steps":[{"name":"Click \"Static site\" button.","time":{"start":1762653523040,"stop":1762653528138,"duration":5098},"status":"broken","statusMessage":"selenium.common.exceptions.TimeoutException: Message: Can't find element by locator ('xpath', '//button[@id=\"menu_button_sites\"]')\nStacktrace:\n#0 0x55e4eb9e9aea <unknown>\n#1 0x55e4eb435cdb <unknown>\n#2 0x55e4eb4886c4 <unknown>\n#3 0x55e4eb488901 <unknown>\n#4 0x55e4eb4d78b4 <unknown>\n#5 0x55e4eb4d4c87 <unknown>\n#6 0x55e4eb47aaca <unknown>\n#7 0x55e4eb47b7d1 <unknown>\n#8 0x55e4eb9b0ab9 <unknown>\n#9 0x55e4eb9b3a8c <unknown>\n#10 0x55e4eb999d49 <unknown>\n#11 0x55e4eb9b4685 <unknown>\n#12 0x55e4eb9816c3 <unknown>\n#13 0x55e4eb9d67d8 <unknown>\n#14 0x55e4eb9d69b3 <unknown>\n#15 0x55e4eb9e8a83 <unknown>\n#16 0x7f5179a9caa4 <unknown>\n#17 0x7f5179b29c6c <unknown>\n\n","statusTrace":"  File \"/home/runner/work/Oblache/Oblache/tests_ui/profile_page.py\", line 40, in click_static_site_button\n    return self.element_is_present_and_clickable(self.locators.STATIC_BUTTON).click()\n           ^^^^^^^^^^^^^^^^^^^^^^^^^^^^^^^^^^^^^^^^^^^^^^^^^^^^^^^^^^^^^^^^^^\n  File \"/home/runner/work/Oblache/Oblache/tests_ui/base_page.py\", line 28, in element_is_present_and_clickable\n    return (Wait(self.driver, self.timeout).until(\n            ^^^^^^^^^^^^^^^^^^^^^^^^^^^^^^^^^^^^^^\n  File \"/opt/hostedtoolcache/Python/3.12.12/x64/lib/python3.12/site-packages/selenium/webdriver/support/wait.py\", line 105, in until\n    raise TimeoutException(message, screen, stacktrace)\n","steps":[],"attachments":[],"parameters":[],"stepsCount":0,"shouldDisplayMessage":true,"attachmentsCount":0,"hasContent":true,"attachmentStep":false}],"attachments":[{"uid":"6469ea7bbd4a8c63","name":"Screenshot 2025-11-09 01:58:48.189949","source":"6469ea7bbd4a8c63.png","type":"image/png","size":15433}],"parameters":[],"stepsCount":1,"shouldDisplayMessage":true,"attachmentsCount":1,"hasContent":true,"attachmentStep":false},"afterStages":[{"name":"driver::0","time":{"start":1762653528191,"stop":1762653528251,"duration":60},"status":"passed","steps":[],"attachments":[],"parameters":[],"stepsCount":0,"shouldDisplayMessage":false,"attachmentsCount":0,"hasContent":false,"attachmentStep":false}],"labels":[{"name":"suite","value":"Test Profile Page."},{"name":"parentSuite","value":"tests_ui"},{"name":"subSuite","value":"TestProfilePage"},{"name":"host","value":"runnervmw9dnm"},{"name":"thread","value":"2596-MainThread"},{"name":"framework","value":"pytest"},{"name":"language","value":"cpython3"},{"name":"package","value":"tests_ui.test_ui"},{"name":"resultFormat","value":"allure2"}],"parameters":[],"links":[],"hidden":false,"retry":false,"extra":{"severity":"normal","retries":[],"categories":[{"name":"Test defects","matchedStatuses":[],"flaky":false}],"history":{"statistic":{"failed":0,"broken":1,"skipped":0,"passed":3,"unknown":0,"total":4},"items":[{"uid":"3e5a0e92e60c5cc4","reportUrl":"https://lambotik.github.io/Oblache/557/#testresult/3e5a0e92e60c5cc4","status":"passed","time":{"start":1762566530433,"stop":1762566531837,"duration":1404}},{"uid":"c51397ab00152333","reportUrl":"https://lambotik.github.io/Oblache/556/#testresult/c51397ab00152333","status":"passed","time":{"start":1762480526095,"stop":1762480527633,"duration":1538}},{"uid":"8657b4246da4e6a2","reportUrl":"https://lambotik.github.io/Oblache/555/#testresult/8657b4246da4e6a2","status":"passed","time":{"start":1762394163360,"stop":1762394164527,"duration":1167}}]},"tags":[]},"source":"452003898b17a4b6.json","parameterValues":[]}