{"uid":"60582f84db2e1abc","name":"POST is logout","fullName":"tests_api.test_bd.TestPOST#test_post_logout","historyId":"35f6304f7e8c9c65afd14b6308898845","time":{"start":1762653395509,"stop":1762653395874,"duration":365},"status":"failed","statusMessage":"AssertionError: Incorrect status code: 502","statusTrace":"self = <tests_api.test_bd.TestPOST object at 0x7fa2e53ecda0>\n\n    @allure.title('POST is logout')\n    def test_post_logout(self):\n        response_login = API.post_login(body=TestPOST.body)\n>       Checking.check_status_code(response_login, 200)\n\ntests_api/test_bd.py:215: \n_ _ _ _ _ _ _ _ _ _ _ _ _ _ _ _ _ _ _ _ _ _ _ _ _ _ _ _ _ _ _ _ _ _ _ _ _ _ _ _ \n\nresult = <Response [502]>, status_code = 200\n\n    @staticmethod\n    def check_status_code(result: requests.models.Response, status_code: int):\n        \"\"\"\n        Method check status code\n        :param result: Response\n        :param status_code:\n        \"\"\"\n        with allure.step(f'Assert status code: {status_code} == Response status code: {result.status_code}'):\n>           assert status_code == result.status_code, f'Incorrect status code: {result.status_code}'\nE           AssertionError: Incorrect status code: 502\n\ntests_api/utils/checking.py:16: AssertionError","flaky":false,"newFailed":true,"newBroken":false,"newPassed":false,"retriesCount":0,"retriesStatusChange":false,"beforeStages":[],"testStage":{"status":"failed","statusMessage":"AssertionError: Incorrect status code: 502","statusTrace":"self = <tests_api.test_bd.TestPOST object at 0x7fa2e53ecda0>\n\n    @allure.title('POST is logout')\n    def test_post_logout(self):\n        response_login = API.post_login(body=TestPOST.body)\n>       Checking.check_status_code(response_login, 200)\n\ntests_api/test_bd.py:215: \n_ _ _ _ _ _ _ _ _ _ _ _ _ _ _ _ _ _ _ _ _ _ _ _ _ _ _ _ _ _ _ _ _ _ _ _ _ _ _ _ \n\nresult = <Response [502]>, status_code = 200\n\n    @staticmethod\n    def check_status_code(result: requests.models.Response, status_code: int):\n        \"\"\"\n        Method check status code\n        :param result: Response\n        :param status_code:\n        \"\"\"\n        with allure.step(f'Assert status code: {status_code} == Response status code: {result.status_code}'):\n>           assert status_code == result.status_code, f'Incorrect status code: {result.status_code}'\nE           AssertionError: Incorrect status code: 502\n\ntests_api/utils/checking.py:16: AssertionError","steps":[{"name":"post_login","time":{"start":1762653395509,"stop":1762653395874,"duration":365},"status":"passed","steps":[{"name":"Endpoint: /login","time":{"start":1762653395874,"stop":1762653395874,"duration":0},"status":"passed","steps":[],"attachments":[],"parameters":[],"stepsCount":0,"shouldDisplayMessage":false,"attachmentsCount":0,"hasContent":false,"attachmentStep":false},{"name":"Request:","time":{"start":1762653395874,"stop":1762653395874,"duration":0},"status":"passed","steps":[{"name":"Headers: {'Content-Type': 'application/json', 'Authorization': ''}","time":{"start":1762653395874,"stop":1762653395874,"duration":0},"status":"passed","steps":[],"attachments":[],"parameters":[],"stepsCount":0,"shouldDisplayMessage":false,"attachmentsCount":0,"hasContent":false,"attachmentStep":false},{"name":"Body: {\"email\": email, \"password\": password}","time":{"start":1762653395874,"stop":1762653395874,"duration":0},"status":"passed","steps":[],"attachments":[],"parameters":[],"stepsCount":0,"shouldDisplayMessage":false,"attachmentsCount":0,"hasContent":false,"attachmentStep":false}],"attachments":[],"parameters":[],"stepsCount":2,"shouldDisplayMessage":false,"attachmentsCount":0,"hasContent":true,"attachmentStep":false},{"name":"Response:","time":{"start":1762653395874,"stop":1762653395874,"duration":0},"status":"passed","steps":[{"name":"Status code: 502","time":{"start":1762653395874,"stop":1762653395874,"duration":0},"status":"passed","steps":[],"attachments":[],"parameters":[],"stepsCount":0,"shouldDisplayMessage":false,"attachmentsCount":0,"hasContent":false,"attachmentStep":false},{"name":"JSON: <html>\r\n<head><title>502 Bad Gateway</title></head>\r\n<body>\r\n<center><h1>502 Bad Gateway</h1></center>\r\n<hr><center>nginx/1.18.0 (Ubuntu)</center>\r\n</body>\r\n</html>\r\n","time":{"start":1762653395874,"stop":1762653395874,"duration":0},"status":"passed","steps":[],"attachments":[],"parameters":[],"stepsCount":0,"shouldDisplayMessage":false,"attachmentsCount":0,"hasContent":false,"attachmentStep":false}],"attachments":[],"parameters":[],"stepsCount":2,"shouldDisplayMessage":false,"attachmentsCount":0,"hasContent":true,"attachmentStep":false}],"attachments":[],"parameters":[],"stepsCount":7,"shouldDisplayMessage":false,"attachmentsCount":0,"hasContent":true,"attachmentStep":false},{"name":"Assert status code: 200 == Response status code: 502","time":{"start":1762653395874,"stop":1762653395874,"duration":0},"status":"failed","statusMessage":"AssertionError: Incorrect status code: 502\n","statusTrace":"  File \"/home/runner/work/Oblache/Oblache/tests_api/utils/checking.py\", line 16, in check_status_code\n    assert status_code == result.status_code, f'Incorrect status code: {result.status_code}'\n           ^^^^^^^^^^^^^^^^^^^^^^^^^^^^^^^^^\n","steps":[],"attachments":[],"parameters":[],"stepsCount":0,"shouldDisplayMessage":true,"attachmentsCount":0,"hasContent":true,"attachmentStep":false}],"attachments":[],"parameters":[],"stepsCount":9,"shouldDisplayMessage":true,"attachmentsCount":0,"hasContent":true,"attachmentStep":false},"afterStages":[],"labels":[{"name":"suite","value":"POST"},{"name":"parentSuite","value":"tests_api"},{"name":"subSuite","value":"TestPOST"},{"name":"host","value":"runnervmw9dnm"},{"name":"thread","value":"2596-MainThread"},{"name":"framework","value":"pytest"},{"name":"language","value":"cpython3"},{"name":"package","value":"tests_api.test_bd"},{"name":"resultFormat","value":"allure2"}],"parameters":[],"links":[],"hidden":false,"retry":false,"extra":{"severity":"normal","retries":[],"categories":[{"name":"Product defects","matchedStatuses":[],"flaky":false}],"history":{"statistic":{"failed":1,"broken":0,"skipped":0,"passed":5,"unknown":0,"total":6},"items":[{"uid":"af4826cbb8e7b51b","reportUrl":"https://lambotik.github.io/Oblache/557/#testresult/af4826cbb8e7b51b","status":"passed","time":{"start":1762566398977,"stop":1762566399809,"duration":832}},{"uid":"7f916f4246c866fd","reportUrl":"https://lambotik.github.io/Oblache/556/#testresult/7f916f4246c866fd","status":"passed","time":{"start":1762480361703,"stop":1762480362711,"duration":1008}},{"uid":"db5c2ef89e265599","reportUrl":"https://lambotik.github.io/Oblache/555/#testresult/db5c2ef89e265599","status":"passed","time":{"start":1762394032422,"stop":1762394033156,"duration":734}},{"uid":"fe581c47322ef921","reportUrl":"https://lambotik.github.io/Oblache/25/#testresult/fe581c47322ef921","status":"passed","time":{"start":1762342826200,"stop":1762342827138,"duration":938}},{"uid":"9f807007779a5b6f","reportUrl":"https://lambotik.github.io/Oblache/24/#testresult/9f807007779a5b6f","status":"passed","time":{"start":1762342467736,"stop":1762342468446,"duration":710}}]},"tags":[]},"source":"60582f84db2e1abc.json","parameterValues":[]}