{"uid":"8075210be389e557","name":"test_clipboard_uuid_docker","fullName":"tests_ui.test_ui.TestProfilePage#test_clipboard_uuid_docker","historyId":"11f91f43cfea2a231aececf29c7ed302","time":{"start":1762653542390,"stop":1762653542390,"duration":0},"status":"broken","statusMessage":"requests.exceptions.JSONDecodeError: Expecting value: line 1 column 1 (char 0)","statusTrace":"self = <Response [502]>, kwargs = {}\n\n    def json(self, **kwargs):\n        r\"\"\"Returns the json-encoded content of a response, if any.\n    \n        :param \\*\\*kwargs: Optional arguments that ``json.loads`` takes.\n        :raises requests.exceptions.JSONDecodeError: If the response body does not\n            contain valid json.\n        \"\"\"\n    \n        if not self.encoding and self.content and len(self.content) > 3:\n            # No encoding set. JSON RFC 4627 section 3 states we should expect\n            # UTF-8, -16 or -32. Detect which one to use; If the detection or\n            # decoding fails, fall back to `self.text` (using charset_normalizer to make\n            # a best guess).\n            encoding = guess_json_utf(self.content)\n            if encoding is not None:\n                try:\n                    return complexjson.loads(self.content.decode(encoding), **kwargs)\n                except UnicodeDecodeError:\n                    # Wrong UTF codec detected; usually because it's not UTF-8\n                    # but some other 8-bit codec.  This is an RFC violation,\n                    # and the server didn't bother to tell us what codec *was*\n                    # used.\n                    pass\n                except JSONDecodeError as e:\n                    raise RequestsJSONDecodeError(e.msg, e.doc, e.pos)\n    \n        try:\n>           return complexjson.loads(self.text, **kwargs)\n\n/opt/hostedtoolcache/Python/3.12.12/x64/lib/python3.12/site-packages/requests/models.py:974: \n_ _ _ _ _ _ _ _ _ _ _ _ _ _ _ _ _ _ _ _ _ _ _ _ _ _ _ _ _ _ _ _ _ _ _ _ _ _ _ _ \n/opt/hostedtoolcache/Python/3.12.12/x64/lib/python3.12/json/__init__.py:346: in loads\n    return _default_decoder.decode(s)\n/opt/hostedtoolcache/Python/3.12.12/x64/lib/python3.12/json/decoder.py:338: in decode\n    obj, end = self.raw_decode(s, idx=_w(s, 0).end())\n_ _ _ _ _ _ _ _ _ _ _ _ _ _ _ _ _ _ _ _ _ _ _ _ _ _ _ _ _ _ _ _ _ _ _ _ _ _ _ _ \n\nself = <json.decoder.JSONDecoder object at 0x7fa2e6b6b3b0>\ns = '<html>\\r\\n<head><title>502 Bad Gateway</title></head>\\r\\n<body>\\r\\n<center><h1>502 Bad Gateway</h1></center>\\r\\n<hr><center>nginx/1.18.0 (Ubuntu)</center>\\r\\n</body>\\r\\n</html>\\r\\n'\nidx = 0\n\n    def raw_decode(self, s, idx=0):\n        \"\"\"Decode a JSON document from ``s`` (a ``str`` beginning with\n        a JSON document) and return a 2-tuple of the Python\n        representation and the index in ``s`` where the document ended.\n    \n        This can be used to decode a JSON document from a string that may\n        have extraneous data at the end.\n    \n        \"\"\"\n        try:\n            obj, end = self.scan_once(s, idx)\n        except StopIteration as err:\n>           raise JSONDecodeError(\"Expecting value\", s, err.value) from None\nE           json.decoder.JSONDecodeError: Expecting value: line 1 column 1 (char 0)\n\n/opt/hostedtoolcache/Python/3.12.12/x64/lib/python3.12/json/decoder.py:356: JSONDecodeError\n\nDuring handling of the above exception, another exception occurred:\n\n    @pytest.fixture(scope='session')\n    def get_token():\n        load_dotenv()\n        email = os.getenv('EMAIL')\n        old_password = os.getenv('PASSWORD')\n        new_password = '123456789'\n        try:\n            body = {\"email\": email, \"password\": f'{old_password}'}\n            result = requests.post('https://dbend.areso.pro/login', json=body)\n            token = result.json()['token']\n            if token != {}:\n                new_password, old_password = old_password, new_password\n            Checking.check_status_code(result, 200)\n            return token, body, new_password, old_password, email\n        except Exception as ex:\n            print(ex)\n            old_password, new_password = new_password, old_password\n            body = {\"email\": email, \"password\": f'{old_password}'}\n            result = requests.post('https://dbend.areso.pro/login', json=body)\n>           token = result.json()['token']\n\ntests_ui/conftest.py:60: \n_ _ _ _ _ _ _ _ _ _ _ _ _ _ _ _ _ _ _ _ _ _ _ _ _ _ _ _ _ _ _ _ _ _ _ _ _ _ _ _ \n\nself = <Response [502]>, kwargs = {}\n\n    def json(self, **kwargs):\n        r\"\"\"Returns the json-encoded content of a response, if any.\n    \n        :param \\*\\*kwargs: Optional arguments that ``json.loads`` takes.\n        :raises requests.exceptions.JSONDecodeError: If the response body does not\n            contain valid json.\n        \"\"\"\n    \n        if not self.encoding and self.content and len(self.content) > 3:\n            # No encoding set. JSON RFC 4627 section 3 states we should expect\n            # UTF-8, -16 or -32. Detect which one to use; If the detection or\n            # decoding fails, fall back to `self.text` (using charset_normalizer to make\n            # a best guess).\n            encoding = guess_json_utf(self.content)\n            if encoding is not None:\n                try:\n                    return complexjson.loads(self.content.decode(encoding), **kwargs)\n                except UnicodeDecodeError:\n                    # Wrong UTF codec detected; usually because it's not UTF-8\n                    # but some other 8-bit codec.  This is an RFC violation,\n                    # and the server didn't bother to tell us what codec *was*\n                    # used.\n                    pass\n                except JSONDecodeError as e:\n                    raise RequestsJSONDecodeError(e.msg, e.doc, e.pos)\n    \n        try:\n            return complexjson.loads(self.text, **kwargs)\n        except JSONDecodeError as e:\n            # Catch JSON-related errors and raise as requests.JSONDecodeError\n            # This aliases json.JSONDecodeError and simplejson.JSONDecodeError\n>           raise RequestsJSONDecodeError(e.msg, e.doc, e.pos)\nE           requests.exceptions.JSONDecodeError: Expecting value: line 1 column 1 (char 0)\n\n/opt/hostedtoolcache/Python/3.12.12/x64/lib/python3.12/site-packages/requests/models.py:978: JSONDecodeError","flaky":false,"newFailed":false,"newBroken":false,"newPassed":false,"retriesCount":0,"retriesStatusChange":false,"beforeStages":[{"name":"get_token","time":{"start":1762653514078,"stop":1762653514754,"duration":676},"status":"broken","statusMessage":"requests.exceptions.JSONDecodeError: Expecting value: line 1 column 1 (char 0)\n","statusTrace":"  File \"/opt/hostedtoolcache/Python/3.12.12/x64/lib/python3.12/site-packages/pluggy/_callers.py\", line 38, in run_old_style_hookwrapper\n    res = yield\n          ^^^^^\n  File \"/opt/hostedtoolcache/Python/3.12.12/x64/lib/python3.12/site-packages/pluggy/_callers.py\", line 139, in _multicall\n    teardown.throw(exception)\n  File \"/opt/hostedtoolcache/Python/3.12.12/x64/lib/python3.12/site-packages/pluggy/_callers.py\", line 53, in run_old_style_hookwrapper\n    return result.get_result()\n           ^^^^^^^^^^^^^^^^^^^\n  File \"/opt/hostedtoolcache/Python/3.12.12/x64/lib/python3.12/site-packages/pluggy/_result.py\", line 103, in get_result\n    raise exc.with_traceback(tb)\n  File \"/opt/hostedtoolcache/Python/3.12.12/x64/lib/python3.12/site-packages/pluggy/_callers.py\", line 38, in run_old_style_hookwrapper\n    res = yield\n          ^^^^^\n  File \"/opt/hostedtoolcache/Python/3.12.12/x64/lib/python3.12/site-packages/pluggy/_callers.py\", line 121, in _multicall\n    res = hook_impl.function(*args)\n          ^^^^^^^^^^^^^^^^^^^^^^^^^\n  File \"/opt/hostedtoolcache/Python/3.12.12/x64/lib/python3.12/site-packages/_pytest/fixtures.py\", line 1123, in pytest_fixture_setup\n    result = call_fixture_func(fixturefunc, request, kwargs)\n             ^^^^^^^^^^^^^^^^^^^^^^^^^^^^^^^^^^^^^^^^^^^^^^^\n  File \"/opt/hostedtoolcache/Python/3.12.12/x64/lib/python3.12/site-packages/_pytest/fixtures.py\", line 902, in call_fixture_func\n    fixture_result = fixturefunc(**kwargs)\n                     ^^^^^^^^^^^^^^^^^^^^^\n  File \"/home/runner/work/Oblache/Oblache/tests_ui/conftest.py\", line 60, in get_token\n    token = result.json()['token']\n            ^^^^^^^^^^^^^\n  File \"/opt/hostedtoolcache/Python/3.12.12/x64/lib/python3.12/site-packages/requests/models.py\", line 978, in json\n    raise RequestsJSONDecodeError(e.msg, e.doc, e.pos)\n","steps":[],"attachments":[],"parameters":[],"stepsCount":0,"shouldDisplayMessage":true,"attachmentsCount":0,"hasContent":true,"attachmentStep":false}],"afterStages":[],"labels":[{"name":"suite","value":"Test Profile Page."},{"name":"parentSuite","value":"tests_ui"},{"name":"subSuite","value":"TestProfilePage"},{"name":"host","value":"runnervmw9dnm"},{"name":"thread","value":"2596-MainThread"},{"name":"framework","value":"pytest"},{"name":"language","value":"cpython3"},{"name":"package","value":"tests_ui.test_ui"},{"name":"resultFormat","value":"allure2"}],"parameters":[],"links":[],"hidden":false,"retry":false,"extra":{"severity":"normal","retries":[],"categories":[{"name":"Test defects","matchedStatuses":[],"flaky":false}],"history":{"statistic":{"failed":0,"broken":4,"skipped":0,"passed":0,"unknown":0,"total":4},"items":[{"uid":"3f4bd07ec0a229da","reportUrl":"https://lambotik.github.io/Oblache/557/#testresult/3f4bd07ec0a229da","status":"broken","statusDetails":"selenium.common.exceptions.TimeoutException: Message: Can't find element by locator ('xpath', '//table[@id=\"table_containers\"] //tr[1]/td[3] /button')\nStacktrace:\n#0 0x5558652feaea <unknown>\n#1 0x555864d4acdb <unknown>\n#2 0x555864d9d6c4 <unknown>\n#3 0x555864d9d901 <unknown>\n#4 0x555864dec8b4 <unknown>\n#5 0x555864de9c87 <unknown>\n#6 0x555864d8faca <unknown>\n#7 0x555864d907d1 <unknown>\n#8 0x5558652c5ab9 <unknown>\n#9 0x5558652c8a8c <unknown>\n#10 0x5558652aed49 <unknown>\n#11 0x5558652c9685 <unknown>\n#12 0x5558652966c3 <unknown>\n#13 0x5558652eb7d8 <unknown>\n#14 0x5558652eb9b3 <unknown>\n#15 0x5558652fda83 <unknown>\n#16 0x7f733e09caa4 <unknown>\n#17 0x7f733e129c6c <unknown>","time":{"start":1762566553615,"stop":1762566559851,"duration":6236}},{"uid":"814840618a981fd9","reportUrl":"https://lambotik.github.io/Oblache/556/#testresult/814840618a981fd9","status":"broken","statusDetails":"selenium.common.exceptions.TimeoutException: Message: Can't find element by locator ('xpath', '//table[@id=\"table_containers\"] //tr[1]/td[3] /button')\nStacktrace:\n#0 0x555593824aea <unknown>\n#1 0x555593270cdb <unknown>\n#2 0x5555932c36c4 <unknown>\n#3 0x5555932c3901 <unknown>\n#4 0x5555933128b4 <unknown>\n#5 0x55559330fc87 <unknown>\n#6 0x5555932b5aca <unknown>\n#7 0x5555932b67d1 <unknown>\n#8 0x5555937ebab9 <unknown>\n#9 0x5555937eea8c <unknown>\n#10 0x5555937d4d49 <unknown>\n#11 0x5555937ef685 <unknown>\n#12 0x5555937bc6c3 <unknown>\n#13 0x5555938117d8 <unknown>\n#14 0x5555938119b3 <unknown>\n#15 0x555593823a83 <unknown>\n#16 0x7fcef149caa4 <unknown>\n#17 0x7fcef1529c6c <unknown>","time":{"start":1762480552607,"stop":1762480559107,"duration":6500}},{"uid":"ac7a6f1b9c18a97f","reportUrl":"https://lambotik.github.io/Oblache/555/#testresult/ac7a6f1b9c18a97f","status":"broken","statusDetails":"selenium.common.exceptions.TimeoutException: Message: Can't find element by locator ('xpath', '//table[@id=\"table_containers\"] //tr[1]/td[3] /button')\nStacktrace:\n#0 0x561067cb0aea <unknown>\n#1 0x5610676fccdb <unknown>\n#2 0x56106774f6c4 <unknown>\n#3 0x56106774f901 <unknown>\n#4 0x56106779e8b4 <unknown>\n#5 0x56106779bc87 <unknown>\n#6 0x561067741aca <unknown>\n#7 0x5610677427d1 <unknown>\n#8 0x561067c77ab9 <unknown>\n#9 0x561067c7aa8c <unknown>\n#10 0x561067c60d49 <unknown>\n#11 0x561067c7b685 <unknown>\n#12 0x561067c486c3 <unknown>\n#13 0x561067c9d7d8 <unknown>\n#14 0x561067c9d9b3 <unknown>\n#15 0x561067cafa83 <unknown>\n#16 0x7f133649caa4 <unknown>\n#17 0x7f1336529c6c <unknown>","time":{"start":1762394185288,"stop":1762394191490,"duration":6202}}]},"tags":[]},"source":"8075210be389e557.json","parameterValues":[]}