{"uid":"82864fdc5c25078a","name":"GET tos.","fullName":"tests_api.test_bd.TestGET#test_tos","historyId":"1bd6d480cd29dd301e6e77cd0f9194c6","time":{"start":1762653388473,"stop":1762653388916,"duration":443},"status":"failed","statusMessage":"AssertionError: Incorrect status code: 502","statusTrace":"self = <tests_api.test_bd.TestGET object at 0x7fa2e566fe00>\n\n    @allure.title('GET tos.')\n    def test_tos(self):\n        response = API.get_tos(token=TestGET.token)\n        file_name = LOADING_REPORT_DIR / 'my_report1.html'\n        attach = file_name\n        allure.attach.file(attach, name=f\"Report {datetime.today()}\", attachment_type=allure.attachment_type.HTML)\n>       Checking.check_status_code(response, 200)\n\ntests_api/test_bd.py:68: \n_ _ _ _ _ _ _ _ _ _ _ _ _ _ _ _ _ _ _ _ _ _ _ _ _ _ _ _ _ _ _ _ _ _ _ _ _ _ _ _ \n\nresult = <Response [502]>, status_code = 200\n\n    @staticmethod\n    def check_status_code(result: requests.models.Response, status_code: int):\n        \"\"\"\n        Method check status code\n        :param result: Response\n        :param status_code:\n        \"\"\"\n        with allure.step(f'Assert status code: {status_code} == Response status code: {result.status_code}'):\n>           assert status_code == result.status_code, f'Incorrect status code: {result.status_code}'\nE           AssertionError: Incorrect status code: 502\n\ntests_api/utils/checking.py:16: AssertionError","flaky":false,"newFailed":true,"newBroken":false,"newPassed":false,"retriesCount":0,"retriesStatusChange":false,"beforeStages":[],"testStage":{"status":"failed","statusMessage":"AssertionError: Incorrect status code: 502","statusTrace":"self = <tests_api.test_bd.TestGET object at 0x7fa2e566fe00>\n\n    @allure.title('GET tos.')\n    def test_tos(self):\n        response = API.get_tos(token=TestGET.token)\n        file_name = LOADING_REPORT_DIR / 'my_report1.html'\n        attach = file_name\n        allure.attach.file(attach, name=f\"Report {datetime.today()}\", attachment_type=allure.attachment_type.HTML)\n>       Checking.check_status_code(response, 200)\n\ntests_api/test_bd.py:68: \n_ _ _ _ _ _ _ _ _ _ _ _ _ _ _ _ _ _ _ _ _ _ _ _ _ _ _ _ _ _ _ _ _ _ _ _ _ _ _ _ \n\nresult = <Response [502]>, status_code = 200\n\n    @staticmethod\n    def check_status_code(result: requests.models.Response, status_code: int):\n        \"\"\"\n        Method check status code\n        :param result: Response\n        :param status_code:\n        \"\"\"\n        with allure.step(f'Assert status code: {status_code} == Response status code: {result.status_code}'):\n>           assert status_code == result.status_code, f'Incorrect status code: {result.status_code}'\nE           AssertionError: Incorrect status code: 502\n\ntests_api/utils/checking.py:16: AssertionError","steps":[{"name":"Endpoint: /tos","time":{"start":1762653388914,"stop":1762653388914,"duration":0},"status":"passed","steps":[],"attachments":[],"parameters":[],"stepsCount":0,"shouldDisplayMessage":false,"attachmentsCount":0,"hasContent":false,"attachmentStep":false},{"name":"Request:","time":{"start":1762653388914,"stop":1762653388914,"duration":0},"status":"passed","steps":[{"name":"Headers: {'Content-Type': 'application/json', 'Authorization': {None}}","time":{"start":1762653388914,"stop":1762653388914,"duration":0},"status":"passed","steps":[],"attachments":[],"parameters":[],"stepsCount":0,"shouldDisplayMessage":false,"attachmentsCount":0,"hasContent":false,"attachmentStep":false},{"name":"Body: None","time":{"start":1762653388914,"stop":1762653388914,"duration":0},"status":"passed","steps":[],"attachments":[],"parameters":[],"stepsCount":0,"shouldDisplayMessage":false,"attachmentsCount":0,"hasContent":false,"attachmentStep":false}],"attachments":[],"parameters":[],"stepsCount":2,"shouldDisplayMessage":false,"attachmentsCount":0,"hasContent":true,"attachmentStep":false},{"name":"Response:","time":{"start":1762653388914,"stop":1762653388914,"duration":0},"status":"passed","steps":[{"name":"Status code: 502","time":{"start":1762653388914,"stop":1762653388914,"duration":0},"status":"passed","steps":[],"attachments":[],"parameters":[],"stepsCount":0,"shouldDisplayMessage":false,"attachmentsCount":0,"hasContent":false,"attachmentStep":false},{"name":"JSON: <html>\r\n<head><title>502 Bad Gateway</title></head>\r\n<body>\r\n<center><h1>502 Bad Gateway</h1></center>\r\n<hr><center>nginx/1.18.0 (Ubuntu)</center>\r\n</body>\r\n</html>\r\n","time":{"start":1762653388914,"stop":1762653388914,"duration":0},"status":"passed","steps":[],"attachments":[],"parameters":[],"stepsCount":0,"shouldDisplayMessage":false,"attachmentsCount":0,"hasContent":false,"attachmentStep":false}],"attachments":[],"parameters":[],"stepsCount":2,"shouldDisplayMessage":false,"attachmentsCount":0,"hasContent":true,"attachmentStep":false},{"name":"Assert status code: 200 == Response status code: 502","time":{"start":1762653388916,"stop":1762653388916,"duration":0},"status":"failed","statusMessage":"AssertionError: Incorrect status code: 502\n","statusTrace":"  File \"/home/runner/work/Oblache/Oblache/tests_api/utils/checking.py\", line 16, in check_status_code\n    assert status_code == result.status_code, f'Incorrect status code: {result.status_code}'\n           ^^^^^^^^^^^^^^^^^^^^^^^^^^^^^^^^^\n","steps":[],"attachments":[],"parameters":[],"stepsCount":0,"shouldDisplayMessage":true,"attachmentsCount":0,"hasContent":true,"attachmentStep":false}],"attachments":[{"uid":"e859ba1cdc1ed955","name":"Report 2025-11-09 01:56:28.914178","source":"e859ba1cdc1ed955.html","type":"text/html","size":1651560}],"parameters":[],"stepsCount":8,"shouldDisplayMessage":true,"attachmentsCount":1,"hasContent":true,"attachmentStep":false},"afterStages":[],"labels":[{"name":"suite","value":"GET"},{"name":"parentSuite","value":"tests_api"},{"name":"subSuite","value":"TestGET"},{"name":"host","value":"runnervmw9dnm"},{"name":"thread","value":"2596-MainThread"},{"name":"framework","value":"pytest"},{"name":"language","value":"cpython3"},{"name":"package","value":"tests_api.test_bd"},{"name":"resultFormat","value":"allure2"}],"parameters":[],"links":[],"hidden":false,"retry":false,"extra":{"severity":"normal","retries":[],"categories":[{"name":"Product defects","matchedStatuses":[],"flaky":false}],"history":{"statistic":{"failed":1,"broken":0,"skipped":0,"passed":5,"unknown":0,"total":6},"items":[{"uid":"71d3e30f4baf3f81","reportUrl":"https://lambotik.github.io/Oblache/557/#testresult/71d3e30f4baf3f81","status":"passed","time":{"start":1762566391042,"stop":1762566391480,"duration":438}},{"uid":"24a9b372fb9c66ad","reportUrl":"https://lambotik.github.io/Oblache/556/#testresult/24a9b372fb9c66ad","status":"passed","time":{"start":1762480351887,"stop":1762480352395,"duration":508}},{"uid":"a4cc7f3e60da7cef","reportUrl":"https://lambotik.github.io/Oblache/555/#testresult/a4cc7f3e60da7cef","status":"passed","time":{"start":1762394025365,"stop":1762394025831,"duration":466}},{"uid":"f6627bb81f80d391","reportUrl":"https://lambotik.github.io/Oblache/25/#testresult/f6627bb81f80d391","status":"passed","time":{"start":1762342817513,"stop":1762342818015,"duration":502}},{"uid":"1c4e9101a826c5be","reportUrl":"https://lambotik.github.io/Oblache/24/#testresult/1c4e9101a826c5be","status":"passed","time":{"start":1762342461638,"stop":1762342461946,"duration":308}}]},"tags":[]},"source":"82864fdc5c25078a.json","parameterValues":[]}