{"uid":"95fb41e2c0ca8171","name":"POST registration email is taken for en-us","fullName":"tests_api.test_bd.TestPOST#test_post_registration_email_is_taken_for_en_en","historyId":"01089481a801c3ca1d24c8f43d47f1d3","time":{"start":1762653393431,"stop":1762653393769,"duration":338},"status":"failed","statusMessage":"AssertionError: Incorrect status code: 502","statusTrace":"self = <tests_api.test_bd.TestPOST object at 0x7fa2e53ec6e0>\n\n    @allure.title('POST registration email is taken for en-us')\n    def test_post_registration_email_is_taken_for_en_en(self):\n        response = API.post_registration(\n            email=TestPOST.email,\n            old_password=TestPOST.old_password,\n            language=\"en-us\",\n            tos_agree=True)\n>       Checking.check_status_code(response, 400)\n\ntests_api/test_bd.py:169: \n_ _ _ _ _ _ _ _ _ _ _ _ _ _ _ _ _ _ _ _ _ _ _ _ _ _ _ _ _ _ _ _ _ _ _ _ _ _ _ _ \n\nresult = <Response [502]>, status_code = 400\n\n    @staticmethod\n    def check_status_code(result: requests.models.Response, status_code: int):\n        \"\"\"\n        Method check status code\n        :param result: Response\n        :param status_code:\n        \"\"\"\n        with allure.step(f'Assert status code: {status_code} == Response status code: {result.status_code}'):\n>           assert status_code == result.status_code, f'Incorrect status code: {result.status_code}'\nE           AssertionError: Incorrect status code: 502\n\ntests_api/utils/checking.py:16: AssertionError","flaky":false,"newFailed":true,"newBroken":false,"newPassed":false,"retriesCount":0,"retriesStatusChange":false,"beforeStages":[],"testStage":{"status":"failed","statusMessage":"AssertionError: Incorrect status code: 502","statusTrace":"self = <tests_api.test_bd.TestPOST object at 0x7fa2e53ec6e0>\n\n    @allure.title('POST registration email is taken for en-us')\n    def test_post_registration_email_is_taken_for_en_en(self):\n        response = API.post_registration(\n            email=TestPOST.email,\n            old_password=TestPOST.old_password,\n            language=\"en-us\",\n            tos_agree=True)\n>       Checking.check_status_code(response, 400)\n\ntests_api/test_bd.py:169: \n_ _ _ _ _ _ _ _ _ _ _ _ _ _ _ _ _ _ _ _ _ _ _ _ _ _ _ _ _ _ _ _ _ _ _ _ _ _ _ _ \n\nresult = <Response [502]>, status_code = 400\n\n    @staticmethod\n    def check_status_code(result: requests.models.Response, status_code: int):\n        \"\"\"\n        Method check status code\n        :param result: Response\n        :param status_code:\n        \"\"\"\n        with allure.step(f'Assert status code: {status_code} == Response status code: {result.status_code}'):\n>           assert status_code == result.status_code, f'Incorrect status code: {result.status_code}'\nE           AssertionError: Incorrect status code: 502\n\ntests_api/utils/checking.py:16: AssertionError","steps":[{"name":"Endpoint: /register","time":{"start":1762653393768,"stop":1762653393768,"duration":0},"status":"passed","steps":[],"attachments":[],"parameters":[],"stepsCount":0,"shouldDisplayMessage":false,"attachmentsCount":0,"hasContent":false,"attachmentStep":false},{"name":"Request:","time":{"start":1762653393768,"stop":1762653393769,"duration":1},"status":"passed","steps":[{"name":"Headers: {'Content-Type': 'application/json', 'Authorization': ''}","time":{"start":1762653393769,"stop":1762653393769,"duration":0},"status":"passed","steps":[],"attachments":[],"parameters":[],"stepsCount":0,"shouldDisplayMessage":false,"attachmentsCount":0,"hasContent":false,"attachmentStep":false},{"name":"Body: \n                            {\n                            \"email\": email,\n                            \"password\": password,\n                            \"tos_agree\": True,\n                            \"language\": en-us\n                           }","time":{"start":1762653393769,"stop":1762653393769,"duration":0},"status":"passed","steps":[],"attachments":[],"parameters":[],"stepsCount":0,"shouldDisplayMessage":false,"attachmentsCount":0,"hasContent":false,"attachmentStep":false}],"attachments":[],"parameters":[],"stepsCount":2,"shouldDisplayMessage":false,"attachmentsCount":0,"hasContent":true,"attachmentStep":false},{"name":"Response:","time":{"start":1762653393769,"stop":1762653393769,"duration":0},"status":"passed","steps":[{"name":"Status code: 502","time":{"start":1762653393769,"stop":1762653393769,"duration":0},"status":"passed","steps":[],"attachments":[],"parameters":[],"stepsCount":0,"shouldDisplayMessage":false,"attachmentsCount":0,"hasContent":false,"attachmentStep":false},{"name":"JSON: <html>\r\n<head><title>502 Bad Gateway</title></head>\r\n<body>\r\n<center><h1>502 Bad Gateway</h1></center>\r\n<hr><center>nginx/1.18.0 (Ubuntu)</center>\r\n</body>\r\n</html>\r\n","time":{"start":1762653393769,"stop":1762653393769,"duration":0},"status":"passed","steps":[],"attachments":[],"parameters":[],"stepsCount":0,"shouldDisplayMessage":false,"attachmentsCount":0,"hasContent":false,"attachmentStep":false}],"attachments":[],"parameters":[],"stepsCount":2,"shouldDisplayMessage":false,"attachmentsCount":0,"hasContent":true,"attachmentStep":false},{"name":"Assert status code: 400 == Response status code: 502","time":{"start":1762653393769,"stop":1762653393769,"duration":0},"status":"failed","statusMessage":"AssertionError: Incorrect status code: 502\n","statusTrace":"  File \"/home/runner/work/Oblache/Oblache/tests_api/utils/checking.py\", line 16, in check_status_code\n    assert status_code == result.status_code, f'Incorrect status code: {result.status_code}'\n           ^^^^^^^^^^^^^^^^^^^^^^^^^^^^^^^^^\n","steps":[],"attachments":[],"parameters":[],"stepsCount":0,"shouldDisplayMessage":true,"attachmentsCount":0,"hasContent":true,"attachmentStep":false}],"attachments":[],"parameters":[],"stepsCount":8,"shouldDisplayMessage":true,"attachmentsCount":0,"hasContent":true,"attachmentStep":false},"afterStages":[],"labels":[{"name":"suite","value":"POST"},{"name":"parentSuite","value":"tests_api"},{"name":"subSuite","value":"TestPOST"},{"name":"host","value":"runnervmw9dnm"},{"name":"thread","value":"2596-MainThread"},{"name":"framework","value":"pytest"},{"name":"language","value":"cpython3"},{"name":"package","value":"tests_api.test_bd"},{"name":"resultFormat","value":"allure2"}],"parameters":[],"links":[],"hidden":false,"retry":false,"extra":{"severity":"normal","retries":[],"categories":[{"name":"Product defects","matchedStatuses":[],"flaky":false}],"history":{"statistic":{"failed":1,"broken":0,"skipped":0,"passed":5,"unknown":0,"total":6},"items":[{"uid":"3a1f67c763af0699","reportUrl":"https://lambotik.github.io/Oblache/557/#testresult/3a1f67c763af0699","status":"passed","time":{"start":1762566396390,"stop":1762566396827,"duration":437}},{"uid":"9f04485dd2e712e3","reportUrl":"https://lambotik.github.io/Oblache/556/#testresult/9f04485dd2e712e3","status":"passed","time":{"start":1762480358557,"stop":1762480359205,"duration":648}},{"uid":"8bf5b72a173f4e00","reportUrl":"https://lambotik.github.io/Oblache/555/#testresult/8bf5b72a173f4e00","status":"passed","time":{"start":1762394030221,"stop":1762394030594,"duration":373}},{"uid":"7916145a987d93b0","reportUrl":"https://lambotik.github.io/Oblache/25/#testresult/7916145a987d93b0","status":"passed","time":{"start":1762342823307,"stop":1762342823789,"duration":482}},{"uid":"8f4bb481ca5698b","reportUrl":"https://lambotik.github.io/Oblache/24/#testresult/8f4bb481ca5698b","status":"passed","time":{"start":1762342465588,"stop":1762342465976,"duration":388}}]},"tags":[]},"source":"95fb41e2c0ca8171.json","parameterValues":[]}