{"uid":"98a8f1c422320b98","name":"POST registration for English language not agree.","fullName":"tests_api.test_bd.TestPOST#test_post_registration_for_english_language_not_agree","historyId":"e9cf5ad26f729332760738798d233dd1","time":{"start":1762653392212,"stop":1762653392639,"duration":427},"status":"failed","statusMessage":"AssertionError: Incorrect status code: 502","statusTrace":"self = <tests_api.test_bd.TestPOST object at 0x7fa2e53ec290>\n\n    @allure.title('POST registration for English language not agree.')\n    def test_post_registration_for_english_language_not_agree(self):\n        response = API.post_registration_variety_email(\n            mail=random.choice(['gmail', 'mail', 'yandex']),\n            old_password=TestPOST.old_password,\n            prefix=random.choice(['com', 'ru', 'by']),\n            language=\"en-us\",\n            tos_agree=False)\n>       Checking.check_status_code(response, 400)\n\ntests_api/test_bd.py:134: \n_ _ _ _ _ _ _ _ _ _ _ _ _ _ _ _ _ _ _ _ _ _ _ _ _ _ _ _ _ _ _ _ _ _ _ _ _ _ _ _ \n\nresult = <Response [502]>, status_code = 400\n\n    @staticmethod\n    def check_status_code(result: requests.models.Response, status_code: int):\n        \"\"\"\n        Method check status code\n        :param result: Response\n        :param status_code:\n        \"\"\"\n        with allure.step(f'Assert status code: {status_code} == Response status code: {result.status_code}'):\n>           assert status_code == result.status_code, f'Incorrect status code: {result.status_code}'\nE           AssertionError: Incorrect status code: 502\n\ntests_api/utils/checking.py:16: AssertionError","flaky":false,"newFailed":true,"newBroken":false,"newPassed":false,"retriesCount":0,"retriesStatusChange":false,"beforeStages":[],"testStage":{"status":"failed","statusMessage":"AssertionError: Incorrect status code: 502","statusTrace":"self = <tests_api.test_bd.TestPOST object at 0x7fa2e53ec290>\n\n    @allure.title('POST registration for English language not agree.')\n    def test_post_registration_for_english_language_not_agree(self):\n        response = API.post_registration_variety_email(\n            mail=random.choice(['gmail', 'mail', 'yandex']),\n            old_password=TestPOST.old_password,\n            prefix=random.choice(['com', 'ru', 'by']),\n            language=\"en-us\",\n            tos_agree=False)\n>       Checking.check_status_code(response, 400)\n\ntests_api/test_bd.py:134: \n_ _ _ _ _ _ _ _ _ _ _ _ _ _ _ _ _ _ _ _ _ _ _ _ _ _ _ _ _ _ _ _ _ _ _ _ _ _ _ _ \n\nresult = <Response [502]>, status_code = 400\n\n    @staticmethod\n    def check_status_code(result: requests.models.Response, status_code: int):\n        \"\"\"\n        Method check status code\n        :param result: Response\n        :param status_code:\n        \"\"\"\n        with allure.step(f'Assert status code: {status_code} == Response status code: {result.status_code}'):\n>           assert status_code == result.status_code, f'Incorrect status code: {result.status_code}'\nE           AssertionError: Incorrect status code: 502\n\ntests_api/utils/checking.py:16: AssertionError","steps":[{"name":"post_registration_variety_email","time":{"start":1762653392212,"stop":1762653392638,"duration":426},"status":"passed","steps":[{"name":"Endpoint: /register","time":{"start":1762653392638,"stop":1762653392638,"duration":0},"status":"passed","steps":[],"attachments":[],"parameters":[],"stepsCount":0,"shouldDisplayMessage":false,"attachmentsCount":0,"hasContent":false,"attachmentStep":false},{"name":"Request:","time":{"start":1762653392638,"stop":1762653392638,"duration":0},"status":"passed","steps":[{"name":"Headers: {'Content-Type': 'application/json', 'Authorization': ''}","time":{"start":1762653392638,"stop":1762653392638,"duration":0},"status":"passed","steps":[],"attachments":[],"parameters":[],"stepsCount":0,"shouldDisplayMessage":false,"attachmentsCount":0,"hasContent":false,"attachmentStep":false},{"name":"Body: \n                                {\n                                \"email\": f'aqa2025_11_09_01_56_25@mail.by',\n                                \"password\": password,\n                                \"tos_agree\": False,\n                                \"language\": en-us\n                               }","time":{"start":1762653392638,"stop":1762653392638,"duration":0},"status":"passed","steps":[],"attachments":[],"parameters":[],"stepsCount":0,"shouldDisplayMessage":false,"attachmentsCount":0,"hasContent":false,"attachmentStep":false}],"attachments":[],"parameters":[],"stepsCount":2,"shouldDisplayMessage":false,"attachmentsCount":0,"hasContent":true,"attachmentStep":false},{"name":"Response:","time":{"start":1762653392638,"stop":1762653392638,"duration":0},"status":"passed","steps":[{"name":"Status code: 502","time":{"start":1762653392638,"stop":1762653392638,"duration":0},"status":"passed","steps":[],"attachments":[],"parameters":[],"stepsCount":0,"shouldDisplayMessage":false,"attachmentsCount":0,"hasContent":false,"attachmentStep":false},{"name":"JSON: <html>\r\n<head><title>502 Bad Gateway</title></head>\r\n<body>\r\n<center><h1>502 Bad Gateway</h1></center>\r\n<hr><center>nginx/1.18.0 (Ubuntu)</center>\r\n</body>\r\n</html>\r\n","time":{"start":1762653392638,"stop":1762653392638,"duration":0},"status":"passed","steps":[],"attachments":[],"parameters":[],"stepsCount":0,"shouldDisplayMessage":false,"attachmentsCount":0,"hasContent":false,"attachmentStep":false}],"attachments":[],"parameters":[],"stepsCount":2,"shouldDisplayMessage":false,"attachmentsCount":0,"hasContent":true,"attachmentStep":false}],"attachments":[],"parameters":[],"stepsCount":7,"shouldDisplayMessage":false,"attachmentsCount":0,"hasContent":true,"attachmentStep":false},{"name":"Assert status code: 400 == Response status code: 502","time":{"start":1762653392638,"stop":1762653392638,"duration":0},"status":"failed","statusMessage":"AssertionError: Incorrect status code: 502\n","statusTrace":"  File \"/home/runner/work/Oblache/Oblache/tests_api/utils/checking.py\", line 16, in check_status_code\n    assert status_code == result.status_code, f'Incorrect status code: {result.status_code}'\n           ^^^^^^^^^^^^^^^^^^^^^^^^^^^^^^^^^\n","steps":[],"attachments":[],"parameters":[],"stepsCount":0,"shouldDisplayMessage":true,"attachmentsCount":0,"hasContent":true,"attachmentStep":false}],"attachments":[],"parameters":[],"stepsCount":9,"shouldDisplayMessage":true,"attachmentsCount":0,"hasContent":true,"attachmentStep":false},"afterStages":[],"labels":[{"name":"suite","value":"POST"},{"name":"parentSuite","value":"tests_api"},{"name":"subSuite","value":"TestPOST"},{"name":"host","value":"runnervmw9dnm"},{"name":"thread","value":"2596-MainThread"},{"name":"framework","value":"pytest"},{"name":"language","value":"cpython3"},{"name":"package","value":"tests_api.test_bd"},{"name":"resultFormat","value":"allure2"}],"parameters":[],"links":[],"hidden":false,"retry":false,"extra":{"severity":"normal","retries":[],"categories":[{"name":"Product defects","matchedStatuses":[],"flaky":false}],"history":{"statistic":{"failed":1,"broken":0,"skipped":0,"passed":5,"unknown":0,"total":6},"items":[{"uid":"3f76edac6dd13c61","reportUrl":"https://lambotik.github.io/Oblache/557/#testresult/3f76edac6dd13c61","status":"passed","time":{"start":1762566395115,"stop":1762566395545,"duration":430}},{"uid":"602dd55f05e83ada","reportUrl":"https://lambotik.github.io/Oblache/556/#testresult/602dd55f05e83ada","status":"passed","time":{"start":1762480356896,"stop":1762480357392,"duration":496}},{"uid":"da82338058ecd781","reportUrl":"https://lambotik.github.io/Oblache/555/#testresult/da82338058ecd781","status":"passed","time":{"start":1762394029036,"stop":1762394029391,"duration":355}},{"uid":"7066ff4e825faf6d","reportUrl":"https://lambotik.github.io/Oblache/25/#testresult/7066ff4e825faf6d","status":"passed","time":{"start":1762342821846,"stop":1762342822341,"duration":495}},{"uid":"5b17ca7d277642d3","reportUrl":"https://lambotik.github.io/Oblache/24/#testresult/5b17ca7d277642d3","status":"passed","time":{"start":1762342464644,"stop":1762342464959,"duration":315}}]},"tags":[]},"source":"98a8f1c422320b98.json","parameterValues":[]}