{"uid":"bca54e56ce0ad9b2","name":"POST login","fullName":"tests_api.test_bd.TestPOST#test_post_login","historyId":"c63a2718dd359ea9a57ebf3b258dd33a","time":{"start":1762653394472,"stop":1762653394807,"duration":335},"status":"failed","statusMessage":"AssertionError: Incorrect status code: 502","statusTrace":"self = <tests_api.test_bd.TestPOST object at 0x7fa2e53eca40>\n\n    @allure.title('POST login')\n    def test_post_login(self):\n        response = API.post_login(body=TestPOST.body)\n>       Checking.check_status_code(response, 200)\n\ntests_api/test_bd.py:199: \n_ _ _ _ _ _ _ _ _ _ _ _ _ _ _ _ _ _ _ _ _ _ _ _ _ _ _ _ _ _ _ _ _ _ _ _ _ _ _ _ \n\nresult = <Response [502]>, status_code = 200\n\n    @staticmethod\n    def check_status_code(result: requests.models.Response, status_code: int):\n        \"\"\"\n        Method check status code\n        :param result: Response\n        :param status_code:\n        \"\"\"\n        with allure.step(f'Assert status code: {status_code} == Response status code: {result.status_code}'):\n>           assert status_code == result.status_code, f'Incorrect status code: {result.status_code}'\nE           AssertionError: Incorrect status code: 502\n\ntests_api/utils/checking.py:16: AssertionError","flaky":false,"newFailed":true,"newBroken":false,"newPassed":false,"retriesCount":0,"retriesStatusChange":false,"beforeStages":[],"testStage":{"status":"failed","statusMessage":"AssertionError: Incorrect status code: 502","statusTrace":"self = <tests_api.test_bd.TestPOST object at 0x7fa2e53eca40>\n\n    @allure.title('POST login')\n    def test_post_login(self):\n        response = API.post_login(body=TestPOST.body)\n>       Checking.check_status_code(response, 200)\n\ntests_api/test_bd.py:199: \n_ _ _ _ _ _ _ _ _ _ _ _ _ _ _ _ _ _ _ _ _ _ _ _ _ _ _ _ _ _ _ _ _ _ _ _ _ _ _ _ \n\nresult = <Response [502]>, status_code = 200\n\n    @staticmethod\n    def check_status_code(result: requests.models.Response, status_code: int):\n        \"\"\"\n        Method check status code\n        :param result: Response\n        :param status_code:\n        \"\"\"\n        with allure.step(f'Assert status code: {status_code} == Response status code: {result.status_code}'):\n>           assert status_code == result.status_code, f'Incorrect status code: {result.status_code}'\nE           AssertionError: Incorrect status code: 502\n\ntests_api/utils/checking.py:16: AssertionError","steps":[{"name":"post_login","time":{"start":1762653394472,"stop":1762653394807,"duration":335},"status":"passed","steps":[{"name":"Endpoint: /login","time":{"start":1762653394806,"stop":1762653394806,"duration":0},"status":"passed","steps":[],"attachments":[],"parameters":[],"stepsCount":0,"shouldDisplayMessage":false,"attachmentsCount":0,"hasContent":false,"attachmentStep":false},{"name":"Request:","time":{"start":1762653394806,"stop":1762653394806,"duration":0},"status":"passed","steps":[{"name":"Headers: {'Content-Type': 'application/json', 'Authorization': ''}","time":{"start":1762653394806,"stop":1762653394806,"duration":0},"status":"passed","steps":[],"attachments":[],"parameters":[],"stepsCount":0,"shouldDisplayMessage":false,"attachmentsCount":0,"hasContent":false,"attachmentStep":false},{"name":"Body: {\"email\": email, \"password\": password}","time":{"start":1762653394806,"stop":1762653394806,"duration":0},"status":"passed","steps":[],"attachments":[],"parameters":[],"stepsCount":0,"shouldDisplayMessage":false,"attachmentsCount":0,"hasContent":false,"attachmentStep":false}],"attachments":[],"parameters":[],"stepsCount":2,"shouldDisplayMessage":false,"attachmentsCount":0,"hasContent":true,"attachmentStep":false},{"name":"Response:","time":{"start":1762653394806,"stop":1762653394806,"duration":0},"status":"passed","steps":[{"name":"Status code: 502","time":{"start":1762653394806,"stop":1762653394806,"duration":0},"status":"passed","steps":[],"attachments":[],"parameters":[],"stepsCount":0,"shouldDisplayMessage":false,"attachmentsCount":0,"hasContent":false,"attachmentStep":false},{"name":"JSON: <html>\r\n<head><title>502 Bad Gateway</title></head>\r\n<body>\r\n<center><h1>502 Bad Gateway</h1></center>\r\n<hr><center>nginx/1.18.0 (Ubuntu)</center>\r\n</body>\r\n</html>\r\n","time":{"start":1762653394806,"stop":1762653394806,"duration":0},"status":"passed","steps":[],"attachments":[],"parameters":[],"stepsCount":0,"shouldDisplayMessage":false,"attachmentsCount":0,"hasContent":false,"attachmentStep":false}],"attachments":[],"parameters":[],"stepsCount":2,"shouldDisplayMessage":false,"attachmentsCount":0,"hasContent":true,"attachmentStep":false}],"attachments":[],"parameters":[],"stepsCount":7,"shouldDisplayMessage":false,"attachmentsCount":0,"hasContent":true,"attachmentStep":false},{"name":"Assert status code: 200 == Response status code: 502","time":{"start":1762653394807,"stop":1762653394807,"duration":0},"status":"failed","statusMessage":"AssertionError: Incorrect status code: 502\n","statusTrace":"  File \"/home/runner/work/Oblache/Oblache/tests_api/utils/checking.py\", line 16, in check_status_code\n    assert status_code == result.status_code, f'Incorrect status code: {result.status_code}'\n           ^^^^^^^^^^^^^^^^^^^^^^^^^^^^^^^^^\n","steps":[],"attachments":[],"parameters":[],"stepsCount":0,"shouldDisplayMessage":true,"attachmentsCount":0,"hasContent":true,"attachmentStep":false}],"attachments":[],"parameters":[],"stepsCount":9,"shouldDisplayMessage":true,"attachmentsCount":0,"hasContent":true,"attachmentStep":false},"afterStages":[],"labels":[{"name":"suite","value":"POST"},{"name":"parentSuite","value":"tests_api"},{"name":"subSuite","value":"TestPOST"},{"name":"host","value":"runnervmw9dnm"},{"name":"thread","value":"2596-MainThread"},{"name":"framework","value":"pytest"},{"name":"language","value":"cpython3"},{"name":"package","value":"tests_api.test_bd"},{"name":"resultFormat","value":"allure2"}],"parameters":[],"links":[],"hidden":false,"retry":false,"extra":{"severity":"normal","retries":[],"categories":[{"name":"Product defects","matchedStatuses":[],"flaky":false}],"history":{"statistic":{"failed":1,"broken":0,"skipped":0,"passed":5,"unknown":0,"total":6},"items":[{"uid":"1e0bea0b7c83804f","reportUrl":"https://lambotik.github.io/Oblache/557/#testresult/1e0bea0b7c83804f","status":"passed","time":{"start":1762566397694,"stop":1762566398128,"duration":434}},{"uid":"2d3595fc997c156b","reportUrl":"https://lambotik.github.io/Oblache/556/#testresult/2d3595fc997c156b","status":"passed","time":{"start":1762480360203,"stop":1762480360716,"duration":513}},{"uid":"b0543409f0c0a5c9","reportUrl":"https://lambotik.github.io/Oblache/555/#testresult/b0543409f0c0a5c9","status":"passed","time":{"start":1762394031313,"stop":1762394031705,"duration":392}},{"uid":"fdde6335c2dbd032","reportUrl":"https://lambotik.github.io/Oblache/25/#testresult/fdde6335c2dbd032","status":"passed","time":{"start":1762342824771,"stop":1762342825253,"duration":482}},{"uid":"65f8b0d9ad08ebd6","reportUrl":"https://lambotik.github.io/Oblache/24/#testresult/65f8b0d9ad08ebd6","status":"passed","time":{"start":1762342466693,"stop":1762342467010,"duration":317}}]},"tags":[]},"source":"bca54e56ce0ad9b2.json","parameterValues":[]}