{"uid":"c596fc92f1add775","name":"test order db create backup without uuid","fullName":"tests_api.test_bd.TestBackup#test_order_db_create_backup_without_wrong_uuid","historyId":"2af06a4e7c37b1098f7fac9e88893a2b","time":{"start":1762653407389,"stop":1762653407389,"duration":0},"status":"failed","statusMessage":"AssertionError: Incorrect status code: 502","statusTrace":"@pytest.fixture()\n    def get_token_backup_1():\n        \"\"\"\n        Method return:\\n\n        token: str\\n\n        body: dict\\n\n        uuid: str\n        \"\"\"\n        load_dotenv()\n        email = os.getenv('BACKUP1_MAIL')\n        old_password = os.getenv('BACKUP1_PASSWORD')\n        uuid = os.getenv('BACKUP1_UUID')\n        body = {\"email\": email, \"password\": old_password}\n        result = requests.post('https://dbend.areso.pro/login', json=body)\n>       Checking.check_status_code(result, 200)\n\nconftest.py:94: \n_ _ _ _ _ _ _ _ _ _ _ _ _ _ _ _ _ _ _ _ _ _ _ _ _ _ _ _ _ _ _ _ _ _ _ _ _ _ _ _ \n\nresult = <Response [502]>, status_code = 200\n\n    @staticmethod\n    def check_status_code(result: requests.models.Response, status_code: int):\n        \"\"\"\n        Method check status code\n        :param result: Response\n        :param status_code:\n        \"\"\"\n        with allure.step(f'Assert status code: {status_code} == Response status code: {result.status_code}'):\n>           assert status_code == result.status_code, f'Incorrect status code: {result.status_code}'\nE           AssertionError: Incorrect status code: 502\n\ntests_api/utils/checking.py:16: AssertionError","flaky":false,"newFailed":true,"newBroken":false,"newPassed":false,"retriesCount":0,"retriesStatusChange":false,"beforeStages":[{"name":"get_token_backup_1","time":{"start":1762653407390,"stop":1762653407714,"duration":324},"status":"failed","statusMessage":"AssertionError: Incorrect status code: 502\n","statusTrace":"  File \"/opt/hostedtoolcache/Python/3.12.12/x64/lib/python3.12/site-packages/pluggy/_callers.py\", line 38, in run_old_style_hookwrapper\n    res = yield\n          ^^^^^\n  File \"/opt/hostedtoolcache/Python/3.12.12/x64/lib/python3.12/site-packages/pluggy/_callers.py\", line 139, in _multicall\n    teardown.throw(exception)\n  File \"/opt/hostedtoolcache/Python/3.12.12/x64/lib/python3.12/site-packages/pluggy/_callers.py\", line 53, in run_old_style_hookwrapper\n    return result.get_result()\n           ^^^^^^^^^^^^^^^^^^^\n  File \"/opt/hostedtoolcache/Python/3.12.12/x64/lib/python3.12/site-packages/pluggy/_result.py\", line 103, in get_result\n    raise exc.with_traceback(tb)\n  File \"/opt/hostedtoolcache/Python/3.12.12/x64/lib/python3.12/site-packages/pluggy/_callers.py\", line 38, in run_old_style_hookwrapper\n    res = yield\n          ^^^^^\n  File \"/opt/hostedtoolcache/Python/3.12.12/x64/lib/python3.12/site-packages/pluggy/_callers.py\", line 121, in _multicall\n    res = hook_impl.function(*args)\n          ^^^^^^^^^^^^^^^^^^^^^^^^^\n  File \"/opt/hostedtoolcache/Python/3.12.12/x64/lib/python3.12/site-packages/_pytest/fixtures.py\", line 1123, in pytest_fixture_setup\n    result = call_fixture_func(fixturefunc, request, kwargs)\n             ^^^^^^^^^^^^^^^^^^^^^^^^^^^^^^^^^^^^^^^^^^^^^^^\n  File \"/opt/hostedtoolcache/Python/3.12.12/x64/lib/python3.12/site-packages/_pytest/fixtures.py\", line 902, in call_fixture_func\n    fixture_result = fixturefunc(**kwargs)\n                     ^^^^^^^^^^^^^^^^^^^^^\n  File \"/home/runner/work/Oblache/Oblache/conftest.py\", line 94, in get_token_backup_1\n    Checking.check_status_code(result, 200)\n  File \"/home/runner/work/Oblache/Oblache/tests_api/utils/checking.py\", line 16, in check_status_code\n    assert status_code == result.status_code, f'Incorrect status code: {result.status_code}'\n           ^^^^^^^^^^^^^^^^^^^^^^^^^^^^^^^^^\n","steps":[{"name":"Assert status code: 200 == Response status code: 502","time":{"start":1762653407714,"stop":1762653407714,"duration":0},"status":"failed","statusMessage":"AssertionError: Incorrect status code: 502\n","statusTrace":"  File \"/home/runner/work/Oblache/Oblache/tests_api/utils/checking.py\", line 16, in check_status_code\n    assert status_code == result.status_code, f'Incorrect status code: {result.status_code}'\n           ^^^^^^^^^^^^^^^^^^^^^^^^^^^^^^^^^\n","steps":[],"attachments":[],"parameters":[],"stepsCount":0,"shouldDisplayMessage":true,"attachmentsCount":0,"hasContent":true,"attachmentStep":false}],"attachments":[],"parameters":[],"stepsCount":1,"shouldDisplayMessage":false,"attachmentsCount":0,"hasContent":true,"attachmentStep":false}],"afterStages":[],"labels":[{"name":"suite","value":"Test Backup"},{"name":"parentSuite","value":"tests_api"},{"name":"subSuite","value":"TestBackup"},{"name":"host","value":"runnervmw9dnm"},{"name":"thread","value":"2596-MainThread"},{"name":"framework","value":"pytest"},{"name":"language","value":"cpython3"},{"name":"package","value":"tests_api.test_bd"},{"name":"resultFormat","value":"allure2"}],"parameters":[],"links":[],"hidden":false,"retry":false,"extra":{"severity":"normal","retries":[],"categories":[{"name":"Product defects","matchedStatuses":[],"flaky":false}],"history":{"statistic":{"failed":1,"broken":0,"skipped":0,"passed":5,"unknown":0,"total":6},"items":[{"uid":"35b32d8b64cd4dab","reportUrl":"https://lambotik.github.io/Oblache/557/#testresult/35b32d8b64cd4dab","status":"passed","time":{"start":1762566419984,"stop":1762566420419,"duration":435}},{"uid":"1eadfd39daa1dcdd","reportUrl":"https://lambotik.github.io/Oblache/556/#testresult/1eadfd39daa1dcdd","status":"passed","time":{"start":1762480386342,"stop":1762480386847,"duration":505}},{"uid":"c541e6bf1ff6d68b","reportUrl":"https://lambotik.github.io/Oblache/555/#testresult/c541e6bf1ff6d68b","status":"passed","time":{"start":1762394050916,"stop":1762394051280,"duration":364}},{"uid":"c78539730f9ecabb","reportUrl":"https://lambotik.github.io/Oblache/25/#testresult/c78539730f9ecabb","status":"passed","time":{"start":1762342849935,"stop":1762342850401,"duration":466}},{"uid":"77fc25b82fe1c00","reportUrl":"https://lambotik.github.io/Oblache/24/#testresult/77fc25b82fe1c00","status":"passed","time":{"start":1762342483786,"stop":1762342484095,"duration":309}}]},"tags":[]},"source":"c596fc92f1add775.json","parameterValues":[]}