{"uid":"c995dd4afb624655","name":"POST change_password_with_wrong_data","fullName":"tests_api.test_bd.TestPOST#test_post_change_password_with_wrong_data","historyId":"c8dcf68e64482196ee23ebcfdd062055","time":{"start":1762653400770,"stop":1762653401101,"duration":331},"status":"failed","statusMessage":"AssertionError: Incorrect status code: 502","statusTrace":"self = <tests_api.test_bd.TestPOST object at 0x7fa2e5748230>\n\n    @allure.title('POST change_password_with_wrong_data')\n    def test_post_change_password_with_wrong_data(self):\n        result = API.post_change_password(\n            token=TestPOST.token,\n            old_password='123456',\n            new_password='123456')\n>       Checking.check_status_code(result, 400)\n\ntests_api/test_bd.py:335: \n_ _ _ _ _ _ _ _ _ _ _ _ _ _ _ _ _ _ _ _ _ _ _ _ _ _ _ _ _ _ _ _ _ _ _ _ _ _ _ _ \n\nresult = <Response [502]>, status_code = 400\n\n    @staticmethod\n    def check_status_code(result: requests.models.Response, status_code: int):\n        \"\"\"\n        Method check status code\n        :param result: Response\n        :param status_code:\n        \"\"\"\n        with allure.step(f'Assert status code: {status_code} == Response status code: {result.status_code}'):\n>           assert status_code == result.status_code, f'Incorrect status code: {result.status_code}'\nE           AssertionError: Incorrect status code: 502\n\ntests_api/utils/checking.py:16: AssertionError","flaky":false,"newFailed":true,"newBroken":false,"newPassed":false,"retriesCount":0,"retriesStatusChange":false,"beforeStages":[],"testStage":{"status":"failed","statusMessage":"AssertionError: Incorrect status code: 502","statusTrace":"self = <tests_api.test_bd.TestPOST object at 0x7fa2e5748230>\n\n    @allure.title('POST change_password_with_wrong_data')\n    def test_post_change_password_with_wrong_data(self):\n        result = API.post_change_password(\n            token=TestPOST.token,\n            old_password='123456',\n            new_password='123456')\n>       Checking.check_status_code(result, 400)\n\ntests_api/test_bd.py:335: \n_ _ _ _ _ _ _ _ _ _ _ _ _ _ _ _ _ _ _ _ _ _ _ _ _ _ _ _ _ _ _ _ _ _ _ _ _ _ _ _ \n\nresult = <Response [502]>, status_code = 400\n\n    @staticmethod\n    def check_status_code(result: requests.models.Response, status_code: int):\n        \"\"\"\n        Method check status code\n        :param result: Response\n        :param status_code:\n        \"\"\"\n        with allure.step(f'Assert status code: {status_code} == Response status code: {result.status_code}'):\n>           assert status_code == result.status_code, f'Incorrect status code: {result.status_code}'\nE           AssertionError: Incorrect status code: 502\n\ntests_api/utils/checking.py:16: AssertionError","steps":[{"name":"post_change_password","time":{"start":1762653400770,"stop":1762653401101,"duration":331},"status":"passed","steps":[{"name":"Endpoint: /password_update","time":{"start":1762653401101,"stop":1762653401101,"duration":0},"status":"passed","steps":[],"attachments":[],"parameters":[],"stepsCount":0,"shouldDisplayMessage":false,"attachmentsCount":0,"hasContent":false,"attachmentStep":false},{"name":"Request:","time":{"start":1762653401101,"stop":1762653401101,"duration":0},"status":"passed","steps":[{"name":"Headers: {'Content-Type': 'application/json', 'Authorization': {None}}","time":{"start":1762653401101,"stop":1762653401101,"duration":0},"status":"passed","steps":[],"attachments":[],"parameters":[],"stepsCount":0,"shouldDisplayMessage":false,"attachmentsCount":0,"hasContent":false,"attachmentStep":false},{"name":"Body: {\"current_password\": old_password, \"new_password\": new_password}","time":{"start":1762653401101,"stop":1762653401101,"duration":0},"status":"passed","steps":[],"attachments":[],"parameters":[],"stepsCount":0,"shouldDisplayMessage":false,"attachmentsCount":0,"hasContent":false,"attachmentStep":false}],"attachments":[],"parameters":[],"stepsCount":2,"shouldDisplayMessage":false,"attachmentsCount":0,"hasContent":true,"attachmentStep":false},{"name":"Response:","time":{"start":1762653401101,"stop":1762653401101,"duration":0},"status":"passed","steps":[{"name":"Status code: 502","time":{"start":1762653401101,"stop":1762653401101,"duration":0},"status":"passed","steps":[],"attachments":[],"parameters":[],"stepsCount":0,"shouldDisplayMessage":false,"attachmentsCount":0,"hasContent":false,"attachmentStep":false},{"name":"JSON: <html>\r\n<head><title>502 Bad Gateway</title></head>\r\n<body>\r\n<center><h1>502 Bad Gateway</h1></center>\r\n<hr><center>nginx/1.18.0 (Ubuntu)</center>\r\n</body>\r\n</html>\r\n","time":{"start":1762653401101,"stop":1762653401101,"duration":0},"status":"passed","steps":[],"attachments":[],"parameters":[],"stepsCount":0,"shouldDisplayMessage":false,"attachmentsCount":0,"hasContent":false,"attachmentStep":false}],"attachments":[],"parameters":[],"stepsCount":2,"shouldDisplayMessage":false,"attachmentsCount":0,"hasContent":true,"attachmentStep":false}],"attachments":[],"parameters":[],"stepsCount":7,"shouldDisplayMessage":false,"attachmentsCount":0,"hasContent":true,"attachmentStep":false},{"name":"Assert status code: 400 == Response status code: 502","time":{"start":1762653401101,"stop":1762653401101,"duration":0},"status":"failed","statusMessage":"AssertionError: Incorrect status code: 502\n","statusTrace":"  File \"/home/runner/work/Oblache/Oblache/tests_api/utils/checking.py\", line 16, in check_status_code\n    assert status_code == result.status_code, f'Incorrect status code: {result.status_code}'\n           ^^^^^^^^^^^^^^^^^^^^^^^^^^^^^^^^^\n","steps":[],"attachments":[],"parameters":[],"stepsCount":0,"shouldDisplayMessage":true,"attachmentsCount":0,"hasContent":true,"attachmentStep":false}],"attachments":[],"parameters":[],"stepsCount":9,"shouldDisplayMessage":true,"attachmentsCount":0,"hasContent":true,"attachmentStep":false},"afterStages":[],"labels":[{"name":"suite","value":"POST"},{"name":"parentSuite","value":"tests_api"},{"name":"subSuite","value":"TestPOST"},{"name":"host","value":"runnervmw9dnm"},{"name":"thread","value":"2596-MainThread"},{"name":"framework","value":"pytest"},{"name":"language","value":"cpython3"},{"name":"package","value":"tests_api.test_bd"},{"name":"resultFormat","value":"allure2"}],"parameters":[],"links":[],"hidden":false,"retry":false,"extra":{"severity":"normal","retries":[],"categories":[{"name":"Product defects","matchedStatuses":[],"flaky":false}],"history":{"statistic":{"failed":1,"broken":0,"skipped":0,"passed":5,"unknown":0,"total":6},"items":[{"uid":"81c075151e659dd3","reportUrl":"https://lambotik.github.io/Oblache/557/#testresult/81c075151e659dd3","status":"passed","time":{"start":1762566408651,"stop":1762566409079,"duration":428}},{"uid":"573ef38520ba9ef2","reportUrl":"https://lambotik.github.io/Oblache/556/#testresult/573ef38520ba9ef2","status":"passed","time":{"start":1762480373087,"stop":1762480373739,"duration":652}},{"uid":"d50033a413574bc8","reportUrl":"https://lambotik.github.io/Oblache/555/#testresult/d50033a413574bc8","status":"passed","time":{"start":1762394040659,"stop":1762394041024,"duration":365}},{"uid":"5998c8b72571bb2c","reportUrl":"https://lambotik.github.io/Oblache/25/#testresult/5998c8b72571bb2c","status":"passed","time":{"start":1762342837104,"stop":1762342837587,"duration":483}},{"uid":"54f6e815e46d8a95","reportUrl":"https://lambotik.github.io/Oblache/24/#testresult/54f6e815e46d8a95","status":"passed","time":{"start":1762342475068,"stop":1762342475374,"duration":306}}]},"tags":[]},"source":"c995dd4afb624655.json","parameterValues":[]}