{"uid":"d25c1811d0562d30","name":"GET list list_dbtypes.","fullName":"tests_api.test_get.TestGET#test_get_list_db_types","historyId":"6a0e155f2293c93d13b55a433b02f52e","time":{"start":1762653488969,"stop":1762653489310,"duration":341},"status":"failed","statusMessage":"AssertionError: Incorrect status code: 502","statusTrace":"self = <tests_api.test_get.TestGET object at 0x7fa2e53ee150>\n\n    @allure.title('GET list list_dbtypes.')\n    def test_get_list_db_types(self):\n        response = API.get_list_db_types()\n>       Checking.check_status_code(response, 200)\n\ntests_api/test_get.py:34: \n_ _ _ _ _ _ _ _ _ _ _ _ _ _ _ _ _ _ _ _ _ _ _ _ _ _ _ _ _ _ _ _ _ _ _ _ _ _ _ _ \n\nresult = <Response [502]>, status_code = 200\n\n    @staticmethod\n    def check_status_code(result: requests.models.Response, status_code: int):\n        \"\"\"\n        Method check status code\n        :param result: Response\n        :param status_code:\n        \"\"\"\n        with allure.step(f'Assert status code: {status_code} == Response status code: {result.status_code}'):\n>           assert status_code == result.status_code, f'Incorrect status code: {result.status_code}'\nE           AssertionError: Incorrect status code: 502\n\ntests_api/utils/checking.py:16: AssertionError","flaky":false,"newFailed":true,"newBroken":false,"newPassed":false,"retriesCount":0,"retriesStatusChange":false,"beforeStages":[],"testStage":{"status":"failed","statusMessage":"AssertionError: Incorrect status code: 502","statusTrace":"self = <tests_api.test_get.TestGET object at 0x7fa2e53ee150>\n\n    @allure.title('GET list list_dbtypes.')\n    def test_get_list_db_types(self):\n        response = API.get_list_db_types()\n>       Checking.check_status_code(response, 200)\n\ntests_api/test_get.py:34: \n_ _ _ _ _ _ _ _ _ _ _ _ _ _ _ _ _ _ _ _ _ _ _ _ _ _ _ _ _ _ _ _ _ _ _ _ _ _ _ _ \n\nresult = <Response [502]>, status_code = 200\n\n    @staticmethod\n    def check_status_code(result: requests.models.Response, status_code: int):\n        \"\"\"\n        Method check status code\n        :param result: Response\n        :param status_code:\n        \"\"\"\n        with allure.step(f'Assert status code: {status_code} == Response status code: {result.status_code}'):\n>           assert status_code == result.status_code, f'Incorrect status code: {result.status_code}'\nE           AssertionError: Incorrect status code: 502\n\ntests_api/utils/checking.py:16: AssertionError","steps":[{"name":"Endpoint: /list_dbtypes","time":{"start":1762653489309,"stop":1762653489309,"duration":0},"status":"passed","steps":[],"attachments":[],"parameters":[],"stepsCount":0,"shouldDisplayMessage":false,"attachmentsCount":0,"hasContent":false,"attachmentStep":false},{"name":"Request:","time":{"start":1762653489309,"stop":1762653489309,"duration":0},"status":"passed","steps":[{"name":"Headers: {'Content-Type': 'application/json', 'Authorization': ''}","time":{"start":1762653489309,"stop":1762653489309,"duration":0},"status":"passed","steps":[],"attachments":[],"parameters":[],"stepsCount":0,"shouldDisplayMessage":false,"attachmentsCount":0,"hasContent":false,"attachmentStep":false},{"name":"Body: None","time":{"start":1762653489309,"stop":1762653489309,"duration":0},"status":"passed","steps":[],"attachments":[],"parameters":[],"stepsCount":0,"shouldDisplayMessage":false,"attachmentsCount":0,"hasContent":false,"attachmentStep":false}],"attachments":[],"parameters":[],"stepsCount":2,"shouldDisplayMessage":false,"attachmentsCount":0,"hasContent":true,"attachmentStep":false},{"name":"Response:","time":{"start":1762653489309,"stop":1762653489309,"duration":0},"status":"passed","steps":[{"name":"Status code: 502","time":{"start":1762653489309,"stop":1762653489309,"duration":0},"status":"passed","steps":[],"attachments":[],"parameters":[],"stepsCount":0,"shouldDisplayMessage":false,"attachmentsCount":0,"hasContent":false,"attachmentStep":false},{"name":"JSON: <html>\r\n<head><title>502 Bad Gateway</title></head>\r\n<body>\r\n<center><h1>502 Bad Gateway</h1></center>\r\n<hr><center>nginx/1.18.0 (Ubuntu)</center>\r\n</body>\r\n</html>\r\n","time":{"start":1762653489309,"stop":1762653489309,"duration":0},"status":"passed","steps":[],"attachments":[],"parameters":[],"stepsCount":0,"shouldDisplayMessage":false,"attachmentsCount":0,"hasContent":false,"attachmentStep":false}],"attachments":[],"parameters":[],"stepsCount":2,"shouldDisplayMessage":false,"attachmentsCount":0,"hasContent":true,"attachmentStep":false},{"name":"Assert status code: 200 == Response status code: 502","time":{"start":1762653489309,"stop":1762653489309,"duration":0},"status":"failed","statusMessage":"AssertionError: Incorrect status code: 502\n","statusTrace":"  File \"/home/runner/work/Oblache/Oblache/tests_api/utils/checking.py\", line 16, in check_status_code\n    assert status_code == result.status_code, f'Incorrect status code: {result.status_code}'\n           ^^^^^^^^^^^^^^^^^^^^^^^^^^^^^^^^^\n","steps":[],"attachments":[],"parameters":[],"stepsCount":0,"shouldDisplayMessage":true,"attachmentsCount":0,"hasContent":true,"attachmentStep":false}],"attachments":[],"parameters":[],"stepsCount":8,"shouldDisplayMessage":true,"attachmentsCount":0,"hasContent":true,"attachmentStep":false},"afterStages":[],"labels":[{"name":"suite","value":"GET"},{"name":"parentSuite","value":"tests_api"},{"name":"subSuite","value":"TestGET"},{"name":"host","value":"runnervmw9dnm"},{"name":"thread","value":"2596-MainThread"},{"name":"framework","value":"pytest"},{"name":"language","value":"cpython3"},{"name":"package","value":"tests_api.test_get"},{"name":"resultFormat","value":"allure2"}],"parameters":[],"links":[],"hidden":false,"retry":false,"extra":{"severity":"normal","retries":[],"categories":[{"name":"Product defects","matchedStatuses":[],"flaky":false}],"history":{"statistic":{"failed":1,"broken":0,"skipped":0,"passed":3,"unknown":0,"total":4},"items":[{"uid":"e8d2f3a8d85e1092","reportUrl":"https://lambotik.github.io/Oblache/557/#testresult/e8d2f3a8d85e1092","status":"passed","time":{"start":1762566504202,"stop":1762566504626,"duration":424}},{"uid":"9f6fbb72581ea822","reportUrl":"https://lambotik.github.io/Oblache/556/#testresult/9f6fbb72581ea822","status":"passed","time":{"start":1762480472373,"stop":1762480472873,"duration":500}},{"uid":"4a522b088518d655","reportUrl":"https://lambotik.github.io/Oblache/555/#testresult/4a522b088518d655","status":"passed","time":{"start":1762394133898,"stop":1762394134266,"duration":368}}]},"tags":[]},"source":"d25c1811d0562d30.json","parameterValues":[]}