{"uid":"dbe76cc658463df8","name":"POST is logged","fullName":"tests_api.test_bd.TestPOST#test_post_is_logged","historyId":"0bc19031fd70da12edd5e058e257bd16","time":{"start":1762653394818,"stop":1762653395156,"duration":338},"status":"failed","statusMessage":"AssertionError: Incorrect status code: 502","statusTrace":"self = <tests_api.test_bd.TestPOST object at 0x7fa2e53ecb60>\n\n    @allure.title('POST is logged')\n    def test_post_is_logged(self):\n        response = API.post_is_logged(token=TestPOST.token)\n>       Checking.check_status_code(response, 200)\n\ntests_api/test_bd.py:205: \n_ _ _ _ _ _ _ _ _ _ _ _ _ _ _ _ _ _ _ _ _ _ _ _ _ _ _ _ _ _ _ _ _ _ _ _ _ _ _ _ \n\nresult = <Response [502]>, status_code = 200\n\n    @staticmethod\n    def check_status_code(result: requests.models.Response, status_code: int):\n        \"\"\"\n        Method check status code\n        :param result: Response\n        :param status_code:\n        \"\"\"\n        with allure.step(f'Assert status code: {status_code} == Response status code: {result.status_code}'):\n>           assert status_code == result.status_code, f'Incorrect status code: {result.status_code}'\nE           AssertionError: Incorrect status code: 502\n\ntests_api/utils/checking.py:16: AssertionError","flaky":false,"newFailed":true,"newBroken":false,"newPassed":false,"retriesCount":0,"retriesStatusChange":false,"beforeStages":[],"testStage":{"status":"failed","statusMessage":"AssertionError: Incorrect status code: 502","statusTrace":"self = <tests_api.test_bd.TestPOST object at 0x7fa2e53ecb60>\n\n    @allure.title('POST is logged')\n    def test_post_is_logged(self):\n        response = API.post_is_logged(token=TestPOST.token)\n>       Checking.check_status_code(response, 200)\n\ntests_api/test_bd.py:205: \n_ _ _ _ _ _ _ _ _ _ _ _ _ _ _ _ _ _ _ _ _ _ _ _ _ _ _ _ _ _ _ _ _ _ _ _ _ _ _ _ \n\nresult = <Response [502]>, status_code = 200\n\n    @staticmethod\n    def check_status_code(result: requests.models.Response, status_code: int):\n        \"\"\"\n        Method check status code\n        :param result: Response\n        :param status_code:\n        \"\"\"\n        with allure.step(f'Assert status code: {status_code} == Response status code: {result.status_code}'):\n>           assert status_code == result.status_code, f'Incorrect status code: {result.status_code}'\nE           AssertionError: Incorrect status code: 502\n\ntests_api/utils/checking.py:16: AssertionError","steps":[{"name":"post_is_logged","time":{"start":1762653394818,"stop":1762653395156,"duration":338},"status":"passed","steps":[{"name":"Endpoint: /is_logged","time":{"start":1762653395156,"stop":1762653395156,"duration":0},"status":"passed","steps":[],"attachments":[],"parameters":[],"stepsCount":0,"shouldDisplayMessage":false,"attachmentsCount":0,"hasContent":false,"attachmentStep":false},{"name":"Request:","time":{"start":1762653395156,"stop":1762653395156,"duration":0},"status":"passed","steps":[{"name":"Headers: {'Content-Type': 'application/json', 'Authorization': {None}}","time":{"start":1762653395156,"stop":1762653395156,"duration":0},"status":"passed","steps":[],"attachments":[],"parameters":[],"stepsCount":0,"shouldDisplayMessage":false,"attachmentsCount":0,"hasContent":false,"attachmentStep":false},{"name":"Body: None","time":{"start":1762653395156,"stop":1762653395156,"duration":0},"status":"passed","steps":[],"attachments":[],"parameters":[],"stepsCount":0,"shouldDisplayMessage":false,"attachmentsCount":0,"hasContent":false,"attachmentStep":false}],"attachments":[],"parameters":[],"stepsCount":2,"shouldDisplayMessage":false,"attachmentsCount":0,"hasContent":true,"attachmentStep":false},{"name":"Response:","time":{"start":1762653395156,"stop":1762653395156,"duration":0},"status":"passed","steps":[{"name":"Status code: 502","time":{"start":1762653395156,"stop":1762653395156,"duration":0},"status":"passed","steps":[],"attachments":[],"parameters":[],"stepsCount":0,"shouldDisplayMessage":false,"attachmentsCount":0,"hasContent":false,"attachmentStep":false},{"name":"JSON: <html>\r\n<head><title>502 Bad Gateway</title></head>\r\n<body>\r\n<center><h1>502 Bad Gateway</h1></center>\r\n<hr><center>nginx/1.18.0 (Ubuntu)</center>\r\n</body>\r\n</html>\r\n","time":{"start":1762653395156,"stop":1762653395156,"duration":0},"status":"passed","steps":[],"attachments":[],"parameters":[],"stepsCount":0,"shouldDisplayMessage":false,"attachmentsCount":0,"hasContent":false,"attachmentStep":false}],"attachments":[],"parameters":[],"stepsCount":2,"shouldDisplayMessage":false,"attachmentsCount":0,"hasContent":true,"attachmentStep":false}],"attachments":[],"parameters":[],"stepsCount":7,"shouldDisplayMessage":false,"attachmentsCount":0,"hasContent":true,"attachmentStep":false},{"name":"Assert status code: 200 == Response status code: 502","time":{"start":1762653395156,"stop":1762653395156,"duration":0},"status":"failed","statusMessage":"AssertionError: Incorrect status code: 502\n","statusTrace":"  File \"/home/runner/work/Oblache/Oblache/tests_api/utils/checking.py\", line 16, in check_status_code\n    assert status_code == result.status_code, f'Incorrect status code: {result.status_code}'\n           ^^^^^^^^^^^^^^^^^^^^^^^^^^^^^^^^^\n","steps":[],"attachments":[],"parameters":[],"stepsCount":0,"shouldDisplayMessage":true,"attachmentsCount":0,"hasContent":true,"attachmentStep":false}],"attachments":[],"parameters":[],"stepsCount":9,"shouldDisplayMessage":true,"attachmentsCount":0,"hasContent":true,"attachmentStep":false},"afterStages":[],"labels":[{"name":"suite","value":"POST"},{"name":"parentSuite","value":"tests_api"},{"name":"subSuite","value":"TestPOST"},{"name":"host","value":"runnervmw9dnm"},{"name":"thread","value":"2596-MainThread"},{"name":"framework","value":"pytest"},{"name":"language","value":"cpython3"},{"name":"package","value":"tests_api.test_bd"},{"name":"resultFormat","value":"allure2"}],"parameters":[],"links":[],"hidden":false,"retry":false,"extra":{"severity":"normal","retries":[],"categories":[{"name":"Product defects","matchedStatuses":[],"flaky":false}],"history":{"statistic":{"failed":1,"broken":0,"skipped":0,"passed":5,"unknown":0,"total":6},"items":[{"uid":"d1a609fa1d0e3f93","reportUrl":"https://lambotik.github.io/Oblache/557/#testresult/d1a609fa1d0e3f93","status":"passed","time":{"start":1762566398129,"stop":1762566398555,"duration":426}},{"uid":"8174a3f1af3a9e84","reportUrl":"https://lambotik.github.io/Oblache/556/#testresult/8174a3f1af3a9e84","status":"passed","time":{"start":1762480360718,"stop":1762480361212,"duration":494}},{"uid":"ae19719d3ec857ed","reportUrl":"https://lambotik.github.io/Oblache/555/#testresult/ae19719d3ec857ed","status":"passed","time":{"start":1762394031707,"stop":1762394032066,"duration":359}},{"uid":"7768c6baecae1886","reportUrl":"https://lambotik.github.io/Oblache/25/#testresult/7768c6baecae1886","status":"passed","time":{"start":1762342825255,"stop":1762342825729,"duration":474}},{"uid":"4cb9f94f1f49010a","reportUrl":"https://lambotik.github.io/Oblache/24/#testresult/4cb9f94f1f49010a","status":"passed","time":{"start":1762342467011,"stop":1762342467397,"duration":386}}]},"tags":[]},"source":"dbe76cc658463df8.json","parameterValues":[]}