{"uid":"eed7deb9e68a87e4","name":"Checking the opening of the statistics page","fullName":"tests_ui.test_ui.TestProfilePage#test_open_statistic_page","historyId":"d5ae1e2d5dedc1997262906d6ec2db80","time":{"start":1762653516934,"stop":1762653522032,"duration":5098},"status":"broken","statusMessage":"selenium.common.exceptions.TimeoutException: Message: Can't find element by locator ('xpath', '//button[@id=\"menu_button_sites\"]')\nStacktrace:\n#0 0x563744a4faea <unknown>\n#1 0x56374449bcdb <unknown>\n#2 0x5637444ee6c4 <unknown>\n#3 0x5637444ee901 <unknown>\n#4 0x56374453d8b4 <unknown>\n#5 0x56374453ac87 <unknown>\n#6 0x5637444e0aca <unknown>\n#7 0x5637444e17d1 <unknown>\n#8 0x563744a16ab9 <unknown>\n#9 0x563744a19a8c <unknown>\n#10 0x5637449ffd49 <unknown>\n#11 0x563744a1a685 <unknown>\n#12 0x5637449e76c3 <unknown>\n#13 0x563744a3c7d8 <unknown>\n#14 0x563744a3c9b3 <unknown>\n#15 0x563744a4ea83 <unknown>\n#16 0x7f210ee9caa4 <unknown>\n#17 0x7f210ef29c6c <unknown>","statusTrace":"self = <tests_ui.test_ui.TestProfilePage object at 0x7fa2e53056d0>\ndriver = <selenium.webdriver.chrome.webdriver.WebDriver (session=\"345f824e23b76059d161ddedea0ccad5\")>\nauthorization_user = None\n\n    @allure.title('Checking the opening of the statistics page')\n    def test_open_statistic_page(self, driver, authorization_user):\n        page = ProfilePage(driver)\n>       page.click_static_site_button()\n\ntests_ui/test_ui.py:73: \n_ _ _ _ _ _ _ _ _ _ _ _ _ _ _ _ _ _ _ _ _ _ _ _ _ _ _ _ _ _ _ _ _ _ _ _ _ _ _ _ \ntests_ui/profile_page.py:40: in click_static_site_button\n    return self.element_is_present_and_clickable(self.locators.STATIC_BUTTON).click()\ntests_ui/base_page.py:28: in element_is_present_and_clickable\n    return (Wait(self.driver, self.timeout).until(\n_ _ _ _ _ _ _ _ _ _ _ _ _ _ _ _ _ _ _ _ _ _ _ _ _ _ _ _ _ _ _ _ _ _ _ _ _ _ _ _ \n\nself = <selenium.webdriver.support.wait.WebDriverWait (session=\"345f824e23b76059d161ddedea0ccad5\")>\nmethod = <function visibility_of_element_located.<locals>._predicate at 0x7fa2e51f7a60>\nmessage = 'Can\\'t find element by locator (\\'xpath\\', \\'//button[@id=\"menu_button_sites\"]\\')'\n\n    def until(self, method: Callable[[D], Union[Literal[False], T]], message: str = \"\") -> T:\n        \"\"\"Calls the method provided with the driver as an argument until the \\\n        return value does not evaluate to ``False``.\n    \n        :param method: callable(WebDriver)\n        :param message: optional message for :exc:`TimeoutException`\n        :returns: the result of the last call to `method`\n        :raises: :exc:`selenium.common.exceptions.TimeoutException` if timeout occurs\n        \"\"\"\n        screen = None\n        stacktrace = None\n    \n        end_time = time.monotonic() + self._timeout\n        while True:\n            try:\n                value = method(self._driver)\n                if value:\n                    return value\n            except self._ignored_exceptions as exc:\n                screen = getattr(exc, \"screen\", None)\n                stacktrace = getattr(exc, \"stacktrace\", None)\n            time.sleep(self._poll)\n            if time.monotonic() > end_time:\n                break\n>       raise TimeoutException(message, screen, stacktrace)\nE       selenium.common.exceptions.TimeoutException: Message: Can't find element by locator ('xpath', '//button[@id=\"menu_button_sites\"]')\nE       Stacktrace:\nE       #0 0x563744a4faea <unknown>\nE       #1 0x56374449bcdb <unknown>\nE       #2 0x5637444ee6c4 <unknown>\nE       #3 0x5637444ee901 <unknown>\nE       #4 0x56374453d8b4 <unknown>\nE       #5 0x56374453ac87 <unknown>\nE       #6 0x5637444e0aca <unknown>\nE       #7 0x5637444e17d1 <unknown>\nE       #8 0x563744a16ab9 <unknown>\nE       #9 0x563744a19a8c <unknown>\nE       #10 0x5637449ffd49 <unknown>\nE       #11 0x563744a1a685 <unknown>\nE       #12 0x5637449e76c3 <unknown>\nE       #13 0x563744a3c7d8 <unknown>\nE       #14 0x563744a3c9b3 <unknown>\nE       #15 0x563744a4ea83 <unknown>\nE       #16 0x7f210ee9caa4 <unknown>\nE       #17 0x7f210ef29c6c <unknown>\n\n/opt/hostedtoolcache/Python/3.12.12/x64/lib/python3.12/site-packages/selenium/webdriver/support/wait.py:105: TimeoutException","flaky":false,"newFailed":false,"newBroken":true,"newPassed":false,"retriesCount":0,"retriesStatusChange":false,"beforeStages":[{"name":"driver","time":{"start":1762653516120,"stop":1762653516378,"duration":258},"status":"passed","steps":[],"attachments":[],"parameters":[],"stepsCount":0,"shouldDisplayMessage":false,"attachmentsCount":0,"hasContent":false,"attachmentStep":false},{"name":"authorization_user","time":{"start":1762653516378,"stop":1762653516934,"duration":556},"status":"passed","steps":[{"name":"Open page: https://oblache.areso.pro/register.html","time":{"start":1762653516378,"stop":1762653516733,"duration":355},"status":"passed","steps":[],"attachments":[],"parameters":[],"stepsCount":0,"shouldDisplayMessage":false,"attachmentsCount":0,"hasContent":false,"attachmentStep":false},{"name":"Login user","time":{"start":1762653516734,"stop":1762653516934,"duration":200},"status":"passed","steps":[{"name":"Enter email.","time":{"start":1762653516734,"stop":1762653516793,"duration":59},"status":"passed","steps":[],"attachments":[],"parameters":[],"stepsCount":0,"shouldDisplayMessage":false,"attachmentsCount":0,"hasContent":false,"attachmentStep":false},{"name":"Enter password.","time":{"start":1762653516793,"stop":1762653516842,"duration":49},"status":"passed","steps":[],"attachments":[],"parameters":[],"stepsCount":0,"shouldDisplayMessage":false,"attachmentsCount":0,"hasContent":false,"attachmentStep":false},{"name":"Click button \"Login\"","time":{"start":1762653516842,"stop":1762653516931,"duration":89},"status":"passed","steps":[],"attachments":[],"parameters":[],"stepsCount":0,"shouldDisplayMessage":false,"attachmentsCount":0,"hasContent":false,"attachmentStep":false},{"name":"Check url is present: https://oblache.areso.pro/register.html","time":{"start":1762653516931,"stop":1762653516934,"duration":3},"status":"passed","steps":[],"attachments":[],"parameters":[],"stepsCount":0,"shouldDisplayMessage":false,"attachmentsCount":0,"hasContent":false,"attachmentStep":false}],"attachments":[],"parameters":[],"stepsCount":4,"shouldDisplayMessage":false,"attachmentsCount":0,"hasContent":true,"attachmentStep":false}],"attachments":[],"parameters":[],"stepsCount":6,"shouldDisplayMessage":false,"attachmentsCount":0,"hasContent":true,"attachmentStep":false}],"testStage":{"status":"broken","statusMessage":"selenium.common.exceptions.TimeoutException: Message: Can't find element by locator ('xpath', '//button[@id=\"menu_button_sites\"]')\nStacktrace:\n#0 0x563744a4faea <unknown>\n#1 0x56374449bcdb <unknown>\n#2 0x5637444ee6c4 <unknown>\n#3 0x5637444ee901 <unknown>\n#4 0x56374453d8b4 <unknown>\n#5 0x56374453ac87 <unknown>\n#6 0x5637444e0aca <unknown>\n#7 0x5637444e17d1 <unknown>\n#8 0x563744a16ab9 <unknown>\n#9 0x563744a19a8c <unknown>\n#10 0x5637449ffd49 <unknown>\n#11 0x563744a1a685 <unknown>\n#12 0x5637449e76c3 <unknown>\n#13 0x563744a3c7d8 <unknown>\n#14 0x563744a3c9b3 <unknown>\n#15 0x563744a4ea83 <unknown>\n#16 0x7f210ee9caa4 <unknown>\n#17 0x7f210ef29c6c <unknown>","statusTrace":"self = <tests_ui.test_ui.TestProfilePage object at 0x7fa2e53056d0>\ndriver = <selenium.webdriver.chrome.webdriver.WebDriver (session=\"345f824e23b76059d161ddedea0ccad5\")>\nauthorization_user = None\n\n    @allure.title('Checking the opening of the statistics page')\n    def test_open_statistic_page(self, driver, authorization_user):\n        page = ProfilePage(driver)\n>       page.click_static_site_button()\n\ntests_ui/test_ui.py:73: \n_ _ _ _ _ _ _ _ _ _ _ _ _ _ _ _ _ _ _ _ _ _ _ _ _ _ _ _ _ _ _ _ _ _ _ _ _ _ _ _ \ntests_ui/profile_page.py:40: in click_static_site_button\n    return self.element_is_present_and_clickable(self.locators.STATIC_BUTTON).click()\ntests_ui/base_page.py:28: in element_is_present_and_clickable\n    return (Wait(self.driver, self.timeout).until(\n_ _ _ _ _ _ _ _ _ _ _ _ _ _ _ _ _ _ _ _ _ _ _ _ _ _ _ _ _ _ _ _ _ _ _ _ _ _ _ _ \n\nself = <selenium.webdriver.support.wait.WebDriverWait (session=\"345f824e23b76059d161ddedea0ccad5\")>\nmethod = <function visibility_of_element_located.<locals>._predicate at 0x7fa2e51f7a60>\nmessage = 'Can\\'t find element by locator (\\'xpath\\', \\'//button[@id=\"menu_button_sites\"]\\')'\n\n    def until(self, method: Callable[[D], Union[Literal[False], T]], message: str = \"\") -> T:\n        \"\"\"Calls the method provided with the driver as an argument until the \\\n        return value does not evaluate to ``False``.\n    \n        :param method: callable(WebDriver)\n        :param message: optional message for :exc:`TimeoutException`\n        :returns: the result of the last call to `method`\n        :raises: :exc:`selenium.common.exceptions.TimeoutException` if timeout occurs\n        \"\"\"\n        screen = None\n        stacktrace = None\n    \n        end_time = time.monotonic() + self._timeout\n        while True:\n            try:\n                value = method(self._driver)\n                if value:\n                    return value\n            except self._ignored_exceptions as exc:\n                screen = getattr(exc, \"screen\", None)\n                stacktrace = getattr(exc, \"stacktrace\", None)\n            time.sleep(self._poll)\n            if time.monotonic() > end_time:\n                break\n>       raise TimeoutException(message, screen, stacktrace)\nE       selenium.common.exceptions.TimeoutException: Message: Can't find element by locator ('xpath', '//button[@id=\"menu_button_sites\"]')\nE       Stacktrace:\nE       #0 0x563744a4faea <unknown>\nE       #1 0x56374449bcdb <unknown>\nE       #2 0x5637444ee6c4 <unknown>\nE       #3 0x5637444ee901 <unknown>\nE       #4 0x56374453d8b4 <unknown>\nE       #5 0x56374453ac87 <unknown>\nE       #6 0x5637444e0aca <unknown>\nE       #7 0x5637444e17d1 <unknown>\nE       #8 0x563744a16ab9 <unknown>\nE       #9 0x563744a19a8c <unknown>\nE       #10 0x5637449ffd49 <unknown>\nE       #11 0x563744a1a685 <unknown>\nE       #12 0x5637449e76c3 <unknown>\nE       #13 0x563744a3c7d8 <unknown>\nE       #14 0x563744a3c9b3 <unknown>\nE       #15 0x563744a4ea83 <unknown>\nE       #16 0x7f210ee9caa4 <unknown>\nE       #17 0x7f210ef29c6c <unknown>\n\n/opt/hostedtoolcache/Python/3.12.12/x64/lib/python3.12/site-packages/selenium/webdriver/support/wait.py:105: TimeoutException","steps":[{"name":"Click \"Static site\" button.","time":{"start":1762653516934,"stop":1762653522031,"duration":5097},"status":"broken","statusMessage":"selenium.common.exceptions.TimeoutException: Message: Can't find element by locator ('xpath', '//button[@id=\"menu_button_sites\"]')\nStacktrace:\n#0 0x563744a4faea <unknown>\n#1 0x56374449bcdb <unknown>\n#2 0x5637444ee6c4 <unknown>\n#3 0x5637444ee901 <unknown>\n#4 0x56374453d8b4 <unknown>\n#5 0x56374453ac87 <unknown>\n#6 0x5637444e0aca <unknown>\n#7 0x5637444e17d1 <unknown>\n#8 0x563744a16ab9 <unknown>\n#9 0x563744a19a8c <unknown>\n#10 0x5637449ffd49 <unknown>\n#11 0x563744a1a685 <unknown>\n#12 0x5637449e76c3 <unknown>\n#13 0x563744a3c7d8 <unknown>\n#14 0x563744a3c9b3 <unknown>\n#15 0x563744a4ea83 <unknown>\n#16 0x7f210ee9caa4 <unknown>\n#17 0x7f210ef29c6c <unknown>\n\n","statusTrace":"  File \"/home/runner/work/Oblache/Oblache/tests_ui/profile_page.py\", line 40, in click_static_site_button\n    return self.element_is_present_and_clickable(self.locators.STATIC_BUTTON).click()\n           ^^^^^^^^^^^^^^^^^^^^^^^^^^^^^^^^^^^^^^^^^^^^^^^^^^^^^^^^^^^^^^^^^^\n  File \"/home/runner/work/Oblache/Oblache/tests_ui/base_page.py\", line 28, in element_is_present_and_clickable\n    return (Wait(self.driver, self.timeout).until(\n            ^^^^^^^^^^^^^^^^^^^^^^^^^^^^^^^^^^^^^^\n  File \"/opt/hostedtoolcache/Python/3.12.12/x64/lib/python3.12/site-packages/selenium/webdriver/support/wait.py\", line 105, in until\n    raise TimeoutException(message, screen, stacktrace)\n","steps":[],"attachments":[],"parameters":[],"stepsCount":0,"shouldDisplayMessage":true,"attachmentsCount":0,"hasContent":true,"attachmentStep":false}],"attachments":[{"uid":"58a2e491cdbfc28f","name":"Screenshot 2025-11-09 01:58:42.136442","source":"58a2e491cdbfc28f.png","type":"image/png","size":15432}],"parameters":[],"stepsCount":1,"shouldDisplayMessage":true,"attachmentsCount":1,"hasContent":true,"attachmentStep":false},"afterStages":[{"name":"driver::0","time":{"start":1762653522137,"stop":1762653522197,"duration":60},"status":"passed","steps":[],"attachments":[],"parameters":[],"stepsCount":0,"shouldDisplayMessage":false,"attachmentsCount":0,"hasContent":false,"attachmentStep":false}],"labels":[{"name":"suite","value":"Test Profile Page."},{"name":"parentSuite","value":"tests_ui"},{"name":"subSuite","value":"TestProfilePage"},{"name":"host","value":"runnervmw9dnm"},{"name":"thread","value":"2596-MainThread"},{"name":"framework","value":"pytest"},{"name":"language","value":"cpython3"},{"name":"package","value":"tests_ui.test_ui"},{"name":"resultFormat","value":"allure2"}],"parameters":[],"links":[],"hidden":false,"retry":false,"extra":{"severity":"normal","retries":[],"categories":[{"name":"Test defects","matchedStatuses":[],"flaky":false}],"history":{"statistic":{"failed":0,"broken":1,"skipped":0,"passed":3,"unknown":0,"total":4},"items":[{"uid":"38b55d323c5e6c02","reportUrl":"https://lambotik.github.io/Oblache/557/#testresult/38b55d323c5e6c02","status":"passed","time":{"start":1762566528336,"stop":1762566529538,"duration":1202}},{"uid":"ae592a5508de6492","reportUrl":"https://lambotik.github.io/Oblache/556/#testresult/ae592a5508de6492","status":"passed","time":{"start":1762480523565,"stop":1762480525058,"duration":1493}},{"uid":"e30045afc02212f5","reportUrl":"https://lambotik.github.io/Oblache/555/#testresult/e30045afc02212f5","status":"passed","time":{"start":1762394161335,"stop":1762394162424,"duration":1089}}]},"tags":[]},"source":"eed7deb9e68a87e4.json","parameterValues":[]}