{"uid":"f38454ac7b51230b","name":"POST create_docker_container","fullName":"tests_api.test_bd.TestPOST#test_post_container_list","historyId":"7cfa5ed518fbc3e9cbc2e5e4d32ab572","time":{"start":1762653399719,"stop":1762653400070,"duration":351},"status":"failed","statusMessage":"AssertionError: Incorrect status code: 502","statusTrace":"self = <tests_api.test_bd.TestPOST object at 0x7fa2e53ed7f0>\n\n    @allure.title('POST create_docker_container')\n    def test_post_container_list(self):\n        result = API.post_container_list(token=TestPOST.token)\n>       Checking.check_status_code(result, 200)\n\ntests_api/test_bd.py:352: \n_ _ _ _ _ _ _ _ _ _ _ _ _ _ _ _ _ _ _ _ _ _ _ _ _ _ _ _ _ _ _ _ _ _ _ _ _ _ _ _ \n\nresult = <Response [502]>, status_code = 200\n\n    @staticmethod\n    def check_status_code(result: requests.models.Response, status_code: int):\n        \"\"\"\n        Method check status code\n        :param result: Response\n        :param status_code:\n        \"\"\"\n        with allure.step(f'Assert status code: {status_code} == Response status code: {result.status_code}'):\n>           assert status_code == result.status_code, f'Incorrect status code: {result.status_code}'\nE           AssertionError: Incorrect status code: 502\n\ntests_api/utils/checking.py:16: AssertionError","flaky":false,"newFailed":true,"newBroken":false,"newPassed":false,"retriesCount":0,"retriesStatusChange":false,"beforeStages":[],"testStage":{"status":"failed","statusMessage":"AssertionError: Incorrect status code: 502","statusTrace":"self = <tests_api.test_bd.TestPOST object at 0x7fa2e53ed7f0>\n\n    @allure.title('POST create_docker_container')\n    def test_post_container_list(self):\n        result = API.post_container_list(token=TestPOST.token)\n>       Checking.check_status_code(result, 200)\n\ntests_api/test_bd.py:352: \n_ _ _ _ _ _ _ _ _ _ _ _ _ _ _ _ _ _ _ _ _ _ _ _ _ _ _ _ _ _ _ _ _ _ _ _ _ _ _ _ \n\nresult = <Response [502]>, status_code = 200\n\n    @staticmethod\n    def check_status_code(result: requests.models.Response, status_code: int):\n        \"\"\"\n        Method check status code\n        :param result: Response\n        :param status_code:\n        \"\"\"\n        with allure.step(f'Assert status code: {status_code} == Response status code: {result.status_code}'):\n>           assert status_code == result.status_code, f'Incorrect status code: {result.status_code}'\nE           AssertionError: Incorrect status code: 502\n\ntests_api/utils/checking.py:16: AssertionError","steps":[{"name":"post_container_list","time":{"start":1762653399719,"stop":1762653400070,"duration":351},"status":"passed","steps":[{"name":"Endpoint: /container_list","time":{"start":1762653400069,"stop":1762653400069,"duration":0},"status":"passed","steps":[],"attachments":[],"parameters":[],"stepsCount":0,"shouldDisplayMessage":false,"attachmentsCount":0,"hasContent":false,"attachmentStep":false},{"name":"Request:","time":{"start":1762653400070,"stop":1762653400070,"duration":0},"status":"passed","steps":[{"name":"Headers: {'Content-Type': 'application/json', 'Authorization': {None}}","time":{"start":1762653400070,"stop":1762653400070,"duration":0},"status":"passed","steps":[],"attachments":[],"parameters":[],"stepsCount":0,"shouldDisplayMessage":false,"attachmentsCount":0,"hasContent":false,"attachmentStep":false},{"name":"Body: None","time":{"start":1762653400070,"stop":1762653400070,"duration":0},"status":"passed","steps":[],"attachments":[],"parameters":[],"stepsCount":0,"shouldDisplayMessage":false,"attachmentsCount":0,"hasContent":false,"attachmentStep":false}],"attachments":[],"parameters":[],"stepsCount":2,"shouldDisplayMessage":false,"attachmentsCount":0,"hasContent":true,"attachmentStep":false},{"name":"Response:","time":{"start":1762653400070,"stop":1762653400070,"duration":0},"status":"passed","steps":[{"name":"Status code: 502","time":{"start":1762653400070,"stop":1762653400070,"duration":0},"status":"passed","steps":[],"attachments":[],"parameters":[],"stepsCount":0,"shouldDisplayMessage":false,"attachmentsCount":0,"hasContent":false,"attachmentStep":false},{"name":"JSON: <html>\r\n<head><title>502 Bad Gateway</title></head>\r\n<body>\r\n<center><h1>502 Bad Gateway</h1></center>\r\n<hr><center>nginx/1.18.0 (Ubuntu)</center>\r\n</body>\r\n</html>\r\n","time":{"start":1762653400070,"stop":1762653400070,"duration":0},"status":"passed","steps":[],"attachments":[],"parameters":[],"stepsCount":0,"shouldDisplayMessage":false,"attachmentsCount":0,"hasContent":false,"attachmentStep":false}],"attachments":[],"parameters":[],"stepsCount":2,"shouldDisplayMessage":false,"attachmentsCount":0,"hasContent":true,"attachmentStep":false}],"attachments":[],"parameters":[],"stepsCount":7,"shouldDisplayMessage":false,"attachmentsCount":0,"hasContent":true,"attachmentStep":false},{"name":"Assert status code: 200 == Response status code: 502","time":{"start":1762653400070,"stop":1762653400070,"duration":0},"status":"failed","statusMessage":"AssertionError: Incorrect status code: 502\n","statusTrace":"  File \"/home/runner/work/Oblache/Oblache/tests_api/utils/checking.py\", line 16, in check_status_code\n    assert status_code == result.status_code, f'Incorrect status code: {result.status_code}'\n           ^^^^^^^^^^^^^^^^^^^^^^^^^^^^^^^^^\n","steps":[],"attachments":[],"parameters":[],"stepsCount":0,"shouldDisplayMessage":true,"attachmentsCount":0,"hasContent":true,"attachmentStep":false}],"attachments":[],"parameters":[],"stepsCount":9,"shouldDisplayMessage":true,"attachmentsCount":0,"hasContent":true,"attachmentStep":false},"afterStages":[],"labels":[{"name":"suite","value":"POST"},{"name":"parentSuite","value":"tests_api"},{"name":"subSuite","value":"TestPOST"},{"name":"host","value":"runnervmw9dnm"},{"name":"thread","value":"2596-MainThread"},{"name":"framework","value":"pytest"},{"name":"language","value":"cpython3"},{"name":"package","value":"tests_api.test_bd"},{"name":"resultFormat","value":"allure2"}],"parameters":[],"links":[],"hidden":false,"retry":false,"extra":{"severity":"normal","retries":[],"categories":[{"name":"Product defects","matchedStatuses":[],"flaky":false}],"history":{"statistic":{"failed":1,"broken":0,"skipped":0,"passed":5,"unknown":0,"total":6},"items":[{"uid":"651ba4c50ee0e9d7","reportUrl":"https://lambotik.github.io/Oblache/557/#testresult/651ba4c50ee0e9d7","status":"passed","time":{"start":1762566406815,"stop":1762566407237,"duration":422}},{"uid":"5897c46f3bd99068","reportUrl":"https://lambotik.github.io/Oblache/556/#testresult/5897c46f3bd99068","status":"passed","time":{"start":1762480370924,"stop":1762480371424,"duration":500}},{"uid":"3e79c7a31eeaed51","reportUrl":"https://lambotik.github.io/Oblache/555/#testresult/3e79c7a31eeaed51","status":"passed","time":{"start":1762394039086,"stop":1762394039455,"duration":369}},{"uid":"c5a0f0b49a6ec184","reportUrl":"https://lambotik.github.io/Oblache/25/#testresult/c5a0f0b49a6ec184","status":"passed","time":{"start":1762342835030,"stop":1762342835507,"duration":477}},{"uid":"d5229a5d289eaf67","reportUrl":"https://lambotik.github.io/Oblache/24/#testresult/d5229a5d289eaf67","status":"passed","time":{"start":1762342473757,"stop":1762342474068,"duration":311}}]},"tags":[]},"source":"f38454ac7b51230b.json","parameterValues":[]}