{"uid":"f3ec5960031f53a0","name":"GET tos.","fullName":"tests_api.test_get.TestGET#test_tos","historyId":"ef2acb9cc12a30ca4ecbddfc67378d85","time":{"start":1762653488627,"stop":1762653488964,"duration":337},"status":"failed","statusMessage":"AssertionError: Incorrect status code: 502","statusTrace":"self = <tests_api.test_get.TestGET object at 0x7fa2e53eea80>\n\n    @allure.title('GET tos.')\n    def test_tos(self):\n        response = API.get_tos(token=TestGET.token)\n        file_name = LOADING_REPORT_DIR / 'my_report1.html'\n        attach = file_name\n        allure.attach.file(attach, name=f\"Report {datetime.today()}\", attachment_type=allure.attachment_type.HTML)\n>       Checking.check_status_code(response, 200)\n\ntests_api/test_get.py:29: \n_ _ _ _ _ _ _ _ _ _ _ _ _ _ _ _ _ _ _ _ _ _ _ _ _ _ _ _ _ _ _ _ _ _ _ _ _ _ _ _ \n\nresult = <Response [502]>, status_code = 200\n\n    @staticmethod\n    def check_status_code(result: requests.models.Response, status_code: int):\n        \"\"\"\n        Method check status code\n        :param result: Response\n        :param status_code:\n        \"\"\"\n        with allure.step(f'Assert status code: {status_code} == Response status code: {result.status_code}'):\n>           assert status_code == result.status_code, f'Incorrect status code: {result.status_code}'\nE           AssertionError: Incorrect status code: 502\n\ntests_api/utils/checking.py:16: AssertionError","flaky":false,"newFailed":true,"newBroken":false,"newPassed":false,"retriesCount":0,"retriesStatusChange":false,"beforeStages":[],"testStage":{"status":"failed","statusMessage":"AssertionError: Incorrect status code: 502","statusTrace":"self = <tests_api.test_get.TestGET object at 0x7fa2e53eea80>\n\n    @allure.title('GET tos.')\n    def test_tos(self):\n        response = API.get_tos(token=TestGET.token)\n        file_name = LOADING_REPORT_DIR / 'my_report1.html'\n        attach = file_name\n        allure.attach.file(attach, name=f\"Report {datetime.today()}\", attachment_type=allure.attachment_type.HTML)\n>       Checking.check_status_code(response, 200)\n\ntests_api/test_get.py:29: \n_ _ _ _ _ _ _ _ _ _ _ _ _ _ _ _ _ _ _ _ _ _ _ _ _ _ _ _ _ _ _ _ _ _ _ _ _ _ _ _ \n\nresult = <Response [502]>, status_code = 200\n\n    @staticmethod\n    def check_status_code(result: requests.models.Response, status_code: int):\n        \"\"\"\n        Method check status code\n        :param result: Response\n        :param status_code:\n        \"\"\"\n        with allure.step(f'Assert status code: {status_code} == Response status code: {result.status_code}'):\n>           assert status_code == result.status_code, f'Incorrect status code: {result.status_code}'\nE           AssertionError: Incorrect status code: 502\n\ntests_api/utils/checking.py:16: AssertionError","steps":[{"name":"Endpoint: /tos","time":{"start":1762653488962,"stop":1762653488962,"duration":0},"status":"passed","steps":[],"attachments":[],"parameters":[],"stepsCount":0,"shouldDisplayMessage":false,"attachmentsCount":0,"hasContent":false,"attachmentStep":false},{"name":"Request:","time":{"start":1762653488962,"stop":1762653488962,"duration":0},"status":"passed","steps":[{"name":"Headers: {'Content-Type': 'application/json', 'Authorization': {None}}","time":{"start":1762653488962,"stop":1762653488962,"duration":0},"status":"passed","steps":[],"attachments":[],"parameters":[],"stepsCount":0,"shouldDisplayMessage":false,"attachmentsCount":0,"hasContent":false,"attachmentStep":false},{"name":"Body: None","time":{"start":1762653488962,"stop":1762653488962,"duration":0},"status":"passed","steps":[],"attachments":[],"parameters":[],"stepsCount":0,"shouldDisplayMessage":false,"attachmentsCount":0,"hasContent":false,"attachmentStep":false}],"attachments":[],"parameters":[],"stepsCount":2,"shouldDisplayMessage":false,"attachmentsCount":0,"hasContent":true,"attachmentStep":false},{"name":"Response:","time":{"start":1762653488962,"stop":1762653488962,"duration":0},"status":"passed","steps":[{"name":"Status code: 502","time":{"start":1762653488962,"stop":1762653488962,"duration":0},"status":"passed","steps":[],"attachments":[],"parameters":[],"stepsCount":0,"shouldDisplayMessage":false,"attachmentsCount":0,"hasContent":false,"attachmentStep":false},{"name":"JSON: <html>\r\n<head><title>502 Bad Gateway</title></head>\r\n<body>\r\n<center><h1>502 Bad Gateway</h1></center>\r\n<hr><center>nginx/1.18.0 (Ubuntu)</center>\r\n</body>\r\n</html>\r\n","time":{"start":1762653488962,"stop":1762653488962,"duration":0},"status":"passed","steps":[],"attachments":[],"parameters":[],"stepsCount":0,"shouldDisplayMessage":false,"attachmentsCount":0,"hasContent":false,"attachmentStep":false}],"attachments":[],"parameters":[],"stepsCount":2,"shouldDisplayMessage":false,"attachmentsCount":0,"hasContent":true,"attachmentStep":false},{"name":"Assert status code: 200 == Response status code: 502","time":{"start":1762653488964,"stop":1762653488964,"duration":0},"status":"failed","statusMessage":"AssertionError: Incorrect status code: 502\n","statusTrace":"  File \"/home/runner/work/Oblache/Oblache/tests_api/utils/checking.py\", line 16, in check_status_code\n    assert status_code == result.status_code, f'Incorrect status code: {result.status_code}'\n           ^^^^^^^^^^^^^^^^^^^^^^^^^^^^^^^^^\n","steps":[],"attachments":[],"parameters":[],"stepsCount":0,"shouldDisplayMessage":true,"attachmentsCount":0,"hasContent":true,"attachmentStep":false}],"attachments":[{"uid":"778b1663527f21ff","name":"Report 2025-11-09 01:58:08.962152","source":"778b1663527f21ff.html","type":"text/html","size":1651560}],"parameters":[],"stepsCount":8,"shouldDisplayMessage":true,"attachmentsCount":1,"hasContent":true,"attachmentStep":false},"afterStages":[],"labels":[{"name":"suite","value":"GET"},{"name":"parentSuite","value":"tests_api"},{"name":"subSuite","value":"TestGET"},{"name":"host","value":"runnervmw9dnm"},{"name":"thread","value":"2596-MainThread"},{"name":"framework","value":"pytest"},{"name":"language","value":"cpython3"},{"name":"package","value":"tests_api.test_get"},{"name":"resultFormat","value":"allure2"}],"parameters":[],"links":[],"hidden":false,"retry":false,"extra":{"severity":"normal","retries":[],"categories":[{"name":"Product defects","matchedStatuses":[],"flaky":false}],"history":{"statistic":{"failed":1,"broken":0,"skipped":0,"passed":3,"unknown":0,"total":4},"items":[{"uid":"318c0af91569d19a","reportUrl":"https://lambotik.github.io/Oblache/557/#testresult/318c0af91569d19a","status":"passed","time":{"start":1762566503785,"stop":1762566504200,"duration":415}},{"uid":"95f3982328c667d9","reportUrl":"https://lambotik.github.io/Oblache/556/#testresult/95f3982328c667d9","status":"passed","time":{"start":1762480471856,"stop":1762480472372,"duration":516}},{"uid":"cfb7227b5b982d30","reportUrl":"https://lambotik.github.io/Oblache/555/#testresult/cfb7227b5b982d30","status":"passed","time":{"start":1762394133528,"stop":1762394133897,"duration":369}}]},"tags":[]},"source":"f3ec5960031f53a0.json","parameterValues":[]}