{
  "uid" : "2e5fa051b9f7b0c2",
  "name" : "POST checking ports_len negative symbols",
  "fullName" : "tests_api.test_bd.TestPOST#test_post_checking_ports_len_negative_symbols",
  "historyId" : "381cac88cc6f55198cae5b20cb94989e",
  "time" : {
    "start" : 1738112428016,
    "stop" : 1738112428327,
    "duration" : 311
  },
  "status" : "failed",
  "statusMessage" : "AssertionError: Result is not equal expected value",
  "statusTrace" : "self = <tests_api.test_bd.TestPOST object at 0x7f410ffc6570>\n\n    @allure.title('POST checking ports_len negative symbols')\n    def test_post_checking_ports_len_negative_symbols(self):\n        result = API.post_create_docker_container_checking_ports(\n            token=TestPOST.token,\n            port_len=\"qwert\")\n        Checking.check_status_code(result, 400)\n>       Checking.check_json_value(result, 'msg', \"msg[]: ports range isn't accepted\")\n\ntests_api/test_bd.py:399: \n_ _ _ _ _ _ _ _ _ _ _ _ _ _ _ _ _ _ _ _ _ _ _ _ _ _ _ _ _ _ _ _ _ _ _ _ _ _ _ _ \n\nresponse = <Response [400]>, field_name = 'msg'\nexpected_value = \"msg[]: ports range isn't accepted\"\n\n    @staticmethod\n    def check_json_value(response: requests.models.Response, field_name: str, expected_value):\n        \"\"\"\n        :param response: requests.models.Response\n        :param field_name:\n        :param expected_value:\n        \"\"\"\n        check = response.json()\n        check_info = check.get(field_name)\n        with allure.step(\n                f'Compare result request with expected value:'\n                f'\\nResponse: {response}\\nField name: {field_name}\\nValue: {expected_value}'):\n>           assert check_info == expected_value, 'Result is not equal expected value'\nE           AssertionError: Result is not equal expected value\n\ntests_api/utils/checking.py:57: AssertionError",
  "flaky" : false,
  "newFailed" : false,
  "beforeStages" : [ ],
  "testStage" : {
    "status" : "failed",
    "statusMessage" : "AssertionError: Result is not equal expected value",
    "statusTrace" : "self = <tests_api.test_bd.TestPOST object at 0x7f410ffc6570>\n\n    @allure.title('POST checking ports_len negative symbols')\n    def test_post_checking_ports_len_negative_symbols(self):\n        result = API.post_create_docker_container_checking_ports(\n            token=TestPOST.token,\n            port_len=\"qwert\")\n        Checking.check_status_code(result, 400)\n>       Checking.check_json_value(result, 'msg', \"msg[]: ports range isn't accepted\")\n\ntests_api/test_bd.py:399: \n_ _ _ _ _ _ _ _ _ _ _ _ _ _ _ _ _ _ _ _ _ _ _ _ _ _ _ _ _ _ _ _ _ _ _ _ _ _ _ _ \n\nresponse = <Response [400]>, field_name = 'msg'\nexpected_value = \"msg[]: ports range isn't accepted\"\n\n    @staticmethod\n    def check_json_value(response: requests.models.Response, field_name: str, expected_value):\n        \"\"\"\n        :param response: requests.models.Response\n        :param field_name:\n        :param expected_value:\n        \"\"\"\n        check = response.json()\n        check_info = check.get(field_name)\n        with allure.step(\n                f'Compare result request with expected value:'\n                f'\\nResponse: {response}\\nField name: {field_name}\\nValue: {expected_value}'):\n>           assert check_info == expected_value, 'Result is not equal expected value'\nE           AssertionError: Result is not equal expected value\n\ntests_api/utils/checking.py:57: AssertionError",
    "steps" : [ {
      "name" : "post_create_docker_container",
      "time" : {
        "start" : 1738112428016,
        "stop" : 1738112428327,
        "duration" : 311
      },
      "status" : "passed",
      "steps" : [ {
        "name" : "Endpoint: /container_create",
        "time" : {
          "start" : 1738112428327,
          "stop" : 1738112428327,
          "duration" : 0
        },
        "status" : "passed",
        "steps" : [ ],
        "attachments" : [ ],
        "parameters" : [ ],
        "stepsCount" : 0,
        "attachmentsCount" : 0,
        "shouldDisplayMessage" : false,
        "hasContent" : false
      }, {
        "name" : "Request:",
        "time" : {
          "start" : 1738112428327,
          "stop" : 1738112428327,
          "duration" : 0
        },
        "status" : "passed",
        "steps" : [ {
          "name" : "Url: https://dbend.areso.pro/container_create",
          "time" : {
            "start" : 1738112428327,
            "stop" : 1738112428327,
            "duration" : 0
          },
          "status" : "passed",
          "steps" : [ ],
          "attachments" : [ ],
          "parameters" : [ ],
          "stepsCount" : 0,
          "attachmentsCount" : 0,
          "shouldDisplayMessage" : false,
          "hasContent" : false
        }, {
          "name" : "Headers: {'Content-Type': 'application/json', 'Authorization': '97125b63-8ef7-45dd-a0a9-1770671a3a77'}",
          "time" : {
            "start" : 1738112428327,
            "stop" : 1738112428327,
            "duration" : 0
          },
          "status" : "passed",
          "steps" : [ ],
          "attachments" : [ ],
          "parameters" : [ ],
          "stepsCount" : 0,
          "attachmentsCount" : 0,
          "shouldDisplayMessage" : false,
          "hasContent" : false
        }, {
          "name" : "Body: {\"docker_image\": \"nginx\", \"int_ports\": f\"qwert\", \"env\": 3, \"region\": 3}",
          "time" : {
            "start" : 1738112428327,
            "stop" : 1738112428327,
            "duration" : 0
          },
          "status" : "passed",
          "steps" : [ ],
          "attachments" : [ ],
          "parameters" : [ ],
          "stepsCount" : 0,
          "attachmentsCount" : 0,
          "shouldDisplayMessage" : false,
          "hasContent" : false
        } ],
        "attachments" : [ ],
        "parameters" : [ ],
        "stepsCount" : 3,
        "attachmentsCount" : 0,
        "shouldDisplayMessage" : false,
        "hasContent" : true
      }, {
        "name" : "Response:",
        "time" : {
          "start" : 1738112428327,
          "stop" : 1738112428327,
          "duration" : 0
        },
        "status" : "passed",
        "steps" : [ {
          "name" : "Status code: 400",
          "time" : {
            "start" : 1738112428327,
            "stop" : 1738112428327,
            "duration" : 0
          },
          "status" : "passed",
          "steps" : [ ],
          "attachments" : [ ],
          "parameters" : [ ],
          "stepsCount" : 0,
          "attachmentsCount" : 0,
          "shouldDisplayMessage" : false,
          "hasContent" : false
        }, {
          "name" : "JSON: {\n    \"msg_code\": -1,\n    \"msg\": \"endpoint is disabled\"\n}\n",
          "time" : {
            "start" : 1738112428327,
            "stop" : 1738112428327,
            "duration" : 0
          },
          "status" : "passed",
          "steps" : [ ],
          "attachments" : [ ],
          "parameters" : [ ],
          "stepsCount" : 0,
          "attachmentsCount" : 0,
          "shouldDisplayMessage" : false,
          "hasContent" : false
        } ],
        "attachments" : [ ],
        "parameters" : [ ],
        "stepsCount" : 2,
        "attachmentsCount" : 0,
        "shouldDisplayMessage" : false,
        "hasContent" : true
      } ],
      "attachments" : [ ],
      "parameters" : [ ],
      "stepsCount" : 8,
      "attachmentsCount" : 0,
      "shouldDisplayMessage" : false,
      "hasContent" : true
    }, {
      "name" : "Assert status code: 400 == Response status code: 400",
      "time" : {
        "start" : 1738112428327,
        "stop" : 1738112428327,
        "duration" : 0
      },
      "status" : "passed",
      "steps" : [ ],
      "attachments" : [ ],
      "parameters" : [ ],
      "stepsCount" : 0,
      "attachmentsCount" : 0,
      "shouldDisplayMessage" : false,
      "hasContent" : false
    }, {
      "name" : "Compare result request with expected value:\nResponse: <Response [400]>\nField name: msg\nValue: msg[]: ports range isn't accepted",
      "time" : {
        "start" : 1738112428327,
        "stop" : 1738112428327,
        "duration" : 0
      },
      "status" : "failed",
      "statusMessage" : "AssertionError: Result is not equal expected value\n",
      "statusTrace" : "  File \"/home/runner/work/Oblache/Oblache/tests_api/utils/checking.py\", line 57, in check_json_value\n    assert check_info == expected_value, 'Result is not equal expected value'\n           ^^^^^^^^^^^^^^^^^^^^^^^^^^^^\n",
      "steps" : [ ],
      "attachments" : [ ],
      "parameters" : [ ],
      "stepsCount" : 0,
      "attachmentsCount" : 0,
      "shouldDisplayMessage" : true,
      "hasContent" : true
    } ],
    "attachments" : [ ],
    "parameters" : [ ],
    "stepsCount" : 11,
    "attachmentsCount" : 0,
    "shouldDisplayMessage" : true,
    "hasContent" : true
  },
  "afterStages" : [ ],
  "labels" : [ {
    "name" : "suite",
    "value" : "POST"
  }, {
    "name" : "parentSuite",
    "value" : "tests_api"
  }, {
    "name" : "subSuite",
    "value" : "TestPOST"
  }, {
    "name" : "host",
    "value" : "fv-az1444-301"
  }, {
    "name" : "thread",
    "value" : "2444-MainThread"
  }, {
    "name" : "framework",
    "value" : "pytest"
  }, {
    "name" : "language",
    "value" : "cpython3"
  }, {
    "name" : "package",
    "value" : "tests_api.test_bd"
  }, {
    "name" : "resultFormat",
    "value" : "allure2"
  } ],
  "parameters" : [ ],
  "links" : [ ],
  "hidden" : false,
  "retry" : false,
  "extra" : {
    "severity" : "normal",
    "retries" : [ ],
    "categories" : [ {
      "name" : "Product defects",
      "matchedStatuses" : [ ],
      "flaky" : false
    } ],
    "history" : {
      "statistic" : {
        "failed" : 44,
        "broken" : 0,
        "skipped" : 0,
        "passed" : 36,
        "unknown" : 0,
        "total" : 80
      },
      "items" : [ {
        "uid" : "ce8a58db1644f521",
        "reportUrl" : "https://lambotik.github.io/Oblache/296//#testresult/ce8a58db1644f521",
        "status" : "failed",
        "statusDetails" : "AssertionError: Result is not equal expected value",
        "time" : {
          "start" : 1738026040260,
          "stop" : 1738026040592,
          "duration" : 332
        }
      }, {
        "uid" : "435931833ab3bdbd",
        "reportUrl" : "https://lambotik.github.io/Oblache/295//#testresult/435931833ab3bdbd",
        "status" : "failed",
        "statusDetails" : "AssertionError: Result is not equal expected value",
        "time" : {
          "start" : 1737939719336,
          "stop" : 1737939719704,
          "duration" : 368
        }
      }, {
        "uid" : "1b0903810c72c941",
        "reportUrl" : "https://lambotik.github.io/Oblache/294//#testresult/1b0903810c72c941",
        "status" : "failed",
        "statusDetails" : "AssertionError: Result is not equal expected value",
        "time" : {
          "start" : 1737853369601,
          "stop" : 1737853370113,
          "duration" : 512
        }
      }, {
        "uid" : "8826413db5560b14",
        "reportUrl" : "https://lambotik.github.io/Oblache/293//#testresult/8826413db5560b14",
        "status" : "failed",
        "statusDetails" : "AssertionError: Result is not equal expected value",
        "time" : {
          "start" : 1737766668509,
          "stop" : 1737766669022,
          "duration" : 513
        }
      }, {
        "uid" : "20fb87cfddd16c25",
        "reportUrl" : "https://lambotik.github.io/Oblache/292//#testresult/20fb87cfddd16c25",
        "status" : "failed",
        "statusDetails" : "AssertionError: Result is not equal expected value",
        "time" : {
          "start" : 1737680504743,
          "stop" : 1737680505271,
          "duration" : 528
        }
      }, {
        "uid" : "904c15d610713e2",
        "reportUrl" : "https://lambotik.github.io/Oblache/291//#testresult/904c15d610713e2",
        "status" : "failed",
        "statusDetails" : "AssertionError: Result is not equal expected value",
        "time" : {
          "start" : 1737594033119,
          "stop" : 1737594033428,
          "duration" : 309
        }
      }, {
        "uid" : "eae281b2fe27203e",
        "reportUrl" : "https://lambotik.github.io/Oblache/290//#testresult/eae281b2fe27203e",
        "status" : "failed",
        "statusDetails" : "AssertionError: Result is not equal expected value",
        "time" : {
          "start" : 1737507717984,
          "stop" : 1737507718313,
          "duration" : 329
        }
      }, {
        "uid" : "4e3a391455dc01e8",
        "reportUrl" : "https://lambotik.github.io/Oblache/289//#testresult/4e3a391455dc01e8",
        "status" : "failed",
        "statusDetails" : "AssertionError: Result is not equal expected value",
        "time" : {
          "start" : 1737421199925,
          "stop" : 1737421200236,
          "duration" : 311
        }
      }, {
        "uid" : "37449ff082caaf66",
        "reportUrl" : "https://lambotik.github.io/Oblache/288//#testresult/37449ff082caaf66",
        "status" : "failed",
        "statusDetails" : "AssertionError: Result is not equal expected value",
        "time" : {
          "start" : 1737334892204,
          "stop" : 1737334892566,
          "duration" : 362
        }
      }, {
        "uid" : "fc32a308981767cd",
        "reportUrl" : "https://lambotik.github.io/Oblache/287//#testresult/fc32a308981767cd",
        "status" : "failed",
        "statusDetails" : "AssertionError: Result is not equal expected value",
        "time" : {
          "start" : 1737248730592,
          "stop" : 1737248731111,
          "duration" : 519
        }
      }, {
        "uid" : "28e0c1a6787de6d5",
        "reportUrl" : "https://lambotik.github.io/Oblache/286//#testresult/28e0c1a6787de6d5",
        "status" : "failed",
        "statusDetails" : "AssertionError: Result is not equal expected value",
        "time" : {
          "start" : 1737161913703,
          "stop" : 1737161914065,
          "duration" : 362
        }
      }, {
        "uid" : "d91d0034b2aa69dd",
        "reportUrl" : "https://lambotik.github.io/Oblache/285//#testresult/d91d0034b2aa69dd",
        "status" : "failed",
        "statusDetails" : "AssertionError: Result is not equal expected value",
        "time" : {
          "start" : 1737075617017,
          "stop" : 1737075617535,
          "duration" : 518
        }
      }, {
        "uid" : "f19bfc910635cde8",
        "reportUrl" : "https://lambotik.github.io/Oblache/284//#testresult/f19bfc910635cde8",
        "status" : "failed",
        "statusDetails" : "AssertionError: Result is not equal expected value",
        "time" : {
          "start" : 1736989213994,
          "stop" : 1736989214295,
          "duration" : 301
        }
      }, {
        "uid" : "982316cd12717971",
        "reportUrl" : "https://lambotik.github.io/Oblache/283//#testresult/982316cd12717971",
        "status" : "failed",
        "statusDetails" : "AssertionError: Result is not equal expected value",
        "time" : {
          "start" : 1736902872795,
          "stop" : 1736902873130,
          "duration" : 335
        }
      }, {
        "uid" : "90aa1508f0a3d01",
        "reportUrl" : "https://lambotik.github.io/Oblache/282//#testresult/90aa1508f0a3d01",
        "status" : "failed",
        "statusDetails" : "AssertionError: Result is not equal expected value",
        "time" : {
          "start" : 1736816365342,
          "stop" : 1736816365859,
          "duration" : 517
        }
      }, {
        "uid" : "c06697bced530b6",
        "reportUrl" : "https://lambotik.github.io/Oblache/281//#testresult/c06697bced530b6",
        "status" : "failed",
        "statusDetails" : "AssertionError: Result is not equal expected value",
        "time" : {
          "start" : 1736730349285,
          "stop" : 1736730349648,
          "duration" : 363
        }
      }, {
        "uid" : "f229a6d383ec8624",
        "reportUrl" : "https://lambotik.github.io/Oblache/280//#testresult/f229a6d383ec8624",
        "status" : "failed",
        "statusDetails" : "AssertionError: Result is not equal expected value",
        "time" : {
          "start" : 1736644113247,
          "stop" : 1736644113755,
          "duration" : 508
        }
      }, {
        "uid" : "12ab86569aba8b7d",
        "reportUrl" : "https://lambotik.github.io/Oblache/279//#testresult/12ab86569aba8b7d",
        "status" : "failed",
        "statusDetails" : "AssertionError: Result is not equal expected value",
        "time" : {
          "start" : 1736557369116,
          "stop" : 1736557369483,
          "duration" : 367
        }
      }, {
        "uid" : "71531c26f9e6f9a6",
        "reportUrl" : "https://lambotik.github.io/Oblache/278//#testresult/71531c26f9e6f9a6",
        "status" : "failed",
        "statusDetails" : "AssertionError: Result is not equal expected value",
        "time" : {
          "start" : 1736471038469,
          "stop" : 1736471038782,
          "duration" : 313
        }
      }, {
        "uid" : "557116796fcf30a9",
        "reportUrl" : "https://lambotik.github.io/Oblache/277//#testresult/557116796fcf30a9",
        "status" : "failed",
        "statusDetails" : "AssertionError: Result is not equal expected value",
        "time" : {
          "start" : 1736384522429,
          "stop" : 1736384522801,
          "duration" : 372
        }
      } ]
    },
    "tags" : [ ]
  },
  "source" : "2e5fa051b9f7b0c2.json",
  "parameterValues" : [ ]
}