{
  "uid" : "9027af6c8e3b89b7",
  "name" : "test order db create backup with wrong uuid",
  "fullName" : "tests_api.test_bd.TestBackup#test_order_db_create_backup_with_wrong_uuid",
  "historyId" : "bc5ef28400accd6488b5c9ca6e9589b9",
  "time" : {
    "start" : 1759715239121,
    "stop" : 1759715239121,
    "duration" : 0
  },
  "status" : "failed",
  "statusMessage" : "AssertionError: Incorrect status code: 502",
  "statusTrace" : "@pytest.fixture()\n    def get_token_backup_1():\n        \"\"\"\n        Method return:\\n\n        token: str\\n\n        body: dict\\n\n        uuid: str\n        \"\"\"\n        load_dotenv()\n        email = os.getenv('BACKUP1_MAIL')\n        old_password = os.getenv('BACKUP1_PASSWORD')\n        uuid = os.getenv('BACKUP1_UUID')\n        body = {\"email\": email, \"password\": old_password}\n        result = requests.post('https://dbend.areso.pro/login', json=body)\n>       Checking.check_status_code(result, 200)\n\nconftest.py:94: \n_ _ _ _ _ _ _ _ _ _ _ _ _ _ _ _ _ _ _ _ _ _ _ _ _ _ _ _ _ _ _ _ _ _ _ _ _ _ _ _ \n\nresult = <Response [502]>, status_code = 200\n\n    @staticmethod\n    def check_status_code(result: requests.models.Response, status_code: int):\n        \"\"\"\n        Method check status code\n        :param result: Response\n        :param status_code:\n        \"\"\"\n        with allure.step(f'Assert status code: {status_code} == Response status code: {result.status_code}'):\n>           assert status_code == result.status_code, f'Incorrect status code: {result.status_code}'\nE           AssertionError: Incorrect status code: 502\n\ntests_api/utils/checking.py:16: AssertionError",
  "flaky" : false,
  "newFailed" : false,
  "beforeStages" : [ {
    "name" : "get_token_backup_1",
    "time" : {
      "start" : 1759715239122,
      "stop" : 1759715239470,
      "duration" : 348
    },
    "status" : "failed",
    "statusMessage" : "AssertionError: Incorrect status code: 502\n",
    "statusTrace" : "  File \"/opt/hostedtoolcache/Python/3.12.11/x64/lib/python3.12/site-packages/pluggy/_callers.py\", line 38, in run_old_style_hookwrapper\n    res = yield\n          ^^^^^\n  File \"/opt/hostedtoolcache/Python/3.12.11/x64/lib/python3.12/site-packages/pluggy/_callers.py\", line 139, in _multicall\n    teardown.throw(exception)\n  File \"/opt/hostedtoolcache/Python/3.12.11/x64/lib/python3.12/site-packages/pluggy/_callers.py\", line 53, in run_old_style_hookwrapper\n    return result.get_result()\n           ^^^^^^^^^^^^^^^^^^^\n  File \"/opt/hostedtoolcache/Python/3.12.11/x64/lib/python3.12/site-packages/pluggy/_result.py\", line 103, in get_result\n    raise exc.with_traceback(tb)\n  File \"/opt/hostedtoolcache/Python/3.12.11/x64/lib/python3.12/site-packages/pluggy/_callers.py\", line 38, in run_old_style_hookwrapper\n    res = yield\n          ^^^^^\n  File \"/opt/hostedtoolcache/Python/3.12.11/x64/lib/python3.12/site-packages/pluggy/_callers.py\", line 121, in _multicall\n    res = hook_impl.function(*args)\n          ^^^^^^^^^^^^^^^^^^^^^^^^^\n  File \"/opt/hostedtoolcache/Python/3.12.11/x64/lib/python3.12/site-packages/_pytest/fixtures.py\", line 1123, in pytest_fixture_setup\n    result = call_fixture_func(fixturefunc, request, kwargs)\n             ^^^^^^^^^^^^^^^^^^^^^^^^^^^^^^^^^^^^^^^^^^^^^^^\n  File \"/opt/hostedtoolcache/Python/3.12.11/x64/lib/python3.12/site-packages/_pytest/fixtures.py\", line 902, in call_fixture_func\n    fixture_result = fixturefunc(**kwargs)\n                     ^^^^^^^^^^^^^^^^^^^^^\n  File \"/home/runner/work/Oblache/Oblache/conftest.py\", line 94, in get_token_backup_1\n    Checking.check_status_code(result, 200)\n  File \"/home/runner/work/Oblache/Oblache/tests_api/utils/checking.py\", line 16, in check_status_code\n    assert status_code == result.status_code, f'Incorrect status code: {result.status_code}'\n           ^^^^^^^^^^^^^^^^^^^^^^^^^^^^^^^^^\n",
    "steps" : [ {
      "name" : "Assert status code: 200 == Response status code: 502",
      "time" : {
        "start" : 1759715239469,
        "stop" : 1759715239469,
        "duration" : 0
      },
      "status" : "failed",
      "statusMessage" : "AssertionError: Incorrect status code: 502\n",
      "statusTrace" : "  File \"/home/runner/work/Oblache/Oblache/tests_api/utils/checking.py\", line 16, in check_status_code\n    assert status_code == result.status_code, f'Incorrect status code: {result.status_code}'\n           ^^^^^^^^^^^^^^^^^^^^^^^^^^^^^^^^^\n",
      "steps" : [ ],
      "attachments" : [ ],
      "parameters" : [ ],
      "stepsCount" : 0,
      "attachmentsCount" : 0,
      "shouldDisplayMessage" : true,
      "hasContent" : true
    } ],
    "attachments" : [ ],
    "parameters" : [ ],
    "stepsCount" : 1,
    "attachmentsCount" : 0,
    "shouldDisplayMessage" : false,
    "hasContent" : true
  } ],
  "afterStages" : [ ],
  "labels" : [ {
    "name" : "suite",
    "value" : "Test Backup"
  }, {
    "name" : "parentSuite",
    "value" : "tests_api"
  }, {
    "name" : "subSuite",
    "value" : "TestBackup"
  }, {
    "name" : "host",
    "value" : "runnervmwhb2z"
  }, {
    "name" : "thread",
    "value" : "2610-MainThread"
  }, {
    "name" : "framework",
    "value" : "pytest"
  }, {
    "name" : "language",
    "value" : "cpython3"
  }, {
    "name" : "package",
    "value" : "tests_api.test_bd"
  }, {
    "name" : "resultFormat",
    "value" : "allure2"
  } ],
  "parameters" : [ ],
  "links" : [ ],
  "hidden" : false,
  "retry" : false,
  "extra" : {
    "severity" : "normal",
    "retries" : [ ],
    "categories" : [ {
      "name" : "Product defects",
      "matchedStatuses" : [ ],
      "flaky" : false
    } ],
    "history" : {
      "statistic" : {
        "failed" : 83,
        "broken" : 1,
        "skipped" : 0,
        "passed" : 225,
        "unknown" : 0,
        "total" : 309
      },
      "items" : [ {
        "uid" : "8116b6cac421e01e",
        "reportUrl" : "https://lambotik.github.io/Oblache/523//#testresult/8116b6cac421e01e",
        "status" : "failed",
        "statusDetails" : "AssertionError: Incorrect status code: 500",
        "time" : {
          "start" : 1759629251447,
          "stop" : 1759629251875,
          "duration" : 428
        }
      }, {
        "uid" : "d1d221bd0c03ec7e",
        "reportUrl" : "https://lambotik.github.io/Oblache/522//#testresult/d1d221bd0c03ec7e",
        "status" : "failed",
        "statusDetails" : "AssertionError: Incorrect status code: 500",
        "time" : {
          "start" : 1759542074752,
          "stop" : 1759542075179,
          "duration" : 427
        }
      }, {
        "uid" : "e593f005304c9f6e",
        "reportUrl" : "https://lambotik.github.io/Oblache/521//#testresult/e593f005304c9f6e",
        "status" : "failed",
        "statusDetails" : "AssertionError: Result is not equal expected value",
        "time" : {
          "start" : 1759455853210,
          "stop" : 1759455853625,
          "duration" : 415
        }
      }, {
        "uid" : "d1db3d23cd5c8c66",
        "reportUrl" : "https://lambotik.github.io/Oblache/520//#testresult/d1db3d23cd5c8c66",
        "status" : "failed",
        "statusDetails" : "AssertionError: Result is not equal expected value",
        "time" : {
          "start" : 1759369449267,
          "stop" : 1759369449633,
          "duration" : 366
        }
      }, {
        "uid" : "6649f2b388d0c0b6",
        "reportUrl" : "https://lambotik.github.io/Oblache/519//#testresult/6649f2b388d0c0b6",
        "status" : "failed",
        "statusDetails" : "AssertionError: Incorrect status code: 500",
        "time" : {
          "start" : 1759283771420,
          "stop" : 1759283771915,
          "duration" : 495
        }
      }, {
        "uid" : "1d1b1afde995c427",
        "reportUrl" : "https://lambotik.github.io/Oblache/518//#testresult/1d1b1afde995c427",
        "status" : "failed",
        "statusDetails" : "AssertionError: Result is not equal expected value",
        "time" : {
          "start" : 1759196650711,
          "stop" : 1759196651083,
          "duration" : 372
        }
      }, {
        "uid" : "23ad15f91b004761",
        "reportUrl" : "https://lambotik.github.io/Oblache/517//#testresult/23ad15f91b004761",
        "status" : "failed",
        "statusDetails" : "AssertionError: Result is not equal expected value",
        "time" : {
          "start" : 1759110532186,
          "stop" : 1759110532542,
          "duration" : 356
        }
      }, {
        "uid" : "6104c4b90fe3d1e7",
        "reportUrl" : "https://lambotik.github.io/Oblache/516//#testresult/6104c4b90fe3d1e7",
        "status" : "failed",
        "statusDetails" : "AssertionError: Incorrect status code: 500",
        "time" : {
          "start" : 1759024512722,
          "stop" : 1759024513169,
          "duration" : 447
        }
      }, {
        "uid" : "2d2dfe59cfa2fc66",
        "reportUrl" : "https://lambotik.github.io/Oblache/515//#testresult/2d2dfe59cfa2fc66",
        "status" : "failed",
        "statusDetails" : "AssertionError: Result is not equal expected value",
        "time" : {
          "start" : 1758937333128,
          "stop" : 1758937333554,
          "duration" : 426
        }
      }, {
        "uid" : "7b1a20e9c5bfffa7",
        "reportUrl" : "https://lambotik.github.io/Oblache/514//#testresult/7b1a20e9c5bfffa7",
        "status" : "failed",
        "statusDetails" : "AssertionError: Result is not equal expected value",
        "time" : {
          "start" : 1758851172664,
          "stop" : 1758851173037,
          "duration" : 373
        }
      }, {
        "uid" : "6886946d9f159b0b",
        "reportUrl" : "https://lambotik.github.io/Oblache/513//#testresult/6886946d9f159b0b",
        "status" : "failed",
        "statusDetails" : "AssertionError: Result is not equal expected value",
        "time" : {
          "start" : 1758764830958,
          "stop" : 1758764831310,
          "duration" : 352
        }
      }, {
        "uid" : "f0bbc5dbbdba9c4f",
        "reportUrl" : "https://lambotik.github.io/Oblache/512//#testresult/f0bbc5dbbdba9c4f",
        "status" : "failed",
        "statusDetails" : "AssertionError: Result is not equal expected value",
        "time" : {
          "start" : 1758678373597,
          "stop" : 1758678373935,
          "duration" : 338
        }
      }, {
        "uid" : "e2e88a33a459599b",
        "reportUrl" : "https://lambotik.github.io/Oblache/511//#testresult/e2e88a33a459599b",
        "status" : "failed",
        "statusDetails" : "AssertionError: Incorrect status code: 500",
        "time" : {
          "start" : 1758591910307,
          "stop" : 1758591910806,
          "duration" : 499
        }
      }, {
        "uid" : "c1484f79ba12902f",
        "reportUrl" : "https://lambotik.github.io/Oblache/510//#testresult/c1484f79ba12902f",
        "status" : "failed",
        "statusDetails" : "AssertionError: Result is not equal expected value",
        "time" : {
          "start" : 1758506050613,
          "stop" : 1758506051111,
          "duration" : 498
        }
      }, {
        "uid" : "5336d5144412b664",
        "reportUrl" : "https://lambotik.github.io/Oblache/509//#testresult/5336d5144412b664",
        "status" : "failed",
        "statusDetails" : "AssertionError: Result is not equal expected value",
        "time" : {
          "start" : 1758419654228,
          "stop" : 1758419654605,
          "duration" : 377
        }
      }, {
        "uid" : "b7eac476a89570c4",
        "reportUrl" : "https://lambotik.github.io/Oblache/508//#testresult/b7eac476a89570c4",
        "status" : "failed",
        "statusDetails" : "AssertionError: Incorrect status code: 500",
        "time" : {
          "start" : 1758332531937,
          "stop" : 1758332532288,
          "duration" : 351
        }
      }, {
        "uid" : "adcc139d27ea361",
        "reportUrl" : "https://lambotik.github.io/Oblache/507//#testresult/adcc139d27ea361",
        "status" : "failed",
        "statusDetails" : "AssertionError: Result is not equal expected value",
        "time" : {
          "start" : 1758246429395,
          "stop" : 1758246429875,
          "duration" : 480
        }
      }, {
        "uid" : "bfe10cddf5b72d93",
        "reportUrl" : "https://lambotik.github.io/Oblache/506//#testresult/bfe10cddf5b72d93",
        "status" : "failed",
        "statusDetails" : "AssertionError: Incorrect status code: 500",
        "time" : {
          "start" : 1758159852262,
          "stop" : 1758159852579,
          "duration" : 317
        }
      }, {
        "uid" : "1f771e8719ceb642",
        "reportUrl" : "https://lambotik.github.io/Oblache/505//#testresult/1f771e8719ceb642",
        "status" : "failed",
        "statusDetails" : "AssertionError: Result is not equal expected value",
        "time" : {
          "start" : 1758073453020,
          "stop" : 1758073453332,
          "duration" : 312
        }
      }, {
        "uid" : "c753f216d98a79e",
        "reportUrl" : "https://lambotik.github.io/Oblache/504//#testresult/c753f216d98a79e",
        "status" : "failed",
        "statusDetails" : "AssertionError: Result is not equal expected value",
        "time" : {
          "start" : 1757987052592,
          "stop" : 1757987052909,
          "duration" : 317
        }
      } ]
    },
    "tags" : [ ]
  },
  "source" : "9027af6c8e3b89b7.json",
  "parameterValues" : [ ]
}