{
  "uid" : "9d292ddd517fdb5b",
  "name" : "test order db create backup with wrong uuid",
  "fullName" : "tests_api.test_bd.TestBackup#test_order_db_create_backup_with_wrong_uuid",
  "historyId" : "bc5ef28400accd6488b5c9ca6e9589b9",
  "time" : {
    "start" : 1760839149929,
    "stop" : 1760839150239,
    "duration" : 310
  },
  "status" : "failed",
  "statusMessage" : "AssertionError: Incorrect status code: 500",
  "statusTrace" : "self = <tests_api.test_bd.TestBackup object at 0x7f1dbab4a360>\nget_token_backup_1 = ('0a9c1965-aabd-48f3-9662-905f13c8182a', {'email': 'testbackup1@gmail.com', 'password': 'ZuOhK0WqZ3CJ8RPaf4dj'}, '066dc8a6-240f-701b-8000-a17ea063eafa')\n\n    @allure.title('test order db create backup with wrong uuid')\n    def test_order_db_create_backup_with_wrong_uuid(self, get_token_backup_1):\n        token, body, uuid = get_token_backup_1\n        response = API.post_db_backup_create(token=token, db_uuid='wrong uuid')\n>       Checking.check_status_code(response, 400)\n\ntests_api/test_bd.py:465: \n_ _ _ _ _ _ _ _ _ _ _ _ _ _ _ _ _ _ _ _ _ _ _ _ _ _ _ _ _ _ _ _ _ _ _ _ _ _ _ _ \n\nresult = <Response [500]>, status_code = 400\n\n    @staticmethod\n    def check_status_code(result: requests.models.Response, status_code: int):\n        \"\"\"\n        Method check status code\n        :param result: Response\n        :param status_code:\n        \"\"\"\n        with allure.step(f'Assert status code: {status_code} == Response status code: {result.status_code}'):\n>           assert status_code == result.status_code, f'Incorrect status code: {result.status_code}'\nE           AssertionError: Incorrect status code: 500\n\ntests_api/utils/checking.py:16: AssertionError",
  "flaky" : false,
  "newFailed" : false,
  "beforeStages" : [ {
    "name" : "get_token_backup_1",
    "time" : {
      "start" : 1760839149621,
      "stop" : 1760839149929,
      "duration" : 308
    },
    "status" : "passed",
    "steps" : [ {
      "name" : "Assert status code: 200 == Response status code: 200",
      "time" : {
        "start" : 1760839149929,
        "stop" : 1760839149929,
        "duration" : 0
      },
      "status" : "passed",
      "steps" : [ ],
      "attachments" : [ ],
      "parameters" : [ ],
      "stepsCount" : 0,
      "attachmentsCount" : 0,
      "shouldDisplayMessage" : false,
      "hasContent" : false
    } ],
    "attachments" : [ ],
    "parameters" : [ ],
    "stepsCount" : 1,
    "attachmentsCount" : 0,
    "shouldDisplayMessage" : false,
    "hasContent" : true
  } ],
  "testStage" : {
    "status" : "failed",
    "statusMessage" : "AssertionError: Incorrect status code: 500",
    "statusTrace" : "self = <tests_api.test_bd.TestBackup object at 0x7f1dbab4a360>\nget_token_backup_1 = ('0a9c1965-aabd-48f3-9662-905f13c8182a', {'email': 'testbackup1@gmail.com', 'password': 'ZuOhK0WqZ3CJ8RPaf4dj'}, '066dc8a6-240f-701b-8000-a17ea063eafa')\n\n    @allure.title('test order db create backup with wrong uuid')\n    def test_order_db_create_backup_with_wrong_uuid(self, get_token_backup_1):\n        token, body, uuid = get_token_backup_1\n        response = API.post_db_backup_create(token=token, db_uuid='wrong uuid')\n>       Checking.check_status_code(response, 400)\n\ntests_api/test_bd.py:465: \n_ _ _ _ _ _ _ _ _ _ _ _ _ _ _ _ _ _ _ _ _ _ _ _ _ _ _ _ _ _ _ _ _ _ _ _ _ _ _ _ \n\nresult = <Response [500]>, status_code = 400\n\n    @staticmethod\n    def check_status_code(result: requests.models.Response, status_code: int):\n        \"\"\"\n        Method check status code\n        :param result: Response\n        :param status_code:\n        \"\"\"\n        with allure.step(f'Assert status code: {status_code} == Response status code: {result.status_code}'):\n>           assert status_code == result.status_code, f'Incorrect status code: {result.status_code}'\nE           AssertionError: Incorrect status code: 500\n\ntests_api/utils/checking.py:16: AssertionError",
    "steps" : [ {
      "name" : "Endpoint: /db_backup_create",
      "time" : {
        "start" : 1760839150239,
        "stop" : 1760839150239,
        "duration" : 0
      },
      "status" : "passed",
      "steps" : [ ],
      "attachments" : [ ],
      "parameters" : [ ],
      "stepsCount" : 0,
      "attachmentsCount" : 0,
      "shouldDisplayMessage" : false,
      "hasContent" : false
    }, {
      "name" : "Request:",
      "time" : {
        "start" : 1760839150239,
        "stop" : 1760839150239,
        "duration" : 0
      },
      "status" : "passed",
      "steps" : [ {
        "name" : "Headers: {'Content-Type': 'application/json', 'Authorization': {'0a9c1965-aabd-48f3-9662-905f13c8182a'}}",
        "time" : {
          "start" : 1760839150239,
          "stop" : 1760839150239,
          "duration" : 0
        },
        "status" : "passed",
        "steps" : [ ],
        "attachments" : [ ],
        "parameters" : [ ],
        "stepsCount" : 0,
        "attachmentsCount" : 0,
        "shouldDisplayMessage" : false,
        "hasContent" : false
      } ],
      "attachments" : [ ],
      "parameters" : [ ],
      "stepsCount" : 1,
      "attachmentsCount" : 0,
      "shouldDisplayMessage" : false,
      "hasContent" : true
    }, {
      "name" : "Response:",
      "time" : {
        "start" : 1760839150239,
        "stop" : 1760839150239,
        "duration" : 0
      },
      "status" : "passed",
      "steps" : [ {
        "name" : "Status code: 500",
        "time" : {
          "start" : 1760839150239,
          "stop" : 1760839150239,
          "duration" : 0
        },
        "status" : "passed",
        "steps" : [ ],
        "attachments" : [ ],
        "parameters" : [ ],
        "stepsCount" : 0,
        "attachmentsCount" : 0,
        "shouldDisplayMessage" : false,
        "hasContent" : false
      }, {
        "name" : "JSON: Some general exception",
        "time" : {
          "start" : 1760839150239,
          "stop" : 1760839150239,
          "duration" : 0
        },
        "status" : "passed",
        "steps" : [ ],
        "attachments" : [ ],
        "parameters" : [ ],
        "stepsCount" : 0,
        "attachmentsCount" : 0,
        "shouldDisplayMessage" : false,
        "hasContent" : false
      } ],
      "attachments" : [ ],
      "parameters" : [ ],
      "stepsCount" : 2,
      "attachmentsCount" : 0,
      "shouldDisplayMessage" : false,
      "hasContent" : true
    }, {
      "name" : "Assert status code: 400 == Response status code: 500",
      "time" : {
        "start" : 1760839150239,
        "stop" : 1760839150239,
        "duration" : 0
      },
      "status" : "failed",
      "statusMessage" : "AssertionError: Incorrect status code: 500\n",
      "statusTrace" : "  File \"/home/runner/work/Oblache/Oblache/tests_api/utils/checking.py\", line 16, in check_status_code\n    assert status_code == result.status_code, f'Incorrect status code: {result.status_code}'\n           ^^^^^^^^^^^^^^^^^^^^^^^^^^^^^^^^^\n",
      "steps" : [ ],
      "attachments" : [ ],
      "parameters" : [ ],
      "stepsCount" : 0,
      "attachmentsCount" : 0,
      "shouldDisplayMessage" : true,
      "hasContent" : true
    } ],
    "attachments" : [ ],
    "parameters" : [ ],
    "stepsCount" : 7,
    "attachmentsCount" : 0,
    "shouldDisplayMessage" : true,
    "hasContent" : true
  },
  "afterStages" : [ ],
  "labels" : [ {
    "name" : "suite",
    "value" : "Test Backup"
  }, {
    "name" : "parentSuite",
    "value" : "tests_api"
  }, {
    "name" : "subSuite",
    "value" : "TestBackup"
  }, {
    "name" : "host",
    "value" : "runnervmzdgdc"
  }, {
    "name" : "thread",
    "value" : "2576-MainThread"
  }, {
    "name" : "framework",
    "value" : "pytest"
  }, {
    "name" : "language",
    "value" : "cpython3"
  }, {
    "name" : "package",
    "value" : "tests_api.test_bd"
  }, {
    "name" : "resultFormat",
    "value" : "allure2"
  } ],
  "parameters" : [ ],
  "links" : [ ],
  "hidden" : false,
  "retry" : false,
  "extra" : {
    "severity" : "normal",
    "retries" : [ ],
    "categories" : [ {
      "name" : "Product defects",
      "matchedStatuses" : [ ],
      "flaky" : false
    } ],
    "history" : {
      "statistic" : {
        "failed" : 96,
        "broken" : 1,
        "skipped" : 0,
        "passed" : 225,
        "unknown" : 0,
        "total" : 322
      },
      "items" : [ {
        "uid" : "9c1d8a89539a88c9",
        "reportUrl" : "https://lambotik.github.io/Oblache/536//#testresult/9c1d8a89539a88c9",
        "status" : "failed",
        "statusDetails" : "AssertionError: Incorrect status code: 500",
        "time" : {
          "start" : 1760751792926,
          "stop" : 1760751793362,
          "duration" : 436
        }
      }, {
        "uid" : "e66561c2a47309f9",
        "reportUrl" : "https://lambotik.github.io/Oblache/535//#testresult/e66561c2a47309f9",
        "status" : "failed",
        "statusDetails" : "AssertionError: Incorrect status code: 500",
        "time" : {
          "start" : 1760665632954,
          "stop" : 1760665633380,
          "duration" : 426
        }
      }, {
        "uid" : "f672764431d79082",
        "reportUrl" : "https://lambotik.github.io/Oblache/534//#testresult/f672764431d79082",
        "status" : "failed",
        "statusDetails" : "AssertionError: Incorrect status code: 500",
        "time" : {
          "start" : 1760579289538,
          "stop" : 1760579289892,
          "duration" : 354
        }
      }, {
        "uid" : "fa83efa46644d402",
        "reportUrl" : "https://lambotik.github.io/Oblache/533//#testresult/fa83efa46644d402",
        "status" : "failed",
        "statusDetails" : "AssertionError: Incorrect status code: 500",
        "time" : {
          "start" : 1760493013488,
          "stop" : 1760493013980,
          "duration" : 492
        }
      }, {
        "uid" : "ba324aba95b790b7",
        "reportUrl" : "https://lambotik.github.io/Oblache/532//#testresult/ba324aba95b790b7",
        "status" : "failed",
        "statusDetails" : "AssertionError: Incorrect status code: 500",
        "time" : {
          "start" : 1760406433067,
          "stop" : 1760406433371,
          "duration" : 304
        }
      }, {
        "uid" : "d93ebcbc76f5de0b",
        "reportUrl" : "https://lambotik.github.io/Oblache/531//#testresult/d93ebcbc76f5de0b",
        "status" : "failed",
        "statusDetails" : "AssertionError: Result is not equal expected value",
        "time" : {
          "start" : 1760320393301,
          "stop" : 1760320393610,
          "duration" : 309
        }
      }, {
        "uid" : "d78ddc8de2293ae0",
        "reportUrl" : "https://lambotik.github.io/Oblache/530//#testresult/d78ddc8de2293ae0",
        "status" : "failed",
        "statusDetails" : "AssertionError: Incorrect status code: 500",
        "time" : {
          "start" : 1760233815082,
          "stop" : 1760233815603,
          "duration" : 521
        }
      }, {
        "uid" : "ebcb9764818e9f86",
        "reportUrl" : "https://lambotik.github.io/Oblache/529//#testresult/ebcb9764818e9f86",
        "status" : "failed",
        "statusDetails" : "AssertionError: Incorrect status code: 500",
        "time" : {
          "start" : 1760146931338,
          "stop" : 1760146931709,
          "duration" : 371
        }
      }, {
        "uid" : "7adacbe24771bfef",
        "reportUrl" : "https://lambotik.github.io/Oblache/528//#testresult/7adacbe24771bfef",
        "status" : "failed",
        "statusDetails" : "AssertionError: Incorrect status code: 502",
        "time" : {
          "start" : 1760060771462,
          "stop" : 1760060771462,
          "duration" : 0
        }
      }, {
        "uid" : "95a3673a71582c38",
        "reportUrl" : "https://lambotik.github.io/Oblache/527//#testresult/95a3673a71582c38",
        "status" : "failed",
        "statusDetails" : "AssertionError: Incorrect status code: 502",
        "time" : {
          "start" : 1759974311714,
          "stop" : 1759974311714,
          "duration" : 0
        }
      }, {
        "uid" : "aecfe57c97cf94af",
        "reportUrl" : "https://lambotik.github.io/Oblache/526//#testresult/aecfe57c97cf94af",
        "status" : "failed",
        "statusDetails" : "AssertionError: Incorrect status code: 502",
        "time" : {
          "start" : 1759887873121,
          "stop" : 1759887873121,
          "duration" : 0
        }
      }, {
        "uid" : "2c36334fdb0f0c0c",
        "reportUrl" : "https://lambotik.github.io/Oblache/525//#testresult/2c36334fdb0f0c0c",
        "status" : "failed",
        "statusDetails" : "AssertionError: Incorrect status code: 502",
        "time" : {
          "start" : 1759801449823,
          "stop" : 1759801449823,
          "duration" : 0
        }
      }, {
        "uid" : "9027af6c8e3b89b7",
        "reportUrl" : "https://lambotik.github.io/Oblache/524//#testresult/9027af6c8e3b89b7",
        "status" : "failed",
        "statusDetails" : "AssertionError: Incorrect status code: 502",
        "time" : {
          "start" : 1759715239121,
          "stop" : 1759715239121,
          "duration" : 0
        }
      }, {
        "uid" : "8116b6cac421e01e",
        "reportUrl" : "https://lambotik.github.io/Oblache/523//#testresult/8116b6cac421e01e",
        "status" : "failed",
        "statusDetails" : "AssertionError: Incorrect status code: 500",
        "time" : {
          "start" : 1759629251447,
          "stop" : 1759629251875,
          "duration" : 428
        }
      }, {
        "uid" : "d1d221bd0c03ec7e",
        "reportUrl" : "https://lambotik.github.io/Oblache/522//#testresult/d1d221bd0c03ec7e",
        "status" : "failed",
        "statusDetails" : "AssertionError: Incorrect status code: 500",
        "time" : {
          "start" : 1759542074752,
          "stop" : 1759542075179,
          "duration" : 427
        }
      }, {
        "uid" : "e593f005304c9f6e",
        "reportUrl" : "https://lambotik.github.io/Oblache/521//#testresult/e593f005304c9f6e",
        "status" : "failed",
        "statusDetails" : "AssertionError: Result is not equal expected value",
        "time" : {
          "start" : 1759455853210,
          "stop" : 1759455853625,
          "duration" : 415
        }
      }, {
        "uid" : "d1db3d23cd5c8c66",
        "reportUrl" : "https://lambotik.github.io/Oblache/520//#testresult/d1db3d23cd5c8c66",
        "status" : "failed",
        "statusDetails" : "AssertionError: Result is not equal expected value",
        "time" : {
          "start" : 1759369449267,
          "stop" : 1759369449633,
          "duration" : 366
        }
      }, {
        "uid" : "6649f2b388d0c0b6",
        "reportUrl" : "https://lambotik.github.io/Oblache/519//#testresult/6649f2b388d0c0b6",
        "status" : "failed",
        "statusDetails" : "AssertionError: Incorrect status code: 500",
        "time" : {
          "start" : 1759283771420,
          "stop" : 1759283771915,
          "duration" : 495
        }
      }, {
        "uid" : "1d1b1afde995c427",
        "reportUrl" : "https://lambotik.github.io/Oblache/518//#testresult/1d1b1afde995c427",
        "status" : "failed",
        "statusDetails" : "AssertionError: Result is not equal expected value",
        "time" : {
          "start" : 1759196650711,
          "stop" : 1759196651083,
          "duration" : 372
        }
      }, {
        "uid" : "23ad15f91b004761",
        "reportUrl" : "https://lambotik.github.io/Oblache/517//#testresult/23ad15f91b004761",
        "status" : "failed",
        "statusDetails" : "AssertionError: Result is not equal expected value",
        "time" : {
          "start" : 1759110532186,
          "stop" : 1759110532542,
          "duration" : 356
        }
      } ]
    },
    "tags" : [ ]
  },
  "source" : "9d292ddd517fdb5b.json",
  "parameterValues" : [ ]
}