{"uid":"a3191a51dabe4192","name":"POST db_create_with_wrong_db_type.","fullName":"tests_api.test_bd.TestPOST#test_post_db_create_with_wrong_values_dbtype","historyId":"ae63095b2fe55ca99f871a9193b615b5","time":{"start":1763085271098,"stop":1763085271548,"duration":450},"status":"failed","statusMessage":"AssertionError: Incorrect status code: 403","statusTrace":"self = <tests_api.test_bd.TestPOST object at 0x7fac3cad0bf0>\n\n    @allure.title('POST db_create_with_wrong_db_type.')\n    def test_post_db_create_with_wrong_values_dbtype(self):\n        response_db_list = API.post_db_create_wrong_value_db_type(token=TestPOST.token)\n>       Checking.check_status_code(response_db_list, 400)\n\ntests_api/test_bd.py:257: \n_ _ _ _ _ _ _ _ _ _ _ _ _ _ _ _ _ _ _ _ _ _ _ _ _ _ _ _ _ _ _ _ _ _ _ _ _ _ _ _ \n\nresult = <Response [403]>, status_code = 400\n\n    @staticmethod\n    def check_status_code(result: requests.models.Response, status_code: int):\n        \"\"\"\n        Method check status code\n        :param result: Response\n        :param status_code:\n        \"\"\"\n        with allure.step(f'Assert status code: {status_code} == Response status code: {result.status_code}'):\n>           assert status_code == result.status_code, f'Incorrect status code: {result.status_code}'\nE           AssertionError: Incorrect status code: 403\n\ntests_api/utils/checking.py:16: AssertionError","flaky":false,"newFailed":false,"newBroken":false,"newPassed":false,"retriesCount":0,"retriesStatusChange":false,"beforeStages":[],"testStage":{"status":"failed","statusMessage":"AssertionError: Incorrect status code: 403","statusTrace":"self = <tests_api.test_bd.TestPOST object at 0x7fac3cad0bf0>\n\n    @allure.title('POST db_create_with_wrong_db_type.')\n    def test_post_db_create_with_wrong_values_dbtype(self):\n        response_db_list = API.post_db_create_wrong_value_db_type(token=TestPOST.token)\n>       Checking.check_status_code(response_db_list, 400)\n\ntests_api/test_bd.py:257: \n_ _ _ _ _ _ _ _ _ _ _ _ _ _ _ _ _ _ _ _ _ _ _ _ _ _ _ _ _ _ _ _ _ _ _ _ _ _ _ _ \n\nresult = <Response [403]>, status_code = 400\n\n    @staticmethod\n    def check_status_code(result: requests.models.Response, status_code: int):\n        \"\"\"\n        Method check status code\n        :param result: Response\n        :param status_code:\n        \"\"\"\n        with allure.step(f'Assert status code: {status_code} == Response status code: {result.status_code}'):\n>           assert status_code == result.status_code, f'Incorrect status code: {result.status_code}'\nE           AssertionError: Incorrect status code: 403\n\ntests_api/utils/checking.py:16: AssertionError","steps":[{"name":"post_db_create_wrong_value_db_type","time":{"start":1763085271098,"stop":1763085271548,"duration":450},"status":"passed","steps":[{"name":"Endpoint: /db_create","time":{"start":1763085271548,"stop":1763085271548,"duration":0},"status":"passed","steps":[],"attachments":[],"parameters":[],"stepsCount":0,"shouldDisplayMessage":false,"attachmentsCount":0,"hasContent":false,"attachmentStep":false},{"name":"Request:","time":{"start":1763085271548,"stop":1763085271548,"duration":0},"status":"passed","steps":[{"name":"Headers: {'Content-Type': 'application/json', 'Authorization': {'21da8c97-c142-48b3-884d-b229168cf292'}}","time":{"start":1763085271548,"stop":1763085271548,"duration":0},"status":"passed","steps":[],"attachments":[],"parameters":[],"stepsCount":0,"shouldDisplayMessage":false,"attachmentsCount":0,"hasContent":false,"attachmentStep":false},{"name":"Body: {\"dbtype\": f'58', \"dbversion\": 5, \"env\": 3, \"region\": 3}","time":{"start":1763085271548,"stop":1763085271548,"duration":0},"status":"passed","steps":[],"attachments":[],"parameters":[],"stepsCount":0,"shouldDisplayMessage":false,"attachmentsCount":0,"hasContent":false,"attachmentStep":false}],"attachments":[],"parameters":[],"stepsCount":2,"shouldDisplayMessage":false,"attachmentsCount":0,"hasContent":true,"attachmentStep":false},{"name":"Response:","time":{"start":1763085271548,"stop":1763085271548,"duration":0},"status":"passed","steps":[{"name":"Status code: 403","time":{"start":1763085271548,"stop":1763085271548,"duration":0},"status":"passed","steps":[],"attachments":[],"parameters":[],"stepsCount":0,"shouldDisplayMessage":false,"attachmentsCount":0,"hasContent":false,"attachmentStep":false},{"name":"JSON: {\n    \"content\": \"you are not allowed to create new databases\"\n}\n","time":{"start":1763085271548,"stop":1763085271548,"duration":0},"status":"passed","steps":[],"attachments":[],"parameters":[],"stepsCount":0,"shouldDisplayMessage":false,"attachmentsCount":0,"hasContent":false,"attachmentStep":false}],"attachments":[],"parameters":[],"stepsCount":2,"shouldDisplayMessage":false,"attachmentsCount":0,"hasContent":true,"attachmentStep":false}],"attachments":[],"parameters":[],"stepsCount":7,"shouldDisplayMessage":false,"attachmentsCount":0,"hasContent":true,"attachmentStep":false},{"name":"Assert status code: 400 == Response status code: 403","time":{"start":1763085271548,"stop":1763085271548,"duration":0},"status":"failed","statusMessage":"AssertionError: Incorrect status code: 403\n","statusTrace":"  File \"/home/runner/work/Oblache/Oblache/tests_api/utils/checking.py\", line 16, in check_status_code\n    assert status_code == result.status_code, f'Incorrect status code: {result.status_code}'\n           ^^^^^^^^^^^^^^^^^^^^^^^^^^^^^^^^^\n","steps":[],"attachments":[],"parameters":[],"stepsCount":0,"shouldDisplayMessage":true,"attachmentsCount":0,"hasContent":true,"attachmentStep":false}],"attachments":[],"parameters":[],"stepsCount":9,"shouldDisplayMessage":true,"attachmentsCount":0,"hasContent":true,"attachmentStep":false},"afterStages":[],"labels":[{"name":"suite","value":"POST"},{"name":"parentSuite","value":"tests_api"},{"name":"subSuite","value":"TestPOST"},{"name":"host","value":"runnervmw9dnm"},{"name":"thread","value":"2631-MainThread"},{"name":"framework","value":"pytest"},{"name":"language","value":"cpython3"},{"name":"package","value":"tests_api.test_bd"},{"name":"resultFormat","value":"allure2"}],"parameters":[],"links":[],"hidden":false,"retry":false,"extra":{"severity":"normal","retries":[],"categories":[{"name":"Product defects","matchedStatuses":[],"flaky":false}],"history":{"statistic":{"failed":11,"broken":0,"skipped":0,"passed":0,"unknown":0,"total":11},"items":[{"uid":"5b3e87c8eaaf2282","reportUrl":"https://lambotik.github.io/Oblache/562/#testresult/5b3e87c8eaaf2282","status":"failed","statusDetails":"AssertionError: Incorrect status code: 403","time":{"start":1762998922994,"stop":1762998923420,"duration":426}},{"uid":"5eb41f78f0ab2f23","reportUrl":"https://lambotik.github.io/Oblache/561/#testresult/5eb41f78f0ab2f23","status":"failed","statusDetails":"AssertionError: Incorrect status code: 403","time":{"start":1762912419151,"stop":1762912419463,"duration":312}},{"uid":"8cb4d6bbbbac1338","reportUrl":"https://lambotik.github.io/Oblache/560/#testresult/8cb4d6bbbbac1338","status":"failed","statusDetails":"AssertionError: Incorrect status code: 403","time":{"start":1762826073608,"stop":1762826073961,"duration":353}},{"uid":"8dbed951127bf03d","reportUrl":"https://lambotik.github.io/Oblache/559/#testresult/8dbed951127bf03d","status":"failed","statusDetails":"AssertionError: Incorrect status code: 403","time":{"start":1762739884216,"stop":1762739884725,"duration":509}},{"uid":"6548ef3d56f0df4","reportUrl":"https://lambotik.github.io/Oblache/558/#testresult/6548ef3d56f0df4","status":"failed","statusDetails":"AssertionError: Incorrect status code: 502","time":{"start":1762653397991,"stop":1762653398337,"duration":346}},{"uid":"208730075e8ac23e","reportUrl":"https://lambotik.github.io/Oblache/557/#testresult/208730075e8ac23e","status":"failed","statusDetails":"AssertionError: Incorrect status code: 403","time":{"start":1762566404546,"stop":1762566404971,"duration":425}},{"uid":"9477c92f4c106771","reportUrl":"https://lambotik.github.io/Oblache/556/#testresult/9477c92f4c106771","status":"failed","statusDetails":"AssertionError: Incorrect status code: 403","time":{"start":1762480368252,"stop":1762480368738,"duration":486}},{"uid":"892ef45474f5901f","reportUrl":"https://lambotik.github.io/Oblache/555/#testresult/892ef45474f5901f","status":"failed","statusDetails":"AssertionError: Incorrect status code: 403","time":{"start":1762394037161,"stop":1762394037513,"duration":352}},{"uid":"8798d7f9706a3bb0","reportUrl":"https://lambotik.github.io/Oblache/25/#testresult/8798d7f9706a3bb0","status":"failed","statusDetails":"AssertionError: Incorrect status code: 403","time":{"start":1762342832501,"stop":1762342832967,"duration":466}},{"uid":"82c8bc3858e37d50","reportUrl":"https://lambotik.github.io/Oblache/24/#testresult/82c8bc3858e37d50","status":"failed","statusDetails":"AssertionError: Incorrect status code: 403","time":{"start":1762342472036,"stop":1762342472342,"duration":306}}]},"tags":[]},"source":"a3191a51dabe4192.json","parameterValues":[]}