{
  "uid" : "56126a3530e93994",
  "name" : "GET profile information.",
  "fullName" : "tests_api.test_bd.TestGET#test_get_profile",
  "historyId" : "766cb6f3a7cf6add5fb057e07bf28012",
  "time" : {
    "start" : 1760233743034,
    "stop" : 1760233743614,
    "duration" : 580
  },
  "status" : "failed",
  "statusMessage" : "AssertionError: Incorrect status code: 405",
  "statusTrace" : "self = <tests_api.test_bd.TestGET object at 0x7fd8d706b410>\n\n    @allure.title('GET profile information.')\n    def test_get_profile(self):\n        response = API.get_profile(token=TestGET.token)\n>       Checking.check_status_code(response, 200)\n\ntests_api/test_bd.py:73: \n_ _ _ _ _ _ _ _ _ _ _ _ _ _ _ _ _ _ _ _ _ _ _ _ _ _ _ _ _ _ _ _ _ _ _ _ _ _ _ _ \n\nresult = <Response [405]>, status_code = 200\n\n    @staticmethod\n    def check_status_code(result: requests.models.Response, status_code: int):\n        \"\"\"\n        Method check status code\n        :param result: Response\n        :param status_code:\n        \"\"\"\n        with allure.step(f'Assert status code: {status_code} == Response status code: {result.status_code}'):\n>           assert status_code == result.status_code, f'Incorrect status code: {result.status_code}'\nE           AssertionError: Incorrect status code: 405\n\ntests_api/utils/checking.py:16: AssertionError",
  "flaky" : false,
  "newFailed" : false,
  "beforeStages" : [ ],
  "testStage" : {
    "status" : "failed",
    "statusMessage" : "AssertionError: Incorrect status code: 405",
    "statusTrace" : "self = <tests_api.test_bd.TestGET object at 0x7fd8d706b410>\n\n    @allure.title('GET profile information.')\n    def test_get_profile(self):\n        response = API.get_profile(token=TestGET.token)\n>       Checking.check_status_code(response, 200)\n\ntests_api/test_bd.py:73: \n_ _ _ _ _ _ _ _ _ _ _ _ _ _ _ _ _ _ _ _ _ _ _ _ _ _ _ _ _ _ _ _ _ _ _ _ _ _ _ _ \n\nresult = <Response [405]>, status_code = 200\n\n    @staticmethod\n    def check_status_code(result: requests.models.Response, status_code: int):\n        \"\"\"\n        Method check status code\n        :param result: Response\n        :param status_code:\n        \"\"\"\n        with allure.step(f'Assert status code: {status_code} == Response status code: {result.status_code}'):\n>           assert status_code == result.status_code, f'Incorrect status code: {result.status_code}'\nE           AssertionError: Incorrect status code: 405\n\ntests_api/utils/checking.py:16: AssertionError",
    "steps" : [ {
      "name" : "Endpoint: /get_profile",
      "time" : {
        "start" : 1760233743614,
        "stop" : 1760233743614,
        "duration" : 0
      },
      "status" : "passed",
      "steps" : [ ],
      "attachments" : [ ],
      "parameters" : [ ],
      "stepsCount" : 0,
      "attachmentsCount" : 0,
      "shouldDisplayMessage" : false,
      "hasContent" : false
    }, {
      "name" : "Request:",
      "time" : {
        "start" : 1760233743614,
        "stop" : 1760233743614,
        "duration" : 0
      },
      "status" : "passed",
      "steps" : [ {
        "name" : "Headers: {'Content-Type': 'application/json', 'Authorization': '4e2d9cdb-4361-40d4-85fe-32c792913a10'}",
        "time" : {
          "start" : 1760233743614,
          "stop" : 1760233743614,
          "duration" : 0
        },
        "status" : "passed",
        "steps" : [ ],
        "attachments" : [ ],
        "parameters" : [ ],
        "stepsCount" : 0,
        "attachmentsCount" : 0,
        "shouldDisplayMessage" : false,
        "hasContent" : false
      }, {
        "name" : "Body: None",
        "time" : {
          "start" : 1760233743614,
          "stop" : 1760233743614,
          "duration" : 0
        },
        "status" : "passed",
        "steps" : [ ],
        "attachments" : [ ],
        "parameters" : [ ],
        "stepsCount" : 0,
        "attachmentsCount" : 0,
        "shouldDisplayMessage" : false,
        "hasContent" : false
      } ],
      "attachments" : [ ],
      "parameters" : [ ],
      "stepsCount" : 2,
      "attachmentsCount" : 0,
      "shouldDisplayMessage" : false,
      "hasContent" : true
    }, {
      "name" : "Response:",
      "time" : {
        "start" : 1760233743614,
        "stop" : 1760233743614,
        "duration" : 0
      },
      "status" : "passed",
      "steps" : [ {
        "name" : "Status code: 405",
        "time" : {
          "start" : 1760233743614,
          "stop" : 1760233743614,
          "duration" : 0
        },
        "status" : "passed",
        "steps" : [ ],
        "attachments" : [ ],
        "parameters" : [ ],
        "stepsCount" : 0,
        "attachmentsCount" : 0,
        "shouldDisplayMessage" : false,
        "hasContent" : false
      }, {
        "name" : "JSON: {\n    \"message\": \"The method is not allowed for the requested URL.\"\n}\n",
        "time" : {
          "start" : 1760233743614,
          "stop" : 1760233743614,
          "duration" : 0
        },
        "status" : "passed",
        "steps" : [ ],
        "attachments" : [ ],
        "parameters" : [ ],
        "stepsCount" : 0,
        "attachmentsCount" : 0,
        "shouldDisplayMessage" : false,
        "hasContent" : false
      } ],
      "attachments" : [ ],
      "parameters" : [ ],
      "stepsCount" : 2,
      "attachmentsCount" : 0,
      "shouldDisplayMessage" : false,
      "hasContent" : true
    }, {
      "name" : "Assert status code: 200 == Response status code: 405",
      "time" : {
        "start" : 1760233743614,
        "stop" : 1760233743614,
        "duration" : 0
      },
      "status" : "failed",
      "statusMessage" : "AssertionError: Incorrect status code: 405\n",
      "statusTrace" : "  File \"/home/runner/work/Oblache/Oblache/tests_api/utils/checking.py\", line 16, in check_status_code\n    assert status_code == result.status_code, f'Incorrect status code: {result.status_code}'\n           ^^^^^^^^^^^^^^^^^^^^^^^^^^^^^^^^^\n",
      "steps" : [ ],
      "attachments" : [ ],
      "parameters" : [ ],
      "stepsCount" : 0,
      "attachmentsCount" : 0,
      "shouldDisplayMessage" : true,
      "hasContent" : true
    } ],
    "attachments" : [ ],
    "parameters" : [ ],
    "stepsCount" : 8,
    "attachmentsCount" : 0,
    "shouldDisplayMessage" : true,
    "hasContent" : true
  },
  "afterStages" : [ ],
  "labels" : [ {
    "name" : "suite",
    "value" : "GET"
  }, {
    "name" : "parentSuite",
    "value" : "tests_api"
  }, {
    "name" : "subSuite",
    "value" : "TestGET"
  }, {
    "name" : "host",
    "value" : "runnervmwhb2z"
  }, {
    "name" : "thread",
    "value" : "2586-MainThread"
  }, {
    "name" : "framework",
    "value" : "pytest"
  }, {
    "name" : "language",
    "value" : "cpython3"
  }, {
    "name" : "package",
    "value" : "tests_api.test_bd"
  }, {
    "name" : "resultFormat",
    "value" : "allure2"
  } ],
  "parameters" : [ ],
  "links" : [ ],
  "hidden" : false,
  "retry" : false,
  "extra" : {
    "severity" : "normal",
    "retries" : [ ],
    "categories" : [ {
      "name" : "Product defects",
      "matchedStatuses" : [ ],
      "flaky" : false
    } ],
    "history" : {
      "statistic" : {
        "failed" : 294,
        "broken" : 0,
        "skipped" : 0,
        "passed" : 21,
        "unknown" : 0,
        "total" : 315
      },
      "items" : [ {
        "uid" : "a863c5a1bbbaf5a",
        "reportUrl" : "https://lambotik.github.io/Oblache/529//#testresult/a863c5a1bbbaf5a",
        "status" : "failed",
        "statusDetails" : "AssertionError: Incorrect status code: 405",
        "time" : {
          "start" : 1760146865025,
          "stop" : 1760146865545,
          "duration" : 520
        }
      }, {
        "uid" : "1ca60d3fd3ffb49c",
        "reportUrl" : "https://lambotik.github.io/Oblache/528//#testresult/1ca60d3fd3ffb49c",
        "status" : "failed",
        "statusDetails" : "AssertionError: Incorrect status code: 502",
        "time" : {
          "start" : 1760060752557,
          "stop" : 1760060753059,
          "duration" : 502
        }
      }, {
        "uid" : "e20fcf6182f5c1db",
        "reportUrl" : "https://lambotik.github.io/Oblache/527//#testresult/e20fcf6182f5c1db",
        "status" : "failed",
        "statusDetails" : "AssertionError: Incorrect status code: 502",
        "time" : {
          "start" : 1759974296203,
          "stop" : 1759974296568,
          "duration" : 365
        }
      }, {
        "uid" : "52c424eb3f28a5a9",
        "reportUrl" : "https://lambotik.github.io/Oblache/526//#testresult/52c424eb3f28a5a9",
        "status" : "failed",
        "statusDetails" : "AssertionError: Incorrect status code: 502",
        "time" : {
          "start" : 1759887854787,
          "stop" : 1759887855114,
          "duration" : 327
        }
      }, {
        "uid" : "ca8579121b404452",
        "reportUrl" : "https://lambotik.github.io/Oblache/525//#testresult/ca8579121b404452",
        "status" : "failed",
        "statusDetails" : "AssertionError: Incorrect status code: 502",
        "time" : {
          "start" : 1759801433582,
          "stop" : 1759801433959,
          "duration" : 377
        }
      }, {
        "uid" : "5fdd65c22283d09f",
        "reportUrl" : "https://lambotik.github.io/Oblache/524//#testresult/5fdd65c22283d09f",
        "status" : "failed",
        "statusDetails" : "AssertionError: Incorrect status code: 502",
        "time" : {
          "start" : 1759715220811,
          "stop" : 1759715221137,
          "duration" : 326
        }
      }, {
        "uid" : "351065838f5cdda4",
        "reportUrl" : "https://lambotik.github.io/Oblache/523//#testresult/351065838f5cdda4",
        "status" : "failed",
        "statusDetails" : "AssertionError: Incorrect status code: 405",
        "time" : {
          "start" : 1759629192430,
          "stop" : 1759629192830,
          "duration" : 400
        }
      }, {
        "uid" : "e4d56e18c63ad0ee",
        "reportUrl" : "https://lambotik.github.io/Oblache/522//#testresult/e4d56e18c63ad0ee",
        "status" : "failed",
        "statusDetails" : "AssertionError: Incorrect status code: 405",
        "time" : {
          "start" : 1759541980424,
          "stop" : 1759541980815,
          "duration" : 391
        }
      }, {
        "uid" : "e1e71e1f3a16341a",
        "reportUrl" : "https://lambotik.github.io/Oblache/521//#testresult/e1e71e1f3a16341a",
        "status" : "failed",
        "statusDetails" : "AssertionError: Incorrect status code: 405",
        "time" : {
          "start" : 1759455792495,
          "stop" : 1759455792838,
          "duration" : 343
        }
      }, {
        "uid" : "59ac8b133c44c7d7",
        "reportUrl" : "https://lambotik.github.io/Oblache/520//#testresult/59ac8b133c44c7d7",
        "status" : "failed",
        "statusDetails" : "AssertionError: Incorrect status code: 405",
        "time" : {
          "start" : 1759369395621,
          "stop" : 1759369395951,
          "duration" : 330
        }
      }, {
        "uid" : "2b9a9812216b0f89",
        "reportUrl" : "https://lambotik.github.io/Oblache/519//#testresult/2b9a9812216b0f89",
        "status" : "failed",
        "statusDetails" : "AssertionError: Incorrect status code: 405",
        "time" : {
          "start" : 1759283718208,
          "stop" : 1759283718690,
          "duration" : 482
        }
      }, {
        "uid" : "3329277c43cdd39d",
        "reportUrl" : "https://lambotik.github.io/Oblache/518//#testresult/3329277c43cdd39d",
        "status" : "failed",
        "statusDetails" : "AssertionError: Incorrect status code: 405",
        "time" : {
          "start" : 1759196590399,
          "stop" : 1759196590742,
          "duration" : 343
        }
      }, {
        "uid" : "cb2edb676283a6ee",
        "reportUrl" : "https://lambotik.github.io/Oblache/517//#testresult/cb2edb676283a6ee",
        "status" : "failed",
        "statusDetails" : "AssertionError: Incorrect status code: 405",
        "time" : {
          "start" : 1759110489793,
          "stop" : 1759110490126,
          "duration" : 333
        }
      }, {
        "uid" : "60354f15387ebe22",
        "reportUrl" : "https://lambotik.github.io/Oblache/516//#testresult/60354f15387ebe22",
        "status" : "failed",
        "statusDetails" : "AssertionError: Incorrect status code: 405",
        "time" : {
          "start" : 1759024447189,
          "stop" : 1759024447772,
          "duration" : 583
        }
      }, {
        "uid" : "dba3848cabf781bb",
        "reportUrl" : "https://lambotik.github.io/Oblache/515//#testresult/dba3848cabf781bb",
        "status" : "failed",
        "statusDetails" : "AssertionError: Incorrect status code: 405",
        "time" : {
          "start" : 1758937255503,
          "stop" : 1758937255921,
          "duration" : 418
        }
      }, {
        "uid" : "80990017395374c0",
        "reportUrl" : "https://lambotik.github.io/Oblache/514//#testresult/80990017395374c0",
        "status" : "failed",
        "statusDetails" : "AssertionError: Incorrect status code: 405",
        "time" : {
          "start" : 1758851112139,
          "stop" : 1758851112470,
          "duration" : 331
        }
      }, {
        "uid" : "c9c4ea3ad2edc703",
        "reportUrl" : "https://lambotik.github.io/Oblache/513//#testresult/c9c4ea3ad2edc703",
        "status" : "failed",
        "statusDetails" : "AssertionError: Incorrect status code: 405",
        "time" : {
          "start" : 1758764771189,
          "stop" : 1758764771538,
          "duration" : 349
        }
      }, {
        "uid" : "1ae0142ecaadc8f",
        "reportUrl" : "https://lambotik.github.io/Oblache/512//#testresult/1ae0142ecaadc8f",
        "status" : "failed",
        "statusDetails" : "AssertionError: Incorrect status code: 405",
        "time" : {
          "start" : 1758678304688,
          "stop" : 1758678304981,
          "duration" : 293
        }
      }, {
        "uid" : "b4d51becbeea6cd1",
        "reportUrl" : "https://lambotik.github.io/Oblache/511//#testresult/b4d51becbeea6cd1",
        "status" : "failed",
        "statusDetails" : "AssertionError: Incorrect status code: 405",
        "time" : {
          "start" : 1758591833032,
          "stop" : 1758591833609,
          "duration" : 577
        }
      }, {
        "uid" : "3235e5aaf1ab6bf",
        "reportUrl" : "https://lambotik.github.io/Oblache/510//#testresult/3235e5aaf1ab6bf",
        "status" : "failed",
        "statusDetails" : "AssertionError: Incorrect status code: 405",
        "time" : {
          "start" : 1758505998057,
          "stop" : 1758505998520,
          "duration" : 463
        }
      } ]
    },
    "tags" : [ ]
  },
  "source" : "56126a3530e93994.json",
  "parameterValues" : [ ]
}