{
  "uid" : "7b3021de22170002",
  "name" : "test order db create backup",
  "fullName" : "tests_api.test_bd.TestBackup#test_order_db_create_backup",
  "historyId" : "bbc51bc9e59c2f7de52280f53d30e264",
  "time" : {
    "start" : 1761443768805,
    "stop" : 1761443769225,
    "duration" : 420
  },
  "status" : "failed",
  "statusMessage" : "AssertionError: Incorrect status code: 400",
  "statusTrace" : "self = <tests_api.test_bd.TestBackup object at 0x7f598a5adfa0>\nget_token_backup_2 = ('afbefc54-fa4d-4cbe-a945-90186c04dc7e', {'email': 'testbackup2@gmail.com', 'password': 'gwqldBUEoNGUiBrKFeVv'}, '066dc8d1-2d0a-753b-8000-ba69b49e1e8c')\n\n    @allure.title('test order db create backup')\n    def test_order_db_create_backup(self, get_token_backup_2):\n        token, body, uuid = get_token_backup_2\n        response = API.post_db_backup_create(token=token, db_uuid=uuid)\n>       Checking.check_status_code(response, 200)\n\ntests_api/test_bd.py:448: \n_ _ _ _ _ _ _ _ _ _ _ _ _ _ _ _ _ _ _ _ _ _ _ _ _ _ _ _ _ _ _ _ _ _ _ _ _ _ _ _ \n\nresult = <Response [400]>, status_code = 200\n\n    @staticmethod\n    def check_status_code(result: requests.models.Response, status_code: int):\n        \"\"\"\n        Method check status code\n        :param result: Response\n        :param status_code:\n        \"\"\"\n        with allure.step(f'Assert status code: {status_code} == Response status code: {result.status_code}'):\n>           assert status_code == result.status_code, f'Incorrect status code: {result.status_code}'\nE           AssertionError: Incorrect status code: 400\n\ntests_api/utils/checking.py:16: AssertionError",
  "flaky" : false,
  "newFailed" : false,
  "beforeStages" : [ {
    "name" : "get_token_backup_2",
    "time" : {
      "start" : 1761443768380,
      "stop" : 1761443768805,
      "duration" : 425
    },
    "status" : "passed",
    "steps" : [ {
      "name" : "Assert status code: 200 == Response status code: 200",
      "time" : {
        "start" : 1761443768805,
        "stop" : 1761443768805,
        "duration" : 0
      },
      "status" : "passed",
      "steps" : [ ],
      "attachments" : [ ],
      "parameters" : [ ],
      "stepsCount" : 0,
      "attachmentsCount" : 0,
      "shouldDisplayMessage" : false,
      "hasContent" : false
    } ],
    "attachments" : [ ],
    "parameters" : [ ],
    "stepsCount" : 1,
    "attachmentsCount" : 0,
    "shouldDisplayMessage" : false,
    "hasContent" : true
  } ],
  "testStage" : {
    "status" : "failed",
    "statusMessage" : "AssertionError: Incorrect status code: 400",
    "statusTrace" : "self = <tests_api.test_bd.TestBackup object at 0x7f598a5adfa0>\nget_token_backup_2 = ('afbefc54-fa4d-4cbe-a945-90186c04dc7e', {'email': 'testbackup2@gmail.com', 'password': 'gwqldBUEoNGUiBrKFeVv'}, '066dc8d1-2d0a-753b-8000-ba69b49e1e8c')\n\n    @allure.title('test order db create backup')\n    def test_order_db_create_backup(self, get_token_backup_2):\n        token, body, uuid = get_token_backup_2\n        response = API.post_db_backup_create(token=token, db_uuid=uuid)\n>       Checking.check_status_code(response, 200)\n\ntests_api/test_bd.py:448: \n_ _ _ _ _ _ _ _ _ _ _ _ _ _ _ _ _ _ _ _ _ _ _ _ _ _ _ _ _ _ _ _ _ _ _ _ _ _ _ _ \n\nresult = <Response [400]>, status_code = 200\n\n    @staticmethod\n    def check_status_code(result: requests.models.Response, status_code: int):\n        \"\"\"\n        Method check status code\n        :param result: Response\n        :param status_code:\n        \"\"\"\n        with allure.step(f'Assert status code: {status_code} == Response status code: {result.status_code}'):\n>           assert status_code == result.status_code, f'Incorrect status code: {result.status_code}'\nE           AssertionError: Incorrect status code: 400\n\ntests_api/utils/checking.py:16: AssertionError",
    "steps" : [ {
      "name" : "Endpoint: /db_backup_create",
      "time" : {
        "start" : 1761443769225,
        "stop" : 1761443769225,
        "duration" : 0
      },
      "status" : "passed",
      "steps" : [ ],
      "attachments" : [ ],
      "parameters" : [ ],
      "stepsCount" : 0,
      "attachmentsCount" : 0,
      "shouldDisplayMessage" : false,
      "hasContent" : false
    }, {
      "name" : "Request:",
      "time" : {
        "start" : 1761443769225,
        "stop" : 1761443769225,
        "duration" : 0
      },
      "status" : "passed",
      "steps" : [ {
        "name" : "Headers: {'Content-Type': 'application/json', 'Authorization': {'afbefc54-fa4d-4cbe-a945-90186c04dc7e'}}",
        "time" : {
          "start" : 1761443769225,
          "stop" : 1761443769225,
          "duration" : 0
        },
        "status" : "passed",
        "steps" : [ ],
        "attachments" : [ ],
        "parameters" : [ ],
        "stepsCount" : 0,
        "attachmentsCount" : 0,
        "shouldDisplayMessage" : false,
        "hasContent" : false
      } ],
      "attachments" : [ ],
      "parameters" : [ ],
      "stepsCount" : 1,
      "attachmentsCount" : 0,
      "shouldDisplayMessage" : false,
      "hasContent" : true
    }, {
      "name" : "Response:",
      "time" : {
        "start" : 1761443769225,
        "stop" : 1761443769225,
        "duration" : 0
      },
      "status" : "passed",
      "steps" : [ {
        "name" : "Status code: 400",
        "time" : {
          "start" : 1761443769225,
          "stop" : 1761443769225,
          "duration" : 0
        },
        "status" : "passed",
        "steps" : [ ],
        "attachments" : [ ],
        "parameters" : [ ],
        "stepsCount" : 0,
        "attachmentsCount" : 0,
        "shouldDisplayMessage" : false,
        "hasContent" : false
      }, {
        "name" : "JSON: {\n    \"content\": \"db either not exist, not in good shape, or does not belong to the user\"\n}\n",
        "time" : {
          "start" : 1761443769225,
          "stop" : 1761443769225,
          "duration" : 0
        },
        "status" : "passed",
        "steps" : [ ],
        "attachments" : [ ],
        "parameters" : [ ],
        "stepsCount" : 0,
        "attachmentsCount" : 0,
        "shouldDisplayMessage" : false,
        "hasContent" : false
      } ],
      "attachments" : [ ],
      "parameters" : [ ],
      "stepsCount" : 2,
      "attachmentsCount" : 0,
      "shouldDisplayMessage" : false,
      "hasContent" : true
    }, {
      "name" : "Assert status code: 200 == Response status code: 400",
      "time" : {
        "start" : 1761443769225,
        "stop" : 1761443769225,
        "duration" : 0
      },
      "status" : "failed",
      "statusMessage" : "AssertionError: Incorrect status code: 400\n",
      "statusTrace" : "  File \"/home/runner/work/Oblache/Oblache/tests_api/utils/checking.py\", line 16, in check_status_code\n    assert status_code == result.status_code, f'Incorrect status code: {result.status_code}'\n           ^^^^^^^^^^^^^^^^^^^^^^^^^^^^^^^^^\n",
      "steps" : [ ],
      "attachments" : [ ],
      "parameters" : [ ],
      "stepsCount" : 0,
      "attachmentsCount" : 0,
      "shouldDisplayMessage" : true,
      "hasContent" : true
    } ],
    "attachments" : [ ],
    "parameters" : [ ],
    "stepsCount" : 7,
    "attachmentsCount" : 0,
    "shouldDisplayMessage" : true,
    "hasContent" : true
  },
  "afterStages" : [ ],
  "labels" : [ {
    "name" : "suite",
    "value" : "Test Backup"
  }, {
    "name" : "parentSuite",
    "value" : "tests_api"
  }, {
    "name" : "subSuite",
    "value" : "TestBackup"
  }, {
    "name" : "host",
    "value" : "runnervmwhb2z"
  }, {
    "name" : "thread",
    "value" : "2586-MainThread"
  }, {
    "name" : "framework",
    "value" : "pytest"
  }, {
    "name" : "language",
    "value" : "cpython3"
  }, {
    "name" : "package",
    "value" : "tests_api.test_bd"
  }, {
    "name" : "resultFormat",
    "value" : "allure2"
  } ],
  "parameters" : [ ],
  "links" : [ ],
  "hidden" : false,
  "retry" : false,
  "extra" : {
    "severity" : "normal",
    "retries" : [ ],
    "categories" : [ {
      "name" : "Product defects",
      "matchedStatuses" : [ ],
      "flaky" : false
    } ],
    "history" : {
      "statistic" : {
        "failed" : 106,
        "broken" : 127,
        "skipped" : 0,
        "passed" : 96,
        "unknown" : 0,
        "total" : 329
      },
      "items" : [ {
        "uid" : "a83485a0575c51c8",
        "reportUrl" : "https://lambotik.github.io/Oblache/543//#testresult/a83485a0575c51c8",
        "status" : "failed",
        "statusDetails" : "AssertionError: Incorrect status code: 500",
        "time" : {
          "start" : 1761356828713,
          "stop" : 1761356829214,
          "duration" : 501
        }
      }, {
        "uid" : "796c39e6bbc1a1d",
        "reportUrl" : "https://lambotik.github.io/Oblache/542//#testresult/796c39e6bbc1a1d",
        "status" : "failed",
        "statusDetails" : "AssertionError: Incorrect status code: 500",
        "time" : {
          "start" : 1761270310965,
          "stop" : 1761270311337,
          "duration" : 372
        }
      }, {
        "uid" : "7f27f9ee8385f938",
        "reportUrl" : "https://lambotik.github.io/Oblache/541//#testresult/7f27f9ee8385f938",
        "status" : "failed",
        "statusDetails" : "AssertionError: Incorrect status code: 400",
        "time" : {
          "start" : 1761184152808,
          "stop" : 1761184153176,
          "duration" : 368
        }
      }, {
        "uid" : "30fdf53c42448f7b",
        "reportUrl" : "https://lambotik.github.io/Oblache/540//#testresult/30fdf53c42448f7b",
        "status" : "failed",
        "statusDetails" : "AssertionError: Incorrect status code: 502",
        "time" : {
          "start" : 1761097998398,
          "stop" : 1761097998398,
          "duration" : 0
        }
      }, {
        "uid" : "389ccf25c44e84d3",
        "reportUrl" : "https://lambotik.github.io/Oblache/539//#testresult/389ccf25c44e84d3",
        "status" : "failed",
        "statusDetails" : "AssertionError: Incorrect status code: 502",
        "time" : {
          "start" : 1761011403066,
          "stop" : 1761011403066,
          "duration" : 0
        }
      }, {
        "uid" : "dd02b6109ae4c9a5",
        "reportUrl" : "https://lambotik.github.io/Oblache/538//#testresult/dd02b6109ae4c9a5",
        "status" : "failed",
        "statusDetails" : "AssertionError: Incorrect status code: 400",
        "time" : {
          "start" : 1760925367707,
          "stop" : 1760925368017,
          "duration" : 310
        }
      }, {
        "uid" : "1d9291782a042061",
        "reportUrl" : "https://lambotik.github.io/Oblache/537//#testresult/1d9291782a042061",
        "status" : "failed",
        "statusDetails" : "AssertionError: Incorrect status code: 500",
        "time" : {
          "start" : 1760839148677,
          "stop" : 1760839148987,
          "duration" : 310
        }
      }, {
        "uid" : "3e98a85b64303dda",
        "reportUrl" : "https://lambotik.github.io/Oblache/536//#testresult/3e98a85b64303dda",
        "status" : "failed",
        "statusDetails" : "AssertionError: Incorrect status code: 500",
        "time" : {
          "start" : 1760751791187,
          "stop" : 1760751791610,
          "duration" : 423
        }
      }, {
        "uid" : "a9b4108d03f4a0b7",
        "reportUrl" : "https://lambotik.github.io/Oblache/535//#testresult/a9b4108d03f4a0b7",
        "status" : "failed",
        "statusDetails" : "AssertionError: Incorrect status code: 500",
        "time" : {
          "start" : 1760665631241,
          "stop" : 1760665631677,
          "duration" : 436
        }
      }, {
        "uid" : "5f6efbeda41110fc",
        "reportUrl" : "https://lambotik.github.io/Oblache/534//#testresult/5f6efbeda41110fc",
        "status" : "failed",
        "statusDetails" : "AssertionError: Incorrect status code: 500",
        "time" : {
          "start" : 1760579288059,
          "stop" : 1760579288436,
          "duration" : 377
        }
      }, {
        "uid" : "6fb5b0a9f23898bd",
        "reportUrl" : "https://lambotik.github.io/Oblache/533//#testresult/6fb5b0a9f23898bd",
        "status" : "failed",
        "statusDetails" : "AssertionError: Incorrect status code: 500",
        "time" : {
          "start" : 1760493011497,
          "stop" : 1760493011995,
          "duration" : 498
        }
      }, {
        "uid" : "52f2118a37d8c7f0",
        "reportUrl" : "https://lambotik.github.io/Oblache/532//#testresult/52f2118a37d8c7f0",
        "status" : "failed",
        "statusDetails" : "AssertionError: Incorrect status code: 500",
        "time" : {
          "start" : 1760406431813,
          "stop" : 1760406432121,
          "duration" : 308
        }
      }, {
        "uid" : "4bca8879be071890",
        "reportUrl" : "https://lambotik.github.io/Oblache/531//#testresult/4bca8879be071890",
        "status" : "failed",
        "statusDetails" : "AssertionError: Incorrect status code: 400",
        "time" : {
          "start" : 1760320392024,
          "stop" : 1760320392337,
          "duration" : 313
        }
      }, {
        "uid" : "46df945354f40ff6",
        "reportUrl" : "https://lambotik.github.io/Oblache/530//#testresult/46df945354f40ff6",
        "status" : "failed",
        "statusDetails" : "AssertionError: Incorrect status code: 500",
        "time" : {
          "start" : 1760233813068,
          "stop" : 1760233813578,
          "duration" : 510
        }
      }, {
        "uid" : "be22997636351e76",
        "reportUrl" : "https://lambotik.github.io/Oblache/529//#testresult/be22997636351e76",
        "status" : "failed",
        "statusDetails" : "AssertionError: Incorrect status code: 500",
        "time" : {
          "start" : 1760146929854,
          "stop" : 1760146930221,
          "duration" : 367
        }
      }, {
        "uid" : "6e13aab1e42b7a5e",
        "reportUrl" : "https://lambotik.github.io/Oblache/528//#testresult/6e13aab1e42b7a5e",
        "status" : "failed",
        "statusDetails" : "AssertionError: Incorrect status code: 502",
        "time" : {
          "start" : 1760060770715,
          "stop" : 1760060770715,
          "duration" : 0
        }
      }, {
        "uid" : "9e32e5d8d57ca502",
        "reportUrl" : "https://lambotik.github.io/Oblache/527//#testresult/9e32e5d8d57ca502",
        "status" : "failed",
        "statusDetails" : "AssertionError: Incorrect status code: 502",
        "time" : {
          "start" : 1759974311136,
          "stop" : 1759974311136,
          "duration" : 0
        }
      }, {
        "uid" : "89661d6d87b4f626",
        "reportUrl" : "https://lambotik.github.io/Oblache/526//#testresult/89661d6d87b4f626",
        "status" : "failed",
        "statusDetails" : "AssertionError: Incorrect status code: 502",
        "time" : {
          "start" : 1759887872441,
          "stop" : 1759887872441,
          "duration" : 0
        }
      }, {
        "uid" : "b2bcf31a9b611315",
        "reportUrl" : "https://lambotik.github.io/Oblache/525//#testresult/b2bcf31a9b611315",
        "status" : "failed",
        "statusDetails" : "AssertionError: Incorrect status code: 502",
        "time" : {
          "start" : 1759801449228,
          "stop" : 1759801449228,
          "duration" : 0
        }
      }, {
        "uid" : "9074e415574137c0",
        "reportUrl" : "https://lambotik.github.io/Oblache/524//#testresult/9074e415574137c0",
        "status" : "failed",
        "statusDetails" : "AssertionError: Incorrect status code: 502",
        "time" : {
          "start" : 1759715238440,
          "stop" : 1759715238440,
          "duration" : 0
        }
      } ]
    },
    "tags" : [ ]
  },
  "source" : "7b3021de22170002.json",
  "parameterValues" : [ ]
}