{
  "uid" : "63ee75ef0c2b1639",
  "name" : "POST checking ports_len negative range",
  "fullName" : "tests_api.test_bd.TestPOST#test_post_checking_ports_len_negative_range",
  "historyId" : "6a5e2b3a0040caf8e74db064b01d1684",
  "time" : {
    "start" : 1746493833887,
    "stop" : 1746493834204,
    "duration" : 317
  },
  "status" : "failed",
  "statusMessage" : "AssertionError: Result is not equal expected value",
  "statusTrace" : "self = <tests_api.test_bd.TestPOST object at 0x7f2c2b2d89e0>\n\n    @allure.title('POST checking ports_len negative range')\n    def test_post_checking_ports_len_negative_range(self):\n        result = API.post_create_docker_container_checking_ports(\n            token=TestPOST.token,\n            port_len=\"80-90\")\n        Checking.check_status_code(result, 400)\n>       Checking.check_json_value(result, 'msg', 'msg[]: ports range is too wide')\n\ntests_api/test_bd.py:383: \n_ _ _ _ _ _ _ _ _ _ _ _ _ _ _ _ _ _ _ _ _ _ _ _ _ _ _ _ _ _ _ _ _ _ _ _ _ _ _ _ \n\nresponse = <Response [400]>, field_name = 'msg'\nexpected_value = 'msg[]: ports range is too wide'\n\n    @staticmethod\n    def check_json_value(response: requests.models.Response, field_name: str, expected_value):\n        \"\"\"\n        :param response: requests.models.Response\n        :param field_name:\n        :param expected_value:\n        \"\"\"\n        check = response.json()\n        check_info = check.get(field_name)\n        with allure.step(\n                f'Compare result request with expected value:'\n                f'\\nResponse: {response}\\nField name: {field_name}\\nValue: {expected_value}'):\n>           assert check_info == expected_value, 'Result is not equal expected value'\nE           AssertionError: Result is not equal expected value\n\ntests_api/utils/checking.py:57: AssertionError",
  "flaky" : false,
  "newFailed" : false,
  "beforeStages" : [ ],
  "testStage" : {
    "status" : "failed",
    "statusMessage" : "AssertionError: Result is not equal expected value",
    "statusTrace" : "self = <tests_api.test_bd.TestPOST object at 0x7f2c2b2d89e0>\n\n    @allure.title('POST checking ports_len negative range')\n    def test_post_checking_ports_len_negative_range(self):\n        result = API.post_create_docker_container_checking_ports(\n            token=TestPOST.token,\n            port_len=\"80-90\")\n        Checking.check_status_code(result, 400)\n>       Checking.check_json_value(result, 'msg', 'msg[]: ports range is too wide')\n\ntests_api/test_bd.py:383: \n_ _ _ _ _ _ _ _ _ _ _ _ _ _ _ _ _ _ _ _ _ _ _ _ _ _ _ _ _ _ _ _ _ _ _ _ _ _ _ _ \n\nresponse = <Response [400]>, field_name = 'msg'\nexpected_value = 'msg[]: ports range is too wide'\n\n    @staticmethod\n    def check_json_value(response: requests.models.Response, field_name: str, expected_value):\n        \"\"\"\n        :param response: requests.models.Response\n        :param field_name:\n        :param expected_value:\n        \"\"\"\n        check = response.json()\n        check_info = check.get(field_name)\n        with allure.step(\n                f'Compare result request with expected value:'\n                f'\\nResponse: {response}\\nField name: {field_name}\\nValue: {expected_value}'):\n>           assert check_info == expected_value, 'Result is not equal expected value'\nE           AssertionError: Result is not equal expected value\n\ntests_api/utils/checking.py:57: AssertionError",
    "steps" : [ {
      "name" : "post_create_docker_container",
      "time" : {
        "start" : 1746493833887,
        "stop" : 1746493834203,
        "duration" : 316
      },
      "status" : "passed",
      "steps" : [ {
        "name" : "Endpoint: /container_create",
        "time" : {
          "start" : 1746493834203,
          "stop" : 1746493834203,
          "duration" : 0
        },
        "status" : "passed",
        "steps" : [ ],
        "attachments" : [ ],
        "parameters" : [ ],
        "stepsCount" : 0,
        "attachmentsCount" : 0,
        "shouldDisplayMessage" : false,
        "hasContent" : false
      }, {
        "name" : "Request:",
        "time" : {
          "start" : 1746493834203,
          "stop" : 1746493834203,
          "duration" : 0
        },
        "status" : "passed",
        "steps" : [ {
          "name" : "Headers: {'Content-Type': 'application/json', 'Authorization': '7ceeeb69-69b5-4089-b460-46160d5798d9'}",
          "time" : {
            "start" : 1746493834203,
            "stop" : 1746493834203,
            "duration" : 0
          },
          "status" : "passed",
          "steps" : [ ],
          "attachments" : [ ],
          "parameters" : [ ],
          "stepsCount" : 0,
          "attachmentsCount" : 0,
          "shouldDisplayMessage" : false,
          "hasContent" : false
        }, {
          "name" : "Body: {\"docker_image\": \"nginx\", \"int_ports\": f\"80-90\", \"env\": 3, \"region\": 3}",
          "time" : {
            "start" : 1746493834203,
            "stop" : 1746493834203,
            "duration" : 0
          },
          "status" : "passed",
          "steps" : [ ],
          "attachments" : [ ],
          "parameters" : [ ],
          "stepsCount" : 0,
          "attachmentsCount" : 0,
          "shouldDisplayMessage" : false,
          "hasContent" : false
        } ],
        "attachments" : [ ],
        "parameters" : [ ],
        "stepsCount" : 2,
        "attachmentsCount" : 0,
        "shouldDisplayMessage" : false,
        "hasContent" : true
      }, {
        "name" : "Response:",
        "time" : {
          "start" : 1746493834203,
          "stop" : 1746493834203,
          "duration" : 0
        },
        "status" : "passed",
        "steps" : [ {
          "name" : "Status code: 400",
          "time" : {
            "start" : 1746493834203,
            "stop" : 1746493834203,
            "duration" : 0
          },
          "status" : "passed",
          "steps" : [ ],
          "attachments" : [ ],
          "parameters" : [ ],
          "stepsCount" : 0,
          "attachmentsCount" : 0,
          "shouldDisplayMessage" : false,
          "hasContent" : false
        }, {
          "name" : "JSON: {\n    \"msg_code\": -1,\n    \"msg\": \"endpoint is disabled\"\n}\n",
          "time" : {
            "start" : 1746493834203,
            "stop" : 1746493834203,
            "duration" : 0
          },
          "status" : "passed",
          "steps" : [ ],
          "attachments" : [ ],
          "parameters" : [ ],
          "stepsCount" : 0,
          "attachmentsCount" : 0,
          "shouldDisplayMessage" : false,
          "hasContent" : false
        } ],
        "attachments" : [ ],
        "parameters" : [ ],
        "stepsCount" : 2,
        "attachmentsCount" : 0,
        "shouldDisplayMessage" : false,
        "hasContent" : true
      } ],
      "attachments" : [ ],
      "parameters" : [ ],
      "stepsCount" : 7,
      "attachmentsCount" : 0,
      "shouldDisplayMessage" : false,
      "hasContent" : true
    }, {
      "name" : "Assert status code: 400 == Response status code: 400",
      "time" : {
        "start" : 1746493834203,
        "stop" : 1746493834203,
        "duration" : 0
      },
      "status" : "passed",
      "steps" : [ ],
      "attachments" : [ ],
      "parameters" : [ ],
      "stepsCount" : 0,
      "attachmentsCount" : 0,
      "shouldDisplayMessage" : false,
      "hasContent" : false
    }, {
      "name" : "Compare result request with expected value:\nResponse: <Response [400]>\nField name: msg\nValue: msg[]: ports range is too wide",
      "time" : {
        "start" : 1746493834204,
        "stop" : 1746493834204,
        "duration" : 0
      },
      "status" : "failed",
      "statusMessage" : "AssertionError: Result is not equal expected value\n",
      "statusTrace" : "  File \"/home/runner/work/Oblache/Oblache/tests_api/utils/checking.py\", line 57, in check_json_value\n    assert check_info == expected_value, 'Result is not equal expected value'\n           ^^^^^^^^^^^^^^^^^^^^^^^^^^^^\n",
      "steps" : [ ],
      "attachments" : [ ],
      "parameters" : [ ],
      "stepsCount" : 0,
      "attachmentsCount" : 0,
      "shouldDisplayMessage" : true,
      "hasContent" : true
    } ],
    "attachments" : [ ],
    "parameters" : [ ],
    "stepsCount" : 10,
    "attachmentsCount" : 0,
    "shouldDisplayMessage" : true,
    "hasContent" : true
  },
  "afterStages" : [ ],
  "labels" : [ {
    "name" : "suite",
    "value" : "POST"
  }, {
    "name" : "parentSuite",
    "value" : "tests_api"
  }, {
    "name" : "subSuite",
    "value" : "TestPOST"
  }, {
    "name" : "host",
    "value" : "fv-az1758-8"
  }, {
    "name" : "thread",
    "value" : "2531-MainThread"
  }, {
    "name" : "framework",
    "value" : "pytest"
  }, {
    "name" : "language",
    "value" : "cpython3"
  }, {
    "name" : "package",
    "value" : "tests_api.test_bd"
  }, {
    "name" : "resultFormat",
    "value" : "allure2"
  } ],
  "parameters" : [ ],
  "links" : [ ],
  "hidden" : false,
  "retry" : false,
  "extra" : {
    "severity" : "normal",
    "retries" : [ ],
    "categories" : [ {
      "name" : "Product defects",
      "matchedStatuses" : [ ],
      "flaky" : false
    } ],
    "history" : {
      "statistic" : {
        "failed" : 143,
        "broken" : 0,
        "skipped" : 0,
        "passed" : 36,
        "unknown" : 0,
        "total" : 179
      },
      "items" : [ {
        "uid" : "e382e1a974b3bdfa",
        "reportUrl" : "https://lambotik.github.io/Oblache/393//#testresult/e382e1a974b3bdfa",
        "status" : "failed",
        "statusDetails" : "AssertionError: Result is not equal expected value",
        "time" : {
          "start" : 1746407588413,
          "stop" : 1746407588775,
          "duration" : 362
        }
      }, {
        "uid" : "e14a174b86a60176",
        "reportUrl" : "https://lambotik.github.io/Oblache/389//#testresult/e14a174b86a60176",
        "status" : "failed",
        "statusDetails" : "AssertionError: Result is not equal expected value",
        "time" : {
          "start" : 1746062151424,
          "stop" : 1746062151741,
          "duration" : 317
        }
      }, {
        "uid" : "5ef9a5013d326be0",
        "reportUrl" : "https://lambotik.github.io/Oblache/388//#testresult/5ef9a5013d326be0",
        "status" : "failed",
        "statusDetails" : "AssertionError: Result is not equal expected value",
        "time" : {
          "start" : 1745975384558,
          "stop" : 1745975384870,
          "duration" : 312
        }
      }, {
        "uid" : "27e4b47195098a9c",
        "reportUrl" : "https://lambotik.github.io/Oblache/387//#testresult/27e4b47195098a9c",
        "status" : "failed",
        "statusDetails" : "AssertionError: Result is not equal expected value",
        "time" : {
          "start" : 1745888960993,
          "stop" : 1745888961349,
          "duration" : 356
        }
      }, {
        "uid" : "385e112420c2c7d3",
        "reportUrl" : "https://lambotik.github.io/Oblache/386//#testresult/385e112420c2c7d3",
        "status" : "failed",
        "statusDetails" : "AssertionError: Result is not equal expected value",
        "time" : {
          "start" : 1745802690918,
          "stop" : 1745802691440,
          "duration" : 522
        }
      }, {
        "uid" : "2b7e10a057efeb53",
        "reportUrl" : "https://lambotik.github.io/Oblache/385//#testresult/2b7e10a057efeb53",
        "status" : "failed",
        "statusDetails" : "AssertionError: Result is not equal expected value",
        "time" : {
          "start" : 1745716414618,
          "stop" : 1745716415122,
          "duration" : 504
        }
      }, {
        "uid" : "7b70c74af79de42c",
        "reportUrl" : "https://lambotik.github.io/Oblache/384//#testresult/7b70c74af79de42c",
        "status" : "failed",
        "statusDetails" : "AssertionError: Result is not equal expected value",
        "time" : {
          "start" : 1745629608584,
          "stop" : 1745629608982,
          "duration" : 398
        }
      }, {
        "uid" : "4a91cf2f2b5e03e",
        "reportUrl" : "https://lambotik.github.io/Oblache/383//#testresult/4a91cf2f2b5e03e",
        "status" : "failed",
        "statusDetails" : "AssertionError: Result is not equal expected value",
        "time" : {
          "start" : 1745543364806,
          "stop" : 1745543365325,
          "duration" : 519
        }
      }, {
        "uid" : "2133720a4d69067f",
        "reportUrl" : "https://lambotik.github.io/Oblache/382//#testresult/2133720a4d69067f",
        "status" : "failed",
        "statusDetails" : "AssertionError: Result is not equal expected value",
        "time" : {
          "start" : 1745456954359,
          "stop" : 1745456954726,
          "duration" : 367
        }
      }, {
        "uid" : "ed1dc7613f31b757",
        "reportUrl" : "https://lambotik.github.io/Oblache/381//#testresult/ed1dc7613f31b757",
        "status" : "failed",
        "statusDetails" : "AssertionError: Result is not equal expected value",
        "time" : {
          "start" : 1745370561857,
          "stop" : 1745370562154,
          "duration" : 297
        }
      }, {
        "uid" : "3de9682f20e382e1",
        "reportUrl" : "https://lambotik.github.io/Oblache/380//#testresult/3de9682f20e382e1",
        "status" : "failed",
        "statusDetails" : "AssertionError: Result is not equal expected value",
        "time" : {
          "start" : 1745284133693,
          "stop" : 1745284134206,
          "duration" : 513
        }
      }, {
        "uid" : "3fe995edfae25d38",
        "reportUrl" : "https://lambotik.github.io/Oblache/379//#testresult/3fe995edfae25d38",
        "status" : "failed",
        "statusDetails" : "AssertionError: Result is not equal expected value",
        "time" : {
          "start" : 1745197951165,
          "stop" : 1745197951680,
          "duration" : 515
        }
      }, {
        "uid" : "8d7695f76aa61498",
        "reportUrl" : "https://lambotik.github.io/Oblache/378//#testresult/8d7695f76aa61498",
        "status" : "failed",
        "statusDetails" : "AssertionError: Result is not equal expected value",
        "time" : {
          "start" : 1745111588204,
          "stop" : 1745111588511,
          "duration" : 307
        }
      }, {
        "uid" : "c4ec6e0679a4e609",
        "reportUrl" : "https://lambotik.github.io/Oblache/377//#testresult/c4ec6e0679a4e609",
        "status" : "failed",
        "statusDetails" : "AssertionError: Result is not equal expected value",
        "time" : {
          "start" : 1745024735978,
          "stop" : 1745024736493,
          "duration" : 515
        }
      }, {
        "uid" : "e3c72fbef0323547",
        "reportUrl" : "https://lambotik.github.io/Oblache/376//#testresult/e3c72fbef0323547",
        "status" : "failed",
        "statusDetails" : "AssertionError: Result is not equal expected value",
        "time" : {
          "start" : 1744938463455,
          "stop" : 1744938463832,
          "duration" : 377
        }
      }, {
        "uid" : "9fda802bb2a58f82",
        "reportUrl" : "https://lambotik.github.io/Oblache/375//#testresult/9fda802bb2a58f82",
        "status" : "failed",
        "statusDetails" : "AssertionError: Result is not equal expected value",
        "time" : {
          "start" : 1744852100773,
          "stop" : 1744852101170,
          "duration" : 397
        }
      }, {
        "uid" : "809915a0077961e3",
        "reportUrl" : "https://lambotik.github.io/Oblache/374//#testresult/809915a0077961e3",
        "status" : "failed",
        "statusDetails" : "AssertionError: Result is not equal expected value",
        "time" : {
          "start" : 1744765746466,
          "stop" : 1744765746768,
          "duration" : 302
        }
      }, {
        "uid" : "2ac9d564c54350a4",
        "reportUrl" : "https://lambotik.github.io/Oblache/373//#testresult/2ac9d564c54350a4",
        "status" : "failed",
        "statusDetails" : "AssertionError: Result is not equal expected value",
        "time" : {
          "start" : 1744679386902,
          "stop" : 1744679387224,
          "duration" : 322
        }
      }, {
        "uid" : "53628c02ee4c397b",
        "reportUrl" : "https://lambotik.github.io/Oblache/372//#testresult/53628c02ee4c397b",
        "status" : "failed",
        "statusDetails" : "AssertionError: Result is not equal expected value",
        "time" : {
          "start" : 1744593053202,
          "stop" : 1744593053520,
          "duration" : 318
        }
      }, {
        "uid" : "34dca5b1fe542e0f",
        "reportUrl" : "https://lambotik.github.io/Oblache/371//#testresult/34dca5b1fe542e0f",
        "status" : "failed",
        "statusDetails" : "AssertionError: Result is not equal expected value",
        "time" : {
          "start" : 1744511803436,
          "stop" : 1744511803747,
          "duration" : 311
        }
      } ]
    },
    "tags" : [ ]
  },
  "source" : "63ee75ef0c2b1639.json",
  "parameterValues" : [ ]
}