{
  "uid" : "8b4eca1412cd3b95",
  "name" : "POST create_docker_container_without_token",
  "fullName" : "tests_api.test_bd.TestPOST#test_post_create_docker_with_defunct_image",
  "historyId" : "346493b9ad20460bc067ba466e60ac88",
  "time" : {
    "start" : 1746493835196,
    "stop" : 1746493835685,
    "duration" : 489
  },
  "status" : "failed",
  "statusMessage" : "AssertionError: Result is not equal expected value",
  "statusTrace" : "self = <tests_api.test_bd.TestPOST object at 0x7f2c2b2d8b90>\n\n    @allure.title('POST create_docker_container_without_token')\n    def test_post_create_docker_with_defunct_image(self):\n        result = API.post_create_docker_container_with_defunct_image(token=TestPOST.token)\n        Checking.check_status_code(result, 400)\n>       Checking.check_json_value(result, 'msg', \"msg[]: the image doesn't found in the DockerHub\")\n\ntests_api/test_bd.py:411: \n_ _ _ _ _ _ _ _ _ _ _ _ _ _ _ _ _ _ _ _ _ _ _ _ _ _ _ _ _ _ _ _ _ _ _ _ _ _ _ _ \n\nresponse = <Response [400]>, field_name = 'msg'\nexpected_value = \"msg[]: the image doesn't found in the DockerHub\"\n\n    @staticmethod\n    def check_json_value(response: requests.models.Response, field_name: str, expected_value):\n        \"\"\"\n        :param response: requests.models.Response\n        :param field_name:\n        :param expected_value:\n        \"\"\"\n        check = response.json()\n        check_info = check.get(field_name)\n        with allure.step(\n                f'Compare result request with expected value:'\n                f'\\nResponse: {response}\\nField name: {field_name}\\nValue: {expected_value}'):\n>           assert check_info == expected_value, 'Result is not equal expected value'\nE           AssertionError: Result is not equal expected value\n\ntests_api/utils/checking.py:57: AssertionError",
  "flaky" : false,
  "newFailed" : false,
  "beforeStages" : [ ],
  "testStage" : {
    "status" : "failed",
    "statusMessage" : "AssertionError: Result is not equal expected value",
    "statusTrace" : "self = <tests_api.test_bd.TestPOST object at 0x7f2c2b2d8b90>\n\n    @allure.title('POST create_docker_container_without_token')\n    def test_post_create_docker_with_defunct_image(self):\n        result = API.post_create_docker_container_with_defunct_image(token=TestPOST.token)\n        Checking.check_status_code(result, 400)\n>       Checking.check_json_value(result, 'msg', \"msg[]: the image doesn't found in the DockerHub\")\n\ntests_api/test_bd.py:411: \n_ _ _ _ _ _ _ _ _ _ _ _ _ _ _ _ _ _ _ _ _ _ _ _ _ _ _ _ _ _ _ _ _ _ _ _ _ _ _ _ \n\nresponse = <Response [400]>, field_name = 'msg'\nexpected_value = \"msg[]: the image doesn't found in the DockerHub\"\n\n    @staticmethod\n    def check_json_value(response: requests.models.Response, field_name: str, expected_value):\n        \"\"\"\n        :param response: requests.models.Response\n        :param field_name:\n        :param expected_value:\n        \"\"\"\n        check = response.json()\n        check_info = check.get(field_name)\n        with allure.step(\n                f'Compare result request with expected value:'\n                f'\\nResponse: {response}\\nField name: {field_name}\\nValue: {expected_value}'):\n>           assert check_info == expected_value, 'Result is not equal expected value'\nE           AssertionError: Result is not equal expected value\n\ntests_api/utils/checking.py:57: AssertionError",
    "steps" : [ {
      "name" : "post_create_docker_container_with_defunct_image",
      "time" : {
        "start" : 1746493835196,
        "stop" : 1746493835685,
        "duration" : 489
      },
      "status" : "passed",
      "steps" : [ {
        "name" : "Endpoint: /container_create",
        "time" : {
          "start" : 1746493835685,
          "stop" : 1746493835685,
          "duration" : 0
        },
        "status" : "passed",
        "steps" : [ ],
        "attachments" : [ ],
        "parameters" : [ ],
        "stepsCount" : 0,
        "attachmentsCount" : 0,
        "shouldDisplayMessage" : false,
        "hasContent" : false
      }, {
        "name" : "Request:",
        "time" : {
          "start" : 1746493835685,
          "stop" : 1746493835685,
          "duration" : 0
        },
        "status" : "passed",
        "steps" : [ {
          "name" : "Headers: {'Content-Type': 'application/json', 'Authorization': '7ceeeb69-69b5-4089-b460-46160d5798d9'}",
          "time" : {
            "start" : 1746493835685,
            "stop" : 1746493835685,
            "duration" : 0
          },
          "status" : "passed",
          "steps" : [ ],
          "attachments" : [ ],
          "parameters" : [ ],
          "stepsCount" : 0,
          "attachmentsCount" : 0,
          "shouldDisplayMessage" : false,
          "hasContent" : false
        }, {
          "name" : "Body: {\"docker_image\": \"\", \"int_ports\": \"80\", \"env\": 3, \"region\": 3}",
          "time" : {
            "start" : 1746493835685,
            "stop" : 1746493835685,
            "duration" : 0
          },
          "status" : "passed",
          "steps" : [ ],
          "attachments" : [ ],
          "parameters" : [ ],
          "stepsCount" : 0,
          "attachmentsCount" : 0,
          "shouldDisplayMessage" : false,
          "hasContent" : false
        } ],
        "attachments" : [ ],
        "parameters" : [ ],
        "stepsCount" : 2,
        "attachmentsCount" : 0,
        "shouldDisplayMessage" : false,
        "hasContent" : true
      }, {
        "name" : "Response:",
        "time" : {
          "start" : 1746493835685,
          "stop" : 1746493835685,
          "duration" : 0
        },
        "status" : "passed",
        "steps" : [ {
          "name" : "Status code: 400",
          "time" : {
            "start" : 1746493835685,
            "stop" : 1746493835685,
            "duration" : 0
          },
          "status" : "passed",
          "steps" : [ ],
          "attachments" : [ ],
          "parameters" : [ ],
          "stepsCount" : 0,
          "attachmentsCount" : 0,
          "shouldDisplayMessage" : false,
          "hasContent" : false
        }, {
          "name" : "JSON: {\n    \"msg_code\": -1,\n    \"msg\": \"endpoint is disabled\"\n}\n",
          "time" : {
            "start" : 1746493835685,
            "stop" : 1746493835685,
            "duration" : 0
          },
          "status" : "passed",
          "steps" : [ ],
          "attachments" : [ ],
          "parameters" : [ ],
          "stepsCount" : 0,
          "attachmentsCount" : 0,
          "shouldDisplayMessage" : false,
          "hasContent" : false
        } ],
        "attachments" : [ ],
        "parameters" : [ ],
        "stepsCount" : 2,
        "attachmentsCount" : 0,
        "shouldDisplayMessage" : false,
        "hasContent" : true
      } ],
      "attachments" : [ ],
      "parameters" : [ ],
      "stepsCount" : 7,
      "attachmentsCount" : 0,
      "shouldDisplayMessage" : false,
      "hasContent" : true
    }, {
      "name" : "Assert status code: 400 == Response status code: 400",
      "time" : {
        "start" : 1746493835685,
        "stop" : 1746493835685,
        "duration" : 0
      },
      "status" : "passed",
      "steps" : [ ],
      "attachments" : [ ],
      "parameters" : [ ],
      "stepsCount" : 0,
      "attachmentsCount" : 0,
      "shouldDisplayMessage" : false,
      "hasContent" : false
    }, {
      "name" : "Compare result request with expected value:\nResponse: <Response [400]>\nField name: msg\nValue: msg[]: the image doesn't found in the DockerHub",
      "time" : {
        "start" : 1746493835685,
        "stop" : 1746493835685,
        "duration" : 0
      },
      "status" : "failed",
      "statusMessage" : "AssertionError: Result is not equal expected value\n",
      "statusTrace" : "  File \"/home/runner/work/Oblache/Oblache/tests_api/utils/checking.py\", line 57, in check_json_value\n    assert check_info == expected_value, 'Result is not equal expected value'\n           ^^^^^^^^^^^^^^^^^^^^^^^^^^^^\n",
      "steps" : [ ],
      "attachments" : [ ],
      "parameters" : [ ],
      "stepsCount" : 0,
      "attachmentsCount" : 0,
      "shouldDisplayMessage" : true,
      "hasContent" : true
    } ],
    "attachments" : [ ],
    "parameters" : [ ],
    "stepsCount" : 10,
    "attachmentsCount" : 0,
    "shouldDisplayMessage" : true,
    "hasContent" : true
  },
  "afterStages" : [ ],
  "labels" : [ {
    "name" : "suite",
    "value" : "POST"
  }, {
    "name" : "parentSuite",
    "value" : "tests_api"
  }, {
    "name" : "subSuite",
    "value" : "TestPOST"
  }, {
    "name" : "host",
    "value" : "fv-az1758-8"
  }, {
    "name" : "thread",
    "value" : "2531-MainThread"
  }, {
    "name" : "framework",
    "value" : "pytest"
  }, {
    "name" : "language",
    "value" : "cpython3"
  }, {
    "name" : "package",
    "value" : "tests_api.test_bd"
  }, {
    "name" : "resultFormat",
    "value" : "allure2"
  } ],
  "parameters" : [ ],
  "links" : [ ],
  "hidden" : false,
  "retry" : false,
  "extra" : {
    "severity" : "normal",
    "retries" : [ ],
    "categories" : [ {
      "name" : "Product defects",
      "matchedStatuses" : [ ],
      "flaky" : false
    } ],
    "history" : {
      "statistic" : {
        "failed" : 143,
        "broken" : 0,
        "skipped" : 0,
        "passed" : 36,
        "unknown" : 0,
        "total" : 179
      },
      "items" : [ {
        "uid" : "5d4fea04c80cddce",
        "reportUrl" : "https://lambotik.github.io/Oblache/393//#testresult/5d4fea04c80cddce",
        "status" : "failed",
        "statusDetails" : "AssertionError: Result is not equal expected value",
        "time" : {
          "start" : 1746407589898,
          "stop" : 1746407590258,
          "duration" : 360
        }
      }, {
        "uid" : "86dfadf074d01eb0",
        "reportUrl" : "https://lambotik.github.io/Oblache/389//#testresult/86dfadf074d01eb0",
        "status" : "failed",
        "statusDetails" : "AssertionError: Result is not equal expected value",
        "time" : {
          "start" : 1746062152739,
          "stop" : 1746062153059,
          "duration" : 320
        }
      }, {
        "uid" : "124e8054ee81f6ff",
        "reportUrl" : "https://lambotik.github.io/Oblache/388//#testresult/124e8054ee81f6ff",
        "status" : "failed",
        "statusDetails" : "AssertionError: Result is not equal expected value",
        "time" : {
          "start" : 1745975385855,
          "stop" : 1745975386166,
          "duration" : 311
        }
      }, {
        "uid" : "58969385ae327e41",
        "reportUrl" : "https://lambotik.github.io/Oblache/387//#testresult/58969385ae327e41",
        "status" : "failed",
        "statusDetails" : "AssertionError: Result is not equal expected value",
        "time" : {
          "start" : 1745888962495,
          "stop" : 1745888962857,
          "duration" : 362
        }
      }, {
        "uid" : "d2a014e63b35e914",
        "reportUrl" : "https://lambotik.github.io/Oblache/386//#testresult/d2a014e63b35e914",
        "status" : "failed",
        "statusDetails" : "AssertionError: Result is not equal expected value",
        "time" : {
          "start" : 1745802693073,
          "stop" : 1745802693590,
          "duration" : 517
        }
      }, {
        "uid" : "84efc46d45997b5e",
        "reportUrl" : "https://lambotik.github.io/Oblache/385//#testresult/84efc46d45997b5e",
        "status" : "failed",
        "statusDetails" : "AssertionError: Result is not equal expected value",
        "time" : {
          "start" : 1745716416705,
          "stop" : 1745716417218,
          "duration" : 513
        }
      }, {
        "uid" : "9757f719cb1d8799",
        "reportUrl" : "https://lambotik.github.io/Oblache/384//#testresult/9757f719cb1d8799",
        "status" : "failed",
        "statusDetails" : "AssertionError: Result is not equal expected value",
        "time" : {
          "start" : 1745629610237,
          "stop" : 1745629610639,
          "duration" : 402
        }
      }, {
        "uid" : "72e967383aa831db",
        "reportUrl" : "https://lambotik.github.io/Oblache/383//#testresult/72e967383aa831db",
        "status" : "failed",
        "statusDetails" : "AssertionError: Result is not equal expected value",
        "time" : {
          "start" : 1745543366948,
          "stop" : 1745543367467,
          "duration" : 519
        }
      }, {
        "uid" : "3a742e78de86b4c5",
        "reportUrl" : "https://lambotik.github.io/Oblache/382//#testresult/3a742e78de86b4c5",
        "status" : "failed",
        "statusDetails" : "AssertionError: Result is not equal expected value",
        "time" : {
          "start" : 1745456955902,
          "stop" : 1745456956274,
          "duration" : 372
        }
      }, {
        "uid" : "b882cea9de5d650c",
        "reportUrl" : "https://lambotik.github.io/Oblache/381//#testresult/b882cea9de5d650c",
        "status" : "failed",
        "statusDetails" : "AssertionError: Result is not equal expected value",
        "time" : {
          "start" : 1745370563266,
          "stop" : 1745370563568,
          "duration" : 302
        }
      }, {
        "uid" : "94d3ad50219c4f9a",
        "reportUrl" : "https://lambotik.github.io/Oblache/380//#testresult/94d3ad50219c4f9a",
        "status" : "failed",
        "statusDetails" : "AssertionError: Result is not equal expected value",
        "time" : {
          "start" : 1745284135759,
          "stop" : 1745284136281,
          "duration" : 522
        }
      }, {
        "uid" : "736d5a132bbc55fe",
        "reportUrl" : "https://lambotik.github.io/Oblache/379//#testresult/736d5a132bbc55fe",
        "status" : "failed",
        "statusDetails" : "AssertionError: Result is not equal expected value",
        "time" : {
          "start" : 1745197953275,
          "stop" : 1745197953781,
          "duration" : 506
        }
      }, {
        "uid" : "568b79cbeaa1e52",
        "reportUrl" : "https://lambotik.github.io/Oblache/378//#testresult/568b79cbeaa1e52",
        "status" : "failed",
        "statusDetails" : "AssertionError: Result is not equal expected value",
        "time" : {
          "start" : 1745111589464,
          "stop" : 1745111589770,
          "duration" : 306
        }
      }, {
        "uid" : "763dba392755ea5a",
        "reportUrl" : "https://lambotik.github.io/Oblache/377//#testresult/763dba392755ea5a",
        "status" : "failed",
        "statusDetails" : "AssertionError: Result is not equal expected value",
        "time" : {
          "start" : 1745024738037,
          "stop" : 1745024738537,
          "duration" : 500
        }
      }, {
        "uid" : "15ebbcd6a78a4b6e",
        "reportUrl" : "https://lambotik.github.io/Oblache/376//#testresult/15ebbcd6a78a4b6e",
        "status" : "failed",
        "statusDetails" : "AssertionError: Result is not equal expected value",
        "time" : {
          "start" : 1744938464988,
          "stop" : 1744938465354,
          "duration" : 366
        }
      }, {
        "uid" : "a17587642fb27ba",
        "reportUrl" : "https://lambotik.github.io/Oblache/375//#testresult/a17587642fb27ba",
        "status" : "failed",
        "statusDetails" : "AssertionError: Result is not equal expected value",
        "time" : {
          "start" : 1744852102423,
          "stop" : 1744852102823,
          "duration" : 400
        }
      }, {
        "uid" : "4ff85ec6427a6058",
        "reportUrl" : "https://lambotik.github.io/Oblache/374//#testresult/4ff85ec6427a6058",
        "status" : "failed",
        "statusDetails" : "AssertionError: Result is not equal expected value",
        "time" : {
          "start" : 1744765747718,
          "stop" : 1744765748029,
          "duration" : 311
        }
      }, {
        "uid" : "efacfaeb31160143",
        "reportUrl" : "https://lambotik.github.io/Oblache/373//#testresult/efacfaeb31160143",
        "status" : "failed",
        "statusDetails" : "AssertionError: Result is not equal expected value",
        "time" : {
          "start" : 1744679388206,
          "stop" : 1744679388519,
          "duration" : 313
        }
      }, {
        "uid" : "4ae29ecb5783ab2c",
        "reportUrl" : "https://lambotik.github.io/Oblache/372//#testresult/4ae29ecb5783ab2c",
        "status" : "failed",
        "statusDetails" : "AssertionError: Result is not equal expected value",
        "time" : {
          "start" : 1744593054518,
          "stop" : 1744593054840,
          "duration" : 322
        }
      }, {
        "uid" : "7cc87bab4dbd429c",
        "reportUrl" : "https://lambotik.github.io/Oblache/371//#testresult/7cc87bab4dbd429c",
        "status" : "failed",
        "statusDetails" : "AssertionError: Result is not equal expected value",
        "time" : {
          "start" : 1744511804753,
          "stop" : 1744511805068,
          "duration" : 315
        }
      } ]
    },
    "tags" : [ ]
  },
  "source" : "8b4eca1412cd3b95.json",
  "parameterValues" : [ ]
}