{
  "uid" : "38f7da69f73bb563",
  "name" : "test_clipboard",
  "fullName" : "tests_ui.test_ui.TestProfilePage#test_clipboard_uuid_db",
  "historyId" : "b32cefb1d87a8aa3bb37280cb980702f",
  "time" : {
    "start" : 1757814729384,
    "stop" : 1757814737318,
    "duration" : 7934
  },
  "status" : "broken",
  "statusMessage" : "selenium.common.exceptions.TimeoutException: Message: Can't find element by locator ('xpath', '//div[@id=\"msg_copypaste\"]')",
  "statusTrace" : "self = <tests_ui.test_ui.TestProfilePage object at 0x7f2ca0d78950>\ndriver = <selenium.webdriver.chrome.webdriver.WebDriver (session=\"ab62f6459d717bc688651e55c7f7f8d6\")>\nauthorization_user = None\n\n    @allure.title('test_clipboard')\n    def test_clipboard_uuid_db(self, driver, authorization_user):\n        page = ProfilePage(driver, authorization_user)\n        page.click_button_databases()\n>       page.check_clipboard(\n            table_xpath='//tbody[@id=\"tbody_dbs\"]',\n            token=TestProfilePage.token)\n\ntests_ui/test_ui.py:99: \n_ _ _ _ _ _ _ _ _ _ _ _ _ _ _ _ _ _ _ _ _ _ _ _ _ _ _ _ _ _ _ _ _ _ _ _ _ _ _ _ \ntests_ui/profile_page.py:109: in check_clipboard\n    assert self.element_is_visible(self.locators.MSG_COPYPASTE)\ntests_ui/base_page.py:34: in element_is_visible\n    return Wait(self.driver, self.timeout).until(\n_ _ _ _ _ _ _ _ _ _ _ _ _ _ _ _ _ _ _ _ _ _ _ _ _ _ _ _ _ _ _ _ _ _ _ _ _ _ _ _ \n\nself = <selenium.webdriver.support.wait.WebDriverWait (session=\"ab62f6459d717bc688651e55c7f7f8d6\")>\nmethod = <function visibility_of_element_located.<locals>._predicate at 0x7f2ca0df7880>\nmessage = 'Can\\'t find element by locator (\\'xpath\\', \\'//div[@id=\"msg_copypaste\"]\\')'\n\n    def until(self, method: Callable[[D], Union[Literal[False], T]], message: str = \"\") -> T:\n        \"\"\"Calls the method provided with the driver as an argument until the \\\n        return value does not evaluate to ``False``.\n    \n        :param method: callable(WebDriver)\n        :param message: optional message for :exc:`TimeoutException`\n        :returns: the result of the last call to `method`\n        :raises: :exc:`selenium.common.exceptions.TimeoutException` if timeout occurs\n        \"\"\"\n        screen = None\n        stacktrace = None\n    \n        end_time = time.monotonic() + self._timeout\n        while True:\n            try:\n                value = method(self._driver)\n                if value:\n                    return value\n            except self._ignored_exceptions as exc:\n                screen = getattr(exc, \"screen\", None)\n                stacktrace = getattr(exc, \"stacktrace\", None)\n            time.sleep(self._poll)\n            if time.monotonic() > end_time:\n                break\n>       raise TimeoutException(message, screen, stacktrace)\nE       selenium.common.exceptions.TimeoutException: Message: Can't find element by locator ('xpath', '//div[@id=\"msg_copypaste\"]')\n\n/opt/hostedtoolcache/Python/3.12.11/x64/lib/python3.12/site-packages/selenium/webdriver/support/wait.py:105: TimeoutException",
  "flaky" : false,
  "newFailed" : false,
  "beforeStages" : [ {
    "name" : "authorization_user",
    "time" : {
      "start" : 1757814728679,
      "stop" : 1757814729384,
      "duration" : 705
    },
    "status" : "passed",
    "steps" : [ {
      "name" : "Open page: https://oblache.areso.pro/register.html",
      "time" : {
        "start" : 1757814728679,
        "stop" : 1757814729191,
        "duration" : 512
      },
      "status" : "passed",
      "steps" : [ ],
      "attachments" : [ ],
      "parameters" : [ ],
      "stepsCount" : 0,
      "attachmentsCount" : 0,
      "shouldDisplayMessage" : false,
      "hasContent" : false
    }, {
      "name" : "Login user",
      "time" : {
        "start" : 1757814729191,
        "stop" : 1757814729384,
        "duration" : 193
      },
      "status" : "passed",
      "steps" : [ {
        "name" : "Enter email.",
        "time" : {
          "start" : 1757814729191,
          "stop" : 1757814729252,
          "duration" : 61
        },
        "status" : "passed",
        "steps" : [ ],
        "attachments" : [ ],
        "parameters" : [ ],
        "stepsCount" : 0,
        "attachmentsCount" : 0,
        "shouldDisplayMessage" : false,
        "hasContent" : false
      }, {
        "name" : "Enter password.",
        "time" : {
          "start" : 1757814729252,
          "stop" : 1757814729295,
          "duration" : 43
        },
        "status" : "passed",
        "steps" : [ ],
        "attachments" : [ ],
        "parameters" : [ ],
        "stepsCount" : 0,
        "attachmentsCount" : 0,
        "shouldDisplayMessage" : false,
        "hasContent" : false
      }, {
        "name" : "Click button \"Login\"",
        "time" : {
          "start" : 1757814729295,
          "stop" : 1757814729381,
          "duration" : 86
        },
        "status" : "passed",
        "steps" : [ ],
        "attachments" : [ ],
        "parameters" : [ ],
        "stepsCount" : 0,
        "attachmentsCount" : 0,
        "shouldDisplayMessage" : false,
        "hasContent" : false
      }, {
        "name" : "Check url is present: https://oblache.areso.pro/register.html",
        "time" : {
          "start" : 1757814729381,
          "stop" : 1757814729384,
          "duration" : 3
        },
        "status" : "passed",
        "steps" : [ ],
        "attachments" : [ ],
        "parameters" : [ ],
        "stepsCount" : 0,
        "attachmentsCount" : 0,
        "shouldDisplayMessage" : false,
        "hasContent" : false
      } ],
      "attachments" : [ ],
      "parameters" : [ ],
      "stepsCount" : 4,
      "attachmentsCount" : 0,
      "shouldDisplayMessage" : false,
      "hasContent" : true
    } ],
    "attachments" : [ ],
    "parameters" : [ ],
    "stepsCount" : 6,
    "attachmentsCount" : 0,
    "shouldDisplayMessage" : false,
    "hasContent" : true
  }, {
    "name" : "driver",
    "time" : {
      "start" : 1757814728419,
      "stop" : 1757814728679,
      "duration" : 260
    },
    "status" : "passed",
    "steps" : [ ],
    "attachments" : [ ],
    "parameters" : [ ],
    "stepsCount" : 0,
    "attachmentsCount" : 0,
    "shouldDisplayMessage" : false,
    "hasContent" : false
  } ],
  "testStage" : {
    "status" : "broken",
    "statusMessage" : "selenium.common.exceptions.TimeoutException: Message: Can't find element by locator ('xpath', '//div[@id=\"msg_copypaste\"]')",
    "statusTrace" : "self = <tests_ui.test_ui.TestProfilePage object at 0x7f2ca0d78950>\ndriver = <selenium.webdriver.chrome.webdriver.WebDriver (session=\"ab62f6459d717bc688651e55c7f7f8d6\")>\nauthorization_user = None\n\n    @allure.title('test_clipboard')\n    def test_clipboard_uuid_db(self, driver, authorization_user):\n        page = ProfilePage(driver, authorization_user)\n        page.click_button_databases()\n>       page.check_clipboard(\n            table_xpath='//tbody[@id=\"tbody_dbs\"]',\n            token=TestProfilePage.token)\n\ntests_ui/test_ui.py:99: \n_ _ _ _ _ _ _ _ _ _ _ _ _ _ _ _ _ _ _ _ _ _ _ _ _ _ _ _ _ _ _ _ _ _ _ _ _ _ _ _ \ntests_ui/profile_page.py:109: in check_clipboard\n    assert self.element_is_visible(self.locators.MSG_COPYPASTE)\ntests_ui/base_page.py:34: in element_is_visible\n    return Wait(self.driver, self.timeout).until(\n_ _ _ _ _ _ _ _ _ _ _ _ _ _ _ _ _ _ _ _ _ _ _ _ _ _ _ _ _ _ _ _ _ _ _ _ _ _ _ _ \n\nself = <selenium.webdriver.support.wait.WebDriverWait (session=\"ab62f6459d717bc688651e55c7f7f8d6\")>\nmethod = <function visibility_of_element_located.<locals>._predicate at 0x7f2ca0df7880>\nmessage = 'Can\\'t find element by locator (\\'xpath\\', \\'//div[@id=\"msg_copypaste\"]\\')'\n\n    def until(self, method: Callable[[D], Union[Literal[False], T]], message: str = \"\") -> T:\n        \"\"\"Calls the method provided with the driver as an argument until the \\\n        return value does not evaluate to ``False``.\n    \n        :param method: callable(WebDriver)\n        :param message: optional message for :exc:`TimeoutException`\n        :returns: the result of the last call to `method`\n        :raises: :exc:`selenium.common.exceptions.TimeoutException` if timeout occurs\n        \"\"\"\n        screen = None\n        stacktrace = None\n    \n        end_time = time.monotonic() + self._timeout\n        while True:\n            try:\n                value = method(self._driver)\n                if value:\n                    return value\n            except self._ignored_exceptions as exc:\n                screen = getattr(exc, \"screen\", None)\n                stacktrace = getattr(exc, \"stacktrace\", None)\n            time.sleep(self._poll)\n            if time.monotonic() > end_time:\n                break\n>       raise TimeoutException(message, screen, stacktrace)\nE       selenium.common.exceptions.TimeoutException: Message: Can't find element by locator ('xpath', '//div[@id=\"msg_copypaste\"]')\n\n/opt/hostedtoolcache/Python/3.12.11/x64/lib/python3.12/site-packages/selenium/webdriver/support/wait.py:105: TimeoutException",
    "steps" : [ {
      "name" : "Click \"Databases\" button.",
      "time" : {
        "start" : 1757814729384,
        "stop" : 1757814730764,
        "duration" : 1380
      },
      "status" : "passed",
      "steps" : [ ],
      "attachments" : [ ],
      "parameters" : [ ],
      "stepsCount" : 0,
      "attachmentsCount" : 0,
      "shouldDisplayMessage" : false,
      "hasContent" : false
    }, {
      "name" : "Check clipboard",
      "time" : {
        "start" : 1757814730764,
        "stop" : 1757814737318,
        "duration" : 6554
      },
      "status" : "broken",
      "statusMessage" : "selenium.common.exceptions.TimeoutException: Message: Can't find element by locator ('xpath', '//div[@id=\"msg_copypaste\"]')\n\n",
      "statusTrace" : "  File \"/opt/hostedtoolcache/Python/3.12.11/x64/lib/python3.12/site-packages/allure_commons/_allure.py\", line 192, in impl\n    return func(*a, **kw)\n           ^^^^^^^^^^^^^^\n  File \"/home/runner/work/Oblache/Oblache/tests_ui/profile_page.py\", line 109, in check_clipboard\n    assert self.element_is_visible(self.locators.MSG_COPYPASTE)\n           ^^^^^^^^^^^^^^^^^^^^^^^^^^^^^^^^^^^^^^^^^^^^^^^^^^^^\n  File \"/home/runner/work/Oblache/Oblache/tests_ui/base_page.py\", line 34, in element_is_visible\n    return Wait(self.driver, self.timeout).until(\n           ^^^^^^^^^^^^^^^^^^^^^^^^^^^^^^^^^^^^^^\n  File \"/opt/hostedtoolcache/Python/3.12.11/x64/lib/python3.12/site-packages/selenium/webdriver/support/wait.py\", line 105, in until\n    raise TimeoutException(message, screen, stacktrace)\n",
      "steps" : [ {
        "name" : "Clicked button \uD83D\uDCCB in database:0 c945d2 \uD83D\uDCCB my_uwnwrq1w CIS created \uD83D\uDD11 2025-09-06 10:18:17 0 ‚ùå \uD83D\uDCBE, for copy uuid.",
        "time" : {
          "start" : 1757814731650,
          "stop" : 1757814731650,
          "duration" : 0
        },
        "status" : "passed",
        "steps" : [ ],
        "attachments" : [ ],
        "parameters" : [ ],
        "stepsCount" : 0,
        "attachmentsCount" : 0,
        "shouldDisplayMessage" : false,
        "hasContent" : false
      }, {
        "name" : "post_db_list",
        "time" : {
          "start" : 1757814731650,
          "stop" : 1757814732160,
          "duration" : 510
        },
        "status" : "passed",
        "steps" : [ {
          "name" : "Endpoint: /db_list",
          "time" : {
            "start" : 1757814732160,
            "stop" : 1757814732160,
            "duration" : 0
          },
          "status" : "passed",
          "steps" : [ ],
          "attachments" : [ ],
          "parameters" : [ ],
          "stepsCount" : 0,
          "attachmentsCount" : 0,
          "shouldDisplayMessage" : false,
          "hasContent" : false
        }, {
          "name" : "Request:",
          "time" : {
            "start" : 1757814732160,
            "stop" : 1757814732160,
            "duration" : 0
          },
          "status" : "passed",
          "steps" : [ {
            "name" : "Headers: {'Content-Type': 'application/json', 'Authorization': {'ae38e27a-1e73-476a-b575-eb37fe744a54'}}",
            "time" : {
              "start" : 1757814732160,
              "stop" : 1757814732160,
              "duration" : 0
            },
            "status" : "passed",
            "steps" : [ ],
            "attachments" : [ ],
            "parameters" : [ ],
            "stepsCount" : 0,
            "attachmentsCount" : 0,
            "shouldDisplayMessage" : false,
            "hasContent" : false
          }, {
            "name" : "Body: None",
            "time" : {
              "start" : 1757814732160,
              "stop" : 1757814732160,
              "duration" : 0
            },
            "status" : "passed",
            "steps" : [ ],
            "attachments" : [ ],
            "parameters" : [ ],
            "stepsCount" : 0,
            "attachmentsCount" : 0,
            "shouldDisplayMessage" : false,
            "hasContent" : false
          } ],
          "attachments" : [ ],
          "parameters" : [ ],
          "stepsCount" : 2,
          "attachmentsCount" : 0,
          "shouldDisplayMessage" : false,
          "hasContent" : true
        }, {
          "name" : "Response:",
          "time" : {
            "start" : 1757814732160,
            "stop" : 1757814732160,
            "duration" : 0
          },
          "status" : "passed",
          "steps" : [ {
            "name" : "Status code: 200",
            "time" : {
              "start" : 1757814732160,
              "stop" : 1757814732160,
              "duration" : 0
            },
            "status" : "passed",
            "steps" : [ ],
            "attachments" : [ ],
            "parameters" : [ ],
            "stepsCount" : 0,
            "attachmentsCount" : 0,
            "shouldDisplayMessage" : false,
            "hasContent" : false
          }, {
            "name" : "JSON: {\n  \"data\": {\n    \"068bc0a5-cf11-7466-8000-724d94c945d2\": [\n      \"my_uwnwrq1w\",\n      \"CIS\",\n      \"created\",\n      \"mysql://user_cnrlow6a:pwPW01__ZGIjbKTy10GrZS@cis_db1.areso.pro:3306/my_uwnwrq1w\",\n      \"2025-09-06 10:18:17\",\n      0\n    ],\n    \"068bc0a5-e43e-781e-8000-5cca74d7629b\": [\n      \"my_o5b48jj3\",\n      \"CIS\",\n      \"created\",\n      \"mysql://user_rl5neb3o:pwPW01__CZtHUq8gPu6DFA@cis_db1.areso.pro:3306/my_o5b48jj3\",\n      \"2025-09-06 10:18:27\",\n      0\n    ],\n    \"068bc0a9-2fe2-71c3-8000-40534bac03dc\": [\n      \"my_dvvq9zny\",\n      \"CIS\",\n      \"created\",\n      \"mysql://user_qo4ymaat:pwPW01__5nzJ9jQrC2JKzZ@cis_db1.areso.pro:3306/my_dvvq9zny\",\n      \"2025-09-06 10:19:10\",\n      0\n    ],\n    \"068bc0aa-4798-7db6-8000-8598a0f51b19\": [\n      \"my_v6puzr39\",\n      \"CIS\",\n      \"created\",\n      \"mysql://user_5t6gsef0:pwPW01__qXpIBIeU9UKXvm@cis_db1.areso.pro:3306/my_v6puzr39\",\n      \"2025-09-06 10:19:27\",\n      0\n    ],\n    \"068bce4e-5e62-7acb-8000-7d79ae416000\": [\n      \"my_ubilq2iq\",\n      \"CIS\",\n      \"created\",\n      \"mysql://user_vx6pmzet:pwPW01__5sJzz9A7UrKx5u@cis_db1.areso.pro:3306/my_ubilq2iq\",\n      \"2025-09-07 01:50:42\",\n      0\n    ],\n    \"068bce4f-3ca2-7382-8000-08b9deaf4567\": [\n      \"my_1ltjo5xp\",\n      \"CIS\",\n      \"created\",\n      \"mysql://user_qdxb6h4w:pwPW01__VaZcdR2F1hphJo@cis_db1.areso.pro:3306/my_1ltjo5xp\",\n      \"2025-09-07 01:50:55\",\n      0\n    ],\n    \"068c0199-e5f1-707a-8000-501b59b3f930\": [\n      \"my_mswgxtn9\",\n      \"CIS\",\n      \"created\",\n      \"mysql://user_a054d31o:pwPW01__JXoGWPv5HZT34h@cis_db1.areso.pro:3306/my_mswgxtn9\",\n      \"2025-09-09 12:12:26\",\n      0\n    ],\n    \"068c019a-c598-781c-8000-41e5845d9169\": [\n      \"my_sa2x9jm4\",\n      \"CIS\",\n      \"created\",\n      \"mysql://user_m8m1p7au:pwPW01__IHzteAWCzIdLCX@cis_db1.areso.pro:3306/my_sa2x9jm4\",\n      \"2025-09-09 12:12:39\",\n      0\n    ],\n    \"068c0d7b-ba03-7101-8000-a67ddec2db4e\": [\n      \"my_kb5r5bti\",\n      \"CIS\",\n      \"created\",\n      \"mysql://user_1atjrqzu:pwPW01__uwLjRCpN3GFrRC@cis_db1.areso.pro:3306/my_kb5r5bti\",\n      \"2025-09-10 01:43:35\",\n      0\n    ],\n    \"068c0d7c-b14a-72a4-8000-9a562f53bc82\": [\n      \"my_6f1kv1sa\",\n      \"CIS\",\n      \"created\",\n      \"mysql://user_c9wdd7ik:pwPW01__2A7EHXd0e7fBbw@cis_db1.areso.pro:3306/my_6f1kv1sa\",\n      \"2025-09-10 01:43:49\",\n      0\n    ],\n    \"068c12fe-619e-7ee5-8000-94ec841251e4\": [\n      \"my_4frrgqae\",\n      \"CIS\",\n      \"created\",\n      \"mysql://user_597fj1qx:pwPW01__YQytxrIBXGluzD@cis_db1.areso.pro:3306/my_4frrgqae\",\n      \"2025-09-10 07:59:45\",\n      0\n    ],\n    \"068c15c5-2b78-71a4-8000-0ac820403717\": [\n      \"my_z0fba9fq\",\n      \"CIS\",\n      \"created\",\n      \"mysql://user_eu3unur4:pwPW01__F5uKetmhWE2lW3@cis_db1.areso.pro:3306/my_z0fba9fq\",\n      \"2025-09-10 11:09:18\",\n      0\n    ],\n    \"068c15c5-39b8-7cc3-8000-828aea046070\": [\n      \"my_2wdqn6vz\",\n      \"CIS\",\n      \"created\",\n      \"mysql://user_gl9aaskp:pwPW01__mBwzI3yVCEdCVx@cis_db1.areso.pro:3306/my_2wdqn6vz\",\n      \"2025-09-10 11:09:29\",\n      0\n    ],\n    \"068c15c8-f2ab-757d-8000-6ca5dd90128c\": [\n      \"my_utrtzf9s\",\n      \"CIS\",\n      \"created\",\n      \"mysql://user_iw0jzri4:pwPW01__bk7N0uB0stiCin@cis_db1.areso.pro:3306/my_utrtzf9s\",\n      \"2025-09-10 11:10:19\",\n      0\n    ],\n    \"068c171e-bc3d-784f-8000-e3a223ca0f71\": [\n      \"my_96g2cgy3\",\n      \"CIS\",\n      \"created\",\n      \"mysql://user_zyurmnnb:pwPW01__2am8aQU8p3T9lu@cis_db1.areso.pro:3306/my_96g2cgy3\",\n      \"2025-09-10 12:41:27\",\n      0\n    ],\n    \"068c17f9-f072-7243-8000-f364000e0ea7\": [\n      \"my_3ckvg1z1\",\n      \"CIS\",\n      \"created\",\n      \"mysql://user_3c0yq1d3:pwPW01__aXKw6WbHA74An8@cis_db1.areso.pro:3306/my_3ckvg1z1\",\n      \"2025-09-10 13:39:54\",\n      0\n    ],\n    \"068c17f9-fc72-783a-8000-835ee2dfed2b\": [\n      \"my_6gvtdboq\",\n      \"CIS\",\n      \"created\",\n      \"mysql://user_no3mzmwu:pwPW01__jctUE5KsOfFAii@cis_db1.areso.pro:3306/my_6gvtdboq\",\n      \"2025-09-10 13:40:05\",\n      0\n    ],\n    \"068c17fd-9685-75a6-8000-aac93e5de48a\": [\n      \"my_lz5wiva5\",\n      \"CIS\",\n      \"created\",\n      \"mysql://user_a4at0aqi:pwPW01__FA9UttUmoA0PLp@cis_db1.areso.pro:3306/my_lz5wiva5\",\n      \"2025-09-10 13:40:52\",\n      0\n    ],\n    \"068c1808-8dae-708f-8000-3a035f9dd349\": [\n      \"my_tth9zwgc\",\n      \"CIS\",\n      \"created\",\n      \"mysql://user_267ej1a2:pwPW01__C9RAnomfoeEJLP@cis_db1.areso.pro:3306/my_tth9zwgc\",\n      \"2025-09-10 13:43:48\",\n      0\n    ],\n    \"068c1813-017a-7222-8000-41f4b47aa74e\": [\n      \"my_bwbfxax9\",\n      \"CIS\",\n      \"created\",\n      \"mysql://user_3ucabimk:pwPW01__eoSM42NPv5NY3t@cis_db1.areso.pro:3306/my_bwbfxax9\",\n      \"2025-09-10 13:46:35\",\n      0\n    ],\n    \"068c1837-f0bf-70ec-8000-a83ce1bacf8e\": [\n      \"my_817xa5kt\",\n      \"CIS\",\n      \"created\",\n      \"mysql://user_k864xa5l:pwPW01__7zU9wmd4yHbNmD@cis_db1.areso.pro:3306/my_817xa5kt\",\n      \"2025-09-10 13:56:26\",\n      0\n    ],\n    \"068c183b-94aa-71f3-8000-13d5b7ee54cf\": [\n      \"my_ygnn9o48\",\n      \"CIS\",\n      \"created\",\n      \"mysql://user_mvm8v78v:pwPW01__u5oc49ExbdrDDa@cis_db1.areso.pro:3306/my_ygnn9o48\",\n      \"2025-09-10 13:57:23\",\n      0\n    ],\n    \"068c183f-5771-7101-8000-7ec6569085fe\": [\n      \"my_tguo3qbo\",\n      \"CIS\",\n      \"created\",\n      \"mysql://user_y7rgdl5q:pwPW01__g345Ed5NiZ9DYu@cis_db1.areso.pro:3306/my_tguo3qbo\",\n      \"2025-09-10 13:58:23\",\n      0\n    ],\n    \"068c229e-1d33-7111-8000-e481da244928\": [\n      \"my_v85m33l5\",\n      \"CIS\",\n      \"created\",\n      \"mysql://user_2lh52cel:pwPW01__0lJeX9S8S6Luyv@cis_db1.areso.pro:3306/my_v85m33l5\",\n      \"2025-09-11 01:46:21\",\n      0\n    ],\n    \"068c229e-dd86-7e3e-8000-65bc58c48269\": [\n      \"my_ojlpmpty\",\n      \"CIS\",\n      \"created\",\n      \"mysql://user_903ssvgj:pwPW01__NlKbyknHjpZMBi@cis_db1.areso.pro:3306/my_ojlpmpty\",\n      \"2025-09-11 01:46:32\",\n      0\n    ],\n    \"068c37a5-50e2-71c3-8000-c6c48e135df6\": [\n      \"my_089woud6\",\n      \"CIS\",\n      \"created\",\n      \"mysql://user_mfwxdivw:pwPW01__narHejsOcFqZDy@cis_db1.areso.pro:3306/my_089woud6\",\n      \"2025-09-12 01:41:52\",\n      0\n    ],\n    \"068c37a6-142c-73ff-8000-df58f954e498\": [\n      \"my_bdkh4f37\",\n      \"CIS\",\n      \"created\",\n      \"mysql://user_702w9wn7:pwPW01__GMldbqHv6TN051@cis_db1.areso.pro:3306/my_bdkh4f37\",\n      \"2025-09-12 01:42:04\",\n      0\n    ],\n    \"068c4cae-4057-7381-8000-a9a66871fb65\": [\n      \"my_8ubkc2iq\",\n      \"CIS\",\n      \"created\",\n      \"mysql://user_alp5q1b4:pwPW01__w1OfpMpUZmvZzP@cis_db1.areso.pro:3306/my_8ubkc2iq\",\n      \"2025-09-13 01:37:51\",\n      0\n    ],\n    \"068c4caf-019d-7d2e-8000-c4463d43bfa8\": [\n      \"my_ork4n57m\",\n      \"CIS\",\n      \"created\",\n      \"mysql://user_3spqkwt7:pwPW01__2vMWegHdS2hHTf@cis_db1.areso.pro:3306/my_ork4n57m\",\n      \"2025-09-13 01:38:02\",\n      0\n    ],\n    \"068c61f4-c396-7cd7-8000-b797ddd0242f\": [\n      \"my_1ppluoor\",\n      \"CIS\",\n      \"created\",\n      \"mysql://user_02kr1tav:pwPW01__E5SibZagMcNgeq@cis_db1.areso.pro:3306/my_1ppluoor\",\n      \"2025-09-14 01:50:15\",\n      0\n    ],\n    \"068c61f5-e74c-7307-8000-836942eea271\": [\n      \"my_h6ak5iee\",\n      \"CIS\",\n      \"created\",\n      \"mysql://user_ha21izu5:pwPW01__W28D5ZI0NO0MxC@cis_db1.areso.pro:3306/my_h6ak5iee\",\n      \"2025-09-14 01:50:32\",\n      0\n    ]\n  },\n  \"headers\": {\n    \"Access-Control-Allow-Methods\": [\n      \"POST\",\n      \"OPTIONS\"\n    ],\n    \"Access-Control-Allow-Origin\": \"*\",\n    \"Access-Control-Expose-Headers\": \"*\",\n    \"Content-Type\": \"application/json; charset=utf-8\"\n  },\n  \"status\": 200\n}\n",
            "time" : {
              "start" : 1757814732160,
              "stop" : 1757814732160,
              "duration" : 0
            },
            "status" : "passed",
            "steps" : [ ],
            "attachments" : [ ],
            "parameters" : [ ],
            "stepsCount" : 0,
            "attachmentsCount" : 0,
            "shouldDisplayMessage" : false,
            "hasContent" : false
          } ],
          "attachments" : [ ],
          "parameters" : [ ],
          "stepsCount" : 2,
          "attachmentsCount" : 0,
          "shouldDisplayMessage" : false,
          "hasContent" : true
        } ],
        "attachments" : [ ],
        "parameters" : [ ],
        "stepsCount" : 7,
        "attachmentsCount" : 0,
        "shouldDisplayMessage" : false,
        "hasContent" : true
      } ],
      "attachments" : [ ],
      "parameters" : [ {
        "name" : "table_xpath",
        "value" : "'//tbody[@id=\"tbody_dbs\"]'"
      }, {
        "name" : "token",
        "value" : "'ae38e27a-1e73-476a-b575-eb37fe744a54'"
      } ],
      "stepsCount" : 9,
      "attachmentsCount" : 0,
      "shouldDisplayMessage" : true,
      "hasContent" : true
    } ],
    "attachments" : [ {
      "uid" : "9576d597e836f8d0",
      "name" : "Screenshot 2025-09-14 01:52:17.407872",
      "source" : "9576d597e836f8d0.png",
      "type" : "image/png",
      "size" : 191702
    } ],
    "parameters" : [ ],
    "stepsCount" : 11,
    "attachmentsCount" : 1,
    "shouldDisplayMessage" : true,
    "hasContent" : true
  },
  "afterStages" : [ {
    "name" : "driver::0",
    "time" : {
      "start" : 1757814737409,
      "stop" : 1757814737469,
      "duration" : 60
    },
    "status" : "passed",
    "steps" : [ ],
    "attachments" : [ ],
    "parameters" : [ ],
    "stepsCount" : 0,
    "attachmentsCount" : 0,
    "shouldDisplayMessage" : false,
    "hasContent" : false
  } ],
  "labels" : [ {
    "name" : "suite",
    "value" : "Test Profile Page."
  }, {
    "name" : "parentSuite",
    "value" : "tests_ui"
  }, {
    "name" : "subSuite",
    "value" : "TestProfilePage"
  }, {
    "name" : "host",
    "value" : "runnervmf4ws1"
  }, {
    "name" : "thread",
    "value" : "2622-MainThread"
  }, {
    "name" : "framework",
    "value" : "pytest"
  }, {
    "name" : "language",
    "value" : "cpython3"
  }, {
    "name" : "package",
    "value" : "tests_ui.test_ui"
  }, {
    "name" : "resultFormat",
    "value" : "allure2"
  } ],
  "parameters" : [ ],
  "links" : [ ],
  "hidden" : false,
  "retry" : false,
  "extra" : {
    "severity" : "normal",
    "retries" : [ ],
    "categories" : [ {
      "name" : "Test defects",
      "matchedStatuses" : [ ],
      "flaky" : false
    } ],
    "history" : {
      "statistic" : {
        "failed" : 0,
        "broken" : 79,
        "skipped" : 0,
        "passed" : 202,
        "unknown" : 0,
        "total" : 281
      },
      "items" : [ {
        "uid" : "abdb99dc08e2bf",
        "reportUrl" : "https://lambotik.github.io/Oblache/501//#testresult/abdb99dc08e2bf",
        "status" : "broken",
        "statusDetails" : "selenium.common.exceptions.TimeoutException: Message: Can't find element by locator ('xpath', '//div[@id=\"msg_copypaste\"]')",
        "time" : {
          "start" : 1757727601894,
          "stop" : 1757727609164,
          "duration" : 7270
        }
      }, {
        "uid" : "dbb22c9aecc4a577",
        "reportUrl" : "https://lambotik.github.io/Oblache/500//#testresult/dbb22c9aecc4a577",
        "status" : "broken",
        "statusDetails" : "selenium.common.exceptions.TimeoutException: Message: Can't find element by locator ('xpath', '//div[@id=\"msg_copypaste\"]')",
        "time" : {
          "start" : 1757641440801,
          "stop" : 1757641447967,
          "duration" : 7166
        }
      }, {
        "uid" : "7591ef7e07409021",
        "reportUrl" : "https://lambotik.github.io/Oblache/499//#testresult/7591ef7e07409021",
        "status" : "broken",
        "statusDetails" : "selenium.common.exceptions.TimeoutException: Message: Can't find element by locator ('xpath', '//div[@id=\"msg_copypaste\"]')",
        "time" : {
          "start" : 1757555284187,
          "stop" : 1757555291389,
          "duration" : 7202
        }
      }, {
        "uid" : "2485af6a316b4fdd",
        "reportUrl" : "https://lambotik.github.io/Oblache/498//#testresult/2485af6a316b4fdd",
        "status" : "broken",
        "statusDetails" : "selenium.common.exceptions.TimeoutException: Message: Can't find element by locator ('xpath', '//div[@id=\"msg_copypaste\"]')",
        "time" : {
          "start" : 1757468710907,
          "stop" : 1757468718559,
          "duration" : 7652
        }
      }, {
        "uid" : "43ee1b6763a27db",
        "reportUrl" : "https://lambotik.github.io/Oblache/497//#testresult/43ee1b6763a27db",
        "status" : "broken",
        "statusDetails" : "selenium.common.exceptions.TimeoutException: Message: Can't find element by locator ('xpath', '//button[@id = \"menu_button_databases\"]')\nStacktrace:\n#0 0x56479e49e08a <unknown>\n#1 0x56479df3da70 <unknown>\n#2 0x56479df8f907 <unknown>\n#3 0x56479df8fb01 <unknown>\n#4 0x56479dfddd54 <unknown>\n#5 0x56479dfb540d <unknown>\n#6 0x56479dfdb14f <unknown>\n#7 0x56479dfb51b3 <unknown>\n#8 0x56479df8159b <unknown>\n#9 0x56479df82971 <unknown>\n#10 0x56479e46325b <unknown>\n#11 0x56479e466fa9 <unknown>\n#12 0x56479e44a339 <unknown>\n#13 0x56479e467b58 <unknown>\n#14 0x56479e42ec1f <unknown>\n#15 0x56479e48b118 <unknown>\n#16 0x56479e48b2f6 <unknown>\n#17 0x56479e49d066 <unknown>\n#18 0x7f645d49caa4 <unknown>\n#19 0x7f645d529c3c <unknown>",
        "time" : {
          "start" : 1757382473701,
          "stop" : 1757382478829,
          "duration" : 5128
        }
      }, {
        "uid" : "14fc86672fd8cbd",
        "reportUrl" : "https://lambotik.github.io/Oblache/496//#testresult/14fc86672fd8cbd",
        "status" : "broken",
        "statusDetails" : "selenium.common.exceptions.TimeoutException: Message: Can't find element by locator ('xpath', '//button[@id = \"menu_button_databases\"]')\nStacktrace:\n#0 0x557eb13c008a <unknown>\n#1 0x557eb0e5fa70 <unknown>\n#2 0x557eb0eb1907 <unknown>\n#3 0x557eb0eb1b01 <unknown>\n#4 0x557eb0effd54 <unknown>\n#5 0x557eb0ed740d <unknown>\n#6 0x557eb0efd14f <unknown>\n#7 0x557eb0ed71b3 <unknown>\n#8 0x557eb0ea359b <unknown>\n#9 0x557eb0ea4971 <unknown>\n#10 0x557eb138525b <unknown>\n#11 0x557eb1388fa9 <unknown>\n#12 0x557eb136c339 <unknown>\n#13 0x557eb1389b58 <unknown>\n#14 0x557eb1350c1f <unknown>\n#15 0x557eb13ad118 <unknown>\n#16 0x557eb13ad2f6 <unknown>\n#17 0x557eb13bf066 <unknown>\n#18 0x7fbf4949caa4 <unknown>\n#19 0x7fbf49529c3c <unknown>",
        "time" : {
          "start" : 1757296329002,
          "stop" : 1757296334127,
          "duration" : 5125
        }
      }, {
        "uid" : "63d29b5b8c108277",
        "reportUrl" : "https://lambotik.github.io/Oblache/495//#testresult/63d29b5b8c108277",
        "status" : "broken",
        "statusDetails" : "selenium.common.exceptions.TimeoutException: Message: Can't find element by locator ('xpath', '//div[@id=\"msg_copypaste\"]')",
        "time" : {
          "start" : 1757209940441,
          "stop" : 1757209947770,
          "duration" : 7329
        }
      }, {
        "uid" : "b313459afe3d1122",
        "reportUrl" : "https://lambotik.github.io/Oblache/494//#testresult/b313459afe3d1122",
        "status" : "broken",
        "statusDetails" : "selenium.common.exceptions.TimeoutException: Message: Can't find element by locator ('xpath', '//div[@id=\"msg_copypaste\"]')",
        "time" : {
          "start" : 1757123041948,
          "stop" : 1757123049061,
          "duration" : 7113
        }
      }, {
        "uid" : "d0aa772f6f957c3",
        "reportUrl" : "https://lambotik.github.io/Oblache/493//#testresult/d0aa772f6f957c3",
        "status" : "broken",
        "statusDetails" : "selenium.common.exceptions.TimeoutException: Message: Can't find element by locator ('xpath', '//div[@id=\"msg_copypaste\"]')",
        "time" : {
          "start" : 1757036825347,
          "stop" : 1757036833077,
          "duration" : 7730
        }
      }, {
        "uid" : "9e6d2295c25eeed3",
        "reportUrl" : "https://lambotik.github.io/Oblache/492//#testresult/9e6d2295c25eeed3",
        "status" : "broken",
        "statusDetails" : "selenium.common.exceptions.TimeoutException: Message: Can't find element by locator ('xpath', '//div[@id=\"msg_copypaste\"]')",
        "time" : {
          "start" : 1756950310199,
          "stop" : 1756950317897,
          "duration" : 7698
        }
      }, {
        "uid" : "b6460f39c3029cb1",
        "reportUrl" : "https://lambotik.github.io/Oblache/491//#testresult/b6460f39c3029cb1",
        "status" : "broken",
        "statusDetails" : "selenium.common.exceptions.TimeoutException: Message: Can't find element by locator ('xpath', '//div[@id=\"msg_copypaste\"]')",
        "time" : {
          "start" : 1756863858082,
          "stop" : 1756863865406,
          "duration" : 7324
        }
      }, {
        "uid" : "84ab5f9a79801af1",
        "reportUrl" : "https://lambotik.github.io/Oblache/490//#testresult/84ab5f9a79801af1",
        "status" : "broken",
        "statusDetails" : "selenium.common.exceptions.TimeoutException: Message: Can't find element by locator ('xpath', '//div[@id=\"msg_copypaste\"]')",
        "time" : {
          "start" : 1756777879421,
          "stop" : 1756777886418,
          "duration" : 6997
        }
      }, {
        "uid" : "a7d1f86ce4cc4e80",
        "reportUrl" : "https://lambotik.github.io/Oblache/489//#testresult/a7d1f86ce4cc4e80",
        "status" : "broken",
        "statusDetails" : "selenium.common.exceptions.TimeoutException: Message: Can't find element by locator ('xpath', '//div[@id=\"msg_copypaste\"]')",
        "time" : {
          "start" : 1756692328877,
          "stop" : 1756692336957,
          "duration" : 8080
        }
      }, {
        "uid" : "bc952615324e6692",
        "reportUrl" : "https://lambotik.github.io/Oblache/488//#testresult/bc952615324e6692",
        "status" : "broken",
        "statusDetails" : "selenium.common.exceptions.TimeoutException: Message: Can't find element by locator ('xpath', '//div[@id=\"msg_copypaste\"]')",
        "time" : {
          "start" : 1756605329620,
          "stop" : 1756605337246,
          "duration" : 7626
        }
      }, {
        "uid" : "e059abaf816f049d",
        "reportUrl" : "https://lambotik.github.io/Oblache/487//#testresult/e059abaf816f049d",
        "status" : "broken",
        "statusDetails" : "selenium.common.exceptions.TimeoutException: Message: Can't find element by locator ('xpath', '//button[@id = \"menu_button_databases\"]')\nStacktrace:\n#0 0x55a918db802a <unknown>\n#1 0x55a918857a70 <unknown>\n#2 0x55a9188a9907 <unknown>\n#3 0x55a9188a9b01 <unknown>\n#4 0x55a9188f7d54 <unknown>\n#5 0x55a9188cf40d <unknown>\n#6 0x55a9188f514f <unknown>\n#7 0x55a9188cf1b3 <unknown>\n#8 0x55a91889b59b <unknown>\n#9 0x55a91889c971 <unknown>\n#10 0x55a918d7d1fb <unknown>\n#11 0x55a918d80f49 <unknown>\n#12 0x55a918d642d9 <unknown>\n#13 0x55a918d81af8 <unknown>\n#14 0x55a918d48bbf <unknown>\n#15 0x55a918da50b8 <unknown>\n#16 0x55a918da5296 <unknown>\n#17 0x55a918db7006 <unknown>\n#18 0x7f490789caa4 <unknown>\n#19 0x7f4907929c3c <unknown>",
        "time" : {
          "start" : 1756518211014,
          "stop" : 1756518216138,
          "duration" : 5124
        }
      }, {
        "uid" : "9e7b9e43aa3d94a9",
        "reportUrl" : "https://lambotik.github.io/Oblache/486//#testresult/9e7b9e43aa3d94a9",
        "status" : "broken",
        "statusDetails" : "selenium.common.exceptions.TimeoutException: Message: Can't find elements by locator ('xpath', '//tbody[@id=\"tbody_dbs\"]//tr')",
        "time" : {
          "start" : 1756432130402,
          "stop" : 1756432136487,
          "duration" : 6085
        }
      }, {
        "uid" : "30f2ec2211514c03",
        "reportUrl" : "https://lambotik.github.io/Oblache/485//#testresult/30f2ec2211514c03",
        "status" : "broken",
        "statusDetails" : "selenium.common.exceptions.TimeoutException: Message: Can't find elements by locator ('xpath', '//tbody[@id=\"tbody_dbs\"]//tr')",
        "time" : {
          "start" : 1756345737515,
          "stop" : 1756345743441,
          "duration" : 5926
        }
      }, {
        "uid" : "b79a69a496e615c6",
        "reportUrl" : "https://lambotik.github.io/Oblache/484//#testresult/b79a69a496e615c6",
        "status" : "broken",
        "statusDetails" : "selenium.common.exceptions.TimeoutException: Message: Can't find elements by locator ('xpath', '//tbody[@id=\"tbody_dbs\"]//tr')",
        "time" : {
          "start" : 1756259381193,
          "stop" : 1756259387111,
          "duration" : 5918
        }
      }, {
        "uid" : "a04a3c101ff9a9c0",
        "reportUrl" : "https://lambotik.github.io/Oblache/483//#testresult/a04a3c101ff9a9c0",
        "status" : "broken",
        "statusDetails" : "selenium.common.exceptions.TimeoutException: Message: Can't find elements by locator ('xpath', '//tbody[@id=\"tbody_dbs\"]//tr')",
        "time" : {
          "start" : 1756173210181,
          "stop" : 1756173216686,
          "duration" : 6505
        }
      }, {
        "uid" : "62afcd3a9b58a078",
        "reportUrl" : "https://lambotik.github.io/Oblache/482//#testresult/62afcd3a9b58a078",
        "status" : "broken",
        "statusDetails" : "selenium.common.exceptions.TimeoutException: Message: Can't find elements by locator ('xpath', '//tbody[@id=\"tbody_dbs\"]//tr')",
        "time" : {
          "start" : 1756087027990,
          "stop" : 1756087034082,
          "duration" : 6092
        }
      } ]
    },
    "tags" : [ ]
  },
  "source" : "38f7da69f73bb563.json",
  "parameterValues" : [ ]
}