{
  "uid" : "147cc963471f0496",
  "name" : "test order db create backup non-belonging db",
  "fullName" : "tests_api.test_bd.TestBackup#test_order_db_create_backup_non_belonging_db",
  "historyId" : "46162aec860d9e52ab8a1ce1fe9140b2",
  "time" : {
    "start" : 1757901194995,
    "stop" : 1757901195417,
    "duration" : 422
  },
  "status" : "failed",
  "statusMessage" : "AssertionError: Incorrect status code: 500",
  "statusTrace" : "self = <tests_api.test_bd.TestBackup object at 0x7fc6ac0f9790>\nget_token_backup_1 = ('4cf71c0a-a0f5-4062-afc1-581385ef92b0', {'email': 'testbackup1@gmail.com', 'password': 'ZuOhK0WqZ3CJ8RPaf4dj'}, '066dc8a6-240f-701b-8000-a17ea063eafa')\nget_token_backup_2 = ('424df4aa-85e1-4b3e-aadd-80d239aa25fd', {'email': 'testbackup2@gmail.com', 'password': 'gwqldBUEoNGUiBrKFeVv'}, '066dc8d1-2d0a-753b-8000-ba69b49e1e8c')\n\n    @allure.title('test order db create backup non-belonging db')\n    def test_order_db_create_backup_non_belonging_db(self, get_token_backup_1, get_token_backup_2):\n        token, body, uuid = get_token_backup_1\n        token_2, body_2, uuid_2 = get_token_backup_2\n        response = API.post_db_backup_create(token=token, db_uuid=uuid_2)\n>       Checking.check_status_code(response, 400)\n\ntests_api/test_bd.py:482: \n_ _ _ _ _ _ _ _ _ _ _ _ _ _ _ _ _ _ _ _ _ _ _ _ _ _ _ _ _ _ _ _ _ _ _ _ _ _ _ _ \n\nresult = <Response [500]>, status_code = 400\n\n    @staticmethod\n    def check_status_code(result: requests.models.Response, status_code: int):\n        \"\"\"\n        Method check status code\n        :param result: Response\n        :param status_code:\n        \"\"\"\n        with allure.step(f'Assert status code: {status_code} == Response status code: {result.status_code}'):\n>           assert status_code == result.status_code, f'Incorrect status code: {result.status_code}'\nE           AssertionError: Incorrect status code: 500\n\ntests_api/utils/checking.py:16: AssertionError",
  "flaky" : false,
  "newFailed" : false,
  "beforeStages" : [ {
    "name" : "get_token_backup_1",
    "time" : {
      "start" : 1757901194153,
      "stop" : 1757901194582,
      "duration" : 429
    },
    "status" : "passed",
    "steps" : [ {
      "name" : "Assert status code: 200 == Response status code: 200",
      "time" : {
        "start" : 1757901194582,
        "stop" : 1757901194582,
        "duration" : 0
      },
      "status" : "passed",
      "steps" : [ ],
      "attachments" : [ ],
      "parameters" : [ ],
      "stepsCount" : 0,
      "attachmentsCount" : 0,
      "shouldDisplayMessage" : false,
      "hasContent" : false
    } ],
    "attachments" : [ ],
    "parameters" : [ ],
    "stepsCount" : 1,
    "attachmentsCount" : 0,
    "shouldDisplayMessage" : false,
    "hasContent" : true
  }, {
    "name" : "get_token_backup_2",
    "time" : {
      "start" : 1757901194582,
      "stop" : 1757901194995,
      "duration" : 413
    },
    "status" : "passed",
    "steps" : [ {
      "name" : "Assert status code: 200 == Response status code: 200",
      "time" : {
        "start" : 1757901194995,
        "stop" : 1757901194995,
        "duration" : 0
      },
      "status" : "passed",
      "steps" : [ ],
      "attachments" : [ ],
      "parameters" : [ ],
      "stepsCount" : 0,
      "attachmentsCount" : 0,
      "shouldDisplayMessage" : false,
      "hasContent" : false
    } ],
    "attachments" : [ ],
    "parameters" : [ ],
    "stepsCount" : 1,
    "attachmentsCount" : 0,
    "shouldDisplayMessage" : false,
    "hasContent" : true
  } ],
  "testStage" : {
    "status" : "failed",
    "statusMessage" : "AssertionError: Incorrect status code: 500",
    "statusTrace" : "self = <tests_api.test_bd.TestBackup object at 0x7fc6ac0f9790>\nget_token_backup_1 = ('4cf71c0a-a0f5-4062-afc1-581385ef92b0', {'email': 'testbackup1@gmail.com', 'password': 'ZuOhK0WqZ3CJ8RPaf4dj'}, '066dc8a6-240f-701b-8000-a17ea063eafa')\nget_token_backup_2 = ('424df4aa-85e1-4b3e-aadd-80d239aa25fd', {'email': 'testbackup2@gmail.com', 'password': 'gwqldBUEoNGUiBrKFeVv'}, '066dc8d1-2d0a-753b-8000-ba69b49e1e8c')\n\n    @allure.title('test order db create backup non-belonging db')\n    def test_order_db_create_backup_non_belonging_db(self, get_token_backup_1, get_token_backup_2):\n        token, body, uuid = get_token_backup_1\n        token_2, body_2, uuid_2 = get_token_backup_2\n        response = API.post_db_backup_create(token=token, db_uuid=uuid_2)\n>       Checking.check_status_code(response, 400)\n\ntests_api/test_bd.py:482: \n_ _ _ _ _ _ _ _ _ _ _ _ _ _ _ _ _ _ _ _ _ _ _ _ _ _ _ _ _ _ _ _ _ _ _ _ _ _ _ _ \n\nresult = <Response [500]>, status_code = 400\n\n    @staticmethod\n    def check_status_code(result: requests.models.Response, status_code: int):\n        \"\"\"\n        Method check status code\n        :param result: Response\n        :param status_code:\n        \"\"\"\n        with allure.step(f'Assert status code: {status_code} == Response status code: {result.status_code}'):\n>           assert status_code == result.status_code, f'Incorrect status code: {result.status_code}'\nE           AssertionError: Incorrect status code: 500\n\ntests_api/utils/checking.py:16: AssertionError",
    "steps" : [ {
      "name" : "Endpoint: /db_backup_create",
      "time" : {
        "start" : 1757901195416,
        "stop" : 1757901195416,
        "duration" : 0
      },
      "status" : "passed",
      "steps" : [ ],
      "attachments" : [ ],
      "parameters" : [ ],
      "stepsCount" : 0,
      "attachmentsCount" : 0,
      "shouldDisplayMessage" : false,
      "hasContent" : false
    }, {
      "name" : "Request:",
      "time" : {
        "start" : 1757901195416,
        "stop" : 1757901195416,
        "duration" : 0
      },
      "status" : "passed",
      "steps" : [ {
        "name" : "Headers: {'Content-Type': 'application/json', 'Authorization': {'4cf71c0a-a0f5-4062-afc1-581385ef92b0'}}",
        "time" : {
          "start" : 1757901195416,
          "stop" : 1757901195416,
          "duration" : 0
        },
        "status" : "passed",
        "steps" : [ ],
        "attachments" : [ ],
        "parameters" : [ ],
        "stepsCount" : 0,
        "attachmentsCount" : 0,
        "shouldDisplayMessage" : false,
        "hasContent" : false
      } ],
      "attachments" : [ ],
      "parameters" : [ ],
      "stepsCount" : 1,
      "attachmentsCount" : 0,
      "shouldDisplayMessage" : false,
      "hasContent" : true
    }, {
      "name" : "Response:",
      "time" : {
        "start" : 1757901195416,
        "stop" : 1757901195416,
        "duration" : 0
      },
      "status" : "passed",
      "steps" : [ {
        "name" : "Status code: 500",
        "time" : {
          "start" : 1757901195416,
          "stop" : 1757901195416,
          "duration" : 0
        },
        "status" : "passed",
        "steps" : [ ],
        "attachments" : [ ],
        "parameters" : [ ],
        "stepsCount" : 0,
        "attachmentsCount" : 0,
        "shouldDisplayMessage" : false,
        "hasContent" : false
      }, {
        "name" : "JSON: Some general exception",
        "time" : {
          "start" : 1757901195416,
          "stop" : 1757901195416,
          "duration" : 0
        },
        "status" : "passed",
        "steps" : [ ],
        "attachments" : [ ],
        "parameters" : [ ],
        "stepsCount" : 0,
        "attachmentsCount" : 0,
        "shouldDisplayMessage" : false,
        "hasContent" : false
      } ],
      "attachments" : [ ],
      "parameters" : [ ],
      "stepsCount" : 2,
      "attachmentsCount" : 0,
      "shouldDisplayMessage" : false,
      "hasContent" : true
    }, {
      "name" : "Assert status code: 400 == Response status code: 500",
      "time" : {
        "start" : 1757901195416,
        "stop" : 1757901195416,
        "duration" : 0
      },
      "status" : "failed",
      "statusMessage" : "AssertionError: Incorrect status code: 500\n",
      "statusTrace" : "  File \"/home/runner/work/Oblache/Oblache/tests_api/utils/checking.py\", line 16, in check_status_code\n    assert status_code == result.status_code, f'Incorrect status code: {result.status_code}'\n           ^^^^^^^^^^^^^^^^^^^^^^^^^^^^^^^^^\n",
      "steps" : [ ],
      "attachments" : [ ],
      "parameters" : [ ],
      "stepsCount" : 0,
      "attachmentsCount" : 0,
      "shouldDisplayMessage" : true,
      "hasContent" : true
    } ],
    "attachments" : [ ],
    "parameters" : [ ],
    "stepsCount" : 7,
    "attachmentsCount" : 0,
    "shouldDisplayMessage" : true,
    "hasContent" : true
  },
  "afterStages" : [ ],
  "labels" : [ {
    "name" : "suite",
    "value" : "Test Backup"
  }, {
    "name" : "parentSuite",
    "value" : "tests_api"
  }, {
    "name" : "subSuite",
    "value" : "TestBackup"
  }, {
    "name" : "host",
    "value" : "runnervmf4ws1"
  }, {
    "name" : "thread",
    "value" : "2577-MainThread"
  }, {
    "name" : "framework",
    "value" : "pytest"
  }, {
    "name" : "language",
    "value" : "cpython3"
  }, {
    "name" : "package",
    "value" : "tests_api.test_bd"
  }, {
    "name" : "resultFormat",
    "value" : "allure2"
  } ],
  "parameters" : [ ],
  "links" : [ ],
  "hidden" : false,
  "retry" : false,
  "extra" : {
    "severity" : "normal",
    "retries" : [ ],
    "categories" : [ {
      "name" : "Product defects",
      "matchedStatuses" : [ ],
      "flaky" : false
    } ],
    "history" : {
      "statistic" : {
        "failed" : 63,
        "broken" : 0,
        "skipped" : 0,
        "passed" : 225,
        "unknown" : 0,
        "total" : 288
      },
      "items" : [ {
        "uid" : "2ac72f7490280e76",
        "reportUrl" : "https://lambotik.github.io/Oblache/502//#testresult/2ac72f7490280e76",
        "status" : "failed",
        "statusDetails" : "AssertionError: Incorrect status code: 500",
        "time" : {
          "start" : 1757814673305,
          "stop" : 1757814673815,
          "duration" : 510
        }
      }, {
        "uid" : "2149b25ce10b14d5",
        "reportUrl" : "https://lambotik.github.io/Oblache/501//#testresult/2149b25ce10b14d5",
        "status" : "failed",
        "statusDetails" : "AssertionError: Result is not equal expected value",
        "time" : {
          "start" : 1757727553288,
          "stop" : 1757727553595,
          "duration" : 307
        }
      }, {
        "uid" : "231312957d3b6720",
        "reportUrl" : "https://lambotik.github.io/Oblache/500//#testresult/231312957d3b6720",
        "status" : "failed",
        "statusDetails" : "AssertionError: Result is not equal expected value",
        "time" : {
          "start" : 1757641394242,
          "stop" : 1757641394556,
          "duration" : 314
        }
      }, {
        "uid" : "e3095601dd670159",
        "reportUrl" : "https://lambotik.github.io/Oblache/499//#testresult/e3095601dd670159",
        "status" : "failed",
        "statusDetails" : "AssertionError: Incorrect status code: 500",
        "time" : {
          "start" : 1757555234868,
          "stop" : 1757555235182,
          "duration" : 314
        }
      }, {
        "uid" : "e1c49f7b86c8d878",
        "reportUrl" : "https://lambotik.github.io/Oblache/498//#testresult/e1c49f7b86c8d878",
        "status" : "failed",
        "statusDetails" : "AssertionError: Incorrect status code: 500",
        "time" : {
          "start" : 1757468654586,
          "stop" : 1757468655025,
          "duration" : 439
        }
      }, {
        "uid" : "254a9181c9562ffa",
        "reportUrl" : "https://lambotik.github.io/Oblache/497//#testresult/254a9181c9562ffa",
        "status" : "failed",
        "statusDetails" : "AssertionError: Incorrect status code: 502",
        "time" : {
          "start" : 1757382423609,
          "stop" : 1757382423609,
          "duration" : 0
        }
      }, {
        "uid" : "84828860f1074b0e",
        "reportUrl" : "https://lambotik.github.io/Oblache/496//#testresult/84828860f1074b0e",
        "status" : "failed",
        "statusDetails" : "AssertionError: Incorrect status code: 502",
        "time" : {
          "start" : 1757296260371,
          "stop" : 1757296260371,
          "duration" : 0
        }
      }, {
        "uid" : "291686f1d8f480b2",
        "reportUrl" : "https://lambotik.github.io/Oblache/495//#testresult/291686f1d8f480b2",
        "status" : "failed",
        "statusDetails" : "AssertionError: Result is not equal expected value",
        "time" : {
          "start" : 1757209870977,
          "stop" : 1757209871338,
          "duration" : 361
        }
      }, {
        "uid" : "d2f18cea220c5bb",
        "reportUrl" : "https://lambotik.github.io/Oblache/494//#testresult/d2f18cea220c5bb",
        "status" : "failed",
        "statusDetails" : "AssertionError: Incorrect status code: 500",
        "time" : {
          "start" : 1757122994502,
          "stop" : 1757122994820,
          "duration" : 318
        }
      }, {
        "uid" : "ec893859220c54bb",
        "reportUrl" : "https://lambotik.github.io/Oblache/493//#testresult/ec893859220c54bb",
        "status" : "failed",
        "statusDetails" : "AssertionError: Incorrect status code: 500",
        "time" : {
          "start" : 1757036772418,
          "stop" : 1757036772935,
          "duration" : 517
        }
      }, {
        "uid" : "ee6c93c2c0b431f",
        "reportUrl" : "https://lambotik.github.io/Oblache/492//#testresult/ee6c93c2c0b431f",
        "status" : "failed",
        "statusDetails" : "AssertionError: Incorrect status code: 500",
        "time" : {
          "start" : 1756950257100,
          "stop" : 1756950257606,
          "duration" : 506
        }
      }, {
        "uid" : "25b82a674ca3601f",
        "reportUrl" : "https://lambotik.github.io/Oblache/491//#testresult/25b82a674ca3601f",
        "status" : "failed",
        "statusDetails" : "AssertionError: Incorrect status code: 500",
        "time" : {
          "start" : 1756863790958,
          "stop" : 1756863791320,
          "duration" : 362
        }
      }, {
        "uid" : "df73ab077eb1c48d",
        "reportUrl" : "https://lambotik.github.io/Oblache/490//#testresult/df73ab077eb1c48d",
        "status" : "failed",
        "statusDetails" : "AssertionError: Result is not equal expected value",
        "time" : {
          "start" : 1756777811353,
          "stop" : 1756777811660,
          "duration" : 307
        }
      }, {
        "uid" : "ba9a3bf70329f69e",
        "reportUrl" : "https://lambotik.github.io/Oblache/489//#testresult/ba9a3bf70329f69e",
        "status" : "failed",
        "statusDetails" : "AssertionError: Result is not equal expected value",
        "time" : {
          "start" : 1756692255036,
          "stop" : 1756692255527,
          "duration" : 491
        }
      }, {
        "uid" : "4e09075c1acc80be",
        "reportUrl" : "https://lambotik.github.io/Oblache/488//#testresult/4e09075c1acc80be",
        "status" : "failed",
        "statusDetails" : "AssertionError: Result is not equal expected value",
        "time" : {
          "start" : 1756605255979,
          "stop" : 1756605256479,
          "duration" : 500
        }
      }, {
        "uid" : "f967cbc06681c72e",
        "reportUrl" : "https://lambotik.github.io/Oblache/487//#testresult/f967cbc06681c72e",
        "status" : "failed",
        "statusDetails" : "AssertionError: Incorrect status code: 502",
        "time" : {
          "start" : 1756518161514,
          "stop" : 1756518161514,
          "duration" : 0
        }
      }, {
        "uid" : "479eba0af5c52642",
        "reportUrl" : "https://lambotik.github.io/Oblache/486//#testresult/479eba0af5c52642",
        "status" : "failed",
        "statusDetails" : "AssertionError: Incorrect status code: 500",
        "time" : {
          "start" : 1756432077665,
          "stop" : 1756432078040,
          "duration" : 375
        }
      }, {
        "uid" : "b6c0b3624684be0d",
        "reportUrl" : "https://lambotik.github.io/Oblache/485//#testresult/b6c0b3624684be0d",
        "status" : "failed",
        "statusDetails" : "AssertionError: Result is not equal expected value",
        "time" : {
          "start" : 1756345685800,
          "stop" : 1756345686114,
          "duration" : 314
        }
      }, {
        "uid" : "1034536f8f3280a4",
        "reportUrl" : "https://lambotik.github.io/Oblache/484//#testresult/1034536f8f3280a4",
        "status" : "failed",
        "statusDetails" : "AssertionError: Incorrect status code: 500",
        "time" : {
          "start" : 1756259330627,
          "stop" : 1756259330936,
          "duration" : 309
        }
      }, {
        "uid" : "cc9d442afd2adf25",
        "reportUrl" : "https://lambotik.github.io/Oblache/483//#testresult/cc9d442afd2adf25",
        "status" : "failed",
        "statusDetails" : "AssertionError: Incorrect status code: 500",
        "time" : {
          "start" : 1756173154793,
          "stop" : 1756173155259,
          "duration" : 466
        }
      } ]
    },
    "tags" : [ ]
  },
  "source" : "147cc963471f0496.json",
  "parameterValues" : [ ]
}