{
  "uid" : "66434ce1fa839c44",
  "name" : "test_create_database",
  "fullName" : "tests_ui.test_ui.TestProfilePage#test_create_database",
  "historyId" : "4762f7b87391625d86f9ea8dbdd3b406",
  "time" : {
    "start" : 1757901233988,
    "stop" : 1757901242720,
    "duration" : 8732
  },
  "status" : "broken",
  "statusMessage" : "selenium.common.exceptions.TimeoutException: Message: Can't find element by locator ('xpath', '//div[@id=\"msg_from_server\"]')",
  "statusTrace" : "self = <tests_ui.test_ui.TestProfilePage object at 0x7fc6abff4170>\ndriver = <selenium.webdriver.chrome.webdriver.WebDriver (session=\"55918b5e9c7f4bb97e2c3b51e82a8952\")>\nauthorization_user = None\n\n    @allure.title('test_create_database')\n    def test_create_database(self, driver, authorization_user):\n        page = ProfilePage(driver, authorization_user)\n>       page.compare_database_status()\n\ntests_ui/test_ui.py:83: \n_ _ _ _ _ _ _ _ _ _ _ _ _ _ _ _ _ _ _ _ _ _ _ _ _ _ _ _ _ _ _ _ _ _ _ _ _ _ _ _ \ntests_ui/profile_page.py:150: in compare_database_status\n    msg = self.element_is_visible(self.locators.MSG_FROM_SERVER).text\ntests_ui/base_page.py:34: in element_is_visible\n    return Wait(self.driver, self.timeout).until(\n_ _ _ _ _ _ _ _ _ _ _ _ _ _ _ _ _ _ _ _ _ _ _ _ _ _ _ _ _ _ _ _ _ _ _ _ _ _ _ _ \n\nself = <selenium.webdriver.support.wait.WebDriverWait (session=\"55918b5e9c7f4bb97e2c3b51e82a8952\")>\nmethod = <function visibility_of_element_located.<locals>._predicate at 0x7fc6ac0737e0>\nmessage = 'Can\\'t find element by locator (\\'xpath\\', \\'//div[@id=\"msg_from_server\"]\\')'\n\n    def until(self, method: Callable[[D], Union[Literal[False], T]], message: str = \"\") -> T:\n        \"\"\"Calls the method provided with the driver as an argument until the \\\n        return value does not evaluate to ``False``.\n    \n        :param method: callable(WebDriver)\n        :param message: optional message for :exc:`TimeoutException`\n        :returns: the result of the last call to `method`\n        :raises: :exc:`selenium.common.exceptions.TimeoutException` if timeout occurs\n        \"\"\"\n        screen = None\n        stacktrace = None\n    \n        end_time = time.monotonic() + self._timeout\n        while True:\n            try:\n                value = method(self._driver)\n                if value:\n                    return value\n            except self._ignored_exceptions as exc:\n                screen = getattr(exc, \"screen\", None)\n                stacktrace = getattr(exc, \"stacktrace\", None)\n            time.sleep(self._poll)\n            if time.monotonic() > end_time:\n                break\n>       raise TimeoutException(message, screen, stacktrace)\nE       selenium.common.exceptions.TimeoutException: Message: Can't find element by locator ('xpath', '//div[@id=\"msg_from_server\"]')\n\n/opt/hostedtoolcache/Python/3.12.11/x64/lib/python3.12/site-packages/selenium/webdriver/support/wait.py:105: TimeoutException",
  "flaky" : false,
  "newFailed" : false,
  "beforeStages" : [ {
    "name" : "driver",
    "time" : {
      "start" : 1757901233114,
      "stop" : 1757901233373,
      "duration" : 259
    },
    "status" : "passed",
    "steps" : [ ],
    "attachments" : [ ],
    "parameters" : [ ],
    "stepsCount" : 0,
    "attachmentsCount" : 0,
    "shouldDisplayMessage" : false,
    "hasContent" : false
  }, {
    "name" : "authorization_user",
    "time" : {
      "start" : 1757901233374,
      "stop" : 1757901233988,
      "duration" : 614
    },
    "status" : "passed",
    "steps" : [ {
      "name" : "Open page: https://oblache.areso.pro/register.html",
      "time" : {
        "start" : 1757901233374,
        "stop" : 1757901233792,
        "duration" : 418
      },
      "status" : "passed",
      "steps" : [ ],
      "attachments" : [ ],
      "parameters" : [ ],
      "stepsCount" : 0,
      "attachmentsCount" : 0,
      "shouldDisplayMessage" : false,
      "hasContent" : false
    }, {
      "name" : "Login user",
      "time" : {
        "start" : 1757901233792,
        "stop" : 1757901233988,
        "duration" : 196
      },
      "status" : "passed",
      "steps" : [ {
        "name" : "Enter email.",
        "time" : {
          "start" : 1757901233792,
          "stop" : 1757901233852,
          "duration" : 60
        },
        "status" : "passed",
        "steps" : [ ],
        "attachments" : [ ],
        "parameters" : [ ],
        "stepsCount" : 0,
        "attachmentsCount" : 0,
        "shouldDisplayMessage" : false,
        "hasContent" : false
      }, {
        "name" : "Enter password.",
        "time" : {
          "start" : 1757901233852,
          "stop" : 1757901233898,
          "duration" : 46
        },
        "status" : "passed",
        "steps" : [ ],
        "attachments" : [ ],
        "parameters" : [ ],
        "stepsCount" : 0,
        "attachmentsCount" : 0,
        "shouldDisplayMessage" : false,
        "hasContent" : false
      }, {
        "name" : "Click button \"Login\"",
        "time" : {
          "start" : 1757901233898,
          "stop" : 1757901233985,
          "duration" : 87
        },
        "status" : "passed",
        "steps" : [ ],
        "attachments" : [ ],
        "parameters" : [ ],
        "stepsCount" : 0,
        "attachmentsCount" : 0,
        "shouldDisplayMessage" : false,
        "hasContent" : false
      }, {
        "name" : "Check url is present: https://oblache.areso.pro/register.html",
        "time" : {
          "start" : 1757901233985,
          "stop" : 1757901233988,
          "duration" : 3
        },
        "status" : "passed",
        "steps" : [ ],
        "attachments" : [ ],
        "parameters" : [ ],
        "stepsCount" : 0,
        "attachmentsCount" : 0,
        "shouldDisplayMessage" : false,
        "hasContent" : false
      } ],
      "attachments" : [ ],
      "parameters" : [ ],
      "stepsCount" : 4,
      "attachmentsCount" : 0,
      "shouldDisplayMessage" : false,
      "hasContent" : true
    } ],
    "attachments" : [ ],
    "parameters" : [ ],
    "stepsCount" : 6,
    "attachmentsCount" : 0,
    "shouldDisplayMessage" : false,
    "hasContent" : true
  } ],
  "testStage" : {
    "status" : "broken",
    "statusMessage" : "selenium.common.exceptions.TimeoutException: Message: Can't find element by locator ('xpath', '//div[@id=\"msg_from_server\"]')",
    "statusTrace" : "self = <tests_ui.test_ui.TestProfilePage object at 0x7fc6abff4170>\ndriver = <selenium.webdriver.chrome.webdriver.WebDriver (session=\"55918b5e9c7f4bb97e2c3b51e82a8952\")>\nauthorization_user = None\n\n    @allure.title('test_create_database')\n    def test_create_database(self, driver, authorization_user):\n        page = ProfilePage(driver, authorization_user)\n>       page.compare_database_status()\n\ntests_ui/test_ui.py:83: \n_ _ _ _ _ _ _ _ _ _ _ _ _ _ _ _ _ _ _ _ _ _ _ _ _ _ _ _ _ _ _ _ _ _ _ _ _ _ _ _ \ntests_ui/profile_page.py:150: in compare_database_status\n    msg = self.element_is_visible(self.locators.MSG_FROM_SERVER).text\ntests_ui/base_page.py:34: in element_is_visible\n    return Wait(self.driver, self.timeout).until(\n_ _ _ _ _ _ _ _ _ _ _ _ _ _ _ _ _ _ _ _ _ _ _ _ _ _ _ _ _ _ _ _ _ _ _ _ _ _ _ _ \n\nself = <selenium.webdriver.support.wait.WebDriverWait (session=\"55918b5e9c7f4bb97e2c3b51e82a8952\")>\nmethod = <function visibility_of_element_located.<locals>._predicate at 0x7fc6ac0737e0>\nmessage = 'Can\\'t find element by locator (\\'xpath\\', \\'//div[@id=\"msg_from_server\"]\\')'\n\n    def until(self, method: Callable[[D], Union[Literal[False], T]], message: str = \"\") -> T:\n        \"\"\"Calls the method provided with the driver as an argument until the \\\n        return value does not evaluate to ``False``.\n    \n        :param method: callable(WebDriver)\n        :param message: optional message for :exc:`TimeoutException`\n        :returns: the result of the last call to `method`\n        :raises: :exc:`selenium.common.exceptions.TimeoutException` if timeout occurs\n        \"\"\"\n        screen = None\n        stacktrace = None\n    \n        end_time = time.monotonic() + self._timeout\n        while True:\n            try:\n                value = method(self._driver)\n                if value:\n                    return value\n            except self._ignored_exceptions as exc:\n                screen = getattr(exc, \"screen\", None)\n                stacktrace = getattr(exc, \"stacktrace\", None)\n            time.sleep(self._poll)\n            if time.monotonic() > end_time:\n                break\n>       raise TimeoutException(message, screen, stacktrace)\nE       selenium.common.exceptions.TimeoutException: Message: Can't find element by locator ('xpath', '//div[@id=\"msg_from_server\"]')\n\n/opt/hostedtoolcache/Python/3.12.11/x64/lib/python3.12/site-packages/selenium/webdriver/support/wait.py:105: TimeoutException",
    "steps" : [ {
      "name" : "Click button Status.",
      "time" : {
        "start" : 1757901234988,
        "stop" : 1757901235159,
        "duration" : 171
      },
      "status" : "passed",
      "steps" : [ ],
      "attachments" : [ ],
      "parameters" : [ ],
      "stepsCount" : 0,
      "attachmentsCount" : 0,
      "shouldDisplayMessage" : false,
      "hasContent" : false
    }, {
      "name" : "Get status data.",
      "time" : {
        "start" : 1757901235713,
        "stop" : 1757901235713,
        "duration" : 0
      },
      "status" : "passed",
      "steps" : [ {
        "name" : "Status data is: {'Email:': 'nodata', 'is blocked?': 'nodata', 'is db creation allowed?': 'nodata', 'disk db quota, mb': 'nodata', 'disk db used, mb': 'nodata', 'db qty quota': 'nodata', 'db qty used': 'nodata', 'site qty quota': 'nodata', 'site qty used': 'nodata', 'site disk quota': 'nodata', 'site disk usage': 'nodata', 'is site deploy allowed?': 'nodata', 'container qty quota': 'nodata', 'container qty used': '1147', 'is container creation allowed': '0'}",
        "time" : {
          "start" : 1757901235713,
          "stop" : 1757901235713,
          "duration" : 0
        },
        "status" : "passed",
        "steps" : [ ],
        "attachments" : [ ],
        "parameters" : [ ],
        "stepsCount" : 0,
        "attachmentsCount" : 0,
        "shouldDisplayMessage" : false,
        "hasContent" : false
      } ],
      "attachments" : [ ],
      "parameters" : [ ],
      "stepsCount" : 1,
      "attachmentsCount" : 0,
      "shouldDisplayMessage" : false,
      "hasContent" : true
    }, {
      "name" : "Click \"Databases\" button.",
      "time" : {
        "start" : 1757901235713,
        "stop" : 1757901235779,
        "duration" : 66
      },
      "status" : "passed",
      "steps" : [ ],
      "attachments" : [ ],
      "parameters" : [ ],
      "stepsCount" : 0,
      "attachmentsCount" : 0,
      "shouldDisplayMessage" : false,
      "hasContent" : false
    }, {
      "name" : "Click \"Create new DB\" button.",
      "time" : {
        "start" : 1757901235779,
        "stop" : 1757901235855,
        "duration" : 76
      },
      "status" : "passed",
      "steps" : [ ],
      "attachments" : [ ],
      "parameters" : [ ],
      "stepsCount" : 0,
      "attachmentsCount" : 0,
      "shouldDisplayMessage" : false,
      "hasContent" : false
    }, {
      "name" : "Select region \"CIS\".",
      "time" : {
        "start" : 1757901235855,
        "stop" : 1757901237512,
        "duration" : 1657
      },
      "status" : "passed",
      "steps" : [ ],
      "attachments" : [ ],
      "parameters" : [ ],
      "stepsCount" : 0,
      "attachmentsCount" : 0,
      "shouldDisplayMessage" : false,
      "hasContent" : false
    }, {
      "name" : "Click \"Create\" button.",
      "time" : {
        "start" : 1757901237512,
        "stop" : 1757901237576,
        "duration" : 64
      },
      "status" : "passed",
      "steps" : [ ],
      "attachments" : [ ],
      "parameters" : [ ],
      "stepsCount" : 0,
      "attachmentsCount" : 0,
      "shouldDisplayMessage" : false,
      "hasContent" : false
    } ],
    "attachments" : [ {
      "uid" : "acadd9c692db890a",
      "name" : "Screenshot 2025-09-15 01:54:02.782120",
      "source" : "acadd9c692db890a.png",
      "type" : "image/png",
      "size" : 28304
    } ],
    "parameters" : [ ],
    "stepsCount" : 7,
    "attachmentsCount" : 1,
    "shouldDisplayMessage" : true,
    "hasContent" : true
  },
  "afterStages" : [ {
    "name" : "driver::0",
    "time" : {
      "start" : 1757901242783,
      "stop" : 1757901242843,
      "duration" : 60
    },
    "status" : "passed",
    "steps" : [ ],
    "attachments" : [ ],
    "parameters" : [ ],
    "stepsCount" : 0,
    "attachmentsCount" : 0,
    "shouldDisplayMessage" : false,
    "hasContent" : false
  } ],
  "labels" : [ {
    "name" : "suite",
    "value" : "Test Profile Page."
  }, {
    "name" : "parentSuite",
    "value" : "tests_ui"
  }, {
    "name" : "subSuite",
    "value" : "TestProfilePage"
  }, {
    "name" : "host",
    "value" : "runnervmf4ws1"
  }, {
    "name" : "thread",
    "value" : "2577-MainThread"
  }, {
    "name" : "framework",
    "value" : "pytest"
  }, {
    "name" : "language",
    "value" : "cpython3"
  }, {
    "name" : "package",
    "value" : "tests_ui.test_ui"
  }, {
    "name" : "resultFormat",
    "value" : "allure2"
  } ],
  "parameters" : [ ],
  "links" : [ ],
  "hidden" : false,
  "retry" : false,
  "extra" : {
    "severity" : "normal",
    "retries" : [ ],
    "categories" : [ {
      "name" : "Test defects",
      "matchedStatuses" : [ ],
      "flaky" : false
    } ],
    "history" : {
      "statistic" : {
        "failed" : 0,
        "broken" : 279,
        "skipped" : 0,
        "passed" : 3,
        "unknown" : 0,
        "total" : 282
      },
      "items" : [ {
        "uid" : "c8c41e96e5cff4ac",
        "reportUrl" : "https://lambotik.github.io/Oblache/502//#testresult/c8c41e96e5cff4ac",
        "status" : "broken",
        "statusDetails" : "selenium.common.exceptions.TimeoutException: Message: Can't find element by locator ('xpath', '//div[@id=\"msg_from_server\"]')",
        "time" : {
          "start" : 1757814714285,
          "stop" : 1757814723298,
          "duration" : 9013
        }
      }, {
        "uid" : "5f8276be9332ca8d",
        "reportUrl" : "https://lambotik.github.io/Oblache/501//#testresult/5f8276be9332ca8d",
        "status" : "broken",
        "statusDetails" : "selenium.common.exceptions.TimeoutException: Message: Can't find element by locator ('xpath', '//div[@id=\"msg_from_server\"]')",
        "time" : {
          "start" : 1757727588317,
          "stop" : 1757727596516,
          "duration" : 8199
        }
      }, {
        "uid" : "b1bbb2ffa0552181",
        "reportUrl" : "https://lambotik.github.io/Oblache/500//#testresult/b1bbb2ffa0552181",
        "status" : "broken",
        "statusDetails" : "selenium.common.exceptions.TimeoutException: Message: Can't find element by locator ('xpath', '//div[@id=\"msg_from_server\"]')",
        "time" : {
          "start" : 1757641427363,
          "stop" : 1757641435427,
          "duration" : 8064
        }
      }, {
        "uid" : "f36535cc475553d9",
        "reportUrl" : "https://lambotik.github.io/Oblache/499//#testresult/f36535cc475553d9",
        "status" : "broken",
        "statusDetails" : "selenium.common.exceptions.TimeoutException: Message: Can't find element by locator ('xpath', '//div[@id=\"msg_from_server\"]')",
        "time" : {
          "start" : 1757555270734,
          "stop" : 1757555278842,
          "duration" : 8108
        }
      }, {
        "uid" : "41891ac25daf90a2",
        "reportUrl" : "https://lambotik.github.io/Oblache/498//#testresult/41891ac25daf90a2",
        "status" : "broken",
        "statusDetails" : "selenium.common.exceptions.TimeoutException: Message: Can't find element by locator ('xpath', '//div[@id=\"msg_from_server\"]')",
        "time" : {
          "start" : 1757468696504,
          "stop" : 1757468705287,
          "duration" : 8783
        }
      }, {
        "uid" : "80508152140912df",
        "reportUrl" : "https://lambotik.github.io/Oblache/497//#testresult/80508152140912df",
        "status" : "broken",
        "statusDetails" : "selenium.common.exceptions.TimeoutException: Message: Can't find element by locator ('xpath', '//button[@id=\"menu_button_status\"]')\nStacktrace:\n#0 0x55c54214308a <unknown>\n#1 0x55c541be2a70 <unknown>\n#2 0x55c541c34907 <unknown>\n#3 0x55c541c34b01 <unknown>\n#4 0x55c541c82d54 <unknown>\n#5 0x55c541c5a40d <unknown>\n#6 0x55c541c8014f <unknown>\n#7 0x55c541c5a1b3 <unknown>\n#8 0x55c541c2659b <unknown>\n#9 0x55c541c27971 <unknown>\n#10 0x55c54210825b <unknown>\n#11 0x55c54210bfa9 <unknown>\n#12 0x55c5420ef339 <unknown>\n#13 0x55c54210cb58 <unknown>\n#14 0x55c5420d3c1f <unknown>\n#15 0x55c542130118 <unknown>\n#16 0x55c5421302f6 <unknown>\n#17 0x55c542142066 <unknown>\n#18 0x7fefee69caa4 <unknown>\n#19 0x7fefee729c3c <unknown>",
        "time" : {
          "start" : 1757382459602,
          "stop" : 1757382465734,
          "duration" : 6132
        }
      }, {
        "uid" : "d8ffa8a905d16c9b",
        "reportUrl" : "https://lambotik.github.io/Oblache/496//#testresult/d8ffa8a905d16c9b",
        "status" : "broken",
        "statusDetails" : "selenium.common.exceptions.TimeoutException: Message: Can't find element by locator ('xpath', '//button[@id=\"menu_button_status\"]')\nStacktrace:\n#0 0x55b76913508a <unknown>\n#1 0x55b768bd4a70 <unknown>\n#2 0x55b768c26907 <unknown>\n#3 0x55b768c26b01 <unknown>\n#4 0x55b768c74d54 <unknown>\n#5 0x55b768c4c40d <unknown>\n#6 0x55b768c7214f <unknown>\n#7 0x55b768c4c1b3 <unknown>\n#8 0x55b768c1859b <unknown>\n#9 0x55b768c19971 <unknown>\n#10 0x55b7690fa25b <unknown>\n#11 0x55b7690fdfa9 <unknown>\n#12 0x55b7690e1339 <unknown>\n#13 0x55b7690feb58 <unknown>\n#14 0x55b7690c5c1f <unknown>\n#15 0x55b769122118 <unknown>\n#16 0x55b7691222f6 <unknown>\n#17 0x55b769134066 <unknown>\n#18 0x7f33a569caa4 <unknown>\n#19 0x7f33a5729c3c <unknown>",
        "time" : {
          "start" : 1757296314634,
          "stop" : 1757296320759,
          "duration" : 6125
        }
      }, {
        "uid" : "c17920ab54a88775",
        "reportUrl" : "https://lambotik.github.io/Oblache/495//#testresult/c17920ab54a88775",
        "status" : "broken",
        "statusDetails" : "selenium.common.exceptions.TimeoutException: Message: Can't find element by locator ('xpath', '//div[@id=\"msg_from_server\"]')",
        "time" : {
          "start" : 1757209905464,
          "stop" : 1757209913627,
          "duration" : 8163
        }
      }, {
        "uid" : "b6f17b62c9f8ca67",
        "reportUrl" : "https://lambotik.github.io/Oblache/494//#testresult/b6f17b62c9f8ca67",
        "status" : "broken",
        "statusDetails" : "selenium.common.exceptions.TimeoutException: Message: Can't find element by locator ('xpath', '//div[@id=\"msg_from_server\"]')",
        "time" : {
          "start" : 1757123028481,
          "stop" : 1757123036688,
          "duration" : 8207
        }
      }, {
        "uid" : "f937e66b1827392f",
        "reportUrl" : "https://lambotik.github.io/Oblache/493//#testresult/f937e66b1827392f",
        "status" : "broken",
        "statusDetails" : "selenium.common.exceptions.TimeoutException: Message: Can't find element by locator ('xpath', '//div[@id=\"msg_from_server\"]')",
        "time" : {
          "start" : 1757036810501,
          "stop" : 1757036819433,
          "duration" : 8932
        }
      }, {
        "uid" : "fb50696edac19860",
        "reportUrl" : "https://lambotik.github.io/Oblache/492//#testresult/fb50696edac19860",
        "status" : "broken",
        "statusDetails" : "selenium.common.exceptions.TimeoutException: Message: Can't find element by locator ('xpath', '//div[@id=\"msg_from_server\"]')",
        "time" : {
          "start" : 1756950295261,
          "stop" : 1756950304316,
          "duration" : 9055
        }
      }, {
        "uid" : "986dd5f096073bd4",
        "reportUrl" : "https://lambotik.github.io/Oblache/491//#testresult/986dd5f096073bd4",
        "status" : "broken",
        "statusDetails" : "selenium.common.exceptions.TimeoutException: Message: Can't find element by locator ('xpath', '//div[@id=\"msg_from_server\"]')",
        "time" : {
          "start" : 1756863844264,
          "stop" : 1756863852624,
          "duration" : 8360
        }
      }, {
        "uid" : "236b539b0764102b",
        "reportUrl" : "https://lambotik.github.io/Oblache/490//#testresult/236b539b0764102b",
        "status" : "broken",
        "statusDetails" : "selenium.common.exceptions.TimeoutException: Message: Can't find element by locator ('xpath', '//div[@id=\"msg_from_server\"]')",
        "time" : {
          "start" : 1756777844441,
          "stop" : 1756777852614,
          "duration" : 8173
        }
      }, {
        "uid" : "99148550f55225e6",
        "reportUrl" : "https://lambotik.github.io/Oblache/489//#testresult/99148550f55225e6",
        "status" : "broken",
        "statusDetails" : "selenium.common.exceptions.TimeoutException: Message: Can't find element by locator ('xpath', '//div[@id=\"msg_from_server\"]')",
        "time" : {
          "start" : 1756692292480,
          "stop" : 1756692301493,
          "duration" : 9013
        }
      }, {
        "uid" : "4947717f7f48b10b",
        "reportUrl" : "https://lambotik.github.io/Oblache/488//#testresult/4947717f7f48b10b",
        "status" : "broken",
        "statusDetails" : "selenium.common.exceptions.TimeoutException: Message: Can't find element by locator ('xpath', '//div[@id=\"msg_from_server\"]')",
        "time" : {
          "start" : 1756605293405,
          "stop" : 1756605302311,
          "duration" : 8906
        }
      }, {
        "uid" : "ebc6b1f1399c85b8",
        "reportUrl" : "https://lambotik.github.io/Oblache/487//#testresult/ebc6b1f1399c85b8",
        "status" : "broken",
        "statusDetails" : "selenium.common.exceptions.TimeoutException: Message: Can't find element by locator ('xpath', '//button[@id=\"menu_button_status\"]')\nStacktrace:\n#0 0x556db515e02a <unknown>\n#1 0x556db4bfda70 <unknown>\n#2 0x556db4c4f907 <unknown>\n#3 0x556db4c4fb01 <unknown>\n#4 0x556db4c9dd54 <unknown>\n#5 0x556db4c7540d <unknown>\n#6 0x556db4c9b14f <unknown>\n#7 0x556db4c751b3 <unknown>\n#8 0x556db4c4159b <unknown>\n#9 0x556db4c42971 <unknown>\n#10 0x556db51231fb <unknown>\n#11 0x556db5126f49 <unknown>\n#12 0x556db510a2d9 <unknown>\n#13 0x556db5127af8 <unknown>\n#14 0x556db50eebbf <unknown>\n#15 0x556db514b0b8 <unknown>\n#16 0x556db514b296 <unknown>\n#17 0x556db515d006 <unknown>\n#18 0x7fd63509caa4 <unknown>\n#19 0x7fd635129c3c <unknown>",
        "time" : {
          "start" : 1756518197000,
          "stop" : 1756518203124,
          "duration" : 6124
        }
      }, {
        "uid" : "be823f1765e2e31a",
        "reportUrl" : "https://lambotik.github.io/Oblache/486//#testresult/be823f1765e2e31a",
        "status" : "broken",
        "statusDetails" : "selenium.common.exceptions.TimeoutException: Message: Can't find element by locator ('xpath', '//div[@id=\"msg_from_server\"]')",
        "time" : {
          "start" : 1756432112527,
          "stop" : 1756432120661,
          "duration" : 8134
        }
      }, {
        "uid" : "531d1673b39291b9",
        "reportUrl" : "https://lambotik.github.io/Oblache/485//#testresult/531d1673b39291b9",
        "status" : "broken",
        "statusDetails" : "selenium.common.exceptions.TimeoutException: Message: Can't find element by locator ('xpath', '//div[@id=\"msg_from_server\"]')",
        "time" : {
          "start" : 1756345719732,
          "stop" : 1756345727879,
          "duration" : 8147
        }
      }, {
        "uid" : "4025a311836e153d",
        "reportUrl" : "https://lambotik.github.io/Oblache/484//#testresult/4025a311836e153d",
        "status" : "broken",
        "statusDetails" : "selenium.common.exceptions.TimeoutException: Message: Can't find element by locator ('xpath', '//div[@id=\"msg_from_server\"]')",
        "time" : {
          "start" : 1756259363372,
          "stop" : 1756259371530,
          "duration" : 8158
        }
      }, {
        "uid" : "765f8441bfca4942",
        "reportUrl" : "https://lambotik.github.io/Oblache/483//#testresult/765f8441bfca4942",
        "status" : "broken",
        "statusDetails" : "selenium.common.exceptions.TimeoutException: Message: Can't find element by locator ('xpath', '//div[@id=\"msg_from_server\"]')",
        "time" : {
          "start" : 1756173191118,
          "stop" : 1756173199984,
          "duration" : 8866
        }
      } ]
    },
    "tags" : [ ]
  },
  "source" : "66434ce1fa839c44.json",
  "parameterValues" : [ ]
}