{
  "uid" : "b5d6b88868b5976e",
  "name" : "test_open_static_site_page",
  "fullName" : "tests_ui.test_ui.TestProfilePage#test_open_statistic_page",
  "historyId" : "d5ae1e2d5dedc1997262906d6ec2db80",
  "time" : {
    "start" : 1757901221588,
    "stop" : 1757901226764,
    "duration" : 5176
  },
  "status" : "broken",
  "statusMessage" : "selenium.common.exceptions.TimeoutException: Message: Can't find element by locator ('xpath', '//button[@id=\"menu_button_webpages\"]')\nStacktrace:\n#0 0x5557b271c94a <unknown>\n#1 0x5557b21918a0 <unknown>\n#2 0x5557b21e3540 <unknown>\n#3 0x5557b21e3731 <unknown>\n#4 0x5557b2231824 <unknown>\n#5 0x5557b220905d <unknown>\n#6 0x5557b222ec23 <unknown>\n#7 0x5557b2208e03 <unknown>\n#8 0x5557b21d5968 <unknown>\n#9 0x5557b21d65e1 <unknown>\n#10 0x5557b26e0548 <unknown>\n#11 0x5557b26e4272 <unknown>\n#12 0x5557b26c7313 <unknown>\n#13 0x5557b26e4dc5 <unknown>\n#14 0x5557b26ac49f <unknown>\n#15 0x5557b2709158 <unknown>\n#16 0x5557b2709332 <unknown>\n#17 0x5557b271ba53 <unknown>\n#18 0x7ff13a89caa4 <unknown>\n#19 0x7ff13a929c3c <unknown>",
  "statusTrace" : "self = <tests_ui.test_ui.TestProfilePage object at 0x7fc6ac0fbe60>\ndriver = <selenium.webdriver.chrome.webdriver.WebDriver (session=\"06cd8a1f2adf0102dd78eca1364327e7\")>\nauthorization_user = None\n\n    @allure.title('test_open_static_site_page')\n    def test_open_statistic_page(self, driver, authorization_user):\n        page = ProfilePage(driver)\n>       page.click_static_site_button()\n\ntests_ui/test_ui.py:69: \n_ _ _ _ _ _ _ _ _ _ _ _ _ _ _ _ _ _ _ _ _ _ _ _ _ _ _ _ _ _ _ _ _ _ _ _ _ _ _ _ \ntests_ui/profile_page.py:40: in click_static_site_button\n    return self.element_is_present_and_clickable(self.locators.STATIC_BUTTON).click()\ntests_ui/base_page.py:28: in element_is_present_and_clickable\n    return (Wait(self.driver, self.timeout).until(\n_ _ _ _ _ _ _ _ _ _ _ _ _ _ _ _ _ _ _ _ _ _ _ _ _ _ _ _ _ _ _ _ _ _ _ _ _ _ _ _ \n\nself = <selenium.webdriver.support.wait.WebDriverWait (session=\"06cd8a1f2adf0102dd78eca1364327e7\")>\nmethod = <function visibility_of_element_located.<locals>._predicate at 0x7fc6ac070360>\nmessage = 'Can\\'t find element by locator (\\'xpath\\', \\'//button[@id=\"menu_button_webpages\"]\\')'\n\n    def until(self, method: Callable[[D], Union[Literal[False], T]], message: str = \"\") -> T:\n        \"\"\"Calls the method provided with the driver as an argument until the \\\n        return value does not evaluate to ``False``.\n    \n        :param method: callable(WebDriver)\n        :param message: optional message for :exc:`TimeoutException`\n        :returns: the result of the last call to `method`\n        :raises: :exc:`selenium.common.exceptions.TimeoutException` if timeout occurs\n        \"\"\"\n        screen = None\n        stacktrace = None\n    \n        end_time = time.monotonic() + self._timeout\n        while True:\n            try:\n                value = method(self._driver)\n                if value:\n                    return value\n            except self._ignored_exceptions as exc:\n                screen = getattr(exc, \"screen\", None)\n                stacktrace = getattr(exc, \"stacktrace\", None)\n            time.sleep(self._poll)\n            if time.monotonic() > end_time:\n                break\n>       raise TimeoutException(message, screen, stacktrace)\nE       selenium.common.exceptions.TimeoutException: Message: Can't find element by locator ('xpath', '//button[@id=\"menu_button_webpages\"]')\nE       Stacktrace:\nE       #0 0x5557b271c94a <unknown>\nE       #1 0x5557b21918a0 <unknown>\nE       #2 0x5557b21e3540 <unknown>\nE       #3 0x5557b21e3731 <unknown>\nE       #4 0x5557b2231824 <unknown>\nE       #5 0x5557b220905d <unknown>\nE       #6 0x5557b222ec23 <unknown>\nE       #7 0x5557b2208e03 <unknown>\nE       #8 0x5557b21d5968 <unknown>\nE       #9 0x5557b21d65e1 <unknown>\nE       #10 0x5557b26e0548 <unknown>\nE       #11 0x5557b26e4272 <unknown>\nE       #12 0x5557b26c7313 <unknown>\nE       #13 0x5557b26e4dc5 <unknown>\nE       #14 0x5557b26ac49f <unknown>\nE       #15 0x5557b2709158 <unknown>\nE       #16 0x5557b2709332 <unknown>\nE       #17 0x5557b271ba53 <unknown>\nE       #18 0x7ff13a89caa4 <unknown>\nE       #19 0x7ff13a929c3c <unknown>\n\n/opt/hostedtoolcache/Python/3.12.11/x64/lib/python3.12/site-packages/selenium/webdriver/support/wait.py:105: TimeoutException",
  "flaky" : false,
  "newFailed" : false,
  "beforeStages" : [ {
    "name" : "authorization_user",
    "time" : {
      "start" : 1757901220980,
      "stop" : 1757901221588,
      "duration" : 608
    },
    "status" : "passed",
    "steps" : [ {
      "name" : "Open page: https://oblache.areso.pro/register.html",
      "time" : {
        "start" : 1757901220981,
        "stop" : 1757901221393,
        "duration" : 412
      },
      "status" : "passed",
      "steps" : [ ],
      "attachments" : [ ],
      "parameters" : [ ],
      "stepsCount" : 0,
      "attachmentsCount" : 0,
      "shouldDisplayMessage" : false,
      "hasContent" : false
    }, {
      "name" : "Login user",
      "time" : {
        "start" : 1757901221393,
        "stop" : 1757901221588,
        "duration" : 195
      },
      "status" : "passed",
      "steps" : [ {
        "name" : "Enter email.",
        "time" : {
          "start" : 1757901221393,
          "stop" : 1757901221453,
          "duration" : 60
        },
        "status" : "passed",
        "steps" : [ ],
        "attachments" : [ ],
        "parameters" : [ ],
        "stepsCount" : 0,
        "attachmentsCount" : 0,
        "shouldDisplayMessage" : false,
        "hasContent" : false
      }, {
        "name" : "Enter password.",
        "time" : {
          "start" : 1757901221453,
          "stop" : 1757901221497,
          "duration" : 44
        },
        "status" : "passed",
        "steps" : [ ],
        "attachments" : [ ],
        "parameters" : [ ],
        "stepsCount" : 0,
        "attachmentsCount" : 0,
        "shouldDisplayMessage" : false,
        "hasContent" : false
      }, {
        "name" : "Click button \"Login\"",
        "time" : {
          "start" : 1757901221497,
          "stop" : 1757901221585,
          "duration" : 88
        },
        "status" : "passed",
        "steps" : [ ],
        "attachments" : [ ],
        "parameters" : [ ],
        "stepsCount" : 0,
        "attachmentsCount" : 0,
        "shouldDisplayMessage" : false,
        "hasContent" : false
      }, {
        "name" : "Check url is present: https://oblache.areso.pro/register.html",
        "time" : {
          "start" : 1757901221585,
          "stop" : 1757901221588,
          "duration" : 3
        },
        "status" : "passed",
        "steps" : [ ],
        "attachments" : [ ],
        "parameters" : [ ],
        "stepsCount" : 0,
        "attachmentsCount" : 0,
        "shouldDisplayMessage" : false,
        "hasContent" : false
      } ],
      "attachments" : [ ],
      "parameters" : [ ],
      "stepsCount" : 4,
      "attachmentsCount" : 0,
      "shouldDisplayMessage" : false,
      "hasContent" : true
    } ],
    "attachments" : [ ],
    "parameters" : [ ],
    "stepsCount" : 6,
    "attachmentsCount" : 0,
    "shouldDisplayMessage" : false,
    "hasContent" : true
  }, {
    "name" : "driver",
    "time" : {
      "start" : 1757901220719,
      "stop" : 1757901220980,
      "duration" : 261
    },
    "status" : "passed",
    "steps" : [ ],
    "attachments" : [ ],
    "parameters" : [ ],
    "stepsCount" : 0,
    "attachmentsCount" : 0,
    "shouldDisplayMessage" : false,
    "hasContent" : false
  } ],
  "testStage" : {
    "status" : "broken",
    "statusMessage" : "selenium.common.exceptions.TimeoutException: Message: Can't find element by locator ('xpath', '//button[@id=\"menu_button_webpages\"]')\nStacktrace:\n#0 0x5557b271c94a <unknown>\n#1 0x5557b21918a0 <unknown>\n#2 0x5557b21e3540 <unknown>\n#3 0x5557b21e3731 <unknown>\n#4 0x5557b2231824 <unknown>\n#5 0x5557b220905d <unknown>\n#6 0x5557b222ec23 <unknown>\n#7 0x5557b2208e03 <unknown>\n#8 0x5557b21d5968 <unknown>\n#9 0x5557b21d65e1 <unknown>\n#10 0x5557b26e0548 <unknown>\n#11 0x5557b26e4272 <unknown>\n#12 0x5557b26c7313 <unknown>\n#13 0x5557b26e4dc5 <unknown>\n#14 0x5557b26ac49f <unknown>\n#15 0x5557b2709158 <unknown>\n#16 0x5557b2709332 <unknown>\n#17 0x5557b271ba53 <unknown>\n#18 0x7ff13a89caa4 <unknown>\n#19 0x7ff13a929c3c <unknown>",
    "statusTrace" : "self = <tests_ui.test_ui.TestProfilePage object at 0x7fc6ac0fbe60>\ndriver = <selenium.webdriver.chrome.webdriver.WebDriver (session=\"06cd8a1f2adf0102dd78eca1364327e7\")>\nauthorization_user = None\n\n    @allure.title('test_open_static_site_page')\n    def test_open_statistic_page(self, driver, authorization_user):\n        page = ProfilePage(driver)\n>       page.click_static_site_button()\n\ntests_ui/test_ui.py:69: \n_ _ _ _ _ _ _ _ _ _ _ _ _ _ _ _ _ _ _ _ _ _ _ _ _ _ _ _ _ _ _ _ _ _ _ _ _ _ _ _ \ntests_ui/profile_page.py:40: in click_static_site_button\n    return self.element_is_present_and_clickable(self.locators.STATIC_BUTTON).click()\ntests_ui/base_page.py:28: in element_is_present_and_clickable\n    return (Wait(self.driver, self.timeout).until(\n_ _ _ _ _ _ _ _ _ _ _ _ _ _ _ _ _ _ _ _ _ _ _ _ _ _ _ _ _ _ _ _ _ _ _ _ _ _ _ _ \n\nself = <selenium.webdriver.support.wait.WebDriverWait (session=\"06cd8a1f2adf0102dd78eca1364327e7\")>\nmethod = <function visibility_of_element_located.<locals>._predicate at 0x7fc6ac070360>\nmessage = 'Can\\'t find element by locator (\\'xpath\\', \\'//button[@id=\"menu_button_webpages\"]\\')'\n\n    def until(self, method: Callable[[D], Union[Literal[False], T]], message: str = \"\") -> T:\n        \"\"\"Calls the method provided with the driver as an argument until the \\\n        return value does not evaluate to ``False``.\n    \n        :param method: callable(WebDriver)\n        :param message: optional message for :exc:`TimeoutException`\n        :returns: the result of the last call to `method`\n        :raises: :exc:`selenium.common.exceptions.TimeoutException` if timeout occurs\n        \"\"\"\n        screen = None\n        stacktrace = None\n    \n        end_time = time.monotonic() + self._timeout\n        while True:\n            try:\n                value = method(self._driver)\n                if value:\n                    return value\n            except self._ignored_exceptions as exc:\n                screen = getattr(exc, \"screen\", None)\n                stacktrace = getattr(exc, \"stacktrace\", None)\n            time.sleep(self._poll)\n            if time.monotonic() > end_time:\n                break\n>       raise TimeoutException(message, screen, stacktrace)\nE       selenium.common.exceptions.TimeoutException: Message: Can't find element by locator ('xpath', '//button[@id=\"menu_button_webpages\"]')\nE       Stacktrace:\nE       #0 0x5557b271c94a <unknown>\nE       #1 0x5557b21918a0 <unknown>\nE       #2 0x5557b21e3540 <unknown>\nE       #3 0x5557b21e3731 <unknown>\nE       #4 0x5557b2231824 <unknown>\nE       #5 0x5557b220905d <unknown>\nE       #6 0x5557b222ec23 <unknown>\nE       #7 0x5557b2208e03 <unknown>\nE       #8 0x5557b21d5968 <unknown>\nE       #9 0x5557b21d65e1 <unknown>\nE       #10 0x5557b26e0548 <unknown>\nE       #11 0x5557b26e4272 <unknown>\nE       #12 0x5557b26c7313 <unknown>\nE       #13 0x5557b26e4dc5 <unknown>\nE       #14 0x5557b26ac49f <unknown>\nE       #15 0x5557b2709158 <unknown>\nE       #16 0x5557b2709332 <unknown>\nE       #17 0x5557b271ba53 <unknown>\nE       #18 0x7ff13a89caa4 <unknown>\nE       #19 0x7ff13a929c3c <unknown>\n\n/opt/hostedtoolcache/Python/3.12.11/x64/lib/python3.12/site-packages/selenium/webdriver/support/wait.py:105: TimeoutException",
    "steps" : [ {
      "name" : "Click \"Static site\" button.",
      "time" : {
        "start" : 1757901221588,
        "stop" : 1757901226763,
        "duration" : 5175
      },
      "status" : "broken",
      "statusMessage" : "selenium.common.exceptions.TimeoutException: Message: Can't find element by locator ('xpath', '//button[@id=\"menu_button_webpages\"]')\nStacktrace:\n#0 0x5557b271c94a <unknown>\n#1 0x5557b21918a0 <unknown>\n#2 0x5557b21e3540 <unknown>\n#3 0x5557b21e3731 <unknown>\n#4 0x5557b2231824 <unknown>\n#5 0x5557b220905d <unknown>\n#6 0x5557b222ec23 <unknown>\n#7 0x5557b2208e03 <unknown>\n#8 0x5557b21d5968 <unknown>\n#9 0x5557b21d65e1 <unknown>\n#10 0x5557b26e0548 <unknown>\n#11 0x5557b26e4272 <unknown>\n#12 0x5557b26c7313 <unknown>\n#13 0x5557b26e4dc5 <unknown>\n#14 0x5557b26ac49f <unknown>\n#15 0x5557b2709158 <unknown>\n#16 0x5557b2709332 <unknown>\n#17 0x5557b271ba53 <unknown>\n#18 0x7ff13a89caa4 <unknown>\n#19 0x7ff13a929c3c <unknown>\n\n",
      "statusTrace" : "  File \"/home/runner/work/Oblache/Oblache/tests_ui/profile_page.py\", line 40, in click_static_site_button\n    return self.element_is_present_and_clickable(self.locators.STATIC_BUTTON).click()\n           ^^^^^^^^^^^^^^^^^^^^^^^^^^^^^^^^^^^^^^^^^^^^^^^^^^^^^^^^^^^^^^^^^^\n  File \"/home/runner/work/Oblache/Oblache/tests_ui/base_page.py\", line 28, in element_is_present_and_clickable\n    return (Wait(self.driver, self.timeout).until(\n            ^^^^^^^^^^^^^^^^^^^^^^^^^^^^^^^^^^^^^^\n  File \"/opt/hostedtoolcache/Python/3.12.11/x64/lib/python3.12/site-packages/selenium/webdriver/support/wait.py\", line 105, in until\n    raise TimeoutException(message, screen, stacktrace)\n",
      "steps" : [ ],
      "attachments" : [ ],
      "parameters" : [ ],
      "stepsCount" : 0,
      "attachmentsCount" : 0,
      "shouldDisplayMessage" : true,
      "hasContent" : true
    } ],
    "attachments" : [ {
      "uid" : "b4521b3034a047d9",
      "name" : "Screenshot 2025-09-15 01:53:46.846901",
      "source" : "b4521b3034a047d9.png",
      "type" : "image/png",
      "size" : 50403
    } ],
    "parameters" : [ ],
    "stepsCount" : 1,
    "attachmentsCount" : 1,
    "shouldDisplayMessage" : true,
    "hasContent" : true
  },
  "afterStages" : [ {
    "name" : "driver::0",
    "time" : {
      "start" : 1757901226848,
      "stop" : 1757901226908,
      "duration" : 60
    },
    "status" : "passed",
    "steps" : [ ],
    "attachments" : [ ],
    "parameters" : [ ],
    "stepsCount" : 0,
    "attachmentsCount" : 0,
    "shouldDisplayMessage" : false,
    "hasContent" : false
  } ],
  "labels" : [ {
    "name" : "suite",
    "value" : "Test Profile Page."
  }, {
    "name" : "parentSuite",
    "value" : "tests_ui"
  }, {
    "name" : "subSuite",
    "value" : "TestProfilePage"
  }, {
    "name" : "host",
    "value" : "runnervmf4ws1"
  }, {
    "name" : "thread",
    "value" : "2577-MainThread"
  }, {
    "name" : "framework",
    "value" : "pytest"
  }, {
    "name" : "language",
    "value" : "cpython3"
  }, {
    "name" : "package",
    "value" : "tests_ui.test_ui"
  }, {
    "name" : "resultFormat",
    "value" : "allure2"
  } ],
  "parameters" : [ ],
  "links" : [ ],
  "hidden" : false,
  "retry" : false,
  "extra" : {
    "severity" : "normal",
    "retries" : [ ],
    "categories" : [ {
      "name" : "Test defects",
      "matchedStatuses" : [ ],
      "flaky" : false
    } ],
    "history" : {
      "statistic" : {
        "failed" : 0,
        "broken" : 282,
        "skipped" : 0,
        "passed" : 0,
        "unknown" : 0,
        "total" : 282
      },
      "items" : [ {
        "uid" : "5a79cedbcc843b50",
        "reportUrl" : "https://lambotik.github.io/Oblache/502//#testresult/5a79cedbcc843b50",
        "status" : "broken",
        "statusDetails" : "selenium.common.exceptions.TimeoutException: Message: Can't find element by locator ('xpath', '//button[@id=\"menu_button_webpages\"]')\nStacktrace:\n#0 0x5581faf7094a <unknown>\n#1 0x5581fa9e58a0 <unknown>\n#2 0x5581faa37540 <unknown>\n#3 0x5581faa37731 <unknown>\n#4 0x5581faa85824 <unknown>\n#5 0x5581faa5d05d <unknown>\n#6 0x5581faa82c23 <unknown>\n#7 0x5581faa5ce03 <unknown>\n#8 0x5581faa29968 <unknown>\n#9 0x5581faa2a5e1 <unknown>\n#10 0x5581faf34548 <unknown>\n#11 0x5581faf38272 <unknown>\n#12 0x5581faf1b313 <unknown>\n#13 0x5581faf38dc5 <unknown>\n#14 0x5581faf0049f <unknown>\n#15 0x5581faf5d158 <unknown>\n#16 0x5581faf5d332 <unknown>\n#17 0x5581faf6fa53 <unknown>\n#18 0x7f519ae9caa4 <unknown>\n#19 0x7f519af29c3c <unknown>",
        "time" : {
          "start" : 1757814701339,
          "stop" : 1757814706710,
          "duration" : 5371
        }
      }, {
        "uid" : "9ec6002cb25d8a88",
        "reportUrl" : "https://lambotik.github.io/Oblache/501//#testresult/9ec6002cb25d8a88",
        "status" : "broken",
        "statusDetails" : "selenium.common.exceptions.TimeoutException: Message: Can't find element by locator ('xpath', '//button[@id=\"menu_button_webpages\"]')\nStacktrace:\n#0 0x55f48f3e994a <unknown>\n#1 0x55f48ee5e8a0 <unknown>\n#2 0x55f48eeb0540 <unknown>\n#3 0x55f48eeb0731 <unknown>\n#4 0x55f48eefe824 <unknown>\n#5 0x55f48eed605d <unknown>\n#6 0x55f48eefbc23 <unknown>\n#7 0x55f48eed5e03 <unknown>\n#8 0x55f48eea2968 <unknown>\n#9 0x55f48eea35e1 <unknown>\n#10 0x55f48f3ad548 <unknown>\n#11 0x55f48f3b1272 <unknown>\n#12 0x55f48f394313 <unknown>\n#13 0x55f48f3b1dc5 <unknown>\n#14 0x55f48f37949f <unknown>\n#15 0x55f48f3d6158 <unknown>\n#16 0x55f48f3d6332 <unknown>\n#17 0x55f48f3e8a53 <unknown>\n#18 0x7f4dc2c9caa4 <unknown>\n#19 0x7f4dc2d29c3c <unknown>",
        "time" : {
          "start" : 1757727575703,
          "stop" : 1757727581137,
          "duration" : 5434
        }
      }, {
        "uid" : "deefd1d082b02cb4",
        "reportUrl" : "https://lambotik.github.io/Oblache/500//#testresult/deefd1d082b02cb4",
        "status" : "broken",
        "statusDetails" : "selenium.common.exceptions.TimeoutException: Message: Can't find element by locator ('xpath', '//button[@id=\"menu_button_webpages\"]')\nStacktrace:\n#0 0x55cd44dba94a <unknown>\n#1 0x55cd4482f8a0 <unknown>\n#2 0x55cd44881540 <unknown>\n#3 0x55cd44881731 <unknown>\n#4 0x55cd448cf824 <unknown>\n#5 0x55cd448a705d <unknown>\n#6 0x55cd448ccc23 <unknown>\n#7 0x55cd448a6e03 <unknown>\n#8 0x55cd44873968 <unknown>\n#9 0x55cd448745e1 <unknown>\n#10 0x55cd44d7e548 <unknown>\n#11 0x55cd44d82272 <unknown>\n#12 0x55cd44d65313 <unknown>\n#13 0x55cd44d82dc5 <unknown>\n#14 0x55cd44d4a49f <unknown>\n#15 0x55cd44da7158 <unknown>\n#16 0x55cd44da7332 <unknown>\n#17 0x55cd44db9a53 <unknown>\n#18 0x7f251409caa4 <unknown>\n#19 0x7f2514129c3c <unknown>",
        "time" : {
          "start" : 1757641414833,
          "stop" : 1757641420205,
          "duration" : 5372
        }
      }, {
        "uid" : "6117cb0858dff497",
        "reportUrl" : "https://lambotik.github.io/Oblache/499//#testresult/6117cb0858dff497",
        "status" : "broken",
        "statusDetails" : "selenium.common.exceptions.TimeoutException: Message: Can't find element by locator ('xpath', '//button[@id=\"menu_button_webpages\"]')\nStacktrace:\n#0 0x556c2387794a <unknown>\n#1 0x556c232ec8a0 <unknown>\n#2 0x556c2333e540 <unknown>\n#3 0x556c2333e731 <unknown>\n#4 0x556c2338c824 <unknown>\n#5 0x556c2336405d <unknown>\n#6 0x556c23389c23 <unknown>\n#7 0x556c23363e03 <unknown>\n#8 0x556c23330968 <unknown>\n#9 0x556c233315e1 <unknown>\n#10 0x556c2383b548 <unknown>\n#11 0x556c2383f272 <unknown>\n#12 0x556c23822313 <unknown>\n#13 0x556c2383fdc5 <unknown>\n#14 0x556c2380749f <unknown>\n#15 0x556c23864158 <unknown>\n#16 0x556c23864332 <unknown>\n#17 0x556c23876a53 <unknown>\n#18 0x7f89b589caa4 <unknown>\n#19 0x7f89b5929c3c <unknown>",
        "time" : {
          "start" : 1757555258145,
          "stop" : 1757555263529,
          "duration" : 5384
        }
      }, {
        "uid" : "6c4995d96cf84a2",
        "reportUrl" : "https://lambotik.github.io/Oblache/498//#testresult/6c4995d96cf84a2",
        "status" : "broken",
        "statusDetails" : "selenium.common.exceptions.TimeoutException: Message: Can't find element by locator ('xpath', '//button[@id=\"menu_button_webpages\"]')\nStacktrace:\n#0 0x55e4ece7a94a <unknown>\n#1 0x55e4ec8ef8a0 <unknown>\n#2 0x55e4ec941540 <unknown>\n#3 0x55e4ec941731 <unknown>\n#4 0x55e4ec98f824 <unknown>\n#5 0x55e4ec96705d <unknown>\n#6 0x55e4ec98cc23 <unknown>\n#7 0x55e4ec966e03 <unknown>\n#8 0x55e4ec933968 <unknown>\n#9 0x55e4ec9345e1 <unknown>\n#10 0x55e4ece3e548 <unknown>\n#11 0x55e4ece42272 <unknown>\n#12 0x55e4ece25313 <unknown>\n#13 0x55e4ece42dc5 <unknown>\n#14 0x55e4ece0a49f <unknown>\n#15 0x55e4ece67158 <unknown>\n#16 0x55e4ece67332 <unknown>\n#17 0x55e4ece79a53 <unknown>\n#18 0x7f7fa549caa4 <unknown>\n#19 0x7f7fa5529c3c <unknown>",
        "time" : {
          "start" : 1757468684032,
          "stop" : 1757468689324,
          "duration" : 5292
        }
      }, {
        "uid" : "5d319b40e26666c1",
        "reportUrl" : "https://lambotik.github.io/Oblache/497//#testresult/5d319b40e26666c1",
        "status" : "broken",
        "statusDetails" : "selenium.common.exceptions.TimeoutException: Message: Can't find element by locator ('xpath', '//button[@id=\"menu_button_webpages\"]')\nStacktrace:\n#0 0x557dbbec708a <unknown>\n#1 0x557dbb966a70 <unknown>\n#2 0x557dbb9b8907 <unknown>\n#3 0x557dbb9b8b01 <unknown>\n#4 0x557dbba06d54 <unknown>\n#5 0x557dbb9de40d <unknown>\n#6 0x557dbba0414f <unknown>\n#7 0x557dbb9de1b3 <unknown>\n#8 0x557dbb9aa59b <unknown>\n#9 0x557dbb9ab971 <unknown>\n#10 0x557dbbe8c25b <unknown>\n#11 0x557dbbe8ffa9 <unknown>\n#12 0x557dbbe73339 <unknown>\n#13 0x557dbbe90b58 <unknown>\n#14 0x557dbbe57c1f <unknown>\n#15 0x557dbbeb4118 <unknown>\n#16 0x557dbbeb42f6 <unknown>\n#17 0x557dbbec6066 <unknown>\n#18 0x7fa8c449caa4 <unknown>\n#19 0x7fa8c4529c3c <unknown>",
        "time" : {
          "start" : 1757382447517,
          "stop" : 1757382452644,
          "duration" : 5127
        }
      }, {
        "uid" : "fb5acbc1b1c7938e",
        "reportUrl" : "https://lambotik.github.io/Oblache/496//#testresult/fb5acbc1b1c7938e",
        "status" : "broken",
        "statusDetails" : "selenium.common.exceptions.TimeoutException: Message: Can't find element by locator ('xpath', '//button[@id=\"menu_button_webpages\"]')\nStacktrace:\n#0 0x561e0caa608a <unknown>\n#1 0x561e0c545a70 <unknown>\n#2 0x561e0c597907 <unknown>\n#3 0x561e0c597b01 <unknown>\n#4 0x561e0c5e5d54 <unknown>\n#5 0x561e0c5bd40d <unknown>\n#6 0x561e0c5e314f <unknown>\n#7 0x561e0c5bd1b3 <unknown>\n#8 0x561e0c58959b <unknown>\n#9 0x561e0c58a971 <unknown>\n#10 0x561e0ca6b25b <unknown>\n#11 0x561e0ca6efa9 <unknown>\n#12 0x561e0ca52339 <unknown>\n#13 0x561e0ca6fb58 <unknown>\n#14 0x561e0ca36c1f <unknown>\n#15 0x561e0ca93118 <unknown>\n#16 0x561e0ca932f6 <unknown>\n#17 0x561e0caa5066 <unknown>\n#18 0x7fc7f129caa4 <unknown>\n#19 0x7fc7f1329c3c <unknown>",
        "time" : {
          "start" : 1757296302216,
          "stop" : 1757296307340,
          "duration" : 5124
        }
      }, {
        "uid" : "1dd5b14dc6828ddf",
        "reportUrl" : "https://lambotik.github.io/Oblache/495//#testresult/1dd5b14dc6828ddf",
        "status" : "broken",
        "statusDetails" : "selenium.common.exceptions.TimeoutException: Message: Can't find element by locator ('xpath', '//button[@id=\"menu_button_webpages\"]')\nStacktrace:\n#0 0x55647f8b008a <unknown>\n#1 0x55647f34fa70 <unknown>\n#2 0x55647f3a1907 <unknown>\n#3 0x55647f3a1b01 <unknown>\n#4 0x55647f3efd54 <unknown>\n#5 0x55647f3c740d <unknown>\n#6 0x55647f3ed14f <unknown>\n#7 0x55647f3c71b3 <unknown>\n#8 0x55647f39359b <unknown>\n#9 0x55647f394971 <unknown>\n#10 0x55647f87525b <unknown>\n#11 0x55647f878fa9 <unknown>\n#12 0x55647f85c339 <unknown>\n#13 0x55647f879b58 <unknown>\n#14 0x55647f840c1f <unknown>\n#15 0x55647f89d118 <unknown>\n#16 0x55647f89d2f6 <unknown>\n#17 0x55647f8af066 <unknown>\n#18 0x7fb48369caa4 <unknown>\n#19 0x7fb483729c3c <unknown>",
        "time" : {
          "start" : 1757209893398,
          "stop" : 1757209898496,
          "duration" : 5098
        }
      }, {
        "uid" : "914b380111dc63e0",
        "reportUrl" : "https://lambotik.github.io/Oblache/494//#testresult/914b380111dc63e0",
        "status" : "broken",
        "statusDetails" : "selenium.common.exceptions.TimeoutException: Message: Can't find element by locator ('xpath', '//button[@id=\"menu_button_webpages\"]')\nStacktrace:\n#0 0x5628d596f08a <unknown>\n#1 0x5628d540ea70 <unknown>\n#2 0x5628d5460907 <unknown>\n#3 0x5628d5460b01 <unknown>\n#4 0x5628d54aed54 <unknown>\n#5 0x5628d548640d <unknown>\n#6 0x5628d54ac14f <unknown>\n#7 0x5628d54861b3 <unknown>\n#8 0x5628d545259b <unknown>\n#9 0x5628d5453971 <unknown>\n#10 0x5628d593425b <unknown>\n#11 0x5628d5937fa9 <unknown>\n#12 0x5628d591b339 <unknown>\n#13 0x5628d5938b58 <unknown>\n#14 0x5628d58ffc1f <unknown>\n#15 0x5628d595c118 <unknown>\n#16 0x5628d595c2f6 <unknown>\n#17 0x5628d596e066 <unknown>\n#18 0x7f055c09caa4 <unknown>\n#19 0x7f055c129c3c <unknown>",
        "time" : {
          "start" : 1757123015780,
          "stop" : 1757123021233,
          "duration" : 5453
        }
      }, {
        "uid" : "a4b77371db79d03a",
        "reportUrl" : "https://lambotik.github.io/Oblache/493//#testresult/a4b77371db79d03a",
        "status" : "broken",
        "statusDetails" : "selenium.common.exceptions.TimeoutException: Message: Can't find element by locator ('xpath', '//button[@id=\"menu_button_webpages\"]')\nStacktrace:\n#0 0x55abda15708a <unknown>\n#1 0x55abd9bf6a70 <unknown>\n#2 0x55abd9c48907 <unknown>\n#3 0x55abd9c48b01 <unknown>\n#4 0x55abd9c96d54 <unknown>\n#5 0x55abd9c6e40d <unknown>\n#6 0x55abd9c9414f <unknown>\n#7 0x55abd9c6e1b3 <unknown>\n#8 0x55abd9c3a59b <unknown>\n#9 0x55abd9c3b971 <unknown>\n#10 0x55abda11c25b <unknown>\n#11 0x55abda11ffa9 <unknown>\n#12 0x55abda103339 <unknown>\n#13 0x55abda120b58 <unknown>\n#14 0x55abda0e7c1f <unknown>\n#15 0x55abda144118 <unknown>\n#16 0x55abda1442f6 <unknown>\n#17 0x55abda156066 <unknown>\n#18 0x7fdaba69caa4 <unknown>\n#19 0x7fdaba729c3c <unknown>",
        "time" : {
          "start" : 1757036797463,
          "stop" : 1757036802890,
          "duration" : 5427
        }
      }, {
        "uid" : "9c364dc87378f5cc",
        "reportUrl" : "https://lambotik.github.io/Oblache/492//#testresult/9c364dc87378f5cc",
        "status" : "broken",
        "statusDetails" : "selenium.common.exceptions.TimeoutException: Message: Can't find element by locator ('xpath', '//button[@id=\"menu_button_webpages\"]')\nStacktrace:\n#0 0x55b7df10908a <unknown>\n#1 0x55b7deba8a70 <unknown>\n#2 0x55b7debfa907 <unknown>\n#3 0x55b7debfab01 <unknown>\n#4 0x55b7dec48d54 <unknown>\n#5 0x55b7dec2040d <unknown>\n#6 0x55b7dec4614f <unknown>\n#7 0x55b7dec201b3 <unknown>\n#8 0x55b7debec59b <unknown>\n#9 0x55b7debed971 <unknown>\n#10 0x55b7df0ce25b <unknown>\n#11 0x55b7df0d1fa9 <unknown>\n#12 0x55b7df0b5339 <unknown>\n#13 0x55b7df0d2b58 <unknown>\n#14 0x55b7df099c1f <unknown>\n#15 0x55b7df0f6118 <unknown>\n#16 0x55b7df0f62f6 <unknown>\n#17 0x55b7df108066 <unknown>\n#18 0x7fa42fa9caa4 <unknown>\n#19 0x7fa42fb29c3c <unknown>",
        "time" : {
          "start" : 1756950282189,
          "stop" : 1756950287567,
          "duration" : 5378
        }
      }, {
        "uid" : "a48716dc7ba49d29",
        "reportUrl" : "https://lambotik.github.io/Oblache/491//#testresult/a48716dc7ba49d29",
        "status" : "broken",
        "statusDetails" : "selenium.common.exceptions.TimeoutException: Message: Can't find element by locator ('xpath', '//button[@id=\"menu_button_webpages\"]')\nStacktrace:\n#0 0x55e6e0cd908a <unknown>\n#1 0x55e6e0778a70 <unknown>\n#2 0x55e6e07ca907 <unknown>\n#3 0x55e6e07cab01 <unknown>\n#4 0x55e6e0818d54 <unknown>\n#5 0x55e6e07f040d <unknown>\n#6 0x55e6e081614f <unknown>\n#7 0x55e6e07f01b3 <unknown>\n#8 0x55e6e07bc59b <unknown>\n#9 0x55e6e07bd971 <unknown>\n#10 0x55e6e0c9e25b <unknown>\n#11 0x55e6e0ca1fa9 <unknown>\n#12 0x55e6e0c85339 <unknown>\n#13 0x55e6e0ca2b58 <unknown>\n#14 0x55e6e0c69c1f <unknown>\n#15 0x55e6e0cc6118 <unknown>\n#16 0x55e6e0cc62f6 <unknown>\n#17 0x55e6e0cd8066 <unknown>\n#18 0x7fe68c89caa4 <unknown>\n#19 0x7fe68c929c3c <unknown>",
        "time" : {
          "start" : 1756863832094,
          "stop" : 1756863837189,
          "duration" : 5095
        }
      }, {
        "uid" : "4c127e51f87bbf81",
        "reportUrl" : "https://lambotik.github.io/Oblache/490//#testresult/4c127e51f87bbf81",
        "status" : "broken",
        "statusDetails" : "selenium.common.exceptions.TimeoutException: Message: Can't find element by locator ('xpath', '//button[@id=\"menu_button_webpages\"]')\nStacktrace:\n#0 0x55b2d972a02a <unknown>\n#1 0x55b2d91c9a70 <unknown>\n#2 0x55b2d921b907 <unknown>\n#3 0x55b2d921bb01 <unknown>\n#4 0x55b2d9269d54 <unknown>\n#5 0x55b2d924140d <unknown>\n#6 0x55b2d926714f <unknown>\n#7 0x55b2d92411b3 <unknown>\n#8 0x55b2d920d59b <unknown>\n#9 0x55b2d920e971 <unknown>\n#10 0x55b2d96ef1fb <unknown>\n#11 0x55b2d96f2f49 <unknown>\n#12 0x55b2d96d62d9 <unknown>\n#13 0x55b2d96f3af8 <unknown>\n#14 0x55b2d96babbf <unknown>\n#15 0x55b2d97170b8 <unknown>\n#16 0x55b2d9717296 <unknown>\n#17 0x55b2d9729006 <unknown>\n#18 0x7f856049caa4 <unknown>\n#19 0x7f8560529c3c <unknown>",
        "time" : {
          "start" : 1756777831763,
          "stop" : 1756777837165,
          "duration" : 5402
        }
      }, {
        "uid" : "a590dafe224fabfc",
        "reportUrl" : "https://lambotik.github.io/Oblache/489//#testresult/a590dafe224fabfc",
        "status" : "broken",
        "statusDetails" : "selenium.common.exceptions.TimeoutException: Message: Can't find element by locator ('xpath', '//button[@id=\"menu_button_webpages\"]')\nStacktrace:\n#0 0x55f82359602a <unknown>\n#1 0x55f823035a70 <unknown>\n#2 0x55f823087907 <unknown>\n#3 0x55f823087b01 <unknown>\n#4 0x55f8230d5d54 <unknown>\n#5 0x55f8230ad40d <unknown>\n#6 0x55f8230d314f <unknown>\n#7 0x55f8230ad1b3 <unknown>\n#8 0x55f82307959b <unknown>\n#9 0x55f82307a971 <unknown>\n#10 0x55f82355b1fb <unknown>\n#11 0x55f82355ef49 <unknown>\n#12 0x55f8235422d9 <unknown>\n#13 0x55f82355faf8 <unknown>\n#14 0x55f823526bbf <unknown>\n#15 0x55f8235830b8 <unknown>\n#16 0x55f823583296 <unknown>\n#17 0x55f823595006 <unknown>\n#18 0x7f2f5289caa4 <unknown>\n#19 0x7f2f52929c3c <unknown>",
        "time" : {
          "start" : 1756692279690,
          "stop" : 1756692285025,
          "duration" : 5335
        }
      }, {
        "uid" : "7353d1a63a17f1d9",
        "reportUrl" : "https://lambotik.github.io/Oblache/488//#testresult/7353d1a63a17f1d9",
        "status" : "broken",
        "statusDetails" : "selenium.common.exceptions.TimeoutException: Message: Can't find element by locator ('xpath', '//button[@id=\"menu_button_webpages\"]')\nStacktrace:\n#0 0x5653a251602a <unknown>\n#1 0x5653a1fb5a70 <unknown>\n#2 0x5653a2007907 <unknown>\n#3 0x5653a2007b01 <unknown>\n#4 0x5653a2055d54 <unknown>\n#5 0x5653a202d40d <unknown>\n#6 0x5653a205314f <unknown>\n#7 0x5653a202d1b3 <unknown>\n#8 0x5653a1ff959b <unknown>\n#9 0x5653a1ffa971 <unknown>\n#10 0x5653a24db1fb <unknown>\n#11 0x5653a24def49 <unknown>\n#12 0x5653a24c22d9 <unknown>\n#13 0x5653a24dfaf8 <unknown>\n#14 0x5653a24a6bbf <unknown>\n#15 0x5653a25030b8 <unknown>\n#16 0x5653a2503296 <unknown>\n#17 0x5653a2515006 <unknown>\n#18 0x7fd9fbe9caa4 <unknown>\n#19 0x7fd9fbf29c3c <unknown>",
        "time" : {
          "start" : 1756605280857,
          "stop" : 1756605286226,
          "duration" : 5369
        }
      }, {
        "uid" : "b65b9520d69577a5",
        "reportUrl" : "https://lambotik.github.io/Oblache/487//#testresult/b65b9520d69577a5",
        "status" : "broken",
        "statusDetails" : "selenium.common.exceptions.TimeoutException: Message: Can't find element by locator ('xpath', '//button[@id=\"menu_button_webpages\"]')\nStacktrace:\n#0 0x55949575c02a <unknown>\n#1 0x5594951fba70 <unknown>\n#2 0x55949524d907 <unknown>\n#3 0x55949524db01 <unknown>\n#4 0x55949529bd54 <unknown>\n#5 0x55949527340d <unknown>\n#6 0x55949529914f <unknown>\n#7 0x5594952731b3 <unknown>\n#8 0x55949523f59b <unknown>\n#9 0x559495240971 <unknown>\n#10 0x5594957211fb <unknown>\n#11 0x559495724f49 <unknown>\n#12 0x5594957082d9 <unknown>\n#13 0x559495725af8 <unknown>\n#14 0x5594956ecbbf <unknown>\n#15 0x5594957490b8 <unknown>\n#16 0x559495749296 <unknown>\n#17 0x55949575b006 <unknown>\n#18 0x7f59fdc9caa4 <unknown>\n#19 0x7f59fdd29c3c <unknown>",
        "time" : {
          "start" : 1756518184968,
          "stop" : 1756518190097,
          "duration" : 5129
        }
      }, {
        "uid" : "1109e0dfe467e834",
        "reportUrl" : "https://lambotik.github.io/Oblache/486//#testresult/1109e0dfe467e834",
        "status" : "broken",
        "statusDetails" : "selenium.common.exceptions.TimeoutException: Message: Can't find element by locator ('xpath', '//button[@id=\"menu_button_webpages\"]')\nStacktrace:\n#0 0x5593e7fdc02a <unknown>\n#1 0x5593e7a7ba70 <unknown>\n#2 0x5593e7acd907 <unknown>\n#3 0x5593e7acdb01 <unknown>\n#4 0x5593e7b1bd54 <unknown>\n#5 0x5593e7af340d <unknown>\n#6 0x5593e7b1914f <unknown>\n#7 0x5593e7af31b3 <unknown>\n#8 0x5593e7abf59b <unknown>\n#9 0x5593e7ac0971 <unknown>\n#10 0x5593e7fa11fb <unknown>\n#11 0x5593e7fa4f49 <unknown>\n#12 0x5593e7f882d9 <unknown>\n#13 0x5593e7fa5af8 <unknown>\n#14 0x5593e7f6cbbf <unknown>\n#15 0x5593e7fc90b8 <unknown>\n#16 0x5593e7fc9296 <unknown>\n#17 0x5593e7fdb006 <unknown>\n#18 0x7fc09949caa4 <unknown>\n#19 0x7fc099529c3c <unknown>",
        "time" : {
          "start" : 1756432100473,
          "stop" : 1756432105535,
          "duration" : 5062
        }
      }, {
        "uid" : "58664c38d80252e6",
        "reportUrl" : "https://lambotik.github.io/Oblache/485//#testresult/58664c38d80252e6",
        "status" : "broken",
        "statusDetails" : "selenium.common.exceptions.TimeoutException: Message: Can't find element by locator ('xpath', '//button[@id=\"menu_button_webpages\"]')\nStacktrace:\n#0 0x555d17b9f02a <unknown>\n#1 0x555d1763ea70 <unknown>\n#2 0x555d17690907 <unknown>\n#3 0x555d17690b01 <unknown>\n#4 0x555d176ded54 <unknown>\n#5 0x555d176b640d <unknown>\n#6 0x555d176dc14f <unknown>\n#7 0x555d176b61b3 <unknown>\n#8 0x555d1768259b <unknown>\n#9 0x555d17683971 <unknown>\n#10 0x555d17b641fb <unknown>\n#11 0x555d17b67f49 <unknown>\n#12 0x555d17b4b2d9 <unknown>\n#13 0x555d17b68af8 <unknown>\n#14 0x555d17b2fbbf <unknown>\n#15 0x555d17b8c0b8 <unknown>\n#16 0x555d17b8c296 <unknown>\n#17 0x555d17b9e006 <unknown>\n#18 0x7fe85fa9caa4 <unknown>\n#19 0x7fe85fb29c3c <unknown>",
        "time" : {
          "start" : 1756345707081,
          "stop" : 1756345712489,
          "duration" : 5408
        }
      }, {
        "uid" : "e4b65a36e35dc900",
        "reportUrl" : "https://lambotik.github.io/Oblache/484//#testresult/e4b65a36e35dc900",
        "status" : "broken",
        "statusDetails" : "selenium.common.exceptions.TimeoutException: Message: Can't find element by locator ('xpath', '//button[@id=\"menu_button_webpages\"]')\nStacktrace:\n#0 0x56543b3c201a <unknown>\n#1 0x56543ae61a70 <unknown>\n#2 0x56543aeb3907 <unknown>\n#3 0x56543aeb3b01 <unknown>\n#4 0x56543af01d54 <unknown>\n#5 0x56543aed940d <unknown>\n#6 0x56543aeff14f <unknown>\n#7 0x56543aed91b3 <unknown>\n#8 0x56543aea559b <unknown>\n#9 0x56543aea6971 <unknown>\n#10 0x56543b3871eb <unknown>\n#11 0x56543b38af39 <unknown>\n#12 0x56543b36e2c9 <unknown>\n#13 0x56543b38bae8 <unknown>\n#14 0x56543b352baf <unknown>\n#15 0x56543b3af0a8 <unknown>\n#16 0x56543b3af286 <unknown>\n#17 0x56543b3c0ff6 <unknown>\n#18 0x7fa70189caa4 <unknown>\n#19 0x7fa701929c3c <unknown>",
        "time" : {
          "start" : 1756259350684,
          "stop" : 1756259356112,
          "duration" : 5428
        }
      }, {
        "uid" : "7a37291e58a32e11",
        "reportUrl" : "https://lambotik.github.io/Oblache/483//#testresult/7a37291e58a32e11",
        "status" : "broken",
        "statusDetails" : "selenium.common.exceptions.TimeoutException: Message: Can't find element by locator ('xpath', '//button[@id=\"menu_button_webpages\"]')\nStacktrace:\n#0 0x5564202a401a <unknown>\n#1 0x55641fd43a70 <unknown>\n#2 0x55641fd95907 <unknown>\n#3 0x55641fd95b01 <unknown>\n#4 0x55641fde3d54 <unknown>\n#5 0x55641fdbb40d <unknown>\n#6 0x55641fde114f <unknown>\n#7 0x55641fdbb1b3 <unknown>\n#8 0x55641fd8759b <unknown>\n#9 0x55641fd88971 <unknown>\n#10 0x5564202691eb <unknown>\n#11 0x55642026cf39 <unknown>\n#12 0x5564202502c9 <unknown>\n#13 0x55642026dae8 <unknown>\n#14 0x556420234baf <unknown>\n#15 0x5564202910a8 <unknown>\n#16 0x556420291286 <unknown>\n#17 0x5564202a2ff6 <unknown>\n#18 0x7fdbf1e9caa4 <unknown>\n#19 0x7fdbf1f29c3c <unknown>",
        "time" : {
          "start" : 1756173178262,
          "stop" : 1756173183617,
          "duration" : 5355
        }
      } ]
    },
    "tags" : [ ]
  },
  "source" : "b5d6b88868b5976e.json",
  "parameterValues" : [ ]
}