{"uid":"16b283a1c95ecc17","name":"POST db_create_with_wrong_db_type.","fullName":"tests_api.test_db.TestPOST#test_post_db_create_with_wrong_values_dbtype","historyId":"c73e06961bad410b8a0272d8e2e7514e","time":{"start":1762480391373,"stop":1762480391886,"duration":513},"status":"failed","statusMessage":"AssertionError: Incorrect status code: 403","statusTrace":"self = <tests_api.test_db.TestPOST object at 0x7f56ac488860>\n\n    @allure.title('POST db_create_with_wrong_db_type.')\n    def test_post_db_create_with_wrong_values_dbtype(self):\n        response_db_list = API.post_db_create_wrong_value_db_type(token=TestPOST.token)\n>       Checking.check_status_code(response_db_list, 400)\n\ntests_api/test_db.py:40: \n_ _ _ _ _ _ _ _ _ _ _ _ _ _ _ _ _ _ _ _ _ _ _ _ _ _ _ _ _ _ _ _ _ _ _ _ _ _ _ _ \n\nresult = <Response [403]>, status_code = 400\n\n    @staticmethod\n    def check_status_code(result: requests.models.Response, status_code: int):\n        \"\"\"\n        Method check status code\n        :param result: Response\n        :param status_code:\n        \"\"\"\n        with allure.step(f'Assert status code: {status_code} == Response status code: {result.status_code}'):\n>           assert status_code == result.status_code, f'Incorrect status code: {result.status_code}'\nE           AssertionError: Incorrect status code: 403\n\ntests_api/utils/checking.py:16: AssertionError","flaky":false,"newFailed":false,"newBroken":false,"newPassed":false,"retriesCount":0,"retriesStatusChange":false,"beforeStages":[],"testStage":{"status":"failed","statusMessage":"AssertionError: Incorrect status code: 403","statusTrace":"self = <tests_api.test_db.TestPOST object at 0x7f56ac488860>\n\n    @allure.title('POST db_create_with_wrong_db_type.')\n    def test_post_db_create_with_wrong_values_dbtype(self):\n        response_db_list = API.post_db_create_wrong_value_db_type(token=TestPOST.token)\n>       Checking.check_status_code(response_db_list, 400)\n\ntests_api/test_db.py:40: \n_ _ _ _ _ _ _ _ _ _ _ _ _ _ _ _ _ _ _ _ _ _ _ _ _ _ _ _ _ _ _ _ _ _ _ _ _ _ _ _ \n\nresult = <Response [403]>, status_code = 400\n\n    @staticmethod\n    def check_status_code(result: requests.models.Response, status_code: int):\n        \"\"\"\n        Method check status code\n        :param result: Response\n        :param status_code:\n        \"\"\"\n        with allure.step(f'Assert status code: {status_code} == Response status code: {result.status_code}'):\n>           assert status_code == result.status_code, f'Incorrect status code: {result.status_code}'\nE           AssertionError: Incorrect status code: 403\n\ntests_api/utils/checking.py:16: AssertionError","steps":[{"name":"post_db_create_wrong_value_db_type","time":{"start":1762480391373,"stop":1762480391885,"duration":512},"status":"passed","steps":[{"name":"Endpoint: /db_create","time":{"start":1762480391885,"stop":1762480391885,"duration":0},"status":"passed","steps":[],"attachments":[],"parameters":[],"stepsCount":0,"shouldDisplayMessage":false,"attachmentsCount":0,"hasContent":false,"attachmentStep":false},{"name":"Request:","time":{"start":1762480391885,"stop":1762480391885,"duration":0},"status":"passed","steps":[{"name":"Headers: {'Content-Type': 'application/json', 'Authorization': {'4e83cd02-eaf6-4981-b156-450787edadcd'}}","time":{"start":1762480391885,"stop":1762480391885,"duration":0},"status":"passed","steps":[],"attachments":[],"parameters":[],"stepsCount":0,"shouldDisplayMessage":false,"attachmentsCount":0,"hasContent":false,"attachmentStep":false},{"name":"Body: {\"dbtype\": f'96', \"dbversion\": 5, \"env\": 3, \"region\": 3}","time":{"start":1762480391885,"stop":1762480391885,"duration":0},"status":"passed","steps":[],"attachments":[],"parameters":[],"stepsCount":0,"shouldDisplayMessage":false,"attachmentsCount":0,"hasContent":false,"attachmentStep":false}],"attachments":[],"parameters":[],"stepsCount":2,"shouldDisplayMessage":false,"attachmentsCount":0,"hasContent":true,"attachmentStep":false},{"name":"Response:","time":{"start":1762480391885,"stop":1762480391885,"duration":0},"status":"passed","steps":[{"name":"Status code: 403","time":{"start":1762480391885,"stop":1762480391885,"duration":0},"status":"passed","steps":[],"attachments":[],"parameters":[],"stepsCount":0,"shouldDisplayMessage":false,"attachmentsCount":0,"hasContent":false,"attachmentStep":false},{"name":"JSON: {\n    \"content\": \"you are not allowed to create new databases\"\n}\n","time":{"start":1762480391885,"stop":1762480391885,"duration":0},"status":"passed","steps":[],"attachments":[],"parameters":[],"stepsCount":0,"shouldDisplayMessage":false,"attachmentsCount":0,"hasContent":false,"attachmentStep":false}],"attachments":[],"parameters":[],"stepsCount":2,"shouldDisplayMessage":false,"attachmentsCount":0,"hasContent":true,"attachmentStep":false}],"attachments":[],"parameters":[],"stepsCount":7,"shouldDisplayMessage":false,"attachmentsCount":0,"hasContent":true,"attachmentStep":false},{"name":"Assert status code: 400 == Response status code: 403","time":{"start":1762480391885,"stop":1762480391885,"duration":0},"status":"failed","statusMessage":"AssertionError: Incorrect status code: 403\n","statusTrace":"  File \"/home/runner/work/Oblache/Oblache/tests_api/utils/checking.py\", line 16, in check_status_code\n    assert status_code == result.status_code, f'Incorrect status code: {result.status_code}'\n           ^^^^^^^^^^^^^^^^^^^^^^^^^^^^^^^^^\n","steps":[],"attachments":[],"parameters":[],"stepsCount":0,"shouldDisplayMessage":true,"attachmentsCount":0,"hasContent":true,"attachmentStep":false}],"attachments":[],"parameters":[],"stepsCount":9,"shouldDisplayMessage":true,"attachmentsCount":0,"hasContent":true,"attachmentStep":false},"afterStages":[],"labels":[{"name":"suite","value":"smoke_databases"},{"name":"parentSuite","value":"tests_api"},{"name":"subSuite","value":"TestPOST"},{"name":"host","value":"runnervmw9dnm"},{"name":"thread","value":"2601-MainThread"},{"name":"framework","value":"pytest"},{"name":"language","value":"cpython3"},{"name":"package","value":"tests_api.test_db"},{"name":"resultFormat","value":"allure2"}],"parameters":[],"links":[],"hidden":false,"retry":false,"extra":{"severity":"normal","retries":[],"categories":[{"name":"Product defects","matchedStatuses":[],"flaky":false}],"history":{"statistic":{"failed":2,"broken":0,"skipped":0,"passed":0,"unknown":0,"total":2},"items":[{"uid":"2f885811110aa504","reportUrl":"https://lambotik.github.io/Oblache/555/#testresult/2f885811110aa504","status":"failed","statusDetails":"AssertionError: Incorrect status code: 403","time":{"start":1762394054589,"stop":1762394054950,"duration":361}}]},"tags":[]},"source":"16b283a1c95ecc17.json","parameterValues":[]}