{"uid":"5342cad6267f4c4a","name":"test order db create backup non-belonging db","fullName":"tests_api.test_bd.TestBackup#test_order_db_create_backup_non_belonging_db","historyId":"46162aec860d9e52ab8a1ce1fe9140b2","time":{"start":1762739903896,"stop":1762739904392,"duration":496},"status":"failed","statusMessage":"AssertionError: Result is not equal expected value","statusTrace":"self = <tests_api.test_bd.TestBackup object at 0x7efe50195a60>\nget_token_backup_1 = ('8862d1ab-e591-4a2b-b893-f8d5f19173f3', {'email': 'testbackup1@gmail.com', 'password': 'ZuOhK0WqZ3CJ8RPaf4dj'}, '066dc8a6-240f-701b-8000-a17ea063eafa')\nget_token_backup_2 = ('bd3939a1-84c4-465e-af66-1a6e60c4b9fe', {'email': 'testbackup2@gmail.com', 'password': 'gwqldBUEoNGUiBrKFeVv'}, '066dc8d1-2d0a-753b-8000-ba69b49e1e8c')\n\n    @allure.title('test order db create backup non-belonging db')\n    def test_order_db_create_backup_non_belonging_db(self, get_token_backup_1, get_token_backup_2):\n        token, body, uuid = get_token_backup_1\n        token_2, body_2, uuid_2 = get_token_backup_2\n        response = API.post_db_backup_create(token=token, db_uuid=uuid_2)\n        Checking.check_status_code(response, 400)\n>       Checking.check_json_value(\n            response, 'content', \"db either not exist, not in good shape or not belong to the user\")\n\ntests_api/test_bd.py:478: \n_ _ _ _ _ _ _ _ _ _ _ _ _ _ _ _ _ _ _ _ _ _ _ _ _ _ _ _ _ _ _ _ _ _ _ _ _ _ _ _ \n\nresponse = <Response [400]>, field_name = 'content'\nexpected_value = 'db either not exist, not in good shape or not belong to the user'\n\n    @staticmethod\n    def check_json_value(response: requests.models.Response, field_name: str, expected_value):\n        \"\"\"\n        :param response: requests.models.Response\n        :param field_name:\n        :param expected_value:\n        \"\"\"\n        check = response.json()\n        check_info = check.get(field_name)\n        with allure.step(\n                f'Compare result request with expected value:'\n                f'\\nResponse: {response}\\nField name: {field_name}\\nValue: {expected_value}'):\n>           assert check_info == expected_value, 'Result is not equal expected value'\nE           AssertionError: Result is not equal expected value\n\ntests_api/utils/checking.py:57: AssertionError","flaky":false,"newFailed":false,"newBroken":false,"newPassed":false,"retriesCount":0,"retriesStatusChange":false,"beforeStages":[{"name":"get_token_backup_1","time":{"start":1762739902888,"stop":1762739903397,"duration":509},"status":"passed","steps":[{"name":"Assert status code: 200 == Response status code: 200","time":{"start":1762739903397,"stop":1762739903397,"duration":0},"status":"passed","steps":[],"attachments":[],"parameters":[],"stepsCount":0,"shouldDisplayMessage":false,"attachmentsCount":0,"hasContent":false,"attachmentStep":false}],"attachments":[],"parameters":[],"stepsCount":1,"shouldDisplayMessage":false,"attachmentsCount":0,"hasContent":true,"attachmentStep":false},{"name":"get_token_backup_2","time":{"start":1762739903397,"stop":1762739903896,"duration":499},"status":"passed","steps":[{"name":"Assert status code: 200 == Response status code: 200","time":{"start":1762739903896,"stop":1762739903896,"duration":0},"status":"passed","steps":[],"attachments":[],"parameters":[],"stepsCount":0,"shouldDisplayMessage":false,"attachmentsCount":0,"hasContent":false,"attachmentStep":false}],"attachments":[],"parameters":[],"stepsCount":1,"shouldDisplayMessage":false,"attachmentsCount":0,"hasContent":true,"attachmentStep":false}],"testStage":{"status":"failed","statusMessage":"AssertionError: Result is not equal expected value","statusTrace":"self = <tests_api.test_bd.TestBackup object at 0x7efe50195a60>\nget_token_backup_1 = ('8862d1ab-e591-4a2b-b893-f8d5f19173f3', {'email': 'testbackup1@gmail.com', 'password': 'ZuOhK0WqZ3CJ8RPaf4dj'}, '066dc8a6-240f-701b-8000-a17ea063eafa')\nget_token_backup_2 = ('bd3939a1-84c4-465e-af66-1a6e60c4b9fe', {'email': 'testbackup2@gmail.com', 'password': 'gwqldBUEoNGUiBrKFeVv'}, '066dc8d1-2d0a-753b-8000-ba69b49e1e8c')\n\n    @allure.title('test order db create backup non-belonging db')\n    def test_order_db_create_backup_non_belonging_db(self, get_token_backup_1, get_token_backup_2):\n        token, body, uuid = get_token_backup_1\n        token_2, body_2, uuid_2 = get_token_backup_2\n        response = API.post_db_backup_create(token=token, db_uuid=uuid_2)\n        Checking.check_status_code(response, 400)\n>       Checking.check_json_value(\n            response, 'content', \"db either not exist, not in good shape or not belong to the user\")\n\ntests_api/test_bd.py:478: \n_ _ _ _ _ _ _ _ _ _ _ _ _ _ _ _ _ _ _ _ _ _ _ _ _ _ _ _ _ _ _ _ _ _ _ _ _ _ _ _ \n\nresponse = <Response [400]>, field_name = 'content'\nexpected_value = 'db either not exist, not in good shape or not belong to the user'\n\n    @staticmethod\n    def check_json_value(response: requests.models.Response, field_name: str, expected_value):\n        \"\"\"\n        :param response: requests.models.Response\n        :param field_name:\n        :param expected_value:\n        \"\"\"\n        check = response.json()\n        check_info = check.get(field_name)\n        with allure.step(\n                f'Compare result request with expected value:'\n                f'\\nResponse: {response}\\nField name: {field_name}\\nValue: {expected_value}'):\n>           assert check_info == expected_value, 'Result is not equal expected value'\nE           AssertionError: Result is not equal expected value\n\ntests_api/utils/checking.py:57: AssertionError","steps":[{"name":"Endpoint: /db_backup_create","time":{"start":1762739904392,"stop":1762739904392,"duration":0},"status":"passed","steps":[],"attachments":[],"parameters":[],"stepsCount":0,"shouldDisplayMessage":false,"attachmentsCount":0,"hasContent":false,"attachmentStep":false},{"name":"Request:","time":{"start":1762739904392,"stop":1762739904392,"duration":0},"status":"passed","steps":[{"name":"Headers: {'Content-Type': 'application/json', 'Authorization': {'8862d1ab-e591-4a2b-b893-f8d5f19173f3'}}","time":{"start":1762739904392,"stop":1762739904392,"duration":0},"status":"passed","steps":[],"attachments":[],"parameters":[],"stepsCount":0,"shouldDisplayMessage":false,"attachmentsCount":0,"hasContent":false,"attachmentStep":false}],"attachments":[],"parameters":[],"stepsCount":1,"shouldDisplayMessage":false,"attachmentsCount":0,"hasContent":true,"attachmentStep":false},{"name":"Response:","time":{"start":1762739904392,"stop":1762739904392,"duration":0},"status":"passed","steps":[{"name":"Status code: 400","time":{"start":1762739904392,"stop":1762739904392,"duration":0},"status":"passed","steps":[],"attachments":[],"parameters":[],"stepsCount":0,"shouldDisplayMessage":false,"attachmentsCount":0,"hasContent":false,"attachmentStep":false},{"name":"JSON: {\n    \"content\": \"db either not exist, not in good shape, or does not belong to the user\"\n}\n","time":{"start":1762739904392,"stop":1762739904392,"duration":0},"status":"passed","steps":[],"attachments":[],"parameters":[],"stepsCount":0,"shouldDisplayMessage":false,"attachmentsCount":0,"hasContent":false,"attachmentStep":false}],"attachments":[],"parameters":[],"stepsCount":2,"shouldDisplayMessage":false,"attachmentsCount":0,"hasContent":true,"attachmentStep":false},{"name":"Assert status code: 400 == Response status code: 400","time":{"start":1762739904392,"stop":1762739904392,"duration":0},"status":"passed","steps":[],"attachments":[],"parameters":[],"stepsCount":0,"shouldDisplayMessage":false,"attachmentsCount":0,"hasContent":false,"attachmentStep":false},{"name":"Compare result request with expected value:\nResponse: <Response [400]>\nField name: content\nValue: db either not exist, not in good shape or not belong to the user","time":{"start":1762739904392,"stop":1762739904392,"duration":0},"status":"failed","statusMessage":"AssertionError: Result is not equal expected value\n","statusTrace":"  File \"/home/runner/work/Oblache/Oblache/tests_api/utils/checking.py\", line 57, in check_json_value\n    assert check_info == expected_value, 'Result is not equal expected value'\n           ^^^^^^^^^^^^^^^^^^^^^^^^^^^^\n","steps":[],"attachments":[],"parameters":[],"stepsCount":0,"shouldDisplayMessage":true,"attachmentsCount":0,"hasContent":true,"attachmentStep":false}],"attachments":[],"parameters":[],"stepsCount":8,"shouldDisplayMessage":true,"attachmentsCount":0,"hasContent":true,"attachmentStep":false},"afterStages":[],"labels":[{"name":"suite","value":"Test Backup"},{"name":"parentSuite","value":"tests_api"},{"name":"subSuite","value":"TestBackup"},{"name":"host","value":"runnervmw9dnm"},{"name":"thread","value":"2627-MainThread"},{"name":"framework","value":"pytest"},{"name":"language","value":"cpython3"},{"name":"package","value":"tests_api.test_bd"},{"name":"resultFormat","value":"allure2"}],"parameters":[],"links":[],"hidden":false,"retry":false,"extra":{"severity":"normal","retries":[],"categories":[{"name":"Product defects","matchedStatuses":[],"flaky":false}],"history":{"statistic":{"failed":7,"broken":0,"skipped":0,"passed":0,"unknown":0,"total":7},"items":[{"uid":"91a123d0381f5be5","reportUrl":"https://lambotik.github.io/Oblache/558/#testresult/91a123d0381f5be5","status":"failed","statusDetails":"AssertionError: Incorrect status code: 502","time":{"start":1762653407722,"stop":1762653407722,"duration":0}},{"uid":"bd2201e65f4fd61f","reportUrl":"https://lambotik.github.io/Oblache/557/#testresult/bd2201e65f4fd61f","status":"failed","statusDetails":"AssertionError: Result is not equal expected value","time":{"start":1762566421294,"stop":1762566421709,"duration":415}},{"uid":"afc760acd2287f9a","reportUrl":"https://lambotik.github.io/Oblache/556/#testresult/afc760acd2287f9a","status":"failed","statusDetails":"AssertionError: Result is not equal expected value","time":{"start":1762480387854,"stop":1762480388348,"duration":494}},{"uid":"6b49dd383cc6c8a7","reportUrl":"https://lambotik.github.io/Oblache/555/#testresult/6b49dd383cc6c8a7","status":"failed","statusDetails":"AssertionError: Result is not equal expected value","time":{"start":1762394052029,"stop":1762394052390,"duration":361}},{"uid":"37703fba3b9875e2","reportUrl":"https://lambotik.github.io/Oblache/25/#testresult/37703fba3b9875e2","status":"failed","statusDetails":"AssertionError: Result is not equal expected value","time":{"start":1762342851391,"stop":1762342851864,"duration":473}},{"uid":"e8977b59679ba7f2","reportUrl":"https://lambotik.github.io/Oblache/24/#testresult/e8977b59679ba7f2","status":"failed","statusDetails":"AssertionError: Result is not equal expected value","time":{"start":1762342484716,"stop":1762342485023,"duration":307}}]},"tags":[]},"source":"5342cad6267f4c4a.json","parameterValues":[]}