{"uid":"66bf209e1adfc43c","name":"POST db_create_with_wrong_db_version.","fullName":"tests_api.test_db.TestPOST#test_post_db_create_with_wrong_values_db_version","historyId":"a372535e46ba2f40693fe2ee068d3667","time":{"start":1762739907961,"stop":1762739908445,"duration":484},"status":"failed","statusMessage":"AssertionError: Incorrect status code: 403","statusTrace":"self = <tests_api.test_db.TestPOST object at 0x7efe50195190>\n\n    @allure.title('POST db_create_with_wrong_db_version.')\n    def test_post_db_create_with_wrong_values_db_version(self):\n        response_db_list = API.post_db_create_wrong_value_db_version(token=TestPOST.token)\n>       Checking.check_status_code(response_db_list, 400)\n\ntests_api/test_db.py:48: \n_ _ _ _ _ _ _ _ _ _ _ _ _ _ _ _ _ _ _ _ _ _ _ _ _ _ _ _ _ _ _ _ _ _ _ _ _ _ _ _ \n\nresult = <Response [403]>, status_code = 400\n\n    @staticmethod\n    def check_status_code(result: requests.models.Response, status_code: int):\n        \"\"\"\n        Method check status code\n        :param result: Response\n        :param status_code:\n        \"\"\"\n        with allure.step(f'Assert status code: {status_code} == Response status code: {result.status_code}'):\n>           assert status_code == result.status_code, f'Incorrect status code: {result.status_code}'\nE           AssertionError: Incorrect status code: 403\n\ntests_api/utils/checking.py:16: AssertionError","flaky":false,"newFailed":false,"newBroken":false,"newPassed":false,"retriesCount":0,"retriesStatusChange":false,"beforeStages":[],"testStage":{"status":"failed","statusMessage":"AssertionError: Incorrect status code: 403","statusTrace":"self = <tests_api.test_db.TestPOST object at 0x7efe50195190>\n\n    @allure.title('POST db_create_with_wrong_db_version.')\n    def test_post_db_create_with_wrong_values_db_version(self):\n        response_db_list = API.post_db_create_wrong_value_db_version(token=TestPOST.token)\n>       Checking.check_status_code(response_db_list, 400)\n\ntests_api/test_db.py:48: \n_ _ _ _ _ _ _ _ _ _ _ _ _ _ _ _ _ _ _ _ _ _ _ _ _ _ _ _ _ _ _ _ _ _ _ _ _ _ _ _ \n\nresult = <Response [403]>, status_code = 400\n\n    @staticmethod\n    def check_status_code(result: requests.models.Response, status_code: int):\n        \"\"\"\n        Method check status code\n        :param result: Response\n        :param status_code:\n        \"\"\"\n        with allure.step(f'Assert status code: {status_code} == Response status code: {result.status_code}'):\n>           assert status_code == result.status_code, f'Incorrect status code: {result.status_code}'\nE           AssertionError: Incorrect status code: 403\n\ntests_api/utils/checking.py:16: AssertionError","steps":[{"name":"post_db_create_wrong_value_db_version","time":{"start":1762739907961,"stop":1762739908445,"duration":484},"status":"passed","steps":[{"name":"Endpoint: /db_create","time":{"start":1762739908444,"stop":1762739908444,"duration":0},"status":"passed","steps":[],"attachments":[],"parameters":[],"stepsCount":0,"shouldDisplayMessage":false,"attachmentsCount":0,"hasContent":false,"attachmentStep":false},{"name":"Request:","time":{"start":1762739908444,"stop":1762739908445,"duration":1},"status":"passed","steps":[{"name":"Headers: {'Content-Type': 'application/json', 'Authorization': {'623bfb9d-3eb9-4dfc-a6c8-26c178dbcb2f'}}","time":{"start":1762739908445,"stop":1762739908445,"duration":0},"status":"passed","steps":[],"attachments":[],"parameters":[],"stepsCount":0,"shouldDisplayMessage":false,"attachmentsCount":0,"hasContent":false,"attachmentStep":false},{"name":"Body: {\"dbtype\": 3, \"dbversion\": 43, \"env\": 3, \"region\": 3}","time":{"start":1762739908445,"stop":1762739908445,"duration":0},"status":"passed","steps":[],"attachments":[],"parameters":[],"stepsCount":0,"shouldDisplayMessage":false,"attachmentsCount":0,"hasContent":false,"attachmentStep":false}],"attachments":[],"parameters":[],"stepsCount":2,"shouldDisplayMessage":false,"attachmentsCount":0,"hasContent":true,"attachmentStep":false},{"name":"Response:","time":{"start":1762739908445,"stop":1762739908445,"duration":0},"status":"passed","steps":[{"name":"Status code: 403","time":{"start":1762739908445,"stop":1762739908445,"duration":0},"status":"passed","steps":[],"attachments":[],"parameters":[],"stepsCount":0,"shouldDisplayMessage":false,"attachmentsCount":0,"hasContent":false,"attachmentStep":false},{"name":"JSON: {\n    \"content\": \"you are not allowed to create new databases\"\n}\n","time":{"start":1762739908445,"stop":1762739908445,"duration":0},"status":"passed","steps":[],"attachments":[],"parameters":[],"stepsCount":0,"shouldDisplayMessage":false,"attachmentsCount":0,"hasContent":false,"attachmentStep":false}],"attachments":[],"parameters":[],"stepsCount":2,"shouldDisplayMessage":false,"attachmentsCount":0,"hasContent":true,"attachmentStep":false}],"attachments":[],"parameters":[],"stepsCount":7,"shouldDisplayMessage":false,"attachmentsCount":0,"hasContent":true,"attachmentStep":false},{"name":"Assert status code: 400 == Response status code: 403","time":{"start":1762739908445,"stop":1762739908445,"duration":0},"status":"failed","statusMessage":"AssertionError: Incorrect status code: 403\n","statusTrace":"  File \"/home/runner/work/Oblache/Oblache/tests_api/utils/checking.py\", line 16, in check_status_code\n    assert status_code == result.status_code, f'Incorrect status code: {result.status_code}'\n           ^^^^^^^^^^^^^^^^^^^^^^^^^^^^^^^^^\n","steps":[],"attachments":[],"parameters":[],"stepsCount":0,"shouldDisplayMessage":true,"attachmentsCount":0,"hasContent":true,"attachmentStep":false}],"attachments":[],"parameters":[],"stepsCount":9,"shouldDisplayMessage":true,"attachmentsCount":0,"hasContent":true,"attachmentStep":false},"afterStages":[],"labels":[{"name":"suite","value":"smoke_databases"},{"name":"parentSuite","value":"tests_api"},{"name":"subSuite","value":"TestPOST"},{"name":"host","value":"runnervmw9dnm"},{"name":"thread","value":"2627-MainThread"},{"name":"framework","value":"pytest"},{"name":"language","value":"cpython3"},{"name":"package","value":"tests_api.test_db"},{"name":"resultFormat","value":"allure2"}],"parameters":[],"links":[],"hidden":false,"retry":false,"extra":{"severity":"normal","retries":[],"categories":[{"name":"Product defects","matchedStatuses":[],"flaky":false}],"history":{"statistic":{"failed":5,"broken":0,"skipped":0,"passed":0,"unknown":0,"total":5},"items":[{"uid":"5badc3ab5d4f30f3","reportUrl":"https://lambotik.github.io/Oblache/558/#testresult/5badc3ab5d4f30f3","status":"failed","statusDetails":"AssertionError: Incorrect status code: 502","time":{"start":1762653410834,"stop":1762653411166,"duration":332}},{"uid":"17ee5846aa28d71f","reportUrl":"https://lambotik.github.io/Oblache/557/#testresult/17ee5846aa28d71f","status":"failed","statusDetails":"AssertionError: Incorrect status code: 403","time":{"start":1762566424704,"stop":1762566425125,"duration":421}},{"uid":"4b3757c1f3d17a0b","reportUrl":"https://lambotik.github.io/Oblache/556/#testresult/4b3757c1f3d17a0b","status":"failed","statusDetails":"AssertionError: Incorrect status code: 403","time":{"start":1762480391891,"stop":1762480392386,"duration":495}},{"uid":"f9e142d3dabb623d","reportUrl":"https://lambotik.github.io/Oblache/555/#testresult/f9e142d3dabb623d","status":"failed","statusDetails":"AssertionError: Incorrect status code: 403","time":{"start":1762394054956,"stop":1762394055306,"duration":350}}]},"tags":[]},"source":"66bf209e1adfc43c.json","parameterValues":[]}