{
  "uid" : "e9489742537a0f86",
  "name" : "test order db create backup non-belonging db",
  "fullName" : "tests_api.test_bd.TestBackup#test_order_db_create_backup_non_belonging_db",
  "historyId" : "46162aec860d9e52ab8a1ce1fe9140b2",
  "time" : {
    "start" : 1760925370529,
    "stop" : 1760925370837,
    "duration" : 308
  },
  "status" : "failed",
  "statusMessage" : "AssertionError: Result is not equal expected value",
  "statusTrace" : "self = <tests_api.test_bd.TestBackup object at 0x7fb82597a150>\nget_token_backup_1 = ('12be0e97-e2e4-42cf-8a72-2bca20676785', {'email': 'testbackup1@gmail.com', 'password': 'ZuOhK0WqZ3CJ8RPaf4dj'}, '066dc8a6-240f-701b-8000-a17ea063eafa')\nget_token_backup_2 = ('10342414-9806-4f12-a1aa-13a5ded7f1a7', {'email': 'testbackup2@gmail.com', 'password': 'gwqldBUEoNGUiBrKFeVv'}, '066dc8d1-2d0a-753b-8000-ba69b49e1e8c')\n\n    @allure.title('test order db create backup non-belonging db')\n    def test_order_db_create_backup_non_belonging_db(self, get_token_backup_1, get_token_backup_2):\n        token, body, uuid = get_token_backup_1\n        token_2, body_2, uuid_2 = get_token_backup_2\n        response = API.post_db_backup_create(token=token, db_uuid=uuid_2)\n        Checking.check_status_code(response, 400)\n>       Checking.check_json_value(\n            response, 'content', \"db either not exist, not in good shape or not belong to the user\")\n\ntests_api/test_bd.py:483: \n_ _ _ _ _ _ _ _ _ _ _ _ _ _ _ _ _ _ _ _ _ _ _ _ _ _ _ _ _ _ _ _ _ _ _ _ _ _ _ _ \n\nresponse = <Response [400]>, field_name = 'content'\nexpected_value = 'db either not exist, not in good shape or not belong to the user'\n\n    @staticmethod\n    def check_json_value(response: requests.models.Response, field_name: str, expected_value):\n        \"\"\"\n        :param response: requests.models.Response\n        :param field_name:\n        :param expected_value:\n        \"\"\"\n        check = response.json()\n        check_info = check.get(field_name)\n        with allure.step(\n                f'Compare result request with expected value:'\n                f'\\nResponse: {response}\\nField name: {field_name}\\nValue: {expected_value}'):\n>           assert check_info == expected_value, 'Result is not equal expected value'\nE           AssertionError: Result is not equal expected value\n\ntests_api/utils/checking.py:57: AssertionError",
  "flaky" : false,
  "newFailed" : false,
  "beforeStages" : [ {
    "name" : "get_token_backup_2",
    "time" : {
      "start" : 1760925370223,
      "stop" : 1760925370529,
      "duration" : 306
    },
    "status" : "passed",
    "steps" : [ {
      "name" : "Assert status code: 200 == Response status code: 200",
      "time" : {
        "start" : 1760925370528,
        "stop" : 1760925370528,
        "duration" : 0
      },
      "status" : "passed",
      "steps" : [ ],
      "attachments" : [ ],
      "parameters" : [ ],
      "stepsCount" : 0,
      "attachmentsCount" : 0,
      "shouldDisplayMessage" : false,
      "hasContent" : false
    } ],
    "attachments" : [ ],
    "parameters" : [ ],
    "stepsCount" : 1,
    "attachmentsCount" : 0,
    "shouldDisplayMessage" : false,
    "hasContent" : true
  }, {
    "name" : "get_token_backup_1",
    "time" : {
      "start" : 1760925369909,
      "stop" : 1760925370223,
      "duration" : 314
    },
    "status" : "passed",
    "steps" : [ {
      "name" : "Assert status code: 200 == Response status code: 200",
      "time" : {
        "start" : 1760925370223,
        "stop" : 1760925370223,
        "duration" : 0
      },
      "status" : "passed",
      "steps" : [ ],
      "attachments" : [ ],
      "parameters" : [ ],
      "stepsCount" : 0,
      "attachmentsCount" : 0,
      "shouldDisplayMessage" : false,
      "hasContent" : false
    } ],
    "attachments" : [ ],
    "parameters" : [ ],
    "stepsCount" : 1,
    "attachmentsCount" : 0,
    "shouldDisplayMessage" : false,
    "hasContent" : true
  } ],
  "testStage" : {
    "status" : "failed",
    "statusMessage" : "AssertionError: Result is not equal expected value",
    "statusTrace" : "self = <tests_api.test_bd.TestBackup object at 0x7fb82597a150>\nget_token_backup_1 = ('12be0e97-e2e4-42cf-8a72-2bca20676785', {'email': 'testbackup1@gmail.com', 'password': 'ZuOhK0WqZ3CJ8RPaf4dj'}, '066dc8a6-240f-701b-8000-a17ea063eafa')\nget_token_backup_2 = ('10342414-9806-4f12-a1aa-13a5ded7f1a7', {'email': 'testbackup2@gmail.com', 'password': 'gwqldBUEoNGUiBrKFeVv'}, '066dc8d1-2d0a-753b-8000-ba69b49e1e8c')\n\n    @allure.title('test order db create backup non-belonging db')\n    def test_order_db_create_backup_non_belonging_db(self, get_token_backup_1, get_token_backup_2):\n        token, body, uuid = get_token_backup_1\n        token_2, body_2, uuid_2 = get_token_backup_2\n        response = API.post_db_backup_create(token=token, db_uuid=uuid_2)\n        Checking.check_status_code(response, 400)\n>       Checking.check_json_value(\n            response, 'content', \"db either not exist, not in good shape or not belong to the user\")\n\ntests_api/test_bd.py:483: \n_ _ _ _ _ _ _ _ _ _ _ _ _ _ _ _ _ _ _ _ _ _ _ _ _ _ _ _ _ _ _ _ _ _ _ _ _ _ _ _ \n\nresponse = <Response [400]>, field_name = 'content'\nexpected_value = 'db either not exist, not in good shape or not belong to the user'\n\n    @staticmethod\n    def check_json_value(response: requests.models.Response, field_name: str, expected_value):\n        \"\"\"\n        :param response: requests.models.Response\n        :param field_name:\n        :param expected_value:\n        \"\"\"\n        check = response.json()\n        check_info = check.get(field_name)\n        with allure.step(\n                f'Compare result request with expected value:'\n                f'\\nResponse: {response}\\nField name: {field_name}\\nValue: {expected_value}'):\n>           assert check_info == expected_value, 'Result is not equal expected value'\nE           AssertionError: Result is not equal expected value\n\ntests_api/utils/checking.py:57: AssertionError",
    "steps" : [ {
      "name" : "Endpoint: /db_backup_create",
      "time" : {
        "start" : 1760925370837,
        "stop" : 1760925370837,
        "duration" : 0
      },
      "status" : "passed",
      "steps" : [ ],
      "attachments" : [ ],
      "parameters" : [ ],
      "stepsCount" : 0,
      "attachmentsCount" : 0,
      "shouldDisplayMessage" : false,
      "hasContent" : false
    }, {
      "name" : "Request:",
      "time" : {
        "start" : 1760925370837,
        "stop" : 1760925370837,
        "duration" : 0
      },
      "status" : "passed",
      "steps" : [ {
        "name" : "Headers: {'Content-Type': 'application/json', 'Authorization': {'12be0e97-e2e4-42cf-8a72-2bca20676785'}}",
        "time" : {
          "start" : 1760925370837,
          "stop" : 1760925370837,
          "duration" : 0
        },
        "status" : "passed",
        "steps" : [ ],
        "attachments" : [ ],
        "parameters" : [ ],
        "stepsCount" : 0,
        "attachmentsCount" : 0,
        "shouldDisplayMessage" : false,
        "hasContent" : false
      } ],
      "attachments" : [ ],
      "parameters" : [ ],
      "stepsCount" : 1,
      "attachmentsCount" : 0,
      "shouldDisplayMessage" : false,
      "hasContent" : true
    }, {
      "name" : "Response:",
      "time" : {
        "start" : 1760925370837,
        "stop" : 1760925370837,
        "duration" : 0
      },
      "status" : "passed",
      "steps" : [ {
        "name" : "Status code: 400",
        "time" : {
          "start" : 1760925370837,
          "stop" : 1760925370837,
          "duration" : 0
        },
        "status" : "passed",
        "steps" : [ ],
        "attachments" : [ ],
        "parameters" : [ ],
        "stepsCount" : 0,
        "attachmentsCount" : 0,
        "shouldDisplayMessage" : false,
        "hasContent" : false
      }, {
        "name" : "JSON: {\n    \"content\": \"db either not exist, not in good shape, or does not belong to the user\"\n}\n",
        "time" : {
          "start" : 1760925370837,
          "stop" : 1760925370837,
          "duration" : 0
        },
        "status" : "passed",
        "steps" : [ ],
        "attachments" : [ ],
        "parameters" : [ ],
        "stepsCount" : 0,
        "attachmentsCount" : 0,
        "shouldDisplayMessage" : false,
        "hasContent" : false
      } ],
      "attachments" : [ ],
      "parameters" : [ ],
      "stepsCount" : 2,
      "attachmentsCount" : 0,
      "shouldDisplayMessage" : false,
      "hasContent" : true
    }, {
      "name" : "Assert status code: 400 == Response status code: 400",
      "time" : {
        "start" : 1760925370837,
        "stop" : 1760925370837,
        "duration" : 0
      },
      "status" : "passed",
      "steps" : [ ],
      "attachments" : [ ],
      "parameters" : [ ],
      "stepsCount" : 0,
      "attachmentsCount" : 0,
      "shouldDisplayMessage" : false,
      "hasContent" : false
    }, {
      "name" : "Compare result request with expected value:\nResponse: <Response [400]>\nField name: content\nValue: db either not exist, not in good shape or not belong to the user",
      "time" : {
        "start" : 1760925370837,
        "stop" : 1760925370837,
        "duration" : 0
      },
      "status" : "failed",
      "statusMessage" : "AssertionError: Result is not equal expected value\n",
      "statusTrace" : "  File \"/home/runner/work/Oblache/Oblache/tests_api/utils/checking.py\", line 57, in check_json_value\n    assert check_info == expected_value, 'Result is not equal expected value'\n           ^^^^^^^^^^^^^^^^^^^^^^^^^^^^\n",
      "steps" : [ ],
      "attachments" : [ ],
      "parameters" : [ ],
      "stepsCount" : 0,
      "attachmentsCount" : 0,
      "shouldDisplayMessage" : true,
      "hasContent" : true
    } ],
    "attachments" : [ ],
    "parameters" : [ ],
    "stepsCount" : 8,
    "attachmentsCount" : 0,
    "shouldDisplayMessage" : true,
    "hasContent" : true
  },
  "afterStages" : [ ],
  "labels" : [ {
    "name" : "suite",
    "value" : "Test Backup"
  }, {
    "name" : "parentSuite",
    "value" : "tests_api"
  }, {
    "name" : "subSuite",
    "value" : "TestBackup"
  }, {
    "name" : "host",
    "value" : "runnervmzdgdc"
  }, {
    "name" : "thread",
    "value" : "2617-MainThread"
  }, {
    "name" : "framework",
    "value" : "pytest"
  }, {
    "name" : "language",
    "value" : "cpython3"
  }, {
    "name" : "package",
    "value" : "tests_api.test_bd"
  }, {
    "name" : "resultFormat",
    "value" : "allure2"
  } ],
  "parameters" : [ ],
  "links" : [ ],
  "hidden" : false,
  "retry" : false,
  "extra" : {
    "severity" : "normal",
    "retries" : [ ],
    "categories" : [ {
      "name" : "Product defects",
      "matchedStatuses" : [ ],
      "flaky" : false
    } ],
    "history" : {
      "statistic" : {
        "failed" : 98,
        "broken" : 0,
        "skipped" : 0,
        "passed" : 225,
        "unknown" : 0,
        "total" : 323
      },
      "items" : [ {
        "uid" : "d2395920d8ae915f",
        "reportUrl" : "https://lambotik.github.io/Oblache/537//#testresult/d2395920d8ae915f",
        "status" : "failed",
        "statusDetails" : "AssertionError: Incorrect status code: 500",
        "time" : {
          "start" : 1760839151496,
          "stop" : 1760839151809,
          "duration" : 313
        }
      }, {
        "uid" : "269362523377d64",
        "reportUrl" : "https://lambotik.github.io/Oblache/536//#testresult/269362523377d64",
        "status" : "failed",
        "statusDetails" : "AssertionError: Incorrect status code: 500",
        "time" : {
          "start" : 1760751795094,
          "stop" : 1760751795538,
          "duration" : 444
        }
      }, {
        "uid" : "44b6c7c5f598680f",
        "reportUrl" : "https://lambotik.github.io/Oblache/535//#testresult/44b6c7c5f598680f",
        "status" : "failed",
        "statusDetails" : "AssertionError: Incorrect status code: 500",
        "time" : {
          "start" : 1760665635113,
          "stop" : 1760665635537,
          "duration" : 424
        }
      }, {
        "uid" : "e6b231e2cf2cb48c",
        "reportUrl" : "https://lambotik.github.io/Oblache/534//#testresult/e6b231e2cf2cb48c",
        "status" : "failed",
        "statusDetails" : "AssertionError: Incorrect status code: 500",
        "time" : {
          "start" : 1760579291350,
          "stop" : 1760579291720,
          "duration" : 370
        }
      }, {
        "uid" : "37ca1a1ab59e85d5",
        "reportUrl" : "https://lambotik.github.io/Oblache/533//#testresult/37ca1a1ab59e85d5",
        "status" : "failed",
        "statusDetails" : "AssertionError: Incorrect status code: 500",
        "time" : {
          "start" : 1760493015983,
          "stop" : 1760493016485,
          "duration" : 502
        }
      }, {
        "uid" : "909401fa9c3458a8",
        "reportUrl" : "https://lambotik.github.io/Oblache/532//#testresult/909401fa9c3458a8",
        "status" : "failed",
        "statusDetails" : "AssertionError: Incorrect status code: 500",
        "time" : {
          "start" : 1760406434614,
          "stop" : 1760406434926,
          "duration" : 312
        }
      }, {
        "uid" : "edb2dfd86d3367c3",
        "reportUrl" : "https://lambotik.github.io/Oblache/531//#testresult/edb2dfd86d3367c3",
        "status" : "failed",
        "statusDetails" : "AssertionError: Result is not equal expected value",
        "time" : {
          "start" : 1760320394890,
          "stop" : 1760320395199,
          "duration" : 309
        }
      }, {
        "uid" : "93437701ee3ae1b2",
        "reportUrl" : "https://lambotik.github.io/Oblache/530//#testresult/93437701ee3ae1b2",
        "status" : "failed",
        "statusDetails" : "AssertionError: Incorrect status code: 500",
        "time" : {
          "start" : 1760233817622,
          "stop" : 1760233818145,
          "duration" : 523
        }
      }, {
        "uid" : "4df38dbbe86cb5f",
        "reportUrl" : "https://lambotik.github.io/Oblache/529//#testresult/4df38dbbe86cb5f",
        "status" : "failed",
        "statusDetails" : "AssertionError: Incorrect status code: 500",
        "time" : {
          "start" : 1760146933161,
          "stop" : 1760146933515,
          "duration" : 354
        }
      }, {
        "uid" : "8301f96d0e9b70a8",
        "reportUrl" : "https://lambotik.github.io/Oblache/528//#testresult/8301f96d0e9b70a8",
        "status" : "failed",
        "statusDetails" : "AssertionError: Incorrect status code: 502",
        "time" : {
          "start" : 1760060772143,
          "stop" : 1760060772143,
          "duration" : 0
        }
      }, {
        "uid" : "80c0c6fc71cdcccc",
        "reportUrl" : "https://lambotik.github.io/Oblache/527//#testresult/80c0c6fc71cdcccc",
        "status" : "failed",
        "statusDetails" : "AssertionError: Incorrect status code: 502",
        "time" : {
          "start" : 1759974312294,
          "stop" : 1759974312294,
          "duration" : 0
        }
      }, {
        "uid" : "62377dc0c3572cea",
        "reportUrl" : "https://lambotik.github.io/Oblache/526//#testresult/62377dc0c3572cea",
        "status" : "failed",
        "statusDetails" : "AssertionError: Incorrect status code: 502",
        "time" : {
          "start" : 1759887873791,
          "stop" : 1759887873791,
          "duration" : 0
        }
      }, {
        "uid" : "3bc442e7e6f62466",
        "reportUrl" : "https://lambotik.github.io/Oblache/525//#testresult/3bc442e7e6f62466",
        "status" : "failed",
        "statusDetails" : "AssertionError: Incorrect status code: 502",
        "time" : {
          "start" : 1759801450425,
          "stop" : 1759801450425,
          "duration" : 0
        }
      }, {
        "uid" : "b7c0b20c94d60a02",
        "reportUrl" : "https://lambotik.github.io/Oblache/524//#testresult/b7c0b20c94d60a02",
        "status" : "failed",
        "statusDetails" : "AssertionError: Incorrect status code: 502",
        "time" : {
          "start" : 1759715239823,
          "stop" : 1759715239823,
          "duration" : 0
        }
      }, {
        "uid" : "aaa69c4e0d8483c7",
        "reportUrl" : "https://lambotik.github.io/Oblache/523//#testresult/aaa69c4e0d8483c7",
        "status" : "failed",
        "statusDetails" : "AssertionError: Incorrect status code: 500",
        "time" : {
          "start" : 1759629253584,
          "stop" : 1759629254019,
          "duration" : 435
        }
      }, {
        "uid" : "140cec58b323e137",
        "reportUrl" : "https://lambotik.github.io/Oblache/522//#testresult/140cec58b323e137",
        "status" : "failed",
        "statusDetails" : "AssertionError: Incorrect status code: 500",
        "time" : {
          "start" : 1759542076880,
          "stop" : 1759542077296,
          "duration" : 416
        }
      }, {
        "uid" : "ae8cf78dbb8079b8",
        "reportUrl" : "https://lambotik.github.io/Oblache/521//#testresult/ae8cf78dbb8079b8",
        "status" : "failed",
        "statusDetails" : "AssertionError: Result is not equal expected value",
        "time" : {
          "start" : 1759455855083,
          "stop" : 1759455855481,
          "duration" : 398
        }
      }, {
        "uid" : "bf7e408bd8d06864",
        "reportUrl" : "https://lambotik.github.io/Oblache/520//#testresult/bf7e408bd8d06864",
        "status" : "failed",
        "statusDetails" : "AssertionError: Result is not equal expected value",
        "time" : {
          "start" : 1759369451059,
          "stop" : 1759369451407,
          "duration" : 348
        }
      }, {
        "uid" : "a4b6d9d6956a5d24",
        "reportUrl" : "https://lambotik.github.io/Oblache/519//#testresult/a4b6d9d6956a5d24",
        "status" : "failed",
        "statusDetails" : "AssertionError: Incorrect status code: 500",
        "time" : {
          "start" : 1759283773930,
          "stop" : 1759283774454,
          "duration" : 524
        }
      }, {
        "uid" : "a9b050f14b5e0b80",
        "reportUrl" : "https://lambotik.github.io/Oblache/518//#testresult/a9b050f14b5e0b80",
        "status" : "failed",
        "statusDetails" : "AssertionError: Result is not equal expected value",
        "time" : {
          "start" : 1759196652525,
          "stop" : 1759196652874,
          "duration" : 349
        }
      } ]
    },
    "tags" : [ ]
  },
  "source" : "e9489742537a0f86.json",
  "parameterValues" : [ ]
}