{
  "uid" : "7c9879b9cdd62f7a",
  "name" : "POST checking ports_len negative symbols",
  "fullName" : "tests_api.test_bd.TestPOST#test_post_checking_ports_len_negative_symbols",
  "historyId" : "381cac88cc6f55198cae5b20cb94989e",
  "time" : {
    "start" : 1747789935967,
    "stop" : 1747789936330,
    "duration" : 363
  },
  "status" : "failed",
  "statusMessage" : "AssertionError: Result is not equal expected value",
  "statusTrace" : "self = <tests_api.test_bd.TestPOST object at 0x7f3f902bc0b0>\n\n    @allure.title('POST checking ports_len negative symbols')\n    def test_post_checking_ports_len_negative_symbols(self):\n        result = API.post_create_docker_container_checking_ports(\n            token=TestPOST.token,\n            port_len=\"qwert\")\n        Checking.check_status_code(result, 400)\n>       Checking.check_json_value(result, 'msg', \"msg[]: ports range isn't accepted\")\n\ntests_api/test_bd.py:399: \n_ _ _ _ _ _ _ _ _ _ _ _ _ _ _ _ _ _ _ _ _ _ _ _ _ _ _ _ _ _ _ _ _ _ _ _ _ _ _ _ \n\nresponse = <Response [400]>, field_name = 'msg'\nexpected_value = \"msg[]: ports range isn't accepted\"\n\n    @staticmethod\n    def check_json_value(response: requests.models.Response, field_name: str, expected_value):\n        \"\"\"\n        :param response: requests.models.Response\n        :param field_name:\n        :param expected_value:\n        \"\"\"\n        check = response.json()\n        check_info = check.get(field_name)\n        with allure.step(\n                f'Compare result request with expected value:'\n                f'\\nResponse: {response}\\nField name: {field_name}\\nValue: {expected_value}'):\n>           assert check_info == expected_value, 'Result is not equal expected value'\nE           AssertionError: Result is not equal expected value\n\ntests_api/utils/checking.py:57: AssertionError",
  "flaky" : false,
  "newFailed" : false,
  "beforeStages" : [ ],
  "testStage" : {
    "status" : "failed",
    "statusMessage" : "AssertionError: Result is not equal expected value",
    "statusTrace" : "self = <tests_api.test_bd.TestPOST object at 0x7f3f902bc0b0>\n\n    @allure.title('POST checking ports_len negative symbols')\n    def test_post_checking_ports_len_negative_symbols(self):\n        result = API.post_create_docker_container_checking_ports(\n            token=TestPOST.token,\n            port_len=\"qwert\")\n        Checking.check_status_code(result, 400)\n>       Checking.check_json_value(result, 'msg', \"msg[]: ports range isn't accepted\")\n\ntests_api/test_bd.py:399: \n_ _ _ _ _ _ _ _ _ _ _ _ _ _ _ _ _ _ _ _ _ _ _ _ _ _ _ _ _ _ _ _ _ _ _ _ _ _ _ _ \n\nresponse = <Response [400]>, field_name = 'msg'\nexpected_value = \"msg[]: ports range isn't accepted\"\n\n    @staticmethod\n    def check_json_value(response: requests.models.Response, field_name: str, expected_value):\n        \"\"\"\n        :param response: requests.models.Response\n        :param field_name:\n        :param expected_value:\n        \"\"\"\n        check = response.json()\n        check_info = check.get(field_name)\n        with allure.step(\n                f'Compare result request with expected value:'\n                f'\\nResponse: {response}\\nField name: {field_name}\\nValue: {expected_value}'):\n>           assert check_info == expected_value, 'Result is not equal expected value'\nE           AssertionError: Result is not equal expected value\n\ntests_api/utils/checking.py:57: AssertionError",
    "steps" : [ {
      "name" : "post_create_docker_container",
      "time" : {
        "start" : 1747789935967,
        "stop" : 1747789936329,
        "duration" : 362
      },
      "status" : "passed",
      "steps" : [ {
        "name" : "Endpoint: /container_create",
        "time" : {
          "start" : 1747789936329,
          "stop" : 1747789936329,
          "duration" : 0
        },
        "status" : "passed",
        "steps" : [ ],
        "attachments" : [ ],
        "parameters" : [ ],
        "stepsCount" : 0,
        "attachmentsCount" : 0,
        "shouldDisplayMessage" : false,
        "hasContent" : false
      }, {
        "name" : "Request:",
        "time" : {
          "start" : 1747789936329,
          "stop" : 1747789936329,
          "duration" : 0
        },
        "status" : "passed",
        "steps" : [ {
          "name" : "Headers: {'Content-Type': 'application/json', 'Authorization': {'70398676-d73b-4089-8263-10af48fbb4b7'}}",
          "time" : {
            "start" : 1747789936329,
            "stop" : 1747789936329,
            "duration" : 0
          },
          "status" : "passed",
          "steps" : [ ],
          "attachments" : [ ],
          "parameters" : [ ],
          "stepsCount" : 0,
          "attachmentsCount" : 0,
          "shouldDisplayMessage" : false,
          "hasContent" : false
        }, {
          "name" : "Body: {\"docker_image\": \"nginx\", \"int_ports\": f\"qwert\", \"env\": 3, \"region\": 3}",
          "time" : {
            "start" : 1747789936329,
            "stop" : 1747789936329,
            "duration" : 0
          },
          "status" : "passed",
          "steps" : [ ],
          "attachments" : [ ],
          "parameters" : [ ],
          "stepsCount" : 0,
          "attachmentsCount" : 0,
          "shouldDisplayMessage" : false,
          "hasContent" : false
        } ],
        "attachments" : [ ],
        "parameters" : [ ],
        "stepsCount" : 2,
        "attachmentsCount" : 0,
        "shouldDisplayMessage" : false,
        "hasContent" : true
      }, {
        "name" : "Response:",
        "time" : {
          "start" : 1747789936329,
          "stop" : 1747789936329,
          "duration" : 0
        },
        "status" : "passed",
        "steps" : [ {
          "name" : "Status code: 400",
          "time" : {
            "start" : 1747789936329,
            "stop" : 1747789936329,
            "duration" : 0
          },
          "status" : "passed",
          "steps" : [ ],
          "attachments" : [ ],
          "parameters" : [ ],
          "stepsCount" : 0,
          "attachmentsCount" : 0,
          "shouldDisplayMessage" : false,
          "hasContent" : false
        }, {
          "name" : "JSON: {\n    \"msg_code\": -1,\n    \"msg\": \"endpoint is disabled\"\n}\n",
          "time" : {
            "start" : 1747789936329,
            "stop" : 1747789936329,
            "duration" : 0
          },
          "status" : "passed",
          "steps" : [ ],
          "attachments" : [ ],
          "parameters" : [ ],
          "stepsCount" : 0,
          "attachmentsCount" : 0,
          "shouldDisplayMessage" : false,
          "hasContent" : false
        } ],
        "attachments" : [ ],
        "parameters" : [ ],
        "stepsCount" : 2,
        "attachmentsCount" : 0,
        "shouldDisplayMessage" : false,
        "hasContent" : true
      } ],
      "attachments" : [ ],
      "parameters" : [ ],
      "stepsCount" : 7,
      "attachmentsCount" : 0,
      "shouldDisplayMessage" : false,
      "hasContent" : true
    }, {
      "name" : "Assert status code: 400 == Response status code: 400",
      "time" : {
        "start" : 1747789936329,
        "stop" : 1747789936329,
        "duration" : 0
      },
      "status" : "passed",
      "steps" : [ ],
      "attachments" : [ ],
      "parameters" : [ ],
      "stepsCount" : 0,
      "attachmentsCount" : 0,
      "shouldDisplayMessage" : false,
      "hasContent" : false
    }, {
      "name" : "Compare result request with expected value:\nResponse: <Response [400]>\nField name: msg\nValue: msg[]: ports range isn't accepted",
      "time" : {
        "start" : 1747789936330,
        "stop" : 1747789936330,
        "duration" : 0
      },
      "status" : "failed",
      "statusMessage" : "AssertionError: Result is not equal expected value\n",
      "statusTrace" : "  File \"/home/runner/work/Oblache/Oblache/tests_api/utils/checking.py\", line 57, in check_json_value\n    assert check_info == expected_value, 'Result is not equal expected value'\n           ^^^^^^^^^^^^^^^^^^^^^^^^^^^^\n",
      "steps" : [ ],
      "attachments" : [ ],
      "parameters" : [ ],
      "stepsCount" : 0,
      "attachmentsCount" : 0,
      "shouldDisplayMessage" : true,
      "hasContent" : true
    } ],
    "attachments" : [ ],
    "parameters" : [ ],
    "stepsCount" : 10,
    "attachmentsCount" : 0,
    "shouldDisplayMessage" : true,
    "hasContent" : true
  },
  "afterStages" : [ ],
  "labels" : [ {
    "name" : "suite",
    "value" : "POST"
  }, {
    "name" : "parentSuite",
    "value" : "tests_api"
  }, {
    "name" : "subSuite",
    "value" : "TestPOST"
  }, {
    "name" : "host",
    "value" : "pkrvmf6wy0o8zjz"
  }, {
    "name" : "thread",
    "value" : "2569-MainThread"
  }, {
    "name" : "framework",
    "value" : "pytest"
  }, {
    "name" : "language",
    "value" : "cpython3"
  }, {
    "name" : "package",
    "value" : "tests_api.test_bd"
  }, {
    "name" : "resultFormat",
    "value" : "allure2"
  } ],
  "parameters" : [ ],
  "links" : [ ],
  "hidden" : false,
  "retry" : false,
  "extra" : {
    "severity" : "normal",
    "retries" : [ ],
    "categories" : [ {
      "name" : "Product defects",
      "matchedStatuses" : [ ],
      "flaky" : false
    } ],
    "history" : {
      "statistic" : {
        "failed" : 158,
        "broken" : 0,
        "skipped" : 0,
        "passed" : 36,
        "unknown" : 0,
        "total" : 194
      },
      "items" : [ {
        "uid" : "6b8f129ac47a7ef6",
        "reportUrl" : "https://lambotik.github.io/Oblache/408//#testresult/6b8f129ac47a7ef6",
        "status" : "failed",
        "statusDetails" : "AssertionError: Result is not equal expected value",
        "time" : {
          "start" : 1747703566350,
          "stop" : 1747703566653,
          "duration" : 303
        }
      }, {
        "uid" : "5774be0af08e6002",
        "reportUrl" : "https://lambotik.github.io/Oblache/407//#testresult/5774be0af08e6002",
        "status" : "failed",
        "statusDetails" : "AssertionError: Result is not equal expected value",
        "time" : {
          "start" : 1747617280502,
          "stop" : 1747617280820,
          "duration" : 318
        }
      }, {
        "uid" : "1561458f812e74cf",
        "reportUrl" : "https://lambotik.github.io/Oblache/406//#testresult/1561458f812e74cf",
        "status" : "failed",
        "statusDetails" : "AssertionError: Result is not equal expected value",
        "time" : {
          "start" : 1747530976608,
          "stop" : 1747530976964,
          "duration" : 356
        }
      }, {
        "uid" : "f7f645615c9ec21e",
        "reportUrl" : "https://lambotik.github.io/Oblache/405//#testresult/f7f645615c9ec21e",
        "status" : "failed",
        "statusDetails" : "AssertionError: Result is not equal expected value",
        "time" : {
          "start" : 1747444220527,
          "stop" : 1747444220883,
          "duration" : 356
        }
      }, {
        "uid" : "eeb4b3780406c1f6",
        "reportUrl" : "https://lambotik.github.io/Oblache/404//#testresult/eeb4b3780406c1f6",
        "status" : "failed",
        "statusDetails" : "AssertionError: Result is not equal expected value",
        "time" : {
          "start" : 1747357921081,
          "stop" : 1747357921411,
          "duration" : 330
        }
      }, {
        "uid" : "842fc0220d638a30",
        "reportUrl" : "https://lambotik.github.io/Oblache/403//#testresult/842fc0220d638a30",
        "status" : "failed",
        "statusDetails" : "AssertionError: Result is not equal expected value",
        "time" : {
          "start" : 1747271315644,
          "stop" : 1747271315945,
          "duration" : 301
        }
      }, {
        "uid" : "ad878fd97c5661f9",
        "reportUrl" : "https://lambotik.github.io/Oblache/402//#testresult/ad878fd97c5661f9",
        "status" : "failed",
        "statusDetails" : "AssertionError: Result is not equal expected value",
        "time" : {
          "start" : 1747185060555,
          "stop" : 1747185061083,
          "duration" : 528
        }
      }, {
        "uid" : "207432cb0549db85",
        "reportUrl" : "https://lambotik.github.io/Oblache/401//#testresult/207432cb0549db85",
        "status" : "failed",
        "statusDetails" : "AssertionError: Result is not equal expected value",
        "time" : {
          "start" : 1747098728270,
          "stop" : 1747098728644,
          "duration" : 374
        }
      }, {
        "uid" : "9c78249dfa8b7812",
        "reportUrl" : "https://lambotik.github.io/Oblache/400//#testresult/9c78249dfa8b7812",
        "status" : "failed",
        "statusDetails" : "AssertionError: Result is not equal expected value",
        "time" : {
          "start" : 1747012432271,
          "stop" : 1747012432683,
          "duration" : 412
        }
      }, {
        "uid" : "3ef7de0ffd9709e7",
        "reportUrl" : "https://lambotik.github.io/Oblache/399//#testresult/3ef7de0ffd9709e7",
        "status" : "failed",
        "statusDetails" : "AssertionError: Result is not equal expected value",
        "time" : {
          "start" : 1746926132226,
          "stop" : 1746926132727,
          "duration" : 501
        }
      }, {
        "uid" : "12499f41a13f9c6",
        "reportUrl" : "https://lambotik.github.io/Oblache/398//#testresult/12499f41a13f9c6",
        "status" : "failed",
        "statusDetails" : "AssertionError: Result is not equal expected value",
        "time" : {
          "start" : 1746839289660,
          "stop" : 1746839289969,
          "duration" : 309
        }
      }, {
        "uid" : "88c483c06b2cd6f7",
        "reportUrl" : "https://lambotik.github.io/Oblache/397//#testresult/88c483c06b2cd6f7",
        "status" : "failed",
        "statusDetails" : "AssertionError: Result is not equal expected value",
        "time" : {
          "start" : 1746753043120,
          "stop" : 1746753043437,
          "duration" : 317
        }
      }, {
        "uid" : "bf8a899fd005c502",
        "reportUrl" : "https://lambotik.github.io/Oblache/396//#testresult/bf8a899fd005c502",
        "status" : "failed",
        "statusDetails" : "AssertionError: Result is not equal expected value",
        "time" : {
          "start" : 1746666697113,
          "stop" : 1746666697630,
          "duration" : 517
        }
      }, {
        "uid" : "1aabc60c4deb1649",
        "reportUrl" : "https://lambotik.github.io/Oblache/395//#testresult/1aabc60c4deb1649",
        "status" : "failed",
        "statusDetails" : "AssertionError: Result is not equal expected value",
        "time" : {
          "start" : 1746580267137,
          "stop" : 1746580267644,
          "duration" : 507
        }
      }, {
        "uid" : "61a8a19a7e0220f9",
        "reportUrl" : "https://lambotik.github.io/Oblache/394//#testresult/61a8a19a7e0220f9",
        "status" : "failed",
        "statusDetails" : "AssertionError: Result is not equal expected value",
        "time" : {
          "start" : 1746493834541,
          "stop" : 1746493834857,
          "duration" : 316
        }
      }, {
        "uid" : "d066c2d24e2ed48f",
        "reportUrl" : "https://lambotik.github.io/Oblache/393//#testresult/d066c2d24e2ed48f",
        "status" : "failed",
        "statusDetails" : "AssertionError: Result is not equal expected value",
        "time" : {
          "start" : 1746407589161,
          "stop" : 1746407589521,
          "duration" : 360
        }
      }, {
        "uid" : "c81647ce80f467c8",
        "reportUrl" : "https://lambotik.github.io/Oblache/389//#testresult/c81647ce80f467c8",
        "status" : "failed",
        "statusDetails" : "AssertionError: Result is not equal expected value",
        "time" : {
          "start" : 1746062152088,
          "stop" : 1746062152404,
          "duration" : 316
        }
      }, {
        "uid" : "cc4286922e0d8658",
        "reportUrl" : "https://lambotik.github.io/Oblache/388//#testresult/cc4286922e0d8658",
        "status" : "failed",
        "statusDetails" : "AssertionError: Result is not equal expected value",
        "time" : {
          "start" : 1745975385208,
          "stop" : 1745975385520,
          "duration" : 312
        }
      }, {
        "uid" : "e136a278ef81c8eb",
        "reportUrl" : "https://lambotik.github.io/Oblache/387//#testresult/e136a278ef81c8eb",
        "status" : "failed",
        "statusDetails" : "AssertionError: Result is not equal expected value",
        "time" : {
          "start" : 1745888961743,
          "stop" : 1745888962112,
          "duration" : 369
        }
      }, {
        "uid" : "75029923baa2d782",
        "reportUrl" : "https://lambotik.github.io/Oblache/386//#testresult/75029923baa2d782",
        "status" : "failed",
        "statusDetails" : "AssertionError: Result is not equal expected value",
        "time" : {
          "start" : 1745802691997,
          "stop" : 1745802692528,
          "duration" : 531
        }
      } ]
    },
    "tags" : [ ]
  },
  "source" : "7c9879b9cdd62f7a.json",
  "parameterValues" : [ ]
}