{
  "uid" : "13c18e3860bbfe89",
  "name" : "POST create_docker_container_without_token",
  "fullName" : "tests_api.test_bd.TestPOST#test_post_create_docker_with_defunct_image",
  "historyId" : "346493b9ad20460bc067ba466e60ac88",
  "time" : {
    "start" : 1741136680312,
    "stop" : 1741136680693,
    "duration" : 381
  },
  "status" : "failed",
  "statusMessage" : "AssertionError: Result is not equal expected value",
  "statusTrace" : "self = <tests_api.test_bd.TestPOST object at 0x7f31bd646540>\n\n    @allure.title('POST create_docker_container_without_token')\n    def test_post_create_docker_with_defunct_image(self):\n        result = API.post_create_docker_container_with_defunct_image(token=TestPOST.token)\n        Checking.check_status_code(result, 400)\n>       Checking.check_json_value(result, 'msg', \"msg[]: the image doesn't found in the DockerHub\")\n\ntests_api/test_bd.py:411: \n_ _ _ _ _ _ _ _ _ _ _ _ _ _ _ _ _ _ _ _ _ _ _ _ _ _ _ _ _ _ _ _ _ _ _ _ _ _ _ _ \n\nresponse = <Response [400]>, field_name = 'msg'\nexpected_value = \"msg[]: the image doesn't found in the DockerHub\"\n\n    @staticmethod\n    def check_json_value(response: requests.models.Response, field_name: str, expected_value):\n        \"\"\"\n        :param response: requests.models.Response\n        :param field_name:\n        :param expected_value:\n        \"\"\"\n        check = response.json()\n        check_info = check.get(field_name)\n        with allure.step(\n                f'Compare result request with expected value:'\n                f'\\nResponse: {response}\\nField name: {field_name}\\nValue: {expected_value}'):\n>           assert check_info == expected_value, 'Result is not equal expected value'\nE           AssertionError: Result is not equal expected value\n\ntests_api/utils/checking.py:57: AssertionError",
  "flaky" : false,
  "newFailed" : false,
  "beforeStages" : [ ],
  "testStage" : {
    "status" : "failed",
    "statusMessage" : "AssertionError: Result is not equal expected value",
    "statusTrace" : "self = <tests_api.test_bd.TestPOST object at 0x7f31bd646540>\n\n    @allure.title('POST create_docker_container_without_token')\n    def test_post_create_docker_with_defunct_image(self):\n        result = API.post_create_docker_container_with_defunct_image(token=TestPOST.token)\n        Checking.check_status_code(result, 400)\n>       Checking.check_json_value(result, 'msg', \"msg[]: the image doesn't found in the DockerHub\")\n\ntests_api/test_bd.py:411: \n_ _ _ _ _ _ _ _ _ _ _ _ _ _ _ _ _ _ _ _ _ _ _ _ _ _ _ _ _ _ _ _ _ _ _ _ _ _ _ _ \n\nresponse = <Response [400]>, field_name = 'msg'\nexpected_value = \"msg[]: the image doesn't found in the DockerHub\"\n\n    @staticmethod\n    def check_json_value(response: requests.models.Response, field_name: str, expected_value):\n        \"\"\"\n        :param response: requests.models.Response\n        :param field_name:\n        :param expected_value:\n        \"\"\"\n        check = response.json()\n        check_info = check.get(field_name)\n        with allure.step(\n                f'Compare result request with expected value:'\n                f'\\nResponse: {response}\\nField name: {field_name}\\nValue: {expected_value}'):\n>           assert check_info == expected_value, 'Result is not equal expected value'\nE           AssertionError: Result is not equal expected value\n\ntests_api/utils/checking.py:57: AssertionError",
    "steps" : [ {
      "name" : "post_create_docker_container_with_defunct_image",
      "time" : {
        "start" : 1741136680312,
        "stop" : 1741136680692,
        "duration" : 380
      },
      "status" : "passed",
      "steps" : [ {
        "name" : "Endpoint: /container_create",
        "time" : {
          "start" : 1741136680692,
          "stop" : 1741136680692,
          "duration" : 0
        },
        "status" : "passed",
        "steps" : [ ],
        "attachments" : [ ],
        "parameters" : [ ],
        "stepsCount" : 0,
        "attachmentsCount" : 0,
        "shouldDisplayMessage" : false,
        "hasContent" : false
      }, {
        "name" : "Request:",
        "time" : {
          "start" : 1741136680692,
          "stop" : 1741136680692,
          "duration" : 0
        },
        "status" : "passed",
        "steps" : [ {
          "name" : "Url: https://dbend.areso.pro/container_create",
          "time" : {
            "start" : 1741136680692,
            "stop" : 1741136680692,
            "duration" : 0
          },
          "status" : "passed",
          "steps" : [ ],
          "attachments" : [ ],
          "parameters" : [ ],
          "stepsCount" : 0,
          "attachmentsCount" : 0,
          "shouldDisplayMessage" : false,
          "hasContent" : false
        }, {
          "name" : "Headers: {'Content-Type': 'application/json', 'Authorization': 'c9d6de3b-1372-4341-9acd-da33b79728f6'}",
          "time" : {
            "start" : 1741136680692,
            "stop" : 1741136680692,
            "duration" : 0
          },
          "status" : "passed",
          "steps" : [ ],
          "attachments" : [ ],
          "parameters" : [ ],
          "stepsCount" : 0,
          "attachmentsCount" : 0,
          "shouldDisplayMessage" : false,
          "hasContent" : false
        }, {
          "name" : "Body: {\"docker_image\": \"\", \"int_ports\": \"80\", \"env\": 3, \"region\": 3}",
          "time" : {
            "start" : 1741136680692,
            "stop" : 1741136680692,
            "duration" : 0
          },
          "status" : "passed",
          "steps" : [ ],
          "attachments" : [ ],
          "parameters" : [ ],
          "stepsCount" : 0,
          "attachmentsCount" : 0,
          "shouldDisplayMessage" : false,
          "hasContent" : false
        } ],
        "attachments" : [ ],
        "parameters" : [ ],
        "stepsCount" : 3,
        "attachmentsCount" : 0,
        "shouldDisplayMessage" : false,
        "hasContent" : true
      }, {
        "name" : "Response:",
        "time" : {
          "start" : 1741136680692,
          "stop" : 1741136680692,
          "duration" : 0
        },
        "status" : "passed",
        "steps" : [ {
          "name" : "Status code: 400",
          "time" : {
            "start" : 1741136680692,
            "stop" : 1741136680692,
            "duration" : 0
          },
          "status" : "passed",
          "steps" : [ ],
          "attachments" : [ ],
          "parameters" : [ ],
          "stepsCount" : 0,
          "attachmentsCount" : 0,
          "shouldDisplayMessage" : false,
          "hasContent" : false
        }, {
          "name" : "JSON: {\n    \"msg_code\": -1,\n    \"msg\": \"endpoint is disabled\"\n}\n",
          "time" : {
            "start" : 1741136680692,
            "stop" : 1741136680692,
            "duration" : 0
          },
          "status" : "passed",
          "steps" : [ ],
          "attachments" : [ ],
          "parameters" : [ ],
          "stepsCount" : 0,
          "attachmentsCount" : 0,
          "shouldDisplayMessage" : false,
          "hasContent" : false
        } ],
        "attachments" : [ ],
        "parameters" : [ ],
        "stepsCount" : 2,
        "attachmentsCount" : 0,
        "shouldDisplayMessage" : false,
        "hasContent" : true
      } ],
      "attachments" : [ ],
      "parameters" : [ ],
      "stepsCount" : 8,
      "attachmentsCount" : 0,
      "shouldDisplayMessage" : false,
      "hasContent" : true
    }, {
      "name" : "Assert status code: 400 == Response status code: 400",
      "time" : {
        "start" : 1741136680692,
        "stop" : 1741136680692,
        "duration" : 0
      },
      "status" : "passed",
      "steps" : [ ],
      "attachments" : [ ],
      "parameters" : [ ],
      "stepsCount" : 0,
      "attachmentsCount" : 0,
      "shouldDisplayMessage" : false,
      "hasContent" : false
    }, {
      "name" : "Compare result request with expected value:\nResponse: <Response [400]>\nField name: msg\nValue: msg[]: the image doesn't found in the DockerHub",
      "time" : {
        "start" : 1741136680692,
        "stop" : 1741136680692,
        "duration" : 0
      },
      "status" : "failed",
      "statusMessage" : "AssertionError: Result is not equal expected value\n",
      "statusTrace" : "  File \"/home/runner/work/Oblache/Oblache/tests_api/utils/checking.py\", line 57, in check_json_value\n    assert check_info == expected_value, 'Result is not equal expected value'\n           ^^^^^^^^^^^^^^^^^^^^^^^^^^^^\n",
      "steps" : [ ],
      "attachments" : [ ],
      "parameters" : [ ],
      "stepsCount" : 0,
      "attachmentsCount" : 0,
      "shouldDisplayMessage" : true,
      "hasContent" : true
    } ],
    "attachments" : [ ],
    "parameters" : [ ],
    "stepsCount" : 11,
    "attachmentsCount" : 0,
    "shouldDisplayMessage" : true,
    "hasContent" : true
  },
  "afterStages" : [ ],
  "labels" : [ {
    "name" : "suite",
    "value" : "POST"
  }, {
    "name" : "parentSuite",
    "value" : "tests_api"
  }, {
    "name" : "subSuite",
    "value" : "TestPOST"
  }, {
    "name" : "host",
    "value" : "fv-az1704-861"
  }, {
    "name" : "thread",
    "value" : "2452-MainThread"
  }, {
    "name" : "framework",
    "value" : "pytest"
  }, {
    "name" : "language",
    "value" : "cpython3"
  }, {
    "name" : "package",
    "value" : "tests_api.test_bd"
  }, {
    "name" : "resultFormat",
    "value" : "allure2"
  } ],
  "parameters" : [ ],
  "links" : [ ],
  "hidden" : false,
  "retry" : false,
  "extra" : {
    "severity" : "normal",
    "retries" : [ ],
    "categories" : [ {
      "name" : "Product defects",
      "matchedStatuses" : [ ],
      "flaky" : false
    } ],
    "history" : {
      "statistic" : {
        "failed" : 79,
        "broken" : 0,
        "skipped" : 0,
        "passed" : 36,
        "unknown" : 0,
        "total" : 115
      },
      "items" : [ {
        "uid" : "9294b15bf71bdd14",
        "reportUrl" : "https://lambotik.github.io/Oblache/331//#testresult/9294b15bf71bdd14",
        "status" : "failed",
        "statusDetails" : "AssertionError: Result is not equal expected value",
        "time" : {
          "start" : 1741050276817,
          "stop" : 1741050277123,
          "duration" : 306
        }
      }, {
        "uid" : "2950aa4eac72b1b6",
        "reportUrl" : "https://lambotik.github.io/Oblache/330//#testresult/2950aa4eac72b1b6",
        "status" : "failed",
        "statusDetails" : "AssertionError: Result is not equal expected value",
        "time" : {
          "start" : 1740963967738,
          "stop" : 1740963968108,
          "duration" : 370
        }
      }, {
        "uid" : "1a5310251ef6e6b0",
        "reportUrl" : "https://lambotik.github.io/Oblache/329//#testresult/1a5310251ef6e6b0",
        "status" : "failed",
        "statusDetails" : "AssertionError: Result is not equal expected value",
        "time" : {
          "start" : 1740877667226,
          "stop" : 1740877667605,
          "duration" : 379
        }
      }, {
        "uid" : "f972383f94bcf5c6",
        "reportUrl" : "https://lambotik.github.io/Oblache/328//#testresult/f972383f94bcf5c6",
        "status" : "failed",
        "statusDetails" : "AssertionError: Result is not equal expected value",
        "time" : {
          "start" : 1740791302975,
          "stop" : 1740791303277,
          "duration" : 302
        }
      }, {
        "uid" : "634d82e1f07857b5",
        "reportUrl" : "https://lambotik.github.io/Oblache/327//#testresult/634d82e1f07857b5",
        "status" : "failed",
        "statusDetails" : "AssertionError: Result is not equal expected value",
        "time" : {
          "start" : 1740704634341,
          "stop" : 1740704634661,
          "duration" : 320
        }
      }, {
        "uid" : "289ce1fa90bf5931",
        "reportUrl" : "https://lambotik.github.io/Oblache/326//#testresult/289ce1fa90bf5931",
        "status" : "failed",
        "statusDetails" : "AssertionError: Result is not equal expected value",
        "time" : {
          "start" : 1740618212375,
          "stop" : 1740618212734,
          "duration" : 359
        }
      }, {
        "uid" : "831f6cb49049e80e",
        "reportUrl" : "https://lambotik.github.io/Oblache/325//#testresult/831f6cb49049e80e",
        "status" : "failed",
        "statusDetails" : "AssertionError: Result is not equal expected value",
        "time" : {
          "start" : 1740531815599,
          "stop" : 1740531815914,
          "duration" : 315
        }
      }, {
        "uid" : "c12d5d73b2196036",
        "reportUrl" : "https://lambotik.github.io/Oblache/324//#testresult/c12d5d73b2196036",
        "status" : "failed",
        "statusDetails" : "AssertionError: Result is not equal expected value",
        "time" : {
          "start" : 1740445424974,
          "stop" : 1740445425339,
          "duration" : 365
        }
      }, {
        "uid" : "6b23d0391ab3ce2b",
        "reportUrl" : "https://lambotik.github.io/Oblache/323//#testresult/6b23d0391ab3ce2b",
        "status" : "failed",
        "statusDetails" : "AssertionError: Result is not equal expected value",
        "time" : {
          "start" : 1740359094269,
          "stop" : 1740359094785,
          "duration" : 516
        }
      }, {
        "uid" : "911a7c246151e4b2",
        "reportUrl" : "https://lambotik.github.io/Oblache/322//#testresult/911a7c246151e4b2",
        "status" : "failed",
        "statusDetails" : "AssertionError: Result is not equal expected value",
        "time" : {
          "start" : 1740272824591,
          "stop" : 1740272825128,
          "duration" : 537
        }
      }, {
        "uid" : "f9411423eb38a06",
        "reportUrl" : "https://lambotik.github.io/Oblache/321//#testresult/f9411423eb38a06",
        "status" : "failed",
        "statusDetails" : "AssertionError: Result is not equal expected value",
        "time" : {
          "start" : 1740186046083,
          "stop" : 1740186046400,
          "duration" : 317
        }
      }, {
        "uid" : "f36de8f37925e17a",
        "reportUrl" : "https://lambotik.github.io/Oblache/320//#testresult/f36de8f37925e17a",
        "status" : "failed",
        "statusDetails" : "AssertionError: Result is not equal expected value",
        "time" : {
          "start" : 1740099782837,
          "stop" : 1740099783334,
          "duration" : 497
        }
      }, {
        "uid" : "d3d3b04c3cd66d0c",
        "reportUrl" : "https://lambotik.github.io/Oblache/319//#testresult/d3d3b04c3cd66d0c",
        "status" : "failed",
        "statusDetails" : "AssertionError: Result is not equal expected value",
        "time" : {
          "start" : 1740013368415,
          "stop" : 1740013368785,
          "duration" : 370
        }
      }, {
        "uid" : "3a6421bb80a4eec3",
        "reportUrl" : "https://lambotik.github.io/Oblache/318//#testresult/3a6421bb80a4eec3",
        "status" : "failed",
        "statusDetails" : "AssertionError: Result is not equal expected value",
        "time" : {
          "start" : 1739926931354,
          "stop" : 1739926931670,
          "duration" : 316
        }
      }, {
        "uid" : "3fd3bd89e96aa155",
        "reportUrl" : "https://lambotik.github.io/Oblache/317//#testresult/3fd3bd89e96aa155",
        "status" : "failed",
        "statusDetails" : "AssertionError: Result is not equal expected value",
        "time" : {
          "start" : 1739840515232,
          "stop" : 1739840515549,
          "duration" : 317
        }
      }, {
        "uid" : "88fe28d431323f3a",
        "reportUrl" : "https://lambotik.github.io/Oblache/316//#testresult/88fe28d431323f3a",
        "status" : "failed",
        "statusDetails" : "AssertionError: Result is not equal expected value",
        "time" : {
          "start" : 1739754269539,
          "stop" : 1739754269854,
          "duration" : 315
        }
      }, {
        "uid" : "b8c2ead60e664ea2",
        "reportUrl" : "https://lambotik.github.io/Oblache/315//#testresult/b8c2ead60e664ea2",
        "status" : "failed",
        "statusDetails" : "AssertionError: Result is not equal expected value",
        "time" : {
          "start" : 1739668016083,
          "stop" : 1739668016395,
          "duration" : 312
        }
      }, {
        "uid" : "c323ae981878da54",
        "reportUrl" : "https://lambotik.github.io/Oblache/314//#testresult/c323ae981878da54",
        "status" : "failed",
        "statusDetails" : "AssertionError: Result is not equal expected value",
        "time" : {
          "start" : 1739581282029,
          "stop" : 1739581282540,
          "duration" : 511
        }
      }, {
        "uid" : "f8a3b08745b6b580",
        "reportUrl" : "https://lambotik.github.io/Oblache/313//#testresult/f8a3b08745b6b580",
        "status" : "failed",
        "statusDetails" : "AssertionError: Result is not equal expected value",
        "time" : {
          "start" : 1739494917645,
          "stop" : 1739494918029,
          "duration" : 384
        }
      }, {
        "uid" : "e8b895a3357f25ed",
        "reportUrl" : "https://lambotik.github.io/Oblache/312//#testresult/e8b895a3357f25ed",
        "status" : "failed",
        "statusDetails" : "AssertionError: Result is not equal expected value",
        "time" : {
          "start" : 1739408518930,
          "stop" : 1739408519236,
          "duration" : 306
        }
      } ]
    },
    "tags" : [ ]
  },
  "source" : "13c18e3860bbfe89.json",
  "parameterValues" : [ ]
}