{
  "uid" : "4b4757e66a1912dae1a509f688f20b0f",
  "children" : [ {
    "name" : "Product defects",
    "children" : [ {
      "name" : "AssertionError",
      "children" : [ {
        "name" : "Complex",
        "uid" : "4420b8028483d8c7",
        "parentUid" : "a0017ad855102fea08b8682d27fec4ca",
        "status" : "failed",
        "time" : {
          "start" : 1759196587265,
          "stop" : 1759196588936,
          "duration" : 1671
        },
        "flaky" : false,
        "newFailed" : false,
        "parameters" : [ ]
      } ],
      "uid" : "a0017ad855102fea08b8682d27fec4ca"
    }, {
      "name" : "AssertionError: Incorrect status code: 405",
      "children" : [ {
        "name" : "GET profile information.",
        "uid" : "3329277c43cdd39d",
        "parentUid" : "6ce48077ee434b83114021643b9f0289",
        "status" : "failed",
        "time" : {
          "start" : 1759196590399,
          "stop" : 1759196590742,
          "duration" : 343
        },
        "flaky" : false,
        "newFailed" : false,
        "parameters" : [ ]
      }, {
        "name" : "GET profile status.",
        "uid" : "db9041c6d535ec21",
        "parentUid" : "6ce48077ee434b83114021643b9f0289",
        "status" : "failed",
        "time" : {
          "start" : 1759196592858,
          "stop" : 1759196593204,
          "duration" : 346
        },
        "flaky" : false,
        "newFailed" : false,
        "parameters" : [ ]
      } ],
      "uid" : "6ce48077ee434b83114021643b9f0289"
    }, {
      "name" : "AssertionError: Incorrect status code: 403",
      "children" : [ {
        "name" : "POST create_docker_container",
        "uid" : "69c9dfe3955ccd42",
        "parentUid" : "dd07c1ccd1e26c576ac68eafee6c1c27",
        "status" : "failed",
        "time" : {
          "start" : 1759196606812,
          "stop" : 1759196608378,
          "duration" : 1566
        },
        "flaky" : false,
        "newFailed" : false,
        "parameters" : [ ]
      }, {
        "name" : "POST checking ports_len positive",
        "uid" : "1c343bc4f30a3a9e",
        "parentUid" : "dd07c1ccd1e26c576ac68eafee6c1c27",
        "status" : "failed",
        "time" : {
          "start" : 1759196608401,
          "stop" : 1759196609197,
          "duration" : 796
        },
        "flaky" : false,
        "newFailed" : false,
        "parameters" : [ ]
      } ],
      "uid" : "dd07c1ccd1e26c576ac68eafee6c1c27"
    }, {
      "name" : "AssertionError: Incorrect status code: 400",
      "children" : [ {
        "name" : "test order db create backup",
        "uid" : "3e64d7d847de4564",
        "parentUid" : "ec1bdd9b3acf2f50888fb060bbbb524f",
        "status" : "failed",
        "time" : {
          "start" : 1759196649262,
          "stop" : 1759196649633,
          "duration" : 371
        },
        "flaky" : false,
        "newFailed" : false,
        "parameters" : [ ]
      } ],
      "uid" : "ec1bdd9b3acf2f50888fb060bbbb524f"
    }, {
      "name" : "AssertionError: Result is not equal expected value",
      "children" : [ {
        "name" : "test order db create backup with wrong uuid",
        "uid" : "1d1b1afde995c427",
        "parentUid" : "eac86bbafedf046c6aeabf682ad8bd58",
        "status" : "failed",
        "time" : {
          "start" : 1759196650711,
          "stop" : 1759196651083,
          "duration" : 372
        },
        "flaky" : false,
        "newFailed" : false,
        "parameters" : [ ]
      }, {
        "name" : "test order db create backup non-belonging db",
        "uid" : "a9b050f14b5e0b80",
        "parentUid" : "eac86bbafedf046c6aeabf682ad8bd58",
        "status" : "failed",
        "time" : {
          "start" : 1759196652525,
          "stop" : 1759196652874,
          "duration" : 349
        },
        "flaky" : false,
        "newFailed" : false,
        "parameters" : [ ]
      } ],
      "uid" : "eac86bbafedf046c6aeabf682ad8bd58"
    }, {
      "name" : "AssertionError: Incorrect status code: 404",
      "children" : [ {
        "name" : "POST check static webpages without toke.",
        "uid" : "9886f1068269cb8d",
        "parentUid" : "0d4e03b7d50c1c3952192a83346e780e",
        "status" : "failed",
        "time" : {
          "start" : 1759196653252,
          "stop" : 1759196653582,
          "duration" : 330
        },
        "flaky" : false,
        "newFailed" : false,
        "parameters" : [ ]
      } ],
      "uid" : "0d4e03b7d50c1c3952192a83346e780e"
    }, {
      "name" : "AssertionError: Wrong answer from server or need manual deleting!!!",
      "children" : [ {
        "name" : "test_delete_database",
        "uid" : "b64b21eaf8c0ffdd",
        "parentUid" : "c220fb67c33f0db79926e7f15afd205f",
        "status" : "failed",
        "time" : {
          "start" : 1759196698364,
          "stop" : 1759196702135,
          "duration" : 3771
        },
        "flaky" : false,
        "newFailed" : false,
        "parameters" : [ ]
      } ],
      "uid" : "c220fb67c33f0db79926e7f15afd205f"
    } ],
    "uid" : "8fb3a91ba5aaf9de24cc8a92edc82b5d"
  }, {
    "name" : "Test defects",
    "children" : [ {
      "name" : "KeyError: 'data'",
      "children" : [ {
        "name" : "Capacity_db",
        "uid" : "6e2e2bd957ca4dfa",
        "parentUid" : "88ef35aeec016ef5066919761f4f2226",
        "status" : "broken",
        "time" : {
          "start" : 1759196588991,
          "stop" : 1759196589492,
          "duration" : 501
        },
        "flaky" : false,
        "newFailed" : false,
        "parameters" : [ ]
      } ],
      "uid" : "88ef35aeec016ef5066919761f4f2226"
    }, {
      "name" : "IndexError: list index out of range",
      "children" : [ {
        "name" : "POST delete_container",
        "uid" : "dc2c1273de3d6dff",
        "parentUid" : "cbf21ee610ffd376e0ce643a364ade80",
        "status" : "broken",
        "time" : {
          "start" : 1759196611445,
          "stop" : 1759196611797,
          "duration" : 352
        },
        "flaky" : false,
        "newFailed" : false,
        "parameters" : [ ]
      } ],
      "uid" : "cbf21ee610ffd376e0ce643a364ade80"
    }, {
      "name" : "selenium.common.exceptions.TimeoutException: Message: Can't find element by locator ('xpath', '//button[@id=\"menu_button_webpages\"]')\nStacktrace:\n#0 0x55d9da965cba <unknown>\n#1 0x55d9da3da8e0 <unknown>\n#2 0x55d9da42c580 <unknown>\n#3 0x55d9da42c771 <unknown>\n#4 0x55d9da47a864 <unknown>\n#5 0x55d9da45209d <unknown>\n#6 0x55d9da477c63 <unknown>\n#7 0x55d9da451e43 <unknown>\n#8 0x55d9da41e9a8 <unknown>\n#9 0x55d9da41f621 <unknown>\n#10 0x55d9da9298b8 <unknown>\n#11 0x55d9da92d5e2 <unknown>\n#12 0x55d9da910683 <unknown>\n#13 0x55d9da92e135 <unknown>\n#14 0x55d9da8f580f <unknown>\n#15 0x55d9da9524c8 <unknown>\n#16 0x55d9da9526a2 <unknown>\n#17 0x55d9da964dc3 <unknown>\n#18 0x7fc9da49caa4 <unknown>\n#19 0x7fc9da529c6c <unknown>",
      "children" : [ {
        "name" : "test_open_static_site_page",
        "uid" : "1c7f77b2fe483dfa",
        "parentUid" : "fd2e18bc0080c1e56656fd10730fa3be",
        "status" : "broken",
        "time" : {
          "start" : 1759196676438,
          "stop" : 1759196681942,
          "duration" : 5504
        },
        "flaky" : false,
        "newFailed" : false,
        "parameters" : [ ]
      } ],
      "uid" : "fd2e18bc0080c1e56656fd10730fa3be"
    }, {
      "name" : "selenium.common.exceptions.TimeoutException: Message: Can't find element by locator ('xpath', '//button[@id=\"menu_button_webpages\"]')\nStacktrace:\n#0 0x5559e8f0bcba <unknown>\n#1 0x5559e89808e0 <unknown>\n#2 0x5559e89d2580 <unknown>\n#3 0x5559e89d2771 <unknown>\n#4 0x5559e8a20864 <unknown>\n#5 0x5559e89f809d <unknown>\n#6 0x5559e8a1dc63 <unknown>\n#7 0x5559e89f7e43 <unknown>\n#8 0x5559e89c49a8 <unknown>\n#9 0x5559e89c5621 <unknown>\n#10 0x5559e8ecf8b8 <unknown>\n#11 0x5559e8ed35e2 <unknown>\n#12 0x5559e8eb6683 <unknown>\n#13 0x5559e8ed4135 <unknown>\n#14 0x5559e8e9b80f <unknown>\n#15 0x5559e8ef84c8 <unknown>\n#16 0x5559e8ef86a2 <unknown>\n#17 0x5559e8f0adc3 <unknown>\n#18 0x7fde87e9caa4 <unknown>\n#19 0x7fde87f29c6c <unknown>",
      "children" : [ {
        "name" : "test_check_title_of_static_table",
        "uid" : "99c77974bfcac113",
        "parentUid" : "1b0594efb3dc1fd99e78afcb02c23f32",
        "status" : "broken",
        "time" : {
          "start" : 1759196682904,
          "stop" : 1759196688400,
          "duration" : 5496
        },
        "flaky" : false,
        "newFailed" : false,
        "parameters" : [ ]
      } ],
      "uid" : "1b0594efb3dc1fd99e78afcb02c23f32"
    }, {
      "name" : "selenium.common.exceptions.TimeoutException: Message: Can't find element by locator ('xpath', '//div[@id=\"msg_from_server\"]')",
      "children" : [ {
        "name" : "test_create_database",
        "uid" : "ae30fcbf1d1ae1bc",
        "parentUid" : "3ade11a03a0ed1fd0050f9b450596951",
        "status" : "broken",
        "time" : {
          "start" : 1759196689333,
          "stop" : 1759196697427,
          "duration" : 8094
        },
        "flaky" : false,
        "newFailed" : false,
        "parameters" : [ ]
      } ],
      "uid" : "3ade11a03a0ed1fd0050f9b450596951"
    }, {
      "name" : "selenium.common.exceptions.TimeoutException: Message: Can't find element by locator ('xpath', '//div[@id=\"msg_copypaste\"]')",
      "children" : [ {
        "name" : "test_clipboard",
        "uid" : "24d1fecebada0b7d",
        "parentUid" : "bee44d5770599cac6bd2d55ef42f146f",
        "status" : "broken",
        "time" : {
          "start" : 1759196703133,
          "stop" : 1759196711256,
          "duration" : 8123
        },
        "flaky" : false,
        "newFailed" : false,
        "parameters" : [ ]
      }, {
        "name" : "test_clipboard_jdbc",
        "uid" : "88a484320142f99",
        "parentUid" : "bee44d5770599cac6bd2d55ef42f146f",
        "status" : "broken",
        "time" : {
          "start" : 1759196712247,
          "stop" : 1759196719826,
          "duration" : 7579
        },
        "flaky" : false,
        "newFailed" : false,
        "parameters" : [ ]
      } ],
      "uid" : "bee44d5770599cac6bd2d55ef42f146f"
    }, {
      "name" : "selenium.common.exceptions.TimeoutException: Message: Can't find element by locator ('xpath', '//table[@id=\"table_containers\"] //tr[1]/td[3] /button')\nStacktrace:\n#0 0x55bbc11a1cba <unknown>\n#1 0x55bbc0c168e0 <unknown>\n#2 0x55bbc0c68580 <unknown>\n#3 0x55bbc0c68771 <unknown>\n#4 0x55bbc0cb6864 <unknown>\n#5 0x55bbc0c8e09d <unknown>\n#6 0x55bbc0cb3c63 <unknown>\n#7 0x55bbc0c8de43 <unknown>\n#8 0x55bbc0c5a9a8 <unknown>\n#9 0x55bbc0c5b621 <unknown>\n#10 0x55bbc11658b8 <unknown>\n#11 0x55bbc11695e2 <unknown>\n#12 0x55bbc114c683 <unknown>\n#13 0x55bbc116a135 <unknown>\n#14 0x55bbc113180f <unknown>\n#15 0x55bbc118e4c8 <unknown>\n#16 0x55bbc118e6a2 <unknown>\n#17 0x55bbc11a0dc3 <unknown>\n#18 0x7f161809caa4 <unknown>\n#19 0x7f1618129c6c <unknown>",
      "children" : [ {
        "name" : "test_clipboard_uuid_docker",
        "uid" : "b4b9e03a1ccea62c",
        "parentUid" : "92008e151d96c85630038d6ceb2de6aa",
        "status" : "broken",
        "time" : {
          "start" : 1759196720799,
          "stop" : 1759196726905,
          "duration" : 6106
        },
        "flaky" : false,
        "newFailed" : false,
        "parameters" : [ ]
      } ],
      "uid" : "92008e151d96c85630038d6ceb2de6aa"
    } ],
    "uid" : "bdbf199525818fae7a8651db9eafe741"
  } ],
  "name" : "categories"
}