{
  "uid" : "8ba4661f799158d7",
  "name" : "POST checking ports_len negative symbols",
  "fullName" : "tests_api.test_bd.TestPOST#test_post_checking_ports_len_negative_symbols",
  "historyId" : "381cac88cc6f55198cae5b20cb94989e",
  "time" : {
    "start" : 1745284134736,
    "stop" : 1745284135231,
    "duration" : 495
  },
  "status" : "failed",
  "statusMessage" : "AssertionError: Result is not equal expected value",
  "statusTrace" : "self = <tests_api.test_bd.TestPOST object at 0x7f9d94fd9a60>\n\n    @allure.title('POST checking ports_len negative symbols')\n    def test_post_checking_ports_len_negative_symbols(self):\n        result = API.post_create_docker_container_checking_ports(\n            token=TestPOST.token,\n            port_len=\"qwert\")\n        Checking.check_status_code(result, 400)\n>       Checking.check_json_value(result, 'msg', \"msg[]: ports range isn't accepted\")\n\ntests_api/test_bd.py:399: \n_ _ _ _ _ _ _ _ _ _ _ _ _ _ _ _ _ _ _ _ _ _ _ _ _ _ _ _ _ _ _ _ _ _ _ _ _ _ _ _ \n\nresponse = <Response [400]>, field_name = 'msg'\nexpected_value = \"msg[]: ports range isn't accepted\"\n\n    @staticmethod\n    def check_json_value(response: requests.models.Response, field_name: str, expected_value):\n        \"\"\"\n        :param response: requests.models.Response\n        :param field_name:\n        :param expected_value:\n        \"\"\"\n        check = response.json()\n        check_info = check.get(field_name)\n        with allure.step(\n                f'Compare result request with expected value:'\n                f'\\nResponse: {response}\\nField name: {field_name}\\nValue: {expected_value}'):\n>           assert check_info == expected_value, 'Result is not equal expected value'\nE           AssertionError: Result is not equal expected value\n\ntests_api/utils/checking.py:57: AssertionError",
  "flaky" : false,
  "newFailed" : false,
  "beforeStages" : [ ],
  "testStage" : {
    "status" : "failed",
    "statusMessage" : "AssertionError: Result is not equal expected value",
    "statusTrace" : "self = <tests_api.test_bd.TestPOST object at 0x7f9d94fd9a60>\n\n    @allure.title('POST checking ports_len negative symbols')\n    def test_post_checking_ports_len_negative_symbols(self):\n        result = API.post_create_docker_container_checking_ports(\n            token=TestPOST.token,\n            port_len=\"qwert\")\n        Checking.check_status_code(result, 400)\n>       Checking.check_json_value(result, 'msg', \"msg[]: ports range isn't accepted\")\n\ntests_api/test_bd.py:399: \n_ _ _ _ _ _ _ _ _ _ _ _ _ _ _ _ _ _ _ _ _ _ _ _ _ _ _ _ _ _ _ _ _ _ _ _ _ _ _ _ \n\nresponse = <Response [400]>, field_name = 'msg'\nexpected_value = \"msg[]: ports range isn't accepted\"\n\n    @staticmethod\n    def check_json_value(response: requests.models.Response, field_name: str, expected_value):\n        \"\"\"\n        :param response: requests.models.Response\n        :param field_name:\n        :param expected_value:\n        \"\"\"\n        check = response.json()\n        check_info = check.get(field_name)\n        with allure.step(\n                f'Compare result request with expected value:'\n                f'\\nResponse: {response}\\nField name: {field_name}\\nValue: {expected_value}'):\n>           assert check_info == expected_value, 'Result is not equal expected value'\nE           AssertionError: Result is not equal expected value\n\ntests_api/utils/checking.py:57: AssertionError",
    "steps" : [ {
      "name" : "post_create_docker_container",
      "time" : {
        "start" : 1745284134736,
        "stop" : 1745284135230,
        "duration" : 494
      },
      "status" : "passed",
      "steps" : [ {
        "name" : "Endpoint: /container_create",
        "time" : {
          "start" : 1745284135230,
          "stop" : 1745284135230,
          "duration" : 0
        },
        "status" : "passed",
        "steps" : [ ],
        "attachments" : [ ],
        "parameters" : [ ],
        "stepsCount" : 0,
        "attachmentsCount" : 0,
        "shouldDisplayMessage" : false,
        "hasContent" : false
      }, {
        "name" : "Request:",
        "time" : {
          "start" : 1745284135230,
          "stop" : 1745284135230,
          "duration" : 0
        },
        "status" : "passed",
        "steps" : [ {
          "name" : "Headers: {'Content-Type': 'application/json', 'Authorization': '46f50dbe-e932-4252-b26f-78d470734aac'}",
          "time" : {
            "start" : 1745284135230,
            "stop" : 1745284135230,
            "duration" : 0
          },
          "status" : "passed",
          "steps" : [ ],
          "attachments" : [ ],
          "parameters" : [ ],
          "stepsCount" : 0,
          "attachmentsCount" : 0,
          "shouldDisplayMessage" : false,
          "hasContent" : false
        }, {
          "name" : "Body: {\"docker_image\": \"nginx\", \"int_ports\": f\"qwert\", \"env\": 3, \"region\": 3}",
          "time" : {
            "start" : 1745284135230,
            "stop" : 1745284135230,
            "duration" : 0
          },
          "status" : "passed",
          "steps" : [ ],
          "attachments" : [ ],
          "parameters" : [ ],
          "stepsCount" : 0,
          "attachmentsCount" : 0,
          "shouldDisplayMessage" : false,
          "hasContent" : false
        } ],
        "attachments" : [ ],
        "parameters" : [ ],
        "stepsCount" : 2,
        "attachmentsCount" : 0,
        "shouldDisplayMessage" : false,
        "hasContent" : true
      }, {
        "name" : "Response:",
        "time" : {
          "start" : 1745284135230,
          "stop" : 1745284135230,
          "duration" : 0
        },
        "status" : "passed",
        "steps" : [ {
          "name" : "Status code: 400",
          "time" : {
            "start" : 1745284135230,
            "stop" : 1745284135230,
            "duration" : 0
          },
          "status" : "passed",
          "steps" : [ ],
          "attachments" : [ ],
          "parameters" : [ ],
          "stepsCount" : 0,
          "attachmentsCount" : 0,
          "shouldDisplayMessage" : false,
          "hasContent" : false
        }, {
          "name" : "JSON: {\n    \"msg_code\": -1,\n    \"msg\": \"endpoint is disabled\"\n}\n",
          "time" : {
            "start" : 1745284135230,
            "stop" : 1745284135230,
            "duration" : 0
          },
          "status" : "passed",
          "steps" : [ ],
          "attachments" : [ ],
          "parameters" : [ ],
          "stepsCount" : 0,
          "attachmentsCount" : 0,
          "shouldDisplayMessage" : false,
          "hasContent" : false
        } ],
        "attachments" : [ ],
        "parameters" : [ ],
        "stepsCount" : 2,
        "attachmentsCount" : 0,
        "shouldDisplayMessage" : false,
        "hasContent" : true
      } ],
      "attachments" : [ ],
      "parameters" : [ ],
      "stepsCount" : 7,
      "attachmentsCount" : 0,
      "shouldDisplayMessage" : false,
      "hasContent" : true
    }, {
      "name" : "Assert status code: 400 == Response status code: 400",
      "time" : {
        "start" : 1745284135231,
        "stop" : 1745284135231,
        "duration" : 0
      },
      "status" : "passed",
      "steps" : [ ],
      "attachments" : [ ],
      "parameters" : [ ],
      "stepsCount" : 0,
      "attachmentsCount" : 0,
      "shouldDisplayMessage" : false,
      "hasContent" : false
    }, {
      "name" : "Compare result request with expected value:\nResponse: <Response [400]>\nField name: msg\nValue: msg[]: ports range isn't accepted",
      "time" : {
        "start" : 1745284135231,
        "stop" : 1745284135231,
        "duration" : 0
      },
      "status" : "failed",
      "statusMessage" : "AssertionError: Result is not equal expected value\n",
      "statusTrace" : "  File \"/home/runner/work/Oblache/Oblache/tests_api/utils/checking.py\", line 57, in check_json_value\n    assert check_info == expected_value, 'Result is not equal expected value'\n           ^^^^^^^^^^^^^^^^^^^^^^^^^^^^\n",
      "steps" : [ ],
      "attachments" : [ ],
      "parameters" : [ ],
      "stepsCount" : 0,
      "attachmentsCount" : 0,
      "shouldDisplayMessage" : true,
      "hasContent" : true
    } ],
    "attachments" : [ ],
    "parameters" : [ ],
    "stepsCount" : 10,
    "attachmentsCount" : 0,
    "shouldDisplayMessage" : true,
    "hasContent" : true
  },
  "afterStages" : [ ],
  "labels" : [ {
    "name" : "suite",
    "value" : "POST"
  }, {
    "name" : "parentSuite",
    "value" : "tests_api"
  }, {
    "name" : "subSuite",
    "value" : "TestPOST"
  }, {
    "name" : "host",
    "value" : "fv-az1335-760"
  }, {
    "name" : "thread",
    "value" : "2474-MainThread"
  }, {
    "name" : "framework",
    "value" : "pytest"
  }, {
    "name" : "language",
    "value" : "cpython3"
  }, {
    "name" : "package",
    "value" : "tests_api.test_bd"
  }, {
    "name" : "resultFormat",
    "value" : "allure2"
  } ],
  "parameters" : [ ],
  "links" : [ ],
  "hidden" : false,
  "retry" : false,
  "extra" : {
    "severity" : "normal",
    "retries" : [ ],
    "categories" : [ {
      "name" : "Product defects",
      "matchedStatuses" : [ ],
      "flaky" : false
    } ],
    "history" : {
      "statistic" : {
        "failed" : 132,
        "broken" : 0,
        "skipped" : 0,
        "passed" : 36,
        "unknown" : 0,
        "total" : 168
      },
      "items" : [ {
        "uid" : "a3ee542548ca8e14",
        "reportUrl" : "https://lambotik.github.io/Oblache/379//#testresult/a3ee542548ca8e14",
        "status" : "failed",
        "statusDetails" : "AssertionError: Result is not equal expected value",
        "time" : {
          "start" : 1745197952223,
          "stop" : 1745197952744,
          "duration" : 521
        }
      }, {
        "uid" : "8c870d452ba73de4",
        "reportUrl" : "https://lambotik.github.io/Oblache/378//#testresult/8c870d452ba73de4",
        "status" : "failed",
        "statusDetails" : "AssertionError: Result is not equal expected value",
        "time" : {
          "start" : 1745111588839,
          "stop" : 1745111589141,
          "duration" : 302
        }
      }, {
        "uid" : "f735eabb0608c284",
        "reportUrl" : "https://lambotik.github.io/Oblache/377//#testresult/f735eabb0608c284",
        "status" : "failed",
        "statusDetails" : "AssertionError: Result is not equal expected value",
        "time" : {
          "start" : 1745024737006,
          "stop" : 1745024737511,
          "duration" : 505
        }
      }, {
        "uid" : "2dcaf8d56a95cf9c",
        "reportUrl" : "https://lambotik.github.io/Oblache/376//#testresult/2dcaf8d56a95cf9c",
        "status" : "failed",
        "statusDetails" : "AssertionError: Result is not equal expected value",
        "time" : {
          "start" : 1744938464221,
          "stop" : 1744938464587,
          "duration" : 366
        }
      }, {
        "uid" : "591ce9017f6a38fd",
        "reportUrl" : "https://lambotik.github.io/Oblache/375//#testresult/591ce9017f6a38fd",
        "status" : "failed",
        "statusDetails" : "AssertionError: Result is not equal expected value",
        "time" : {
          "start" : 1744852101605,
          "stop" : 1744852101997,
          "duration" : 392
        }
      }, {
        "uid" : "c718bab42f90a4cd",
        "reportUrl" : "https://lambotik.github.io/Oblache/374//#testresult/c718bab42f90a4cd",
        "status" : "failed",
        "statusDetails" : "AssertionError: Result is not equal expected value",
        "time" : {
          "start" : 1744765747094,
          "stop" : 1744765747392,
          "duration" : 298
        }
      }, {
        "uid" : "91b24625ef3d4fab",
        "reportUrl" : "https://lambotik.github.io/Oblache/373//#testresult/91b24625ef3d4fab",
        "status" : "failed",
        "statusDetails" : "AssertionError: Result is not equal expected value",
        "time" : {
          "start" : 1744679387556,
          "stop" : 1744679387870,
          "duration" : 314
        }
      }, {
        "uid" : "8995f065806d97df",
        "reportUrl" : "https://lambotik.github.io/Oblache/372//#testresult/8995f065806d97df",
        "status" : "failed",
        "statusDetails" : "AssertionError: Result is not equal expected value",
        "time" : {
          "start" : 1744593053863,
          "stop" : 1744593054178,
          "duration" : 315
        }
      }, {
        "uid" : "f7c073ce0b67a2e",
        "reportUrl" : "https://lambotik.github.io/Oblache/371//#testresult/f7c073ce0b67a2e",
        "status" : "failed",
        "statusDetails" : "AssertionError: Result is not equal expected value",
        "time" : {
          "start" : 1744511804085,
          "stop" : 1744511804416,
          "duration" : 331
        }
      }, {
        "uid" : "66156d8c551ce009",
        "reportUrl" : "https://lambotik.github.io/Oblache/370//#testresult/66156d8c551ce009",
        "status" : "failed",
        "statusDetails" : "AssertionError: Result is not equal expected value",
        "time" : {
          "start" : 1744419987006,
          "stop" : 1744419987320,
          "duration" : 314
        }
      }, {
        "uid" : "95c2ea9edfadf5a2",
        "reportUrl" : "https://lambotik.github.io/Oblache/369//#testresult/95c2ea9edfadf5a2",
        "status" : "failed",
        "statusDetails" : "AssertionError: Result is not equal expected value",
        "time" : {
          "start" : 1744333699112,
          "stop" : 1744333699600,
          "duration" : 488
        }
      }, {
        "uid" : "a34e7d73d46aafe9",
        "reportUrl" : "https://lambotik.github.io/Oblache/368//#testresult/a34e7d73d46aafe9",
        "status" : "failed",
        "statusDetails" : "AssertionError: Result is not equal expected value",
        "time" : {
          "start" : 1744247246779,
          "stop" : 1744247247286,
          "duration" : 507
        }
      }, {
        "uid" : "e929316ef705c799",
        "reportUrl" : "https://lambotik.github.io/Oblache/367//#testresult/e929316ef705c799",
        "status" : "failed",
        "statusDetails" : "AssertionError: Result is not equal expected value",
        "time" : {
          "start" : 1744160851988,
          "stop" : 1744160852495,
          "duration" : 507
        }
      }, {
        "uid" : "b05ea33f6e077247",
        "reportUrl" : "https://lambotik.github.io/Oblache/366//#testresult/b05ea33f6e077247",
        "status" : "failed",
        "statusDetails" : "AssertionError: Result is not equal expected value",
        "time" : {
          "start" : 1744074434242,
          "stop" : 1744074434738,
          "duration" : 496
        }
      }, {
        "uid" : "1d9142569833126e",
        "reportUrl" : "https://lambotik.github.io/Oblache/365//#testresult/1d9142569833126e",
        "status" : "failed",
        "statusDetails" : "AssertionError: Incorrect status code: 502",
        "time" : {
          "start" : 1743988162667,
          "stop" : 1743988163139,
          "duration" : 472
        }
      }, {
        "uid" : "7952626b7c040d27",
        "reportUrl" : "https://lambotik.github.io/Oblache/364//#testresult/7952626b7c040d27",
        "status" : "failed",
        "statusDetails" : "AssertionError: Incorrect status code: 502",
        "time" : {
          "start" : 1743901871983,
          "stop" : 1743901872260,
          "duration" : 277
        }
      }, {
        "uid" : "83ac96f7655267ca",
        "reportUrl" : "https://lambotik.github.io/Oblache/363//#testresult/83ac96f7655267ca",
        "status" : "failed",
        "statusDetails" : "AssertionError: Result is not equal expected value",
        "time" : {
          "start" : 1743815147535,
          "stop" : 1743815147851,
          "duration" : 316
        }
      }, {
        "uid" : "50a5006f7f226f2b",
        "reportUrl" : "https://lambotik.github.io/Oblache/362//#testresult/50a5006f7f226f2b",
        "status" : "failed",
        "statusDetails" : "AssertionError: Result is not equal expected value",
        "time" : {
          "start" : 1743728808628,
          "stop" : 1743728809143,
          "duration" : 515
        }
      }, {
        "uid" : "d9588520b894b29b",
        "reportUrl" : "https://lambotik.github.io/Oblache/361//#testresult/d9588520b894b29b",
        "status" : "failed",
        "statusDetails" : "AssertionError: Result is not equal expected value",
        "time" : {
          "start" : 1743642419139,
          "stop" : 1743642419516,
          "duration" : 377
        }
      }, {
        "uid" : "f847500d7358be63",
        "reportUrl" : "https://lambotik.github.io/Oblache/360//#testresult/f847500d7358be63",
        "status" : "failed",
        "statusDetails" : "AssertionError: Result is not equal expected value",
        "time" : {
          "start" : 1743556075724,
          "stop" : 1743556076102,
          "duration" : 378
        }
      } ]
    },
    "tags" : [ ]
  },
  "source" : "8ba4661f799158d7.json",
  "parameterValues" : [ ]
}