{
  "uid" : "78d867522d3c3866",
  "name" : "POST login",
  "fullName" : "tests_api.test_bd.TestPOST#test_post_login",
  "historyId" : "c63a2718dd359ea9a57ebf3b258dd33a",
  "time" : {
    "start" : 1757986979435,
    "stop" : 1757986979785,
    "duration" : 350
  },
  "status" : "failed",
  "statusMessage" : "AssertionError: Incorrect status code: 500",
  "statusTrace" : "self = <tests_api.test_bd.TestPOST object at 0x7fa0ce35f8c0>\n\n    @allure.title('POST login')\n    def test_post_login(self):\n        response = API.post_login(body=TestPOST.body)\n>       Checking.check_status_code(response, 200)\n\ntests_api/test_bd.py:204: \n_ _ _ _ _ _ _ _ _ _ _ _ _ _ _ _ _ _ _ _ _ _ _ _ _ _ _ _ _ _ _ _ _ _ _ _ _ _ _ _ \n\nresult = <Response [500]>, status_code = 200\n\n    @staticmethod\n    def check_status_code(result: requests.models.Response, status_code: int):\n        \"\"\"\n        Method check status code\n        :param result: Response\n        :param status_code:\n        \"\"\"\n        with allure.step(f'Assert status code: {status_code} == Response status code: {result.status_code}'):\n>           assert status_code == result.status_code, f'Incorrect status code: {result.status_code}'\nE           AssertionError: Incorrect status code: 500\n\ntests_api/utils/checking.py:16: AssertionError",
  "flaky" : true,
  "newFailed" : true,
  "beforeStages" : [ ],
  "testStage" : {
    "status" : "failed",
    "statusMessage" : "AssertionError: Incorrect status code: 500",
    "statusTrace" : "self = <tests_api.test_bd.TestPOST object at 0x7fa0ce35f8c0>\n\n    @allure.title('POST login')\n    def test_post_login(self):\n        response = API.post_login(body=TestPOST.body)\n>       Checking.check_status_code(response, 200)\n\ntests_api/test_bd.py:204: \n_ _ _ _ _ _ _ _ _ _ _ _ _ _ _ _ _ _ _ _ _ _ _ _ _ _ _ _ _ _ _ _ _ _ _ _ _ _ _ _ \n\nresult = <Response [500]>, status_code = 200\n\n    @staticmethod\n    def check_status_code(result: requests.models.Response, status_code: int):\n        \"\"\"\n        Method check status code\n        :param result: Response\n        :param status_code:\n        \"\"\"\n        with allure.step(f'Assert status code: {status_code} == Response status code: {result.status_code}'):\n>           assert status_code == result.status_code, f'Incorrect status code: {result.status_code}'\nE           AssertionError: Incorrect status code: 500\n\ntests_api/utils/checking.py:16: AssertionError",
    "steps" : [ {
      "name" : "post_login",
      "time" : {
        "start" : 1757986979435,
        "stop" : 1757986979785,
        "duration" : 350
      },
      "status" : "passed",
      "steps" : [ {
        "name" : "Endpoint: /login",
        "time" : {
          "start" : 1757986979784,
          "stop" : 1757986979785,
          "duration" : 1
        },
        "status" : "passed",
        "steps" : [ ],
        "attachments" : [ ],
        "parameters" : [ ],
        "stepsCount" : 0,
        "attachmentsCount" : 0,
        "shouldDisplayMessage" : false,
        "hasContent" : false
      }, {
        "name" : "Request:",
        "time" : {
          "start" : 1757986979785,
          "stop" : 1757986979785,
          "duration" : 0
        },
        "status" : "passed",
        "steps" : [ {
          "name" : "Headers: {'Content-Type': 'application/json', 'Authorization': ''}",
          "time" : {
            "start" : 1757986979785,
            "stop" : 1757986979785,
            "duration" : 0
          },
          "status" : "passed",
          "steps" : [ ],
          "attachments" : [ ],
          "parameters" : [ ],
          "stepsCount" : 0,
          "attachmentsCount" : 0,
          "shouldDisplayMessage" : false,
          "hasContent" : false
        }, {
          "name" : "Body: {\"email\": email, \"password\": password}",
          "time" : {
            "start" : 1757986979785,
            "stop" : 1757986979785,
            "duration" : 0
          },
          "status" : "passed",
          "steps" : [ ],
          "attachments" : [ ],
          "parameters" : [ ],
          "stepsCount" : 0,
          "attachmentsCount" : 0,
          "shouldDisplayMessage" : false,
          "hasContent" : false
        } ],
        "attachments" : [ ],
        "parameters" : [ ],
        "stepsCount" : 2,
        "attachmentsCount" : 0,
        "shouldDisplayMessage" : false,
        "hasContent" : true
      }, {
        "name" : "Response:",
        "time" : {
          "start" : 1757986979785,
          "stop" : 1757986979785,
          "duration" : 0
        },
        "status" : "passed",
        "steps" : [ {
          "name" : "Status code: 500",
          "time" : {
            "start" : 1757986979785,
            "stop" : 1757986979785,
            "duration" : 0
          },
          "status" : "passed",
          "steps" : [ ],
          "attachments" : [ ],
          "parameters" : [ ],
          "stepsCount" : 0,
          "attachmentsCount" : 0,
          "shouldDisplayMessage" : false,
          "hasContent" : false
        }, {
          "name" : "JSON: Some general exception",
          "time" : {
            "start" : 1757986979785,
            "stop" : 1757986979785,
            "duration" : 0
          },
          "status" : "passed",
          "steps" : [ ],
          "attachments" : [ ],
          "parameters" : [ ],
          "stepsCount" : 0,
          "attachmentsCount" : 0,
          "shouldDisplayMessage" : false,
          "hasContent" : false
        } ],
        "attachments" : [ ],
        "parameters" : [ ],
        "stepsCount" : 2,
        "attachmentsCount" : 0,
        "shouldDisplayMessage" : false,
        "hasContent" : true
      } ],
      "attachments" : [ ],
      "parameters" : [ ],
      "stepsCount" : 7,
      "attachmentsCount" : 0,
      "shouldDisplayMessage" : false,
      "hasContent" : true
    }, {
      "name" : "Assert status code: 200 == Response status code: 500",
      "time" : {
        "start" : 1757986979785,
        "stop" : 1757986979785,
        "duration" : 0
      },
      "status" : "failed",
      "statusMessage" : "AssertionError: Incorrect status code: 500\n",
      "statusTrace" : "  File \"/home/runner/work/Oblache/Oblache/tests_api/utils/checking.py\", line 16, in check_status_code\n    assert status_code == result.status_code, f'Incorrect status code: {result.status_code}'\n           ^^^^^^^^^^^^^^^^^^^^^^^^^^^^^^^^^\n",
      "steps" : [ ],
      "attachments" : [ ],
      "parameters" : [ ],
      "stepsCount" : 0,
      "attachmentsCount" : 0,
      "shouldDisplayMessage" : true,
      "hasContent" : true
    } ],
    "attachments" : [ ],
    "parameters" : [ ],
    "stepsCount" : 9,
    "attachmentsCount" : 0,
    "shouldDisplayMessage" : true,
    "hasContent" : true
  },
  "afterStages" : [ ],
  "labels" : [ {
    "name" : "suite",
    "value" : "POST"
  }, {
    "name" : "parentSuite",
    "value" : "tests_api"
  }, {
    "name" : "subSuite",
    "value" : "TestPOST"
  }, {
    "name" : "host",
    "value" : "runnervmf4ws1"
  }, {
    "name" : "thread",
    "value" : "2671-MainThread"
  }, {
    "name" : "framework",
    "value" : "pytest"
  }, {
    "name" : "language",
    "value" : "cpython3"
  }, {
    "name" : "package",
    "value" : "tests_api.test_bd"
  }, {
    "name" : "resultFormat",
    "value" : "allure2"
  } ],
  "parameters" : [ ],
  "links" : [ ],
  "hidden" : false,
  "retry" : false,
  "extra" : {
    "severity" : "normal",
    "retries" : [ ],
    "categories" : [ {
      "name" : "Product defects",
      "matchedStatuses" : [ ],
      "flaky" : false
    } ],
    "history" : {
      "statistic" : {
        "failed" : 31,
        "broken" : 0,
        "skipped" : 0,
        "passed" : 258,
        "unknown" : 0,
        "total" : 289
      },
      "items" : [ {
        "uid" : "d6904a4a2b2a3621",
        "reportUrl" : "https://lambotik.github.io/Oblache/503//#testresult/d6904a4a2b2a3621",
        "status" : "passed",
        "time" : {
          "start" : 1757901106155,
          "stop" : 1757901106586,
          "duration" : 431
        }
      }, {
        "uid" : "eb0b79ad41d54f73",
        "reportUrl" : "https://lambotik.github.io/Oblache/502//#testresult/eb0b79ad41d54f73",
        "status" : "passed",
        "time" : {
          "start" : 1757814614455,
          "stop" : 1757814614957,
          "duration" : 502
        }
      }, {
        "uid" : "8844622408c4b4c2",
        "reportUrl" : "https://lambotik.github.io/Oblache/501//#testresult/8844622408c4b4c2",
        "status" : "passed",
        "time" : {
          "start" : 1757727466988,
          "stop" : 1757727467299,
          "duration" : 311
        }
      }, {
        "uid" : "9d5731954f0b7333",
        "reportUrl" : "https://lambotik.github.io/Oblache/500//#testresult/9d5731954f0b7333",
        "status" : "passed",
        "time" : {
          "start" : 1757641307879,
          "stop" : 1757641308202,
          "duration" : 323
        }
      }, {
        "uid" : "2ffff0b32660adf5",
        "reportUrl" : "https://lambotik.github.io/Oblache/499//#testresult/2ffff0b32660adf5",
        "status" : "passed",
        "time" : {
          "start" : 1757555176843,
          "stop" : 1757555177165,
          "duration" : 322
        }
      }, {
        "uid" : "b58e081eef92084f",
        "reportUrl" : "https://lambotik.github.io/Oblache/498//#testresult/b58e081eef92084f",
        "status" : "passed",
        "time" : {
          "start" : 1757468612232,
          "stop" : 1757468612665,
          "duration" : 433
        }
      }, {
        "uid" : "5dd1e7cb402eedfd",
        "reportUrl" : "https://lambotik.github.io/Oblache/497//#testresult/5dd1e7cb402eedfd",
        "status" : "failed",
        "statusDetails" : "AssertionError: Incorrect status code: 502",
        "time" : {
          "start" : 1757382411914,
          "stop" : 1757382412197,
          "duration" : 283
        }
      }, {
        "uid" : "c3050ea8bee98f16",
        "reportUrl" : "https://lambotik.github.io/Oblache/496//#testresult/c3050ea8bee98f16",
        "status" : "failed",
        "statusDetails" : "AssertionError: Incorrect status code: 502",
        "time" : {
          "start" : 1757296242885,
          "stop" : 1757296243321,
          "duration" : 436
        }
      }, {
        "uid" : "2ec25f0e8a751eb3",
        "reportUrl" : "https://lambotik.github.io/Oblache/495//#testresult/2ec25f0e8a751eb3",
        "status" : "passed",
        "time" : {
          "start" : 1757209837776,
          "stop" : 1757209838142,
          "duration" : 366
        }
      }, {
        "uid" : "863062a936be505c",
        "reportUrl" : "https://lambotik.github.io/Oblache/494//#testresult/863062a936be505c",
        "status" : "passed",
        "time" : {
          "start" : 1757122919341,
          "stop" : 1757122919662,
          "duration" : 321
        }
      }, {
        "uid" : "d30a4c951ec649c1",
        "reportUrl" : "https://lambotik.github.io/Oblache/493//#testresult/d30a4c951ec649c1",
        "status" : "passed",
        "time" : {
          "start" : 1757036719436,
          "stop" : 1757036719944,
          "duration" : 508
        }
      }, {
        "uid" : "2eb92d4f32388e43",
        "reportUrl" : "https://lambotik.github.io/Oblache/492//#testresult/2eb92d4f32388e43",
        "status" : "passed",
        "time" : {
          "start" : 1756950175120,
          "stop" : 1756950175613,
          "duration" : 493
        }
      }, {
        "uid" : "d60e613a4eec6593",
        "reportUrl" : "https://lambotik.github.io/Oblache/491//#testresult/d60e613a4eec6593",
        "status" : "passed",
        "time" : {
          "start" : 1756863752180,
          "stop" : 1756863752561,
          "duration" : 381
        }
      }, {
        "uid" : "39da97ed3f75c240",
        "reportUrl" : "https://lambotik.github.io/Oblache/490//#testresult/39da97ed3f75c240",
        "status" : "passed",
        "time" : {
          "start" : 1756777759137,
          "stop" : 1756777759450,
          "duration" : 313
        }
      }, {
        "uid" : "21ab6b49d8942ff",
        "reportUrl" : "https://lambotik.github.io/Oblache/489//#testresult/21ab6b49d8942ff",
        "status" : "passed",
        "time" : {
          "start" : 1756692192105,
          "stop" : 1756692192598,
          "duration" : 493
        }
      }, {
        "uid" : "ea2f90876cdc8a08",
        "reportUrl" : "https://lambotik.github.io/Oblache/488//#testresult/ea2f90876cdc8a08",
        "status" : "failed",
        "statusDetails" : "AssertionError: Incorrect status code: 500",
        "time" : {
          "start" : 1756605183177,
          "stop" : 1756605183682,
          "duration" : 505
        }
      }, {
        "uid" : "6c30ed47ca77ec3a",
        "reportUrl" : "https://lambotik.github.io/Oblache/487//#testresult/6c30ed47ca77ec3a",
        "status" : "failed",
        "statusDetails" : "AssertionError: Incorrect status code: 502",
        "time" : {
          "start" : 1756518150049,
          "stop" : 1756518150328,
          "duration" : 279
        }
      }, {
        "uid" : "970b62d49a595a4a",
        "reportUrl" : "https://lambotik.github.io/Oblache/486//#testresult/970b62d49a595a4a",
        "status" : "passed",
        "time" : {
          "start" : 1756432056367,
          "stop" : 1756432056739,
          "duration" : 372
        }
      }, {
        "uid" : "7f2ea35c41d71093",
        "reportUrl" : "https://lambotik.github.io/Oblache/485//#testresult/7f2ea35c41d71093",
        "status" : "passed",
        "time" : {
          "start" : 1756345667213,
          "stop" : 1756345667536,
          "duration" : 323
        }
      }, {
        "uid" : "5cec15e02dc783a4",
        "reportUrl" : "https://lambotik.github.io/Oblache/484//#testresult/5cec15e02dc783a4",
        "status" : "passed",
        "time" : {
          "start" : 1756259312140,
          "stop" : 1756259312451,
          "duration" : 311
        }
      } ]
    },
    "tags" : [ ]
  },
  "source" : "78d867522d3c3866.json",
  "parameterValues" : [ ]
}