{
  "uid" : "810b17accfe56902",
  "name" : "test_clipboard",
  "fullName" : "tests_ui.test_ui.TestProfilePage#test_clipboard_uuid_db",
  "historyId" : "b32cefb1d87a8aa3bb37280cb980702f",
  "time" : {
    "start" : 1758073504990,
    "stop" : 1758073510915,
    "duration" : 5925
  },
  "status" : "broken",
  "statusMessage" : "selenium.common.exceptions.TimeoutException: Message: Can't find elements by locator ('xpath', '//tbody[@id=\"tbody_dbs\"]//tr')",
  "statusTrace" : "self = <tests_ui.test_ui.TestProfilePage object at 0x7fcde1170500>\ndriver = <selenium.webdriver.chrome.webdriver.WebDriver (session=\"c553e9c7ef0491d5483c7c260910cce3\")>\nauthorization_user = None\n\n    @allure.title('test_clipboard')\n    def test_clipboard_uuid_db(self, driver, authorization_user):\n        page = ProfilePage(driver, authorization_user)\n        page.click_button_databases()\n>       page.check_clipboard(\n            table_xpath='//tbody[@id=\"tbody_dbs\"]',\n            token=TestProfilePage.token)\n\ntests_ui/test_ui.py:99: \n_ _ _ _ _ _ _ _ _ _ _ _ _ _ _ _ _ _ _ _ _ _ _ _ _ _ _ _ _ _ _ _ _ _ _ _ _ _ _ _ \ntests_ui/profile_page.py:97: in check_clipboard\n    databases_list = self.elements_are_present((By.XPATH, f'{table_xpath}//tr'))\ntests_ui/base_page.py:50: in elements_are_present\n    return Wait(self.driver, self.timeout).until(\n_ _ _ _ _ _ _ _ _ _ _ _ _ _ _ _ _ _ _ _ _ _ _ _ _ _ _ _ _ _ _ _ _ _ _ _ _ _ _ _ \n\nself = <selenium.webdriver.support.wait.WebDriverWait (session=\"c553e9c7ef0491d5483c7c260910cce3\")>\nmethod = <function presence_of_all_elements_located.<locals>._predicate at 0x7fcde11ffd80>\nmessage = 'Can\\'t find elements by locator (\\'xpath\\', \\'//tbody[@id=\"tbody_dbs\"]//tr\\')'\n\n    def until(self, method: Callable[[D], Union[Literal[False], T]], message: str = \"\") -> T:\n        \"\"\"Calls the method provided with the driver as an argument until the \\\n        return value does not evaluate to ``False``.\n    \n        :param method: callable(WebDriver)\n        :param message: optional message for :exc:`TimeoutException`\n        :returns: the result of the last call to `method`\n        :raises: :exc:`selenium.common.exceptions.TimeoutException` if timeout occurs\n        \"\"\"\n        screen = None\n        stacktrace = None\n    \n        end_time = time.monotonic() + self._timeout\n        while True:\n            try:\n                value = method(self._driver)\n                if value:\n                    return value\n            except self._ignored_exceptions as exc:\n                screen = getattr(exc, \"screen\", None)\n                stacktrace = getattr(exc, \"stacktrace\", None)\n            time.sleep(self._poll)\n            if time.monotonic() > end_time:\n                break\n>       raise TimeoutException(message, screen, stacktrace)\nE       selenium.common.exceptions.TimeoutException: Message: Can't find elements by locator ('xpath', '//tbody[@id=\"tbody_dbs\"]//tr')\n\n/opt/hostedtoolcache/Python/3.12.11/x64/lib/python3.12/site-packages/selenium/webdriver/support/wait.py:105: TimeoutException",
  "flaky" : false,
  "newFailed" : false,
  "beforeStages" : [ {
    "name" : "driver",
    "time" : {
      "start" : 1758073504209,
      "stop" : 1758073504481,
      "duration" : 272
    },
    "status" : "passed",
    "steps" : [ ],
    "attachments" : [ ],
    "parameters" : [ ],
    "stepsCount" : 0,
    "attachmentsCount" : 0,
    "shouldDisplayMessage" : false,
    "hasContent" : false
  }, {
    "name" : "authorization_user",
    "time" : {
      "start" : 1758073504481,
      "stop" : 1758073504990,
      "duration" : 509
    },
    "status" : "passed",
    "steps" : [ {
      "name" : "Open page: https://oblache.areso.pro/register.html",
      "time" : {
        "start" : 1758073504481,
        "stop" : 1758073504792,
        "duration" : 311
      },
      "status" : "passed",
      "steps" : [ ],
      "attachments" : [ ],
      "parameters" : [ ],
      "stepsCount" : 0,
      "attachmentsCount" : 0,
      "shouldDisplayMessage" : false,
      "hasContent" : false
    }, {
      "name" : "Login user",
      "time" : {
        "start" : 1758073504793,
        "stop" : 1758073504990,
        "duration" : 197
      },
      "status" : "passed",
      "steps" : [ {
        "name" : "Enter email.",
        "time" : {
          "start" : 1758073504793,
          "stop" : 1758073504855,
          "duration" : 62
        },
        "status" : "passed",
        "steps" : [ ],
        "attachments" : [ ],
        "parameters" : [ ],
        "stepsCount" : 0,
        "attachmentsCount" : 0,
        "shouldDisplayMessage" : false,
        "hasContent" : false
      }, {
        "name" : "Enter password.",
        "time" : {
          "start" : 1758073504855,
          "stop" : 1758073504900,
          "duration" : 45
        },
        "status" : "passed",
        "steps" : [ ],
        "attachments" : [ ],
        "parameters" : [ ],
        "stepsCount" : 0,
        "attachmentsCount" : 0,
        "shouldDisplayMessage" : false,
        "hasContent" : false
      }, {
        "name" : "Click button \"Login\"",
        "time" : {
          "start" : 1758073504900,
          "stop" : 1758073504987,
          "duration" : 87
        },
        "status" : "passed",
        "steps" : [ ],
        "attachments" : [ ],
        "parameters" : [ ],
        "stepsCount" : 0,
        "attachmentsCount" : 0,
        "shouldDisplayMessage" : false,
        "hasContent" : false
      }, {
        "name" : "Check url is present: https://oblache.areso.pro/register.html",
        "time" : {
          "start" : 1758073504987,
          "stop" : 1758073504990,
          "duration" : 3
        },
        "status" : "passed",
        "steps" : [ ],
        "attachments" : [ ],
        "parameters" : [ ],
        "stepsCount" : 0,
        "attachmentsCount" : 0,
        "shouldDisplayMessage" : false,
        "hasContent" : false
      } ],
      "attachments" : [ ],
      "parameters" : [ ],
      "stepsCount" : 4,
      "attachmentsCount" : 0,
      "shouldDisplayMessage" : false,
      "hasContent" : true
    } ],
    "attachments" : [ ],
    "parameters" : [ ],
    "stepsCount" : 6,
    "attachmentsCount" : 0,
    "shouldDisplayMessage" : false,
    "hasContent" : true
  } ],
  "testStage" : {
    "status" : "broken",
    "statusMessage" : "selenium.common.exceptions.TimeoutException: Message: Can't find elements by locator ('xpath', '//tbody[@id=\"tbody_dbs\"]//tr')",
    "statusTrace" : "self = <tests_ui.test_ui.TestProfilePage object at 0x7fcde1170500>\ndriver = <selenium.webdriver.chrome.webdriver.WebDriver (session=\"c553e9c7ef0491d5483c7c260910cce3\")>\nauthorization_user = None\n\n    @allure.title('test_clipboard')\n    def test_clipboard_uuid_db(self, driver, authorization_user):\n        page = ProfilePage(driver, authorization_user)\n        page.click_button_databases()\n>       page.check_clipboard(\n            table_xpath='//tbody[@id=\"tbody_dbs\"]',\n            token=TestProfilePage.token)\n\ntests_ui/test_ui.py:99: \n_ _ _ _ _ _ _ _ _ _ _ _ _ _ _ _ _ _ _ _ _ _ _ _ _ _ _ _ _ _ _ _ _ _ _ _ _ _ _ _ \ntests_ui/profile_page.py:97: in check_clipboard\n    databases_list = self.elements_are_present((By.XPATH, f'{table_xpath}//tr'))\ntests_ui/base_page.py:50: in elements_are_present\n    return Wait(self.driver, self.timeout).until(\n_ _ _ _ _ _ _ _ _ _ _ _ _ _ _ _ _ _ _ _ _ _ _ _ _ _ _ _ _ _ _ _ _ _ _ _ _ _ _ _ \n\nself = <selenium.webdriver.support.wait.WebDriverWait (session=\"c553e9c7ef0491d5483c7c260910cce3\")>\nmethod = <function presence_of_all_elements_located.<locals>._predicate at 0x7fcde11ffd80>\nmessage = 'Can\\'t find elements by locator (\\'xpath\\', \\'//tbody[@id=\"tbody_dbs\"]//tr\\')'\n\n    def until(self, method: Callable[[D], Union[Literal[False], T]], message: str = \"\") -> T:\n        \"\"\"Calls the method provided with the driver as an argument until the \\\n        return value does not evaluate to ``False``.\n    \n        :param method: callable(WebDriver)\n        :param message: optional message for :exc:`TimeoutException`\n        :returns: the result of the last call to `method`\n        :raises: :exc:`selenium.common.exceptions.TimeoutException` if timeout occurs\n        \"\"\"\n        screen = None\n        stacktrace = None\n    \n        end_time = time.monotonic() + self._timeout\n        while True:\n            try:\n                value = method(self._driver)\n                if value:\n                    return value\n            except self._ignored_exceptions as exc:\n                screen = getattr(exc, \"screen\", None)\n                stacktrace = getattr(exc, \"stacktrace\", None)\n            time.sleep(self._poll)\n            if time.monotonic() > end_time:\n                break\n>       raise TimeoutException(message, screen, stacktrace)\nE       selenium.common.exceptions.TimeoutException: Message: Can't find elements by locator ('xpath', '//tbody[@id=\"tbody_dbs\"]//tr')\n\n/opt/hostedtoolcache/Python/3.12.11/x64/lib/python3.12/site-packages/selenium/webdriver/support/wait.py:105: TimeoutException",
    "steps" : [ {
      "name" : "Click \"Databases\" button.",
      "time" : {
        "start" : 1758073504990,
        "stop" : 1758073505853,
        "duration" : 863
      },
      "status" : "passed",
      "steps" : [ ],
      "attachments" : [ ],
      "parameters" : [ ],
      "stepsCount" : 0,
      "attachmentsCount" : 0,
      "shouldDisplayMessage" : false,
      "hasContent" : false
    }, {
      "name" : "Check clipboard",
      "time" : {
        "start" : 1758073505854,
        "stop" : 1758073510914,
        "duration" : 5060
      },
      "status" : "broken",
      "statusMessage" : "selenium.common.exceptions.TimeoutException: Message: Can't find elements by locator ('xpath', '//tbody[@id=\"tbody_dbs\"]//tr')\n\n",
      "statusTrace" : "  File \"/opt/hostedtoolcache/Python/3.12.11/x64/lib/python3.12/site-packages/allure_commons/_allure.py\", line 192, in impl\n    return func(*a, **kw)\n           ^^^^^^^^^^^^^^\n  File \"/home/runner/work/Oblache/Oblache/tests_ui/profile_page.py\", line 97, in check_clipboard\n    databases_list = self.elements_are_present((By.XPATH, f'{table_xpath}//tr'))\n                     ^^^^^^^^^^^^^^^^^^^^^^^^^^^^^^^^^^^^^^^^^^^^^^^^^^^^^^^^^^^\n  File \"/home/runner/work/Oblache/Oblache/tests_ui/base_page.py\", line 50, in elements_are_present\n    return Wait(self.driver, self.timeout).until(\n           ^^^^^^^^^^^^^^^^^^^^^^^^^^^^^^^^^^^^^^\n  File \"/opt/hostedtoolcache/Python/3.12.11/x64/lib/python3.12/site-packages/selenium/webdriver/support/wait.py\", line 105, in until\n    raise TimeoutException(message, screen, stacktrace)\n",
      "steps" : [ ],
      "attachments" : [ ],
      "parameters" : [ {
        "name" : "table_xpath",
        "value" : "'//tbody[@id=\"tbody_dbs\"]'"
      }, {
        "name" : "token",
        "value" : "'dceea9f0-12e6-4f6f-aa86-b22592bb957a'"
      } ],
      "stepsCount" : 0,
      "attachmentsCount" : 0,
      "shouldDisplayMessage" : true,
      "hasContent" : true
    } ],
    "attachments" : [ {
      "uid" : "9d11b11987570584",
      "name" : "Screenshot 2025-09-17 01:45:10.979177",
      "source" : "9d11b11987570584.png",
      "type" : "image/png",
      "size" : 29380
    } ],
    "parameters" : [ ],
    "stepsCount" : 2,
    "attachmentsCount" : 1,
    "shouldDisplayMessage" : true,
    "hasContent" : true
  },
  "afterStages" : [ {
    "name" : "driver::0",
    "time" : {
      "start" : 1758073510980,
      "stop" : 1758073511040,
      "duration" : 60
    },
    "status" : "passed",
    "steps" : [ ],
    "attachments" : [ ],
    "parameters" : [ ],
    "stepsCount" : 0,
    "attachmentsCount" : 0,
    "shouldDisplayMessage" : false,
    "hasContent" : false
  } ],
  "labels" : [ {
    "name" : "suite",
    "value" : "Test Profile Page."
  }, {
    "name" : "parentSuite",
    "value" : "tests_ui"
  }, {
    "name" : "subSuite",
    "value" : "TestProfilePage"
  }, {
    "name" : "host",
    "value" : "runnervmf4ws1"
  }, {
    "name" : "thread",
    "value" : "2549-MainThread"
  }, {
    "name" : "framework",
    "value" : "pytest"
  }, {
    "name" : "language",
    "value" : "cpython3"
  }, {
    "name" : "package",
    "value" : "tests_ui.test_ui"
  }, {
    "name" : "resultFormat",
    "value" : "allure2"
  } ],
  "parameters" : [ ],
  "links" : [ ],
  "hidden" : false,
  "retry" : false,
  "extra" : {
    "severity" : "normal",
    "retries" : [ ],
    "categories" : [ {
      "name" : "Test defects",
      "matchedStatuses" : [ ],
      "flaky" : false
    } ],
    "history" : {
      "statistic" : {
        "failed" : 0,
        "broken" : 82,
        "skipped" : 0,
        "passed" : 202,
        "unknown" : 0,
        "total" : 284
      },
      "items" : [ {
        "uid" : "2ae48a62f084d025",
        "reportUrl" : "https://lambotik.github.io/Oblache/504//#testresult/2ae48a62f084d025",
        "status" : "broken",
        "statusDetails" : "selenium.common.exceptions.TimeoutException: Message: Can't find element by locator ('xpath', '//div[@id=\"msg_copypaste\"]')",
        "time" : {
          "start" : 1757987101352,
          "stop" : 1757987108580,
          "duration" : 7228
        }
      }, {
        "uid" : "dfa8485de7385543",
        "reportUrl" : "https://lambotik.github.io/Oblache/503//#testresult/dfa8485de7385543",
        "status" : "broken",
        "statusDetails" : "selenium.common.exceptions.TimeoutException: Message: Can't find element by locator ('xpath', '//div[@id=\"msg_copypaste\"]')",
        "time" : {
          "start" : 1757901248539,
          "stop" : 1757901256260,
          "duration" : 7721
        }
      }, {
        "uid" : "38f7da69f73bb563",
        "reportUrl" : "https://lambotik.github.io/Oblache/502//#testresult/38f7da69f73bb563",
        "status" : "broken",
        "statusDetails" : "selenium.common.exceptions.TimeoutException: Message: Can't find element by locator ('xpath', '//div[@id=\"msg_copypaste\"]')",
        "time" : {
          "start" : 1757814729384,
          "stop" : 1757814737318,
          "duration" : 7934
        }
      }, {
        "uid" : "abdb99dc08e2bf",
        "reportUrl" : "https://lambotik.github.io/Oblache/501//#testresult/abdb99dc08e2bf",
        "status" : "broken",
        "statusDetails" : "selenium.common.exceptions.TimeoutException: Message: Can't find element by locator ('xpath', '//div[@id=\"msg_copypaste\"]')",
        "time" : {
          "start" : 1757727601894,
          "stop" : 1757727609164,
          "duration" : 7270
        }
      }, {
        "uid" : "dbb22c9aecc4a577",
        "reportUrl" : "https://lambotik.github.io/Oblache/500//#testresult/dbb22c9aecc4a577",
        "status" : "broken",
        "statusDetails" : "selenium.common.exceptions.TimeoutException: Message: Can't find element by locator ('xpath', '//div[@id=\"msg_copypaste\"]')",
        "time" : {
          "start" : 1757641440801,
          "stop" : 1757641447967,
          "duration" : 7166
        }
      }, {
        "uid" : "7591ef7e07409021",
        "reportUrl" : "https://lambotik.github.io/Oblache/499//#testresult/7591ef7e07409021",
        "status" : "broken",
        "statusDetails" : "selenium.common.exceptions.TimeoutException: Message: Can't find element by locator ('xpath', '//div[@id=\"msg_copypaste\"]')",
        "time" : {
          "start" : 1757555284187,
          "stop" : 1757555291389,
          "duration" : 7202
        }
      }, {
        "uid" : "2485af6a316b4fdd",
        "reportUrl" : "https://lambotik.github.io/Oblache/498//#testresult/2485af6a316b4fdd",
        "status" : "broken",
        "statusDetails" : "selenium.common.exceptions.TimeoutException: Message: Can't find element by locator ('xpath', '//div[@id=\"msg_copypaste\"]')",
        "time" : {
          "start" : 1757468710907,
          "stop" : 1757468718559,
          "duration" : 7652
        }
      }, {
        "uid" : "43ee1b6763a27db",
        "reportUrl" : "https://lambotik.github.io/Oblache/497//#testresult/43ee1b6763a27db",
        "status" : "broken",
        "statusDetails" : "selenium.common.exceptions.TimeoutException: Message: Can't find element by locator ('xpath', '//button[@id = \"menu_button_databases\"]')\nStacktrace:\n#0 0x56479e49e08a <unknown>\n#1 0x56479df3da70 <unknown>\n#2 0x56479df8f907 <unknown>\n#3 0x56479df8fb01 <unknown>\n#4 0x56479dfddd54 <unknown>\n#5 0x56479dfb540d <unknown>\n#6 0x56479dfdb14f <unknown>\n#7 0x56479dfb51b3 <unknown>\n#8 0x56479df8159b <unknown>\n#9 0x56479df82971 <unknown>\n#10 0x56479e46325b <unknown>\n#11 0x56479e466fa9 <unknown>\n#12 0x56479e44a339 <unknown>\n#13 0x56479e467b58 <unknown>\n#14 0x56479e42ec1f <unknown>\n#15 0x56479e48b118 <unknown>\n#16 0x56479e48b2f6 <unknown>\n#17 0x56479e49d066 <unknown>\n#18 0x7f645d49caa4 <unknown>\n#19 0x7f645d529c3c <unknown>",
        "time" : {
          "start" : 1757382473701,
          "stop" : 1757382478829,
          "duration" : 5128
        }
      }, {
        "uid" : "14fc86672fd8cbd",
        "reportUrl" : "https://lambotik.github.io/Oblache/496//#testresult/14fc86672fd8cbd",
        "status" : "broken",
        "statusDetails" : "selenium.common.exceptions.TimeoutException: Message: Can't find element by locator ('xpath', '//button[@id = \"menu_button_databases\"]')\nStacktrace:\n#0 0x557eb13c008a <unknown>\n#1 0x557eb0e5fa70 <unknown>\n#2 0x557eb0eb1907 <unknown>\n#3 0x557eb0eb1b01 <unknown>\n#4 0x557eb0effd54 <unknown>\n#5 0x557eb0ed740d <unknown>\n#6 0x557eb0efd14f <unknown>\n#7 0x557eb0ed71b3 <unknown>\n#8 0x557eb0ea359b <unknown>\n#9 0x557eb0ea4971 <unknown>\n#10 0x557eb138525b <unknown>\n#11 0x557eb1388fa9 <unknown>\n#12 0x557eb136c339 <unknown>\n#13 0x557eb1389b58 <unknown>\n#14 0x557eb1350c1f <unknown>\n#15 0x557eb13ad118 <unknown>\n#16 0x557eb13ad2f6 <unknown>\n#17 0x557eb13bf066 <unknown>\n#18 0x7fbf4949caa4 <unknown>\n#19 0x7fbf49529c3c <unknown>",
        "time" : {
          "start" : 1757296329002,
          "stop" : 1757296334127,
          "duration" : 5125
        }
      }, {
        "uid" : "63d29b5b8c108277",
        "reportUrl" : "https://lambotik.github.io/Oblache/495//#testresult/63d29b5b8c108277",
        "status" : "broken",
        "statusDetails" : "selenium.common.exceptions.TimeoutException: Message: Can't find element by locator ('xpath', '//div[@id=\"msg_copypaste\"]')",
        "time" : {
          "start" : 1757209940441,
          "stop" : 1757209947770,
          "duration" : 7329
        }
      }, {
        "uid" : "b313459afe3d1122",
        "reportUrl" : "https://lambotik.github.io/Oblache/494//#testresult/b313459afe3d1122",
        "status" : "broken",
        "statusDetails" : "selenium.common.exceptions.TimeoutException: Message: Can't find element by locator ('xpath', '//div[@id=\"msg_copypaste\"]')",
        "time" : {
          "start" : 1757123041948,
          "stop" : 1757123049061,
          "duration" : 7113
        }
      }, {
        "uid" : "d0aa772f6f957c3",
        "reportUrl" : "https://lambotik.github.io/Oblache/493//#testresult/d0aa772f6f957c3",
        "status" : "broken",
        "statusDetails" : "selenium.common.exceptions.TimeoutException: Message: Can't find element by locator ('xpath', '//div[@id=\"msg_copypaste\"]')",
        "time" : {
          "start" : 1757036825347,
          "stop" : 1757036833077,
          "duration" : 7730
        }
      }, {
        "uid" : "9e6d2295c25eeed3",
        "reportUrl" : "https://lambotik.github.io/Oblache/492//#testresult/9e6d2295c25eeed3",
        "status" : "broken",
        "statusDetails" : "selenium.common.exceptions.TimeoutException: Message: Can't find element by locator ('xpath', '//div[@id=\"msg_copypaste\"]')",
        "time" : {
          "start" : 1756950310199,
          "stop" : 1756950317897,
          "duration" : 7698
        }
      }, {
        "uid" : "b6460f39c3029cb1",
        "reportUrl" : "https://lambotik.github.io/Oblache/491//#testresult/b6460f39c3029cb1",
        "status" : "broken",
        "statusDetails" : "selenium.common.exceptions.TimeoutException: Message: Can't find element by locator ('xpath', '//div[@id=\"msg_copypaste\"]')",
        "time" : {
          "start" : 1756863858082,
          "stop" : 1756863865406,
          "duration" : 7324
        }
      }, {
        "uid" : "84ab5f9a79801af1",
        "reportUrl" : "https://lambotik.github.io/Oblache/490//#testresult/84ab5f9a79801af1",
        "status" : "broken",
        "statusDetails" : "selenium.common.exceptions.TimeoutException: Message: Can't find element by locator ('xpath', '//div[@id=\"msg_copypaste\"]')",
        "time" : {
          "start" : 1756777879421,
          "stop" : 1756777886418,
          "duration" : 6997
        }
      }, {
        "uid" : "a7d1f86ce4cc4e80",
        "reportUrl" : "https://lambotik.github.io/Oblache/489//#testresult/a7d1f86ce4cc4e80",
        "status" : "broken",
        "statusDetails" : "selenium.common.exceptions.TimeoutException: Message: Can't find element by locator ('xpath', '//div[@id=\"msg_copypaste\"]')",
        "time" : {
          "start" : 1756692328877,
          "stop" : 1756692336957,
          "duration" : 8080
        }
      }, {
        "uid" : "bc952615324e6692",
        "reportUrl" : "https://lambotik.github.io/Oblache/488//#testresult/bc952615324e6692",
        "status" : "broken",
        "statusDetails" : "selenium.common.exceptions.TimeoutException: Message: Can't find element by locator ('xpath', '//div[@id=\"msg_copypaste\"]')",
        "time" : {
          "start" : 1756605329620,
          "stop" : 1756605337246,
          "duration" : 7626
        }
      }, {
        "uid" : "e059abaf816f049d",
        "reportUrl" : "https://lambotik.github.io/Oblache/487//#testresult/e059abaf816f049d",
        "status" : "broken",
        "statusDetails" : "selenium.common.exceptions.TimeoutException: Message: Can't find element by locator ('xpath', '//button[@id = \"menu_button_databases\"]')\nStacktrace:\n#0 0x55a918db802a <unknown>\n#1 0x55a918857a70 <unknown>\n#2 0x55a9188a9907 <unknown>\n#3 0x55a9188a9b01 <unknown>\n#4 0x55a9188f7d54 <unknown>\n#5 0x55a9188cf40d <unknown>\n#6 0x55a9188f514f <unknown>\n#7 0x55a9188cf1b3 <unknown>\n#8 0x55a91889b59b <unknown>\n#9 0x55a91889c971 <unknown>\n#10 0x55a918d7d1fb <unknown>\n#11 0x55a918d80f49 <unknown>\n#12 0x55a918d642d9 <unknown>\n#13 0x55a918d81af8 <unknown>\n#14 0x55a918d48bbf <unknown>\n#15 0x55a918da50b8 <unknown>\n#16 0x55a918da5296 <unknown>\n#17 0x55a918db7006 <unknown>\n#18 0x7f490789caa4 <unknown>\n#19 0x7f4907929c3c <unknown>",
        "time" : {
          "start" : 1756518211014,
          "stop" : 1756518216138,
          "duration" : 5124
        }
      }, {
        "uid" : "9e7b9e43aa3d94a9",
        "reportUrl" : "https://lambotik.github.io/Oblache/486//#testresult/9e7b9e43aa3d94a9",
        "status" : "broken",
        "statusDetails" : "selenium.common.exceptions.TimeoutException: Message: Can't find elements by locator ('xpath', '//tbody[@id=\"tbody_dbs\"]//tr')",
        "time" : {
          "start" : 1756432130402,
          "stop" : 1756432136487,
          "duration" : 6085
        }
      }, {
        "uid" : "30f2ec2211514c03",
        "reportUrl" : "https://lambotik.github.io/Oblache/485//#testresult/30f2ec2211514c03",
        "status" : "broken",
        "statusDetails" : "selenium.common.exceptions.TimeoutException: Message: Can't find elements by locator ('xpath', '//tbody[@id=\"tbody_dbs\"]//tr')",
        "time" : {
          "start" : 1756345737515,
          "stop" : 1756345743441,
          "duration" : 5926
        }
      } ]
    },
    "tags" : [ ]
  },
  "source" : "810b17accfe56902.json",
  "parameterValues" : [ ]
}