{
  "uid" : "162b51e68536785e",
  "name" : "POST check static webpages without toke.",
  "fullName" : "tests_api.test_bd.TestStaticWebPages#test_static_webpages",
  "historyId" : "5aa66f49aa13d6e685f905ac99d0c7bb",
  "time" : {
    "start" : 1761270315101,
    "stop" : 1761270315428,
    "duration" : 327
  },
  "status" : "failed",
  "statusMessage" : "AssertionError: Incorrect status code: 404",
  "statusTrace" : "self = <tests_api.test_bd.TestStaticWebPages object at 0x7f5ed70ae060>\n\n    @allure.title('POST check static webpages without toke.')\n    def test_static_webpages(self):\n        response = API.post_static_webpages(token=None)\n>       Checking.check_status_code(response, 401)\n\ntests_api/test_bd.py:509: \n_ _ _ _ _ _ _ _ _ _ _ _ _ _ _ _ _ _ _ _ _ _ _ _ _ _ _ _ _ _ _ _ _ _ _ _ _ _ _ _ \n\nresult = <Response [404]>, status_code = 401\n\n    @staticmethod\n    def check_status_code(result: requests.models.Response, status_code: int):\n        \"\"\"\n        Method check status code\n        :param result: Response\n        :param status_code:\n        \"\"\"\n        with allure.step(f'Assert status code: {status_code} == Response status code: {result.status_code}'):\n>           assert status_code == result.status_code, f'Incorrect status code: {result.status_code}'\nE           AssertionError: Incorrect status code: 404\n\ntests_api/utils/checking.py:16: AssertionError",
  "flaky" : false,
  "newFailed" : false,
  "beforeStages" : [ ],
  "testStage" : {
    "status" : "failed",
    "statusMessage" : "AssertionError: Incorrect status code: 404",
    "statusTrace" : "self = <tests_api.test_bd.TestStaticWebPages object at 0x7f5ed70ae060>\n\n    @allure.title('POST check static webpages without toke.')\n    def test_static_webpages(self):\n        response = API.post_static_webpages(token=None)\n>       Checking.check_status_code(response, 401)\n\ntests_api/test_bd.py:509: \n_ _ _ _ _ _ _ _ _ _ _ _ _ _ _ _ _ _ _ _ _ _ _ _ _ _ _ _ _ _ _ _ _ _ _ _ _ _ _ _ \n\nresult = <Response [404]>, status_code = 401\n\n    @staticmethod\n    def check_status_code(result: requests.models.Response, status_code: int):\n        \"\"\"\n        Method check status code\n        :param result: Response\n        :param status_code:\n        \"\"\"\n        with allure.step(f'Assert status code: {status_code} == Response status code: {result.status_code}'):\n>           assert status_code == result.status_code, f'Incorrect status code: {result.status_code}'\nE           AssertionError: Incorrect status code: 404\n\ntests_api/utils/checking.py:16: AssertionError",
    "steps" : [ {
      "name" : "webpage_list",
      "time" : {
        "start" : 1761270315101,
        "stop" : 1761270315428,
        "duration" : 327
      },
      "status" : "passed",
      "steps" : [ {
        "name" : "Endpoint: /webpage_list",
        "time" : {
          "start" : 1761270315427,
          "stop" : 1761270315428,
          "duration" : 1
        },
        "status" : "passed",
        "steps" : [ ],
        "attachments" : [ ],
        "parameters" : [ ],
        "stepsCount" : 0,
        "attachmentsCount" : 0,
        "shouldDisplayMessage" : false,
        "hasContent" : false
      }, {
        "name" : "Request:",
        "time" : {
          "start" : 1761270315428,
          "stop" : 1761270315428,
          "duration" : 0
        },
        "status" : "passed",
        "steps" : [ {
          "name" : "Headers: {'Content-Type': 'application/json', 'Authorization': 'None'}",
          "time" : {
            "start" : 1761270315428,
            "stop" : 1761270315428,
            "duration" : 0
          },
          "status" : "passed",
          "steps" : [ ],
          "attachments" : [ ],
          "parameters" : [ ],
          "stepsCount" : 0,
          "attachmentsCount" : 0,
          "shouldDisplayMessage" : false,
          "hasContent" : false
        } ],
        "attachments" : [ ],
        "parameters" : [ ],
        "stepsCount" : 1,
        "attachmentsCount" : 0,
        "shouldDisplayMessage" : false,
        "hasContent" : true
      }, {
        "name" : "Response:",
        "time" : {
          "start" : 1761270315428,
          "stop" : 1761270315428,
          "duration" : 0
        },
        "status" : "passed",
        "steps" : [ {
          "name" : "Status code: 404",
          "time" : {
            "start" : 1761270315428,
            "stop" : 1761270315428,
            "duration" : 0
          },
          "status" : "passed",
          "steps" : [ ],
          "attachments" : [ ],
          "parameters" : [ ],
          "stepsCount" : 0,
          "attachmentsCount" : 0,
          "shouldDisplayMessage" : false,
          "hasContent" : false
        }, {
          "name" : "JSON: Some general exception",
          "time" : {
            "start" : 1761270315428,
            "stop" : 1761270315428,
            "duration" : 0
          },
          "status" : "passed",
          "steps" : [ ],
          "attachments" : [ ],
          "parameters" : [ ],
          "stepsCount" : 0,
          "attachmentsCount" : 0,
          "shouldDisplayMessage" : false,
          "hasContent" : false
        } ],
        "attachments" : [ ],
        "parameters" : [ ],
        "stepsCount" : 2,
        "attachmentsCount" : 0,
        "shouldDisplayMessage" : false,
        "hasContent" : true
      } ],
      "attachments" : [ ],
      "parameters" : [ ],
      "stepsCount" : 6,
      "attachmentsCount" : 0,
      "shouldDisplayMessage" : false,
      "hasContent" : true
    }, {
      "name" : "Assert status code: 401 == Response status code: 404",
      "time" : {
        "start" : 1761270315428,
        "stop" : 1761270315428,
        "duration" : 0
      },
      "status" : "failed",
      "statusMessage" : "AssertionError: Incorrect status code: 404\n",
      "statusTrace" : "  File \"/home/runner/work/Oblache/Oblache/tests_api/utils/checking.py\", line 16, in check_status_code\n    assert status_code == result.status_code, f'Incorrect status code: {result.status_code}'\n           ^^^^^^^^^^^^^^^^^^^^^^^^^^^^^^^^^\n",
      "steps" : [ ],
      "attachments" : [ ],
      "parameters" : [ ],
      "stepsCount" : 0,
      "attachmentsCount" : 0,
      "shouldDisplayMessage" : true,
      "hasContent" : true
    } ],
    "attachments" : [ ],
    "parameters" : [ ],
    "stepsCount" : 8,
    "attachmentsCount" : 0,
    "shouldDisplayMessage" : true,
    "hasContent" : true
  },
  "afterStages" : [ ],
  "labels" : [ {
    "name" : "suite",
    "value" : "Test Static webpages"
  }, {
    "name" : "parentSuite",
    "value" : "tests_api"
  }, {
    "name" : "subSuite",
    "value" : "TestStaticWebPages"
  }, {
    "name" : "host",
    "value" : "runnervmwhb2z"
  }, {
    "name" : "thread",
    "value" : "2675-MainThread"
  }, {
    "name" : "framework",
    "value" : "pytest"
  }, {
    "name" : "language",
    "value" : "cpython3"
  }, {
    "name" : "package",
    "value" : "tests_api.test_bd"
  }, {
    "name" : "resultFormat",
    "value" : "allure2"
  } ],
  "parameters" : [ ],
  "links" : [ ],
  "hidden" : false,
  "retry" : false,
  "extra" : {
    "severity" : "normal",
    "retries" : [ ],
    "categories" : [ {
      "name" : "Product defects",
      "matchedStatuses" : [ ],
      "flaky" : false
    } ],
    "history" : {
      "statistic" : {
        "failed" : 327,
        "broken" : 0,
        "skipped" : 0,
        "passed" : 0,
        "unknown" : 0,
        "total" : 327
      },
      "items" : [ {
        "uid" : "d6c1755ac0d79cd5",
        "reportUrl" : "https://lambotik.github.io/Oblache/541//#testresult/d6c1755ac0d79cd5",
        "status" : "failed",
        "statusDetails" : "AssertionError: Incorrect status code: 404",
        "time" : {
          "start" : 1761184156887,
          "stop" : 1761184157220,
          "duration" : 333
        }
      }, {
        "uid" : "9dab2dda5d1a78aa",
        "reportUrl" : "https://lambotik.github.io/Oblache/540//#testresult/9dab2dda5d1a78aa",
        "status" : "failed",
        "statusDetails" : "AssertionError: Incorrect status code: 502",
        "time" : {
          "start" : 1761098001754,
          "stop" : 1761098002250,
          "duration" : 496
        }
      }, {
        "uid" : "af9a6c68b27e677f",
        "reportUrl" : "https://lambotik.github.io/Oblache/539//#testresult/af9a6c68b27e677f",
        "status" : "failed",
        "statusDetails" : "AssertionError: Incorrect status code: 502",
        "time" : {
          "start" : 1761011406253,
          "stop" : 1761011406696,
          "duration" : 443
        }
      }, {
        "uid" : "faf96d71eace344c",
        "reportUrl" : "https://lambotik.github.io/Oblache/538//#testresult/faf96d71eace344c",
        "status" : "failed",
        "statusDetails" : "AssertionError: Incorrect status code: 404",
        "time" : {
          "start" : 1760925371160,
          "stop" : 1760925371455,
          "duration" : 295
        }
      }, {
        "uid" : "90b9fbaca4e136bb",
        "reportUrl" : "https://lambotik.github.io/Oblache/537//#testresult/90b9fbaca4e136bb",
        "status" : "failed",
        "statusDetails" : "AssertionError: Incorrect status code: 404",
        "time" : {
          "start" : 1760839152143,
          "stop" : 1760839152422,
          "duration" : 279
        }
      }, {
        "uid" : "867782577b519b0c",
        "reportUrl" : "https://lambotik.github.io/Oblache/536//#testresult/867782577b519b0c",
        "status" : "failed",
        "statusDetails" : "AssertionError: Incorrect status code: 404",
        "time" : {
          "start" : 1760751795971,
          "stop" : 1760751796390,
          "duration" : 419
        }
      }, {
        "uid" : "fa1c2a08f8d39e0d",
        "reportUrl" : "https://lambotik.github.io/Oblache/535//#testresult/fa1c2a08f8d39e0d",
        "status" : "failed",
        "statusDetails" : "AssertionError: Incorrect status code: 404",
        "time" : {
          "start" : 1760665635997,
          "stop" : 1760665636415,
          "duration" : 418
        }
      }, {
        "uid" : "d6c70f441b656f89",
        "reportUrl" : "https://lambotik.github.io/Oblache/534//#testresult/d6c70f441b656f89",
        "status" : "failed",
        "statusDetails" : "AssertionError: Incorrect status code: 404",
        "time" : {
          "start" : 1760579292087,
          "stop" : 1760579292430,
          "duration" : 343
        }
      }, {
        "uid" : "fc4550a592379ed7",
        "reportUrl" : "https://lambotik.github.io/Oblache/533//#testresult/fc4550a592379ed7",
        "status" : "failed",
        "statusDetails" : "AssertionError: Incorrect status code: 404",
        "time" : {
          "start" : 1760493016995,
          "stop" : 1760493017462,
          "duration" : 467
        }
      }, {
        "uid" : "63cb172e3be921",
        "reportUrl" : "https://lambotik.github.io/Oblache/532//#testresult/63cb172e3be921",
        "status" : "failed",
        "statusDetails" : "AssertionError: Incorrect status code: 404",
        "time" : {
          "start" : 1760406435251,
          "stop" : 1760406435535,
          "duration" : 284
        }
      }, {
        "uid" : "11de46e91dd00f35",
        "reportUrl" : "https://lambotik.github.io/Oblache/531//#testresult/11de46e91dd00f35",
        "status" : "failed",
        "statusDetails" : "AssertionError: Incorrect status code: 404",
        "time" : {
          "start" : 1760320395520,
          "stop" : 1760320395845,
          "duration" : 325
        }
      }, {
        "uid" : "8c6f66245eb4f78b",
        "reportUrl" : "https://lambotik.github.io/Oblache/530//#testresult/8c6f66245eb4f78b",
        "status" : "failed",
        "statusDetails" : "AssertionError: Incorrect status code: 404",
        "time" : {
          "start" : 1760233818672,
          "stop" : 1760233819159,
          "duration" : 487
        }
      }, {
        "uid" : "74d7f7273cfa53d9",
        "reportUrl" : "https://lambotik.github.io/Oblache/529//#testresult/74d7f7273cfa53d9",
        "status" : "failed",
        "statusDetails" : "AssertionError: Incorrect status code: 404",
        "time" : {
          "start" : 1760146933901,
          "stop" : 1760146934245,
          "duration" : 344
        }
      }, {
        "uid" : "7b146731bbe475e0",
        "reportUrl" : "https://lambotik.github.io/Oblache/528//#testresult/7b146731bbe475e0",
        "status" : "failed",
        "statusDetails" : "AssertionError: Incorrect status code: 502",
        "time" : {
          "start" : 1760060773198,
          "stop" : 1760060773546,
          "duration" : 348
        }
      }, {
        "uid" : "caadc439d54452d3",
        "reportUrl" : "https://lambotik.github.io/Oblache/527//#testresult/caadc439d54452d3",
        "status" : "failed",
        "statusDetails" : "AssertionError: Incorrect status code: 502",
        "time" : {
          "start" : 1759974313174,
          "stop" : 1759974313456,
          "duration" : 282
        }
      }, {
        "uid" : "63a91fe56d61b678",
        "reportUrl" : "https://lambotik.github.io/Oblache/526//#testresult/63a91fe56d61b678",
        "status" : "failed",
        "statusDetails" : "AssertionError: Incorrect status code: 502",
        "time" : {
          "start" : 1759887874819,
          "stop" : 1759887875144,
          "duration" : 325
        }
      }, {
        "uid" : "2da4e97db2d664bf",
        "reportUrl" : "https://lambotik.github.io/Oblache/525//#testresult/2da4e97db2d664bf",
        "status" : "failed",
        "statusDetails" : "AssertionError: Incorrect status code: 502",
        "time" : {
          "start" : 1759801451342,
          "stop" : 1759801451636,
          "duration" : 294
        }
      }, {
        "uid" : "6bf73e33d9f74535",
        "reportUrl" : "https://lambotik.github.io/Oblache/524//#testresult/6bf73e33d9f74535",
        "status" : "failed",
        "statusDetails" : "AssertionError: Incorrect status code: 502",
        "time" : {
          "start" : 1759715240850,
          "stop" : 1759715241176,
          "duration" : 326
        }
      }, {
        "uid" : "861cf31da1aa8db8",
        "reportUrl" : "https://lambotik.github.io/Oblache/523//#testresult/861cf31da1aa8db8",
        "status" : "failed",
        "statusDetails" : "AssertionError: Incorrect status code: 404",
        "time" : {
          "start" : 1759629254474,
          "stop" : 1759629254876,
          "duration" : 402
        }
      }, {
        "uid" : "37fa2a0d144ab1b1",
        "reportUrl" : "https://lambotik.github.io/Oblache/522//#testresult/37fa2a0d144ab1b1",
        "status" : "failed",
        "statusDetails" : "AssertionError: Incorrect status code: 404",
        "time" : {
          "start" : 1759542077707,
          "stop" : 1759542078098,
          "duration" : 391
        }
      } ]
    },
    "tags" : [ ]
  },
  "source" : "162b51e68536785e.json",
  "parameterValues" : [ ]
}