{
  "uid" : "11c21be65058b407",
  "name" : "test_open_static_site_page",
  "fullName" : "tests_ui.test_ui.TestProfilePage#test_open_statistic_page",
  "historyId" : "d5ae1e2d5dedc1997262906d6ec2db80",
  "time" : {
    "start" : 1761356863048,
    "stop" : 1761356868443,
    "duration" : 5395
  },
  "status" : "broken",
  "statusMessage" : "selenium.common.exceptions.TimeoutException: Message: Can't find element by locator ('xpath', '//button[@id=\"menu_button_webpages\"]')\nStacktrace:\n#0 0x55d973bf5fba <unknown>\n#1 0x55d97367a6d0 <unknown>\n#2 0x55d9736cc2aa <unknown>\n#3 0x55d9736cc541 <unknown>\n#4 0x55d97371a6c4 <unknown>\n#5 0x55d9736f1e5d <unknown>\n#6 0x55d973717b54 <unknown>\n#7 0x55d9736f1c03 <unknown>\n#8 0x55d9736be7a8 <unknown>\n#9 0x55d9736bf421 <unknown>\n#10 0x55d973bbab28 <unknown>\n#11 0x55d973bbe87f <unknown>\n#12 0x55d973ba2c49 <unknown>\n#13 0x55d973bbf405 <unknown>\n#14 0x55d973b884ff <unknown>\n#15 0x55d973be3258 <unknown>\n#16 0x55d973be3432 <unknown>\n#17 0x55d973bf4fa3 <unknown>\n#18 0x7fa39d69caa4 <unknown>\n#19 0x7fa39d729c6c <unknown>",
  "statusTrace" : "self = <tests_ui.test_ui.TestProfilePage object at 0x7f99ec454c50>\ndriver = <selenium.webdriver.chrome.webdriver.WebDriver (session=\"5ff5135f42433ac2ccc1a6aee7abf02b\")>\nauthorization_user = None\n\n    @allure.title('test_open_static_site_page')\n    def test_open_statistic_page(self, driver, authorization_user):\n        page = ProfilePage(driver)\n>       page.click_static_site_button()\n\ntests_ui/test_ui.py:69: \n_ _ _ _ _ _ _ _ _ _ _ _ _ _ _ _ _ _ _ _ _ _ _ _ _ _ _ _ _ _ _ _ _ _ _ _ _ _ _ _ \ntests_ui/profile_page.py:40: in click_static_site_button\n    return self.element_is_present_and_clickable(self.locators.STATIC_BUTTON).click()\ntests_ui/base_page.py:28: in element_is_present_and_clickable\n    return (Wait(self.driver, self.timeout).until(\n_ _ _ _ _ _ _ _ _ _ _ _ _ _ _ _ _ _ _ _ _ _ _ _ _ _ _ _ _ _ _ _ _ _ _ _ _ _ _ _ \n\nself = <selenium.webdriver.support.wait.WebDriverWait (session=\"5ff5135f42433ac2ccc1a6aee7abf02b\")>\nmethod = <function visibility_of_element_located.<locals>._predicate at 0x7f99ec4dbc40>\nmessage = 'Can\\'t find element by locator (\\'xpath\\', \\'//button[@id=\"menu_button_webpages\"]\\')'\n\n    def until(self, method: Callable[[D], Union[Literal[False], T]], message: str = \"\") -> T:\n        \"\"\"Calls the method provided with the driver as an argument until the \\\n        return value does not evaluate to ``False``.\n    \n        :param method: callable(WebDriver)\n        :param message: optional message for :exc:`TimeoutException`\n        :returns: the result of the last call to `method`\n        :raises: :exc:`selenium.common.exceptions.TimeoutException` if timeout occurs\n        \"\"\"\n        screen = None\n        stacktrace = None\n    \n        end_time = time.monotonic() + self._timeout\n        while True:\n            try:\n                value = method(self._driver)\n                if value:\n                    return value\n            except self._ignored_exceptions as exc:\n                screen = getattr(exc, \"screen\", None)\n                stacktrace = getattr(exc, \"stacktrace\", None)\n            time.sleep(self._poll)\n            if time.monotonic() > end_time:\n                break\n>       raise TimeoutException(message, screen, stacktrace)\nE       selenium.common.exceptions.TimeoutException: Message: Can't find element by locator ('xpath', '//button[@id=\"menu_button_webpages\"]')\nE       Stacktrace:\nE       #0 0x55d973bf5fba <unknown>\nE       #1 0x55d97367a6d0 <unknown>\nE       #2 0x55d9736cc2aa <unknown>\nE       #3 0x55d9736cc541 <unknown>\nE       #4 0x55d97371a6c4 <unknown>\nE       #5 0x55d9736f1e5d <unknown>\nE       #6 0x55d973717b54 <unknown>\nE       #7 0x55d9736f1c03 <unknown>\nE       #8 0x55d9736be7a8 <unknown>\nE       #9 0x55d9736bf421 <unknown>\nE       #10 0x55d973bbab28 <unknown>\nE       #11 0x55d973bbe87f <unknown>\nE       #12 0x55d973ba2c49 <unknown>\nE       #13 0x55d973bbf405 <unknown>\nE       #14 0x55d973b884ff <unknown>\nE       #15 0x55d973be3258 <unknown>\nE       #16 0x55d973be3432 <unknown>\nE       #17 0x55d973bf4fa3 <unknown>\nE       #18 0x7fa39d69caa4 <unknown>\nE       #19 0x7fa39d729c6c <unknown>\n\n/opt/hostedtoolcache/Python/3.12.11/x64/lib/python3.12/site-packages/selenium/webdriver/support/wait.py:105: TimeoutException",
  "flaky" : false,
  "newFailed" : false,
  "beforeStages" : [ {
    "name" : "driver",
    "time" : {
      "start" : 1761356862087,
      "stop" : 1761356862352,
      "duration" : 265
    },
    "status" : "passed",
    "steps" : [ ],
    "attachments" : [ ],
    "parameters" : [ ],
    "stepsCount" : 0,
    "attachmentsCount" : 0,
    "shouldDisplayMessage" : false,
    "hasContent" : false
  }, {
    "name" : "authorization_user",
    "time" : {
      "start" : 1761356862352,
      "stop" : 1761356863048,
      "duration" : 696
    },
    "status" : "passed",
    "steps" : [ {
      "name" : "Open page: https://oblache.areso.pro/register.html",
      "time" : {
        "start" : 1761356862352,
        "stop" : 1761356862858,
        "duration" : 506
      },
      "status" : "passed",
      "steps" : [ ],
      "attachments" : [ ],
      "parameters" : [ ],
      "stepsCount" : 0,
      "attachmentsCount" : 0,
      "shouldDisplayMessage" : false,
      "hasContent" : false
    }, {
      "name" : "Login user",
      "time" : {
        "start" : 1761356862858,
        "stop" : 1761356863048,
        "duration" : 190
      },
      "status" : "passed",
      "steps" : [ {
        "name" : "Enter email.",
        "time" : {
          "start" : 1761356862858,
          "stop" : 1761356862916,
          "duration" : 58
        },
        "status" : "passed",
        "steps" : [ ],
        "attachments" : [ ],
        "parameters" : [ ],
        "stepsCount" : 0,
        "attachmentsCount" : 0,
        "shouldDisplayMessage" : false,
        "hasContent" : false
      }, {
        "name" : "Enter password.",
        "time" : {
          "start" : 1761356862916,
          "stop" : 1761356862959,
          "duration" : 43
        },
        "status" : "passed",
        "steps" : [ ],
        "attachments" : [ ],
        "parameters" : [ ],
        "stepsCount" : 0,
        "attachmentsCount" : 0,
        "shouldDisplayMessage" : false,
        "hasContent" : false
      }, {
        "name" : "Click button \"Login\"",
        "time" : {
          "start" : 1761356862959,
          "stop" : 1761356863045,
          "duration" : 86
        },
        "status" : "passed",
        "steps" : [ ],
        "attachments" : [ ],
        "parameters" : [ ],
        "stepsCount" : 0,
        "attachmentsCount" : 0,
        "shouldDisplayMessage" : false,
        "hasContent" : false
      }, {
        "name" : "Check url is present: https://oblache.areso.pro/register.html",
        "time" : {
          "start" : 1761356863045,
          "stop" : 1761356863048,
          "duration" : 3
        },
        "status" : "passed",
        "steps" : [ ],
        "attachments" : [ ],
        "parameters" : [ ],
        "stepsCount" : 0,
        "attachmentsCount" : 0,
        "shouldDisplayMessage" : false,
        "hasContent" : false
      } ],
      "attachments" : [ ],
      "parameters" : [ ],
      "stepsCount" : 4,
      "attachmentsCount" : 0,
      "shouldDisplayMessage" : false,
      "hasContent" : true
    } ],
    "attachments" : [ ],
    "parameters" : [ ],
    "stepsCount" : 6,
    "attachmentsCount" : 0,
    "shouldDisplayMessage" : false,
    "hasContent" : true
  } ],
  "testStage" : {
    "status" : "broken",
    "statusMessage" : "selenium.common.exceptions.TimeoutException: Message: Can't find element by locator ('xpath', '//button[@id=\"menu_button_webpages\"]')\nStacktrace:\n#0 0x55d973bf5fba <unknown>\n#1 0x55d97367a6d0 <unknown>\n#2 0x55d9736cc2aa <unknown>\n#3 0x55d9736cc541 <unknown>\n#4 0x55d97371a6c4 <unknown>\n#5 0x55d9736f1e5d <unknown>\n#6 0x55d973717b54 <unknown>\n#7 0x55d9736f1c03 <unknown>\n#8 0x55d9736be7a8 <unknown>\n#9 0x55d9736bf421 <unknown>\n#10 0x55d973bbab28 <unknown>\n#11 0x55d973bbe87f <unknown>\n#12 0x55d973ba2c49 <unknown>\n#13 0x55d973bbf405 <unknown>\n#14 0x55d973b884ff <unknown>\n#15 0x55d973be3258 <unknown>\n#16 0x55d973be3432 <unknown>\n#17 0x55d973bf4fa3 <unknown>\n#18 0x7fa39d69caa4 <unknown>\n#19 0x7fa39d729c6c <unknown>",
    "statusTrace" : "self = <tests_ui.test_ui.TestProfilePage object at 0x7f99ec454c50>\ndriver = <selenium.webdriver.chrome.webdriver.WebDriver (session=\"5ff5135f42433ac2ccc1a6aee7abf02b\")>\nauthorization_user = None\n\n    @allure.title('test_open_static_site_page')\n    def test_open_statistic_page(self, driver, authorization_user):\n        page = ProfilePage(driver)\n>       page.click_static_site_button()\n\ntests_ui/test_ui.py:69: \n_ _ _ _ _ _ _ _ _ _ _ _ _ _ _ _ _ _ _ _ _ _ _ _ _ _ _ _ _ _ _ _ _ _ _ _ _ _ _ _ \ntests_ui/profile_page.py:40: in click_static_site_button\n    return self.element_is_present_and_clickable(self.locators.STATIC_BUTTON).click()\ntests_ui/base_page.py:28: in element_is_present_and_clickable\n    return (Wait(self.driver, self.timeout).until(\n_ _ _ _ _ _ _ _ _ _ _ _ _ _ _ _ _ _ _ _ _ _ _ _ _ _ _ _ _ _ _ _ _ _ _ _ _ _ _ _ \n\nself = <selenium.webdriver.support.wait.WebDriverWait (session=\"5ff5135f42433ac2ccc1a6aee7abf02b\")>\nmethod = <function visibility_of_element_located.<locals>._predicate at 0x7f99ec4dbc40>\nmessage = 'Can\\'t find element by locator (\\'xpath\\', \\'//button[@id=\"menu_button_webpages\"]\\')'\n\n    def until(self, method: Callable[[D], Union[Literal[False], T]], message: str = \"\") -> T:\n        \"\"\"Calls the method provided with the driver as an argument until the \\\n        return value does not evaluate to ``False``.\n    \n        :param method: callable(WebDriver)\n        :param message: optional message for :exc:`TimeoutException`\n        :returns: the result of the last call to `method`\n        :raises: :exc:`selenium.common.exceptions.TimeoutException` if timeout occurs\n        \"\"\"\n        screen = None\n        stacktrace = None\n    \n        end_time = time.monotonic() + self._timeout\n        while True:\n            try:\n                value = method(self._driver)\n                if value:\n                    return value\n            except self._ignored_exceptions as exc:\n                screen = getattr(exc, \"screen\", None)\n                stacktrace = getattr(exc, \"stacktrace\", None)\n            time.sleep(self._poll)\n            if time.monotonic() > end_time:\n                break\n>       raise TimeoutException(message, screen, stacktrace)\nE       selenium.common.exceptions.TimeoutException: Message: Can't find element by locator ('xpath', '//button[@id=\"menu_button_webpages\"]')\nE       Stacktrace:\nE       #0 0x55d973bf5fba <unknown>\nE       #1 0x55d97367a6d0 <unknown>\nE       #2 0x55d9736cc2aa <unknown>\nE       #3 0x55d9736cc541 <unknown>\nE       #4 0x55d97371a6c4 <unknown>\nE       #5 0x55d9736f1e5d <unknown>\nE       #6 0x55d973717b54 <unknown>\nE       #7 0x55d9736f1c03 <unknown>\nE       #8 0x55d9736be7a8 <unknown>\nE       #9 0x55d9736bf421 <unknown>\nE       #10 0x55d973bbab28 <unknown>\nE       #11 0x55d973bbe87f <unknown>\nE       #12 0x55d973ba2c49 <unknown>\nE       #13 0x55d973bbf405 <unknown>\nE       #14 0x55d973b884ff <unknown>\nE       #15 0x55d973be3258 <unknown>\nE       #16 0x55d973be3432 <unknown>\nE       #17 0x55d973bf4fa3 <unknown>\nE       #18 0x7fa39d69caa4 <unknown>\nE       #19 0x7fa39d729c6c <unknown>\n\n/opt/hostedtoolcache/Python/3.12.11/x64/lib/python3.12/site-packages/selenium/webdriver/support/wait.py:105: TimeoutException",
    "steps" : [ {
      "name" : "Click \"Static site\" button.",
      "time" : {
        "start" : 1761356863048,
        "stop" : 1761356868442,
        "duration" : 5394
      },
      "status" : "broken",
      "statusMessage" : "selenium.common.exceptions.TimeoutException: Message: Can't find element by locator ('xpath', '//button[@id=\"menu_button_webpages\"]')\nStacktrace:\n#0 0x55d973bf5fba <unknown>\n#1 0x55d97367a6d0 <unknown>\n#2 0x55d9736cc2aa <unknown>\n#3 0x55d9736cc541 <unknown>\n#4 0x55d97371a6c4 <unknown>\n#5 0x55d9736f1e5d <unknown>\n#6 0x55d973717b54 <unknown>\n#7 0x55d9736f1c03 <unknown>\n#8 0x55d9736be7a8 <unknown>\n#9 0x55d9736bf421 <unknown>\n#10 0x55d973bbab28 <unknown>\n#11 0x55d973bbe87f <unknown>\n#12 0x55d973ba2c49 <unknown>\n#13 0x55d973bbf405 <unknown>\n#14 0x55d973b884ff <unknown>\n#15 0x55d973be3258 <unknown>\n#16 0x55d973be3432 <unknown>\n#17 0x55d973bf4fa3 <unknown>\n#18 0x7fa39d69caa4 <unknown>\n#19 0x7fa39d729c6c <unknown>\n\n",
      "statusTrace" : "  File \"/home/runner/work/Oblache/Oblache/tests_ui/profile_page.py\", line 40, in click_static_site_button\n    return self.element_is_present_and_clickable(self.locators.STATIC_BUTTON).click()\n           ^^^^^^^^^^^^^^^^^^^^^^^^^^^^^^^^^^^^^^^^^^^^^^^^^^^^^^^^^^^^^^^^^^\n  File \"/home/runner/work/Oblache/Oblache/tests_ui/base_page.py\", line 28, in element_is_present_and_clickable\n    return (Wait(self.driver, self.timeout).until(\n            ^^^^^^^^^^^^^^^^^^^^^^^^^^^^^^^^^^^^^^\n  File \"/opt/hostedtoolcache/Python/3.12.11/x64/lib/python3.12/site-packages/selenium/webdriver/support/wait.py\", line 105, in until\n    raise TimeoutException(message, screen, stacktrace)\n",
      "steps" : [ ],
      "attachments" : [ ],
      "parameters" : [ ],
      "stepsCount" : 0,
      "attachmentsCount" : 0,
      "shouldDisplayMessage" : true,
      "hasContent" : true
    } ],
    "attachments" : [ {
      "uid" : "9c58c414752930c6",
      "name" : "Screenshot 2025-10-25 01:47:48.524632",
      "source" : "9c58c414752930c6.png",
      "type" : "image/png",
      "size" : 50510
    } ],
    "parameters" : [ ],
    "stepsCount" : 1,
    "attachmentsCount" : 1,
    "shouldDisplayMessage" : true,
    "hasContent" : true
  },
  "afterStages" : [ {
    "name" : "driver::0",
    "time" : {
      "start" : 1761356868526,
      "stop" : 1761356868585,
      "duration" : 59
    },
    "status" : "passed",
    "steps" : [ ],
    "attachments" : [ ],
    "parameters" : [ ],
    "stepsCount" : 0,
    "attachmentsCount" : 0,
    "shouldDisplayMessage" : false,
    "hasContent" : false
  } ],
  "labels" : [ {
    "name" : "suite",
    "value" : "Test Profile Page."
  }, {
    "name" : "parentSuite",
    "value" : "tests_ui"
  }, {
    "name" : "subSuite",
    "value" : "TestProfilePage"
  }, {
    "name" : "host",
    "value" : "runnervmwhb2z"
  }, {
    "name" : "thread",
    "value" : "2713-MainThread"
  }, {
    "name" : "framework",
    "value" : "pytest"
  }, {
    "name" : "language",
    "value" : "cpython3"
  }, {
    "name" : "package",
    "value" : "tests_ui.test_ui"
  }, {
    "name" : "resultFormat",
    "value" : "allure2"
  } ],
  "parameters" : [ ],
  "links" : [ ],
  "hidden" : false,
  "retry" : false,
  "extra" : {
    "severity" : "normal",
    "retries" : [ ],
    "categories" : [ {
      "name" : "Test defects",
      "matchedStatuses" : [ ],
      "flaky" : false
    } ],
    "history" : {
      "statistic" : {
        "failed" : 0,
        "broken" : 322,
        "skipped" : 0,
        "passed" : 0,
        "unknown" : 0,
        "total" : 322
      },
      "items" : [ {
        "uid" : "a216d2a318b327b0",
        "reportUrl" : "https://lambotik.github.io/Oblache/542//#testresult/a216d2a318b327b0",
        "status" : "broken",
        "statusDetails" : "selenium.common.exceptions.TimeoutException: Message: Can't find element by locator ('xpath', '//button[@id=\"menu_button_webpages\"]')\nStacktrace:\n#0 0x562a016c0fba <unknown>\n#1 0x562a011456d0 <unknown>\n#2 0x562a011972aa <unknown>\n#3 0x562a01197541 <unknown>\n#4 0x562a011e56c4 <unknown>\n#5 0x562a011bce5d <unknown>\n#6 0x562a011e2b54 <unknown>\n#7 0x562a011bcc03 <unknown>\n#8 0x562a011897a8 <unknown>\n#9 0x562a0118a421 <unknown>\n#10 0x562a01685b28 <unknown>\n#11 0x562a0168987f <unknown>\n#12 0x562a0166dc49 <unknown>\n#13 0x562a0168a405 <unknown>\n#14 0x562a016534ff <unknown>\n#15 0x562a016ae258 <unknown>\n#16 0x562a016ae432 <unknown>\n#17 0x562a016bffa3 <unknown>\n#18 0x7fad6c09caa4 <unknown>\n#19 0x7fad6c129c6c <unknown>",
        "time" : {
          "start" : 1761270336298,
          "stop" : 1761270341312,
          "duration" : 5014
        }
      }, {
        "uid" : "fd6ad045d9bd4e4c",
        "reportUrl" : "https://lambotik.github.io/Oblache/541//#testresult/fd6ad045d9bd4e4c",
        "status" : "broken",
        "statusDetails" : "selenium.common.exceptions.TimeoutException: Message: Can't find element by locator ('xpath', '//button[@id=\"menu_button_webpages\"]')\nStacktrace:\n#0 0x555c7ac4ffba <unknown>\n#1 0x555c7a6d46d0 <unknown>\n#2 0x555c7a7262aa <unknown>\n#3 0x555c7a726541 <unknown>\n#4 0x555c7a7746c4 <unknown>\n#5 0x555c7a74be5d <unknown>\n#6 0x555c7a771b54 <unknown>\n#7 0x555c7a74bc03 <unknown>\n#8 0x555c7a7187a8 <unknown>\n#9 0x555c7a719421 <unknown>\n#10 0x555c7ac14b28 <unknown>\n#11 0x555c7ac1887f <unknown>\n#12 0x555c7abfcc49 <unknown>\n#13 0x555c7ac19405 <unknown>\n#14 0x555c7abe24ff <unknown>\n#15 0x555c7ac3d258 <unknown>\n#16 0x555c7ac3d432 <unknown>\n#17 0x555c7ac4efa3 <unknown>\n#18 0x7fd858a9caa4 <unknown>\n#19 0x7fd858b29c6c <unknown>",
        "time" : {
          "start" : 1761184181400,
          "stop" : 1761184186421,
          "duration" : 5021
        }
      }, {
        "uid" : "60fdbf4e76724d1",
        "reportUrl" : "https://lambotik.github.io/Oblache/540//#testresult/60fdbf4e76724d1",
        "status" : "broken",
        "statusDetails" : "selenium.common.exceptions.TimeoutException: Message: Can't find element by locator ('xpath', '//button[@id=\"menu_button_webpages\"]')\nStacktrace:\n#0 0x561ee4af3fba <unknown>\n#1 0x561ee45786d0 <unknown>\n#2 0x561ee45ca2aa <unknown>\n#3 0x561ee45ca541 <unknown>\n#4 0x561ee46186c4 <unknown>\n#5 0x561ee45efe5d <unknown>\n#6 0x561ee4615b54 <unknown>\n#7 0x561ee45efc03 <unknown>\n#8 0x561ee45bc7a8 <unknown>\n#9 0x561ee45bd421 <unknown>\n#10 0x561ee4ab8b28 <unknown>\n#11 0x561ee4abc87f <unknown>\n#12 0x561ee4aa0c49 <unknown>\n#13 0x561ee4abd405 <unknown>\n#14 0x561ee4a864ff <unknown>\n#15 0x561ee4ae1258 <unknown>\n#16 0x561ee4ae1432 <unknown>\n#17 0x561ee4af2fa3 <unknown>\n#18 0x7f9be889caa4 <unknown>\n#19 0x7f9be8929c6c <unknown>",
        "time" : {
          "start" : 1761098030401,
          "stop" : 1761098035498,
          "duration" : 5097
        }
      }, {
        "uid" : "b4f08fa5ebf3d936",
        "reportUrl" : "https://lambotik.github.io/Oblache/539//#testresult/b4f08fa5ebf3d936",
        "status" : "broken",
        "statusDetails" : "selenium.common.exceptions.TimeoutException: Message: Can't find element by locator ('xpath', '//button[@id=\"menu_button_webpages\"]')\nStacktrace:\n#0 0x562b6022cfba <unknown>\n#1 0x562b5fcb16d0 <unknown>\n#2 0x562b5fd032aa <unknown>\n#3 0x562b5fd03541 <unknown>\n#4 0x562b5fd516c4 <unknown>\n#5 0x562b5fd28e5d <unknown>\n#6 0x562b5fd4eb54 <unknown>\n#7 0x562b5fd28c03 <unknown>\n#8 0x562b5fcf57a8 <unknown>\n#9 0x562b5fcf6421 <unknown>\n#10 0x562b601f1b28 <unknown>\n#11 0x562b601f587f <unknown>\n#12 0x562b601d9c49 <unknown>\n#13 0x562b601f6405 <unknown>\n#14 0x562b601bf4ff <unknown>\n#15 0x562b6021a258 <unknown>\n#16 0x562b6021a432 <unknown>\n#17 0x562b6022bfa3 <unknown>\n#18 0x7fb9c629caa4 <unknown>\n#19 0x7fb9c6329c6c <unknown>",
        "time" : {
          "start" : 1761011425906,
          "stop" : 1761011431002,
          "duration" : 5096
        }
      }, {
        "uid" : "28f54444ecc61051",
        "reportUrl" : "https://lambotik.github.io/Oblache/538//#testresult/28f54444ecc61051",
        "status" : "broken",
        "statusDetails" : "selenium.common.exceptions.TimeoutException: Message: Can't find element by locator ('xpath', '//button[@id=\"menu_button_webpages\"]')\nStacktrace:\n#0 0x558d38ca367a <unknown>\n#1 0x558d38722566 <unknown>\n#2 0x558d3877468d <unknown>\n#3 0x558d38774921 <unknown>\n#4 0x558d387c2e94 <unknown>\n#5 0x558d3879a65d <unknown>\n#6 0x558d387c0328 <unknown>\n#7 0x558d3879a403 <unknown>\n#8 0x558d38766b02 <unknown>\n#9 0x558d387677c1 <unknown>\n#10 0x558d38c67448 <unknown>\n#11 0x558d38c6b2af <unknown>\n#12 0x558d38c4e8d9 <unknown>\n#13 0x558d38c6be55 <unknown>\n#14 0x558d38c3413f <unknown>\n#15 0x558d38c904b8 <unknown>\n#16 0x558d38c90693 <unknown>\n#17 0x558d38ca2613 <unknown>\n#18 0x7fd8f489caa4 <unknown>\n#19 0x7fd8f4929c6c <unknown>",
        "time" : {
          "start" : 1760925391589,
          "stop" : 1760925396974,
          "duration" : 5385
        }
      }, {
        "uid" : "ba69dc86171eeea1",
        "reportUrl" : "https://lambotik.github.io/Oblache/537//#testresult/ba69dc86171eeea1",
        "status" : "broken",
        "statusDetails" : "selenium.common.exceptions.TimeoutException: Message: Can't find element by locator ('xpath', '//button[@id=\"menu_button_webpages\"]')\nStacktrace:\n#0 0x556b16d7667a <unknown>\n#1 0x556b167f5566 <unknown>\n#2 0x556b1684768d <unknown>\n#3 0x556b16847921 <unknown>\n#4 0x556b16895e94 <unknown>\n#5 0x556b1686d65d <unknown>\n#6 0x556b16893328 <unknown>\n#7 0x556b1686d403 <unknown>\n#8 0x556b16839b02 <unknown>\n#9 0x556b1683a7c1 <unknown>\n#10 0x556b16d3a448 <unknown>\n#11 0x556b16d3e2af <unknown>\n#12 0x556b16d218d9 <unknown>\n#13 0x556b16d3ee55 <unknown>\n#14 0x556b16d0713f <unknown>\n#15 0x556b16d634b8 <unknown>\n#16 0x556b16d63693 <unknown>\n#17 0x556b16d75613 <unknown>\n#18 0x7f69b289caa4 <unknown>\n#19 0x7f69b2929c6c <unknown>",
        "time" : {
          "start" : 1760839187725,
          "stop" : 1760839193111,
          "duration" : 5386
        }
      }, {
        "uid" : "f6b5261b5eca097f",
        "reportUrl" : "https://lambotik.github.io/Oblache/536//#testresult/f6b5261b5eca097f",
        "status" : "broken",
        "statusDetails" : "selenium.common.exceptions.TimeoutException: Message: Can't find element by locator ('xpath', '//button[@id=\"menu_button_webpages\"]')\nStacktrace:\n#0 0x55f8314ee67a <unknown>\n#1 0x55f830f6d566 <unknown>\n#2 0x55f830fbf68d <unknown>\n#3 0x55f830fbf921 <unknown>\n#4 0x55f83100de94 <unknown>\n#5 0x55f830fe565d <unknown>\n#6 0x55f83100b328 <unknown>\n#7 0x55f830fe5403 <unknown>\n#8 0x55f830fb1b02 <unknown>\n#9 0x55f830fb27c1 <unknown>\n#10 0x55f8314b2448 <unknown>\n#11 0x55f8314b62af <unknown>\n#12 0x55f8314998d9 <unknown>\n#13 0x55f8314b6e55 <unknown>\n#14 0x55f83147f13f <unknown>\n#15 0x55f8314db4b8 <unknown>\n#16 0x55f8314db693 <unknown>\n#17 0x55f8314ed613 <unknown>\n#18 0x7f2295a9caa4 <unknown>\n#19 0x7f2295b29c6c <unknown>",
        "time" : {
          "start" : 1760751835584,
          "stop" : 1760751840765,
          "duration" : 5181
        }
      }, {
        "uid" : "2596f05a26330587",
        "reportUrl" : "https://lambotik.github.io/Oblache/535//#testresult/2596f05a26330587",
        "status" : "broken",
        "statusDetails" : "selenium.common.exceptions.TimeoutException: Message: Can't find element by locator ('xpath', '//button[@id=\"menu_button_webpages\"]')\nStacktrace:\n#0 0x55dfd2401fba <unknown>\n#1 0x55dfd1e866d0 <unknown>\n#2 0x55dfd1ed82aa <unknown>\n#3 0x55dfd1ed8541 <unknown>\n#4 0x55dfd1f266c4 <unknown>\n#5 0x55dfd1efde5d <unknown>\n#6 0x55dfd1f23b54 <unknown>\n#7 0x55dfd1efdc03 <unknown>\n#8 0x55dfd1eca7a8 <unknown>\n#9 0x55dfd1ecb421 <unknown>\n#10 0x55dfd23c6b28 <unknown>\n#11 0x55dfd23ca87f <unknown>\n#12 0x55dfd23aec49 <unknown>\n#13 0x55dfd23cb405 <unknown>\n#14 0x55dfd23944ff <unknown>\n#15 0x55dfd23ef258 <unknown>\n#16 0x55dfd23ef432 <unknown>\n#17 0x55dfd2400fa3 <unknown>\n#18 0x7f3a08e9caa4 <unknown>\n#19 0x7f3a08f29c6c <unknown>",
        "time" : {
          "start" : 1760665660323,
          "stop" : 1760665665540,
          "duration" : 5217
        }
      }, {
        "uid" : "5d863adf0ba5644f",
        "reportUrl" : "https://lambotik.github.io/Oblache/534//#testresult/5d863adf0ba5644f",
        "status" : "broken",
        "statusDetails" : "selenium.common.exceptions.TimeoutException: Message: Can't find element by locator ('xpath', '//button[@id=\"menu_button_webpages\"]')\nStacktrace:\n#0 0x55d78c7d8fba <unknown>\n#1 0x55d78c25d6d0 <unknown>\n#2 0x55d78c2af2aa <unknown>\n#3 0x55d78c2af541 <unknown>\n#4 0x55d78c2fd6c4 <unknown>\n#5 0x55d78c2d4e5d <unknown>\n#6 0x55d78c2fab54 <unknown>\n#7 0x55d78c2d4c03 <unknown>\n#8 0x55d78c2a17a8 <unknown>\n#9 0x55d78c2a2421 <unknown>\n#10 0x55d78c79db28 <unknown>\n#11 0x55d78c7a187f <unknown>\n#12 0x55d78c785c49 <unknown>\n#13 0x55d78c7a2405 <unknown>\n#14 0x55d78c76b4ff <unknown>\n#15 0x55d78c7c6258 <unknown>\n#16 0x55d78c7c6432 <unknown>\n#17 0x55d78c7d7fa3 <unknown>\n#18 0x7f2d6009caa4 <unknown>\n#19 0x7f2d60129c6c <unknown>",
        "time" : {
          "start" : 1760579314835,
          "stop" : 1760579319862,
          "duration" : 5027
        }
      }, {
        "uid" : "7f6787e6e994093",
        "reportUrl" : "https://lambotik.github.io/Oblache/533//#testresult/7f6787e6e994093",
        "status" : "broken",
        "statusDetails" : "selenium.common.exceptions.TimeoutException: Message: Can't find element by locator ('xpath', '//button[@id=\"menu_button_webpages\"]')\nStacktrace:\n#0 0x55f2140dffba <unknown>\n#1 0x55f213b646d0 <unknown>\n#2 0x55f213bb62aa <unknown>\n#3 0x55f213bb6541 <unknown>\n#4 0x55f213c046c4 <unknown>\n#5 0x55f213bdbe5d <unknown>\n#6 0x55f213c01b54 <unknown>\n#7 0x55f213bdbc03 <unknown>\n#8 0x55f213ba87a8 <unknown>\n#9 0x55f213ba9421 <unknown>\n#10 0x55f2140a4b28 <unknown>\n#11 0x55f2140a887f <unknown>\n#12 0x55f21408cc49 <unknown>\n#13 0x55f2140a9405 <unknown>\n#14 0x55f2140724ff <unknown>\n#15 0x55f2140cd258 <unknown>\n#16 0x55f2140cd432 <unknown>\n#17 0x55f2140defa3 <unknown>\n#18 0x7f096bc9caa4 <unknown>\n#19 0x7f096bd29c6c <unknown>",
        "time" : {
          "start" : 1760493042977,
          "stop" : 1760493048325,
          "duration" : 5348
        }
      }, {
        "uid" : "5711ed8b5cb03690",
        "reportUrl" : "https://lambotik.github.io/Oblache/532//#testresult/5711ed8b5cb03690",
        "status" : "broken",
        "statusDetails" : "selenium.common.exceptions.TimeoutException: Message: Can't find element by locator ('xpath', '//button[@id=\"menu_button_webpages\"]')\nStacktrace:\n#0 0x55703e226fba <unknown>\n#1 0x55703dcab6d0 <unknown>\n#2 0x55703dcfd2aa <unknown>\n#3 0x55703dcfd541 <unknown>\n#4 0x55703dd4b6c4 <unknown>\n#5 0x55703dd22e5d <unknown>\n#6 0x55703dd48b54 <unknown>\n#7 0x55703dd22c03 <unknown>\n#8 0x55703dcef7a8 <unknown>\n#9 0x55703dcf0421 <unknown>\n#10 0x55703e1ebb28 <unknown>\n#11 0x55703e1ef87f <unknown>\n#12 0x55703e1d3c49 <unknown>\n#13 0x55703e1f0405 <unknown>\n#14 0x55703e1b94ff <unknown>\n#15 0x55703e214258 <unknown>\n#16 0x55703e214432 <unknown>\n#17 0x55703e225fa3 <unknown>\n#18 0x7fcd4889caa4 <unknown>\n#19 0x7fcd48929c6c <unknown>",
        "time" : {
          "start" : 1760406461340,
          "stop" : 1760406466731,
          "duration" : 5391
        }
      }, {
        "uid" : "a59a2a2e154f761",
        "reportUrl" : "https://lambotik.github.io/Oblache/531//#testresult/a59a2a2e154f761",
        "status" : "broken",
        "statusDetails" : "selenium.common.exceptions.TimeoutException: Message: Can't find element by locator ('xpath', '//button[@id=\"menu_button_webpages\"]')\nStacktrace:\n#0 0x55facf603fba <unknown>\n#1 0x55facf0886d0 <unknown>\n#2 0x55facf0da2aa <unknown>\n#3 0x55facf0da541 <unknown>\n#4 0x55facf1286c4 <unknown>\n#5 0x55facf0ffe5d <unknown>\n#6 0x55facf125b54 <unknown>\n#7 0x55facf0ffc03 <unknown>\n#8 0x55facf0cc7a8 <unknown>\n#9 0x55facf0cd421 <unknown>\n#10 0x55facf5c8b28 <unknown>\n#11 0x55facf5cc87f <unknown>\n#12 0x55facf5b0c49 <unknown>\n#13 0x55facf5cd405 <unknown>\n#14 0x55facf5964ff <unknown>\n#15 0x55facf5f1258 <unknown>\n#16 0x55facf5f1432 <unknown>\n#17 0x55facf602fa3 <unknown>\n#18 0x7f3e16c9caa4 <unknown>\n#19 0x7f3e16d29c6c <unknown>",
        "time" : {
          "start" : 1760320410585,
          "stop" : 1760320415960,
          "duration" : 5375
        }
      }, {
        "uid" : "56082f14f8e80ec5",
        "reportUrl" : "https://lambotik.github.io/Oblache/530//#testresult/56082f14f8e80ec5",
        "status" : "broken",
        "statusDetails" : "selenium.common.exceptions.TimeoutException: Message: Can't find element by locator ('xpath', '//button[@id=\"menu_button_webpages\"]')\nStacktrace:\n#0 0x5596f8ccafba <unknown>\n#1 0x5596f874f6d0 <unknown>\n#2 0x5596f87a12aa <unknown>\n#3 0x5596f87a1541 <unknown>\n#4 0x5596f87ef6c4 <unknown>\n#5 0x5596f87c6e5d <unknown>\n#6 0x5596f87ecb54 <unknown>\n#7 0x5596f87c6c03 <unknown>\n#8 0x5596f87937a8 <unknown>\n#9 0x5596f8794421 <unknown>\n#10 0x5596f8c8fb28 <unknown>\n#11 0x5596f8c9387f <unknown>\n#12 0x5596f8c77c49 <unknown>\n#13 0x5596f8c94405 <unknown>\n#14 0x5596f8c5d4ff <unknown>\n#15 0x5596f8cb8258 <unknown>\n#16 0x5596f8cb8432 <unknown>\n#17 0x5596f8cc9fa3 <unknown>\n#18 0x7f630ee9caa4 <unknown>\n#19 0x7f630ef29c6c <unknown>",
        "time" : {
          "start" : 1760233845105,
          "stop" : 1760233850507,
          "duration" : 5402
        }
      }, {
        "uid" : "9a812e437336001d",
        "reportUrl" : "https://lambotik.github.io/Oblache/529//#testresult/9a812e437336001d",
        "status" : "broken",
        "statusDetails" : "selenium.common.exceptions.TimeoutException: Message: Can't find element by locator ('xpath', '//button[@id=\"menu_button_webpages\"]')\nStacktrace:\n#0 0x564a8663bfba <unknown>\n#1 0x564a860c06d0 <unknown>\n#2 0x564a861122aa <unknown>\n#3 0x564a86112541 <unknown>\n#4 0x564a861606c4 <unknown>\n#5 0x564a86137e5d <unknown>\n#6 0x564a8615db54 <unknown>\n#7 0x564a86137c03 <unknown>\n#8 0x564a861047a8 <unknown>\n#9 0x564a86105421 <unknown>\n#10 0x564a86600b28 <unknown>\n#11 0x564a8660487f <unknown>\n#12 0x564a865e8c49 <unknown>\n#13 0x564a86605405 <unknown>\n#14 0x564a865ce4ff <unknown>\n#15 0x564a86629258 <unknown>\n#16 0x564a86629432 <unknown>\n#17 0x564a8663afa3 <unknown>\n#18 0x7fe234a9caa4 <unknown>\n#19 0x7fe234b29c6c <unknown>",
        "time" : {
          "start" : 1760146958976,
          "stop" : 1760146963982,
          "duration" : 5006
        }
      }, {
        "uid" : "a594f5396da944c2",
        "reportUrl" : "https://lambotik.github.io/Oblache/528//#testresult/a594f5396da944c2",
        "status" : "broken",
        "statusDetails" : "selenium.common.exceptions.TimeoutException: Message: Can't find element by locator ('xpath', '//button[@id=\"menu_button_webpages\"]')\nStacktrace:\n#0 0x5595c6aa8fba <unknown>\n#1 0x5595c652d6d0 <unknown>\n#2 0x5595c657f2aa <unknown>\n#3 0x5595c657f541 <unknown>\n#4 0x5595c65cd6c4 <unknown>\n#5 0x5595c65a4e5d <unknown>\n#6 0x5595c65cab54 <unknown>\n#7 0x5595c65a4c03 <unknown>\n#8 0x5595c65717a8 <unknown>\n#9 0x5595c6572421 <unknown>\n#10 0x5595c6a6db28 <unknown>\n#11 0x5595c6a7187f <unknown>\n#12 0x5595c6a55c49 <unknown>\n#13 0x5595c6a72405 <unknown>\n#14 0x5595c6a3b4ff <unknown>\n#15 0x5595c6a96258 <unknown>\n#16 0x5595c6a96432 <unknown>\n#17 0x5595c6aa7fa3 <unknown>\n#18 0x7faf5c69caa4 <unknown>\n#19 0x7faf5c729c6c <unknown>",
        "time" : {
          "start" : 1760060796541,
          "stop" : 1760060801639,
          "duration" : 5098
        }
      }, {
        "uid" : "8d9f35940385bd5",
        "reportUrl" : "https://lambotik.github.io/Oblache/527//#testresult/8d9f35940385bd5",
        "status" : "broken",
        "statusDetails" : "selenium.common.exceptions.TimeoutException: Message: Can't find element by locator ('xpath', '//button[@id=\"menu_button_webpages\"]')\nStacktrace:\n#0 0x5567209d1fba <unknown>\n#1 0x5567204566d0 <unknown>\n#2 0x5567204a82aa <unknown>\n#3 0x5567204a8541 <unknown>\n#4 0x5567204f66c4 <unknown>\n#5 0x5567204cde5d <unknown>\n#6 0x5567204f3b54 <unknown>\n#7 0x5567204cdc03 <unknown>\n#8 0x55672049a7a8 <unknown>\n#9 0x55672049b421 <unknown>\n#10 0x556720996b28 <unknown>\n#11 0x55672099a87f <unknown>\n#12 0x55672097ec49 <unknown>\n#13 0x55672099b405 <unknown>\n#14 0x5567209644ff <unknown>\n#15 0x5567209bf258 <unknown>\n#16 0x5567209bf432 <unknown>\n#17 0x5567209d0fa3 <unknown>\n#18 0x7f839c49caa4 <unknown>\n#19 0x7f839c529c6c <unknown>",
        "time" : {
          "start" : 1759974335364,
          "stop" : 1759974340461,
          "duration" : 5097
        }
      }, {
        "uid" : "7d7bd2b5b5e5f57c",
        "reportUrl" : "https://lambotik.github.io/Oblache/526//#testresult/7d7bd2b5b5e5f57c",
        "status" : "broken",
        "statusDetails" : "selenium.common.exceptions.TimeoutException: Message: Can't find element by locator ('xpath', '//button[@id=\"menu_button_webpages\"]')\nStacktrace:\n#0 0x561304234fba <unknown>\n#1 0x561303cb96d0 <unknown>\n#2 0x561303d0b2aa <unknown>\n#3 0x561303d0b541 <unknown>\n#4 0x561303d596c4 <unknown>\n#5 0x561303d30e5d <unknown>\n#6 0x561303d56b54 <unknown>\n#7 0x561303d30c03 <unknown>\n#8 0x561303cfd7a8 <unknown>\n#9 0x561303cfe421 <unknown>\n#10 0x5613041f9b28 <unknown>\n#11 0x5613041fd87f <unknown>\n#12 0x5613041e1c49 <unknown>\n#13 0x5613041fe405 <unknown>\n#14 0x5613041c74ff <unknown>\n#15 0x561304222258 <unknown>\n#16 0x561304222432 <unknown>\n#17 0x561304233fa3 <unknown>\n#18 0x7fcc4649caa4 <unknown>\n#19 0x7fcc46529c6c <unknown>",
        "time" : {
          "start" : 1759887900066,
          "stop" : 1759887905163,
          "duration" : 5097
        }
      }, {
        "uid" : "38032800e177deb1",
        "reportUrl" : "https://lambotik.github.io/Oblache/525//#testresult/38032800e177deb1",
        "status" : "broken",
        "statusDetails" : "selenium.common.exceptions.TimeoutException: Message: Can't find element by locator ('xpath', '//button[@id=\"menu_button_webpages\"]')\nStacktrace:\n#0 0x55d6a73a8fba <unknown>\n#1 0x55d6a6e2d6d0 <unknown>\n#2 0x55d6a6e7f2aa <unknown>\n#3 0x55d6a6e7f541 <unknown>\n#4 0x55d6a6ecd6c4 <unknown>\n#5 0x55d6a6ea4e5d <unknown>\n#6 0x55d6a6ecab54 <unknown>\n#7 0x55d6a6ea4c03 <unknown>\n#8 0x55d6a6e717a8 <unknown>\n#9 0x55d6a6e72421 <unknown>\n#10 0x55d6a736db28 <unknown>\n#11 0x55d6a737187f <unknown>\n#12 0x55d6a7355c49 <unknown>\n#13 0x55d6a7372405 <unknown>\n#14 0x55d6a733b4ff <unknown>\n#15 0x55d6a7396258 <unknown>\n#16 0x55d6a7396432 <unknown>\n#17 0x55d6a73a7fa3 <unknown>\n#18 0x7fe98b29caa4 <unknown>\n#19 0x7fe98b329c6c <unknown>",
        "time" : {
          "start" : 1759801473097,
          "stop" : 1759801478193,
          "duration" : 5096
        }
      }, {
        "uid" : "1d51c8ccb542f726",
        "reportUrl" : "https://lambotik.github.io/Oblache/524//#testresult/1d51c8ccb542f726",
        "status" : "broken",
        "statusDetails" : "selenium.common.exceptions.TimeoutException: Message: Can't find element by locator ('xpath', '//button[@id=\"menu_button_webpages\"]')\nStacktrace:\n#0 0x55d2d24c4fba <unknown>\n#1 0x55d2d1f496d0 <unknown>\n#2 0x55d2d1f9b2aa <unknown>\n#3 0x55d2d1f9b541 <unknown>\n#4 0x55d2d1fe96c4 <unknown>\n#5 0x55d2d1fc0e5d <unknown>\n#6 0x55d2d1fe6b54 <unknown>\n#7 0x55d2d1fc0c03 <unknown>\n#8 0x55d2d1f8d7a8 <unknown>\n#9 0x55d2d1f8e421 <unknown>\n#10 0x55d2d2489b28 <unknown>\n#11 0x55d2d248d87f <unknown>\n#12 0x55d2d2471c49 <unknown>\n#13 0x55d2d248e405 <unknown>\n#14 0x55d2d24574ff <unknown>\n#15 0x55d2d24b2258 <unknown>\n#16 0x55d2d24b2432 <unknown>\n#17 0x55d2d24c3fa3 <unknown>\n#18 0x7f066209caa4 <unknown>\n#19 0x7f0662129c6c <unknown>",
        "time" : {
          "start" : 1759715278014,
          "stop" : 1759715283145,
          "duration" : 5131
        }
      }, {
        "uid" : "fbad33d1f25545ee",
        "reportUrl" : "https://lambotik.github.io/Oblache/523//#testresult/fbad33d1f25545ee",
        "status" : "broken",
        "statusDetails" : "selenium.common.exceptions.TimeoutException: Message: Can't find element by locator ('xpath', '//button[@id=\"menu_button_webpages\"]')\nStacktrace:\n#0 0x564dc2c1cfba <unknown>\n#1 0x564dc26a16d0 <unknown>\n#2 0x564dc26f32aa <unknown>\n#3 0x564dc26f3541 <unknown>\n#4 0x564dc27416c4 <unknown>\n#5 0x564dc2718e5d <unknown>\n#6 0x564dc273eb54 <unknown>\n#7 0x564dc2718c03 <unknown>\n#8 0x564dc26e57a8 <unknown>\n#9 0x564dc26e6421 <unknown>\n#10 0x564dc2be1b28 <unknown>\n#11 0x564dc2be587f <unknown>\n#12 0x564dc2bc9c49 <unknown>\n#13 0x564dc2be6405 <unknown>\n#14 0x564dc2baf4ff <unknown>\n#15 0x564dc2c0a258 <unknown>\n#16 0x564dc2c0a432 <unknown>\n#17 0x564dc2c1bfa3 <unknown>\n#18 0x7fb92129caa4 <unknown>\n#19 0x7fb921329c6c <unknown>",
        "time" : {
          "start" : 1759629276882,
          "stop" : 1759629282204,
          "duration" : 5322
        }
      } ]
    },
    "tags" : [ ]
  },
  "source" : "11c21be65058b407.json",
  "parameterValues" : [ ]
}