{
  "uid" : "803ff6a11b16c6ba",
  "name" : "POST create_docker_container_without_token",
  "fullName" : "tests_api.test_bd.TestPOST#test_post_create_docker_with_defunct_image",
  "historyId" : "346493b9ad20460bc067ba466e60ac88",
  "time" : {
    "start" : 1751332921788,
    "stop" : 1751332922103,
    "duration" : 315
  },
  "status" : "failed",
  "statusMessage" : "AssertionError: Result is not equal expected value",
  "statusTrace" : "self = <tests_api.test_bd.TestPOST object at 0x7fbe8b4c4ad0>\n\n    @allure.title('POST create_docker_container_without_token')\n    def test_post_create_docker_with_defunct_image(self):\n        result = API.post_create_docker_container_with_defunct_image(token=TestPOST.token)\n        Checking.check_status_code(result, 400)\n>       Checking.check_json_value(result, 'msg', \"msg[]: the image doesn't found in the DockerHub\")\n\ntests_api/test_bd.py:411: \n_ _ _ _ _ _ _ _ _ _ _ _ _ _ _ _ _ _ _ _ _ _ _ _ _ _ _ _ _ _ _ _ _ _ _ _ _ _ _ _ \n\nresponse = <Response [400]>, field_name = 'msg'\nexpected_value = \"msg[]: the image doesn't found in the DockerHub\"\n\n    @staticmethod\n    def check_json_value(response: requests.models.Response, field_name: str, expected_value):\n        \"\"\"\n        :param response: requests.models.Response\n        :param field_name:\n        :param expected_value:\n        \"\"\"\n        check = response.json()\n        check_info = check.get(field_name)\n        with allure.step(\n                f'Compare result request with expected value:'\n                f'\\nResponse: {response}\\nField name: {field_name}\\nValue: {expected_value}'):\n>           assert check_info == expected_value, 'Result is not equal expected value'\nE           AssertionError: Result is not equal expected value\n\ntests_api/utils/checking.py:57: AssertionError",
  "flaky" : false,
  "newFailed" : false,
  "beforeStages" : [ ],
  "testStage" : {
    "status" : "failed",
    "statusMessage" : "AssertionError: Result is not equal expected value",
    "statusTrace" : "self = <tests_api.test_bd.TestPOST object at 0x7fbe8b4c4ad0>\n\n    @allure.title('POST create_docker_container_without_token')\n    def test_post_create_docker_with_defunct_image(self):\n        result = API.post_create_docker_container_with_defunct_image(token=TestPOST.token)\n        Checking.check_status_code(result, 400)\n>       Checking.check_json_value(result, 'msg', \"msg[]: the image doesn't found in the DockerHub\")\n\ntests_api/test_bd.py:411: \n_ _ _ _ _ _ _ _ _ _ _ _ _ _ _ _ _ _ _ _ _ _ _ _ _ _ _ _ _ _ _ _ _ _ _ _ _ _ _ _ \n\nresponse = <Response [400]>, field_name = 'msg'\nexpected_value = \"msg[]: the image doesn't found in the DockerHub\"\n\n    @staticmethod\n    def check_json_value(response: requests.models.Response, field_name: str, expected_value):\n        \"\"\"\n        :param response: requests.models.Response\n        :param field_name:\n        :param expected_value:\n        \"\"\"\n        check = response.json()\n        check_info = check.get(field_name)\n        with allure.step(\n                f'Compare result request with expected value:'\n                f'\\nResponse: {response}\\nField name: {field_name}\\nValue: {expected_value}'):\n>           assert check_info == expected_value, 'Result is not equal expected value'\nE           AssertionError: Result is not equal expected value\n\ntests_api/utils/checking.py:57: AssertionError",
    "steps" : [ {
      "name" : "post_create_docker_container_with_defunct_image",
      "time" : {
        "start" : 1751332921789,
        "stop" : 1751332922103,
        "duration" : 314
      },
      "status" : "passed",
      "steps" : [ {
        "name" : "Endpoint: /container_create",
        "time" : {
          "start" : 1751332922103,
          "stop" : 1751332922103,
          "duration" : 0
        },
        "status" : "passed",
        "steps" : [ ],
        "attachments" : [ ],
        "parameters" : [ ],
        "stepsCount" : 0,
        "attachmentsCount" : 0,
        "shouldDisplayMessage" : false,
        "hasContent" : false
      }, {
        "name" : "Request:",
        "time" : {
          "start" : 1751332922103,
          "stop" : 1751332922103,
          "duration" : 0
        },
        "status" : "passed",
        "steps" : [ {
          "name" : "Headers: {'Content-Type': 'application/json', 'Authorization': {'98a677b5-1501-4029-ba70-0546f9aa8664'}}",
          "time" : {
            "start" : 1751332922103,
            "stop" : 1751332922103,
            "duration" : 0
          },
          "status" : "passed",
          "steps" : [ ],
          "attachments" : [ ],
          "parameters" : [ ],
          "stepsCount" : 0,
          "attachmentsCount" : 0,
          "shouldDisplayMessage" : false,
          "hasContent" : false
        }, {
          "name" : "Body: {\"docker_image\": \"\", \"int_ports\": \"80\", \"env\": 3, \"region\": 3}",
          "time" : {
            "start" : 1751332922103,
            "stop" : 1751332922103,
            "duration" : 0
          },
          "status" : "passed",
          "steps" : [ ],
          "attachments" : [ ],
          "parameters" : [ ],
          "stepsCount" : 0,
          "attachmentsCount" : 0,
          "shouldDisplayMessage" : false,
          "hasContent" : false
        } ],
        "attachments" : [ ],
        "parameters" : [ ],
        "stepsCount" : 2,
        "attachmentsCount" : 0,
        "shouldDisplayMessage" : false,
        "hasContent" : true
      }, {
        "name" : "Response:",
        "time" : {
          "start" : 1751332922103,
          "stop" : 1751332922103,
          "duration" : 0
        },
        "status" : "passed",
        "steps" : [ {
          "name" : "Status code: 400",
          "time" : {
            "start" : 1751332922103,
            "stop" : 1751332922103,
            "duration" : 0
          },
          "status" : "passed",
          "steps" : [ ],
          "attachments" : [ ],
          "parameters" : [ ],
          "stepsCount" : 0,
          "attachmentsCount" : 0,
          "shouldDisplayMessage" : false,
          "hasContent" : false
        }, {
          "name" : "JSON: {\n    \"msg_code\": -1,\n    \"msg\": \"endpoint is disabled\"\n}\n",
          "time" : {
            "start" : 1751332922103,
            "stop" : 1751332922103,
            "duration" : 0
          },
          "status" : "passed",
          "steps" : [ ],
          "attachments" : [ ],
          "parameters" : [ ],
          "stepsCount" : 0,
          "attachmentsCount" : 0,
          "shouldDisplayMessage" : false,
          "hasContent" : false
        } ],
        "attachments" : [ ],
        "parameters" : [ ],
        "stepsCount" : 2,
        "attachmentsCount" : 0,
        "shouldDisplayMessage" : false,
        "hasContent" : true
      } ],
      "attachments" : [ ],
      "parameters" : [ ],
      "stepsCount" : 7,
      "attachmentsCount" : 0,
      "shouldDisplayMessage" : false,
      "hasContent" : true
    }, {
      "name" : "Assert status code: 400 == Response status code: 400",
      "time" : {
        "start" : 1751332922103,
        "stop" : 1751332922103,
        "duration" : 0
      },
      "status" : "passed",
      "steps" : [ ],
      "attachments" : [ ],
      "parameters" : [ ],
      "stepsCount" : 0,
      "attachmentsCount" : 0,
      "shouldDisplayMessage" : false,
      "hasContent" : false
    }, {
      "name" : "Compare result request with expected value:\nResponse: <Response [400]>\nField name: msg\nValue: msg[]: the image doesn't found in the DockerHub",
      "time" : {
        "start" : 1751332922103,
        "stop" : 1751332922103,
        "duration" : 0
      },
      "status" : "failed",
      "statusMessage" : "AssertionError: Result is not equal expected value\n",
      "statusTrace" : "  File \"/home/runner/work/Oblache/Oblache/tests_api/utils/checking.py\", line 57, in check_json_value\n    assert check_info == expected_value, 'Result is not equal expected value'\n           ^^^^^^^^^^^^^^^^^^^^^^^^^^^^\n",
      "steps" : [ ],
      "attachments" : [ ],
      "parameters" : [ ],
      "stepsCount" : 0,
      "attachmentsCount" : 0,
      "shouldDisplayMessage" : true,
      "hasContent" : true
    } ],
    "attachments" : [ ],
    "parameters" : [ ],
    "stepsCount" : 10,
    "attachmentsCount" : 0,
    "shouldDisplayMessage" : true,
    "hasContent" : true
  },
  "afterStages" : [ ],
  "labels" : [ {
    "name" : "suite",
    "value" : "POST"
  }, {
    "name" : "parentSuite",
    "value" : "tests_api"
  }, {
    "name" : "subSuite",
    "value" : "TestPOST"
  }, {
    "name" : "host",
    "value" : "pkrvmbietmlfzoi"
  }, {
    "name" : "thread",
    "value" : "2556-MainThread"
  }, {
    "name" : "framework",
    "value" : "pytest"
  }, {
    "name" : "language",
    "value" : "cpython3"
  }, {
    "name" : "package",
    "value" : "tests_api.test_bd"
  }, {
    "name" : "resultFormat",
    "value" : "allure2"
  } ],
  "parameters" : [ ],
  "links" : [ ],
  "hidden" : false,
  "retry" : false,
  "extra" : {
    "severity" : "normal",
    "retries" : [ ],
    "categories" : [ {
      "name" : "Product defects",
      "matchedStatuses" : [ ],
      "flaky" : false
    } ],
    "history" : {
      "statistic" : {
        "failed" : 199,
        "broken" : 0,
        "skipped" : 0,
        "passed" : 36,
        "unknown" : 0,
        "total" : 235
      },
      "items" : [ {
        "uid" : "e9f05761311cfff9",
        "reportUrl" : "https://lambotik.github.io/Oblache/449//#testresult/e9f05761311cfff9",
        "status" : "failed",
        "statusDetails" : "AssertionError: Result is not equal expected value",
        "time" : {
          "start" : 1751246322328,
          "stop" : 1751246322640,
          "duration" : 312
        }
      }, {
        "uid" : "12383d333f2253c",
        "reportUrl" : "https://lambotik.github.io/Oblache/448//#testresult/12383d333f2253c",
        "status" : "failed",
        "statusDetails" : "AssertionError: Result is not equal expected value",
        "time" : {
          "start" : 1751160122441,
          "stop" : 1751160122849,
          "duration" : 408
        }
      }, {
        "uid" : "a80769a2439f773f",
        "reportUrl" : "https://lambotik.github.io/Oblache/447//#testresult/a80769a2439f773f",
        "status" : "failed",
        "statusDetails" : "AssertionError: Result is not equal expected value",
        "time" : {
          "start" : 1751073116932,
          "stop" : 1751073117235,
          "duration" : 303
        }
      }, {
        "uid" : "6699b02db3ac845e",
        "reportUrl" : "https://lambotik.github.io/Oblache/446//#testresult/6699b02db3ac845e",
        "status" : "failed",
        "statusDetails" : "AssertionError: Result is not equal expected value",
        "time" : {
          "start" : 1750986890099,
          "stop" : 1750986890607,
          "duration" : 508
        }
      }, {
        "uid" : "8cddc385336628bb",
        "reportUrl" : "https://lambotik.github.io/Oblache/445//#testresult/8cddc385336628bb",
        "status" : "failed",
        "statusDetails" : "AssertionError: Result is not equal expected value",
        "time" : {
          "start" : 1750900424501,
          "stop" : 1750900424874,
          "duration" : 373
        }
      }, {
        "uid" : "bbc91d97160ebc1a",
        "reportUrl" : "https://lambotik.github.io/Oblache/444//#testresult/bbc91d97160ebc1a",
        "status" : "failed",
        "statusDetails" : "AssertionError: Result is not equal expected value",
        "time" : {
          "start" : 1750814103009,
          "stop" : 1750814103508,
          "duration" : 499
        }
      }, {
        "uid" : "2f9c94747a39b8a5",
        "reportUrl" : "https://lambotik.github.io/Oblache/443//#testresult/2f9c94747a39b8a5",
        "status" : "failed",
        "statusDetails" : "AssertionError: Result is not equal expected value",
        "time" : {
          "start" : 1750727658568,
          "stop" : 1750727659062,
          "duration" : 494
        }
      }, {
        "uid" : "5351e539add0d3a8",
        "reportUrl" : "https://lambotik.github.io/Oblache/442//#testresult/5351e539add0d3a8",
        "status" : "failed",
        "statusDetails" : "AssertionError: Result is not equal expected value",
        "time" : {
          "start" : 1750641507087,
          "stop" : 1750641507620,
          "duration" : 533
        }
      }, {
        "uid" : "c3af85f6e9df3448",
        "reportUrl" : "https://lambotik.github.io/Oblache/441//#testresult/c3af85f6e9df3448",
        "status" : "failed",
        "statusDetails" : "AssertionError: Result is not equal expected value",
        "time" : {
          "start" : 1750555236813,
          "stop" : 1750555237342,
          "duration" : 529
        }
      }, {
        "uid" : "f3f46337b099c8ce",
        "reportUrl" : "https://lambotik.github.io/Oblache/440//#testresult/f3f46337b099c8ce",
        "status" : "failed",
        "statusDetails" : "AssertionError: Result is not equal expected value",
        "time" : {
          "start" : 1750468356958,
          "stop" : 1750468357469,
          "duration" : 511
        }
      }, {
        "uid" : "80ff8a9ee6180cdf",
        "reportUrl" : "https://lambotik.github.io/Oblache/439//#testresult/80ff8a9ee6180cdf",
        "status" : "failed",
        "statusDetails" : "AssertionError: Result is not equal expected value",
        "time" : {
          "start" : 1750382010046,
          "stop" : 1750382010534,
          "duration" : 488
        }
      }, {
        "uid" : "93eb0f8b31a11111",
        "reportUrl" : "https://lambotik.github.io/Oblache/438//#testresult/93eb0f8b31a11111",
        "status" : "failed",
        "statusDetails" : "AssertionError: Result is not equal expected value",
        "time" : {
          "start" : 1750295648129,
          "stop" : 1750295648634,
          "duration" : 505
        }
      }, {
        "uid" : "93cef60b4a78951f",
        "reportUrl" : "https://lambotik.github.io/Oblache/437//#testresult/93cef60b4a78951f",
        "status" : "failed",
        "statusDetails" : "AssertionError: Result is not equal expected value",
        "time" : {
          "start" : 1750209214170,
          "stop" : 1750209214480,
          "duration" : 310
        }
      }, {
        "uid" : "2216473511c333fc",
        "reportUrl" : "https://lambotik.github.io/Oblache/436//#testresult/2216473511c333fc",
        "status" : "failed",
        "statusDetails" : "AssertionError: Result is not equal expected value",
        "time" : {
          "start" : 1750122850300,
          "stop" : 1750122850654,
          "duration" : 354
        }
      }, {
        "uid" : "dff55be608dd093",
        "reportUrl" : "https://lambotik.github.io/Oblache/435//#testresult/dff55be608dd093",
        "status" : "failed",
        "statusDetails" : "AssertionError: Result is not equal expected value",
        "time" : {
          "start" : 1750036552833,
          "stop" : 1750036553135,
          "duration" : 302
        }
      }, {
        "uid" : "611429f21c724be5",
        "reportUrl" : "https://lambotik.github.io/Oblache/434//#testresult/611429f21c724be5",
        "status" : "failed",
        "statusDetails" : "AssertionError: Result is not equal expected value",
        "time" : {
          "start" : 1749950475125,
          "stop" : 1749950475439,
          "duration" : 314
        }
      }, {
        "uid" : "da5b541a4d7cffc1",
        "reportUrl" : "https://lambotik.github.io/Oblache/433//#testresult/da5b541a4d7cffc1",
        "status" : "failed",
        "statusDetails" : "AssertionError: Incorrect status code: 502",
        "time" : {
          "start" : 1749863470076,
          "stop" : 1749863470569,
          "duration" : 493
        }
      }, {
        "uid" : "c3892e229d361e87",
        "reportUrl" : "https://lambotik.github.io/Oblache/432//#testresult/c3892e229d361e87",
        "status" : "failed",
        "statusDetails" : "AssertionError: Incorrect status code: 502",
        "time" : {
          "start" : 1749777235006,
          "stop" : 1749777235340,
          "duration" : 334
        }
      }, {
        "uid" : "bd297ead905e4dc0",
        "reportUrl" : "https://lambotik.github.io/Oblache/431//#testresult/bd297ead905e4dc0",
        "status" : "failed",
        "statusDetails" : "AssertionError: Incorrect status code: 502",
        "time" : {
          "start" : 1749690774806,
          "stop" : 1749690775176,
          "duration" : 370
        }
      }, {
        "uid" : "1df59ba8c84a7ed8",
        "reportUrl" : "https://lambotik.github.io/Oblache/430//#testresult/1df59ba8c84a7ed8",
        "status" : "failed",
        "statusDetails" : "AssertionError: Incorrect status code: 502",
        "time" : {
          "start" : 1749604428684,
          "stop" : 1749604429026,
          "duration" : 342
        }
      } ]
    },
    "tags" : [ ]
  },
  "source" : "803ff6a11b16c6ba.json",
  "parameterValues" : [ ]
}