{
  "uid" : "2db284ae8f7f509c",
  "name" : "POST checking ports_len negative len",
  "fullName" : "tests_api.test_bd.TestPOST#test_post_checking_ports_len_negative_len",
  "historyId" : "9489e2633e96acb1f0103e85b89d7a6f",
  "time" : {
    "start" : 1744160851474,
    "stop" : 1744160851976,
    "duration" : 502
  },
  "status" : "failed",
  "statusMessage" : "AssertionError: Result is not equal expected value",
  "statusTrace" : "self = <tests_api.test_bd.TestPOST object at 0x7fe7a876c4d0>\n\n    @allure.title('POST checking ports_len negative len')\n    def test_post_checking_ports_len_negative_len(self):\n        result = API.post_create_docker_container_checking_ports(\n            token=TestPOST.token,\n            port_len=\"80,81,82,83,84,85,86,87,88,89,90\")\n        Checking.check_status_code(result, 400)\n>       Checking.check_json_value(result, 'msg', 'msg[]: ports range is too wide')\n\ntests_api/test_bd.py:391: \n_ _ _ _ _ _ _ _ _ _ _ _ _ _ _ _ _ _ _ _ _ _ _ _ _ _ _ _ _ _ _ _ _ _ _ _ _ _ _ _ \n\nresponse = <Response [400]>, field_name = 'msg'\nexpected_value = 'msg[]: ports range is too wide'\n\n    @staticmethod\n    def check_json_value(response: requests.models.Response, field_name: str, expected_value):\n        \"\"\"\n        :param response: requests.models.Response\n        :param field_name:\n        :param expected_value:\n        \"\"\"\n        check = response.json()\n        check_info = check.get(field_name)\n        with allure.step(\n                f'Compare result request with expected value:'\n                f'\\nResponse: {response}\\nField name: {field_name}\\nValue: {expected_value}'):\n>           assert check_info == expected_value, 'Result is not equal expected value'\nE           AssertionError: Result is not equal expected value\n\ntests_api/utils/checking.py:57: AssertionError",
  "flaky" : false,
  "newFailed" : false,
  "beforeStages" : [ ],
  "testStage" : {
    "status" : "failed",
    "statusMessage" : "AssertionError: Result is not equal expected value",
    "statusTrace" : "self = <tests_api.test_bd.TestPOST object at 0x7fe7a876c4d0>\n\n    @allure.title('POST checking ports_len negative len')\n    def test_post_checking_ports_len_negative_len(self):\n        result = API.post_create_docker_container_checking_ports(\n            token=TestPOST.token,\n            port_len=\"80,81,82,83,84,85,86,87,88,89,90\")\n        Checking.check_status_code(result, 400)\n>       Checking.check_json_value(result, 'msg', 'msg[]: ports range is too wide')\n\ntests_api/test_bd.py:391: \n_ _ _ _ _ _ _ _ _ _ _ _ _ _ _ _ _ _ _ _ _ _ _ _ _ _ _ _ _ _ _ _ _ _ _ _ _ _ _ _ \n\nresponse = <Response [400]>, field_name = 'msg'\nexpected_value = 'msg[]: ports range is too wide'\n\n    @staticmethod\n    def check_json_value(response: requests.models.Response, field_name: str, expected_value):\n        \"\"\"\n        :param response: requests.models.Response\n        :param field_name:\n        :param expected_value:\n        \"\"\"\n        check = response.json()\n        check_info = check.get(field_name)\n        with allure.step(\n                f'Compare result request with expected value:'\n                f'\\nResponse: {response}\\nField name: {field_name}\\nValue: {expected_value}'):\n>           assert check_info == expected_value, 'Result is not equal expected value'\nE           AssertionError: Result is not equal expected value\n\ntests_api/utils/checking.py:57: AssertionError",
    "steps" : [ {
      "name" : "post_create_docker_container",
      "time" : {
        "start" : 1744160851475,
        "stop" : 1744160851976,
        "duration" : 501
      },
      "status" : "passed",
      "steps" : [ {
        "name" : "Endpoint: /container_create",
        "time" : {
          "start" : 1744160851976,
          "stop" : 1744160851976,
          "duration" : 0
        },
        "status" : "passed",
        "steps" : [ ],
        "attachments" : [ ],
        "parameters" : [ ],
        "attachmentsCount" : 0,
        "stepsCount" : 0,
        "shouldDisplayMessage" : false,
        "hasContent" : false
      }, {
        "name" : "Request:",
        "time" : {
          "start" : 1744160851976,
          "stop" : 1744160851976,
          "duration" : 0
        },
        "status" : "passed",
        "steps" : [ {
          "name" : "Headers: {'Content-Type': 'application/json', 'Authorization': '8e142e85-8ca7-400a-b345-6a2fb6954ec0'}",
          "time" : {
            "start" : 1744160851976,
            "stop" : 1744160851976,
            "duration" : 0
          },
          "status" : "passed",
          "steps" : [ ],
          "attachments" : [ ],
          "parameters" : [ ],
          "attachmentsCount" : 0,
          "stepsCount" : 0,
          "shouldDisplayMessage" : false,
          "hasContent" : false
        }, {
          "name" : "Body: {\"docker_image\": \"nginx\", \"int_ports\": f\"80,81,82,83,84,85,86,87,88,89,90\", \"env\": 3, \"region\": 3}",
          "time" : {
            "start" : 1744160851976,
            "stop" : 1744160851976,
            "duration" : 0
          },
          "status" : "passed",
          "steps" : [ ],
          "attachments" : [ ],
          "parameters" : [ ],
          "attachmentsCount" : 0,
          "stepsCount" : 0,
          "shouldDisplayMessage" : false,
          "hasContent" : false
        } ],
        "attachments" : [ ],
        "parameters" : [ ],
        "attachmentsCount" : 0,
        "stepsCount" : 2,
        "shouldDisplayMessage" : false,
        "hasContent" : true
      }, {
        "name" : "Response:",
        "time" : {
          "start" : 1744160851976,
          "stop" : 1744160851976,
          "duration" : 0
        },
        "status" : "passed",
        "steps" : [ {
          "name" : "Status code: 400",
          "time" : {
            "start" : 1744160851976,
            "stop" : 1744160851976,
            "duration" : 0
          },
          "status" : "passed",
          "steps" : [ ],
          "attachments" : [ ],
          "parameters" : [ ],
          "attachmentsCount" : 0,
          "stepsCount" : 0,
          "shouldDisplayMessage" : false,
          "hasContent" : false
        }, {
          "name" : "JSON: {\n    \"msg_code\": -1,\n    \"msg\": \"endpoint is disabled\"\n}\n",
          "time" : {
            "start" : 1744160851976,
            "stop" : 1744160851976,
            "duration" : 0
          },
          "status" : "passed",
          "steps" : [ ],
          "attachments" : [ ],
          "parameters" : [ ],
          "attachmentsCount" : 0,
          "stepsCount" : 0,
          "shouldDisplayMessage" : false,
          "hasContent" : false
        } ],
        "attachments" : [ ],
        "parameters" : [ ],
        "attachmentsCount" : 0,
        "stepsCount" : 2,
        "shouldDisplayMessage" : false,
        "hasContent" : true
      } ],
      "attachments" : [ ],
      "parameters" : [ ],
      "attachmentsCount" : 0,
      "stepsCount" : 7,
      "shouldDisplayMessage" : false,
      "hasContent" : true
    }, {
      "name" : "Assert status code: 400 == Response status code: 400",
      "time" : {
        "start" : 1744160851976,
        "stop" : 1744160851976,
        "duration" : 0
      },
      "status" : "passed",
      "steps" : [ ],
      "attachments" : [ ],
      "parameters" : [ ],
      "attachmentsCount" : 0,
      "stepsCount" : 0,
      "shouldDisplayMessage" : false,
      "hasContent" : false
    }, {
      "name" : "Compare result request with expected value:\nResponse: <Response [400]>\nField name: msg\nValue: msg[]: ports range is too wide",
      "time" : {
        "start" : 1744160851976,
        "stop" : 1744160851976,
        "duration" : 0
      },
      "status" : "failed",
      "statusMessage" : "AssertionError: Result is not equal expected value\n",
      "statusTrace" : "  File \"/home/runner/work/Oblache/Oblache/tests_api/utils/checking.py\", line 57, in check_json_value\n    assert check_info == expected_value, 'Result is not equal expected value'\n           ^^^^^^^^^^^^^^^^^^^^^^^^^^^^\n",
      "steps" : [ ],
      "attachments" : [ ],
      "parameters" : [ ],
      "attachmentsCount" : 0,
      "stepsCount" : 0,
      "shouldDisplayMessage" : true,
      "hasContent" : true
    } ],
    "attachments" : [ ],
    "parameters" : [ ],
    "attachmentsCount" : 0,
    "stepsCount" : 10,
    "shouldDisplayMessage" : true,
    "hasContent" : true
  },
  "afterStages" : [ ],
  "labels" : [ {
    "name" : "suite",
    "value" : "POST"
  }, {
    "name" : "parentSuite",
    "value" : "tests_api"
  }, {
    "name" : "subSuite",
    "value" : "TestPOST"
  }, {
    "name" : "host",
    "value" : "fv-az2234-876"
  }, {
    "name" : "thread",
    "value" : "2501-MainThread"
  }, {
    "name" : "framework",
    "value" : "pytest"
  }, {
    "name" : "language",
    "value" : "cpython3"
  }, {
    "name" : "package",
    "value" : "tests_api.test_bd"
  }, {
    "name" : "resultFormat",
    "value" : "allure2"
  } ],
  "parameters" : [ ],
  "links" : [ ],
  "hidden" : false,
  "retry" : false,
  "extra" : {
    "severity" : "normal",
    "retries" : [ ],
    "categories" : [ {
      "name" : "Product defects",
      "matchedStatuses" : [ ],
      "flaky" : false
    } ],
    "history" : {
      "statistic" : {
        "failed" : 119,
        "broken" : 0,
        "skipped" : 0,
        "passed" : 36,
        "unknown" : 0,
        "total" : 155
      },
      "items" : [ {
        "uid" : "adb9fe95c9e3354c",
        "reportUrl" : "https://lambotik.github.io/Oblache/366//#testresult/adb9fe95c9e3354c",
        "status" : "failed",
        "statusDetails" : "AssertionError: Result is not equal expected value",
        "time" : {
          "start" : 1744074433741,
          "stop" : 1744074434231,
          "duration" : 490
        }
      }, {
        "uid" : "ec3e80fad99284e",
        "reportUrl" : "https://lambotik.github.io/Oblache/365//#testresult/ec3e80fad99284e",
        "status" : "failed",
        "statusDetails" : "AssertionError: Incorrect status code: 502",
        "time" : {
          "start" : 1743988162167,
          "stop" : 1743988162656,
          "duration" : 489
        }
      }, {
        "uid" : "173b5f93807bd095",
        "reportUrl" : "https://lambotik.github.io/Oblache/364//#testresult/173b5f93807bd095",
        "status" : "failed",
        "statusDetails" : "AssertionError: Incorrect status code: 502",
        "time" : {
          "start" : 1743901871695,
          "stop" : 1743901871972,
          "duration" : 277
        }
      }, {
        "uid" : "e806063ce23e3683",
        "reportUrl" : "https://lambotik.github.io/Oblache/363//#testresult/e806063ce23e3683",
        "status" : "failed",
        "statusDetails" : "AssertionError: Result is not equal expected value",
        "time" : {
          "start" : 1743815147192,
          "stop" : 1743815147522,
          "duration" : 330
        }
      }, {
        "uid" : "25b2502e5fe2b890",
        "reportUrl" : "https://lambotik.github.io/Oblache/362//#testresult/25b2502e5fe2b890",
        "status" : "failed",
        "statusDetails" : "AssertionError: Result is not equal expected value",
        "time" : {
          "start" : 1743728808110,
          "stop" : 1743728808617,
          "duration" : 507
        }
      }, {
        "uid" : "79b4619a7e8a0563",
        "reportUrl" : "https://lambotik.github.io/Oblache/361//#testresult/79b4619a7e8a0563",
        "status" : "failed",
        "statusDetails" : "AssertionError: Result is not equal expected value",
        "time" : {
          "start" : 1743642418751,
          "stop" : 1743642419122,
          "duration" : 371
        }
      }, {
        "uid" : "4e57fba0d83b856f",
        "reportUrl" : "https://lambotik.github.io/Oblache/360//#testresult/4e57fba0d83b856f",
        "status" : "failed",
        "statusDetails" : "AssertionError: Result is not equal expected value",
        "time" : {
          "start" : 1743556075345,
          "stop" : 1743556075713,
          "duration" : 368
        }
      }, {
        "uid" : "d8cb58c562f0c16e",
        "reportUrl" : "https://lambotik.github.io/Oblache/359//#testresult/d8cb58c562f0c16e",
        "status" : "failed",
        "statusDetails" : "AssertionError: Result is not equal expected value",
        "time" : {
          "start" : 1743470107442,
          "stop" : 1743470107810,
          "duration" : 368
        }
      }, {
        "uid" : "9de79cda5146f2c2",
        "reportUrl" : "https://lambotik.github.io/Oblache/358//#testresult/9de79cda5146f2c2",
        "status" : "failed",
        "statusDetails" : "AssertionError: Result is not equal expected value",
        "time" : {
          "start" : 1743383446358,
          "stop" : 1743383446853,
          "duration" : 495
        }
      }, {
        "uid" : "87d6a70ddfaa8367",
        "reportUrl" : "https://lambotik.github.io/Oblache/357//#testresult/87d6a70ddfaa8367",
        "status" : "failed",
        "statusDetails" : "AssertionError: Result is not equal expected value",
        "time" : {
          "start" : 1743297109545,
          "stop" : 1743297109872,
          "duration" : 327
        }
      }, {
        "uid" : "87eb839957383ee5",
        "reportUrl" : "https://lambotik.github.io/Oblache/356//#testresult/87eb839957383ee5",
        "status" : "failed",
        "statusDetails" : "AssertionError: Result is not equal expected value",
        "time" : {
          "start" : 1743210333914,
          "stop" : 1743210334227,
          "duration" : 313
        }
      }, {
        "uid" : "e1bb168e866d6c0b",
        "reportUrl" : "https://lambotik.github.io/Oblache/355//#testresult/e1bb168e866d6c0b",
        "status" : "failed",
        "statusDetails" : "AssertionError: Result is not equal expected value",
        "time" : {
          "start" : 1743123969390,
          "stop" : 1743123969752,
          "duration" : 362
        }
      }, {
        "uid" : "f28f758e233d32a2",
        "reportUrl" : "https://lambotik.github.io/Oblache/354//#testresult/f28f758e233d32a2",
        "status" : "failed",
        "statusDetails" : "AssertionError: Result is not equal expected value",
        "time" : {
          "start" : 1743037576917,
          "stop" : 1743037577277,
          "duration" : 360
        }
      }, {
        "uid" : "f905547b0b5d0247",
        "reportUrl" : "https://lambotik.github.io/Oblache/353//#testresult/f905547b0b5d0247",
        "status" : "failed",
        "statusDetails" : "AssertionError: Result is not equal expected value",
        "time" : {
          "start" : 1742951185422,
          "stop" : 1742951185724,
          "duration" : 302
        }
      }, {
        "uid" : "127b64808ed3b444",
        "reportUrl" : "https://lambotik.github.io/Oblache/352//#testresult/127b64808ed3b444",
        "status" : "failed",
        "statusDetails" : "AssertionError: Result is not equal expected value",
        "time" : {
          "start" : 1742864800260,
          "stop" : 1742864800626,
          "duration" : 366
        }
      }, {
        "uid" : "a67360452fb0a1dd",
        "reportUrl" : "https://lambotik.github.io/Oblache/351//#testresult/a67360452fb0a1dd",
        "status" : "failed",
        "statusDetails" : "AssertionError: Result is not equal expected value",
        "time" : {
          "start" : 1742778504388,
          "stop" : 1742778504895,
          "duration" : 507
        }
      }, {
        "uid" : "daadb34a75796d50",
        "reportUrl" : "https://lambotik.github.io/Oblache/350//#testresult/daadb34a75796d50",
        "status" : "failed",
        "statusDetails" : "AssertionError: Result is not equal expected value",
        "time" : {
          "start" : 1742692249427,
          "stop" : 1742692249791,
          "duration" : 364
        }
      }, {
        "uid" : "aa1683e07ea3d695",
        "reportUrl" : "https://lambotik.github.io/Oblache/349//#testresult/aa1683e07ea3d695",
        "status" : "failed",
        "statusDetails" : "AssertionError: Result is not equal expected value",
        "time" : {
          "start" : 1742605486179,
          "stop" : 1742605486491,
          "duration" : 312
        }
      }, {
        "uid" : "d414bbfee7905413",
        "reportUrl" : "https://lambotik.github.io/Oblache/348//#testresult/d414bbfee7905413",
        "status" : "failed",
        "statusDetails" : "AssertionError: Result is not equal expected value",
        "time" : {
          "start" : 1742519186766,
          "stop" : 1742519187268,
          "duration" : 502
        }
      }, {
        "uid" : "bf9bdf3a1b8ac463",
        "reportUrl" : "https://lambotik.github.io/Oblache/347//#testresult/bf9bdf3a1b8ac463",
        "status" : "failed",
        "statusDetails" : "AssertionError: Result is not equal expected value",
        "time" : {
          "start" : 1742432689475,
          "stop" : 1742432689830,
          "duration" : 355
        }
      } ]
    },
    "tags" : [ ]
  },
  "source" : "2db284ae8f7f509c.json",
  "parameterValues" : [ ]
}