{
  "uid" : "5c45d310fd990c80",
  "name" : "POST create_docker_container_without_token",
  "fullName" : "tests_api.test_bd.TestPOST#test_post_create_docker_with_defunct_image",
  "historyId" : "346493b9ad20460bc067ba466e60ac88",
  "time" : {
    "start" : 1744160853022,
    "stop" : 1744160853531,
    "duration" : 509
  },
  "status" : "failed",
  "statusMessage" : "AssertionError: Result is not equal expected value",
  "statusTrace" : "self = <tests_api.test_bd.TestPOST object at 0x7fe7a876d2e0>\n\n    @allure.title('POST create_docker_container_without_token')\n    def test_post_create_docker_with_defunct_image(self):\n        result = API.post_create_docker_container_with_defunct_image(token=TestPOST.token)\n        Checking.check_status_code(result, 400)\n>       Checking.check_json_value(result, 'msg', \"msg[]: the image doesn't found in the DockerHub\")\n\ntests_api/test_bd.py:411: \n_ _ _ _ _ _ _ _ _ _ _ _ _ _ _ _ _ _ _ _ _ _ _ _ _ _ _ _ _ _ _ _ _ _ _ _ _ _ _ _ \n\nresponse = <Response [400]>, field_name = 'msg'\nexpected_value = \"msg[]: the image doesn't found in the DockerHub\"\n\n    @staticmethod\n    def check_json_value(response: requests.models.Response, field_name: str, expected_value):\n        \"\"\"\n        :param response: requests.models.Response\n        :param field_name:\n        :param expected_value:\n        \"\"\"\n        check = response.json()\n        check_info = check.get(field_name)\n        with allure.step(\n                f'Compare result request with expected value:'\n                f'\\nResponse: {response}\\nField name: {field_name}\\nValue: {expected_value}'):\n>           assert check_info == expected_value, 'Result is not equal expected value'\nE           AssertionError: Result is not equal expected value\n\ntests_api/utils/checking.py:57: AssertionError",
  "flaky" : false,
  "newFailed" : false,
  "beforeStages" : [ ],
  "testStage" : {
    "status" : "failed",
    "statusMessage" : "AssertionError: Result is not equal expected value",
    "statusTrace" : "self = <tests_api.test_bd.TestPOST object at 0x7fe7a876d2e0>\n\n    @allure.title('POST create_docker_container_without_token')\n    def test_post_create_docker_with_defunct_image(self):\n        result = API.post_create_docker_container_with_defunct_image(token=TestPOST.token)\n        Checking.check_status_code(result, 400)\n>       Checking.check_json_value(result, 'msg', \"msg[]: the image doesn't found in the DockerHub\")\n\ntests_api/test_bd.py:411: \n_ _ _ _ _ _ _ _ _ _ _ _ _ _ _ _ _ _ _ _ _ _ _ _ _ _ _ _ _ _ _ _ _ _ _ _ _ _ _ _ \n\nresponse = <Response [400]>, field_name = 'msg'\nexpected_value = \"msg[]: the image doesn't found in the DockerHub\"\n\n    @staticmethod\n    def check_json_value(response: requests.models.Response, field_name: str, expected_value):\n        \"\"\"\n        :param response: requests.models.Response\n        :param field_name:\n        :param expected_value:\n        \"\"\"\n        check = response.json()\n        check_info = check.get(field_name)\n        with allure.step(\n                f'Compare result request with expected value:'\n                f'\\nResponse: {response}\\nField name: {field_name}\\nValue: {expected_value}'):\n>           assert check_info == expected_value, 'Result is not equal expected value'\nE           AssertionError: Result is not equal expected value\n\ntests_api/utils/checking.py:57: AssertionError",
    "steps" : [ {
      "name" : "post_create_docker_container_with_defunct_image",
      "time" : {
        "start" : 1744160853022,
        "stop" : 1744160853531,
        "duration" : 509
      },
      "status" : "passed",
      "steps" : [ {
        "name" : "Endpoint: /container_create",
        "time" : {
          "start" : 1744160853531,
          "stop" : 1744160853531,
          "duration" : 0
        },
        "status" : "passed",
        "steps" : [ ],
        "attachments" : [ ],
        "parameters" : [ ],
        "attachmentsCount" : 0,
        "stepsCount" : 0,
        "shouldDisplayMessage" : false,
        "hasContent" : false
      }, {
        "name" : "Request:",
        "time" : {
          "start" : 1744160853531,
          "stop" : 1744160853531,
          "duration" : 0
        },
        "status" : "passed",
        "steps" : [ {
          "name" : "Headers: {'Content-Type': 'application/json', 'Authorization': '8e142e85-8ca7-400a-b345-6a2fb6954ec0'}",
          "time" : {
            "start" : 1744160853531,
            "stop" : 1744160853531,
            "duration" : 0
          },
          "status" : "passed",
          "steps" : [ ],
          "attachments" : [ ],
          "parameters" : [ ],
          "attachmentsCount" : 0,
          "stepsCount" : 0,
          "shouldDisplayMessage" : false,
          "hasContent" : false
        }, {
          "name" : "Body: {\"docker_image\": \"\", \"int_ports\": \"80\", \"env\": 3, \"region\": 3}",
          "time" : {
            "start" : 1744160853531,
            "stop" : 1744160853531,
            "duration" : 0
          },
          "status" : "passed",
          "steps" : [ ],
          "attachments" : [ ],
          "parameters" : [ ],
          "attachmentsCount" : 0,
          "stepsCount" : 0,
          "shouldDisplayMessage" : false,
          "hasContent" : false
        } ],
        "attachments" : [ ],
        "parameters" : [ ],
        "attachmentsCount" : 0,
        "stepsCount" : 2,
        "shouldDisplayMessage" : false,
        "hasContent" : true
      }, {
        "name" : "Response:",
        "time" : {
          "start" : 1744160853531,
          "stop" : 1744160853531,
          "duration" : 0
        },
        "status" : "passed",
        "steps" : [ {
          "name" : "Status code: 400",
          "time" : {
            "start" : 1744160853531,
            "stop" : 1744160853531,
            "duration" : 0
          },
          "status" : "passed",
          "steps" : [ ],
          "attachments" : [ ],
          "parameters" : [ ],
          "attachmentsCount" : 0,
          "stepsCount" : 0,
          "shouldDisplayMessage" : false,
          "hasContent" : false
        }, {
          "name" : "JSON: {\n    \"msg_code\": -1,\n    \"msg\": \"endpoint is disabled\"\n}\n",
          "time" : {
            "start" : 1744160853531,
            "stop" : 1744160853531,
            "duration" : 0
          },
          "status" : "passed",
          "steps" : [ ],
          "attachments" : [ ],
          "parameters" : [ ],
          "attachmentsCount" : 0,
          "stepsCount" : 0,
          "shouldDisplayMessage" : false,
          "hasContent" : false
        } ],
        "attachments" : [ ],
        "parameters" : [ ],
        "attachmentsCount" : 0,
        "stepsCount" : 2,
        "shouldDisplayMessage" : false,
        "hasContent" : true
      } ],
      "attachments" : [ ],
      "parameters" : [ ],
      "attachmentsCount" : 0,
      "stepsCount" : 7,
      "shouldDisplayMessage" : false,
      "hasContent" : true
    }, {
      "name" : "Assert status code: 400 == Response status code: 400",
      "time" : {
        "start" : 1744160853531,
        "stop" : 1744160853531,
        "duration" : 0
      },
      "status" : "passed",
      "steps" : [ ],
      "attachments" : [ ],
      "parameters" : [ ],
      "attachmentsCount" : 0,
      "stepsCount" : 0,
      "shouldDisplayMessage" : false,
      "hasContent" : false
    }, {
      "name" : "Compare result request with expected value:\nResponse: <Response [400]>\nField name: msg\nValue: msg[]: the image doesn't found in the DockerHub",
      "time" : {
        "start" : 1744160853531,
        "stop" : 1744160853531,
        "duration" : 0
      },
      "status" : "failed",
      "statusMessage" : "AssertionError: Result is not equal expected value\n",
      "statusTrace" : "  File \"/home/runner/work/Oblache/Oblache/tests_api/utils/checking.py\", line 57, in check_json_value\n    assert check_info == expected_value, 'Result is not equal expected value'\n           ^^^^^^^^^^^^^^^^^^^^^^^^^^^^\n",
      "steps" : [ ],
      "attachments" : [ ],
      "parameters" : [ ],
      "attachmentsCount" : 0,
      "stepsCount" : 0,
      "shouldDisplayMessage" : true,
      "hasContent" : true
    } ],
    "attachments" : [ ],
    "parameters" : [ ],
    "attachmentsCount" : 0,
    "stepsCount" : 10,
    "shouldDisplayMessage" : true,
    "hasContent" : true
  },
  "afterStages" : [ ],
  "labels" : [ {
    "name" : "suite",
    "value" : "POST"
  }, {
    "name" : "parentSuite",
    "value" : "tests_api"
  }, {
    "name" : "subSuite",
    "value" : "TestPOST"
  }, {
    "name" : "host",
    "value" : "fv-az2234-876"
  }, {
    "name" : "thread",
    "value" : "2501-MainThread"
  }, {
    "name" : "framework",
    "value" : "pytest"
  }, {
    "name" : "language",
    "value" : "cpython3"
  }, {
    "name" : "package",
    "value" : "tests_api.test_bd"
  }, {
    "name" : "resultFormat",
    "value" : "allure2"
  } ],
  "parameters" : [ ],
  "links" : [ ],
  "hidden" : false,
  "retry" : false,
  "extra" : {
    "severity" : "normal",
    "retries" : [ ],
    "categories" : [ {
      "name" : "Product defects",
      "matchedStatuses" : [ ],
      "flaky" : false
    } ],
    "history" : {
      "statistic" : {
        "failed" : 119,
        "broken" : 0,
        "skipped" : 0,
        "passed" : 36,
        "unknown" : 0,
        "total" : 155
      },
      "items" : [ {
        "uid" : "58316dd914fe7562",
        "reportUrl" : "https://lambotik.github.io/Oblache/366//#testresult/58316dd914fe7562",
        "status" : "failed",
        "statusDetails" : "AssertionError: Result is not equal expected value",
        "time" : {
          "start" : 1744074435247,
          "stop" : 1744074435736,
          "duration" : 489
        }
      }, {
        "uid" : "e618796dd30e2314",
        "reportUrl" : "https://lambotik.github.io/Oblache/365//#testresult/e618796dd30e2314",
        "status" : "failed",
        "statusDetails" : "AssertionError: Incorrect status code: 502",
        "time" : {
          "start" : 1743988163652,
          "stop" : 1743988164125,
          "duration" : 473
        }
      }, {
        "uid" : "41264f14a1a93c98",
        "reportUrl" : "https://lambotik.github.io/Oblache/364//#testresult/41264f14a1a93c98",
        "status" : "failed",
        "statusDetails" : "AssertionError: Incorrect status code: 502",
        "time" : {
          "start" : 1743901872560,
          "stop" : 1743901872837,
          "duration" : 277
        }
      }, {
        "uid" : "a420281cce19b5c2",
        "reportUrl" : "https://lambotik.github.io/Oblache/363//#testresult/a420281cce19b5c2",
        "status" : "failed",
        "statusDetails" : "AssertionError: Result is not equal expected value",
        "time" : {
          "start" : 1743815148188,
          "stop" : 1743815148508,
          "duration" : 320
        }
      }, {
        "uid" : "68f9edd03c7d72f7",
        "reportUrl" : "https://lambotik.github.io/Oblache/362//#testresult/68f9edd03c7d72f7",
        "status" : "failed",
        "statusDetails" : "AssertionError: Result is not equal expected value",
        "time" : {
          "start" : 1743728809687,
          "stop" : 1743728810196,
          "duration" : 509
        }
      }, {
        "uid" : "1ecd11969af184fe",
        "reportUrl" : "https://lambotik.github.io/Oblache/361//#testresult/1ecd11969af184fe",
        "status" : "failed",
        "statusDetails" : "AssertionError: Result is not equal expected value",
        "time" : {
          "start" : 1743642419906,
          "stop" : 1743642420269,
          "duration" : 363
        }
      }, {
        "uid" : "b6681b6f6a4886b9",
        "reportUrl" : "https://lambotik.github.io/Oblache/360//#testresult/b6681b6f6a4886b9",
        "status" : "failed",
        "statusDetails" : "AssertionError: Result is not equal expected value",
        "time" : {
          "start" : 1743556076491,
          "stop" : 1743556076859,
          "duration" : 368
        }
      }, {
        "uid" : "466184b4a2769382",
        "reportUrl" : "https://lambotik.github.io/Oblache/359//#testresult/466184b4a2769382",
        "status" : "failed",
        "statusDetails" : "AssertionError: Result is not equal expected value",
        "time" : {
          "start" : 1743470108441,
          "stop" : 1743470108743,
          "duration" : 302
        }
      }, {
        "uid" : "eba1318c42c9138c",
        "reportUrl" : "https://lambotik.github.io/Oblache/358//#testresult/eba1318c42c9138c",
        "status" : "failed",
        "statusDetails" : "AssertionError: Result is not equal expected value",
        "time" : {
          "start" : 1743383447904,
          "stop" : 1743383448406,
          "duration" : 502
        }
      }, {
        "uid" : "262e6d43a0063f7a",
        "reportUrl" : "https://lambotik.github.io/Oblache/357//#testresult/262e6d43a0063f7a",
        "status" : "failed",
        "statusDetails" : "AssertionError: Result is not equal expected value",
        "time" : {
          "start" : 1743297110537,
          "stop" : 1743297110858,
          "duration" : 321
        }
      }, {
        "uid" : "5a3de4d31be0e689",
        "reportUrl" : "https://lambotik.github.io/Oblache/356//#testresult/5a3de4d31be0e689",
        "status" : "failed",
        "statusDetails" : "AssertionError: Result is not equal expected value",
        "time" : {
          "start" : 1743210334898,
          "stop" : 1743210335210,
          "duration" : 312
        }
      }, {
        "uid" : "65152e5f43ca9edf",
        "reportUrl" : "https://lambotik.github.io/Oblache/355//#testresult/65152e5f43ca9edf",
        "status" : "failed",
        "statusDetails" : "AssertionError: Result is not equal expected value",
        "time" : {
          "start" : 1743123970527,
          "stop" : 1743123970906,
          "duration" : 379
        }
      }, {
        "uid" : "bc0fb80fc25f7f72",
        "reportUrl" : "https://lambotik.github.io/Oblache/354//#testresult/bc0fb80fc25f7f72",
        "status" : "failed",
        "statusDetails" : "AssertionError: Result is not equal expected value",
        "time" : {
          "start" : 1743037578047,
          "stop" : 1743037578417,
          "duration" : 370
        }
      }, {
        "uid" : "260abaafd317032e",
        "reportUrl" : "https://lambotik.github.io/Oblache/353//#testresult/260abaafd317032e",
        "status" : "failed",
        "statusDetails" : "AssertionError: Result is not equal expected value",
        "time" : {
          "start" : 1742951186369,
          "stop" : 1742951186751,
          "duration" : 382
        }
      }, {
        "uid" : "edbe024decaa13b7",
        "reportUrl" : "https://lambotik.github.io/Oblache/352//#testresult/edbe024decaa13b7",
        "status" : "failed",
        "statusDetails" : "AssertionError: Result is not equal expected value",
        "time" : {
          "start" : 1742864801274,
          "stop" : 1742864801650,
          "duration" : 376
        }
      }, {
        "uid" : "8f9e4fac8b4df732",
        "reportUrl" : "https://lambotik.github.io/Oblache/351//#testresult/8f9e4fac8b4df732",
        "status" : "failed",
        "statusDetails" : "AssertionError: Result is not equal expected value",
        "time" : {
          "start" : 1742778505945,
          "stop" : 1742778506445,
          "duration" : 500
        }
      }, {
        "uid" : "1f457074790daa86",
        "reportUrl" : "https://lambotik.github.io/Oblache/350//#testresult/1f457074790daa86",
        "status" : "failed",
        "statusDetails" : "AssertionError: Result is not equal expected value",
        "time" : {
          "start" : 1742692250547,
          "stop" : 1742692250910,
          "duration" : 363
        }
      }, {
        "uid" : "391ce031f972c841",
        "reportUrl" : "https://lambotik.github.io/Oblache/349//#testresult/391ce031f972c841",
        "status" : "failed",
        "statusDetails" : "AssertionError: Result is not equal expected value",
        "time" : {
          "start" : 1742605487163,
          "stop" : 1742605487475,
          "duration" : 312
        }
      }, {
        "uid" : "88fef77974ba54cb",
        "reportUrl" : "https://lambotik.github.io/Oblache/348//#testresult/88fef77974ba54cb",
        "status" : "failed",
        "statusDetails" : "AssertionError: Result is not equal expected value",
        "time" : {
          "start" : 1742519188315,
          "stop" : 1742519188818,
          "duration" : 503
        }
      }, {
        "uid" : "44f5e9447f341dba",
        "reportUrl" : "https://lambotik.github.io/Oblache/347//#testresult/44f5e9447f341dba",
        "status" : "failed",
        "statusDetails" : "AssertionError: Result is not equal expected value",
        "time" : {
          "start" : 1742432690575,
          "stop" : 1742432690943,
          "duration" : 368
        }
      } ]
    },
    "tags" : [ ]
  },
  "source" : "5c45d310fd990c80.json",
  "parameterValues" : [ ]
}