{
  "uid" : "9f2da3fe0076d60e",
  "name" : "test_clipboard_jdbc",
  "fullName" : "tests_ui.test_ui.TestProfilePage#test_clipboard_jdbc",
  "historyId" : "3c3bc2de59af179987e51569fc1d3309",
  "time" : {
    "start" : 1759887932331,
    "stop" : 1759887937429,
    "duration" : 5098
  },
  "status" : "broken",
  "statusMessage" : "selenium.common.exceptions.TimeoutException: Message: Can't find element by locator ('xpath', '//button[@id = \"menu_button_databases\"]')\nStacktrace:\n#0 0x55909d0e2fba <unknown>\n#1 0x55909cb676d0 <unknown>\n#2 0x55909cbb92aa <unknown>\n#3 0x55909cbb9541 <unknown>\n#4 0x55909cc076c4 <unknown>\n#5 0x55909cbdee5d <unknown>\n#6 0x55909cc04b54 <unknown>\n#7 0x55909cbdec03 <unknown>\n#8 0x55909cbab7a8 <unknown>\n#9 0x55909cbac421 <unknown>\n#10 0x55909d0a7b28 <unknown>\n#11 0x55909d0ab87f <unknown>\n#12 0x55909d08fc49 <unknown>\n#13 0x55909d0ac405 <unknown>\n#14 0x55909d0754ff <unknown>\n#15 0x55909d0d0258 <unknown>\n#16 0x55909d0d0432 <unknown>\n#17 0x55909d0e1fa3 <unknown>\n#18 0x7f5d4fe9caa4 <unknown>\n#19 0x7f5d4ff29c6c <unknown>",
  "statusTrace" : "self = <tests_ui.test_ui.TestProfilePage object at 0x7f07b8868d10>\ndriver = <selenium.webdriver.chrome.webdriver.WebDriver (session=\"cf90d90200b6ac065080e62b8759c5bc\")>\nauthorization_user = None\n\n    @allure.title('test_clipboard_jdbc')\n    def test_clipboard_jdbc(self, driver, authorization_user):\n        page = ProfilePage(driver, authorization_user)\n>       page.click_button_databases()\n\ntests_ui/test_ui.py:106: \n_ _ _ _ _ _ _ _ _ _ _ _ _ _ _ _ _ _ _ _ _ _ _ _ _ _ _ _ _ _ _ _ _ _ _ _ _ _ _ _ \ntests_ui/profile_page.py:36: in click_button_databases\n    return self.element_is_present_and_clickable(self.locators.DATABASE_BUTTON).click()\ntests_ui/base_page.py:28: in element_is_present_and_clickable\n    return (Wait(self.driver, self.timeout).until(\n_ _ _ _ _ _ _ _ _ _ _ _ _ _ _ _ _ _ _ _ _ _ _ _ _ _ _ _ _ _ _ _ _ _ _ _ _ _ _ _ \n\nself = <selenium.webdriver.support.wait.WebDriverWait (session=\"cf90d90200b6ac065080e62b8759c5bc\")>\nmethod = <function visibility_of_element_located.<locals>._predicate at 0x7f07b7b0f6a0>\nmessage = 'Can\\'t find element by locator (\\'xpath\\', \\'//button[@id = \"menu_button_databases\"]\\')'\n\n    def until(self, method: Callable[[D], Union[Literal[False], T]], message: str = \"\") -> T:\n        \"\"\"Calls the method provided with the driver as an argument until the \\\n        return value does not evaluate to ``False``.\n    \n        :param method: callable(WebDriver)\n        :param message: optional message for :exc:`TimeoutException`\n        :returns: the result of the last call to `method`\n        :raises: :exc:`selenium.common.exceptions.TimeoutException` if timeout occurs\n        \"\"\"\n        screen = None\n        stacktrace = None\n    \n        end_time = time.monotonic() + self._timeout\n        while True:\n            try:\n                value = method(self._driver)\n                if value:\n                    return value\n            except self._ignored_exceptions as exc:\n                screen = getattr(exc, \"screen\", None)\n                stacktrace = getattr(exc, \"stacktrace\", None)\n            time.sleep(self._poll)\n            if time.monotonic() > end_time:\n                break\n>       raise TimeoutException(message, screen, stacktrace)\nE       selenium.common.exceptions.TimeoutException: Message: Can't find element by locator ('xpath', '//button[@id = \"menu_button_databases\"]')\nE       Stacktrace:\nE       #0 0x55909d0e2fba <unknown>\nE       #1 0x55909cb676d0 <unknown>\nE       #2 0x55909cbb92aa <unknown>\nE       #3 0x55909cbb9541 <unknown>\nE       #4 0x55909cc076c4 <unknown>\nE       #5 0x55909cbdee5d <unknown>\nE       #6 0x55909cc04b54 <unknown>\nE       #7 0x55909cbdec03 <unknown>\nE       #8 0x55909cbab7a8 <unknown>\nE       #9 0x55909cbac421 <unknown>\nE       #10 0x55909d0a7b28 <unknown>\nE       #11 0x55909d0ab87f <unknown>\nE       #12 0x55909d08fc49 <unknown>\nE       #13 0x55909d0ac405 <unknown>\nE       #14 0x55909d0754ff <unknown>\nE       #15 0x55909d0d0258 <unknown>\nE       #16 0x55909d0d0432 <unknown>\nE       #17 0x55909d0e1fa3 <unknown>\nE       #18 0x7f5d4fe9caa4 <unknown>\nE       #19 0x7f5d4ff29c6c <unknown>\n\n/opt/hostedtoolcache/Python/3.12.11/x64/lib/python3.12/site-packages/selenium/webdriver/support/wait.py:105: TimeoutException",
  "flaky" : false,
  "newFailed" : false,
  "beforeStages" : [ {
    "name" : "authorization_user",
    "time" : {
      "start" : 1759887931765,
      "stop" : 1759887932331,
      "duration" : 566
    },
    "status" : "passed",
    "steps" : [ {
      "name" : "Open page: https://oblache.areso.pro/register.html",
      "time" : {
        "start" : 1759887931765,
        "stop" : 1759887932133,
        "duration" : 368
      },
      "status" : "passed",
      "steps" : [ ],
      "attachments" : [ ],
      "parameters" : [ ],
      "stepsCount" : 0,
      "attachmentsCount" : 0,
      "shouldDisplayMessage" : false,
      "hasContent" : false
    }, {
      "name" : "Login user",
      "time" : {
        "start" : 1759887932133,
        "stop" : 1759887932331,
        "duration" : 198
      },
      "status" : "passed",
      "steps" : [ {
        "name" : "Enter email.",
        "time" : {
          "start" : 1759887932133,
          "stop" : 1759887932194,
          "duration" : 61
        },
        "status" : "passed",
        "steps" : [ ],
        "attachments" : [ ],
        "parameters" : [ ],
        "stepsCount" : 0,
        "attachmentsCount" : 0,
        "shouldDisplayMessage" : false,
        "hasContent" : false
      }, {
        "name" : "Enter password.",
        "time" : {
          "start" : 1759887932194,
          "stop" : 1759887932240,
          "duration" : 46
        },
        "status" : "passed",
        "steps" : [ ],
        "attachments" : [ ],
        "parameters" : [ ],
        "stepsCount" : 0,
        "attachmentsCount" : 0,
        "shouldDisplayMessage" : false,
        "hasContent" : false
      }, {
        "name" : "Click button \"Login\"",
        "time" : {
          "start" : 1759887932240,
          "stop" : 1759887932328,
          "duration" : 88
        },
        "status" : "passed",
        "steps" : [ ],
        "attachments" : [ ],
        "parameters" : [ ],
        "stepsCount" : 0,
        "attachmentsCount" : 0,
        "shouldDisplayMessage" : false,
        "hasContent" : false
      }, {
        "name" : "Check url is present: https://oblache.areso.pro/register.html",
        "time" : {
          "start" : 1759887932328,
          "stop" : 1759887932331,
          "duration" : 3
        },
        "status" : "passed",
        "steps" : [ ],
        "attachments" : [ ],
        "parameters" : [ ],
        "stepsCount" : 0,
        "attachmentsCount" : 0,
        "shouldDisplayMessage" : false,
        "hasContent" : false
      } ],
      "attachments" : [ ],
      "parameters" : [ ],
      "stepsCount" : 4,
      "attachmentsCount" : 0,
      "shouldDisplayMessage" : false,
      "hasContent" : true
    } ],
    "attachments" : [ ],
    "parameters" : [ ],
    "stepsCount" : 6,
    "attachmentsCount" : 0,
    "shouldDisplayMessage" : false,
    "hasContent" : true
  }, {
    "name" : "driver",
    "time" : {
      "start" : 1759887931499,
      "stop" : 1759887931765,
      "duration" : 266
    },
    "status" : "passed",
    "steps" : [ ],
    "attachments" : [ ],
    "parameters" : [ ],
    "stepsCount" : 0,
    "attachmentsCount" : 0,
    "shouldDisplayMessage" : false,
    "hasContent" : false
  } ],
  "testStage" : {
    "status" : "broken",
    "statusMessage" : "selenium.common.exceptions.TimeoutException: Message: Can't find element by locator ('xpath', '//button[@id = \"menu_button_databases\"]')\nStacktrace:\n#0 0x55909d0e2fba <unknown>\n#1 0x55909cb676d0 <unknown>\n#2 0x55909cbb92aa <unknown>\n#3 0x55909cbb9541 <unknown>\n#4 0x55909cc076c4 <unknown>\n#5 0x55909cbdee5d <unknown>\n#6 0x55909cc04b54 <unknown>\n#7 0x55909cbdec03 <unknown>\n#8 0x55909cbab7a8 <unknown>\n#9 0x55909cbac421 <unknown>\n#10 0x55909d0a7b28 <unknown>\n#11 0x55909d0ab87f <unknown>\n#12 0x55909d08fc49 <unknown>\n#13 0x55909d0ac405 <unknown>\n#14 0x55909d0754ff <unknown>\n#15 0x55909d0d0258 <unknown>\n#16 0x55909d0d0432 <unknown>\n#17 0x55909d0e1fa3 <unknown>\n#18 0x7f5d4fe9caa4 <unknown>\n#19 0x7f5d4ff29c6c <unknown>",
    "statusTrace" : "self = <tests_ui.test_ui.TestProfilePage object at 0x7f07b8868d10>\ndriver = <selenium.webdriver.chrome.webdriver.WebDriver (session=\"cf90d90200b6ac065080e62b8759c5bc\")>\nauthorization_user = None\n\n    @allure.title('test_clipboard_jdbc')\n    def test_clipboard_jdbc(self, driver, authorization_user):\n        page = ProfilePage(driver, authorization_user)\n>       page.click_button_databases()\n\ntests_ui/test_ui.py:106: \n_ _ _ _ _ _ _ _ _ _ _ _ _ _ _ _ _ _ _ _ _ _ _ _ _ _ _ _ _ _ _ _ _ _ _ _ _ _ _ _ \ntests_ui/profile_page.py:36: in click_button_databases\n    return self.element_is_present_and_clickable(self.locators.DATABASE_BUTTON).click()\ntests_ui/base_page.py:28: in element_is_present_and_clickable\n    return (Wait(self.driver, self.timeout).until(\n_ _ _ _ _ _ _ _ _ _ _ _ _ _ _ _ _ _ _ _ _ _ _ _ _ _ _ _ _ _ _ _ _ _ _ _ _ _ _ _ \n\nself = <selenium.webdriver.support.wait.WebDriverWait (session=\"cf90d90200b6ac065080e62b8759c5bc\")>\nmethod = <function visibility_of_element_located.<locals>._predicate at 0x7f07b7b0f6a0>\nmessage = 'Can\\'t find element by locator (\\'xpath\\', \\'//button[@id = \"menu_button_databases\"]\\')'\n\n    def until(self, method: Callable[[D], Union[Literal[False], T]], message: str = \"\") -> T:\n        \"\"\"Calls the method provided with the driver as an argument until the \\\n        return value does not evaluate to ``False``.\n    \n        :param method: callable(WebDriver)\n        :param message: optional message for :exc:`TimeoutException`\n        :returns: the result of the last call to `method`\n        :raises: :exc:`selenium.common.exceptions.TimeoutException` if timeout occurs\n        \"\"\"\n        screen = None\n        stacktrace = None\n    \n        end_time = time.monotonic() + self._timeout\n        while True:\n            try:\n                value = method(self._driver)\n                if value:\n                    return value\n            except self._ignored_exceptions as exc:\n                screen = getattr(exc, \"screen\", None)\n                stacktrace = getattr(exc, \"stacktrace\", None)\n            time.sleep(self._poll)\n            if time.monotonic() > end_time:\n                break\n>       raise TimeoutException(message, screen, stacktrace)\nE       selenium.common.exceptions.TimeoutException: Message: Can't find element by locator ('xpath', '//button[@id = \"menu_button_databases\"]')\nE       Stacktrace:\nE       #0 0x55909d0e2fba <unknown>\nE       #1 0x55909cb676d0 <unknown>\nE       #2 0x55909cbb92aa <unknown>\nE       #3 0x55909cbb9541 <unknown>\nE       #4 0x55909cc076c4 <unknown>\nE       #5 0x55909cbdee5d <unknown>\nE       #6 0x55909cc04b54 <unknown>\nE       #7 0x55909cbdec03 <unknown>\nE       #8 0x55909cbab7a8 <unknown>\nE       #9 0x55909cbac421 <unknown>\nE       #10 0x55909d0a7b28 <unknown>\nE       #11 0x55909d0ab87f <unknown>\nE       #12 0x55909d08fc49 <unknown>\nE       #13 0x55909d0ac405 <unknown>\nE       #14 0x55909d0754ff <unknown>\nE       #15 0x55909d0d0258 <unknown>\nE       #16 0x55909d0d0432 <unknown>\nE       #17 0x55909d0e1fa3 <unknown>\nE       #18 0x7f5d4fe9caa4 <unknown>\nE       #19 0x7f5d4ff29c6c <unknown>\n\n/opt/hostedtoolcache/Python/3.12.11/x64/lib/python3.12/site-packages/selenium/webdriver/support/wait.py:105: TimeoutException",
    "steps" : [ {
      "name" : "Click \"Databases\" button.",
      "time" : {
        "start" : 1759887932331,
        "stop" : 1759887937428,
        "duration" : 5097
      },
      "status" : "broken",
      "statusMessage" : "selenium.common.exceptions.TimeoutException: Message: Can't find element by locator ('xpath', '//button[@id = \"menu_button_databases\"]')\nStacktrace:\n#0 0x55909d0e2fba <unknown>\n#1 0x55909cb676d0 <unknown>\n#2 0x55909cbb92aa <unknown>\n#3 0x55909cbb9541 <unknown>\n#4 0x55909cc076c4 <unknown>\n#5 0x55909cbdee5d <unknown>\n#6 0x55909cc04b54 <unknown>\n#7 0x55909cbdec03 <unknown>\n#8 0x55909cbab7a8 <unknown>\n#9 0x55909cbac421 <unknown>\n#10 0x55909d0a7b28 <unknown>\n#11 0x55909d0ab87f <unknown>\n#12 0x55909d08fc49 <unknown>\n#13 0x55909d0ac405 <unknown>\n#14 0x55909d0754ff <unknown>\n#15 0x55909d0d0258 <unknown>\n#16 0x55909d0d0432 <unknown>\n#17 0x55909d0e1fa3 <unknown>\n#18 0x7f5d4fe9caa4 <unknown>\n#19 0x7f5d4ff29c6c <unknown>\n\n",
      "statusTrace" : "  File \"/home/runner/work/Oblache/Oblache/tests_ui/profile_page.py\", line 36, in click_button_databases\n    return self.element_is_present_and_clickable(self.locators.DATABASE_BUTTON).click()\n           ^^^^^^^^^^^^^^^^^^^^^^^^^^^^^^^^^^^^^^^^^^^^^^^^^^^^^^^^^^^^^^^^^^^^\n  File \"/home/runner/work/Oblache/Oblache/tests_ui/base_page.py\", line 28, in element_is_present_and_clickable\n    return (Wait(self.driver, self.timeout).until(\n            ^^^^^^^^^^^^^^^^^^^^^^^^^^^^^^^^^^^^^^\n  File \"/opt/hostedtoolcache/Python/3.12.11/x64/lib/python3.12/site-packages/selenium/webdriver/support/wait.py\", line 105, in until\n    raise TimeoutException(message, screen, stacktrace)\n",
      "steps" : [ ],
      "attachments" : [ ],
      "parameters" : [ ],
      "stepsCount" : 0,
      "attachmentsCount" : 0,
      "shouldDisplayMessage" : true,
      "hasContent" : true
    } ],
    "attachments" : [ {
      "uid" : "2e6b0065b7ba0d84",
      "name" : "Screenshot 2025-10-08 01:45:37.485977",
      "source" : "2e6b0065b7ba0d84.png",
      "type" : "image/png",
      "size" : 15433
    } ],
    "parameters" : [ ],
    "stepsCount" : 1,
    "attachmentsCount" : 1,
    "shouldDisplayMessage" : true,
    "hasContent" : true
  },
  "afterStages" : [ {
    "name" : "driver::0",
    "time" : {
      "start" : 1759887937487,
      "stop" : 1759887937547,
      "duration" : 60
    },
    "status" : "passed",
    "steps" : [ ],
    "attachments" : [ ],
    "parameters" : [ ],
    "stepsCount" : 0,
    "attachmentsCount" : 0,
    "shouldDisplayMessage" : false,
    "hasContent" : false
  } ],
  "labels" : [ {
    "name" : "suite",
    "value" : "Test Profile Page."
  }, {
    "name" : "parentSuite",
    "value" : "tests_ui"
  }, {
    "name" : "subSuite",
    "value" : "TestProfilePage"
  }, {
    "name" : "host",
    "value" : "runnervmwhb2z"
  }, {
    "name" : "thread",
    "value" : "2577-MainThread"
  }, {
    "name" : "framework",
    "value" : "pytest"
  }, {
    "name" : "language",
    "value" : "cpython3"
  }, {
    "name" : "package",
    "value" : "tests_ui.test_ui"
  }, {
    "name" : "resultFormat",
    "value" : "allure2"
  } ],
  "parameters" : [ ],
  "links" : [ ],
  "hidden" : false,
  "retry" : false,
  "extra" : {
    "severity" : "normal",
    "retries" : [ ],
    "categories" : [ {
      "name" : "Test defects",
      "matchedStatuses" : [ ],
      "flaky" : false
    } ],
    "history" : {
      "statistic" : {
        "failed" : 0,
        "broken" : 305,
        "skipped" : 0,
        "passed" : 0,
        "unknown" : 0,
        "total" : 305
      },
      "items" : [ {
        "uid" : "a0f337bad958d664",
        "reportUrl" : "https://lambotik.github.io/Oblache/525//#testresult/a0f337bad958d664",
        "status" : "broken",
        "statusDetails" : "selenium.common.exceptions.TimeoutException: Message: Can't find element by locator ('xpath', '//button[@id = \"menu_button_databases\"]')\nStacktrace:\n#0 0x5567f0faafba <unknown>\n#1 0x5567f0a2f6d0 <unknown>\n#2 0x5567f0a812aa <unknown>\n#3 0x5567f0a81541 <unknown>\n#4 0x5567f0acf6c4 <unknown>\n#5 0x5567f0aa6e5d <unknown>\n#6 0x5567f0accb54 <unknown>\n#7 0x5567f0aa6c03 <unknown>\n#8 0x5567f0a737a8 <unknown>\n#9 0x5567f0a74421 <unknown>\n#10 0x5567f0f6fb28 <unknown>\n#11 0x5567f0f7387f <unknown>\n#12 0x5567f0f57c49 <unknown>\n#13 0x5567f0f74405 <unknown>\n#14 0x5567f0f3d4ff <unknown>\n#15 0x5567f0f98258 <unknown>\n#16 0x5567f0f98432 <unknown>\n#17 0x5567f0fa9fa3 <unknown>\n#18 0x7f4c8b49caa4 <unknown>\n#19 0x7f4c8b529c6c <unknown>",
        "time" : {
          "start" : 1759801505084,
          "stop" : 1759801510180,
          "duration" : 5096
        }
      }, {
        "uid" : "db9cf7b8a7d48893",
        "reportUrl" : "https://lambotik.github.io/Oblache/524//#testresult/db9cf7b8a7d48893",
        "status" : "broken",
        "statusDetails" : "selenium.common.exceptions.TimeoutException: Message: Can't find element by locator ('xpath', '//button[@id = \"menu_button_databases\"]')\nStacktrace:\n#0 0x55afa6800fba <unknown>\n#1 0x55afa62856d0 <unknown>\n#2 0x55afa62d72aa <unknown>\n#3 0x55afa62d7541 <unknown>\n#4 0x55afa63256c4 <unknown>\n#5 0x55afa62fce5d <unknown>\n#6 0x55afa6322b54 <unknown>\n#7 0x55afa62fcc03 <unknown>\n#8 0x55afa62c97a8 <unknown>\n#9 0x55afa62ca421 <unknown>\n#10 0x55afa67c5b28 <unknown>\n#11 0x55afa67c987f <unknown>\n#12 0x55afa67adc49 <unknown>\n#13 0x55afa67ca405 <unknown>\n#14 0x55afa67934ff <unknown>\n#15 0x55afa67ee258 <unknown>\n#16 0x55afa67ee432 <unknown>\n#17 0x55afa67fffa3 <unknown>\n#18 0x7f90e2e9caa4 <unknown>\n#19 0x7f90e2f29c6c <unknown>",
        "time" : {
          "start" : 1759715310635,
          "stop" : 1759715315746,
          "duration" : 5111
        }
      }, {
        "uid" : "48a9faad6851173f",
        "reportUrl" : "https://lambotik.github.io/Oblache/523//#testresult/48a9faad6851173f",
        "status" : "broken",
        "statusDetails" : "selenium.common.exceptions.TimeoutException: Message: Can't find element by locator ('xpath', '//div[@id=\"msg_copypaste\"]')",
        "time" : {
          "start" : 1759629308962,
          "stop" : 1759629317420,
          "duration" : 8458
        }
      }, {
        "uid" : "5d8710bd5fb45a47",
        "reportUrl" : "https://lambotik.github.io/Oblache/522//#testresult/5d8710bd5fb45a47",
        "status" : "broken",
        "statusDetails" : "selenium.common.exceptions.TimeoutException: Message: Can't find element by locator ('xpath', '//div[@id=\"msg_copypaste\"]')",
        "time" : {
          "start" : 1759542132403,
          "stop" : 1759542140622,
          "duration" : 8219
        }
      }, {
        "uid" : "6e0d7e3e5cc9d08e",
        "reportUrl" : "https://lambotik.github.io/Oblache/521//#testresult/6e0d7e3e5cc9d08e",
        "status" : "broken",
        "statusDetails" : "selenium.common.exceptions.TimeoutException: Message: Can't find element by locator ('xpath', '//div[@id=\"msg_copypaste\"]')",
        "time" : {
          "start" : 1759455930377,
          "stop" : 1759455938471,
          "duration" : 8094
        }
      }, {
        "uid" : "4ab881f2e2e6af3a",
        "reportUrl" : "https://lambotik.github.io/Oblache/520//#testresult/4ab881f2e2e6af3a",
        "status" : "broken",
        "statusDetails" : "selenium.common.exceptions.TimeoutException: Message: Can't find element by locator ('xpath', '//div[@id=\"msg_copypaste\"]')",
        "time" : {
          "start" : 1759369506777,
          "stop" : 1759369514391,
          "duration" : 7614
        }
      }, {
        "uid" : "2fe5f42c7a549030",
        "reportUrl" : "https://lambotik.github.io/Oblache/519//#testresult/2fe5f42c7a549030",
        "status" : "broken",
        "statusDetails" : "selenium.common.exceptions.TimeoutException: Message: Can't find element by locator ('xpath', '//div[@id=\"msg_copypaste\"]')",
        "time" : {
          "start" : 1759283835257,
          "stop" : 1759283843428,
          "duration" : 8171
        }
      }, {
        "uid" : "88a484320142f99",
        "reportUrl" : "https://lambotik.github.io/Oblache/518//#testresult/88a484320142f99",
        "status" : "broken",
        "statusDetails" : "selenium.common.exceptions.TimeoutException: Message: Can't find element by locator ('xpath', '//div[@id=\"msg_copypaste\"]')",
        "time" : {
          "start" : 1759196712247,
          "stop" : 1759196719826,
          "duration" : 7579
        }
      }, {
        "uid" : "ce40086c6f115f91",
        "reportUrl" : "https://lambotik.github.io/Oblache/517//#testresult/ce40086c6f115f91",
        "status" : "broken",
        "statusDetails" : "selenium.common.exceptions.TimeoutException: Message: Can't find element by locator ('xpath', '//div[@id=\"msg_copypaste\"]')",
        "time" : {
          "start" : 1759110595637,
          "stop" : 1759110603245,
          "duration" : 7608
        }
      }, {
        "uid" : "a1261ae4b23a02cb",
        "reportUrl" : "https://lambotik.github.io/Oblache/516//#testresult/a1261ae4b23a02cb",
        "status" : "broken",
        "statusDetails" : "selenium.common.exceptions.TimeoutException: Message: Can't find element by locator ('xpath', '//div[@id=\"msg_copypaste\"]')",
        "time" : {
          "start" : 1759024575625,
          "stop" : 1759024583543,
          "duration" : 7918
        }
      }, {
        "uid" : "96f685556ebfca44",
        "reportUrl" : "https://lambotik.github.io/Oblache/515//#testresult/96f685556ebfca44",
        "status" : "broken",
        "statusDetails" : "selenium.common.exceptions.TimeoutException: Message: Can't find element by locator ('xpath', '//div[@id=\"msg_copypaste\"]')",
        "time" : {
          "start" : 1758937414179,
          "stop" : 1758937422002,
          "duration" : 7823
        }
      }, {
        "uid" : "a3f96f38d5ccb866",
        "reportUrl" : "https://lambotik.github.io/Oblache/514//#testresult/a3f96f38d5ccb866",
        "status" : "broken",
        "statusDetails" : "selenium.common.exceptions.TimeoutException: Message: Can't find element by locator ('xpath', '//div[@id=\"msg_copypaste\"]')",
        "time" : {
          "start" : 1758851257248,
          "stop" : 1758851264878,
          "duration" : 7630
        }
      }, {
        "uid" : "2b67b10e5d3a63fc",
        "reportUrl" : "https://lambotik.github.io/Oblache/513//#testresult/2b67b10e5d3a63fc",
        "status" : "broken",
        "statusDetails" : "selenium.common.exceptions.TimeoutException: Message: Can't find element by locator ('xpath', '//div[@id=\"msg_copypaste\"]')",
        "time" : {
          "start" : 1758764919594,
          "stop" : 1758764927142,
          "duration" : 7548
        }
      }, {
        "uid" : "a6d3144e9bdffaba",
        "reportUrl" : "https://lambotik.github.io/Oblache/512//#testresult/a6d3144e9bdffaba",
        "status" : "broken",
        "statusDetails" : "selenium.common.exceptions.TimeoutException: Message: Can't find element by locator ('xpath', '//div[@id=\"msg_copypaste\"]')",
        "time" : {
          "start" : 1758678429658,
          "stop" : 1758678437250,
          "duration" : 7592
        }
      }, {
        "uid" : "5aaff75b79782562",
        "reportUrl" : "https://lambotik.github.io/Oblache/511//#testresult/5aaff75b79782562",
        "status" : "broken",
        "statusDetails" : "selenium.common.exceptions.TimeoutException: Message: Can't find element by locator ('xpath', '//div[@id=\"msg_copypaste\"]')",
        "time" : {
          "start" : 1758591975144,
          "stop" : 1758591983259,
          "duration" : 8115
        }
      }, {
        "uid" : "c2a7fe109ca5a233",
        "reportUrl" : "https://lambotik.github.io/Oblache/510//#testresult/c2a7fe109ca5a233",
        "status" : "broken",
        "statusDetails" : "selenium.common.exceptions.TimeoutException: Message: Can't find element by locator ('xpath', '//div[@id=\"msg_copypaste\"]')",
        "time" : {
          "start" : 1758506118375,
          "stop" : 1758506126502,
          "duration" : 8127
        }
      }, {
        "uid" : "e6ec9c877601be11",
        "reportUrl" : "https://lambotik.github.io/Oblache/509//#testresult/e6ec9c877601be11",
        "status" : "broken",
        "statusDetails" : "selenium.common.exceptions.TimeoutException: Message: Can't find element by locator ('xpath', '//div[@id=\"msg_copypaste\"]')",
        "time" : {
          "start" : 1758419716181,
          "stop" : 1758419723818,
          "duration" : 7637
        }
      }, {
        "uid" : "c30039809f7eb6cb",
        "reportUrl" : "https://lambotik.github.io/Oblache/508//#testresult/c30039809f7eb6cb",
        "status" : "broken",
        "statusDetails" : "selenium.common.exceptions.TimeoutException: Message: Can't find element by locator ('xpath', '//div[@id=\"msg_copypaste\"]')",
        "time" : {
          "start" : 1758332590361,
          "stop" : 1758332597771,
          "duration" : 7410
        }
      }, {
        "uid" : "7993dedb3d460bfa",
        "reportUrl" : "https://lambotik.github.io/Oblache/507//#testresult/7993dedb3d460bfa",
        "status" : "broken",
        "statusDetails" : "selenium.common.exceptions.TimeoutException: Message: Can't find element by locator ('xpath', '//div[@id=\"msg_copypaste\"]')",
        "time" : {
          "start" : 1758246488447,
          "stop" : 1758246496288,
          "duration" : 7841
        }
      }, {
        "uid" : "4095244bc4b771ca",
        "reportUrl" : "https://lambotik.github.io/Oblache/506//#testresult/4095244bc4b771ca",
        "status" : "broken",
        "statusDetails" : "selenium.common.exceptions.TimeoutException: Message: Can't find element by locator ('xpath', '//div[@id=\"msg_copypaste\"]')",
        "time" : {
          "start" : 1758159909337,
          "stop" : 1758159916529,
          "duration" : 7192
        }
      } ]
    },
    "tags" : [ ]
  },
  "source" : "9f2da3fe0076d60e.json",
  "parameterValues" : [ ]
}