{
  "uid" : "67b0cd5b58260445",
  "name" : "test_clipboard_uuid_docker",
  "fullName" : "tests_ui.test_ui.TestProfilePage#test_clipboard_uuid_docker",
  "historyId" : "11f91f43cfea2a231aececf29c7ed302",
  "time" : {
    "start" : 1757555300330,
    "stop" : 1757555306301,
    "duration" : 5971
  },
  "status" : "broken",
  "statusMessage" : "selenium.common.exceptions.TimeoutException: Message: Can't find element by locator ('xpath', '//table[@id=\"table_containers\"] //tr[1]/td[3] /button')\nStacktrace:\n#0 0x5563dfe4594a <unknown>\n#1 0x5563df8ba8a0 <unknown>\n#2 0x5563df90c540 <unknown>\n#3 0x5563df90c731 <unknown>\n#4 0x5563df95a824 <unknown>\n#5 0x5563df93205d <unknown>\n#6 0x5563df957c23 <unknown>\n#7 0x5563df931e03 <unknown>\n#8 0x5563df8fe968 <unknown>\n#9 0x5563df8ff5e1 <unknown>\n#10 0x5563dfe09548 <unknown>\n#11 0x5563dfe0d272 <unknown>\n#12 0x5563dfdf0313 <unknown>\n#13 0x5563dfe0ddc5 <unknown>\n#14 0x5563dfdd549f <unknown>\n#15 0x5563dfe32158 <unknown>\n#16 0x5563dfe32332 <unknown>\n#17 0x5563dfe44a53 <unknown>\n#18 0x7f9cba49caa4 <unknown>\n#19 0x7f9cba529c3c <unknown>",
  "statusTrace" : "self = <tests_ui.test_ui.TestProfilePage object at 0x7ff9556889e0>\ndriver = <selenium.webdriver.chrome.webdriver.WebDriver (session=\"339da49398301afda3a15fd24c658cfd\")>\nauthorization_user = None\n\n    @allure.title('test_clipboard_uuid_docker')\n    def test_clipboard_uuid_docker(self, driver, authorization_user):\n        page = ProfilePage(driver, authorization_user)\n        page.click_button_docker_containers()\n>       page.check_clipboard(\n            table_xpath='//table[@id=\"table_containers\"]',\n            token=TestProfilePage.token)\n\ntests_ui/test_ui.py:113: \n_ _ _ _ _ _ _ _ _ _ _ _ _ _ _ _ _ _ _ _ _ _ _ _ _ _ _ _ _ _ _ _ _ _ _ _ _ _ _ _ \ntests_ui/profile_page.py:100: in check_clipboard\n    button = self.element_is_visible((By.XPATH, f'{table_xpath} //tr[1]/td[3] /button'))\ntests_ui/base_page.py:33: in element_is_visible\n    self.go_to_element(self.element_is_present(locator))\ntests_ui/base_page.py:46: in element_is_present\n    return Wait(self.driver, self.timeout).until(\n_ _ _ _ _ _ _ _ _ _ _ _ _ _ _ _ _ _ _ _ _ _ _ _ _ _ _ _ _ _ _ _ _ _ _ _ _ _ _ _ \n\nself = <selenium.webdriver.support.wait.WebDriverWait (session=\"339da49398301afda3a15fd24c658cfd\")>\nmethod = <function presence_of_element_located.<locals>._predicate at 0x7ff954dfccc0>\nmessage = 'Can\\'t find element by locator (\\'xpath\\', \\'//table[@id=\"table_containers\"] //tr[1]/td[3] /button\\')'\n\n    def until(self, method: Callable[[D], Union[Literal[False], T]], message: str = \"\") -> T:\n        \"\"\"Calls the method provided with the driver as an argument until the \\\n        return value does not evaluate to ``False``.\n    \n        :param method: callable(WebDriver)\n        :param message: optional message for :exc:`TimeoutException`\n        :returns: the result of the last call to `method`\n        :raises: :exc:`selenium.common.exceptions.TimeoutException` if timeout occurs\n        \"\"\"\n        screen = None\n        stacktrace = None\n    \n        end_time = time.monotonic() + self._timeout\n        while True:\n            try:\n                value = method(self._driver)\n                if value:\n                    return value\n            except self._ignored_exceptions as exc:\n                screen = getattr(exc, \"screen\", None)\n                stacktrace = getattr(exc, \"stacktrace\", None)\n            time.sleep(self._poll)\n            if time.monotonic() > end_time:\n                break\n>       raise TimeoutException(message, screen, stacktrace)\nE       selenium.common.exceptions.TimeoutException: Message: Can't find element by locator ('xpath', '//table[@id=\"table_containers\"] //tr[1]/td[3] /button')\nE       Stacktrace:\nE       #0 0x5563dfe4594a <unknown>\nE       #1 0x5563df8ba8a0 <unknown>\nE       #2 0x5563df90c540 <unknown>\nE       #3 0x5563df90c731 <unknown>\nE       #4 0x5563df95a824 <unknown>\nE       #5 0x5563df93205d <unknown>\nE       #6 0x5563df957c23 <unknown>\nE       #7 0x5563df931e03 <unknown>\nE       #8 0x5563df8fe968 <unknown>\nE       #9 0x5563df8ff5e1 <unknown>\nE       #10 0x5563dfe09548 <unknown>\nE       #11 0x5563dfe0d272 <unknown>\nE       #12 0x5563dfdf0313 <unknown>\nE       #13 0x5563dfe0ddc5 <unknown>\nE       #14 0x5563dfdd549f <unknown>\nE       #15 0x5563dfe32158 <unknown>\nE       #16 0x5563dfe32332 <unknown>\nE       #17 0x5563dfe44a53 <unknown>\nE       #18 0x7f9cba49caa4 <unknown>\nE       #19 0x7f9cba529c3c <unknown>\n\n/opt/hostedtoolcache/Python/3.12.11/x64/lib/python3.12/site-packages/selenium/webdriver/support/wait.py:105: TimeoutException",
  "flaky" : false,
  "newFailed" : false,
  "beforeStages" : [ {
    "name" : "driver",
    "time" : {
      "start" : 1757555299565,
      "stop" : 1757555299834,
      "duration" : 269
    },
    "status" : "passed",
    "steps" : [ ],
    "attachments" : [ ],
    "parameters" : [ ],
    "shouldDisplayMessage" : false,
    "hasContent" : false,
    "stepsCount" : 0,
    "attachmentsCount" : 0
  }, {
    "name" : "authorization_user",
    "time" : {
      "start" : 1757555299834,
      "stop" : 1757555300329,
      "duration" : 495
    },
    "status" : "passed",
    "steps" : [ {
      "name" : "Open page: https://oblache.areso.pro/register.html",
      "time" : {
        "start" : 1757555299835,
        "stop" : 1757555300138,
        "duration" : 303
      },
      "status" : "passed",
      "steps" : [ ],
      "attachments" : [ ],
      "parameters" : [ ],
      "shouldDisplayMessage" : false,
      "hasContent" : false,
      "stepsCount" : 0,
      "attachmentsCount" : 0
    }, {
      "name" : "Login user",
      "time" : {
        "start" : 1757555300138,
        "stop" : 1757555300329,
        "duration" : 191
      },
      "status" : "passed",
      "steps" : [ {
        "name" : "Enter email.",
        "time" : {
          "start" : 1757555300138,
          "stop" : 1757555300196,
          "duration" : 58
        },
        "status" : "passed",
        "steps" : [ ],
        "attachments" : [ ],
        "parameters" : [ ],
        "shouldDisplayMessage" : false,
        "hasContent" : false,
        "stepsCount" : 0,
        "attachmentsCount" : 0
      }, {
        "name" : "Enter password.",
        "time" : {
          "start" : 1757555300196,
          "stop" : 1757555300240,
          "duration" : 44
        },
        "status" : "passed",
        "steps" : [ ],
        "attachments" : [ ],
        "parameters" : [ ],
        "shouldDisplayMessage" : false,
        "hasContent" : false,
        "stepsCount" : 0,
        "attachmentsCount" : 0
      }, {
        "name" : "Click button \"Login\"",
        "time" : {
          "start" : 1757555300240,
          "stop" : 1757555300326,
          "duration" : 86
        },
        "status" : "passed",
        "steps" : [ ],
        "attachments" : [ ],
        "parameters" : [ ],
        "shouldDisplayMessage" : false,
        "hasContent" : false,
        "stepsCount" : 0,
        "attachmentsCount" : 0
      }, {
        "name" : "Check url is present: https://oblache.areso.pro/register.html",
        "time" : {
          "start" : 1757555300326,
          "stop" : 1757555300329,
          "duration" : 3
        },
        "status" : "passed",
        "steps" : [ ],
        "attachments" : [ ],
        "parameters" : [ ],
        "shouldDisplayMessage" : false,
        "hasContent" : false,
        "stepsCount" : 0,
        "attachmentsCount" : 0
      } ],
      "attachments" : [ ],
      "parameters" : [ ],
      "shouldDisplayMessage" : false,
      "hasContent" : true,
      "stepsCount" : 4,
      "attachmentsCount" : 0
    } ],
    "attachments" : [ ],
    "parameters" : [ ],
    "shouldDisplayMessage" : false,
    "hasContent" : true,
    "stepsCount" : 6,
    "attachmentsCount" : 0
  } ],
  "testStage" : {
    "status" : "broken",
    "statusMessage" : "selenium.common.exceptions.TimeoutException: Message: Can't find element by locator ('xpath', '//table[@id=\"table_containers\"] //tr[1]/td[3] /button')\nStacktrace:\n#0 0x5563dfe4594a <unknown>\n#1 0x5563df8ba8a0 <unknown>\n#2 0x5563df90c540 <unknown>\n#3 0x5563df90c731 <unknown>\n#4 0x5563df95a824 <unknown>\n#5 0x5563df93205d <unknown>\n#6 0x5563df957c23 <unknown>\n#7 0x5563df931e03 <unknown>\n#8 0x5563df8fe968 <unknown>\n#9 0x5563df8ff5e1 <unknown>\n#10 0x5563dfe09548 <unknown>\n#11 0x5563dfe0d272 <unknown>\n#12 0x5563dfdf0313 <unknown>\n#13 0x5563dfe0ddc5 <unknown>\n#14 0x5563dfdd549f <unknown>\n#15 0x5563dfe32158 <unknown>\n#16 0x5563dfe32332 <unknown>\n#17 0x5563dfe44a53 <unknown>\n#18 0x7f9cba49caa4 <unknown>\n#19 0x7f9cba529c3c <unknown>",
    "statusTrace" : "self = <tests_ui.test_ui.TestProfilePage object at 0x7ff9556889e0>\ndriver = <selenium.webdriver.chrome.webdriver.WebDriver (session=\"339da49398301afda3a15fd24c658cfd\")>\nauthorization_user = None\n\n    @allure.title('test_clipboard_uuid_docker')\n    def test_clipboard_uuid_docker(self, driver, authorization_user):\n        page = ProfilePage(driver, authorization_user)\n        page.click_button_docker_containers()\n>       page.check_clipboard(\n            table_xpath='//table[@id=\"table_containers\"]',\n            token=TestProfilePage.token)\n\ntests_ui/test_ui.py:113: \n_ _ _ _ _ _ _ _ _ _ _ _ _ _ _ _ _ _ _ _ _ _ _ _ _ _ _ _ _ _ _ _ _ _ _ _ _ _ _ _ \ntests_ui/profile_page.py:100: in check_clipboard\n    button = self.element_is_visible((By.XPATH, f'{table_xpath} //tr[1]/td[3] /button'))\ntests_ui/base_page.py:33: in element_is_visible\n    self.go_to_element(self.element_is_present(locator))\ntests_ui/base_page.py:46: in element_is_present\n    return Wait(self.driver, self.timeout).until(\n_ _ _ _ _ _ _ _ _ _ _ _ _ _ _ _ _ _ _ _ _ _ _ _ _ _ _ _ _ _ _ _ _ _ _ _ _ _ _ _ \n\nself = <selenium.webdriver.support.wait.WebDriverWait (session=\"339da49398301afda3a15fd24c658cfd\")>\nmethod = <function presence_of_element_located.<locals>._predicate at 0x7ff954dfccc0>\nmessage = 'Can\\'t find element by locator (\\'xpath\\', \\'//table[@id=\"table_containers\"] //tr[1]/td[3] /button\\')'\n\n    def until(self, method: Callable[[D], Union[Literal[False], T]], message: str = \"\") -> T:\n        \"\"\"Calls the method provided with the driver as an argument until the \\\n        return value does not evaluate to ``False``.\n    \n        :param method: callable(WebDriver)\n        :param message: optional message for :exc:`TimeoutException`\n        :returns: the result of the last call to `method`\n        :raises: :exc:`selenium.common.exceptions.TimeoutException` if timeout occurs\n        \"\"\"\n        screen = None\n        stacktrace = None\n    \n        end_time = time.monotonic() + self._timeout\n        while True:\n            try:\n                value = method(self._driver)\n                if value:\n                    return value\n            except self._ignored_exceptions as exc:\n                screen = getattr(exc, \"screen\", None)\n                stacktrace = getattr(exc, \"stacktrace\", None)\n            time.sleep(self._poll)\n            if time.monotonic() > end_time:\n                break\n>       raise TimeoutException(message, screen, stacktrace)\nE       selenium.common.exceptions.TimeoutException: Message: Can't find element by locator ('xpath', '//table[@id=\"table_containers\"] //tr[1]/td[3] /button')\nE       Stacktrace:\nE       #0 0x5563dfe4594a <unknown>\nE       #1 0x5563df8ba8a0 <unknown>\nE       #2 0x5563df90c540 <unknown>\nE       #3 0x5563df90c731 <unknown>\nE       #4 0x5563df95a824 <unknown>\nE       #5 0x5563df93205d <unknown>\nE       #6 0x5563df957c23 <unknown>\nE       #7 0x5563df931e03 <unknown>\nE       #8 0x5563df8fe968 <unknown>\nE       #9 0x5563df8ff5e1 <unknown>\nE       #10 0x5563dfe09548 <unknown>\nE       #11 0x5563dfe0d272 <unknown>\nE       #12 0x5563dfdf0313 <unknown>\nE       #13 0x5563dfe0ddc5 <unknown>\nE       #14 0x5563dfdd549f <unknown>\nE       #15 0x5563dfe32158 <unknown>\nE       #16 0x5563dfe32332 <unknown>\nE       #17 0x5563dfe44a53 <unknown>\nE       #18 0x7f9cba49caa4 <unknown>\nE       #19 0x7f9cba529c3c <unknown>\n\n/opt/hostedtoolcache/Python/3.12.11/x64/lib/python3.12/site-packages/selenium/webdriver/support/wait.py:105: TimeoutException",
    "steps" : [ {
      "name" : "Click \"Docker containers\" button.",
      "time" : {
        "start" : 1757555300330,
        "stop" : 1757555301186,
        "duration" : 856
      },
      "status" : "passed",
      "steps" : [ ],
      "attachments" : [ ],
      "parameters" : [ ],
      "shouldDisplayMessage" : false,
      "hasContent" : false,
      "stepsCount" : 0,
      "attachmentsCount" : 0
    }, {
      "name" : "Check clipboard",
      "time" : {
        "start" : 1757555301186,
        "stop" : 1757555306300,
        "duration" : 5114
      },
      "status" : "broken",
      "statusMessage" : "selenium.common.exceptions.TimeoutException: Message: Can't find element by locator ('xpath', '//table[@id=\"table_containers\"] //tr[1]/td[3] /button')\nStacktrace:\n#0 0x5563dfe4594a <unknown>\n#1 0x5563df8ba8a0 <unknown>\n#2 0x5563df90c540 <unknown>\n#3 0x5563df90c731 <unknown>\n#4 0x5563df95a824 <unknown>\n#5 0x5563df93205d <unknown>\n#6 0x5563df957c23 <unknown>\n#7 0x5563df931e03 <unknown>\n#8 0x5563df8fe968 <unknown>\n#9 0x5563df8ff5e1 <unknown>\n#10 0x5563dfe09548 <unknown>\n#11 0x5563dfe0d272 <unknown>\n#12 0x5563dfdf0313 <unknown>\n#13 0x5563dfe0ddc5 <unknown>\n#14 0x5563dfdd549f <unknown>\n#15 0x5563dfe32158 <unknown>\n#16 0x5563dfe32332 <unknown>\n#17 0x5563dfe44a53 <unknown>\n#18 0x7f9cba49caa4 <unknown>\n#19 0x7f9cba529c3c <unknown>\n\n",
      "statusTrace" : "  File \"/opt/hostedtoolcache/Python/3.12.11/x64/lib/python3.12/site-packages/allure_commons/_allure.py\", line 192, in impl\n    return func(*a, **kw)\n           ^^^^^^^^^^^^^^\n  File \"/home/runner/work/Oblache/Oblache/tests_ui/profile_page.py\", line 100, in check_clipboard\n    button = self.element_is_visible((By.XPATH, f'{table_xpath} //tr[1]/td[3] /button'))\n             ^^^^^^^^^^^^^^^^^^^^^^^^^^^^^^^^^^^^^^^^^^^^^^^^^^^^^^^^^^^^^^^^^^^^^^^^^^^\n  File \"/home/runner/work/Oblache/Oblache/tests_ui/base_page.py\", line 33, in element_is_visible\n    self.go_to_element(self.element_is_present(locator))\n                       ^^^^^^^^^^^^^^^^^^^^^^^^^^^^^^^^\n  File \"/home/runner/work/Oblache/Oblache/tests_ui/base_page.py\", line 46, in element_is_present\n    return Wait(self.driver, self.timeout).until(\n           ^^^^^^^^^^^^^^^^^^^^^^^^^^^^^^^^^^^^^^\n  File \"/opt/hostedtoolcache/Python/3.12.11/x64/lib/python3.12/site-packages/selenium/webdriver/support/wait.py\", line 105, in until\n    raise TimeoutException(message, screen, stacktrace)\n",
      "steps" : [ ],
      "attachments" : [ ],
      "parameters" : [ {
        "name" : "table_xpath",
        "value" : "'//table[@id=\"table_containers\"]'"
      }, {
        "name" : "token",
        "value" : "'74d6a6a6-50ee-443b-8947-0478c3f553cd'"
      } ],
      "shouldDisplayMessage" : true,
      "hasContent" : true,
      "stepsCount" : 0,
      "attachmentsCount" : 0
    } ],
    "attachments" : [ {
      "uid" : "7874836f9dda7f06",
      "name" : "Screenshot 2025-09-11 01:48:26.366746",
      "source" : "7874836f9dda7f06.png",
      "type" : "image/png",
      "size" : 31410
    } ],
    "parameters" : [ ],
    "shouldDisplayMessage" : true,
    "hasContent" : true,
    "stepsCount" : 2,
    "attachmentsCount" : 1
  },
  "afterStages" : [ {
    "name" : "driver::0",
    "time" : {
      "start" : 1757555306368,
      "stop" : 1757555306428,
      "duration" : 60
    },
    "status" : "passed",
    "steps" : [ ],
    "attachments" : [ ],
    "parameters" : [ ],
    "shouldDisplayMessage" : false,
    "hasContent" : false,
    "stepsCount" : 0,
    "attachmentsCount" : 0
  } ],
  "labels" : [ {
    "name" : "suite",
    "value" : "Test Profile Page."
  }, {
    "name" : "parentSuite",
    "value" : "tests_ui"
  }, {
    "name" : "subSuite",
    "value" : "TestProfilePage"
  }, {
    "name" : "host",
    "value" : "runnervmf4ws1"
  }, {
    "name" : "thread",
    "value" : "2570-MainThread"
  }, {
    "name" : "framework",
    "value" : "pytest"
  }, {
    "name" : "language",
    "value" : "cpython3"
  }, {
    "name" : "package",
    "value" : "tests_ui.test_ui"
  }, {
    "name" : "resultFormat",
    "value" : "allure2"
  } ],
  "parameters" : [ ],
  "links" : [ ],
  "hidden" : false,
  "retry" : false,
  "extra" : {
    "severity" : "normal",
    "retries" : [ ],
    "categories" : [ {
      "name" : "Test defects",
      "matchedStatuses" : [ ],
      "flaky" : false
    } ],
    "history" : {
      "statistic" : {
        "failed" : 0,
        "broken" : 75,
        "skipped" : 0,
        "passed" : 203,
        "unknown" : 0,
        "total" : 278
      },
      "items" : [ {
        "uid" : "32c3bb0f202b1d57",
        "reportUrl" : "https://lambotik.github.io/Oblache/498//#testresult/32c3bb0f202b1d57",
        "status" : "broken",
        "statusDetails" : "selenium.common.exceptions.TimeoutException: Message: Can't find element by locator ('xpath', '//table[@id=\"table_containers\"] //tr[1]/td[3] /button')\nStacktrace:\n#0 0x5623e0ec994a <unknown>\n#1 0x5623e093e8a0 <unknown>\n#2 0x5623e0990540 <unknown>\n#3 0x5623e0990731 <unknown>\n#4 0x5623e09de824 <unknown>\n#5 0x5623e09b605d <unknown>\n#6 0x5623e09dbc23 <unknown>\n#7 0x5623e09b5e03 <unknown>\n#8 0x5623e0982968 <unknown>\n#9 0x5623e09835e1 <unknown>\n#10 0x5623e0e8d548 <unknown>\n#11 0x5623e0e91272 <unknown>\n#12 0x5623e0e74313 <unknown>\n#13 0x5623e0e91dc5 <unknown>\n#14 0x5623e0e5949f <unknown>\n#15 0x5623e0eb6158 <unknown>\n#16 0x5623e0eb6332 <unknown>\n#17 0x5623e0ec8a53 <unknown>\n#18 0x7f1e2889caa4 <unknown>\n#19 0x7f1e28929c3c <unknown>",
        "time" : {
          "start" : 1757468728198,
          "stop" : 1757468734478,
          "duration" : 6280
        }
      }, {
        "uid" : "20b06b80a402d2b5",
        "reportUrl" : "https://lambotik.github.io/Oblache/497//#testresult/20b06b80a402d2b5",
        "status" : "broken",
        "statusDetails" : "selenium.common.exceptions.TimeoutException: Message: Can't find element by locator ('xpath', '//button[@id=\"menu_button_containers\"]')\nStacktrace:\n#0 0x555932b4c08a <unknown>\n#1 0x5559325eba70 <unknown>\n#2 0x55593263d907 <unknown>\n#3 0x55593263db01 <unknown>\n#4 0x55593268bd54 <unknown>\n#5 0x55593266340d <unknown>\n#6 0x55593268914f <unknown>\n#7 0x5559326631b3 <unknown>\n#8 0x55593262f59b <unknown>\n#9 0x555932630971 <unknown>\n#10 0x555932b1125b <unknown>\n#11 0x555932b14fa9 <unknown>\n#12 0x555932af8339 <unknown>\n#13 0x555932b15b58 <unknown>\n#14 0x555932adcc1f <unknown>\n#15 0x555932b39118 <unknown>\n#16 0x555932b392f6 <unknown>\n#17 0x555932b4b066 <unknown>\n#18 0x7f58f169caa4 <unknown>\n#19 0x7f58f1729c3c <unknown>",
        "time" : {
          "start" : 1757382485766,
          "stop" : 1757382490897,
          "duration" : 5131
        }
      }, {
        "uid" : "c79abce7c686c485",
        "reportUrl" : "https://lambotik.github.io/Oblache/496//#testresult/c79abce7c686c485",
        "status" : "broken",
        "statusDetails" : "selenium.common.exceptions.TimeoutException: Message: Can't find element by locator ('xpath', '//button[@id=\"menu_button_containers\"]')\nStacktrace:\n#0 0x562c3b4ad08a <unknown>\n#1 0x562c3af4ca70 <unknown>\n#2 0x562c3af9e907 <unknown>\n#3 0x562c3af9eb01 <unknown>\n#4 0x562c3afecd54 <unknown>\n#5 0x562c3afc440d <unknown>\n#6 0x562c3afea14f <unknown>\n#7 0x562c3afc41b3 <unknown>\n#8 0x562c3af9059b <unknown>\n#9 0x562c3af91971 <unknown>\n#10 0x562c3b47225b <unknown>\n#11 0x562c3b475fa9 <unknown>\n#12 0x562c3b459339 <unknown>\n#13 0x562c3b476b58 <unknown>\n#14 0x562c3b43dc1f <unknown>\n#15 0x562c3b49a118 <unknown>\n#16 0x562c3b49a2f6 <unknown>\n#17 0x562c3b4ac066 <unknown>\n#18 0x7f890969caa4 <unknown>\n#19 0x7f8909729c3c <unknown>",
        "time" : {
          "start" : 1757296341342,
          "stop" : 1757296346467,
          "duration" : 5125
        }
      }, {
        "uid" : "8a5e565e1f6dc4eb",
        "reportUrl" : "https://lambotik.github.io/Oblache/495//#testresult/8a5e565e1f6dc4eb",
        "status" : "broken",
        "statusDetails" : "selenium.common.exceptions.TimeoutException: Message: Can't find element by locator ('xpath', '//table[@id=\"table_containers\"] //tr[1]/td[3] /button')\nStacktrace:\n#0 0x56550012208a <unknown>\n#1 0x5654ffbc1a70 <unknown>\n#2 0x5654ffc13907 <unknown>\n#3 0x5654ffc13b01 <unknown>\n#4 0x5654ffc61d54 <unknown>\n#5 0x5654ffc3940d <unknown>\n#6 0x5654ffc5f14f <unknown>\n#7 0x5654ffc391b3 <unknown>\n#8 0x5654ffc0559b <unknown>\n#9 0x5654ffc06971 <unknown>\n#10 0x5655000e725b <unknown>\n#11 0x5655000eafa9 <unknown>\n#12 0x5655000ce339 <unknown>\n#13 0x5655000ebb58 <unknown>\n#14 0x5655000b2c1f <unknown>\n#15 0x56550010f118 <unknown>\n#16 0x56550010f2f6 <unknown>\n#17 0x565500121066 <unknown>\n#18 0x7ff4f2c9caa4 <unknown>\n#19 0x7ff4f2d29c3c <unknown>",
        "time" : {
          "start" : 1757209955788,
          "stop" : 1757209961982,
          "duration" : 6194
        }
      }, {
        "uid" : "8983c6f4ba0a4958",
        "reportUrl" : "https://lambotik.github.io/Oblache/494//#testresult/8983c6f4ba0a4958",
        "status" : "broken",
        "statusDetails" : "selenium.common.exceptions.TimeoutException: Message: Can't find element by locator ('xpath', '//table[@id=\"table_containers\"] //tr[1]/td[3] /button')\nStacktrace:\n#0 0x55b05fe7308a <unknown>\n#1 0x55b05f912a70 <unknown>\n#2 0x55b05f964907 <unknown>\n#3 0x55b05f964b01 <unknown>\n#4 0x55b05f9b2d54 <unknown>\n#5 0x55b05f98a40d <unknown>\n#6 0x55b05f9b014f <unknown>\n#7 0x55b05f98a1b3 <unknown>\n#8 0x55b05f95659b <unknown>\n#9 0x55b05f957971 <unknown>\n#10 0x55b05fe3825b <unknown>\n#11 0x55b05fe3bfa9 <unknown>\n#12 0x55b05fe1f339 <unknown>\n#13 0x55b05fe3cb58 <unknown>\n#14 0x55b05fe03c1f <unknown>\n#15 0x55b05fe60118 <unknown>\n#16 0x55b05fe602f6 <unknown>\n#17 0x55b05fe72066 <unknown>\n#18 0x7f9e8ac9caa4 <unknown>\n#19 0x7f9e8ad29c3c <unknown>",
        "time" : {
          "start" : 1757123057901,
          "stop" : 1757123063933,
          "duration" : 6032
        }
      }, {
        "uid" : "2c00069f0271bbe",
        "reportUrl" : "https://lambotik.github.io/Oblache/493//#testresult/2c00069f0271bbe",
        "status" : "broken",
        "statusDetails" : "selenium.common.exceptions.TimeoutException: Message: Can't find element by locator ('xpath', '//table[@id=\"table_containers\"] //tr[1]/td[3] /button')\nStacktrace:\n#0 0x555e0d4d008a <unknown>\n#1 0x555e0cf6fa70 <unknown>\n#2 0x555e0cfc1907 <unknown>\n#3 0x555e0cfc1b01 <unknown>\n#4 0x555e0d00fd54 <unknown>\n#5 0x555e0cfe740d <unknown>\n#6 0x555e0d00d14f <unknown>\n#7 0x555e0cfe71b3 <unknown>\n#8 0x555e0cfb359b <unknown>\n#9 0x555e0cfb4971 <unknown>\n#10 0x555e0d49525b <unknown>\n#11 0x555e0d498fa9 <unknown>\n#12 0x555e0d47c339 <unknown>\n#13 0x555e0d499b58 <unknown>\n#14 0x555e0d460c1f <unknown>\n#15 0x555e0d4bd118 <unknown>\n#16 0x555e0d4bd2f6 <unknown>\n#17 0x555e0d4cf066 <unknown>\n#18 0x7f681209caa4 <unknown>\n#19 0x7f6812129c3c <unknown>",
        "time" : {
          "start" : 1757036843000,
          "stop" : 1757036849520,
          "duration" : 6520
        }
      }, {
        "uid" : "e120daa7043590cb",
        "reportUrl" : "https://lambotik.github.io/Oblache/492//#testresult/e120daa7043590cb",
        "status" : "broken",
        "statusDetails" : "selenium.common.exceptions.TimeoutException: Message: Can't find element by locator ('xpath', '//table[@id=\"table_containers\"] //tr[1]/td[3] /button')\nStacktrace:\n#0 0x5650037c708a <unknown>\n#1 0x565003266a70 <unknown>\n#2 0x5650032b8907 <unknown>\n#3 0x5650032b8b01 <unknown>\n#4 0x565003306d54 <unknown>\n#5 0x5650032de40d <unknown>\n#6 0x56500330414f <unknown>\n#7 0x5650032de1b3 <unknown>\n#8 0x5650032aa59b <unknown>\n#9 0x5650032ab971 <unknown>\n#10 0x56500378c25b <unknown>\n#11 0x56500378ffa9 <unknown>\n#12 0x565003773339 <unknown>\n#13 0x565003790b58 <unknown>\n#14 0x565003757c1f <unknown>\n#15 0x5650037b4118 <unknown>\n#16 0x5650037b42f6 <unknown>\n#17 0x5650037c6066 <unknown>\n#18 0x7ff4a8e9caa4 <unknown>\n#19 0x7ff4a8f29c3c <unknown>",
        "time" : {
          "start" : 1756950327685,
          "stop" : 1756950334186,
          "duration" : 6501
        }
      }, {
        "uid" : "20b6d1fbb52c62a",
        "reportUrl" : "https://lambotik.github.io/Oblache/491//#testresult/20b6d1fbb52c62a",
        "status" : "broken",
        "statusDetails" : "selenium.common.exceptions.TimeoutException: Message: Can't find element by locator ('xpath', '//table[@id=\"table_containers\"] //tr[1]/td[3] /button')\nStacktrace:\n#0 0x562dde03208a <unknown>\n#1 0x562dddad1a70 <unknown>\n#2 0x562dddb23907 <unknown>\n#3 0x562dddb23b01 <unknown>\n#4 0x562dddb71d54 <unknown>\n#5 0x562dddb4940d <unknown>\n#6 0x562dddb6f14f <unknown>\n#7 0x562dddb491b3 <unknown>\n#8 0x562dddb1559b <unknown>\n#9 0x562dddb16971 <unknown>\n#10 0x562dddff725b <unknown>\n#11 0x562dddffafa9 <unknown>\n#12 0x562dddfde339 <unknown>\n#13 0x562dddffbb58 <unknown>\n#14 0x562dddfc2c1f <unknown>\n#15 0x562dde01f118 <unknown>\n#16 0x562dde01f2f6 <unknown>\n#17 0x562dde031066 <unknown>\n#18 0x7fbe4ba9caa4 <unknown>\n#19 0x7fbe4bb29c3c <unknown>",
        "time" : {
          "start" : 1756863874591,
          "stop" : 1756863880746,
          "duration" : 6155
        }
      }, {
        "uid" : "8d88fc5907c00fd1",
        "reportUrl" : "https://lambotik.github.io/Oblache/490//#testresult/8d88fc5907c00fd1",
        "status" : "broken",
        "statusDetails" : "selenium.common.exceptions.TimeoutException: Message: Can't find element by locator ('xpath', '//table[@id=\"table_containers\"] //tr[1]/td[3] /button')\nStacktrace:\n#0 0x557a17aa002a <unknown>\n#1 0x557a1753fa70 <unknown>\n#2 0x557a17591907 <unknown>\n#3 0x557a17591b01 <unknown>\n#4 0x557a175dfd54 <unknown>\n#5 0x557a175b740d <unknown>\n#6 0x557a175dd14f <unknown>\n#7 0x557a175b71b3 <unknown>\n#8 0x557a1758359b <unknown>\n#9 0x557a17584971 <unknown>\n#10 0x557a17a651fb <unknown>\n#11 0x557a17a68f49 <unknown>\n#12 0x557a17a4c2d9 <unknown>\n#13 0x557a17a69af8 <unknown>\n#14 0x557a17a30bbf <unknown>\n#15 0x557a17a8d0b8 <unknown>\n#16 0x557a17a8d296 <unknown>\n#17 0x557a17a9f006 <unknown>\n#18 0x7f639ee9caa4 <unknown>\n#19 0x7f639ef29c3c <unknown>",
        "time" : {
          "start" : 1756777895192,
          "stop" : 1756777901194,
          "duration" : 6002
        }
      }, {
        "uid" : "8ece507a3f1bea04",
        "reportUrl" : "https://lambotik.github.io/Oblache/489//#testresult/8ece507a3f1bea04",
        "status" : "broken",
        "statusDetails" : "selenium.common.exceptions.TimeoutException: Message: Can't find element by locator ('xpath', '//table[@id=\"table_containers\"] //tr[1]/td[3] /button')\nStacktrace:\n#0 0x5654c560402a <unknown>\n#1 0x5654c50a3a70 <unknown>\n#2 0x5654c50f5907 <unknown>\n#3 0x5654c50f5b01 <unknown>\n#4 0x5654c5143d54 <unknown>\n#5 0x5654c511b40d <unknown>\n#6 0x5654c514114f <unknown>\n#7 0x5654c511b1b3 <unknown>\n#8 0x5654c50e759b <unknown>\n#9 0x5654c50e8971 <unknown>\n#10 0x5654c55c91fb <unknown>\n#11 0x5654c55ccf49 <unknown>\n#12 0x5654c55b02d9 <unknown>\n#13 0x5654c55cdaf8 <unknown>\n#14 0x5654c5594bbf <unknown>\n#15 0x5654c55f10b8 <unknown>\n#16 0x5654c55f1296 <unknown>\n#17 0x5654c5603006 <unknown>\n#18 0x7fc87369caa4 <unknown>\n#19 0x7fc873729c3c <unknown>",
        "time" : {
          "start" : 1756692347113,
          "stop" : 1756692353543,
          "duration" : 6430
        }
      }, {
        "uid" : "9d7fc5d3977635f",
        "reportUrl" : "https://lambotik.github.io/Oblache/488//#testresult/9d7fc5d3977635f",
        "status" : "broken",
        "statusDetails" : "selenium.common.exceptions.TimeoutException: Message: Can't find element by locator ('xpath', '//table[@id=\"table_containers\"] //tr[1]/td[3] /button')\nStacktrace:\n#0 0x55d459f5902a <unknown>\n#1 0x55d4599f8a70 <unknown>\n#2 0x55d459a4a907 <unknown>\n#3 0x55d459a4ab01 <unknown>\n#4 0x55d459a98d54 <unknown>\n#5 0x55d459a7040d <unknown>\n#6 0x55d459a9614f <unknown>\n#7 0x55d459a701b3 <unknown>\n#8 0x55d459a3c59b <unknown>\n#9 0x55d459a3d971 <unknown>\n#10 0x55d459f1e1fb <unknown>\n#11 0x55d459f21f49 <unknown>\n#12 0x55d459f052d9 <unknown>\n#13 0x55d459f22af8 <unknown>\n#14 0x55d459ee9bbf <unknown>\n#15 0x55d459f460b8 <unknown>\n#16 0x55d459f46296 <unknown>\n#17 0x55d459f58006 <unknown>\n#18 0x7fde6829caa4 <unknown>\n#19 0x7fde68329c3c <unknown>",
        "time" : {
          "start" : 1756605346980,
          "stop" : 1756605353464,
          "duration" : 6484
        }
      }, {
        "uid" : "a109066ba1798519",
        "reportUrl" : "https://lambotik.github.io/Oblache/487//#testresult/a109066ba1798519",
        "status" : "broken",
        "statusDetails" : "selenium.common.exceptions.TimeoutException: Message: Can't find element by locator ('xpath', '//button[@id=\"menu_button_containers\"]')\nStacktrace:\n#0 0x55be8013802a <unknown>\n#1 0x55be7fbd7a70 <unknown>\n#2 0x55be7fc29907 <unknown>\n#3 0x55be7fc29b01 <unknown>\n#4 0x55be7fc77d54 <unknown>\n#5 0x55be7fc4f40d <unknown>\n#6 0x55be7fc7514f <unknown>\n#7 0x55be7fc4f1b3 <unknown>\n#8 0x55be7fc1b59b <unknown>\n#9 0x55be7fc1c971 <unknown>\n#10 0x55be800fd1fb <unknown>\n#11 0x55be80100f49 <unknown>\n#12 0x55be800e42d9 <unknown>\n#13 0x55be80101af8 <unknown>\n#14 0x55be800c8bbf <unknown>\n#15 0x55be801250b8 <unknown>\n#16 0x55be80125296 <unknown>\n#17 0x55be80137006 <unknown>\n#18 0x7f037d29caa4 <unknown>\n#19 0x7f037d329c3c <unknown>",
        "time" : {
          "start" : 1756518223032,
          "stop" : 1756518228157,
          "duration" : 5125
        }
      }, {
        "uid" : "c407f021fd360eb7",
        "reportUrl" : "https://lambotik.github.io/Oblache/486//#testresult/c407f021fd360eb7",
        "status" : "broken",
        "statusDetails" : "selenium.common.exceptions.TimeoutException: Message: Can't find element by locator ('xpath', '//table[@id=\"table_containers\"] //tr[1]/td[3] /button')\nStacktrace:\n#0 0x55d24f23202a <unknown>\n#1 0x55d24ecd1a70 <unknown>\n#2 0x55d24ed23907 <unknown>\n#3 0x55d24ed23b01 <unknown>\n#4 0x55d24ed71d54 <unknown>\n#5 0x55d24ed4940d <unknown>\n#6 0x55d24ed6f14f <unknown>\n#7 0x55d24ed491b3 <unknown>\n#8 0x55d24ed1559b <unknown>\n#9 0x55d24ed16971 <unknown>\n#10 0x55d24f1f71fb <unknown>\n#11 0x55d24f1faf49 <unknown>\n#12 0x55d24f1de2d9 <unknown>\n#13 0x55d24f1fbaf8 <unknown>\n#14 0x55d24f1c2bbf <unknown>\n#15 0x55d24f21f0b8 <unknown>\n#16 0x55d24f21f296 <unknown>\n#17 0x55d24f231006 <unknown>\n#18 0x7ff410e9caa4 <unknown>\n#19 0x7ff410f29c3c <unknown>",
        "time" : {
          "start" : 1756432144384,
          "stop" : 1756432150564,
          "duration" : 6180
        }
      }, {
        "uid" : "d1d8459189f343eb",
        "reportUrl" : "https://lambotik.github.io/Oblache/485//#testresult/d1d8459189f343eb",
        "status" : "broken",
        "statusDetails" : "selenium.common.exceptions.TimeoutException: Message: Can't find element by locator ('xpath', '//table[@id=\"table_containers\"] //tr[1]/td[3] /button')\nStacktrace:\n#0 0x55857ee3602a <unknown>\n#1 0x55857e8d5a70 <unknown>\n#2 0x55857e927907 <unknown>\n#3 0x55857e927b01 <unknown>\n#4 0x55857e975d54 <unknown>\n#5 0x55857e94d40d <unknown>\n#6 0x55857e97314f <unknown>\n#7 0x55857e94d1b3 <unknown>\n#8 0x55857e91959b <unknown>\n#9 0x55857e91a971 <unknown>\n#10 0x55857edfb1fb <unknown>\n#11 0x55857edfef49 <unknown>\n#12 0x55857ede22d9 <unknown>\n#13 0x55857edffaf8 <unknown>\n#14 0x55857edc6bbf <unknown>\n#15 0x55857ee230b8 <unknown>\n#16 0x55857ee23296 <unknown>\n#17 0x55857ee35006 <unknown>\n#18 0x7fe77fc9caa4 <unknown>\n#19 0x7fe77fd29c3c <unknown>",
        "time" : {
          "start" : 1756345751274,
          "stop" : 1756345757389,
          "duration" : 6115
        }
      }, {
        "uid" : "5b9ff1a7ce4ae617",
        "reportUrl" : "https://lambotik.github.io/Oblache/484//#testresult/5b9ff1a7ce4ae617",
        "status" : "broken",
        "statusDetails" : "selenium.common.exceptions.TimeoutException: Message: Can't find element by locator ('xpath', '//table[@id=\"table_containers\"] //tr[1]/td[3] /button')\nStacktrace:\n#0 0x560f3f41901a <unknown>\n#1 0x560f3eeb8a70 <unknown>\n#2 0x560f3ef0a907 <unknown>\n#3 0x560f3ef0ab01 <unknown>\n#4 0x560f3ef58d54 <unknown>\n#5 0x560f3ef3040d <unknown>\n#6 0x560f3ef5614f <unknown>\n#7 0x560f3ef301b3 <unknown>\n#8 0x560f3eefc59b <unknown>\n#9 0x560f3eefd971 <unknown>\n#10 0x560f3f3de1eb <unknown>\n#11 0x560f3f3e1f39 <unknown>\n#12 0x560f3f3c52c9 <unknown>\n#13 0x560f3f3e2ae8 <unknown>\n#14 0x560f3f3a9baf <unknown>\n#15 0x560f3f4060a8 <unknown>\n#16 0x560f3f406286 <unknown>\n#17 0x560f3f417ff6 <unknown>\n#18 0x7f3ca6e9caa4 <unknown>\n#19 0x7f3ca6f29c3c <unknown>",
        "time" : {
          "start" : 1756259395129,
          "stop" : 1756259401149,
          "duration" : 6020
        }
      }, {
        "uid" : "5b87f8ffec62adaf",
        "reportUrl" : "https://lambotik.github.io/Oblache/483//#testresult/5b87f8ffec62adaf",
        "status" : "broken",
        "statusDetails" : "selenium.common.exceptions.TimeoutException: Message: Can't find element by locator ('xpath', '//table[@id=\"table_containers\"] //tr[1]/td[3] /button')\nStacktrace:\n#0 0x56046fdf001a <unknown>\n#1 0x56046f88fa70 <unknown>\n#2 0x56046f8e1907 <unknown>\n#3 0x56046f8e1b01 <unknown>\n#4 0x56046f92fd54 <unknown>\n#5 0x56046f90740d <unknown>\n#6 0x56046f92d14f <unknown>\n#7 0x56046f9071b3 <unknown>\n#8 0x56046f8d359b <unknown>\n#9 0x56046f8d4971 <unknown>\n#10 0x56046fdb51eb <unknown>\n#11 0x56046fdb8f39 <unknown>\n#12 0x56046fd9c2c9 <unknown>\n#13 0x56046fdb9ae8 <unknown>\n#14 0x56046fd80baf <unknown>\n#15 0x56046fddd0a8 <unknown>\n#16 0x56046fddd286 <unknown>\n#17 0x56046fdeeff6 <unknown>\n#18 0x7fb26129caa4 <unknown>\n#19 0x7fb261329c3c <unknown>",
        "time" : {
          "start" : 1756173225211,
          "stop" : 1756173231667,
          "duration" : 6456
        }
      }, {
        "uid" : "3da723960298e03c",
        "reportUrl" : "https://lambotik.github.io/Oblache/482//#testresult/3da723960298e03c",
        "status" : "broken",
        "statusDetails" : "selenium.common.exceptions.TimeoutException: Message: Can't find element by locator ('xpath', '//table[@id=\"table_containers\"] //tr[1]/td[3] /button')\nStacktrace:\n#0 0x55970ab0701a <unknown>\n#1 0x55970a5a6a70 <unknown>\n#2 0x55970a5f8907 <unknown>\n#3 0x55970a5f8b01 <unknown>\n#4 0x55970a646d54 <unknown>\n#5 0x55970a61e40d <unknown>\n#6 0x55970a64414f <unknown>\n#7 0x55970a61e1b3 <unknown>\n#8 0x55970a5ea59b <unknown>\n#9 0x55970a5eb971 <unknown>\n#10 0x55970aacc1eb <unknown>\n#11 0x55970aacff39 <unknown>\n#12 0x55970aab32c9 <unknown>\n#13 0x55970aad0ae8 <unknown>\n#14 0x55970aa97baf <unknown>\n#15 0x55970aaf40a8 <unknown>\n#16 0x55970aaf4286 <unknown>\n#17 0x55970ab05ff6 <unknown>\n#18 0x7fecc3e9caa4 <unknown>\n#19 0x7fecc3f29c3c <unknown>",
        "time" : {
          "start" : 1756087042095,
          "stop" : 1756087048275,
          "duration" : 6180
        }
      }, {
        "uid" : "8ba7c39a09f25b1f",
        "reportUrl" : "https://lambotik.github.io/Oblache/481//#testresult/8ba7c39a09f25b1f",
        "status" : "broken",
        "statusDetails" : "selenium.common.exceptions.TimeoutException: Message: Can't find element by locator ('xpath', '//table[@id=\"table_containers\"] //tr[1]/td[3] /button')\nStacktrace:\n#0 0x558813db601a <unknown>\n#1 0x558813855a70 <unknown>\n#2 0x5588138a7907 <unknown>\n#3 0x5588138a7b01 <unknown>\n#4 0x5588138f5d54 <unknown>\n#5 0x5588138cd40d <unknown>\n#6 0x5588138f314f <unknown>\n#7 0x5588138cd1b3 <unknown>\n#8 0x55881389959b <unknown>\n#9 0x55881389a971 <unknown>\n#10 0x558813d7b1eb <unknown>\n#11 0x558813d7ef39 <unknown>\n#12 0x558813d622c9 <unknown>\n#13 0x558813d7fae8 <unknown>\n#14 0x558813d46baf <unknown>\n#15 0x558813da30a8 <unknown>\n#16 0x558813da3286 <unknown>\n#17 0x558813db4ff6 <unknown>\n#18 0x7fb0c229caa4 <unknown>\n#19 0x7fb0c2329c3c <unknown>",
        "time" : {
          "start" : 1756001011754,
          "stop" : 1756001018245,
          "duration" : 6491
        }
      }, {
        "uid" : "1589872c377b5ada",
        "reportUrl" : "https://lambotik.github.io/Oblache/480//#testresult/1589872c377b5ada",
        "status" : "broken",
        "statusDetails" : "selenium.common.exceptions.TimeoutException: Message: Can't find element by locator ('xpath', '//table[@id=\"table_containers\"] //tr[1]/td[3] /button')\nStacktrace:\n#0 0x5641fc2e001a <unknown>\n#1 0x5641fbd7fa70 <unknown>\n#2 0x5641fbdd1907 <unknown>\n#3 0x5641fbdd1b01 <unknown>\n#4 0x5641fbe1fd54 <unknown>\n#5 0x5641fbdf740d <unknown>\n#6 0x5641fbe1d14f <unknown>\n#7 0x5641fbdf71b3 <unknown>\n#8 0x5641fbdc359b <unknown>\n#9 0x5641fbdc4971 <unknown>\n#10 0x5641fc2a51eb <unknown>\n#11 0x5641fc2a8f39 <unknown>\n#12 0x5641fc28c2c9 <unknown>\n#13 0x5641fc2a9ae8 <unknown>\n#14 0x5641fc270baf <unknown>\n#15 0x5641fc2cd0a8 <unknown>\n#16 0x5641fc2cd286 <unknown>\n#17 0x5641fc2deff6 <unknown>\n#18 0x7f82aa29caa4 <unknown>\n#19 0x7f82aa329c3c <unknown>",
        "time" : {
          "start" : 1755913703682,
          "stop" : 1755913709679,
          "duration" : 5997
        }
      }, {
        "uid" : "71d058a403ffbf53",
        "reportUrl" : "https://lambotik.github.io/Oblache/479//#testresult/71d058a403ffbf53",
        "status" : "broken",
        "statusDetails" : "selenium.common.exceptions.TimeoutException: Message: Can't find element by locator ('xpath', '//table[@id=\"table_containers\"] //tr[1]/td[3] /button')\nStacktrace:\n#0 0x559a187b901a <unknown>\n#1 0x559a18258a70 <unknown>\n#2 0x559a182aa907 <unknown>\n#3 0x559a182aab01 <unknown>\n#4 0x559a182f8d54 <unknown>\n#5 0x559a182d040d <unknown>\n#6 0x559a182f614f <unknown>\n#7 0x559a182d01b3 <unknown>\n#8 0x559a1829c59b <unknown>\n#9 0x559a1829d971 <unknown>\n#10 0x559a1877e1eb <unknown>\n#11 0x559a18781f39 <unknown>\n#12 0x559a187652c9 <unknown>\n#13 0x559a18782ae8 <unknown>\n#14 0x559a18749baf <unknown>\n#15 0x559a187a60a8 <unknown>\n#16 0x559a187a6286 <unknown>\n#17 0x559a187b7ff6 <unknown>\n#18 0x7f1a9569caa4 <unknown>\n#19 0x7f1a95729c3c <unknown>",
        "time" : {
          "start" : 1755827556037,
          "stop" : 1755827562027,
          "duration" : 5990
        }
      } ]
    },
    "tags" : [ ]
  },
  "source" : "67b0cd5b58260445.json",
  "parameterValues" : [ ]
}