{
  "uid" : "d8d90b5c810f77d",
  "name" : "POST db_create_with_wrong_db_type.",
  "fullName" : "tests_api.test_bd.TestPOST#test_post_db_create_with_wrong_values_dbtype",
  "historyId" : "ae63095b2fe55ca99f871a9193b615b5",
  "time" : {
    "start" : 1761184117257,
    "stop" : 1761184117614,
    "duration" : 357
  },
  "status" : "failed",
  "statusMessage" : "AssertionError: Incorrect status code: 403",
  "statusTrace" : "self = <tests_api.test_bd.TestPOST object at 0x7fc691370fe0>\n\n    @allure.title('POST db_create_with_wrong_db_type.')\n    def test_post_db_create_with_wrong_values_dbtype(self):\n        response_db_list = API.post_db_create_wrong_value_db_type(token=TestPOST.token)\n>       Checking.check_status_code(response_db_list, 400)\n\ntests_api/test_bd.py:262: \n_ _ _ _ _ _ _ _ _ _ _ _ _ _ _ _ _ _ _ _ _ _ _ _ _ _ _ _ _ _ _ _ _ _ _ _ _ _ _ _ \n\nresult = <Response [403]>, status_code = 400\n\n    @staticmethod\n    def check_status_code(result: requests.models.Response, status_code: int):\n        \"\"\"\n        Method check status code\n        :param result: Response\n        :param status_code:\n        \"\"\"\n        with allure.step(f'Assert status code: {status_code} == Response status code: {result.status_code}'):\n>           assert status_code == result.status_code, f'Incorrect status code: {result.status_code}'\nE           AssertionError: Incorrect status code: 403\n\ntests_api/utils/checking.py:16: AssertionError",
  "flaky" : false,
  "newFailed" : false,
  "beforeStages" : [ ],
  "testStage" : {
    "status" : "failed",
    "statusMessage" : "AssertionError: Incorrect status code: 403",
    "statusTrace" : "self = <tests_api.test_bd.TestPOST object at 0x7fc691370fe0>\n\n    @allure.title('POST db_create_with_wrong_db_type.')\n    def test_post_db_create_with_wrong_values_dbtype(self):\n        response_db_list = API.post_db_create_wrong_value_db_type(token=TestPOST.token)\n>       Checking.check_status_code(response_db_list, 400)\n\ntests_api/test_bd.py:262: \n_ _ _ _ _ _ _ _ _ _ _ _ _ _ _ _ _ _ _ _ _ _ _ _ _ _ _ _ _ _ _ _ _ _ _ _ _ _ _ _ \n\nresult = <Response [403]>, status_code = 400\n\n    @staticmethod\n    def check_status_code(result: requests.models.Response, status_code: int):\n        \"\"\"\n        Method check status code\n        :param result: Response\n        :param status_code:\n        \"\"\"\n        with allure.step(f'Assert status code: {status_code} == Response status code: {result.status_code}'):\n>           assert status_code == result.status_code, f'Incorrect status code: {result.status_code}'\nE           AssertionError: Incorrect status code: 403\n\ntests_api/utils/checking.py:16: AssertionError",
    "steps" : [ {
      "name" : "post_db_create_wrong_value_db_type",
      "time" : {
        "start" : 1761184117257,
        "stop" : 1761184117614,
        "duration" : 357
      },
      "status" : "passed",
      "steps" : [ {
        "name" : "Endpoint: /db_create",
        "time" : {
          "start" : 1761184117614,
          "stop" : 1761184117614,
          "duration" : 0
        },
        "status" : "passed",
        "steps" : [ ],
        "attachments" : [ ],
        "parameters" : [ ],
        "stepsCount" : 0,
        "attachmentsCount" : 0,
        "shouldDisplayMessage" : false,
        "hasContent" : false
      }, {
        "name" : "Request:",
        "time" : {
          "start" : 1761184117614,
          "stop" : 1761184117614,
          "duration" : 0
        },
        "status" : "passed",
        "steps" : [ {
          "name" : "Headers: {'Content-Type': 'application/json', 'Authorization': {'013144de-8a48-404a-b26e-3c4fa97cc976'}}",
          "time" : {
            "start" : 1761184117614,
            "stop" : 1761184117614,
            "duration" : 0
          },
          "status" : "passed",
          "steps" : [ ],
          "attachments" : [ ],
          "parameters" : [ ],
          "stepsCount" : 0,
          "attachmentsCount" : 0,
          "shouldDisplayMessage" : false,
          "hasContent" : false
        }, {
          "name" : "Body: {\"dbtype\": f'57', \"dbversion\": 5, \"env\": 3, \"region\": 3}",
          "time" : {
            "start" : 1761184117614,
            "stop" : 1761184117614,
            "duration" : 0
          },
          "status" : "passed",
          "steps" : [ ],
          "attachments" : [ ],
          "parameters" : [ ],
          "stepsCount" : 0,
          "attachmentsCount" : 0,
          "shouldDisplayMessage" : false,
          "hasContent" : false
        } ],
        "attachments" : [ ],
        "parameters" : [ ],
        "stepsCount" : 2,
        "attachmentsCount" : 0,
        "shouldDisplayMessage" : false,
        "hasContent" : true
      }, {
        "name" : "Response:",
        "time" : {
          "start" : 1761184117614,
          "stop" : 1761184117614,
          "duration" : 0
        },
        "status" : "passed",
        "steps" : [ {
          "name" : "Status code: 403",
          "time" : {
            "start" : 1761184117614,
            "stop" : 1761184117614,
            "duration" : 0
          },
          "status" : "passed",
          "steps" : [ ],
          "attachments" : [ ],
          "parameters" : [ ],
          "stepsCount" : 0,
          "attachmentsCount" : 0,
          "shouldDisplayMessage" : false,
          "hasContent" : false
        }, {
          "name" : "JSON: {\n    \"content\": \"you are not allowed to create new databases\"\n}\n",
          "time" : {
            "start" : 1761184117614,
            "stop" : 1761184117614,
            "duration" : 0
          },
          "status" : "passed",
          "steps" : [ ],
          "attachments" : [ ],
          "parameters" : [ ],
          "stepsCount" : 0,
          "attachmentsCount" : 0,
          "shouldDisplayMessage" : false,
          "hasContent" : false
        } ],
        "attachments" : [ ],
        "parameters" : [ ],
        "stepsCount" : 2,
        "attachmentsCount" : 0,
        "shouldDisplayMessage" : false,
        "hasContent" : true
      } ],
      "attachments" : [ ],
      "parameters" : [ ],
      "stepsCount" : 7,
      "attachmentsCount" : 0,
      "shouldDisplayMessage" : false,
      "hasContent" : true
    }, {
      "name" : "Assert status code: 400 == Response status code: 403",
      "time" : {
        "start" : 1761184117614,
        "stop" : 1761184117614,
        "duration" : 0
      },
      "status" : "failed",
      "statusMessage" : "AssertionError: Incorrect status code: 403\n",
      "statusTrace" : "  File \"/home/runner/work/Oblache/Oblache/tests_api/utils/checking.py\", line 16, in check_status_code\n    assert status_code == result.status_code, f'Incorrect status code: {result.status_code}'\n           ^^^^^^^^^^^^^^^^^^^^^^^^^^^^^^^^^\n",
      "steps" : [ ],
      "attachments" : [ ],
      "parameters" : [ ],
      "stepsCount" : 0,
      "attachmentsCount" : 0,
      "shouldDisplayMessage" : true,
      "hasContent" : true
    } ],
    "attachments" : [ ],
    "parameters" : [ ],
    "stepsCount" : 9,
    "attachmentsCount" : 0,
    "shouldDisplayMessage" : true,
    "hasContent" : true
  },
  "afterStages" : [ ],
  "labels" : [ {
    "name" : "suite",
    "value" : "POST"
  }, {
    "name" : "parentSuite",
    "value" : "tests_api"
  }, {
    "name" : "subSuite",
    "value" : "TestPOST"
  }, {
    "name" : "host",
    "value" : "runnervmwhb2z"
  }, {
    "name" : "thread",
    "value" : "2572-MainThread"
  }, {
    "name" : "framework",
    "value" : "pytest"
  }, {
    "name" : "language",
    "value" : "cpython3"
  }, {
    "name" : "package",
    "value" : "tests_api.test_bd"
  }, {
    "name" : "resultFormat",
    "value" : "allure2"
  } ],
  "parameters" : [ ],
  "links" : [ ],
  "hidden" : false,
  "retry" : false,
  "extra" : {
    "severity" : "normal",
    "retries" : [ ],
    "categories" : [ {
      "name" : "Product defects",
      "matchedStatuses" : [ ],
      "flaky" : false
    } ],
    "history" : {
      "statistic" : {
        "failed" : 281,
        "broken" : 0,
        "skipped" : 0,
        "passed" : 45,
        "unknown" : 0,
        "total" : 326
      },
      "items" : [ {
        "uid" : "fddaefc20302b73c",
        "reportUrl" : "https://lambotik.github.io/Oblache/540//#testresult/fddaefc20302b73c",
        "status" : "failed",
        "statusDetails" : "AssertionError: Incorrect status code: 502",
        "time" : {
          "start" : 1761097986592,
          "stop" : 1761097987075,
          "duration" : 483
        }
      }, {
        "uid" : "2c4e985592881e57",
        "reportUrl" : "https://lambotik.github.io/Oblache/539//#testresult/2c4e985592881e57",
        "status" : "failed",
        "statusDetails" : "AssertionError: Incorrect status code: 502",
        "time" : {
          "start" : 1761011392015,
          "stop" : 1761011392458,
          "duration" : 443
        }
      }, {
        "uid" : "31be047741ce7e4b",
        "reportUrl" : "https://lambotik.github.io/Oblache/538//#testresult/31be047741ce7e4b",
        "status" : "failed",
        "statusDetails" : "AssertionError: Incorrect status code: 403",
        "time" : {
          "start" : 1760925339788,
          "stop" : 1760925340186,
          "duration" : 398
        }
      }, {
        "uid" : "cf44923a3dc3149b",
        "reportUrl" : "https://lambotik.github.io/Oblache/537//#testresult/cf44923a3dc3149b",
        "status" : "failed",
        "statusDetails" : "AssertionError: Incorrect status code: 403",
        "time" : {
          "start" : 1760839103815,
          "stop" : 1760839104118,
          "duration" : 303
        }
      }, {
        "uid" : "27ce5404a94baaaa",
        "reportUrl" : "https://lambotik.github.io/Oblache/536//#testresult/27ce5404a94baaaa",
        "status" : "failed",
        "statusDetails" : "AssertionError: Incorrect status code: 403",
        "time" : {
          "start" : 1760751717410,
          "stop" : 1760751717833,
          "duration" : 423
        }
      }, {
        "uid" : "ac0af30b66a675e2",
        "reportUrl" : "https://lambotik.github.io/Oblache/535//#testresult/ac0af30b66a675e2",
        "status" : "failed",
        "statusDetails" : "AssertionError: Incorrect status code: 403",
        "time" : {
          "start" : 1760665604827,
          "stop" : 1760665605252,
          "duration" : 425
        }
      }, {
        "uid" : "52c77f6b3d09d676",
        "reportUrl" : "https://lambotik.github.io/Oblache/534//#testresult/52c77f6b3d09d676",
        "status" : "failed",
        "statusDetails" : "AssertionError: Incorrect status code: 403",
        "time" : {
          "start" : 1760579264114,
          "stop" : 1760579264471,
          "duration" : 357
        }
      }, {
        "uid" : "7b8408ad58e0362c",
        "reportUrl" : "https://lambotik.github.io/Oblache/533//#testresult/7b8408ad58e0362c",
        "status" : "failed",
        "statusDetails" : "AssertionError: Incorrect status code: 403",
        "time" : {
          "start" : 1760492939717,
          "stop" : 1760492940198,
          "duration" : 481
        }
      }, {
        "uid" : "58923b21efd271f0",
        "reportUrl" : "https://lambotik.github.io/Oblache/532//#testresult/58923b21efd271f0",
        "status" : "failed",
        "statusDetails" : "AssertionError: Incorrect status code: 403",
        "time" : {
          "start" : 1760406375287,
          "stop" : 1760406375594,
          "duration" : 307
        }
      }, {
        "uid" : "6f5ee1ce76ae3927",
        "reportUrl" : "https://lambotik.github.io/Oblache/531//#testresult/6f5ee1ce76ae3927",
        "status" : "failed",
        "statusDetails" : "AssertionError: Incorrect status code: 403",
        "time" : {
          "start" : 1760320358536,
          "stop" : 1760320358849,
          "duration" : 313
        }
      }, {
        "uid" : "61a7f0f6745562be",
        "reportUrl" : "https://lambotik.github.io/Oblache/530//#testresult/61a7f0f6745562be",
        "status" : "failed",
        "statusDetails" : "AssertionError: Incorrect status code: 500",
        "time" : {
          "start" : 1760233759411,
          "stop" : 1760233759932,
          "duration" : 521
        }
      }, {
        "uid" : "ea93640564845462",
        "reportUrl" : "https://lambotik.github.io/Oblache/529//#testresult/ea93640564845462",
        "status" : "failed",
        "statusDetails" : "AssertionError: Incorrect status code: 403",
        "time" : {
          "start" : 1760146876919,
          "stop" : 1760146877290,
          "duration" : 371
        }
      }, {
        "uid" : "17ea9b43a4ddb53f",
        "reportUrl" : "https://lambotik.github.io/Oblache/528//#testresult/17ea9b43a4ddb53f",
        "status" : "failed",
        "statusDetails" : "AssertionError: Incorrect status code: 502",
        "time" : {
          "start" : 1760060762374,
          "stop" : 1760060762698,
          "duration" : 324
        }
      }, {
        "uid" : "7e0477eed616e9e1",
        "reportUrl" : "https://lambotik.github.io/Oblache/527//#testresult/7e0477eed616e9e1",
        "status" : "failed",
        "statusDetails" : "AssertionError: Incorrect status code: 502",
        "time" : {
          "start" : 1759974303965,
          "stop" : 1759974304245,
          "duration" : 280
        }
      }, {
        "uid" : "3f846ec5f07a234d",
        "reportUrl" : "https://lambotik.github.io/Oblache/526//#testresult/3f846ec5f07a234d",
        "status" : "failed",
        "statusDetails" : "AssertionError: Incorrect status code: 502",
        "time" : {
          "start" : 1759887864084,
          "stop" : 1759887864408,
          "duration" : 324
        }
      }, {
        "uid" : "9abbe200acdb227a",
        "reportUrl" : "https://lambotik.github.io/Oblache/525//#testresult/9abbe200acdb227a",
        "status" : "failed",
        "statusDetails" : "AssertionError: Incorrect status code: 502",
        "time" : {
          "start" : 1759801442019,
          "stop" : 1759801442313,
          "duration" : 294
        }
      }, {
        "uid" : "a045988fb6ea129c",
        "reportUrl" : "https://lambotik.github.io/Oblache/524//#testresult/a045988fb6ea129c",
        "status" : "failed",
        "statusDetails" : "AssertionError: Incorrect status code: 502",
        "time" : {
          "start" : 1759715229985,
          "stop" : 1759715230319,
          "duration" : 334
        }
      }, {
        "uid" : "b747ce77977733ed",
        "reportUrl" : "https://lambotik.github.io/Oblache/523//#testresult/b747ce77977733ed",
        "status" : "failed",
        "statusDetails" : "AssertionError: Incorrect status code: 403",
        "time" : {
          "start" : 1759629205843,
          "stop" : 1759629206284,
          "duration" : 441
        }
      }, {
        "uid" : "ec54a9935923cef8",
        "reportUrl" : "https://lambotik.github.io/Oblache/522//#testresult/ec54a9935923cef8",
        "status" : "failed",
        "statusDetails" : "AssertionError: Incorrect status code: 403",
        "time" : {
          "start" : 1759541994319,
          "stop" : 1759541994744,
          "duration" : 425
        }
      }, {
        "uid" : "ac7793dbbc46f2a5",
        "reportUrl" : "https://lambotik.github.io/Oblache/521//#testresult/ac7793dbbc46f2a5",
        "status" : "failed",
        "statusDetails" : "AssertionError: Incorrect status code: 403",
        "time" : {
          "start" : 1759455804394,
          "stop" : 1759455804749,
          "duration" : 355
        }
      } ]
    },
    "tags" : [ ]
  },
  "source" : "d8d90b5c810f77d.json",
  "parameterValues" : [ ]
}