{"uid":"213a454d15ee3ad2","name":"POST db_create","fullName":"tests_api.test_db.TestPOST#test_post_db_create","historyId":"1b13e37b89dfdb7d341d294814ce9795","time":{"start":1762566423414,"stop":1762566424270,"duration":856},"status":"failed","statusMessage":"AssertionError: Incorrect status code: 403","statusTrace":"self = <tests_api.test_db.TestPOST object at 0x7fe262eb5a30>\nget_token = ('372c651d-460b-40ad-86a8-b6b62e3bc76f', {'email': 'test4@mail.com', 'password': 'testpassword'}, 'testpassword', '123456789', 'test4@mail.com')\n\n    @allure.title('POST db_create')\n    def test_post_db_create(self, get_token):\n        TestPOST.token, TestPOST.body = get_token[0], get_token[1]\n        response_login = API.post_login(body=TestPOST.body)\n        Checking.check_status_code(response_login, 200)\n        response = API.post_db_create(token=TestPOST.token)\n        print(response.text)\n>       Checking.check_status_code(response, 201)\n\ntests_api/test_db.py:35: \n_ _ _ _ _ _ _ _ _ _ _ _ _ _ _ _ _ _ _ _ _ _ _ _ _ _ _ _ _ _ _ _ _ _ _ _ _ _ _ _ \n\nresult = <Response [403]>, status_code = 201\n\n    @staticmethod\n    def check_status_code(result: requests.models.Response, status_code: int):\n        \"\"\"\n        Method check status code\n        :param result: Response\n        :param status_code:\n        \"\"\"\n        with allure.step(f'Assert status code: {status_code} == Response status code: {result.status_code}'):\n>           assert status_code == result.status_code, f'Incorrect status code: {result.status_code}'\nE           AssertionError: Incorrect status code: 403\n\ntests_api/utils/checking.py:16: AssertionError","flaky":false,"newFailed":false,"newBroken":false,"newPassed":false,"retriesCount":0,"retriesStatusChange":false,"beforeStages":[{"name":"get_token","time":{"start":1762566422993,"stop":1762566423414,"duration":421},"status":"passed","steps":[{"name":"Assert status code: 200 == Response status code: 200","time":{"start":1762566423414,"stop":1762566423414,"duration":0},"status":"passed","steps":[],"attachments":[],"parameters":[],"stepsCount":0,"shouldDisplayMessage":false,"attachmentsCount":0,"hasContent":false,"attachmentStep":false}],"attachments":[],"parameters":[],"stepsCount":1,"shouldDisplayMessage":false,"attachmentsCount":0,"hasContent":true,"attachmentStep":false}],"testStage":{"status":"failed","statusMessage":"AssertionError: Incorrect status code: 403","statusTrace":"self = <tests_api.test_db.TestPOST object at 0x7fe262eb5a30>\nget_token = ('372c651d-460b-40ad-86a8-b6b62e3bc76f', {'email': 'test4@mail.com', 'password': 'testpassword'}, 'testpassword', '123456789', 'test4@mail.com')\n\n    @allure.title('POST db_create')\n    def test_post_db_create(self, get_token):\n        TestPOST.token, TestPOST.body = get_token[0], get_token[1]\n        response_login = API.post_login(body=TestPOST.body)\n        Checking.check_status_code(response_login, 200)\n        response = API.post_db_create(token=TestPOST.token)\n        print(response.text)\n>       Checking.check_status_code(response, 201)\n\ntests_api/test_db.py:35: \n_ _ _ _ _ _ _ _ _ _ _ _ _ _ _ _ _ _ _ _ _ _ _ _ _ _ _ _ _ _ _ _ _ _ _ _ _ _ _ _ \n\nresult = <Response [403]>, status_code = 201\n\n    @staticmethod\n    def check_status_code(result: requests.models.Response, status_code: int):\n        \"\"\"\n        Method check status code\n        :param result: Response\n        :param status_code:\n        \"\"\"\n        with allure.step(f'Assert status code: {status_code} == Response status code: {result.status_code}'):\n>           assert status_code == result.status_code, f'Incorrect status code: {result.status_code}'\nE           AssertionError: Incorrect status code: 403\n\ntests_api/utils/checking.py:16: AssertionError","steps":[{"name":"post_login","time":{"start":1762566423414,"stop":1762566423850,"duration":436},"status":"passed","steps":[{"name":"Endpoint: /login","time":{"start":1762566423849,"stop":1762566423849,"duration":0},"status":"passed","steps":[],"attachments":[],"parameters":[],"stepsCount":0,"shouldDisplayMessage":false,"attachmentsCount":0,"hasContent":false,"attachmentStep":false},{"name":"Request:","time":{"start":1762566423849,"stop":1762566423850,"duration":1},"status":"passed","steps":[{"name":"Headers: {'Content-Type': 'application/json', 'Authorization': ''}","time":{"start":1762566423849,"stop":1762566423849,"duration":0},"status":"passed","steps":[],"attachments":[],"parameters":[],"stepsCount":0,"shouldDisplayMessage":false,"attachmentsCount":0,"hasContent":false,"attachmentStep":false},{"name":"Body: {\"email\": email, \"password\": password}","time":{"start":1762566423850,"stop":1762566423850,"duration":0},"status":"passed","steps":[],"attachments":[],"parameters":[],"stepsCount":0,"shouldDisplayMessage":false,"attachmentsCount":0,"hasContent":false,"attachmentStep":false}],"attachments":[],"parameters":[],"stepsCount":2,"shouldDisplayMessage":false,"attachmentsCount":0,"hasContent":true,"attachmentStep":false},{"name":"Response:","time":{"start":1762566423850,"stop":1762566423850,"duration":0},"status":"passed","steps":[{"name":"Status code: 200","time":{"start":1762566423850,"stop":1762566423850,"duration":0},"status":"passed","steps":[],"attachments":[],"parameters":[],"stepsCount":0,"shouldDisplayMessage":false,"attachmentsCount":0,"hasContent":false,"attachmentStep":false},{"name":"JSON: {\n    \"token\": \"fdc072cf-a51b-4c79-bc38-61fe32346cb4\",\n    \"msg\": \"msg[6]: login successful\"\n}\n","time":{"start":1762566423850,"stop":1762566423850,"duration":0},"status":"passed","steps":[],"attachments":[],"parameters":[],"stepsCount":0,"shouldDisplayMessage":false,"attachmentsCount":0,"hasContent":false,"attachmentStep":false}],"attachments":[],"parameters":[],"stepsCount":2,"shouldDisplayMessage":false,"attachmentsCount":0,"hasContent":true,"attachmentStep":false}],"attachments":[],"parameters":[],"stepsCount":7,"shouldDisplayMessage":false,"attachmentsCount":0,"hasContent":true,"attachmentStep":false},{"name":"Assert status code: 200 == Response status code: 200","time":{"start":1762566423850,"stop":1762566423850,"duration":0},"status":"passed","steps":[],"attachments":[],"parameters":[],"stepsCount":0,"shouldDisplayMessage":false,"attachmentsCount":0,"hasContent":false,"attachmentStep":false},{"name":"post_db_create","time":{"start":1762566423850,"stop":1762566424270,"duration":420},"status":"passed","steps":[{"name":"Endpoint: /db_create","time":{"start":1762566424270,"stop":1762566424270,"duration":0},"status":"passed","steps":[],"attachments":[],"parameters":[],"stepsCount":0,"shouldDisplayMessage":false,"attachmentsCount":0,"hasContent":false,"attachmentStep":false},{"name":"Request:","time":{"start":1762566424270,"stop":1762566424270,"duration":0},"status":"passed","steps":[{"name":"Headers: {'Content-Type': 'application/json', 'Authorization': {'372c651d-460b-40ad-86a8-b6b62e3bc76f'}}","time":{"start":1762566424270,"stop":1762566424270,"duration":0},"status":"passed","steps":[],"attachments":[],"parameters":[],"stepsCount":0,"shouldDisplayMessage":false,"attachmentsCount":0,"hasContent":false,"attachmentStep":false},{"name":"Body: {\"dbtype\": 3, \"dbversion\": 5, \"env\": 3, \"region\": 3}","time":{"start":1762566424270,"stop":1762566424270,"duration":0},"status":"passed","steps":[],"attachments":[],"parameters":[],"stepsCount":0,"shouldDisplayMessage":false,"attachmentsCount":0,"hasContent":false,"attachmentStep":false}],"attachments":[],"parameters":[],"stepsCount":2,"shouldDisplayMessage":false,"attachmentsCount":0,"hasContent":true,"attachmentStep":false},{"name":"Response:","time":{"start":1762566424270,"stop":1762566424270,"duration":0},"status":"passed","steps":[{"name":"Status code: 403","time":{"start":1762566424270,"stop":1762566424270,"duration":0},"status":"passed","steps":[],"attachments":[],"parameters":[],"stepsCount":0,"shouldDisplayMessage":false,"attachmentsCount":0,"hasContent":false,"attachmentStep":false},{"name":"JSON: {\n    \"content\": \"you are not allowed to create new databases\"\n}\n","time":{"start":1762566424270,"stop":1762566424270,"duration":0},"status":"passed","steps":[],"attachments":[],"parameters":[],"stepsCount":0,"shouldDisplayMessage":false,"attachmentsCount":0,"hasContent":false,"attachmentStep":false}],"attachments":[],"parameters":[],"stepsCount":2,"shouldDisplayMessage":false,"attachmentsCount":0,"hasContent":true,"attachmentStep":false}],"attachments":[],"parameters":[],"stepsCount":7,"shouldDisplayMessage":false,"attachmentsCount":0,"hasContent":true,"attachmentStep":false},{"name":"Assert status code: 201 == Response status code: 403","time":{"start":1762566424270,"stop":1762566424270,"duration":0},"status":"failed","statusMessage":"AssertionError: Incorrect status code: 403\n","statusTrace":"  File \"/home/runner/work/Oblache/Oblache/tests_api/utils/checking.py\", line 16, in check_status_code\n    assert status_code == result.status_code, f'Incorrect status code: {result.status_code}'\n           ^^^^^^^^^^^^^^^^^^^^^^^^^^^^^^^^^\n","steps":[],"attachments":[],"parameters":[],"stepsCount":0,"shouldDisplayMessage":true,"attachmentsCount":0,"hasContent":true,"attachmentStep":false}],"attachments":[],"parameters":[],"stepsCount":18,"shouldDisplayMessage":true,"attachmentsCount":0,"hasContent":true,"attachmentStep":false},"afterStages":[],"labels":[{"name":"suite","value":"smoke_databases"},{"name":"parentSuite","value":"tests_api"},{"name":"subSuite","value":"TestPOST"},{"name":"host","value":"runnervmf2e7y"},{"name":"thread","value":"2618-MainThread"},{"name":"framework","value":"pytest"},{"name":"language","value":"cpython3"},{"name":"package","value":"tests_api.test_db"},{"name":"resultFormat","value":"allure2"}],"parameters":[],"links":[],"hidden":false,"retry":false,"extra":{"severity":"normal","retries":[],"categories":[{"name":"Product defects","matchedStatuses":[],"flaky":false}],"history":{"statistic":{"failed":3,"broken":0,"skipped":0,"passed":0,"unknown":0,"total":3},"items":[{"uid":"c782eea1e179a741","reportUrl":"https://lambotik.github.io/Oblache/556/#testresult/c782eea1e179a741","status":"failed","statusDetails":"AssertionError: Incorrect status code: 403","time":{"start":1762480390363,"stop":1762480391366,"duration":1003}},{"uid":"f5696c6507f5889f","reportUrl":"https://lambotik.github.io/Oblache/555/#testresult/f5696c6507f5889f","status":"failed","statusDetails":"AssertionError: Incorrect status code: 403","time":{"start":1762394053867,"stop":1762394054583,"duration":716}}]},"tags":[]},"source":"213a454d15ee3ad2.json","parameterValues":[]}