{
  "uid" : "12499f41a13f9c6",
  "name" : "POST checking ports_len negative symbols",
  "fullName" : "tests_api.test_bd.TestPOST#test_post_checking_ports_len_negative_symbols",
  "historyId" : "381cac88cc6f55198cae5b20cb94989e",
  "time" : {
    "start" : 1746839289660,
    "stop" : 1746839289969,
    "duration" : 309
  },
  "status" : "failed",
  "statusMessage" : "AssertionError: Result is not equal expected value",
  "statusTrace" : "self = <tests_api.test_bd.TestPOST object at 0x7fce7ed28230>\n\n    @allure.title('POST checking ports_len negative symbols')\n    def test_post_checking_ports_len_negative_symbols(self):\n        result = API.post_create_docker_container_checking_ports(\n            token=TestPOST.token,\n            port_len=\"qwert\")\n        Checking.check_status_code(result, 400)\n>       Checking.check_json_value(result, 'msg', \"msg[]: ports range isn't accepted\")\n\ntests_api/test_bd.py:399: \n_ _ _ _ _ _ _ _ _ _ _ _ _ _ _ _ _ _ _ _ _ _ _ _ _ _ _ _ _ _ _ _ _ _ _ _ _ _ _ _ \n\nresponse = <Response [400]>, field_name = 'msg'\nexpected_value = \"msg[]: ports range isn't accepted\"\n\n    @staticmethod\n    def check_json_value(response: requests.models.Response, field_name: str, expected_value):\n        \"\"\"\n        :param response: requests.models.Response\n        :param field_name:\n        :param expected_value:\n        \"\"\"\n        check = response.json()\n        check_info = check.get(field_name)\n        with allure.step(\n                f'Compare result request with expected value:'\n                f'\\nResponse: {response}\\nField name: {field_name}\\nValue: {expected_value}'):\n>           assert check_info == expected_value, 'Result is not equal expected value'\nE           AssertionError: Result is not equal expected value\n\ntests_api/utils/checking.py:57: AssertionError",
  "flaky" : false,
  "newFailed" : false,
  "beforeStages" : [ ],
  "testStage" : {
    "status" : "failed",
    "statusMessage" : "AssertionError: Result is not equal expected value",
    "statusTrace" : "self = <tests_api.test_bd.TestPOST object at 0x7fce7ed28230>\n\n    @allure.title('POST checking ports_len negative symbols')\n    def test_post_checking_ports_len_negative_symbols(self):\n        result = API.post_create_docker_container_checking_ports(\n            token=TestPOST.token,\n            port_len=\"qwert\")\n        Checking.check_status_code(result, 400)\n>       Checking.check_json_value(result, 'msg', \"msg[]: ports range isn't accepted\")\n\ntests_api/test_bd.py:399: \n_ _ _ _ _ _ _ _ _ _ _ _ _ _ _ _ _ _ _ _ _ _ _ _ _ _ _ _ _ _ _ _ _ _ _ _ _ _ _ _ \n\nresponse = <Response [400]>, field_name = 'msg'\nexpected_value = \"msg[]: ports range isn't accepted\"\n\n    @staticmethod\n    def check_json_value(response: requests.models.Response, field_name: str, expected_value):\n        \"\"\"\n        :param response: requests.models.Response\n        :param field_name:\n        :param expected_value:\n        \"\"\"\n        check = response.json()\n        check_info = check.get(field_name)\n        with allure.step(\n                f'Compare result request with expected value:'\n                f'\\nResponse: {response}\\nField name: {field_name}\\nValue: {expected_value}'):\n>           assert check_info == expected_value, 'Result is not equal expected value'\nE           AssertionError: Result is not equal expected value\n\ntests_api/utils/checking.py:57: AssertionError",
    "steps" : [ {
      "name" : "post_create_docker_container",
      "time" : {
        "start" : 1746839289660,
        "stop" : 1746839289969,
        "duration" : 309
      },
      "status" : "passed",
      "steps" : [ {
        "name" : "Endpoint: /container_create",
        "time" : {
          "start" : 1746839289969,
          "stop" : 1746839289969,
          "duration" : 0
        },
        "status" : "passed",
        "steps" : [ ],
        "attachments" : [ ],
        "parameters" : [ ],
        "stepsCount" : 0,
        "attachmentsCount" : 0,
        "shouldDisplayMessage" : false,
        "hasContent" : false
      }, {
        "name" : "Request:",
        "time" : {
          "start" : 1746839289969,
          "stop" : 1746839289969,
          "duration" : 0
        },
        "status" : "passed",
        "steps" : [ {
          "name" : "Headers: {'Content-Type': 'application/json', 'Authorization': '676a143b-d394-4399-abfc-c0eef86e6cc9'}",
          "time" : {
            "start" : 1746839289969,
            "stop" : 1746839289969,
            "duration" : 0
          },
          "status" : "passed",
          "steps" : [ ],
          "attachments" : [ ],
          "parameters" : [ ],
          "stepsCount" : 0,
          "attachmentsCount" : 0,
          "shouldDisplayMessage" : false,
          "hasContent" : false
        }, {
          "name" : "Body: {\"docker_image\": \"nginx\", \"int_ports\": f\"qwert\", \"env\": 3, \"region\": 3}",
          "time" : {
            "start" : 1746839289969,
            "stop" : 1746839289969,
            "duration" : 0
          },
          "status" : "passed",
          "steps" : [ ],
          "attachments" : [ ],
          "parameters" : [ ],
          "stepsCount" : 0,
          "attachmentsCount" : 0,
          "shouldDisplayMessage" : false,
          "hasContent" : false
        } ],
        "attachments" : [ ],
        "parameters" : [ ],
        "stepsCount" : 2,
        "attachmentsCount" : 0,
        "shouldDisplayMessage" : false,
        "hasContent" : true
      }, {
        "name" : "Response:",
        "time" : {
          "start" : 1746839289969,
          "stop" : 1746839289969,
          "duration" : 0
        },
        "status" : "passed",
        "steps" : [ {
          "name" : "Status code: 400",
          "time" : {
            "start" : 1746839289969,
            "stop" : 1746839289969,
            "duration" : 0
          },
          "status" : "passed",
          "steps" : [ ],
          "attachments" : [ ],
          "parameters" : [ ],
          "stepsCount" : 0,
          "attachmentsCount" : 0,
          "shouldDisplayMessage" : false,
          "hasContent" : false
        }, {
          "name" : "JSON: {\n    \"msg_code\": -1,\n    \"msg\": \"endpoint is disabled\"\n}\n",
          "time" : {
            "start" : 1746839289969,
            "stop" : 1746839289969,
            "duration" : 0
          },
          "status" : "passed",
          "steps" : [ ],
          "attachments" : [ ],
          "parameters" : [ ],
          "stepsCount" : 0,
          "attachmentsCount" : 0,
          "shouldDisplayMessage" : false,
          "hasContent" : false
        } ],
        "attachments" : [ ],
        "parameters" : [ ],
        "stepsCount" : 2,
        "attachmentsCount" : 0,
        "shouldDisplayMessage" : false,
        "hasContent" : true
      } ],
      "attachments" : [ ],
      "parameters" : [ ],
      "stepsCount" : 7,
      "attachmentsCount" : 0,
      "shouldDisplayMessage" : false,
      "hasContent" : true
    }, {
      "name" : "Assert status code: 400 == Response status code: 400",
      "time" : {
        "start" : 1746839289969,
        "stop" : 1746839289969,
        "duration" : 0
      },
      "status" : "passed",
      "steps" : [ ],
      "attachments" : [ ],
      "parameters" : [ ],
      "stepsCount" : 0,
      "attachmentsCount" : 0,
      "shouldDisplayMessage" : false,
      "hasContent" : false
    }, {
      "name" : "Compare result request with expected value:\nResponse: <Response [400]>\nField name: msg\nValue: msg[]: ports range isn't accepted",
      "time" : {
        "start" : 1746839289969,
        "stop" : 1746839289969,
        "duration" : 0
      },
      "status" : "failed",
      "statusMessage" : "AssertionError: Result is not equal expected value\n",
      "statusTrace" : "  File \"/home/runner/work/Oblache/Oblache/tests_api/utils/checking.py\", line 57, in check_json_value\n    assert check_info == expected_value, 'Result is not equal expected value'\n           ^^^^^^^^^^^^^^^^^^^^^^^^^^^^\n",
      "steps" : [ ],
      "attachments" : [ ],
      "parameters" : [ ],
      "stepsCount" : 0,
      "attachmentsCount" : 0,
      "shouldDisplayMessage" : true,
      "hasContent" : true
    } ],
    "attachments" : [ ],
    "parameters" : [ ],
    "stepsCount" : 10,
    "attachmentsCount" : 0,
    "shouldDisplayMessage" : true,
    "hasContent" : true
  },
  "afterStages" : [ ],
  "labels" : [ {
    "name" : "suite",
    "value" : "POST"
  }, {
    "name" : "parentSuite",
    "value" : "tests_api"
  }, {
    "name" : "subSuite",
    "value" : "TestPOST"
  }, {
    "name" : "host",
    "value" : "pkrvmberfyhpb9w"
  }, {
    "name" : "thread",
    "value" : "2543-MainThread"
  }, {
    "name" : "framework",
    "value" : "pytest"
  }, {
    "name" : "language",
    "value" : "cpython3"
  }, {
    "name" : "package",
    "value" : "tests_api.test_bd"
  }, {
    "name" : "resultFormat",
    "value" : "allure2"
  } ],
  "parameters" : [ ],
  "links" : [ ],
  "hidden" : false,
  "retry" : false,
  "extra" : {
    "severity" : "normal",
    "retries" : [ ],
    "categories" : [ {
      "name" : "Product defects",
      "matchedStatuses" : [ ],
      "flaky" : false
    } ],
    "history" : {
      "statistic" : {
        "failed" : 147,
        "broken" : 0,
        "skipped" : 0,
        "passed" : 36,
        "unknown" : 0,
        "total" : 183
      },
      "items" : [ {
        "uid" : "88c483c06b2cd6f7",
        "reportUrl" : "https://lambotik.github.io/Oblache/397//#testresult/88c483c06b2cd6f7",
        "status" : "failed",
        "statusDetails" : "AssertionError: Result is not equal expected value",
        "time" : {
          "start" : 1746753043120,
          "stop" : 1746753043437,
          "duration" : 317
        }
      }, {
        "uid" : "bf8a899fd005c502",
        "reportUrl" : "https://lambotik.github.io/Oblache/396//#testresult/bf8a899fd005c502",
        "status" : "failed",
        "statusDetails" : "AssertionError: Result is not equal expected value",
        "time" : {
          "start" : 1746666697113,
          "stop" : 1746666697630,
          "duration" : 517
        }
      }, {
        "uid" : "1aabc60c4deb1649",
        "reportUrl" : "https://lambotik.github.io/Oblache/395//#testresult/1aabc60c4deb1649",
        "status" : "failed",
        "statusDetails" : "AssertionError: Result is not equal expected value",
        "time" : {
          "start" : 1746580267137,
          "stop" : 1746580267644,
          "duration" : 507
        }
      }, {
        "uid" : "61a8a19a7e0220f9",
        "reportUrl" : "https://lambotik.github.io/Oblache/394//#testresult/61a8a19a7e0220f9",
        "status" : "failed",
        "statusDetails" : "AssertionError: Result is not equal expected value",
        "time" : {
          "start" : 1746493834541,
          "stop" : 1746493834857,
          "duration" : 316
        }
      }, {
        "uid" : "d066c2d24e2ed48f",
        "reportUrl" : "https://lambotik.github.io/Oblache/393//#testresult/d066c2d24e2ed48f",
        "status" : "failed",
        "statusDetails" : "AssertionError: Result is not equal expected value",
        "time" : {
          "start" : 1746407589161,
          "stop" : 1746407589521,
          "duration" : 360
        }
      }, {
        "uid" : "c81647ce80f467c8",
        "reportUrl" : "https://lambotik.github.io/Oblache/389//#testresult/c81647ce80f467c8",
        "status" : "failed",
        "statusDetails" : "AssertionError: Result is not equal expected value",
        "time" : {
          "start" : 1746062152088,
          "stop" : 1746062152404,
          "duration" : 316
        }
      }, {
        "uid" : "cc4286922e0d8658",
        "reportUrl" : "https://lambotik.github.io/Oblache/388//#testresult/cc4286922e0d8658",
        "status" : "failed",
        "statusDetails" : "AssertionError: Result is not equal expected value",
        "time" : {
          "start" : 1745975385208,
          "stop" : 1745975385520,
          "duration" : 312
        }
      }, {
        "uid" : "e136a278ef81c8eb",
        "reportUrl" : "https://lambotik.github.io/Oblache/387//#testresult/e136a278ef81c8eb",
        "status" : "failed",
        "statusDetails" : "AssertionError: Result is not equal expected value",
        "time" : {
          "start" : 1745888961743,
          "stop" : 1745888962112,
          "duration" : 369
        }
      }, {
        "uid" : "75029923baa2d782",
        "reportUrl" : "https://lambotik.github.io/Oblache/386//#testresult/75029923baa2d782",
        "status" : "failed",
        "statusDetails" : "AssertionError: Result is not equal expected value",
        "time" : {
          "start" : 1745802691997,
          "stop" : 1745802692528,
          "duration" : 531
        }
      }, {
        "uid" : "6237df26faee35fa",
        "reportUrl" : "https://lambotik.github.io/Oblache/385//#testresult/6237df26faee35fa",
        "status" : "failed",
        "statusDetails" : "AssertionError: Result is not equal expected value",
        "time" : {
          "start" : 1745716415655,
          "stop" : 1745716416173,
          "duration" : 518
        }
      }, {
        "uid" : "bc4dcb7ed98a85bb",
        "reportUrl" : "https://lambotik.github.io/Oblache/384//#testresult/bc4dcb7ed98a85bb",
        "status" : "failed",
        "statusDetails" : "AssertionError: Result is not equal expected value",
        "time" : {
          "start" : 1745629609410,
          "stop" : 1745629609809,
          "duration" : 399
        }
      }, {
        "uid" : "35468b56f0df6924",
        "reportUrl" : "https://lambotik.github.io/Oblache/383//#testresult/35468b56f0df6924",
        "status" : "failed",
        "statusDetails" : "AssertionError: Result is not equal expected value",
        "time" : {
          "start" : 1745543365873,
          "stop" : 1745543366397,
          "duration" : 524
        }
      }, {
        "uid" : "844acd1fcbba2365",
        "reportUrl" : "https://lambotik.github.io/Oblache/382//#testresult/844acd1fcbba2365",
        "status" : "failed",
        "statusDetails" : "AssertionError: Result is not equal expected value",
        "time" : {
          "start" : 1745456955129,
          "stop" : 1745456955509,
          "duration" : 380
        }
      }, {
        "uid" : "2aea84028fd319ec",
        "reportUrl" : "https://lambotik.github.io/Oblache/381//#testresult/2aea84028fd319ec",
        "status" : "failed",
        "statusDetails" : "AssertionError: Result is not equal expected value",
        "time" : {
          "start" : 1745370562646,
          "stop" : 1745370562945,
          "duration" : 299
        }
      }, {
        "uid" : "8ba4661f799158d7",
        "reportUrl" : "https://lambotik.github.io/Oblache/380//#testresult/8ba4661f799158d7",
        "status" : "failed",
        "statusDetails" : "AssertionError: Result is not equal expected value",
        "time" : {
          "start" : 1745284134736,
          "stop" : 1745284135231,
          "duration" : 495
        }
      }, {
        "uid" : "a3ee542548ca8e14",
        "reportUrl" : "https://lambotik.github.io/Oblache/379//#testresult/a3ee542548ca8e14",
        "status" : "failed",
        "statusDetails" : "AssertionError: Result is not equal expected value",
        "time" : {
          "start" : 1745197952223,
          "stop" : 1745197952744,
          "duration" : 521
        }
      }, {
        "uid" : "8c870d452ba73de4",
        "reportUrl" : "https://lambotik.github.io/Oblache/378//#testresult/8c870d452ba73de4",
        "status" : "failed",
        "statusDetails" : "AssertionError: Result is not equal expected value",
        "time" : {
          "start" : 1745111588839,
          "stop" : 1745111589141,
          "duration" : 302
        }
      }, {
        "uid" : "f735eabb0608c284",
        "reportUrl" : "https://lambotik.github.io/Oblache/377//#testresult/f735eabb0608c284",
        "status" : "failed",
        "statusDetails" : "AssertionError: Result is not equal expected value",
        "time" : {
          "start" : 1745024737006,
          "stop" : 1745024737511,
          "duration" : 505
        }
      }, {
        "uid" : "2dcaf8d56a95cf9c",
        "reportUrl" : "https://lambotik.github.io/Oblache/376//#testresult/2dcaf8d56a95cf9c",
        "status" : "failed",
        "statusDetails" : "AssertionError: Result is not equal expected value",
        "time" : {
          "start" : 1744938464221,
          "stop" : 1744938464587,
          "duration" : 366
        }
      }, {
        "uid" : "591ce9017f6a38fd",
        "reportUrl" : "https://lambotik.github.io/Oblache/375//#testresult/591ce9017f6a38fd",
        "status" : "failed",
        "statusDetails" : "AssertionError: Result is not equal expected value",
        "time" : {
          "start" : 1744852101605,
          "stop" : 1744852101997,
          "duration" : 392
        }
      } ]
    },
    "tags" : [ ]
  },
  "source" : "12499f41a13f9c6.json",
  "parameterValues" : [ ]
}