{
  "uid" : "9ce91c9c1d70b045",
  "name" : "POST checking ports_len negative len",
  "fullName" : "tests_api.test_bd.TestPOST#test_post_checking_ports_len_negative_len",
  "historyId" : "9489e2633e96acb1f0103e85b89d7a6f",
  "time" : {
    "start" : 1748913233737,
    "stop" : 1748913234150,
    "duration" : 413
  },
  "status" : "failed",
  "statusMessage" : "AssertionError: Result is not equal expected value",
  "statusTrace" : "self = <tests_api.test_bd.TestPOST object at 0x7f61f29140e0>\n\n    @allure.title('POST checking ports_len negative len')\n    def test_post_checking_ports_len_negative_len(self):\n        result = API.post_create_docker_container_checking_ports(\n            token=TestPOST.token,\n            port_len=\"80,81,82,83,84,85,86,87,88,89,90\")\n        Checking.check_status_code(result, 400)\n>       Checking.check_json_value(result, 'msg', 'msg[]: ports range is too wide')\n\ntests_api/test_bd.py:391: \n_ _ _ _ _ _ _ _ _ _ _ _ _ _ _ _ _ _ _ _ _ _ _ _ _ _ _ _ _ _ _ _ _ _ _ _ _ _ _ _ \n\nresponse = <Response [400]>, field_name = 'msg'\nexpected_value = 'msg[]: ports range is too wide'\n\n    @staticmethod\n    def check_json_value(response: requests.models.Response, field_name: str, expected_value):\n        \"\"\"\n        :param response: requests.models.Response\n        :param field_name:\n        :param expected_value:\n        \"\"\"\n        check = response.json()\n        check_info = check.get(field_name)\n        with allure.step(\n                f'Compare result request with expected value:'\n                f'\\nResponse: {response}\\nField name: {field_name}\\nValue: {expected_value}'):\n>           assert check_info == expected_value, 'Result is not equal expected value'\nE           AssertionError: Result is not equal expected value\n\ntests_api/utils/checking.py:57: AssertionError",
  "flaky" : false,
  "newFailed" : false,
  "beforeStages" : [ ],
  "testStage" : {
    "status" : "failed",
    "statusMessage" : "AssertionError: Result is not equal expected value",
    "statusTrace" : "self = <tests_api.test_bd.TestPOST object at 0x7f61f29140e0>\n\n    @allure.title('POST checking ports_len negative len')\n    def test_post_checking_ports_len_negative_len(self):\n        result = API.post_create_docker_container_checking_ports(\n            token=TestPOST.token,\n            port_len=\"80,81,82,83,84,85,86,87,88,89,90\")\n        Checking.check_status_code(result, 400)\n>       Checking.check_json_value(result, 'msg', 'msg[]: ports range is too wide')\n\ntests_api/test_bd.py:391: \n_ _ _ _ _ _ _ _ _ _ _ _ _ _ _ _ _ _ _ _ _ _ _ _ _ _ _ _ _ _ _ _ _ _ _ _ _ _ _ _ \n\nresponse = <Response [400]>, field_name = 'msg'\nexpected_value = 'msg[]: ports range is too wide'\n\n    @staticmethod\n    def check_json_value(response: requests.models.Response, field_name: str, expected_value):\n        \"\"\"\n        :param response: requests.models.Response\n        :param field_name:\n        :param expected_value:\n        \"\"\"\n        check = response.json()\n        check_info = check.get(field_name)\n        with allure.step(\n                f'Compare result request with expected value:'\n                f'\\nResponse: {response}\\nField name: {field_name}\\nValue: {expected_value}'):\n>           assert check_info == expected_value, 'Result is not equal expected value'\nE           AssertionError: Result is not equal expected value\n\ntests_api/utils/checking.py:57: AssertionError",
    "steps" : [ {
      "name" : "post_create_docker_container",
      "time" : {
        "start" : 1748913233737,
        "stop" : 1748913234150,
        "duration" : 413
      },
      "status" : "passed",
      "steps" : [ {
        "name" : "Endpoint: /container_create",
        "time" : {
          "start" : 1748913234150,
          "stop" : 1748913234150,
          "duration" : 0
        },
        "status" : "passed",
        "steps" : [ ],
        "attachments" : [ ],
        "parameters" : [ ],
        "stepsCount" : 0,
        "attachmentsCount" : 0,
        "shouldDisplayMessage" : false,
        "hasContent" : false
      }, {
        "name" : "Request:",
        "time" : {
          "start" : 1748913234150,
          "stop" : 1748913234150,
          "duration" : 0
        },
        "status" : "passed",
        "steps" : [ {
          "name" : "Headers: {'Content-Type': 'application/json', 'Authorization': {'64576074-ec90-4ad4-b840-e4e606e8e0b8'}}",
          "time" : {
            "start" : 1748913234150,
            "stop" : 1748913234150,
            "duration" : 0
          },
          "status" : "passed",
          "steps" : [ ],
          "attachments" : [ ],
          "parameters" : [ ],
          "stepsCount" : 0,
          "attachmentsCount" : 0,
          "shouldDisplayMessage" : false,
          "hasContent" : false
        }, {
          "name" : "Body: {\"docker_image\": \"nginx\", \"int_ports\": f\"80,81,82,83,84,85,86,87,88,89,90\", \"env\": 3, \"region\": 3}",
          "time" : {
            "start" : 1748913234150,
            "stop" : 1748913234150,
            "duration" : 0
          },
          "status" : "passed",
          "steps" : [ ],
          "attachments" : [ ],
          "parameters" : [ ],
          "stepsCount" : 0,
          "attachmentsCount" : 0,
          "shouldDisplayMessage" : false,
          "hasContent" : false
        } ],
        "attachments" : [ ],
        "parameters" : [ ],
        "stepsCount" : 2,
        "attachmentsCount" : 0,
        "shouldDisplayMessage" : false,
        "hasContent" : true
      }, {
        "name" : "Response:",
        "time" : {
          "start" : 1748913234150,
          "stop" : 1748913234150,
          "duration" : 0
        },
        "status" : "passed",
        "steps" : [ {
          "name" : "Status code: 400",
          "time" : {
            "start" : 1748913234150,
            "stop" : 1748913234150,
            "duration" : 0
          },
          "status" : "passed",
          "steps" : [ ],
          "attachments" : [ ],
          "parameters" : [ ],
          "stepsCount" : 0,
          "attachmentsCount" : 0,
          "shouldDisplayMessage" : false,
          "hasContent" : false
        }, {
          "name" : "JSON: {\n    \"msg_code\": -1,\n    \"msg\": \"endpoint is disabled\"\n}\n",
          "time" : {
            "start" : 1748913234150,
            "stop" : 1748913234150,
            "duration" : 0
          },
          "status" : "passed",
          "steps" : [ ],
          "attachments" : [ ],
          "parameters" : [ ],
          "stepsCount" : 0,
          "attachmentsCount" : 0,
          "shouldDisplayMessage" : false,
          "hasContent" : false
        } ],
        "attachments" : [ ],
        "parameters" : [ ],
        "stepsCount" : 2,
        "attachmentsCount" : 0,
        "shouldDisplayMessage" : false,
        "hasContent" : true
      } ],
      "attachments" : [ ],
      "parameters" : [ ],
      "stepsCount" : 7,
      "attachmentsCount" : 0,
      "shouldDisplayMessage" : false,
      "hasContent" : true
    }, {
      "name" : "Assert status code: 400 == Response status code: 400",
      "time" : {
        "start" : 1748913234150,
        "stop" : 1748913234150,
        "duration" : 0
      },
      "status" : "passed",
      "steps" : [ ],
      "attachments" : [ ],
      "parameters" : [ ],
      "stepsCount" : 0,
      "attachmentsCount" : 0,
      "shouldDisplayMessage" : false,
      "hasContent" : false
    }, {
      "name" : "Compare result request with expected value:\nResponse: <Response [400]>\nField name: msg\nValue: msg[]: ports range is too wide",
      "time" : {
        "start" : 1748913234150,
        "stop" : 1748913234150,
        "duration" : 0
      },
      "status" : "failed",
      "statusMessage" : "AssertionError: Result is not equal expected value\n",
      "statusTrace" : "  File \"/home/runner/work/Oblache/Oblache/tests_api/utils/checking.py\", line 57, in check_json_value\n    assert check_info == expected_value, 'Result is not equal expected value'\n           ^^^^^^^^^^^^^^^^^^^^^^^^^^^^\n",
      "steps" : [ ],
      "attachments" : [ ],
      "parameters" : [ ],
      "stepsCount" : 0,
      "attachmentsCount" : 0,
      "shouldDisplayMessage" : true,
      "hasContent" : true
    } ],
    "attachments" : [ ],
    "parameters" : [ ],
    "stepsCount" : 10,
    "attachmentsCount" : 0,
    "shouldDisplayMessage" : true,
    "hasContent" : true
  },
  "afterStages" : [ ],
  "labels" : [ {
    "name" : "suite",
    "value" : "POST"
  }, {
    "name" : "parentSuite",
    "value" : "tests_api"
  }, {
    "name" : "subSuite",
    "value" : "TestPOST"
  }, {
    "name" : "host",
    "value" : "pkrvmf6wy0o8zjz"
  }, {
    "name" : "thread",
    "value" : "2572-MainThread"
  }, {
    "name" : "framework",
    "value" : "pytest"
  }, {
    "name" : "language",
    "value" : "cpython3"
  }, {
    "name" : "package",
    "value" : "tests_api.test_bd"
  }, {
    "name" : "resultFormat",
    "value" : "allure2"
  } ],
  "parameters" : [ ],
  "links" : [ ],
  "hidden" : false,
  "retry" : false,
  "extra" : {
    "severity" : "normal",
    "retries" : [ ],
    "categories" : [ {
      "name" : "Product defects",
      "matchedStatuses" : [ ],
      "flaky" : false
    } ],
    "history" : {
      "statistic" : {
        "failed" : 171,
        "broken" : 0,
        "skipped" : 0,
        "passed" : 36,
        "unknown" : 0,
        "total" : 207
      },
      "items" : [ {
        "uid" : "2f454a1667b041ba",
        "reportUrl" : "https://lambotik.github.io/Oblache/421//#testresult/2f454a1667b041ba",
        "status" : "failed",
        "statusDetails" : "AssertionError: Result is not equal expected value",
        "time" : {
          "start" : 1748826914247,
          "stop" : 1748826914553,
          "duration" : 306
        }
      }, {
        "uid" : "91a761ca47e23399",
        "reportUrl" : "https://lambotik.github.io/Oblache/420//#testresult/91a761ca47e23399",
        "status" : "failed",
        "statusDetails" : "AssertionError: Incorrect status code: 504",
        "time" : {
          "start" : 1748744062577,
          "stop" : 1748744122967,
          "duration" : 60390
        }
      }, {
        "uid" : "919fbc3eb59de64b",
        "reportUrl" : "https://lambotik.github.io/Oblache/419//#testresult/919fbc3eb59de64b",
        "status" : "failed",
        "statusDetails" : "AssertionError: Incorrect status code: 504",
        "time" : {
          "start" : 1748656772423,
          "stop" : 1748656832936,
          "duration" : 60513
        }
      }, {
        "uid" : "b87bf28c56d0f2cc",
        "reportUrl" : "https://lambotik.github.io/Oblache/418//#testresult/b87bf28c56d0f2cc",
        "status" : "failed",
        "statusDetails" : "AssertionError: Incorrect status code: 504",
        "time" : {
          "start" : 1748570362830,
          "stop" : 1748570423161,
          "duration" : 60331
        }
      }, {
        "uid" : "88aa9876a8e5d09a",
        "reportUrl" : "https://lambotik.github.io/Oblache/417//#testresult/88aa9876a8e5d09a",
        "status" : "failed",
        "statusDetails" : "AssertionError: Result is not equal expected value",
        "time" : {
          "start" : 1748481142591,
          "stop" : 1748481142954,
          "duration" : 363
        }
      }, {
        "uid" : "ee63bde5d35fc533",
        "reportUrl" : "https://lambotik.github.io/Oblache/416//#testresult/ee63bde5d35fc533",
        "status" : "failed",
        "statusDetails" : "AssertionError: Result is not equal expected value",
        "time" : {
          "start" : 1748394750360,
          "stop" : 1748394750673,
          "duration" : 313
        }
      }, {
        "uid" : "4bd688c08e27a454",
        "reportUrl" : "https://lambotik.github.io/Oblache/415//#testresult/4bd688c08e27a454",
        "status" : "failed",
        "statusDetails" : "AssertionError: Result is not equal expected value",
        "time" : {
          "start" : 1748308260582,
          "stop" : 1748308260885,
          "duration" : 303
        }
      }, {
        "uid" : "20c46ad9cfef1f7b",
        "reportUrl" : "https://lambotik.github.io/Oblache/414//#testresult/20c46ad9cfef1f7b",
        "status" : "failed",
        "statusDetails" : "AssertionError: Result is not equal expected value",
        "time" : {
          "start" : 1748222012992,
          "stop" : 1748222013295,
          "duration" : 303
        }
      }, {
        "uid" : "84fa4c97dff935ce",
        "reportUrl" : "https://lambotik.github.io/Oblache/413//#testresult/84fa4c97dff935ce",
        "status" : "failed",
        "statusDetails" : "AssertionError: Result is not equal expected value",
        "time" : {
          "start" : 1748135892058,
          "stop" : 1748135892428,
          "duration" : 370
        }
      }, {
        "uid" : "646721035a2334f5",
        "reportUrl" : "https://lambotik.github.io/Oblache/412//#testresult/646721035a2334f5",
        "status" : "failed",
        "statusDetails" : "AssertionError: Result is not equal expected value",
        "time" : {
          "start" : 1748048948684,
          "stop" : 1748048949186,
          "duration" : 502
        }
      }, {
        "uid" : "fde1916f0b7c7c82",
        "reportUrl" : "https://lambotik.github.io/Oblache/411//#testresult/fde1916f0b7c7c82",
        "status" : "failed",
        "statusDetails" : "AssertionError: Result is not equal expected value",
        "time" : {
          "start" : 1747962690181,
          "stop" : 1747962690541,
          "duration" : 360
        }
      }, {
        "uid" : "cdbbd84202a6cec7",
        "reportUrl" : "https://lambotik.github.io/Oblache/410//#testresult/cdbbd84202a6cec7",
        "status" : "failed",
        "statusDetails" : "AssertionError: Result is not equal expected value",
        "time" : {
          "start" : 1747876298270,
          "stop" : 1747876298628,
          "duration" : 358
        }
      }, {
        "uid" : "1bac687e2b7728c4",
        "reportUrl" : "https://lambotik.github.io/Oblache/409//#testresult/1bac687e2b7728c4",
        "status" : "failed",
        "statusDetails" : "AssertionError: Result is not equal expected value",
        "time" : {
          "start" : 1747789935597,
          "stop" : 1747789935954,
          "duration" : 357
        }
      }, {
        "uid" : "aaaefd5c4d6ebcc9",
        "reportUrl" : "https://lambotik.github.io/Oblache/408//#testresult/aaaefd5c4d6ebcc9",
        "status" : "failed",
        "statusDetails" : "AssertionError: Result is not equal expected value",
        "time" : {
          "start" : 1747703566032,
          "stop" : 1747703566338,
          "duration" : 306
        }
      }, {
        "uid" : "a1674fb3546e8c5c",
        "reportUrl" : "https://lambotik.github.io/Oblache/407//#testresult/a1674fb3546e8c5c",
        "status" : "failed",
        "statusDetails" : "AssertionError: Result is not equal expected value",
        "time" : {
          "start" : 1747617280175,
          "stop" : 1747617280491,
          "duration" : 316
        }
      }, {
        "uid" : "5c44074bf4bbd8eb",
        "reportUrl" : "https://lambotik.github.io/Oblache/406//#testresult/5c44074bf4bbd8eb",
        "status" : "failed",
        "statusDetails" : "AssertionError: Result is not equal expected value",
        "time" : {
          "start" : 1747530976233,
          "stop" : 1747530976596,
          "duration" : 363
        }
      }, {
        "uid" : "4fd4bc51d16aba1",
        "reportUrl" : "https://lambotik.github.io/Oblache/405//#testresult/4fd4bc51d16aba1",
        "status" : "failed",
        "statusDetails" : "AssertionError: Result is not equal expected value",
        "time" : {
          "start" : 1747444220155,
          "stop" : 1747444220516,
          "duration" : 361
        }
      }, {
        "uid" : "a2daeda1961ebc00",
        "reportUrl" : "https://lambotik.github.io/Oblache/404//#testresult/a2daeda1961ebc00",
        "status" : "failed",
        "statusDetails" : "AssertionError: Result is not equal expected value",
        "time" : {
          "start" : 1747357920754,
          "stop" : 1747357921069,
          "duration" : 315
        }
      }, {
        "uid" : "9bdf9ba7154b45f9",
        "reportUrl" : "https://lambotik.github.io/Oblache/403//#testresult/9bdf9ba7154b45f9",
        "status" : "failed",
        "statusDetails" : "AssertionError: Result is not equal expected value",
        "time" : {
          "start" : 1747271315330,
          "stop" : 1747271315632,
          "duration" : 302
        }
      }, {
        "uid" : "65d6ce672567a5f5",
        "reportUrl" : "https://lambotik.github.io/Oblache/402//#testresult/65d6ce672567a5f5",
        "status" : "failed",
        "statusDetails" : "AssertionError: Result is not equal expected value",
        "time" : {
          "start" : 1747185060038,
          "stop" : 1747185060544,
          "duration" : 506
        }
      } ]
    },
    "tags" : [ ]
  },
  "source" : "9ce91c9c1d70b045.json",
  "parameterValues" : [ ]
}