{
  "uid" : "e30e28b866a520ad",
  "name" : "test order db create backup with wrong uuid",
  "fullName" : "tests_api.test_bd.TestBackup#test_order_db_create_backup_with_wrong_uuid",
  "historyId" : "bc5ef28400accd6488b5c9ca6e9589b9",
  "time" : {
    "start" : 1761702972062,
    "stop" : 1761702972370,
    "duration" : 308
  },
  "status" : "failed",
  "statusMessage" : "AssertionError: Result is not equal expected value",
  "statusTrace" : "self = <tests_api.test_bd.TestBackup object at 0x7fda0fcf5dc0>\nget_token_backup_1 = ('02449007-2a15-4935-ba89-58e62bbc4d7d', {'email': 'testbackup1@gmail.com', 'password': 'ZuOhK0WqZ3CJ8RPaf4dj'}, '066dc8a6-240f-701b-8000-a17ea063eafa')\n\n    @allure.title('test order db create backup with wrong uuid')\n    def test_order_db_create_backup_with_wrong_uuid(self, get_token_backup_1):\n        token, body, uuid = get_token_backup_1\n        response = API.post_db_backup_create(token=token, db_uuid='wrong uuid')\n        Checking.check_status_code(response, 400)\n>       Checking.check_json_value(\n            response, 'content', \"db either not exist, not in good shape or not belong to the user\")\n\ntests_api/test_bd.py:466: \n_ _ _ _ _ _ _ _ _ _ _ _ _ _ _ _ _ _ _ _ _ _ _ _ _ _ _ _ _ _ _ _ _ _ _ _ _ _ _ _ \n\nresponse = <Response [400]>, field_name = 'content'\nexpected_value = 'db either not exist, not in good shape or not belong to the user'\n\n    @staticmethod\n    def check_json_value(response: requests.models.Response, field_name: str, expected_value):\n        \"\"\"\n        :param response: requests.models.Response\n        :param field_name:\n        :param expected_value:\n        \"\"\"\n        check = response.json()\n        check_info = check.get(field_name)\n        with allure.step(\n                f'Compare result request with expected value:'\n                f'\\nResponse: {response}\\nField name: {field_name}\\nValue: {expected_value}'):\n>           assert check_info == expected_value, 'Result is not equal expected value'\nE           AssertionError: Result is not equal expected value\n\ntests_api/utils/checking.py:57: AssertionError",
  "flaky" : false,
  "newFailed" : false,
  "beforeStages" : [ {
    "name" : "get_token_backup_1",
    "time" : {
      "start" : 1761702971752,
      "stop" : 1761702972062,
      "duration" : 310
    },
    "status" : "passed",
    "steps" : [ {
      "name" : "Assert status code: 200 == Response status code: 200",
      "time" : {
        "start" : 1761702972062,
        "stop" : 1761702972062,
        "duration" : 0
      },
      "status" : "passed",
      "steps" : [ ],
      "attachments" : [ ],
      "parameters" : [ ],
      "stepsCount" : 0,
      "attachmentsCount" : 0,
      "shouldDisplayMessage" : false,
      "hasContent" : false
    } ],
    "attachments" : [ ],
    "parameters" : [ ],
    "stepsCount" : 1,
    "attachmentsCount" : 0,
    "shouldDisplayMessage" : false,
    "hasContent" : true
  } ],
  "testStage" : {
    "status" : "failed",
    "statusMessage" : "AssertionError: Result is not equal expected value",
    "statusTrace" : "self = <tests_api.test_bd.TestBackup object at 0x7fda0fcf5dc0>\nget_token_backup_1 = ('02449007-2a15-4935-ba89-58e62bbc4d7d', {'email': 'testbackup1@gmail.com', 'password': 'ZuOhK0WqZ3CJ8RPaf4dj'}, '066dc8a6-240f-701b-8000-a17ea063eafa')\n\n    @allure.title('test order db create backup with wrong uuid')\n    def test_order_db_create_backup_with_wrong_uuid(self, get_token_backup_1):\n        token, body, uuid = get_token_backup_1\n        response = API.post_db_backup_create(token=token, db_uuid='wrong uuid')\n        Checking.check_status_code(response, 400)\n>       Checking.check_json_value(\n            response, 'content', \"db either not exist, not in good shape or not belong to the user\")\n\ntests_api/test_bd.py:466: \n_ _ _ _ _ _ _ _ _ _ _ _ _ _ _ _ _ _ _ _ _ _ _ _ _ _ _ _ _ _ _ _ _ _ _ _ _ _ _ _ \n\nresponse = <Response [400]>, field_name = 'content'\nexpected_value = 'db either not exist, not in good shape or not belong to the user'\n\n    @staticmethod\n    def check_json_value(response: requests.models.Response, field_name: str, expected_value):\n        \"\"\"\n        :param response: requests.models.Response\n        :param field_name:\n        :param expected_value:\n        \"\"\"\n        check = response.json()\n        check_info = check.get(field_name)\n        with allure.step(\n                f'Compare result request with expected value:'\n                f'\\nResponse: {response}\\nField name: {field_name}\\nValue: {expected_value}'):\n>           assert check_info == expected_value, 'Result is not equal expected value'\nE           AssertionError: Result is not equal expected value\n\ntests_api/utils/checking.py:57: AssertionError",
    "steps" : [ {
      "name" : "Endpoint: /db_backup_create",
      "time" : {
        "start" : 1761702972370,
        "stop" : 1761702972370,
        "duration" : 0
      },
      "status" : "passed",
      "steps" : [ ],
      "attachments" : [ ],
      "parameters" : [ ],
      "stepsCount" : 0,
      "attachmentsCount" : 0,
      "shouldDisplayMessage" : false,
      "hasContent" : false
    }, {
      "name" : "Request:",
      "time" : {
        "start" : 1761702972370,
        "stop" : 1761702972370,
        "duration" : 0
      },
      "status" : "passed",
      "steps" : [ {
        "name" : "Headers: {'Content-Type': 'application/json', 'Authorization': {'02449007-2a15-4935-ba89-58e62bbc4d7d'}}",
        "time" : {
          "start" : 1761702972370,
          "stop" : 1761702972370,
          "duration" : 0
        },
        "status" : "passed",
        "steps" : [ ],
        "attachments" : [ ],
        "parameters" : [ ],
        "stepsCount" : 0,
        "attachmentsCount" : 0,
        "shouldDisplayMessage" : false,
        "hasContent" : false
      } ],
      "attachments" : [ ],
      "parameters" : [ ],
      "stepsCount" : 1,
      "attachmentsCount" : 0,
      "shouldDisplayMessage" : false,
      "hasContent" : true
    }, {
      "name" : "Response:",
      "time" : {
        "start" : 1761702972370,
        "stop" : 1761702972370,
        "duration" : 0
      },
      "status" : "passed",
      "steps" : [ {
        "name" : "Status code: 400",
        "time" : {
          "start" : 1761702972370,
          "stop" : 1761702972370,
          "duration" : 0
        },
        "status" : "passed",
        "steps" : [ ],
        "attachments" : [ ],
        "parameters" : [ ],
        "stepsCount" : 0,
        "attachmentsCount" : 0,
        "shouldDisplayMessage" : false,
        "hasContent" : false
      }, {
        "name" : "JSON: {\n    \"content\": \"db either not exist, not in good shape, or does not belong to the user\"\n}\n",
        "time" : {
          "start" : 1761702972370,
          "stop" : 1761702972370,
          "duration" : 0
        },
        "status" : "passed",
        "steps" : [ ],
        "attachments" : [ ],
        "parameters" : [ ],
        "stepsCount" : 0,
        "attachmentsCount" : 0,
        "shouldDisplayMessage" : false,
        "hasContent" : false
      } ],
      "attachments" : [ ],
      "parameters" : [ ],
      "stepsCount" : 2,
      "attachmentsCount" : 0,
      "shouldDisplayMessage" : false,
      "hasContent" : true
    }, {
      "name" : "Assert status code: 400 == Response status code: 400",
      "time" : {
        "start" : 1761702972370,
        "stop" : 1761702972370,
        "duration" : 0
      },
      "status" : "passed",
      "steps" : [ ],
      "attachments" : [ ],
      "parameters" : [ ],
      "stepsCount" : 0,
      "attachmentsCount" : 0,
      "shouldDisplayMessage" : false,
      "hasContent" : false
    }, {
      "name" : "Compare result request with expected value:\nResponse: <Response [400]>\nField name: content\nValue: db either not exist, not in good shape or not belong to the user",
      "time" : {
        "start" : 1761702972370,
        "stop" : 1761702972370,
        "duration" : 0
      },
      "status" : "failed",
      "statusMessage" : "AssertionError: Result is not equal expected value\n",
      "statusTrace" : "  File \"/home/runner/work/Oblache/Oblache/tests_api/utils/checking.py\", line 57, in check_json_value\n    assert check_info == expected_value, 'Result is not equal expected value'\n           ^^^^^^^^^^^^^^^^^^^^^^^^^^^^\n",
      "steps" : [ ],
      "attachments" : [ ],
      "parameters" : [ ],
      "stepsCount" : 0,
      "attachmentsCount" : 0,
      "shouldDisplayMessage" : true,
      "hasContent" : true
    } ],
    "attachments" : [ ],
    "parameters" : [ ],
    "stepsCount" : 8,
    "attachmentsCount" : 0,
    "shouldDisplayMessage" : true,
    "hasContent" : true
  },
  "afterStages" : [ ],
  "labels" : [ {
    "name" : "suite",
    "value" : "Test Backup"
  }, {
    "name" : "parentSuite",
    "value" : "tests_api"
  }, {
    "name" : "subSuite",
    "value" : "TestBackup"
  }, {
    "name" : "host",
    "value" : "runnervmwhb2z"
  }, {
    "name" : "thread",
    "value" : "2620-MainThread"
  }, {
    "name" : "framework",
    "value" : "pytest"
  }, {
    "name" : "language",
    "value" : "cpython3"
  }, {
    "name" : "package",
    "value" : "tests_api.test_bd"
  }, {
    "name" : "resultFormat",
    "value" : "allure2"
  } ],
  "parameters" : [ ],
  "links" : [ ],
  "hidden" : false,
  "retry" : false,
  "extra" : {
    "severity" : "normal",
    "retries" : [ ],
    "categories" : [ {
      "name" : "Product defects",
      "matchedStatuses" : [ ],
      "flaky" : false
    } ],
    "history" : {
      "statistic" : {
        "failed" : 106,
        "broken" : 1,
        "skipped" : 0,
        "passed" : 225,
        "unknown" : 0,
        "total" : 332
      },
      "items" : [ {
        "uid" : "6e1f87600fa81919",
        "reportUrl" : "https://lambotik.github.io/Oblache/546//#testresult/6e1f87600fa81919",
        "status" : "failed",
        "statusDetails" : "AssertionError: Incorrect status code: 500",
        "time" : {
          "start" : 1761616149572,
          "stop" : 1761616150034,
          "duration" : 462
        }
      }, {
        "uid" : "a5eb9af8d1398dee",
        "reportUrl" : "https://lambotik.github.io/Oblache/545//#testresult/a5eb9af8d1398dee",
        "status" : "failed",
        "statusDetails" : "AssertionError: Result is not equal expected value",
        "time" : {
          "start" : 1761530408678,
          "stop" : 1761530409032,
          "duration" : 354
        }
      }, {
        "uid" : "515bc5a3c84937bf",
        "reportUrl" : "https://lambotik.github.io/Oblache/544//#testresult/515bc5a3c84937bf",
        "status" : "failed",
        "statusDetails" : "AssertionError: Result is not equal expected value",
        "time" : {
          "start" : 1761443770533,
          "stop" : 1761443770967,
          "duration" : 434
        }
      }, {
        "uid" : "c28842997e6a06a6",
        "reportUrl" : "https://lambotik.github.io/Oblache/543//#testresult/c28842997e6a06a6",
        "status" : "failed",
        "statusDetails" : "AssertionError: Incorrect status code: 500",
        "time" : {
          "start" : 1761356830767,
          "stop" : 1761356831278,
          "duration" : 511
        }
      }, {
        "uid" : "b589b3877ae192bf",
        "reportUrl" : "https://lambotik.github.io/Oblache/542//#testresult/b589b3877ae192bf",
        "status" : "failed",
        "statusDetails" : "AssertionError: Incorrect status code: 500",
        "time" : {
          "start" : 1761270312477,
          "stop" : 1761270312852,
          "duration" : 375
        }
      }, {
        "uid" : "bd73dbd99189fa94",
        "reportUrl" : "https://lambotik.github.io/Oblache/541//#testresult/bd73dbd99189fa94",
        "status" : "failed",
        "statusDetails" : "AssertionError: Result is not equal expected value",
        "time" : {
          "start" : 1761184154274,
          "stop" : 1761184154627,
          "duration" : 353
        }
      }, {
        "uid" : "ad62f5cc02f2577c",
        "reportUrl" : "https://lambotik.github.io/Oblache/540//#testresult/ad62f5cc02f2577c",
        "status" : "failed",
        "statusDetails" : "AssertionError: Incorrect status code: 502",
        "time" : {
          "start" : 1761097999353,
          "stop" : 1761097999353,
          "duration" : 0
        }
      }, {
        "uid" : "15ae211e6fe647bd",
        "reportUrl" : "https://lambotik.github.io/Oblache/539//#testresult/15ae211e6fe647bd",
        "status" : "failed",
        "statusDetails" : "AssertionError: Incorrect status code: 502",
        "time" : {
          "start" : 1761011403978,
          "stop" : 1761011403978,
          "duration" : 0
        }
      }, {
        "uid" : "4b6391558fb91982",
        "reportUrl" : "https://lambotik.github.io/Oblache/538//#testresult/4b6391558fb91982",
        "status" : "failed",
        "statusDetails" : "AssertionError: Result is not equal expected value",
        "time" : {
          "start" : 1760925368960,
          "stop" : 1760925369269,
          "duration" : 309
        }
      }, {
        "uid" : "9d292ddd517fdb5b",
        "reportUrl" : "https://lambotik.github.io/Oblache/537//#testresult/9d292ddd517fdb5b",
        "status" : "failed",
        "statusDetails" : "AssertionError: Incorrect status code: 500",
        "time" : {
          "start" : 1760839149929,
          "stop" : 1760839150239,
          "duration" : 310
        }
      }, {
        "uid" : "9c1d8a89539a88c9",
        "reportUrl" : "https://lambotik.github.io/Oblache/536//#testresult/9c1d8a89539a88c9",
        "status" : "failed",
        "statusDetails" : "AssertionError: Incorrect status code: 500",
        "time" : {
          "start" : 1760751792926,
          "stop" : 1760751793362,
          "duration" : 436
        }
      }, {
        "uid" : "e66561c2a47309f9",
        "reportUrl" : "https://lambotik.github.io/Oblache/535//#testresult/e66561c2a47309f9",
        "status" : "failed",
        "statusDetails" : "AssertionError: Incorrect status code: 500",
        "time" : {
          "start" : 1760665632954,
          "stop" : 1760665633380,
          "duration" : 426
        }
      }, {
        "uid" : "f672764431d79082",
        "reportUrl" : "https://lambotik.github.io/Oblache/534//#testresult/f672764431d79082",
        "status" : "failed",
        "statusDetails" : "AssertionError: Incorrect status code: 500",
        "time" : {
          "start" : 1760579289538,
          "stop" : 1760579289892,
          "duration" : 354
        }
      }, {
        "uid" : "fa83efa46644d402",
        "reportUrl" : "https://lambotik.github.io/Oblache/533//#testresult/fa83efa46644d402",
        "status" : "failed",
        "statusDetails" : "AssertionError: Incorrect status code: 500",
        "time" : {
          "start" : 1760493013488,
          "stop" : 1760493013980,
          "duration" : 492
        }
      }, {
        "uid" : "ba324aba95b790b7",
        "reportUrl" : "https://lambotik.github.io/Oblache/532//#testresult/ba324aba95b790b7",
        "status" : "failed",
        "statusDetails" : "AssertionError: Incorrect status code: 500",
        "time" : {
          "start" : 1760406433067,
          "stop" : 1760406433371,
          "duration" : 304
        }
      }, {
        "uid" : "d93ebcbc76f5de0b",
        "reportUrl" : "https://lambotik.github.io/Oblache/531//#testresult/d93ebcbc76f5de0b",
        "status" : "failed",
        "statusDetails" : "AssertionError: Result is not equal expected value",
        "time" : {
          "start" : 1760320393301,
          "stop" : 1760320393610,
          "duration" : 309
        }
      }, {
        "uid" : "d78ddc8de2293ae0",
        "reportUrl" : "https://lambotik.github.io/Oblache/530//#testresult/d78ddc8de2293ae0",
        "status" : "failed",
        "statusDetails" : "AssertionError: Incorrect status code: 500",
        "time" : {
          "start" : 1760233815082,
          "stop" : 1760233815603,
          "duration" : 521
        }
      }, {
        "uid" : "ebcb9764818e9f86",
        "reportUrl" : "https://lambotik.github.io/Oblache/529//#testresult/ebcb9764818e9f86",
        "status" : "failed",
        "statusDetails" : "AssertionError: Incorrect status code: 500",
        "time" : {
          "start" : 1760146931338,
          "stop" : 1760146931709,
          "duration" : 371
        }
      }, {
        "uid" : "7adacbe24771bfef",
        "reportUrl" : "https://lambotik.github.io/Oblache/528//#testresult/7adacbe24771bfef",
        "status" : "failed",
        "statusDetails" : "AssertionError: Incorrect status code: 502",
        "time" : {
          "start" : 1760060771462,
          "stop" : 1760060771462,
          "duration" : 0
        }
      }, {
        "uid" : "95a3673a71582c38",
        "reportUrl" : "https://lambotik.github.io/Oblache/527//#testresult/95a3673a71582c38",
        "status" : "failed",
        "statusDetails" : "AssertionError: Incorrect status code: 502",
        "time" : {
          "start" : 1759974311714,
          "stop" : 1759974311714,
          "duration" : 0
        }
      } ]
    },
    "tags" : [ ]
  },
  "source" : "e30e28b866a520ad.json",
  "parameterValues" : [ ]
}