{
  "uid" : "f789c9ac61887cf1",
  "name" : "test_create_database",
  "fullName" : "tests_ui.test_ui.TestProfilePage#test_create_database",
  "historyId" : "4762f7b87391625d86f9ea8dbdd3b406",
  "time" : {
    "start" : 1761703009945,
    "stop" : 1761703013440,
    "duration" : 3495
  },
  "status" : "failed",
  "statusMessage" : "AssertionError: Message is not present.",
  "statusTrace" : "self = <tests_ui.test_ui.TestProfilePage object at 0x7fda0fc08d10>\ndriver = <selenium.webdriver.chrome.webdriver.WebDriver (session=\"2576921bdd944fa8887ae9aaee941e45\")>\nauthorization_user = None\n\n    @allure.title('test_create_database')\n    def test_create_database(self, driver, authorization_user):\n        page = ProfilePage(driver, authorization_user)\n>       page.compare_database_status()\n\ntests_ui/test_ui.py:83: \n_ _ _ _ _ _ _ _ _ _ _ _ _ _ _ _ _ _ _ _ _ _ _ _ _ _ _ _ _ _ _ _ _ _ _ _ _ _ _ _ \n\nself = <tests_ui.profile_page.ProfilePage object at 0x7fda0f364e60>\n\n    def compare_database_status(self):\n        self.click_button_status()\n        amount_databases = self.get_status_data()['db qty used']\n        self.click_button_databases()\n        self.click_buttons_create_new_db()\n        self.select_db_region_cis()\n        self.click_buttons_create()\n        msg = self.element_is_visible(self.locators.MSG_FROM_SERVER).text\n        # print(msg)\n        with allure.step(f'Check the message after clicking the create database button. MSG: {msg}'):\n            pass\n>       assert msg == 'Order for the new DB accepted', 'Message is not present.'\nE       AssertionError: Message is not present.\n\ntests_ui/profile_page.py:154: AssertionError",
  "flaky" : false,
  "newFailed" : false,
  "beforeStages" : [ {
    "name" : "authorization_user",
    "time" : {
      "start" : 1761703009448,
      "stop" : 1761703009945,
      "duration" : 497
    },
    "status" : "passed",
    "steps" : [ {
      "name" : "Open page: https://oblache.areso.pro/register.html",
      "time" : {
        "start" : 1761703009448,
        "stop" : 1761703009754,
        "duration" : 306
      },
      "status" : "passed",
      "steps" : [ ],
      "attachments" : [ ],
      "parameters" : [ ],
      "stepsCount" : 0,
      "attachmentsCount" : 0,
      "shouldDisplayMessage" : false,
      "hasContent" : false
    }, {
      "name" : "Login user",
      "time" : {
        "start" : 1761703009754,
        "stop" : 1761703009945,
        "duration" : 191
      },
      "status" : "passed",
      "steps" : [ {
        "name" : "Enter email.",
        "time" : {
          "start" : 1761703009754,
          "stop" : 1761703009813,
          "duration" : 59
        },
        "status" : "passed",
        "steps" : [ ],
        "attachments" : [ ],
        "parameters" : [ ],
        "stepsCount" : 0,
        "attachmentsCount" : 0,
        "shouldDisplayMessage" : false,
        "hasContent" : false
      }, {
        "name" : "Enter password.",
        "time" : {
          "start" : 1761703009813,
          "stop" : 1761703009857,
          "duration" : 44
        },
        "status" : "passed",
        "steps" : [ ],
        "attachments" : [ ],
        "parameters" : [ ],
        "stepsCount" : 0,
        "attachmentsCount" : 0,
        "shouldDisplayMessage" : false,
        "hasContent" : false
      }, {
        "name" : "Click button \"Login\"",
        "time" : {
          "start" : 1761703009857,
          "stop" : 1761703009942,
          "duration" : 85
        },
        "status" : "passed",
        "steps" : [ ],
        "attachments" : [ ],
        "parameters" : [ ],
        "stepsCount" : 0,
        "attachmentsCount" : 0,
        "shouldDisplayMessage" : false,
        "hasContent" : false
      }, {
        "name" : "Check url is present: https://oblache.areso.pro/register.html",
        "time" : {
          "start" : 1761703009942,
          "stop" : 1761703009945,
          "duration" : 3
        },
        "status" : "passed",
        "steps" : [ ],
        "attachments" : [ ],
        "parameters" : [ ],
        "stepsCount" : 0,
        "attachmentsCount" : 0,
        "shouldDisplayMessage" : false,
        "hasContent" : false
      } ],
      "attachments" : [ ],
      "parameters" : [ ],
      "stepsCount" : 4,
      "attachmentsCount" : 0,
      "shouldDisplayMessage" : false,
      "hasContent" : true
    } ],
    "attachments" : [ ],
    "parameters" : [ ],
    "stepsCount" : 6,
    "attachmentsCount" : 0,
    "shouldDisplayMessage" : false,
    "hasContent" : true
  }, {
    "name" : "driver",
    "time" : {
      "start" : 1761703009194,
      "stop" : 1761703009448,
      "duration" : 254
    },
    "status" : "passed",
    "steps" : [ ],
    "attachments" : [ ],
    "parameters" : [ ],
    "stepsCount" : 0,
    "attachmentsCount" : 0,
    "shouldDisplayMessage" : false,
    "hasContent" : false
  } ],
  "testStage" : {
    "status" : "failed",
    "statusMessage" : "AssertionError: Message is not present.",
    "statusTrace" : "self = <tests_ui.test_ui.TestProfilePage object at 0x7fda0fc08d10>\ndriver = <selenium.webdriver.chrome.webdriver.WebDriver (session=\"2576921bdd944fa8887ae9aaee941e45\")>\nauthorization_user = None\n\n    @allure.title('test_create_database')\n    def test_create_database(self, driver, authorization_user):\n        page = ProfilePage(driver, authorization_user)\n>       page.compare_database_status()\n\ntests_ui/test_ui.py:83: \n_ _ _ _ _ _ _ _ _ _ _ _ _ _ _ _ _ _ _ _ _ _ _ _ _ _ _ _ _ _ _ _ _ _ _ _ _ _ _ _ \n\nself = <tests_ui.profile_page.ProfilePage object at 0x7fda0f364e60>\n\n    def compare_database_status(self):\n        self.click_button_status()\n        amount_databases = self.get_status_data()['db qty used']\n        self.click_button_databases()\n        self.click_buttons_create_new_db()\n        self.select_db_region_cis()\n        self.click_buttons_create()\n        msg = self.element_is_visible(self.locators.MSG_FROM_SERVER).text\n        # print(msg)\n        with allure.step(f'Check the message after clicking the create database button. MSG: {msg}'):\n            pass\n>       assert msg == 'Order for the new DB accepted', 'Message is not present.'\nE       AssertionError: Message is not present.\n\ntests_ui/profile_page.py:154: AssertionError",
    "steps" : [ {
      "name" : "Click button Status.",
      "time" : {
        "start" : 1761703010945,
        "stop" : 1761703011015,
        "duration" : 70
      },
      "status" : "passed",
      "steps" : [ ],
      "attachments" : [ ],
      "parameters" : [ ],
      "stepsCount" : 0,
      "attachmentsCount" : 0,
      "shouldDisplayMessage" : false,
      "hasContent" : false
    }, {
      "name" : "Get status data.",
      "time" : {
        "start" : 1761703011552,
        "stop" : 1761703011552,
        "duration" : 0
      },
      "status" : "passed",
      "steps" : [ {
        "name" : "Status data is: {'Email:': 'test4@mail.com', 'is blocked?': '0', 'is db creation allowed?': '0', 'disk db quota, mb': '4', 'disk db used, mb': '9', 'db qty quota': '100', 'db qty used': '58', 'site qty quota': '5', 'site qty used': '0', 'site disk quota': '300', 'site disk usage': '0', 'is site deploy allowed?': '1', 'container qty quota': '1', 'container qty used': '1147', 'is container creation allowed': '0'}",
        "time" : {
          "start" : 1761703011552,
          "stop" : 1761703011552,
          "duration" : 0
        },
        "status" : "passed",
        "steps" : [ ],
        "attachments" : [ ],
        "parameters" : [ ],
        "stepsCount" : 0,
        "attachmentsCount" : 0,
        "shouldDisplayMessage" : false,
        "hasContent" : false
      } ],
      "attachments" : [ ],
      "parameters" : [ ],
      "stepsCount" : 1,
      "attachmentsCount" : 0,
      "shouldDisplayMessage" : false,
      "hasContent" : true
    }, {
      "name" : "Click \"Databases\" button.",
      "time" : {
        "start" : 1761703011552,
        "stop" : 1761703011617,
        "duration" : 65
      },
      "status" : "passed",
      "steps" : [ ],
      "attachments" : [ ],
      "parameters" : [ ],
      "stepsCount" : 0,
      "attachmentsCount" : 0,
      "shouldDisplayMessage" : false,
      "hasContent" : false
    }, {
      "name" : "Click \"Create new DB\" button.",
      "time" : {
        "start" : 1761703011617,
        "stop" : 1761703011684,
        "duration" : 67
      },
      "status" : "passed",
      "steps" : [ ],
      "attachments" : [ ],
      "parameters" : [ ],
      "stepsCount" : 0,
      "attachmentsCount" : 0,
      "shouldDisplayMessage" : false,
      "hasContent" : false
    }, {
      "name" : "Select region \"CIS\".",
      "time" : {
        "start" : 1761703011684,
        "stop" : 1761703012829,
        "duration" : 1145
      },
      "status" : "passed",
      "steps" : [ ],
      "attachments" : [ ],
      "parameters" : [ ],
      "stepsCount" : 0,
      "attachmentsCount" : 0,
      "shouldDisplayMessage" : false,
      "hasContent" : false
    }, {
      "name" : "Click \"Create\" button.",
      "time" : {
        "start" : 1761703012829,
        "stop" : 1761703012894,
        "duration" : 65
      },
      "status" : "passed",
      "steps" : [ ],
      "attachments" : [ ],
      "parameters" : [ ],
      "stepsCount" : 0,
      "attachmentsCount" : 0,
      "shouldDisplayMessage" : false,
      "hasContent" : false
    }, {
      "name" : "Check the message after clicking the create database button. MSG: you are not allowed to create new databases",
      "time" : {
        "start" : 1761703013440,
        "stop" : 1761703013440,
        "duration" : 0
      },
      "status" : "passed",
      "steps" : [ ],
      "attachments" : [ ],
      "parameters" : [ ],
      "stepsCount" : 0,
      "attachmentsCount" : 0,
      "shouldDisplayMessage" : false,
      "hasContent" : false
    } ],
    "attachments" : [ {
      "uid" : "621016e9b30e04d1",
      "name" : "Screenshot 2025-10-29 01:56:53.494261",
      "source" : "621016e9b30e04d1.png",
      "type" : "image/png",
      "size" : 31361
    } ],
    "parameters" : [ ],
    "stepsCount" : 8,
    "attachmentsCount" : 1,
    "shouldDisplayMessage" : true,
    "hasContent" : true
  },
  "afterStages" : [ {
    "name" : "driver::0",
    "time" : {
      "start" : 1761703013495,
      "stop" : 1761703013556,
      "duration" : 61
    },
    "status" : "passed",
    "steps" : [ ],
    "attachments" : [ ],
    "parameters" : [ ],
    "stepsCount" : 0,
    "attachmentsCount" : 0,
    "shouldDisplayMessage" : false,
    "hasContent" : false
  } ],
  "labels" : [ {
    "name" : "suite",
    "value" : "Test Profile Page."
  }, {
    "name" : "parentSuite",
    "value" : "tests_ui"
  }, {
    "name" : "subSuite",
    "value" : "TestProfilePage"
  }, {
    "name" : "host",
    "value" : "runnervmwhb2z"
  }, {
    "name" : "thread",
    "value" : "2620-MainThread"
  }, {
    "name" : "framework",
    "value" : "pytest"
  }, {
    "name" : "language",
    "value" : "cpython3"
  }, {
    "name" : "package",
    "value" : "tests_ui.test_ui"
  }, {
    "name" : "resultFormat",
    "value" : "allure2"
  } ],
  "parameters" : [ ],
  "links" : [ ],
  "hidden" : false,
  "retry" : false,
  "extra" : {
    "severity" : "normal",
    "retries" : [ ],
    "categories" : [ {
      "name" : "Product defects",
      "matchedStatuses" : [ ],
      "flaky" : false
    } ],
    "history" : {
      "statistic" : {
        "failed" : 21,
        "broken" : 302,
        "skipped" : 0,
        "passed" : 3,
        "unknown" : 0,
        "total" : 326
      },
      "items" : [ {
        "uid" : "42485c0c0e70bbef",
        "reportUrl" : "https://lambotik.github.io/Oblache/546//#testresult/42485c0c0e70bbef",
        "status" : "failed",
        "statusDetails" : "AssertionError: Message is not present.",
        "time" : {
          "start" : 1761616190682,
          "stop" : 1761616194206,
          "duration" : 3524
        }
      }, {
        "uid" : "df6e0cb5017e491a",
        "reportUrl" : "https://lambotik.github.io/Oblache/545//#testresult/df6e0cb5017e491a",
        "status" : "failed",
        "statusDetails" : "AssertionError: Message is not present.",
        "time" : {
          "start" : 1761530446772,
          "stop" : 1761530450233,
          "duration" : 3461
        }
      }, {
        "uid" : "57f4806952b2ba35",
        "reportUrl" : "https://lambotik.github.io/Oblache/544//#testresult/57f4806952b2ba35",
        "status" : "failed",
        "statusDetails" : "AssertionError: Message is not present.",
        "time" : {
          "start" : 1761443807263,
          "stop" : 1761443811325,
          "duration" : 4062
        }
      }, {
        "uid" : "cebdf8b5b5a330a6",
        "reportUrl" : "https://lambotik.github.io/Oblache/543//#testresult/cebdf8b5b5a330a6",
        "status" : "failed",
        "statusDetails" : "AssertionError: Message is not present.",
        "time" : {
          "start" : 1761356876037,
          "stop" : 1761356880417,
          "duration" : 4380
        }
      }, {
        "uid" : "63a2ada8dc2c27d1",
        "reportUrl" : "https://lambotik.github.io/Oblache/542//#testresult/63a2ada8dc2c27d1",
        "status" : "failed",
        "statusDetails" : "AssertionError: Message is not present.",
        "time" : {
          "start" : 1761270348299,
          "stop" : 1761270351826,
          "duration" : 3527
        }
      }, {
        "uid" : "e158e5bd731c8d0a",
        "reportUrl" : "https://lambotik.github.io/Oblache/541//#testresult/e158e5bd731c8d0a",
        "status" : "failed",
        "statusDetails" : "AssertionError: Message is not present.",
        "time" : {
          "start" : 1761184193844,
          "stop" : 1761184197385,
          "duration" : 3541
        }
      }, {
        "uid" : "44bc4a2ccc30766",
        "reportUrl" : "https://lambotik.github.io/Oblache/540//#testresult/44bc4a2ccc30766",
        "status" : "broken",
        "statusDetails" : "selenium.common.exceptions.TimeoutException: Message: Can't find element by locator ('xpath', '//button[@id=\"menu_button_status\"]')\nStacktrace:\n#0 0x559cd6c9cfba <unknown>\n#1 0x559cd67216d0 <unknown>\n#2 0x559cd67732aa <unknown>\n#3 0x559cd6773541 <unknown>\n#4 0x559cd67c16c4 <unknown>\n#5 0x559cd6798e5d <unknown>\n#6 0x559cd67beb54 <unknown>\n#7 0x559cd6798c03 <unknown>\n#8 0x559cd67657a8 <unknown>\n#9 0x559cd6766421 <unknown>\n#10 0x559cd6c61b28 <unknown>\n#11 0x559cd6c6587f <unknown>\n#12 0x559cd6c49c49 <unknown>\n#13 0x559cd6c66405 <unknown>\n#14 0x559cd6c2f4ff <unknown>\n#15 0x559cd6c8a258 <unknown>\n#16 0x559cd6c8a432 <unknown>\n#17 0x559cd6c9bfa3 <unknown>\n#18 0x7f439169caa4 <unknown>\n#19 0x7f4391729c6c <unknown>",
        "time" : {
          "start" : 1761098042781,
          "stop" : 1761098048875,
          "duration" : 6094
        }
      }, {
        "uid" : "91cd0ddd51e66fad",
        "reportUrl" : "https://lambotik.github.io/Oblache/539//#testresult/91cd0ddd51e66fad",
        "status" : "broken",
        "statusDetails" : "selenium.common.exceptions.TimeoutException: Message: Can't find element by locator ('xpath', '//button[@id=\"menu_button_status\"]')\nStacktrace:\n#0 0x56495e455fba <unknown>\n#1 0x56495deda6d0 <unknown>\n#2 0x56495df2c2aa <unknown>\n#3 0x56495df2c541 <unknown>\n#4 0x56495df7a6c4 <unknown>\n#5 0x56495df51e5d <unknown>\n#6 0x56495df77b54 <unknown>\n#7 0x56495df51c03 <unknown>\n#8 0x56495df1e7a8 <unknown>\n#9 0x56495df1f421 <unknown>\n#10 0x56495e41ab28 <unknown>\n#11 0x56495e41e87f <unknown>\n#12 0x56495e402c49 <unknown>\n#13 0x56495e41f405 <unknown>\n#14 0x56495e3e84ff <unknown>\n#15 0x56495e443258 <unknown>\n#16 0x56495e443432 <unknown>\n#17 0x56495e454fa3 <unknown>\n#18 0x7fac6e09caa4 <unknown>\n#19 0x7fac6e129c6c <unknown>",
        "time" : {
          "start" : 1761011438222,
          "stop" : 1761011444318,
          "duration" : 6096
        }
      }, {
        "uid" : "c69101b0387ed807",
        "reportUrl" : "https://lambotik.github.io/Oblache/538//#testresult/c69101b0387ed807",
        "status" : "broken",
        "statusDetails" : "selenium.common.exceptions.TimeoutException: Message: Can't find element by locator ('xpath', '//select[@id=\"selectDBRegion\"] /option[@value=\"3\"]')\nStacktrace:\n#0 0x558efa7fe67a <unknown>\n#1 0x558efa27d566 <unknown>\n#2 0x558efa2cf68d <unknown>\n#3 0x558efa2cf921 <unknown>\n#4 0x558efa31de94 <unknown>\n#5 0x558efa2f565d <unknown>\n#6 0x558efa31b328 <unknown>\n#7 0x558efa2f5403 <unknown>\n#8 0x558efa2c1b02 <unknown>\n#9 0x558efa2c27c1 <unknown>\n#10 0x558efa7c2448 <unknown>\n#11 0x558efa7c62af <unknown>\n#12 0x558efa7a98d9 <unknown>\n#13 0x558efa7c6e55 <unknown>\n#14 0x558efa78f13f <unknown>\n#15 0x558efa7eb4b8 <unknown>\n#16 0x558efa7eb693 <unknown>\n#17 0x558efa7fd613 <unknown>\n#18 0x7f4e3e89caa4 <unknown>\n#19 0x7f4e3e929c6c <unknown>",
        "time" : {
          "start" : 1760925404397,
          "stop" : 1760925411514,
          "duration" : 7117
        }
      }, {
        "uid" : "247dfe537210fcf6",
        "reportUrl" : "https://lambotik.github.io/Oblache/537//#testresult/247dfe537210fcf6",
        "status" : "failed",
        "statusDetails" : "AssertionError: Message is not present.",
        "time" : {
          "start" : 1760839200319,
          "stop" : 1760839204099,
          "duration" : 3780
        }
      }, {
        "uid" : "109905c504f1f758",
        "reportUrl" : "https://lambotik.github.io/Oblache/536//#testresult/109905c504f1f758",
        "status" : "failed",
        "statusDetails" : "AssertionError: Message is not present.",
        "time" : {
          "start" : 1760751848157,
          "stop" : 1760751852626,
          "duration" : 4469
        }
      }, {
        "uid" : "53f9c211bf45f68c",
        "reportUrl" : "https://lambotik.github.io/Oblache/535//#testresult/53f9c211bf45f68c",
        "status" : "failed",
        "statusDetails" : "AssertionError: Message is not present.",
        "time" : {
          "start" : 1760665672958,
          "stop" : 1760665677208,
          "duration" : 4250
        }
      }, {
        "uid" : "a45fb7255400b9fd",
        "reportUrl" : "https://lambotik.github.io/Oblache/534//#testresult/a45fb7255400b9fd",
        "status" : "failed",
        "statusDetails" : "AssertionError: Message is not present.",
        "time" : {
          "start" : 1760579326787,
          "stop" : 1760579330330,
          "duration" : 3543
        }
      }, {
        "uid" : "d416132519c0b4e0",
        "reportUrl" : "https://lambotik.github.io/Oblache/533//#testresult/d416132519c0b4e0",
        "status" : "failed",
        "statusDetails" : "AssertionError: Message is not present.",
        "time" : {
          "start" : 1760493055803,
          "stop" : 1760493060075,
          "duration" : 4272
        }
      }, {
        "uid" : "36c96d5840b35dae",
        "reportUrl" : "https://lambotik.github.io/Oblache/532//#testresult/36c96d5840b35dae",
        "status" : "failed",
        "statusDetails" : "AssertionError: Message is not present.",
        "time" : {
          "start" : 1760406473996,
          "stop" : 1760406477564,
          "duration" : 3568
        }
      }, {
        "uid" : "d0b96fafd9312198",
        "reportUrl" : "https://lambotik.github.io/Oblache/531//#testresult/d0b96fafd9312198",
        "status" : "failed",
        "statusDetails" : "AssertionError: Message is not present.",
        "time" : {
          "start" : 1760320423139,
          "stop" : 1760320426573,
          "duration" : 3434
        }
      }, {
        "uid" : "ef950f6bf12a7c62",
        "reportUrl" : "https://lambotik.github.io/Oblache/530//#testresult/ef950f6bf12a7c62",
        "status" : "failed",
        "statusDetails" : "AssertionError: Message is not present.",
        "time" : {
          "start" : 1760233858147,
          "stop" : 1760233862508,
          "duration" : 4361
        }
      }, {
        "uid" : "b117b3446d9cb182",
        "reportUrl" : "https://lambotik.github.io/Oblache/529//#testresult/b117b3446d9cb182",
        "status" : "failed",
        "statusDetails" : "AssertionError: Message is not present.",
        "time" : {
          "start" : 1760146970930,
          "stop" : 1760146974559,
          "duration" : 3629
        }
      }, {
        "uid" : "154db9380a816716",
        "reportUrl" : "https://lambotik.github.io/Oblache/528//#testresult/154db9380a816716",
        "status" : "broken",
        "statusDetails" : "selenium.common.exceptions.TimeoutException: Message: Can't find element by locator ('xpath', '//button[@id=\"menu_button_status\"]')\nStacktrace:\n#0 0x55bc53f54fba <unknown>\n#1 0x55bc539d96d0 <unknown>\n#2 0x55bc53a2b2aa <unknown>\n#3 0x55bc53a2b541 <unknown>\n#4 0x55bc53a796c4 <unknown>\n#5 0x55bc53a50e5d <unknown>\n#6 0x55bc53a76b54 <unknown>\n#7 0x55bc53a50c03 <unknown>\n#8 0x55bc53a1d7a8 <unknown>\n#9 0x55bc53a1e421 <unknown>\n#10 0x55bc53f19b28 <unknown>\n#11 0x55bc53f1d87f <unknown>\n#12 0x55bc53f01c49 <unknown>\n#13 0x55bc53f1e405 <unknown>\n#14 0x55bc53ee74ff <unknown>\n#15 0x55bc53f42258 <unknown>\n#16 0x55bc53f42432 <unknown>\n#17 0x55bc53f53fa3 <unknown>\n#18 0x7f5b6249caa4 <unknown>\n#19 0x7f5b62529c6c <unknown>",
        "time" : {
          "start" : 1760060808675,
          "stop" : 1760060814773,
          "duration" : 6098
        }
      }, {
        "uid" : "1c6733a11ec78b9b",
        "reportUrl" : "https://lambotik.github.io/Oblache/527//#testresult/1c6733a11ec78b9b",
        "status" : "broken",
        "statusDetails" : "selenium.common.exceptions.TimeoutException: Message: Can't find element by locator ('xpath', '//button[@id=\"menu_button_status\"]')\nStacktrace:\n#0 0x55753762bfba <unknown>\n#1 0x5575370b06d0 <unknown>\n#2 0x5575371022aa <unknown>\n#3 0x557537102541 <unknown>\n#4 0x5575371506c4 <unknown>\n#5 0x557537127e5d <unknown>\n#6 0x55753714db54 <unknown>\n#7 0x557537127c03 <unknown>\n#8 0x5575370f47a8 <unknown>\n#9 0x5575370f5421 <unknown>\n#10 0x5575375f0b28 <unknown>\n#11 0x5575375f487f <unknown>\n#12 0x5575375d8c49 <unknown>\n#13 0x5575375f5405 <unknown>\n#14 0x5575375be4ff <unknown>\n#15 0x557537619258 <unknown>\n#16 0x557537619432 <unknown>\n#17 0x55753762afa3 <unknown>\n#18 0x7f0c31e9caa4 <unknown>\n#19 0x7f0c31f29c6c <unknown>",
        "time" : {
          "start" : 1759974347357,
          "stop" : 1759974353452,
          "duration" : 6095
        }
      } ]
    },
    "tags" : [ ]
  },
  "source" : "f789c9ac61887cf1.json",
  "parameterValues" : [ ]
}