{
  "uid" : "fba1ec506c6a6348",
  "name" : "test order db create backup non-belonging db",
  "fullName" : "tests_api.test_bd.TestBackup#test_order_db_create_backup_non_belonging_db",
  "historyId" : "46162aec860d9e52ab8a1ce1fe9140b2",
  "time" : {
    "start" : 1761702973623,
    "stop" : 1761702973937,
    "duration" : 314
  },
  "status" : "failed",
  "statusMessage" : "AssertionError: Result is not equal expected value",
  "statusTrace" : "self = <tests_api.test_bd.TestBackup object at 0x7fda0fcf6000>\nget_token_backup_1 = ('f6e95a07-309b-4959-9e2c-ce01a698c5d9', {'email': 'testbackup1@gmail.com', 'password': 'ZuOhK0WqZ3CJ8RPaf4dj'}, '066dc8a6-240f-701b-8000-a17ea063eafa')\nget_token_backup_2 = ('c018902a-b60c-4517-90b4-582eb35625b6', {'email': 'testbackup2@gmail.com', 'password': 'gwqldBUEoNGUiBrKFeVv'}, '066dc8d1-2d0a-753b-8000-ba69b49e1e8c')\n\n    @allure.title('test order db create backup non-belonging db')\n    def test_order_db_create_backup_non_belonging_db(self, get_token_backup_1, get_token_backup_2):\n        token, body, uuid = get_token_backup_1\n        token_2, body_2, uuid_2 = get_token_backup_2\n        response = API.post_db_backup_create(token=token, db_uuid=uuid_2)\n        Checking.check_status_code(response, 400)\n>       Checking.check_json_value(\n            response, 'content', \"db either not exist, not in good shape or not belong to the user\")\n\ntests_api/test_bd.py:483: \n_ _ _ _ _ _ _ _ _ _ _ _ _ _ _ _ _ _ _ _ _ _ _ _ _ _ _ _ _ _ _ _ _ _ _ _ _ _ _ _ \n\nresponse = <Response [400]>, field_name = 'content'\nexpected_value = 'db either not exist, not in good shape or not belong to the user'\n\n    @staticmethod\n    def check_json_value(response: requests.models.Response, field_name: str, expected_value):\n        \"\"\"\n        :param response: requests.models.Response\n        :param field_name:\n        :param expected_value:\n        \"\"\"\n        check = response.json()\n        check_info = check.get(field_name)\n        with allure.step(\n                f'Compare result request with expected value:'\n                f'\\nResponse: {response}\\nField name: {field_name}\\nValue: {expected_value}'):\n>           assert check_info == expected_value, 'Result is not equal expected value'\nE           AssertionError: Result is not equal expected value\n\ntests_api/utils/checking.py:57: AssertionError",
  "flaky" : false,
  "newFailed" : false,
  "beforeStages" : [ {
    "name" : "get_token_backup_1",
    "time" : {
      "start" : 1761702972995,
      "stop" : 1761702973305,
      "duration" : 310
    },
    "status" : "passed",
    "steps" : [ {
      "name" : "Assert status code: 200 == Response status code: 200",
      "time" : {
        "start" : 1761702973305,
        "stop" : 1761702973305,
        "duration" : 0
      },
      "status" : "passed",
      "steps" : [ ],
      "attachments" : [ ],
      "parameters" : [ ],
      "stepsCount" : 0,
      "attachmentsCount" : 0,
      "shouldDisplayMessage" : false,
      "hasContent" : false
    } ],
    "attachments" : [ ],
    "parameters" : [ ],
    "stepsCount" : 1,
    "attachmentsCount" : 0,
    "shouldDisplayMessage" : false,
    "hasContent" : true
  }, {
    "name" : "get_token_backup_2",
    "time" : {
      "start" : 1761702973305,
      "stop" : 1761702973622,
      "duration" : 317
    },
    "status" : "passed",
    "steps" : [ {
      "name" : "Assert status code: 200 == Response status code: 200",
      "time" : {
        "start" : 1761702973622,
        "stop" : 1761702973622,
        "duration" : 0
      },
      "status" : "passed",
      "steps" : [ ],
      "attachments" : [ ],
      "parameters" : [ ],
      "stepsCount" : 0,
      "attachmentsCount" : 0,
      "shouldDisplayMessage" : false,
      "hasContent" : false
    } ],
    "attachments" : [ ],
    "parameters" : [ ],
    "stepsCount" : 1,
    "attachmentsCount" : 0,
    "shouldDisplayMessage" : false,
    "hasContent" : true
  } ],
  "testStage" : {
    "status" : "failed",
    "statusMessage" : "AssertionError: Result is not equal expected value",
    "statusTrace" : "self = <tests_api.test_bd.TestBackup object at 0x7fda0fcf6000>\nget_token_backup_1 = ('f6e95a07-309b-4959-9e2c-ce01a698c5d9', {'email': 'testbackup1@gmail.com', 'password': 'ZuOhK0WqZ3CJ8RPaf4dj'}, '066dc8a6-240f-701b-8000-a17ea063eafa')\nget_token_backup_2 = ('c018902a-b60c-4517-90b4-582eb35625b6', {'email': 'testbackup2@gmail.com', 'password': 'gwqldBUEoNGUiBrKFeVv'}, '066dc8d1-2d0a-753b-8000-ba69b49e1e8c')\n\n    @allure.title('test order db create backup non-belonging db')\n    def test_order_db_create_backup_non_belonging_db(self, get_token_backup_1, get_token_backup_2):\n        token, body, uuid = get_token_backup_1\n        token_2, body_2, uuid_2 = get_token_backup_2\n        response = API.post_db_backup_create(token=token, db_uuid=uuid_2)\n        Checking.check_status_code(response, 400)\n>       Checking.check_json_value(\n            response, 'content', \"db either not exist, not in good shape or not belong to the user\")\n\ntests_api/test_bd.py:483: \n_ _ _ _ _ _ _ _ _ _ _ _ _ _ _ _ _ _ _ _ _ _ _ _ _ _ _ _ _ _ _ _ _ _ _ _ _ _ _ _ \n\nresponse = <Response [400]>, field_name = 'content'\nexpected_value = 'db either not exist, not in good shape or not belong to the user'\n\n    @staticmethod\n    def check_json_value(response: requests.models.Response, field_name: str, expected_value):\n        \"\"\"\n        :param response: requests.models.Response\n        :param field_name:\n        :param expected_value:\n        \"\"\"\n        check = response.json()\n        check_info = check.get(field_name)\n        with allure.step(\n                f'Compare result request with expected value:'\n                f'\\nResponse: {response}\\nField name: {field_name}\\nValue: {expected_value}'):\n>           assert check_info == expected_value, 'Result is not equal expected value'\nE           AssertionError: Result is not equal expected value\n\ntests_api/utils/checking.py:57: AssertionError",
    "steps" : [ {
      "name" : "Endpoint: /db_backup_create",
      "time" : {
        "start" : 1761702973936,
        "stop" : 1761702973936,
        "duration" : 0
      },
      "status" : "passed",
      "steps" : [ ],
      "attachments" : [ ],
      "parameters" : [ ],
      "stepsCount" : 0,
      "attachmentsCount" : 0,
      "shouldDisplayMessage" : false,
      "hasContent" : false
    }, {
      "name" : "Request:",
      "time" : {
        "start" : 1761702973936,
        "stop" : 1761702973936,
        "duration" : 0
      },
      "status" : "passed",
      "steps" : [ {
        "name" : "Headers: {'Content-Type': 'application/json', 'Authorization': {'f6e95a07-309b-4959-9e2c-ce01a698c5d9'}}",
        "time" : {
          "start" : 1761702973936,
          "stop" : 1761702973936,
          "duration" : 0
        },
        "status" : "passed",
        "steps" : [ ],
        "attachments" : [ ],
        "parameters" : [ ],
        "stepsCount" : 0,
        "attachmentsCount" : 0,
        "shouldDisplayMessage" : false,
        "hasContent" : false
      } ],
      "attachments" : [ ],
      "parameters" : [ ],
      "stepsCount" : 1,
      "attachmentsCount" : 0,
      "shouldDisplayMessage" : false,
      "hasContent" : true
    }, {
      "name" : "Response:",
      "time" : {
        "start" : 1761702973936,
        "stop" : 1761702973936,
        "duration" : 0
      },
      "status" : "passed",
      "steps" : [ {
        "name" : "Status code: 400",
        "time" : {
          "start" : 1761702973936,
          "stop" : 1761702973936,
          "duration" : 0
        },
        "status" : "passed",
        "steps" : [ ],
        "attachments" : [ ],
        "parameters" : [ ],
        "stepsCount" : 0,
        "attachmentsCount" : 0,
        "shouldDisplayMessage" : false,
        "hasContent" : false
      }, {
        "name" : "JSON: {\n    \"content\": \"db either not exist, not in good shape, or does not belong to the user\"\n}\n",
        "time" : {
          "start" : 1761702973936,
          "stop" : 1761702973936,
          "duration" : 0
        },
        "status" : "passed",
        "steps" : [ ],
        "attachments" : [ ],
        "parameters" : [ ],
        "stepsCount" : 0,
        "attachmentsCount" : 0,
        "shouldDisplayMessage" : false,
        "hasContent" : false
      } ],
      "attachments" : [ ],
      "parameters" : [ ],
      "stepsCount" : 2,
      "attachmentsCount" : 0,
      "shouldDisplayMessage" : false,
      "hasContent" : true
    }, {
      "name" : "Assert status code: 400 == Response status code: 400",
      "time" : {
        "start" : 1761702973936,
        "stop" : 1761702973936,
        "duration" : 0
      },
      "status" : "passed",
      "steps" : [ ],
      "attachments" : [ ],
      "parameters" : [ ],
      "stepsCount" : 0,
      "attachmentsCount" : 0,
      "shouldDisplayMessage" : false,
      "hasContent" : false
    }, {
      "name" : "Compare result request with expected value:\nResponse: <Response [400]>\nField name: content\nValue: db either not exist, not in good shape or not belong to the user",
      "time" : {
        "start" : 1761702973936,
        "stop" : 1761702973936,
        "duration" : 0
      },
      "status" : "failed",
      "statusMessage" : "AssertionError: Result is not equal expected value\n",
      "statusTrace" : "  File \"/home/runner/work/Oblache/Oblache/tests_api/utils/checking.py\", line 57, in check_json_value\n    assert check_info == expected_value, 'Result is not equal expected value'\n           ^^^^^^^^^^^^^^^^^^^^^^^^^^^^\n",
      "steps" : [ ],
      "attachments" : [ ],
      "parameters" : [ ],
      "stepsCount" : 0,
      "attachmentsCount" : 0,
      "shouldDisplayMessage" : true,
      "hasContent" : true
    } ],
    "attachments" : [ ],
    "parameters" : [ ],
    "stepsCount" : 8,
    "attachmentsCount" : 0,
    "shouldDisplayMessage" : true,
    "hasContent" : true
  },
  "afterStages" : [ ],
  "labels" : [ {
    "name" : "suite",
    "value" : "Test Backup"
  }, {
    "name" : "parentSuite",
    "value" : "tests_api"
  }, {
    "name" : "subSuite",
    "value" : "TestBackup"
  }, {
    "name" : "host",
    "value" : "runnervmwhb2z"
  }, {
    "name" : "thread",
    "value" : "2620-MainThread"
  }, {
    "name" : "framework",
    "value" : "pytest"
  }, {
    "name" : "language",
    "value" : "cpython3"
  }, {
    "name" : "package",
    "value" : "tests_api.test_bd"
  }, {
    "name" : "resultFormat",
    "value" : "allure2"
  } ],
  "parameters" : [ ],
  "links" : [ ],
  "hidden" : false,
  "retry" : false,
  "extra" : {
    "severity" : "normal",
    "retries" : [ ],
    "categories" : [ {
      "name" : "Product defects",
      "matchedStatuses" : [ ],
      "flaky" : false
    } ],
    "history" : {
      "statistic" : {
        "failed" : 107,
        "broken" : 0,
        "skipped" : 0,
        "passed" : 225,
        "unknown" : 0,
        "total" : 332
      },
      "items" : [ {
        "uid" : "3a5bf233b7bffabd",
        "reportUrl" : "https://lambotik.github.io/Oblache/546//#testresult/3a5bf233b7bffabd",
        "status" : "failed",
        "statusDetails" : "AssertionError: Incorrect status code: 500",
        "time" : {
          "start" : 1761616151469,
          "stop" : 1761616151934,
          "duration" : 465
        }
      }, {
        "uid" : "2f9acd87cd22069d",
        "reportUrl" : "https://lambotik.github.io/Oblache/545//#testresult/2f9acd87cd22069d",
        "status" : "failed",
        "statusDetails" : "AssertionError: Result is not equal expected value",
        "time" : {
          "start" : 1761530410509,
          "stop" : 1761530410886,
          "duration" : 377
        }
      }, {
        "uid" : "e7fec755119d676f",
        "reportUrl" : "https://lambotik.github.io/Oblache/544//#testresult/e7fec755119d676f",
        "status" : "failed",
        "statusDetails" : "AssertionError: Result is not equal expected value",
        "time" : {
          "start" : 1761443772667,
          "stop" : 1761443773090,
          "duration" : 423
        }
      }, {
        "uid" : "a6bfa5ad8d9f2d48",
        "reportUrl" : "https://lambotik.github.io/Oblache/543//#testresult/a6bfa5ad8d9f2d48",
        "status" : "failed",
        "statusDetails" : "AssertionError: Incorrect status code: 500",
        "time" : {
          "start" : 1761356833314,
          "stop" : 1761356833813,
          "duration" : 499
        }
      }, {
        "uid" : "cb0c07ff5a5a8358",
        "reportUrl" : "https://lambotik.github.io/Oblache/542//#testresult/cb0c07ff5a5a8358",
        "status" : "failed",
        "statusDetails" : "AssertionError: Incorrect status code: 500",
        "time" : {
          "start" : 1761270314350,
          "stop" : 1761270314714,
          "duration" : 364
        }
      }, {
        "uid" : "f93850e7a01bd8ea",
        "reportUrl" : "https://lambotik.github.io/Oblache/541//#testresult/f93850e7a01bd8ea",
        "status" : "failed",
        "statusDetails" : "AssertionError: Result is not equal expected value",
        "time" : {
          "start" : 1761184156096,
          "stop" : 1761184156448,
          "duration" : 352
        }
      }, {
        "uid" : "d2975edb56908a3d",
        "reportUrl" : "https://lambotik.github.io/Oblache/540//#testresult/d2975edb56908a3d",
        "status" : "failed",
        "statusDetails" : "AssertionError: Incorrect status code: 502",
        "time" : {
          "start" : 1761098000305,
          "stop" : 1761098000305,
          "duration" : 0
        }
      }, {
        "uid" : "933763c36ccfa77c",
        "reportUrl" : "https://lambotik.github.io/Oblache/539//#testresult/933763c36ccfa77c",
        "status" : "failed",
        "statusDetails" : "AssertionError: Incorrect status code: 502",
        "time" : {
          "start" : 1761011404885,
          "stop" : 1761011404885,
          "duration" : 0
        }
      }, {
        "uid" : "e9489742537a0f86",
        "reportUrl" : "https://lambotik.github.io/Oblache/538//#testresult/e9489742537a0f86",
        "status" : "failed",
        "statusDetails" : "AssertionError: Result is not equal expected value",
        "time" : {
          "start" : 1760925370529,
          "stop" : 1760925370837,
          "duration" : 308
        }
      }, {
        "uid" : "d2395920d8ae915f",
        "reportUrl" : "https://lambotik.github.io/Oblache/537//#testresult/d2395920d8ae915f",
        "status" : "failed",
        "statusDetails" : "AssertionError: Incorrect status code: 500",
        "time" : {
          "start" : 1760839151496,
          "stop" : 1760839151809,
          "duration" : 313
        }
      }, {
        "uid" : "269362523377d64",
        "reportUrl" : "https://lambotik.github.io/Oblache/536//#testresult/269362523377d64",
        "status" : "failed",
        "statusDetails" : "AssertionError: Incorrect status code: 500",
        "time" : {
          "start" : 1760751795094,
          "stop" : 1760751795538,
          "duration" : 444
        }
      }, {
        "uid" : "44b6c7c5f598680f",
        "reportUrl" : "https://lambotik.github.io/Oblache/535//#testresult/44b6c7c5f598680f",
        "status" : "failed",
        "statusDetails" : "AssertionError: Incorrect status code: 500",
        "time" : {
          "start" : 1760665635113,
          "stop" : 1760665635537,
          "duration" : 424
        }
      }, {
        "uid" : "e6b231e2cf2cb48c",
        "reportUrl" : "https://lambotik.github.io/Oblache/534//#testresult/e6b231e2cf2cb48c",
        "status" : "failed",
        "statusDetails" : "AssertionError: Incorrect status code: 500",
        "time" : {
          "start" : 1760579291350,
          "stop" : 1760579291720,
          "duration" : 370
        }
      }, {
        "uid" : "37ca1a1ab59e85d5",
        "reportUrl" : "https://lambotik.github.io/Oblache/533//#testresult/37ca1a1ab59e85d5",
        "status" : "failed",
        "statusDetails" : "AssertionError: Incorrect status code: 500",
        "time" : {
          "start" : 1760493015983,
          "stop" : 1760493016485,
          "duration" : 502
        }
      }, {
        "uid" : "909401fa9c3458a8",
        "reportUrl" : "https://lambotik.github.io/Oblache/532//#testresult/909401fa9c3458a8",
        "status" : "failed",
        "statusDetails" : "AssertionError: Incorrect status code: 500",
        "time" : {
          "start" : 1760406434614,
          "stop" : 1760406434926,
          "duration" : 312
        }
      }, {
        "uid" : "edb2dfd86d3367c3",
        "reportUrl" : "https://lambotik.github.io/Oblache/531//#testresult/edb2dfd86d3367c3",
        "status" : "failed",
        "statusDetails" : "AssertionError: Result is not equal expected value",
        "time" : {
          "start" : 1760320394890,
          "stop" : 1760320395199,
          "duration" : 309
        }
      }, {
        "uid" : "93437701ee3ae1b2",
        "reportUrl" : "https://lambotik.github.io/Oblache/530//#testresult/93437701ee3ae1b2",
        "status" : "failed",
        "statusDetails" : "AssertionError: Incorrect status code: 500",
        "time" : {
          "start" : 1760233817622,
          "stop" : 1760233818145,
          "duration" : 523
        }
      }, {
        "uid" : "4df38dbbe86cb5f",
        "reportUrl" : "https://lambotik.github.io/Oblache/529//#testresult/4df38dbbe86cb5f",
        "status" : "failed",
        "statusDetails" : "AssertionError: Incorrect status code: 500",
        "time" : {
          "start" : 1760146933161,
          "stop" : 1760146933515,
          "duration" : 354
        }
      }, {
        "uid" : "8301f96d0e9b70a8",
        "reportUrl" : "https://lambotik.github.io/Oblache/528//#testresult/8301f96d0e9b70a8",
        "status" : "failed",
        "statusDetails" : "AssertionError: Incorrect status code: 502",
        "time" : {
          "start" : 1760060772143,
          "stop" : 1760060772143,
          "duration" : 0
        }
      }, {
        "uid" : "80c0c6fc71cdcccc",
        "reportUrl" : "https://lambotik.github.io/Oblache/527//#testresult/80c0c6fc71cdcccc",
        "status" : "failed",
        "statusDetails" : "AssertionError: Incorrect status code: 502",
        "time" : {
          "start" : 1759974312294,
          "stop" : 1759974312294,
          "duration" : 0
        }
      } ]
    },
    "tags" : [ ]
  },
  "source" : "fba1ec506c6a6348.json",
  "parameterValues" : [ ]
}