{
  "uid" : "ecfe6804858d283b",
  "name" : "POST checking ports_len negative range",
  "fullName" : "tests_api.test_bd.TestPOST#test_post_checking_ports_len_negative_range",
  "historyId" : "6a5e2b3a0040caf8e74db064b01d1684",
  "time" : {
    "start" : 1742259933751,
    "stop" : 1742259934257,
    "duration" : 506
  },
  "status" : "failed",
  "statusMessage" : "AssertionError: Result is not equal expected value",
  "statusTrace" : "self = <tests_api.test_bd.TestPOST object at 0x7f0a0424b710>\n\n    @allure.title('POST checking ports_len negative range')\n    def test_post_checking_ports_len_negative_range(self):\n        result = API.post_create_docker_container_checking_ports(\n            token=TestPOST.token,\n            port_len=\"80-90\")\n        Checking.check_status_code(result, 400)\n>       Checking.check_json_value(result, 'msg', 'msg[]: ports range is too wide')\n\ntests_api/test_bd.py:383: \n_ _ _ _ _ _ _ _ _ _ _ _ _ _ _ _ _ _ _ _ _ _ _ _ _ _ _ _ _ _ _ _ _ _ _ _ _ _ _ _ \n\nresponse = <Response [400]>, field_name = 'msg'\nexpected_value = 'msg[]: ports range is too wide'\n\n    @staticmethod\n    def check_json_value(response: requests.models.Response, field_name: str, expected_value):\n        \"\"\"\n        :param response: requests.models.Response\n        :param field_name:\n        :param expected_value:\n        \"\"\"\n        check = response.json()\n        check_info = check.get(field_name)\n        with allure.step(\n                f'Compare result request with expected value:'\n                f'\\nResponse: {response}\\nField name: {field_name}\\nValue: {expected_value}'):\n>           assert check_info == expected_value, 'Result is not equal expected value'\nE           AssertionError: Result is not equal expected value\n\ntests_api/utils/checking.py:57: AssertionError",
  "flaky" : false,
  "newFailed" : false,
  "beforeStages" : [ ],
  "testStage" : {
    "status" : "failed",
    "statusMessage" : "AssertionError: Result is not equal expected value",
    "statusTrace" : "self = <tests_api.test_bd.TestPOST object at 0x7f0a0424b710>\n\n    @allure.title('POST checking ports_len negative range')\n    def test_post_checking_ports_len_negative_range(self):\n        result = API.post_create_docker_container_checking_ports(\n            token=TestPOST.token,\n            port_len=\"80-90\")\n        Checking.check_status_code(result, 400)\n>       Checking.check_json_value(result, 'msg', 'msg[]: ports range is too wide')\n\ntests_api/test_bd.py:383: \n_ _ _ _ _ _ _ _ _ _ _ _ _ _ _ _ _ _ _ _ _ _ _ _ _ _ _ _ _ _ _ _ _ _ _ _ _ _ _ _ \n\nresponse = <Response [400]>, field_name = 'msg'\nexpected_value = 'msg[]: ports range is too wide'\n\n    @staticmethod\n    def check_json_value(response: requests.models.Response, field_name: str, expected_value):\n        \"\"\"\n        :param response: requests.models.Response\n        :param field_name:\n        :param expected_value:\n        \"\"\"\n        check = response.json()\n        check_info = check.get(field_name)\n        with allure.step(\n                f'Compare result request with expected value:'\n                f'\\nResponse: {response}\\nField name: {field_name}\\nValue: {expected_value}'):\n>           assert check_info == expected_value, 'Result is not equal expected value'\nE           AssertionError: Result is not equal expected value\n\ntests_api/utils/checking.py:57: AssertionError",
    "steps" : [ {
      "name" : "post_create_docker_container",
      "time" : {
        "start" : 1742259933751,
        "stop" : 1742259934256,
        "duration" : 505
      },
      "status" : "passed",
      "steps" : [ {
        "name" : "Endpoint: /container_create",
        "time" : {
          "start" : 1742259934256,
          "stop" : 1742259934256,
          "duration" : 0
        },
        "status" : "passed",
        "steps" : [ ],
        "attachments" : [ ],
        "parameters" : [ ],
        "stepsCount" : 0,
        "attachmentsCount" : 0,
        "shouldDisplayMessage" : false,
        "hasContent" : false
      }, {
        "name" : "Request:",
        "time" : {
          "start" : 1742259934256,
          "stop" : 1742259934256,
          "duration" : 0
        },
        "status" : "passed",
        "steps" : [ {
          "name" : "Headers: {'Content-Type': 'application/json', 'Authorization': '5e98829c-4e31-46af-9366-183c2573917b'}",
          "time" : {
            "start" : 1742259934256,
            "stop" : 1742259934256,
            "duration" : 0
          },
          "status" : "passed",
          "steps" : [ ],
          "attachments" : [ ],
          "parameters" : [ ],
          "stepsCount" : 0,
          "attachmentsCount" : 0,
          "shouldDisplayMessage" : false,
          "hasContent" : false
        }, {
          "name" : "Body: {\"docker_image\": \"nginx\", \"int_ports\": f\"80-90\", \"env\": 3, \"region\": 3}",
          "time" : {
            "start" : 1742259934256,
            "stop" : 1742259934256,
            "duration" : 0
          },
          "status" : "passed",
          "steps" : [ ],
          "attachments" : [ ],
          "parameters" : [ ],
          "stepsCount" : 0,
          "attachmentsCount" : 0,
          "shouldDisplayMessage" : false,
          "hasContent" : false
        } ],
        "attachments" : [ ],
        "parameters" : [ ],
        "stepsCount" : 2,
        "attachmentsCount" : 0,
        "shouldDisplayMessage" : false,
        "hasContent" : true
      }, {
        "name" : "Response:",
        "time" : {
          "start" : 1742259934256,
          "stop" : 1742259934256,
          "duration" : 0
        },
        "status" : "passed",
        "steps" : [ {
          "name" : "Status code: 400",
          "time" : {
            "start" : 1742259934256,
            "stop" : 1742259934256,
            "duration" : 0
          },
          "status" : "passed",
          "steps" : [ ],
          "attachments" : [ ],
          "parameters" : [ ],
          "stepsCount" : 0,
          "attachmentsCount" : 0,
          "shouldDisplayMessage" : false,
          "hasContent" : false
        }, {
          "name" : "JSON: {\n    \"msg_code\": -1,\n    \"msg\": \"endpoint is disabled\"\n}\n",
          "time" : {
            "start" : 1742259934256,
            "stop" : 1742259934256,
            "duration" : 0
          },
          "status" : "passed",
          "steps" : [ ],
          "attachments" : [ ],
          "parameters" : [ ],
          "stepsCount" : 0,
          "attachmentsCount" : 0,
          "shouldDisplayMessage" : false,
          "hasContent" : false
        } ],
        "attachments" : [ ],
        "parameters" : [ ],
        "stepsCount" : 2,
        "attachmentsCount" : 0,
        "shouldDisplayMessage" : false,
        "hasContent" : true
      } ],
      "attachments" : [ ],
      "parameters" : [ ],
      "stepsCount" : 7,
      "attachmentsCount" : 0,
      "shouldDisplayMessage" : false,
      "hasContent" : true
    }, {
      "name" : "Assert status code: 400 == Response status code: 400",
      "time" : {
        "start" : 1742259934256,
        "stop" : 1742259934256,
        "duration" : 0
      },
      "status" : "passed",
      "steps" : [ ],
      "attachments" : [ ],
      "parameters" : [ ],
      "stepsCount" : 0,
      "attachmentsCount" : 0,
      "shouldDisplayMessage" : false,
      "hasContent" : false
    }, {
      "name" : "Compare result request with expected value:\nResponse: <Response [400]>\nField name: msg\nValue: msg[]: ports range is too wide",
      "time" : {
        "start" : 1742259934256,
        "stop" : 1742259934256,
        "duration" : 0
      },
      "status" : "failed",
      "statusMessage" : "AssertionError: Result is not equal expected value\n",
      "statusTrace" : "  File \"/home/runner/work/Oblache/Oblache/tests_api/utils/checking.py\", line 57, in check_json_value\n    assert check_info == expected_value, 'Result is not equal expected value'\n           ^^^^^^^^^^^^^^^^^^^^^^^^^^^^\n",
      "steps" : [ ],
      "attachments" : [ ],
      "parameters" : [ ],
      "stepsCount" : 0,
      "attachmentsCount" : 0,
      "shouldDisplayMessage" : true,
      "hasContent" : true
    } ],
    "attachments" : [ ],
    "parameters" : [ ],
    "stepsCount" : 10,
    "attachmentsCount" : 0,
    "shouldDisplayMessage" : true,
    "hasContent" : true
  },
  "afterStages" : [ ],
  "labels" : [ {
    "name" : "suite",
    "value" : "POST"
  }, {
    "name" : "parentSuite",
    "value" : "tests_api"
  }, {
    "name" : "subSuite",
    "value" : "TestPOST"
  }, {
    "name" : "host",
    "value" : "fv-az1279-995"
  }, {
    "name" : "thread",
    "value" : "2462-MainThread"
  }, {
    "name" : "framework",
    "value" : "pytest"
  }, {
    "name" : "language",
    "value" : "cpython3"
  }, {
    "name" : "package",
    "value" : "tests_api.test_bd"
  }, {
    "name" : "resultFormat",
    "value" : "allure2"
  } ],
  "parameters" : [ ],
  "links" : [ ],
  "hidden" : false,
  "retry" : false,
  "extra" : {
    "severity" : "normal",
    "retries" : [ ],
    "categories" : [ {
      "name" : "Product defects",
      "matchedStatuses" : [ ],
      "flaky" : false
    } ],
    "history" : {
      "statistic" : {
        "failed" : 97,
        "broken" : 0,
        "skipped" : 0,
        "passed" : 36,
        "unknown" : 0,
        "total" : 133
      },
      "items" : [ {
        "uid" : "fff1052d47a1271e",
        "reportUrl" : "https://lambotik.github.io/Oblache/344//#testresult/fff1052d47a1271e",
        "status" : "failed",
        "statusDetails" : "AssertionError: Result is not equal expected value",
        "time" : {
          "start" : 1742173652287,
          "stop" : 1742173652593,
          "duration" : 306
        }
      }, {
        "uid" : "b8bd40082737af50",
        "reportUrl" : "https://lambotik.github.io/Oblache/343//#testresult/b8bd40082737af50",
        "status" : "failed",
        "statusDetails" : "AssertionError: Result is not equal expected value",
        "time" : {
          "start" : 1742087462867,
          "stop" : 1742087463375,
          "duration" : 508
        }
      }, {
        "uid" : "b9287805cfe75bd4",
        "reportUrl" : "https://lambotik.github.io/Oblache/342//#testresult/b9287805cfe75bd4",
        "status" : "failed",
        "statusDetails" : "AssertionError: Result is not equal expected value",
        "time" : {
          "start" : 1742000636122,
          "stop" : 1742000636437,
          "duration" : 315
        }
      }, {
        "uid" : "925786ed6d664c98",
        "reportUrl" : "https://lambotik.github.io/Oblache/341//#testresult/925786ed6d664c98",
        "status" : "failed",
        "statusDetails" : "AssertionError: Result is not equal expected value",
        "time" : {
          "start" : 1741914276733,
          "stop" : 1741914277044,
          "duration" : 311
        }
      }, {
        "uid" : "e2c3c09c7c242ca3",
        "reportUrl" : "https://lambotik.github.io/Oblache/340//#testresult/e2c3c09c7c242ca3",
        "status" : "failed",
        "statusDetails" : "AssertionError: Result is not equal expected value",
        "time" : {
          "start" : 1741827944165,
          "stop" : 1741827944683,
          "duration" : 518
        }
      }, {
        "uid" : "4f1c8f8a2902e1e5",
        "reportUrl" : "https://lambotik.github.io/Oblache/339//#testresult/4f1c8f8a2902e1e5",
        "status" : "failed",
        "statusDetails" : "AssertionError: Result is not equal expected value",
        "time" : {
          "start" : 1741741482509,
          "stop" : 1741741483019,
          "duration" : 510
        }
      }, {
        "uid" : "f84240c91bf98e05",
        "reportUrl" : "https://lambotik.github.io/Oblache/338//#testresult/f84240c91bf98e05",
        "status" : "failed",
        "statusDetails" : "AssertionError: Result is not equal expected value",
        "time" : {
          "start" : 1741655115565,
          "stop" : 1741655115868,
          "duration" : 303
        }
      }, {
        "uid" : "80524b73b54538b9",
        "reportUrl" : "https://lambotik.github.io/Oblache/337//#testresult/80524b73b54538b9",
        "status" : "failed",
        "statusDetails" : "AssertionError: Result is not equal expected value",
        "time" : {
          "start" : 1741568141482,
          "stop" : 1741568142011,
          "duration" : 529
        }
      }, {
        "uid" : "c0f76c2b0c8af6a1",
        "reportUrl" : "https://lambotik.github.io/Oblache/336//#testresult/c0f76c2b0c8af6a1",
        "status" : "failed",
        "statusDetails" : "AssertionError: Result is not equal expected value",
        "time" : {
          "start" : 1741481799961,
          "stop" : 1741481800341,
          "duration" : 380
        }
      }, {
        "uid" : "d4f38bb943f456d3",
        "reportUrl" : "https://lambotik.github.io/Oblache/335//#testresult/d4f38bb943f456d3",
        "status" : "failed",
        "statusDetails" : "AssertionError: Result is not equal expected value",
        "time" : {
          "start" : 1741395125003,
          "stop" : 1741395125319,
          "duration" : 316
        }
      }, {
        "uid" : "457abbee399106aa",
        "reportUrl" : "https://lambotik.github.io/Oblache/334//#testresult/457abbee399106aa",
        "status" : "failed",
        "statusDetails" : "AssertionError: Result is not equal expected value",
        "time" : {
          "start" : 1741309527781,
          "stop" : 1741309528284,
          "duration" : 503
        }
      }, {
        "uid" : "e62c7bf5951c81cb",
        "reportUrl" : "https://lambotik.github.io/Oblache/23//#testresult/e62c7bf5951c81cb",
        "status" : "failed",
        "statusDetails" : "AssertionError: Result is not equal expected value",
        "time" : {
          "start" : 1741273263609,
          "stop" : 1741273264140,
          "duration" : 531
        }
      }, {
        "uid" : "80eb0f5a9b12e4ee",
        "reportUrl" : "https://lambotik.github.io/Oblache/22//#testresult/80eb0f5a9b12e4ee",
        "status" : "failed",
        "statusDetails" : "AssertionError: Result is not equal expected value",
        "time" : {
          "start" : 1741273016032,
          "stop" : 1741273016338,
          "duration" : 306
        }
      }, {
        "uid" : "1eba4c7f50bbf68f",
        "reportUrl" : "https://lambotik.github.io/Oblache/21//#testresult/1eba4c7f50bbf68f",
        "status" : "failed",
        "statusDetails" : "AssertionError: Result is not equal expected value",
        "time" : {
          "start" : 1741272403224,
          "stop" : 1741272403535,
          "duration" : 311
        }
      }, {
        "uid" : "ddce5905ec7f9673",
        "reportUrl" : "https://lambotik.github.io/Oblache/20//#testresult/ddce5905ec7f9673",
        "status" : "failed",
        "statusDetails" : "AssertionError: Result is not equal expected value",
        "time" : {
          "start" : 1741271080247,
          "stop" : 1741271080776,
          "duration" : 529
        }
      }, {
        "uid" : "aa9ba049f494d4b9",
        "reportUrl" : "https://lambotik.github.io/Oblache/19//#testresult/aa9ba049f494d4b9",
        "status" : "failed",
        "statusDetails" : "AssertionError: Result is not equal expected value",
        "time" : {
          "start" : 1741270261721,
          "stop" : 1741270262239,
          "duration" : 518
        }
      }, {
        "uid" : "c62f88dc070e67c1",
        "reportUrl" : "https://lambotik.github.io/Oblache/333//#testresult/c62f88dc070e67c1",
        "status" : "failed",
        "statusDetails" : "AssertionError: Result is not equal expected value",
        "time" : {
          "start" : 1741223078362,
          "stop" : 1741223078667,
          "duration" : 305
        }
      }, {
        "uid" : "670ddfdbbabf820",
        "reportUrl" : "https://lambotik.github.io/Oblache/332//#testresult/670ddfdbbabf820",
        "status" : "failed",
        "statusDetails" : "AssertionError: Result is not equal expected value",
        "time" : {
          "start" : 1741136678958,
          "stop" : 1741136679266,
          "duration" : 308
        }
      }, {
        "uid" : "133ff942587b6e4a",
        "reportUrl" : "https://lambotik.github.io/Oblache/331//#testresult/133ff942587b6e4a",
        "status" : "failed",
        "statusDetails" : "AssertionError: Result is not equal expected value",
        "time" : {
          "start" : 1741050275507,
          "stop" : 1741050275821,
          "duration" : 314
        }
      }, {
        "uid" : "ba0f8e04f377653a",
        "reportUrl" : "https://lambotik.github.io/Oblache/330//#testresult/ba0f8e04f377653a",
        "status" : "failed",
        "statusDetails" : "AssertionError: Result is not equal expected value",
        "time" : {
          "start" : 1740963966209,
          "stop" : 1740963966580,
          "duration" : 371
        }
      } ]
    },
    "tags" : [ ]
  },
  "source" : "ecfe6804858d283b.json",
  "parameterValues" : [ ]
}