{
  "uid" : "9f233abb061eec51",
  "name" : "test_create_database",
  "fullName" : "tests_ui.test_ui.TestProfilePage#test_create_database",
  "historyId" : "4762f7b87391625d86f9ea8dbdd3b406",
  "time" : {
    "start" : 1759542113500,
    "stop" : 1759542117086,
    "duration" : 3586
  },
  "status" : "failed",
  "statusMessage" : "AssertionError: Message is not present.",
  "statusTrace" : "self = <tests_ui.test_ui.TestProfilePage object at 0x7fcdbeb794f0>\ndriver = <selenium.webdriver.chrome.webdriver.WebDriver (session=\"da58713ff09bce6d5d415c40b2fec3aa\")>\nauthorization_user = None\n\n    @allure.title('test_create_database')\n    def test_create_database(self, driver, authorization_user):\n        page = ProfilePage(driver, authorization_user)\n>       page.compare_database_status()\n\ntests_ui/test_ui.py:83: \n_ _ _ _ _ _ _ _ _ _ _ _ _ _ _ _ _ _ _ _ _ _ _ _ _ _ _ _ _ _ _ _ _ _ _ _ _ _ _ _ \n\nself = <tests_ui.profile_page.ProfilePage object at 0x7fcdbeb7ae70>\n\n    def compare_database_status(self):\n        self.click_button_status()\n        amount_databases = self.get_status_data()['db qty used']\n        self.click_button_databases()\n        self.click_buttons_create_new_db()\n        self.select_db_region_cis()\n        self.click_buttons_create()\n        msg = self.element_is_visible(self.locators.MSG_FROM_SERVER).text\n        # print(msg)\n        with allure.step(f'Check the message after clicking the create database button. MSG: {msg}'):\n            pass\n>       assert msg == 'Order for the new DB accepted', 'Message is not present.'\nE       AssertionError: Message is not present.\n\ntests_ui/profile_page.py:154: AssertionError",
  "flaky" : false,
  "newFailed" : false,
  "beforeStages" : [ {
    "name" : "driver",
    "time" : {
      "start" : 1759542112593,
      "stop" : 1759542112863,
      "duration" : 270
    },
    "status" : "passed",
    "steps" : [ ],
    "attachments" : [ ],
    "parameters" : [ ],
    "stepsCount" : 0,
    "attachmentsCount" : 0,
    "shouldDisplayMessage" : false,
    "hasContent" : false
  }, {
    "name" : "authorization_user",
    "time" : {
      "start" : 1759542112863,
      "stop" : 1759542113500,
      "duration" : 637
    },
    "status" : "passed",
    "steps" : [ {
      "name" : "Open page: https://oblache.areso.pro/register.html",
      "time" : {
        "start" : 1759542112863,
        "stop" : 1759542113306,
        "duration" : 443
      },
      "status" : "passed",
      "steps" : [ ],
      "attachments" : [ ],
      "parameters" : [ ],
      "stepsCount" : 0,
      "attachmentsCount" : 0,
      "shouldDisplayMessage" : false,
      "hasContent" : false
    }, {
      "name" : "Login user",
      "time" : {
        "start" : 1759542113306,
        "stop" : 1759542113500,
        "duration" : 194
      },
      "status" : "passed",
      "steps" : [ {
        "name" : "Enter email.",
        "time" : {
          "start" : 1759542113306,
          "stop" : 1759542113367,
          "duration" : 61
        },
        "status" : "passed",
        "steps" : [ ],
        "attachments" : [ ],
        "parameters" : [ ],
        "stepsCount" : 0,
        "attachmentsCount" : 0,
        "shouldDisplayMessage" : false,
        "hasContent" : false
      }, {
        "name" : "Enter password.",
        "time" : {
          "start" : 1759542113367,
          "stop" : 1759542113411,
          "duration" : 44
        },
        "status" : "passed",
        "steps" : [ ],
        "attachments" : [ ],
        "parameters" : [ ],
        "stepsCount" : 0,
        "attachmentsCount" : 0,
        "shouldDisplayMessage" : false,
        "hasContent" : false
      }, {
        "name" : "Click button \"Login\"",
        "time" : {
          "start" : 1759542113411,
          "stop" : 1759542113497,
          "duration" : 86
        },
        "status" : "passed",
        "steps" : [ ],
        "attachments" : [ ],
        "parameters" : [ ],
        "stepsCount" : 0,
        "attachmentsCount" : 0,
        "shouldDisplayMessage" : false,
        "hasContent" : false
      }, {
        "name" : "Check url is present: https://oblache.areso.pro/register.html",
        "time" : {
          "start" : 1759542113497,
          "stop" : 1759542113500,
          "duration" : 3
        },
        "status" : "passed",
        "steps" : [ ],
        "attachments" : [ ],
        "parameters" : [ ],
        "stepsCount" : 0,
        "attachmentsCount" : 0,
        "shouldDisplayMessage" : false,
        "hasContent" : false
      } ],
      "attachments" : [ ],
      "parameters" : [ ],
      "stepsCount" : 4,
      "attachmentsCount" : 0,
      "shouldDisplayMessage" : false,
      "hasContent" : true
    } ],
    "attachments" : [ ],
    "parameters" : [ ],
    "stepsCount" : 6,
    "attachmentsCount" : 0,
    "shouldDisplayMessage" : false,
    "hasContent" : true
  } ],
  "testStage" : {
    "status" : "failed",
    "statusMessage" : "AssertionError: Message is not present.",
    "statusTrace" : "self = <tests_ui.test_ui.TestProfilePage object at 0x7fcdbeb794f0>\ndriver = <selenium.webdriver.chrome.webdriver.WebDriver (session=\"da58713ff09bce6d5d415c40b2fec3aa\")>\nauthorization_user = None\n\n    @allure.title('test_create_database')\n    def test_create_database(self, driver, authorization_user):\n        page = ProfilePage(driver, authorization_user)\n>       page.compare_database_status()\n\ntests_ui/test_ui.py:83: \n_ _ _ _ _ _ _ _ _ _ _ _ _ _ _ _ _ _ _ _ _ _ _ _ _ _ _ _ _ _ _ _ _ _ _ _ _ _ _ _ \n\nself = <tests_ui.profile_page.ProfilePage object at 0x7fcdbeb7ae70>\n\n    def compare_database_status(self):\n        self.click_button_status()\n        amount_databases = self.get_status_data()['db qty used']\n        self.click_button_databases()\n        self.click_buttons_create_new_db()\n        self.select_db_region_cis()\n        self.click_buttons_create()\n        msg = self.element_is_visible(self.locators.MSG_FROM_SERVER).text\n        # print(msg)\n        with allure.step(f'Check the message after clicking the create database button. MSG: {msg}'):\n            pass\n>       assert msg == 'Order for the new DB accepted', 'Message is not present.'\nE       AssertionError: Message is not present.\n\ntests_ui/profile_page.py:154: AssertionError",
    "steps" : [ {
      "name" : "Click button Status.",
      "time" : {
        "start" : 1759542114500,
        "stop" : 1759542114687,
        "duration" : 187
      },
      "status" : "passed",
      "steps" : [ ],
      "attachments" : [ ],
      "parameters" : [ ],
      "stepsCount" : 0,
      "attachmentsCount" : 0,
      "shouldDisplayMessage" : false,
      "hasContent" : false
    }, {
      "name" : "Get status data.",
      "time" : {
        "start" : 1759542115203,
        "stop" : 1759542115203,
        "duration" : 0
      },
      "status" : "passed",
      "steps" : [ {
        "name" : "Status data is: {'Email:': 'nodata', 'is blocked?': 'nodata', 'is db creation allowed?': 'nodata', 'disk db quota, mb': 'nodata', 'disk db used, mb': 'nodata', 'db qty quota': 'nodata', 'db qty used': 'nodata', 'site qty quota': 'nodata', 'site qty used': 'nodata', 'site disk quota': 'nodata', 'site disk usage': 'nodata', 'is site deploy allowed?': '1', 'container qty quota': '1', 'container qty used': '1147', 'is container creation allowed': '0'}",
        "time" : {
          "start" : 1759542115203,
          "stop" : 1759542115203,
          "duration" : 0
        },
        "status" : "passed",
        "steps" : [ ],
        "attachments" : [ ],
        "parameters" : [ ],
        "stepsCount" : 0,
        "attachmentsCount" : 0,
        "shouldDisplayMessage" : false,
        "hasContent" : false
      } ],
      "attachments" : [ ],
      "parameters" : [ ],
      "stepsCount" : 1,
      "attachmentsCount" : 0,
      "shouldDisplayMessage" : false,
      "hasContent" : true
    }, {
      "name" : "Click \"Databases\" button.",
      "time" : {
        "start" : 1759542115203,
        "stop" : 1759542115268,
        "duration" : 65
      },
      "status" : "passed",
      "steps" : [ ],
      "attachments" : [ ],
      "parameters" : [ ],
      "stepsCount" : 0,
      "attachmentsCount" : 0,
      "shouldDisplayMessage" : false,
      "hasContent" : false
    }, {
      "name" : "Click \"Create new DB\" button.",
      "time" : {
        "start" : 1759542115268,
        "stop" : 1759542115340,
        "duration" : 72
      },
      "status" : "passed",
      "steps" : [ ],
      "attachments" : [ ],
      "parameters" : [ ],
      "stepsCount" : 0,
      "attachmentsCount" : 0,
      "shouldDisplayMessage" : false,
      "hasContent" : false
    }, {
      "name" : "Select region \"CIS\".",
      "time" : {
        "start" : 1759542115340,
        "stop" : 1759542116484,
        "duration" : 1144
      },
      "status" : "passed",
      "steps" : [ ],
      "attachments" : [ ],
      "parameters" : [ ],
      "stepsCount" : 0,
      "attachmentsCount" : 0,
      "shouldDisplayMessage" : false,
      "hasContent" : false
    }, {
      "name" : "Click \"Create\" button.",
      "time" : {
        "start" : 1759542116484,
        "stop" : 1759542116545,
        "duration" : 61
      },
      "status" : "passed",
      "steps" : [ ],
      "attachments" : [ ],
      "parameters" : [ ],
      "stepsCount" : 0,
      "attachmentsCount" : 0,
      "shouldDisplayMessage" : false,
      "hasContent" : false
    }, {
      "name" : "Check the message after clicking the create database button. MSG: you are not allowed to create new databases",
      "time" : {
        "start" : 1759542117086,
        "stop" : 1759542117086,
        "duration" : 0
      },
      "status" : "passed",
      "steps" : [ ],
      "attachments" : [ ],
      "parameters" : [ ],
      "stepsCount" : 0,
      "attachmentsCount" : 0,
      "shouldDisplayMessage" : false,
      "hasContent" : false
    } ],
    "attachments" : [ {
      "uid" : "f2aef1512c06106e",
      "name" : "Screenshot 2025-10-04 01:41:57.145525",
      "source" : "f2aef1512c06106e.png",
      "type" : "image/png",
      "size" : 32479
    } ],
    "parameters" : [ ],
    "stepsCount" : 8,
    "attachmentsCount" : 1,
    "shouldDisplayMessage" : true,
    "hasContent" : true
  },
  "afterStages" : [ {
    "name" : "driver::0",
    "time" : {
      "start" : 1759542117146,
      "stop" : 1759542117205,
      "duration" : 59
    },
    "status" : "passed",
    "steps" : [ ],
    "attachments" : [ ],
    "parameters" : [ ],
    "stepsCount" : 0,
    "attachmentsCount" : 0,
    "shouldDisplayMessage" : false,
    "hasContent" : false
  } ],
  "labels" : [ {
    "name" : "suite",
    "value" : "Test Profile Page."
  }, {
    "name" : "parentSuite",
    "value" : "tests_ui"
  }, {
    "name" : "subSuite",
    "value" : "TestProfilePage"
  }, {
    "name" : "host",
    "value" : "runnervm3ublj"
  }, {
    "name" : "thread",
    "value" : "2640-MainThread"
  }, {
    "name" : "framework",
    "value" : "pytest"
  }, {
    "name" : "language",
    "value" : "cpython3"
  }, {
    "name" : "package",
    "value" : "tests_ui.test_ui"
  }, {
    "name" : "resultFormat",
    "value" : "allure2"
  } ],
  "parameters" : [ ],
  "links" : [ ],
  "hidden" : false,
  "retry" : false,
  "extra" : {
    "severity" : "normal",
    "retries" : [ ],
    "categories" : [ {
      "name" : "Product defects",
      "matchedStatuses" : [ ],
      "flaky" : false
    } ],
    "history" : {
      "statistic" : {
        "failed" : 4,
        "broken" : 294,
        "skipped" : 0,
        "passed" : 3,
        "unknown" : 0,
        "total" : 301
      },
      "items" : [ {
        "uid" : "1cbc9f5893f821bc",
        "reportUrl" : "https://lambotik.github.io/Oblache/521//#testresult/1cbc9f5893f821bc",
        "status" : "failed",
        "statusDetails" : "AssertionError: Message is not present.",
        "time" : {
          "start" : 1759455911675,
          "stop" : 1759455915354,
          "duration" : 3679
        }
      }, {
        "uid" : "31ff9b249f55408d",
        "reportUrl" : "https://lambotik.github.io/Oblache/520//#testresult/31ff9b249f55408d",
        "status" : "failed",
        "statusDetails" : "AssertionError: Message is not present.",
        "time" : {
          "start" : 1759369488643,
          "stop" : 1759369492251,
          "duration" : 3608
        }
      }, {
        "uid" : "7f3ce32ba2026d63",
        "reportUrl" : "https://lambotik.github.io/Oblache/519//#testresult/7f3ce32ba2026d63",
        "status" : "failed",
        "statusDetails" : "AssertionError: Message is not present.",
        "time" : {
          "start" : 1759283814793,
          "stop" : 1759283819125,
          "duration" : 4332
        }
      }, {
        "uid" : "ae30fcbf1d1ae1bc",
        "reportUrl" : "https://lambotik.github.io/Oblache/518//#testresult/ae30fcbf1d1ae1bc",
        "status" : "broken",
        "statusDetails" : "selenium.common.exceptions.TimeoutException: Message: Can't find element by locator ('xpath', '//div[@id=\"msg_from_server\"]')",
        "time" : {
          "start" : 1759196689333,
          "stop" : 1759196697427,
          "duration" : 8094
        }
      }, {
        "uid" : "526b34719f1560de",
        "reportUrl" : "https://lambotik.github.io/Oblache/517//#testresult/526b34719f1560de",
        "status" : "broken",
        "statusDetails" : "selenium.common.exceptions.TimeoutException: Message: Can't find element by locator ('xpath', '//div[@id=\"msg_from_server\"]')",
        "time" : {
          "start" : 1759110572798,
          "stop" : 1759110581001,
          "duration" : 8203
        }
      }, {
        "uid" : "cdd8a8e9b5aaf8d4",
        "reportUrl" : "https://lambotik.github.io/Oblache/516//#testresult/cdd8a8e9b5aaf8d4",
        "status" : "broken",
        "statusDetails" : "selenium.common.exceptions.TimeoutException: Message: Can't find element by locator ('xpath', '//div[@id=\"msg_from_server\"]')",
        "time" : {
          "start" : 1759024551597,
          "stop" : 1759024560411,
          "duration" : 8814
        }
      }, {
        "uid" : "9f72cb4346ff1af1",
        "reportUrl" : "https://lambotik.github.io/Oblache/515//#testresult/9f72cb4346ff1af1",
        "status" : "broken",
        "statusDetails" : "selenium.common.exceptions.TimeoutException: Message: Can't find element by locator ('xpath', '//div[@id=\"msg_from_server\"]')",
        "time" : {
          "start" : 1758937390243,
          "stop" : 1758937399041,
          "duration" : 8798
        }
      }, {
        "uid" : "47a6fb71a6fa40d",
        "reportUrl" : "https://lambotik.github.io/Oblache/514//#testresult/47a6fb71a6fa40d",
        "status" : "broken",
        "statusDetails" : "selenium.common.exceptions.TimeoutException: Message: Can't find element by locator ('xpath', '//div[@id=\"msg_from_server\"]')",
        "time" : {
          "start" : 1758851234859,
          "stop" : 1758851242984,
          "duration" : 8125
        }
      }, {
        "uid" : "acbcaef49add686e",
        "reportUrl" : "https://lambotik.github.io/Oblache/513//#testresult/acbcaef49add686e",
        "status" : "broken",
        "statusDetails" : "selenium.common.exceptions.TimeoutException: Message: Can't find element by locator ('xpath', '//div[@id=\"msg_from_server\"]')",
        "time" : {
          "start" : 1758764896939,
          "stop" : 1758764905273,
          "duration" : 8334
        }
      }, {
        "uid" : "67738e558980d34f",
        "reportUrl" : "https://lambotik.github.io/Oblache/512//#testresult/67738e558980d34f",
        "status" : "broken",
        "statusDetails" : "selenium.common.exceptions.TimeoutException: Message: Can't find element by locator ('xpath', '//div[@id=\"msg_from_server\"]')",
        "time" : {
          "start" : 1758678409181,
          "stop" : 1758678417249,
          "duration" : 8068
        }
      }, {
        "uid" : "281325000ef5d46f",
        "reportUrl" : "https://lambotik.github.io/Oblache/511//#testresult/281325000ef5d46f",
        "status" : "broken",
        "statusDetails" : "selenium.common.exceptions.TimeoutException: Message: Can't find element by locator ('xpath', '//div[@id=\"msg_from_server\"]')",
        "time" : {
          "start" : 1758591950929,
          "stop" : 1758591959795,
          "duration" : 8866
        }
      }, {
        "uid" : "7ded6e30092f8d13",
        "reportUrl" : "https://lambotik.github.io/Oblache/510//#testresult/7ded6e30092f8d13",
        "status" : "broken",
        "statusDetails" : "selenium.common.exceptions.TimeoutException: Message: Can't find element by locator ('xpath', '//div[@id=\"msg_from_server\"]')",
        "time" : {
          "start" : 1758506093829,
          "stop" : 1758506102770,
          "duration" : 8941
        }
      }, {
        "uid" : "6658d5636f21f762",
        "reportUrl" : "https://lambotik.github.io/Oblache/509//#testresult/6658d5636f21f762",
        "status" : "broken",
        "statusDetails" : "selenium.common.exceptions.TimeoutException: Message: Can't find element by locator ('xpath', '//div[@id=\"msg_from_server\"]')",
        "time" : {
          "start" : 1758419692714,
          "stop" : 1758419701477,
          "duration" : 8763
        }
      }, {
        "uid" : "f55d32c7afaeed7a",
        "reportUrl" : "https://lambotik.github.io/Oblache/508//#testresult/f55d32c7afaeed7a",
        "status" : "broken",
        "statusDetails" : "selenium.common.exceptions.TimeoutException: Message: Can't find element by locator ('xpath', '//div[@id=\"msg_from_server\"]')",
        "time" : {
          "start" : 1758332568278,
          "stop" : 1758332576372,
          "duration" : 8094
        }
      }, {
        "uid" : "911665167b811fb1",
        "reportUrl" : "https://lambotik.github.io/Oblache/507//#testresult/911665167b811fb1",
        "status" : "broken",
        "statusDetails" : "selenium.common.exceptions.TimeoutException: Message: Can't find element by locator ('xpath', '//div[@id=\"msg_from_server\"]')",
        "time" : {
          "start" : 1758246464081,
          "stop" : 1758246472995,
          "duration" : 8914
        }
      }, {
        "uid" : "3187575c9cb47f50",
        "reportUrl" : "https://lambotik.github.io/Oblache/506//#testresult/3187575c9cb47f50",
        "status" : "broken",
        "statusDetails" : "selenium.common.exceptions.TimeoutException: Message: Can't find element by locator ('xpath', '//div[@id=\"msg_from_server\"]')",
        "time" : {
          "start" : 1758159887668,
          "stop" : 1758159895722,
          "duration" : 8054
        }
      }, {
        "uid" : "ebed1cbed1a4aa04",
        "reportUrl" : "https://lambotik.github.io/Oblache/505//#testresult/ebed1cbed1a4aa04",
        "status" : "broken",
        "statusDetails" : "selenium.common.exceptions.TimeoutException: Message: Can't find element by locator ('xpath', '//div[@id=\"msg_from_server\"]')",
        "time" : {
          "start" : 1758073491282,
          "stop" : 1758073499428,
          "duration" : 8146
        }
      }, {
        "uid" : "79b3f96df16bbcd2",
        "reportUrl" : "https://lambotik.github.io/Oblache/504//#testresult/79b3f96df16bbcd2",
        "status" : "broken",
        "statusDetails" : "selenium.common.exceptions.TimeoutException: Message: Can't find element by locator ('xpath', '//div[@id=\"msg_from_server\"]')",
        "time" : {
          "start" : 1757987087781,
          "stop" : 1757987095922,
          "duration" : 8141
        }
      }, {
        "uid" : "66434ce1fa839c44",
        "reportUrl" : "https://lambotik.github.io/Oblache/503//#testresult/66434ce1fa839c44",
        "status" : "broken",
        "statusDetails" : "selenium.common.exceptions.TimeoutException: Message: Can't find element by locator ('xpath', '//div[@id=\"msg_from_server\"]')",
        "time" : {
          "start" : 1757901233988,
          "stop" : 1757901242720,
          "duration" : 8732
        }
      }, {
        "uid" : "c8c41e96e5cff4ac",
        "reportUrl" : "https://lambotik.github.io/Oblache/502//#testresult/c8c41e96e5cff4ac",
        "status" : "broken",
        "statusDetails" : "selenium.common.exceptions.TimeoutException: Message: Can't find element by locator ('xpath', '//div[@id=\"msg_from_server\"]')",
        "time" : {
          "start" : 1757814714285,
          "stop" : 1757814723298,
          "duration" : 9013
        }
      } ]
    },
    "tags" : [ ]
  },
  "source" : "9f233abb061eec51.json",
  "parameterValues" : [ ]
}