{
  "uid" : "6b92e962f4c95188",
  "name" : "test_check_title_of_static_table",
  "fullName" : "tests_ui.test_ui.TestProfilePage#test_check_title_of_static_table",
  "historyId" : "eb2cea1546ad6874ff07a2bb88c686ae",
  "time" : {
    "start" : 1756777838121,
    "stop" : 1756777843508,
    "duration" : 5387
  },
  "status" : "broken",
  "statusMessage" : "selenium.common.exceptions.TimeoutException: Message: Can't find element by locator ('xpath', '//button[@id=\"menu_button_webpages\"]')\nStacktrace:\n#0 0x55c191cf102a <unknown>\n#1 0x55c191790a70 <unknown>\n#2 0x55c1917e2907 <unknown>\n#3 0x55c1917e2b01 <unknown>\n#4 0x55c191830d54 <unknown>\n#5 0x55c19180840d <unknown>\n#6 0x55c19182e14f <unknown>\n#7 0x55c1918081b3 <unknown>\n#8 0x55c1917d459b <unknown>\n#9 0x55c1917d5971 <unknown>\n#10 0x55c191cb61fb <unknown>\n#11 0x55c191cb9f49 <unknown>\n#12 0x55c191c9d2d9 <unknown>\n#13 0x55c191cbaaf8 <unknown>\n#14 0x55c191c81bbf <unknown>\n#15 0x55c191cde0b8 <unknown>\n#16 0x55c191cde296 <unknown>\n#17 0x55c191cf0006 <unknown>\n#18 0x7f953e49caa4 <unknown>\n#19 0x7f953e529c3c <unknown>",
  "statusTrace" : "self = <tests_ui.test_ui.TestProfilePage object at 0x7fe7e3b64260>\ndriver = <selenium.webdriver.chrome.webdriver.WebDriver (session=\"941038e1d3797bfccca9ef99564d1876\")>\nauthorization_user = None\n\n    @allure.title('test_check_title_of_static_table')\n    def test_check_title_of_static_table(self, driver, authorization_user):\n        page = ProfilePage(driver)\n>       page.click_static_site_button()\n\ntests_ui/test_ui.py:75: \n_ _ _ _ _ _ _ _ _ _ _ _ _ _ _ _ _ _ _ _ _ _ _ _ _ _ _ _ _ _ _ _ _ _ _ _ _ _ _ _ \ntests_ui/profile_page.py:40: in click_static_site_button\n    return self.element_is_present_and_clickable(self.locators.STATIC_BUTTON).click()\ntests_ui/base_page.py:28: in element_is_present_and_clickable\n    return (Wait(self.driver, self.timeout).until(\n_ _ _ _ _ _ _ _ _ _ _ _ _ _ _ _ _ _ _ _ _ _ _ _ _ _ _ _ _ _ _ _ _ _ _ _ _ _ _ _ \n\nself = <selenium.webdriver.support.wait.WebDriverWait (session=\"941038e1d3797bfccca9ef99564d1876\")>\nmethod = <function visibility_of_element_located.<locals>._predicate at 0x7fe7e3bf9f80>\nmessage = 'Can\\'t find element by locator (\\'xpath\\', \\'//button[@id=\"menu_button_webpages\"]\\')'\n\n    def until(self, method: Callable[[D], Union[Literal[False], T]], message: str = \"\") -> T:\n        \"\"\"Calls the method provided with the driver as an argument until the \\\n        return value does not evaluate to ``False``.\n    \n        :param method: callable(WebDriver)\n        :param message: optional message for :exc:`TimeoutException`\n        :returns: the result of the last call to `method`\n        :raises: :exc:`selenium.common.exceptions.TimeoutException` if timeout occurs\n        \"\"\"\n        screen = None\n        stacktrace = None\n    \n        end_time = time.monotonic() + self._timeout\n        while True:\n            try:\n                value = method(self._driver)\n                if value:\n                    return value\n            except self._ignored_exceptions as exc:\n                screen = getattr(exc, \"screen\", None)\n                stacktrace = getattr(exc, \"stacktrace\", None)\n            time.sleep(self._poll)\n            if time.monotonic() > end_time:\n                break\n>       raise TimeoutException(message, screen, stacktrace)\nE       selenium.common.exceptions.TimeoutException: Message: Can't find element by locator ('xpath', '//button[@id=\"menu_button_webpages\"]')\nE       Stacktrace:\nE       #0 0x55c191cf102a <unknown>\nE       #1 0x55c191790a70 <unknown>\nE       #2 0x55c1917e2907 <unknown>\nE       #3 0x55c1917e2b01 <unknown>\nE       #4 0x55c191830d54 <unknown>\nE       #5 0x55c19180840d <unknown>\nE       #6 0x55c19182e14f <unknown>\nE       #7 0x55c1918081b3 <unknown>\nE       #8 0x55c1917d459b <unknown>\nE       #9 0x55c1917d5971 <unknown>\nE       #10 0x55c191cb61fb <unknown>\nE       #11 0x55c191cb9f49 <unknown>\nE       #12 0x55c191c9d2d9 <unknown>\nE       #13 0x55c191cbaaf8 <unknown>\nE       #14 0x55c191c81bbf <unknown>\nE       #15 0x55c191cde0b8 <unknown>\nE       #16 0x55c191cde296 <unknown>\nE       #17 0x55c191cf0006 <unknown>\nE       #18 0x7f953e49caa4 <unknown>\nE       #19 0x7f953e529c3c <unknown>\n\n/opt/hostedtoolcache/Python/3.12.11/x64/lib/python3.12/site-packages/selenium/webdriver/support/wait.py:105: TimeoutException",
  "flaky" : false,
  "newFailed" : false,
  "beforeStages" : [ {
    "name" : "authorization_user",
    "time" : {
      "start" : 1756777837605,
      "stop" : 1756777838120,
      "duration" : 515
    },
    "status" : "passed",
    "steps" : [ {
      "name" : "Open page: https://oblache.areso.pro/register.html",
      "time" : {
        "start" : 1756777837605,
        "stop" : 1756777837914,
        "duration" : 309
      },
      "status" : "passed",
      "steps" : [ ],
      "attachments" : [ ],
      "parameters" : [ ],
      "stepsCount" : 0,
      "attachmentsCount" : 0,
      "shouldDisplayMessage" : false,
      "hasContent" : false
    }, {
      "name" : "Login user",
      "time" : {
        "start" : 1756777837915,
        "stop" : 1756777838120,
        "duration" : 205
      },
      "status" : "passed",
      "steps" : [ {
        "name" : "Enter email.",
        "time" : {
          "start" : 1756777837915,
          "stop" : 1756777837980,
          "duration" : 65
        },
        "status" : "passed",
        "steps" : [ ],
        "attachments" : [ ],
        "parameters" : [ ],
        "stepsCount" : 0,
        "attachmentsCount" : 0,
        "shouldDisplayMessage" : false,
        "hasContent" : false
      }, {
        "name" : "Enter password.",
        "time" : {
          "start" : 1756777837980,
          "stop" : 1756777838026,
          "duration" : 46
        },
        "status" : "passed",
        "steps" : [ ],
        "attachments" : [ ],
        "parameters" : [ ],
        "stepsCount" : 0,
        "attachmentsCount" : 0,
        "shouldDisplayMessage" : false,
        "hasContent" : false
      }, {
        "name" : "Click button \"Login\"",
        "time" : {
          "start" : 1756777838026,
          "stop" : 1756777838118,
          "duration" : 92
        },
        "status" : "passed",
        "steps" : [ ],
        "attachments" : [ ],
        "parameters" : [ ],
        "stepsCount" : 0,
        "attachmentsCount" : 0,
        "shouldDisplayMessage" : false,
        "hasContent" : false
      }, {
        "name" : "Check url is present: https://oblache.areso.pro/register.html",
        "time" : {
          "start" : 1756777838118,
          "stop" : 1756777838120,
          "duration" : 2
        },
        "status" : "passed",
        "steps" : [ ],
        "attachments" : [ ],
        "parameters" : [ ],
        "stepsCount" : 0,
        "attachmentsCount" : 0,
        "shouldDisplayMessage" : false,
        "hasContent" : false
      } ],
      "attachments" : [ ],
      "parameters" : [ ],
      "stepsCount" : 4,
      "attachmentsCount" : 0,
      "shouldDisplayMessage" : false,
      "hasContent" : true
    } ],
    "attachments" : [ ],
    "parameters" : [ ],
    "stepsCount" : 6,
    "attachmentsCount" : 0,
    "shouldDisplayMessage" : false,
    "hasContent" : true
  }, {
    "name" : "driver",
    "time" : {
      "start" : 1756777837324,
      "stop" : 1756777837605,
      "duration" : 281
    },
    "status" : "passed",
    "steps" : [ ],
    "attachments" : [ ],
    "parameters" : [ ],
    "stepsCount" : 0,
    "attachmentsCount" : 0,
    "shouldDisplayMessage" : false,
    "hasContent" : false
  } ],
  "testStage" : {
    "status" : "broken",
    "statusMessage" : "selenium.common.exceptions.TimeoutException: Message: Can't find element by locator ('xpath', '//button[@id=\"menu_button_webpages\"]')\nStacktrace:\n#0 0x55c191cf102a <unknown>\n#1 0x55c191790a70 <unknown>\n#2 0x55c1917e2907 <unknown>\n#3 0x55c1917e2b01 <unknown>\n#4 0x55c191830d54 <unknown>\n#5 0x55c19180840d <unknown>\n#6 0x55c19182e14f <unknown>\n#7 0x55c1918081b3 <unknown>\n#8 0x55c1917d459b <unknown>\n#9 0x55c1917d5971 <unknown>\n#10 0x55c191cb61fb <unknown>\n#11 0x55c191cb9f49 <unknown>\n#12 0x55c191c9d2d9 <unknown>\n#13 0x55c191cbaaf8 <unknown>\n#14 0x55c191c81bbf <unknown>\n#15 0x55c191cde0b8 <unknown>\n#16 0x55c191cde296 <unknown>\n#17 0x55c191cf0006 <unknown>\n#18 0x7f953e49caa4 <unknown>\n#19 0x7f953e529c3c <unknown>",
    "statusTrace" : "self = <tests_ui.test_ui.TestProfilePage object at 0x7fe7e3b64260>\ndriver = <selenium.webdriver.chrome.webdriver.WebDriver (session=\"941038e1d3797bfccca9ef99564d1876\")>\nauthorization_user = None\n\n    @allure.title('test_check_title_of_static_table')\n    def test_check_title_of_static_table(self, driver, authorization_user):\n        page = ProfilePage(driver)\n>       page.click_static_site_button()\n\ntests_ui/test_ui.py:75: \n_ _ _ _ _ _ _ _ _ _ _ _ _ _ _ _ _ _ _ _ _ _ _ _ _ _ _ _ _ _ _ _ _ _ _ _ _ _ _ _ \ntests_ui/profile_page.py:40: in click_static_site_button\n    return self.element_is_present_and_clickable(self.locators.STATIC_BUTTON).click()\ntests_ui/base_page.py:28: in element_is_present_and_clickable\n    return (Wait(self.driver, self.timeout).until(\n_ _ _ _ _ _ _ _ _ _ _ _ _ _ _ _ _ _ _ _ _ _ _ _ _ _ _ _ _ _ _ _ _ _ _ _ _ _ _ _ \n\nself = <selenium.webdriver.support.wait.WebDriverWait (session=\"941038e1d3797bfccca9ef99564d1876\")>\nmethod = <function visibility_of_element_located.<locals>._predicate at 0x7fe7e3bf9f80>\nmessage = 'Can\\'t find element by locator (\\'xpath\\', \\'//button[@id=\"menu_button_webpages\"]\\')'\n\n    def until(self, method: Callable[[D], Union[Literal[False], T]], message: str = \"\") -> T:\n        \"\"\"Calls the method provided with the driver as an argument until the \\\n        return value does not evaluate to ``False``.\n    \n        :param method: callable(WebDriver)\n        :param message: optional message for :exc:`TimeoutException`\n        :returns: the result of the last call to `method`\n        :raises: :exc:`selenium.common.exceptions.TimeoutException` if timeout occurs\n        \"\"\"\n        screen = None\n        stacktrace = None\n    \n        end_time = time.monotonic() + self._timeout\n        while True:\n            try:\n                value = method(self._driver)\n                if value:\n                    return value\n            except self._ignored_exceptions as exc:\n                screen = getattr(exc, \"screen\", None)\n                stacktrace = getattr(exc, \"stacktrace\", None)\n            time.sleep(self._poll)\n            if time.monotonic() > end_time:\n                break\n>       raise TimeoutException(message, screen, stacktrace)\nE       selenium.common.exceptions.TimeoutException: Message: Can't find element by locator ('xpath', '//button[@id=\"menu_button_webpages\"]')\nE       Stacktrace:\nE       #0 0x55c191cf102a <unknown>\nE       #1 0x55c191790a70 <unknown>\nE       #2 0x55c1917e2907 <unknown>\nE       #3 0x55c1917e2b01 <unknown>\nE       #4 0x55c191830d54 <unknown>\nE       #5 0x55c19180840d <unknown>\nE       #6 0x55c19182e14f <unknown>\nE       #7 0x55c1918081b3 <unknown>\nE       #8 0x55c1917d459b <unknown>\nE       #9 0x55c1917d5971 <unknown>\nE       #10 0x55c191cb61fb <unknown>\nE       #11 0x55c191cb9f49 <unknown>\nE       #12 0x55c191c9d2d9 <unknown>\nE       #13 0x55c191cbaaf8 <unknown>\nE       #14 0x55c191c81bbf <unknown>\nE       #15 0x55c191cde0b8 <unknown>\nE       #16 0x55c191cde296 <unknown>\nE       #17 0x55c191cf0006 <unknown>\nE       #18 0x7f953e49caa4 <unknown>\nE       #19 0x7f953e529c3c <unknown>\n\n/opt/hostedtoolcache/Python/3.12.11/x64/lib/python3.12/site-packages/selenium/webdriver/support/wait.py:105: TimeoutException",
    "steps" : [ {
      "name" : "Click \"Static site\" button.",
      "time" : {
        "start" : 1756777838121,
        "stop" : 1756777843507,
        "duration" : 5386
      },
      "status" : "broken",
      "statusMessage" : "selenium.common.exceptions.TimeoutException: Message: Can't find element by locator ('xpath', '//button[@id=\"menu_button_webpages\"]')\nStacktrace:\n#0 0x55c191cf102a <unknown>\n#1 0x55c191790a70 <unknown>\n#2 0x55c1917e2907 <unknown>\n#3 0x55c1917e2b01 <unknown>\n#4 0x55c191830d54 <unknown>\n#5 0x55c19180840d <unknown>\n#6 0x55c19182e14f <unknown>\n#7 0x55c1918081b3 <unknown>\n#8 0x55c1917d459b <unknown>\n#9 0x55c1917d5971 <unknown>\n#10 0x55c191cb61fb <unknown>\n#11 0x55c191cb9f49 <unknown>\n#12 0x55c191c9d2d9 <unknown>\n#13 0x55c191cbaaf8 <unknown>\n#14 0x55c191c81bbf <unknown>\n#15 0x55c191cde0b8 <unknown>\n#16 0x55c191cde296 <unknown>\n#17 0x55c191cf0006 <unknown>\n#18 0x7f953e49caa4 <unknown>\n#19 0x7f953e529c3c <unknown>\n\n",
      "statusTrace" : "  File \"/home/runner/work/Oblache/Oblache/tests_ui/profile_page.py\", line 40, in click_static_site_button\n    return self.element_is_present_and_clickable(self.locators.STATIC_BUTTON).click()\n           ^^^^^^^^^^^^^^^^^^^^^^^^^^^^^^^^^^^^^^^^^^^^^^^^^^^^^^^^^^^^^^^^^^\n  File \"/home/runner/work/Oblache/Oblache/tests_ui/base_page.py\", line 28, in element_is_present_and_clickable\n    return (Wait(self.driver, self.timeout).until(\n            ^^^^^^^^^^^^^^^^^^^^^^^^^^^^^^^^^^^^^^\n  File \"/opt/hostedtoolcache/Python/3.12.11/x64/lib/python3.12/site-packages/selenium/webdriver/support/wait.py\", line 105, in until\n    raise TimeoutException(message, screen, stacktrace)\n",
      "steps" : [ ],
      "attachments" : [ ],
      "parameters" : [ ],
      "stepsCount" : 0,
      "attachmentsCount" : 0,
      "shouldDisplayMessage" : true,
      "hasContent" : true
    } ],
    "attachments" : [ {
      "uid" : "b5d909a152182fc6",
      "name" : "Screenshot 2025-09-02 01:50:43.583657",
      "source" : "b5d909a152182fc6.png",
      "type" : "image/png",
      "size" : 50224
    } ],
    "parameters" : [ ],
    "stepsCount" : 1,
    "attachmentsCount" : 1,
    "shouldDisplayMessage" : true,
    "hasContent" : true
  },
  "afterStages" : [ {
    "name" : "driver::0",
    "time" : {
      "start" : 1756777843585,
      "stop" : 1756777843647,
      "duration" : 62
    },
    "status" : "passed",
    "steps" : [ ],
    "attachments" : [ ],
    "parameters" : [ ],
    "stepsCount" : 0,
    "attachmentsCount" : 0,
    "shouldDisplayMessage" : false,
    "hasContent" : false
  } ],
  "labels" : [ {
    "name" : "suite",
    "value" : "Test Profile Page."
  }, {
    "name" : "parentSuite",
    "value" : "tests_ui"
  }, {
    "name" : "subSuite",
    "value" : "TestProfilePage"
  }, {
    "name" : "host",
    "value" : "pkrvmccyg1gnepe"
  }, {
    "name" : "thread",
    "value" : "2550-MainThread"
  }, {
    "name" : "framework",
    "value" : "pytest"
  }, {
    "name" : "language",
    "value" : "cpython3"
  }, {
    "name" : "package",
    "value" : "tests_ui.test_ui"
  }, {
    "name" : "resultFormat",
    "value" : "allure2"
  } ],
  "parameters" : [ ],
  "links" : [ ],
  "hidden" : false,
  "retry" : false,
  "extra" : {
    "severity" : "normal",
    "retries" : [ ],
    "categories" : [ {
      "name" : "Test defects",
      "matchedStatuses" : [ ],
      "flaky" : false
    } ],
    "history" : {
      "statistic" : {
        "failed" : 0,
        "broken" : 269,
        "skipped" : 0,
        "passed" : 0,
        "unknown" : 0,
        "total" : 269
      },
      "items" : [ {
        "uid" : "babad70bd8dbab09",
        "reportUrl" : "https://lambotik.github.io/Oblache/489//#testresult/babad70bd8dbab09",
        "status" : "broken",
        "statusDetails" : "selenium.common.exceptions.TimeoutException: Message: Can't find element by locator ('xpath', '//button[@id=\"menu_button_webpages\"]')\nStacktrace:\n#0 0x55db08d4a02a <unknown>\n#1 0x55db087e9a70 <unknown>\n#2 0x55db0883b907 <unknown>\n#3 0x55db0883bb01 <unknown>\n#4 0x55db08889d54 <unknown>\n#5 0x55db0886140d <unknown>\n#6 0x55db0888714f <unknown>\n#7 0x55db088611b3 <unknown>\n#8 0x55db0882d59b <unknown>\n#9 0x55db0882e971 <unknown>\n#10 0x55db08d0f1fb <unknown>\n#11 0x55db08d12f49 <unknown>\n#12 0x55db08cf62d9 <unknown>\n#13 0x55db08d13af8 <unknown>\n#14 0x55db08cdabbf <unknown>\n#15 0x55db08d370b8 <unknown>\n#16 0x55db08d37296 <unknown>\n#17 0x55db08d49006 <unknown>\n#18 0x7f07f9c9caa4 <unknown>\n#19 0x7f07f9d29c3c <unknown>",
        "time" : {
          "start" : 1756692286115,
          "stop" : 1756692291415,
          "duration" : 5300
        }
      }, {
        "uid" : "b0c1dc044ad51acc",
        "reportUrl" : "https://lambotik.github.io/Oblache/488//#testresult/b0c1dc044ad51acc",
        "status" : "broken",
        "statusDetails" : "selenium.common.exceptions.TimeoutException: Message: Can't find element by locator ('xpath', '//button[@id=\"menu_button_webpages\"]')\nStacktrace:\n#0 0x55de1a7fa02a <unknown>\n#1 0x55de1a299a70 <unknown>\n#2 0x55de1a2eb907 <unknown>\n#3 0x55de1a2ebb01 <unknown>\n#4 0x55de1a339d54 <unknown>\n#5 0x55de1a31140d <unknown>\n#6 0x55de1a33714f <unknown>\n#7 0x55de1a3111b3 <unknown>\n#8 0x55de1a2dd59b <unknown>\n#9 0x55de1a2de971 <unknown>\n#10 0x55de1a7bf1fb <unknown>\n#11 0x55de1a7c2f49 <unknown>\n#12 0x55de1a7a62d9 <unknown>\n#13 0x55de1a7c3af8 <unknown>\n#14 0x55de1a78abbf <unknown>\n#15 0x55de1a7e70b8 <unknown>\n#16 0x55de1a7e7296 <unknown>\n#17 0x55de1a7f9006 <unknown>\n#18 0x7fcc85c9caa4 <unknown>\n#19 0x7fcc85d29c3c <unknown>",
        "time" : {
          "start" : 1756605287313,
          "stop" : 1756605292319,
          "duration" : 5006
        }
      }, {
        "uid" : "211112aa4d0c8868",
        "reportUrl" : "https://lambotik.github.io/Oblache/487//#testresult/211112aa4d0c8868",
        "status" : "broken",
        "statusDetails" : "selenium.common.exceptions.TimeoutException: Message: Can't find element by locator ('xpath', '//button[@id=\"menu_button_webpages\"]')\nStacktrace:\n#0 0x55c5afb8002a <unknown>\n#1 0x55c5af61fa70 <unknown>\n#2 0x55c5af671907 <unknown>\n#3 0x55c5af671b01 <unknown>\n#4 0x55c5af6bfd54 <unknown>\n#5 0x55c5af69740d <unknown>\n#6 0x55c5af6bd14f <unknown>\n#7 0x55c5af6971b3 <unknown>\n#8 0x55c5af66359b <unknown>\n#9 0x55c5af664971 <unknown>\n#10 0x55c5afb451fb <unknown>\n#11 0x55c5afb48f49 <unknown>\n#12 0x55c5afb2c2d9 <unknown>\n#13 0x55c5afb49af8 <unknown>\n#14 0x55c5afb10bbf <unknown>\n#15 0x55c5afb6d0b8 <unknown>\n#16 0x55c5afb6d296 <unknown>\n#17 0x55c5afb7f006 <unknown>\n#18 0x7f42ee89caa4 <unknown>\n#19 0x7f42ee929c3c <unknown>",
        "time" : {
          "start" : 1756518190994,
          "stop" : 1756518196119,
          "duration" : 5125
        }
      }, {
        "uid" : "6057d39a8866fd52",
        "reportUrl" : "https://lambotik.github.io/Oblache/486//#testresult/6057d39a8866fd52",
        "status" : "broken",
        "statusDetails" : "selenium.common.exceptions.TimeoutException: Message: Can't find element by locator ('xpath', '//button[@id=\"menu_button_webpages\"]')\nStacktrace:\n#0 0x55f76341b02a <unknown>\n#1 0x55f762ebaa70 <unknown>\n#2 0x55f762f0c907 <unknown>\n#3 0x55f762f0cb01 <unknown>\n#4 0x55f762f5ad54 <unknown>\n#5 0x55f762f3240d <unknown>\n#6 0x55f762f5814f <unknown>\n#7 0x55f762f321b3 <unknown>\n#8 0x55f762efe59b <unknown>\n#9 0x55f762eff971 <unknown>\n#10 0x55f7633e01fb <unknown>\n#11 0x55f7633e3f49 <unknown>\n#12 0x55f7633c72d9 <unknown>\n#13 0x55f7633e4af8 <unknown>\n#14 0x55f7633abbbf <unknown>\n#15 0x55f7634080b8 <unknown>\n#16 0x55f763408296 <unknown>\n#17 0x55f76341a006 <unknown>\n#18 0x7fdfa5e9caa4 <unknown>\n#19 0x7fdfa5f29c3c <unknown>",
        "time" : {
          "start" : 1756432106508,
          "stop" : 1756432111552,
          "duration" : 5044
        }
      }, {
        "uid" : "1d51e5d116cb05bd",
        "reportUrl" : "https://lambotik.github.io/Oblache/485//#testresult/1d51e5d116cb05bd",
        "status" : "broken",
        "statusDetails" : "selenium.common.exceptions.TimeoutException: Message: Can't find element by locator ('xpath', '//button[@id=\"menu_button_webpages\"]')\nStacktrace:\n#0 0x5616ffd2f02a <unknown>\n#1 0x5616ff7cea70 <unknown>\n#2 0x5616ff820907 <unknown>\n#3 0x5616ff820b01 <unknown>\n#4 0x5616ff86ed54 <unknown>\n#5 0x5616ff84640d <unknown>\n#6 0x5616ff86c14f <unknown>\n#7 0x5616ff8461b3 <unknown>\n#8 0x5616ff81259b <unknown>\n#9 0x5616ff813971 <unknown>\n#10 0x5616ffcf41fb <unknown>\n#11 0x5616ffcf7f49 <unknown>\n#12 0x5616ffcdb2d9 <unknown>\n#13 0x5616ffcf8af8 <unknown>\n#14 0x5616ffcbfbbf <unknown>\n#15 0x5616ffd1c0b8 <unknown>\n#16 0x5616ffd1c296 <unknown>\n#17 0x5616ffd2e006 <unknown>\n#18 0x7fd49f49caa4 <unknown>\n#19 0x7fd49f529c3c <unknown>",
        "time" : {
          "start" : 1756345713412,
          "stop" : 1756345718807,
          "duration" : 5395
        }
      }, {
        "uid" : "fd3f2c57f48ea723",
        "reportUrl" : "https://lambotik.github.io/Oblache/484//#testresult/fd3f2c57f48ea723",
        "status" : "broken",
        "statusDetails" : "selenium.common.exceptions.TimeoutException: Message: Can't find element by locator ('xpath', '//button[@id=\"menu_button_webpages\"]')\nStacktrace:\n#0 0x5654f055701a <unknown>\n#1 0x5654efff6a70 <unknown>\n#2 0x5654f0048907 <unknown>\n#3 0x5654f0048b01 <unknown>\n#4 0x5654f0096d54 <unknown>\n#5 0x5654f006e40d <unknown>\n#6 0x5654f009414f <unknown>\n#7 0x5654f006e1b3 <unknown>\n#8 0x5654f003a59b <unknown>\n#9 0x5654f003b971 <unknown>\n#10 0x5654f051c1eb <unknown>\n#11 0x5654f051ff39 <unknown>\n#12 0x5654f05032c9 <unknown>\n#13 0x5654f0520ae8 <unknown>\n#14 0x5654f04e7baf <unknown>\n#15 0x5654f05440a8 <unknown>\n#16 0x5654f0544286 <unknown>\n#17 0x5654f0555ff6 <unknown>\n#18 0x7f886f89caa4 <unknown>\n#19 0x7f886f929c3c <unknown>",
        "time" : {
          "start" : 1756259357040,
          "stop" : 1756259362449,
          "duration" : 5409
        }
      }, {
        "uid" : "ce3be257e9ae6be7",
        "reportUrl" : "https://lambotik.github.io/Oblache/483//#testresult/ce3be257e9ae6be7",
        "status" : "broken",
        "statusDetails" : "selenium.common.exceptions.TimeoutException: Message: Can't find element by locator ('xpath', '//button[@id=\"menu_button_webpages\"]')\nStacktrace:\n#0 0x560b621a701a <unknown>\n#1 0x560b61c46a70 <unknown>\n#2 0x560b61c98907 <unknown>\n#3 0x560b61c98b01 <unknown>\n#4 0x560b61ce6d54 <unknown>\n#5 0x560b61cbe40d <unknown>\n#6 0x560b61ce414f <unknown>\n#7 0x560b61cbe1b3 <unknown>\n#8 0x560b61c8a59b <unknown>\n#9 0x560b61c8b971 <unknown>\n#10 0x560b6216c1eb <unknown>\n#11 0x560b6216ff39 <unknown>\n#12 0x560b621532c9 <unknown>\n#13 0x560b62170ae8 <unknown>\n#14 0x560b62137baf <unknown>\n#15 0x560b621940a8 <unknown>\n#16 0x560b62194286 <unknown>\n#17 0x560b621a5ff6 <unknown>\n#18 0x7f2e2289caa4 <unknown>\n#19 0x7f2e22929c3c <unknown>",
        "time" : {
          "start" : 1756173184707,
          "stop" : 1756173190035,
          "duration" : 5328
        }
      }, {
        "uid" : "6cf0b7ba2f2a7fb8",
        "reportUrl" : "https://lambotik.github.io/Oblache/482//#testresult/6cf0b7ba2f2a7fb8",
        "status" : "broken",
        "statusDetails" : "selenium.common.exceptions.TimeoutException: Message: Can't find element by locator ('xpath', '//button[@id=\"menu_button_webpages\"]')\nStacktrace:\n#0 0x5570390ce01a <unknown>\n#1 0x557038b6da70 <unknown>\n#2 0x557038bbf907 <unknown>\n#3 0x557038bbfb01 <unknown>\n#4 0x557038c0dd54 <unknown>\n#5 0x557038be540d <unknown>\n#6 0x557038c0b14f <unknown>\n#7 0x557038be51b3 <unknown>\n#8 0x557038bb159b <unknown>\n#9 0x557038bb2971 <unknown>\n#10 0x5570390931eb <unknown>\n#11 0x557039096f39 <unknown>\n#12 0x55703907a2c9 <unknown>\n#13 0x557039097ae8 <unknown>\n#14 0x55703905ebaf <unknown>\n#15 0x5570390bb0a8 <unknown>\n#16 0x5570390bb286 <unknown>\n#17 0x5570390ccff6 <unknown>\n#18 0x7f0c5549caa4 <unknown>\n#19 0x7f0c55529c3c <unknown>",
        "time" : {
          "start" : 1756087003964,
          "stop" : 1756087008992,
          "duration" : 5028
        }
      }, {
        "uid" : "3525f089e9c8832f",
        "reportUrl" : "https://lambotik.github.io/Oblache/481//#testresult/3525f089e9c8832f",
        "status" : "broken",
        "statusDetails" : "selenium.common.exceptions.TimeoutException: Message: Can't find element by locator ('xpath', '//button[@id=\"menu_button_webpages\"]')\nStacktrace:\n#0 0x56468f07b01a <unknown>\n#1 0x56468eb1aa70 <unknown>\n#2 0x56468eb6c907 <unknown>\n#3 0x56468eb6cb01 <unknown>\n#4 0x56468ebbad54 <unknown>\n#5 0x56468eb9240d <unknown>\n#6 0x56468ebb814f <unknown>\n#7 0x56468eb921b3 <unknown>\n#8 0x56468eb5e59b <unknown>\n#9 0x56468eb5f971 <unknown>\n#10 0x56468f0401eb <unknown>\n#11 0x56468f043f39 <unknown>\n#12 0x56468f0272c9 <unknown>\n#13 0x56468f044ae8 <unknown>\n#14 0x56468f00bbaf <unknown>\n#15 0x56468f0680a8 <unknown>\n#16 0x56468f068286 <unknown>\n#17 0x56468f079ff6 <unknown>\n#18 0x7f430cc9caa4 <unknown>\n#19 0x7f430cd29c3c <unknown>",
        "time" : {
          "start" : 1756000971142,
          "stop" : 1756000976513,
          "duration" : 5371
        }
      }, {
        "uid" : "5ac8c4b44a1d876b",
        "reportUrl" : "https://lambotik.github.io/Oblache/480//#testresult/5ac8c4b44a1d876b",
        "status" : "broken",
        "statusDetails" : "selenium.common.exceptions.TimeoutException: Message: Can't find element by locator ('xpath', '//button[@id=\"menu_button_webpages\"]')\nStacktrace:\n#0 0x56131735601a <unknown>\n#1 0x561316df5a70 <unknown>\n#2 0x561316e47907 <unknown>\n#3 0x561316e47b01 <unknown>\n#4 0x561316e95d54 <unknown>\n#5 0x561316e6d40d <unknown>\n#6 0x561316e9314f <unknown>\n#7 0x561316e6d1b3 <unknown>\n#8 0x561316e3959b <unknown>\n#9 0x561316e3a971 <unknown>\n#10 0x56131731b1eb <unknown>\n#11 0x56131731ef39 <unknown>\n#12 0x5613173022c9 <unknown>\n#13 0x56131731fae8 <unknown>\n#14 0x5613172e6baf <unknown>\n#15 0x5613173430a8 <unknown>\n#16 0x561317343286 <unknown>\n#17 0x561317354ff6 <unknown>\n#18 0x7fa10289caa4 <unknown>\n#19 0x7fa102929c3c <unknown>",
        "time" : {
          "start" : 1755913666081,
          "stop" : 1755913671470,
          "duration" : 5389
        }
      }, {
        "uid" : "224b6fc6c59b1d2b",
        "reportUrl" : "https://lambotik.github.io/Oblache/479//#testresult/224b6fc6c59b1d2b",
        "status" : "broken",
        "statusDetails" : "selenium.common.exceptions.TimeoutException: Message: Can't find element by locator ('xpath', '//button[@id=\"menu_button_webpages\"]')\nStacktrace:\n#0 0x55d837df101a <unknown>\n#1 0x55d837890a70 <unknown>\n#2 0x55d8378e2907 <unknown>\n#3 0x55d8378e2b01 <unknown>\n#4 0x55d837930d54 <unknown>\n#5 0x55d83790840d <unknown>\n#6 0x55d83792e14f <unknown>\n#7 0x55d8379081b3 <unknown>\n#8 0x55d8378d459b <unknown>\n#9 0x55d8378d5971 <unknown>\n#10 0x55d837db61eb <unknown>\n#11 0x55d837db9f39 <unknown>\n#12 0x55d837d9d2c9 <unknown>\n#13 0x55d837dbaae8 <unknown>\n#14 0x55d837d81baf <unknown>\n#15 0x55d837dde0a8 <unknown>\n#16 0x55d837dde286 <unknown>\n#17 0x55d837defff6 <unknown>\n#18 0x7f858a69caa4 <unknown>\n#19 0x7f858a729c3c <unknown>",
        "time" : {
          "start" : 1755827518290,
          "stop" : 1755827523711,
          "duration" : 5421
        }
      }, {
        "uid" : "7ce06232ede3cce1",
        "reportUrl" : "https://lambotik.github.io/Oblache/478//#testresult/7ce06232ede3cce1",
        "status" : "broken",
        "statusDetails" : "selenium.common.exceptions.TimeoutException: Message: Can't find element by locator ('xpath', '//button[@id=\"menu_button_webpages\"]')\nStacktrace:\n#0 0x55c93144c01a <unknown>\n#1 0x55c930eeba70 <unknown>\n#2 0x55c930f3d907 <unknown>\n#3 0x55c930f3db01 <unknown>\n#4 0x55c930f8bd54 <unknown>\n#5 0x55c930f6340d <unknown>\n#6 0x55c930f8914f <unknown>\n#7 0x55c930f631b3 <unknown>\n#8 0x55c930f2f59b <unknown>\n#9 0x55c930f30971 <unknown>\n#10 0x55c9314111eb <unknown>\n#11 0x55c931414f39 <unknown>\n#12 0x55c9313f82c9 <unknown>\n#13 0x55c931415ae8 <unknown>\n#14 0x55c9313dcbaf <unknown>\n#15 0x55c9314390a8 <unknown>\n#16 0x55c931439286 <unknown>\n#17 0x55c93144aff6 <unknown>\n#18 0x7fd6f849caa4 <unknown>\n#19 0x7fd6f8529c3c <unknown>",
        "time" : {
          "start" : 1755741061393,
          "stop" : 1755741066423,
          "duration" : 5030
        }
      }, {
        "uid" : "424be4b8c053503c",
        "reportUrl" : "https://lambotik.github.io/Oblache/477//#testresult/424be4b8c053503c",
        "status" : "broken",
        "statusDetails" : "selenium.common.exceptions.TimeoutException: Message: Can't find element by locator ('xpath', '//button[@id=\"menu_button_webpages\"]')\nStacktrace:\n#0 0x5557ccb4305a <unknown>\n#1 0x5557cc5e2a70 <unknown>\n#2 0x5557cc634907 <unknown>\n#3 0x5557cc634b01 <unknown>\n#4 0x5557cc682d54 <unknown>\n#5 0x5557cc65a40d <unknown>\n#6 0x5557cc68014f <unknown>\n#7 0x5557cc65a1b3 <unknown>\n#8 0x5557cc62659b <unknown>\n#9 0x5557cc627971 <unknown>\n#10 0x5557ccb0822b <unknown>\n#11 0x5557ccb0bf79 <unknown>\n#12 0x5557ccaef309 <unknown>\n#13 0x5557ccb0cb28 <unknown>\n#14 0x5557ccad3bef <unknown>\n#15 0x5557ccb300e8 <unknown>\n#16 0x5557ccb302c6 <unknown>\n#17 0x5557ccb42036 <unknown>\n#18 0x7f4000e9caa4 <unknown>\n#19 0x7f4000f29c3c <unknown>",
        "time" : {
          "start" : 1755654742697,
          "stop" : 1755654748099,
          "duration" : 5402
        }
      }, {
        "uid" : "bf5918f3084a4f60",
        "reportUrl" : "https://lambotik.github.io/Oblache/476//#testresult/bf5918f3084a4f60",
        "status" : "broken",
        "statusDetails" : "selenium.common.exceptions.TimeoutException: Message: Can't find element by locator ('xpath', '//button[@id=\"menu_button_webpages\"]')\nStacktrace:\n#0 0x56163a35205a <unknown>\n#1 0x561639df1a70 <unknown>\n#2 0x561639e43907 <unknown>\n#3 0x561639e43b01 <unknown>\n#4 0x561639e91d54 <unknown>\n#5 0x561639e6940d <unknown>\n#6 0x561639e8f14f <unknown>\n#7 0x561639e691b3 <unknown>\n#8 0x561639e3559b <unknown>\n#9 0x561639e36971 <unknown>\n#10 0x56163a31722b <unknown>\n#11 0x56163a31af79 <unknown>\n#12 0x56163a2fe309 <unknown>\n#13 0x56163a31bb28 <unknown>\n#14 0x56163a2e2bef <unknown>\n#15 0x56163a33f0e8 <unknown>\n#16 0x56163a33f2c6 <unknown>\n#17 0x56163a351036 <unknown>\n#18 0x7fad1f89caa4 <unknown>\n#19 0x7fad1f929c3c <unknown>",
        "time" : {
          "start" : 1755568461215,
          "stop" : 1755568466617,
          "duration" : 5402
        }
      }, {
        "uid" : "926e3bc09c3ad042",
        "reportUrl" : "https://lambotik.github.io/Oblache/475//#testresult/926e3bc09c3ad042",
        "status" : "broken",
        "statusDetails" : "selenium.common.exceptions.TimeoutException: Message: Can't find element by locator ('xpath', '//button[@id=\"menu_button_webpages\"]')\nStacktrace:\n#0 0x55d8875e305a <unknown>\n#1 0x55d887082a70 <unknown>\n#2 0x55d8870d4907 <unknown>\n#3 0x55d8870d4b01 <unknown>\n#4 0x55d887122d54 <unknown>\n#5 0x55d8870fa40d <unknown>\n#6 0x55d88712014f <unknown>\n#7 0x55d8870fa1b3 <unknown>\n#8 0x55d8870c659b <unknown>\n#9 0x55d8870c7971 <unknown>\n#10 0x55d8875a822b <unknown>\n#11 0x55d8875abf79 <unknown>\n#12 0x55d88758f309 <unknown>\n#13 0x55d8875acb28 <unknown>\n#14 0x55d887573bef <unknown>\n#15 0x55d8875d00e8 <unknown>\n#16 0x55d8875d02c6 <unknown>\n#17 0x55d8875e2036 <unknown>\n#18 0x7effb809caa4 <unknown>\n#19 0x7effb8129c3c <unknown>",
        "time" : {
          "start" : 1755482825330,
          "stop" : 1755482830351,
          "duration" : 5021
        }
      }, {
        "uid" : "14dd71860ea94aef",
        "reportUrl" : "https://lambotik.github.io/Oblache/474//#testresult/14dd71860ea94aef",
        "status" : "broken",
        "statusDetails" : "selenium.common.exceptions.TimeoutException: Message: Can't find element by locator ('xpath', '//button[@id=\"menu_button_webpages\"]')\nStacktrace:\n#0 0x55ac9741c05a <unknown>\n#1 0x55ac96ebba70 <unknown>\n#2 0x55ac96f0d907 <unknown>\n#3 0x55ac96f0db01 <unknown>\n#4 0x55ac96f5bd54 <unknown>\n#5 0x55ac96f3340d <unknown>\n#6 0x55ac96f5914f <unknown>\n#7 0x55ac96f331b3 <unknown>\n#8 0x55ac96eff59b <unknown>\n#9 0x55ac96f00971 <unknown>\n#10 0x55ac973e122b <unknown>\n#11 0x55ac973e4f79 <unknown>\n#12 0x55ac973c8309 <unknown>\n#13 0x55ac973e5b28 <unknown>\n#14 0x55ac973acbef <unknown>\n#15 0x55ac974090e8 <unknown>\n#16 0x55ac974092c6 <unknown>\n#17 0x55ac9741b036 <unknown>\n#18 0x7f3628e9caa4 <unknown>\n#19 0x7f3628f29c3c <unknown>",
        "time" : {
          "start" : 1755396503599,
          "stop" : 1755396509031,
          "duration" : 5432
        }
      }, {
        "uid" : "706db1d6363531e4",
        "reportUrl" : "https://lambotik.github.io/Oblache/473//#testresult/706db1d6363531e4",
        "status" : "broken",
        "statusDetails" : "selenium.common.exceptions.TimeoutException: Message: Can't find element by locator ('xpath', '//button[@id=\"menu_button_webpages\"]')\nStacktrace:\n#0 0x55bf89a9705a <unknown>\n#1 0x55bf89536a70 <unknown>\n#2 0x55bf89588907 <unknown>\n#3 0x55bf89588b01 <unknown>\n#4 0x55bf895d6d54 <unknown>\n#5 0x55bf895ae40d <unknown>\n#6 0x55bf895d414f <unknown>\n#7 0x55bf895ae1b3 <unknown>\n#8 0x55bf8957a59b <unknown>\n#9 0x55bf8957b971 <unknown>\n#10 0x55bf89a5c22b <unknown>\n#11 0x55bf89a5ff79 <unknown>\n#12 0x55bf89a43309 <unknown>\n#13 0x55bf89a60b28 <unknown>\n#14 0x55bf89a27bef <unknown>\n#15 0x55bf89a840e8 <unknown>\n#16 0x55bf89a842c6 <unknown>\n#17 0x55bf89a96036 <unknown>\n#18 0x7ff04da9caa4 <unknown>\n#19 0x7ff04db29c3c <unknown>",
        "time" : {
          "start" : 1755309436740,
          "stop" : 1755309442149,
          "duration" : 5409
        }
      }, {
        "uid" : "5d48520ea3488e6c",
        "reportUrl" : "https://lambotik.github.io/Oblache/472//#testresult/5d48520ea3488e6c",
        "status" : "broken",
        "statusDetails" : "selenium.common.exceptions.TimeoutException: Message: Can't find element by locator ('xpath', '//button[@id=\"menu_button_webpages\"]')\nStacktrace:\n#0 0x562d23b4c05a <unknown>\n#1 0x562d235eba70 <unknown>\n#2 0x562d2363d907 <unknown>\n#3 0x562d2363db01 <unknown>\n#4 0x562d2368bd54 <unknown>\n#5 0x562d2366340d <unknown>\n#6 0x562d2368914f <unknown>\n#7 0x562d236631b3 <unknown>\n#8 0x562d2362f59b <unknown>\n#9 0x562d23630971 <unknown>\n#10 0x562d23b1122b <unknown>\n#11 0x562d23b14f79 <unknown>\n#12 0x562d23af8309 <unknown>\n#13 0x562d23b15b28 <unknown>\n#14 0x562d23adcbef <unknown>\n#15 0x562d23b390e8 <unknown>\n#16 0x562d23b392c6 <unknown>\n#17 0x562d23b4b036 <unknown>\n#18 0x7f3b0869caa4 <unknown>\n#19 0x7f3b08729c3c <unknown>",
        "time" : {
          "start" : 1755223234255,
          "stop" : 1755223239385,
          "duration" : 5130
        }
      }, {
        "uid" : "e56a287c3c190ff2",
        "reportUrl" : "https://lambotik.github.io/Oblache/471//#testresult/e56a287c3c190ff2",
        "status" : "broken",
        "statusDetails" : "selenium.common.exceptions.TimeoutException: Message: Can't find element by locator ('xpath', '//button[@id=\"menu_button_webpages\"]')\nStacktrace:\n#0 0x558ced9b62ca <unknown>\n#1 0x558ced45d550 <unknown>\n#2 0x558ced4af0f0 <unknown>\n#3 0x558ced4af2e1 <unknown>\n#4 0x558ced4fd5e4 <unknown>\n#5 0x558ced4d4bed <unknown>\n#6 0x558ced4fa9e6 <unknown>\n#7 0x558ced4d4993 <unknown>\n#8 0x558ced4a0d6b <unknown>\n#9 0x558ced4a2141 <unknown>\n#10 0x558ced97b2ab <unknown>\n#11 0x558ced97f0b9 <unknown>\n#12 0x558ced962139 <unknown>\n#13 0x558ced97fc68 <unknown>\n#14 0x558ced94660f <unknown>\n#15 0x558ced9a41f8 <unknown>\n#16 0x558ced9a43d6 <unknown>\n#17 0x558ced9b55e6 <unknown>\n#18 0x7fbdcf89caa4 <unknown>\n#19 0x7fbdcf929c3c <unknown>",
        "time" : {
          "start" : 1755136939098,
          "stop" : 1755136944158,
          "duration" : 5060
        }
      }, {
        "uid" : "5b99d578322563ea",
        "reportUrl" : "https://lambotik.github.io/Oblache/470//#testresult/5b99d578322563ea",
        "status" : "broken",
        "statusDetails" : "selenium.common.exceptions.TimeoutException: Message: Can't find element by locator ('xpath', '//button[@id=\"menu_button_webpages\"]')\nStacktrace:\n#0 0x55d65671d2ca <unknown>\n#1 0x55d6561c4550 <unknown>\n#2 0x55d6562160f0 <unknown>\n#3 0x55d6562162e1 <unknown>\n#4 0x55d6562645e4 <unknown>\n#5 0x55d65623bbed <unknown>\n#6 0x55d6562619e6 <unknown>\n#7 0x55d65623b993 <unknown>\n#8 0x55d656207d6b <unknown>\n#9 0x55d656209141 <unknown>\n#10 0x55d6566e22ab <unknown>\n#11 0x55d6566e60b9 <unknown>\n#12 0x55d6566c9139 <unknown>\n#13 0x55d6566e6c68 <unknown>\n#14 0x55d6566ad60f <unknown>\n#15 0x55d65670b1f8 <unknown>\n#16 0x55d65670b3d6 <unknown>\n#17 0x55d65671c5e6 <unknown>\n#18 0x7fe9a1e9caa4 <unknown>\n#19 0x7fe9a1f29c3c <unknown>",
        "time" : {
          "start" : 1755050476823,
          "stop" : 1755050481836,
          "duration" : 5013
        }
      } ]
    },
    "tags" : [ ]
  },
  "source" : "6b92e962f4c95188.json",
  "parameterValues" : [ ]
}