{"uid":"c47ad692ad75dfcd","name":"test_clipboard_uuid_docker","fullName":"tests_ui.test_ui.TestProfilePage#test_clipboard_uuid_docker","historyId":"11f91f43cfea2a231aececf29c7ed302","time":{"start":1762339126072,"stop":1762339132552,"duration":6480},"status":"broken","statusMessage":"selenium.common.exceptions.TimeoutException: Message: Can't find element by locator ('xpath', '//table[@id=\"table_containers\"] //tr[1]/td[3] /button')\nStacktrace:\n#0 0x56308805baea <unknown>\n#1 0x563087aa7cdb <unknown>\n#2 0x563087afa6c4 <unknown>\n#3 0x563087afa901 <unknown>\n#4 0x563087b498b4 <unknown>\n#5 0x563087b46c87 <unknown>\n#6 0x563087aecaca <unknown>\n#7 0x563087aed7d1 <unknown>\n#8 0x563088022ab9 <unknown>\n#9 0x563088025a8c <unknown>\n#10 0x56308800bd49 <unknown>\n#11 0x563088026685 <unknown>\n#12 0x563087ff36c3 <unknown>\n#13 0x5630880487d8 <unknown>\n#14 0x5630880489b3 <unknown>\n#15 0x56308805aa83 <unknown>\n#16 0x7f175569caa4 <unknown>\n#17 0x7f1755729c6c <unknown>","statusTrace":"self = <tests_ui.test_ui.TestProfilePage object at 0x7f60f0c0b380>\ndriver = <selenium.webdriver.chrome.webdriver.WebDriver (session=\"28d51cd928d107b2bd3a65cbf5999edd\")>\nauthorization_user = None\nget_token = ('b32159f9-f6e8-4d4e-8d8c-bdf37e06789b', {'email': 'test4@mail.com', 'password': 'testpassword'}, 'testpassword', '123456789', 'test4@mail.com')\n\n    @allure.title('test_clipboard_uuid_docker')\n    def test_clipboard_uuid_docker(self, driver, authorization_user, get_token):\n        page = ProfilePage(driver, authorization_user)\n        page.click_button_docker_containers()\n>       page.check_clipboard(\n            table_xpath='//table[@id=\"table_containers\"]',\n            token=get_token[0])\n\ntests_ui/test_ui.py:120: \n_ _ _ _ _ _ _ _ _ _ _ _ _ _ _ _ _ _ _ _ _ _ _ _ _ _ _ _ _ _ _ _ _ _ _ _ _ _ _ _ \ntests_ui/profile_page.py:111: in check_clipboard\n    button = self.element_is_visible((By.XPATH, f'{table_xpath} //tr[1]/td[3] /button'))\ntests_ui/base_page.py:33: in element_is_visible\n    self.go_to_element(self.element_is_present(locator))\ntests_ui/base_page.py:46: in element_is_present\n    return Wait(self.driver, self.timeout).until(\n_ _ _ _ _ _ _ _ _ _ _ _ _ _ _ _ _ _ _ _ _ _ _ _ _ _ _ _ _ _ _ _ _ _ _ _ _ _ _ _ \n\nself = <selenium.webdriver.support.wait.WebDriverWait (session=\"28d51cd928d107b2bd3a65cbf5999edd\")>\nmethod = <function presence_of_element_located.<locals>._predicate at 0x7f60f03936a0>\nmessage = 'Can\\'t find element by locator (\\'xpath\\', \\'//table[@id=\"table_containers\"] //tr[1]/td[3] /button\\')'\n\n    def until(self, method: Callable[[D], Union[Literal[False], T]], message: str = \"\") -> T:\n        \"\"\"Calls the method provided with the driver as an argument until the \\\n        return value does not evaluate to ``False``.\n    \n        :param method: callable(WebDriver)\n        :param message: optional message for :exc:`TimeoutException`\n        :returns: the result of the last call to `method`\n        :raises: :exc:`selenium.common.exceptions.TimeoutException` if timeout occurs\n        \"\"\"\n        screen = None\n        stacktrace = None\n    \n        end_time = time.monotonic() + self._timeout\n        while True:\n            try:\n                value = method(self._driver)\n                if value:\n                    return value\n            except self._ignored_exceptions as exc:\n                screen = getattr(exc, \"screen\", None)\n                stacktrace = getattr(exc, \"stacktrace\", None)\n            time.sleep(self._poll)\n            if time.monotonic() > end_time:\n                break\n>       raise TimeoutException(message, screen, stacktrace)\nE       selenium.common.exceptions.TimeoutException: Message: Can't find element by locator ('xpath', '//table[@id=\"table_containers\"] //tr[1]/td[3] /button')\nE       Stacktrace:\nE       #0 0x56308805baea <unknown>\nE       #1 0x563087aa7cdb <unknown>\nE       #2 0x563087afa6c4 <unknown>\nE       #3 0x563087afa901 <unknown>\nE       #4 0x563087b498b4 <unknown>\nE       #5 0x563087b46c87 <unknown>\nE       #6 0x563087aecaca <unknown>\nE       #7 0x563087aed7d1 <unknown>\nE       #8 0x563088022ab9 <unknown>\nE       #9 0x563088025a8c <unknown>\nE       #10 0x56308800bd49 <unknown>\nE       #11 0x563088026685 <unknown>\nE       #12 0x563087ff36c3 <unknown>\nE       #13 0x5630880487d8 <unknown>\nE       #14 0x5630880489b3 <unknown>\nE       #15 0x56308805aa83 <unknown>\nE       #16 0x7f175569caa4 <unknown>\nE       #17 0x7f1755729c6c <unknown>\n\n/opt/hostedtoolcache/Python/3.12.12/x64/lib/python3.12/site-packages/selenium/webdriver/support/wait.py:105: TimeoutException","flaky":false,"newFailed":false,"newBroken":false,"newPassed":false,"retriesCount":0,"retriesStatusChange":false,"beforeStages":[{"name":"get_token","time":{"start":1762339096936,"stop":1762339097454,"duration":518},"status":"passed","steps":[{"name":"Assert status code: 200 == Response status code: 200","time":{"start":1762339097453,"stop":1762339097453,"duration":0},"status":"passed","steps":[],"attachments":[],"parameters":[],"stepsCount":0,"shouldDisplayMessage":false,"attachmentsCount":0,"hasContent":false,"attachmentStep":false}],"attachments":[],"parameters":[],"stepsCount":1,"shouldDisplayMessage":false,"attachmentsCount":0,"hasContent":true,"attachmentStep":false},{"name":"driver","time":{"start":1762339125126,"stop":1762339125383,"duration":257},"status":"passed","steps":[],"attachments":[],"parameters":[],"stepsCount":0,"shouldDisplayMessage":false,"attachmentsCount":0,"hasContent":false,"attachmentStep":false},{"name":"authorization_user","time":{"start":1762339125383,"stop":1762339126072,"duration":689},"status":"passed","steps":[{"name":"Open page: https://oblache.areso.pro/register.html","time":{"start":1762339125383,"stop":1762339125877,"duration":494},"status":"passed","steps":[],"attachments":[],"parameters":[],"stepsCount":0,"shouldDisplayMessage":false,"attachmentsCount":0,"hasContent":false,"attachmentStep":false},{"name":"Login user","time":{"start":1762339125877,"stop":1762339126072,"duration":195},"status":"passed","steps":[{"name":"Enter email.","time":{"start":1762339125877,"stop":1762339125939,"duration":62},"status":"passed","steps":[],"attachments":[],"parameters":[],"stepsCount":0,"shouldDisplayMessage":false,"attachmentsCount":0,"hasContent":false,"attachmentStep":false},{"name":"Enter password.","time":{"start":1762339125939,"stop":1762339125983,"duration":44},"status":"passed","steps":[],"attachments":[],"parameters":[],"stepsCount":0,"shouldDisplayMessage":false,"attachmentsCount":0,"hasContent":false,"attachmentStep":false},{"name":"Click button \"Login\"","time":{"start":1762339125983,"stop":1762339126069,"duration":86},"status":"passed","steps":[],"attachments":[],"parameters":[],"stepsCount":0,"shouldDisplayMessage":false,"attachmentsCount":0,"hasContent":false,"attachmentStep":false},{"name":"Check url is present: https://oblache.areso.pro/register.html","time":{"start":1762339126069,"stop":1762339126072,"duration":3},"status":"passed","steps":[],"attachments":[],"parameters":[],"stepsCount":0,"shouldDisplayMessage":false,"attachmentsCount":0,"hasContent":false,"attachmentStep":false}],"attachments":[],"parameters":[],"stepsCount":4,"shouldDisplayMessage":false,"attachmentsCount":0,"hasContent":true,"attachmentStep":false}],"attachments":[],"parameters":[],"stepsCount":6,"shouldDisplayMessage":false,"attachmentsCount":0,"hasContent":true,"attachmentStep":false}],"testStage":{"status":"broken","statusMessage":"selenium.common.exceptions.TimeoutException: Message: Can't find element by locator ('xpath', '//table[@id=\"table_containers\"] //tr[1]/td[3] /button')\nStacktrace:\n#0 0x56308805baea <unknown>\n#1 0x563087aa7cdb <unknown>\n#2 0x563087afa6c4 <unknown>\n#3 0x563087afa901 <unknown>\n#4 0x563087b498b4 <unknown>\n#5 0x563087b46c87 <unknown>\n#6 0x563087aecaca <unknown>\n#7 0x563087aed7d1 <unknown>\n#8 0x563088022ab9 <unknown>\n#9 0x563088025a8c <unknown>\n#10 0x56308800bd49 <unknown>\n#11 0x563088026685 <unknown>\n#12 0x563087ff36c3 <unknown>\n#13 0x5630880487d8 <unknown>\n#14 0x5630880489b3 <unknown>\n#15 0x56308805aa83 <unknown>\n#16 0x7f175569caa4 <unknown>\n#17 0x7f1755729c6c <unknown>","statusTrace":"self = <tests_ui.test_ui.TestProfilePage object at 0x7f60f0c0b380>\ndriver = <selenium.webdriver.chrome.webdriver.WebDriver (session=\"28d51cd928d107b2bd3a65cbf5999edd\")>\nauthorization_user = None\nget_token = ('b32159f9-f6e8-4d4e-8d8c-bdf37e06789b', {'email': 'test4@mail.com', 'password': 'testpassword'}, 'testpassword', '123456789', 'test4@mail.com')\n\n    @allure.title('test_clipboard_uuid_docker')\n    def test_clipboard_uuid_docker(self, driver, authorization_user, get_token):\n        page = ProfilePage(driver, authorization_user)\n        page.click_button_docker_containers()\n>       page.check_clipboard(\n            table_xpath='//table[@id=\"table_containers\"]',\n            token=get_token[0])\n\ntests_ui/test_ui.py:120: \n_ _ _ _ _ _ _ _ _ _ _ _ _ _ _ _ _ _ _ _ _ _ _ _ _ _ _ _ _ _ _ _ _ _ _ _ _ _ _ _ \ntests_ui/profile_page.py:111: in check_clipboard\n    button = self.element_is_visible((By.XPATH, f'{table_xpath} //tr[1]/td[3] /button'))\ntests_ui/base_page.py:33: in element_is_visible\n    self.go_to_element(self.element_is_present(locator))\ntests_ui/base_page.py:46: in element_is_present\n    return Wait(self.driver, self.timeout).until(\n_ _ _ _ _ _ _ _ _ _ _ _ _ _ _ _ _ _ _ _ _ _ _ _ _ _ _ _ _ _ _ _ _ _ _ _ _ _ _ _ \n\nself = <selenium.webdriver.support.wait.WebDriverWait (session=\"28d51cd928d107b2bd3a65cbf5999edd\")>\nmethod = <function presence_of_element_located.<locals>._predicate at 0x7f60f03936a0>\nmessage = 'Can\\'t find element by locator (\\'xpath\\', \\'//table[@id=\"table_containers\"] //tr[1]/td[3] /button\\')'\n\n    def until(self, method: Callable[[D], Union[Literal[False], T]], message: str = \"\") -> T:\n        \"\"\"Calls the method provided with the driver as an argument until the \\\n        return value does not evaluate to ``False``.\n    \n        :param method: callable(WebDriver)\n        :param message: optional message for :exc:`TimeoutException`\n        :returns: the result of the last call to `method`\n        :raises: :exc:`selenium.common.exceptions.TimeoutException` if timeout occurs\n        \"\"\"\n        screen = None\n        stacktrace = None\n    \n        end_time = time.monotonic() + self._timeout\n        while True:\n            try:\n                value = method(self._driver)\n                if value:\n                    return value\n            except self._ignored_exceptions as exc:\n                screen = getattr(exc, \"screen\", None)\n                stacktrace = getattr(exc, \"stacktrace\", None)\n            time.sleep(self._poll)\n            if time.monotonic() > end_time:\n                break\n>       raise TimeoutException(message, screen, stacktrace)\nE       selenium.common.exceptions.TimeoutException: Message: Can't find element by locator ('xpath', '//table[@id=\"table_containers\"] //tr[1]/td[3] /button')\nE       Stacktrace:\nE       #0 0x56308805baea <unknown>\nE       #1 0x563087aa7cdb <unknown>\nE       #2 0x563087afa6c4 <unknown>\nE       #3 0x563087afa901 <unknown>\nE       #4 0x563087b498b4 <unknown>\nE       #5 0x563087b46c87 <unknown>\nE       #6 0x563087aecaca <unknown>\nE       #7 0x563087aed7d1 <unknown>\nE       #8 0x563088022ab9 <unknown>\nE       #9 0x563088025a8c <unknown>\nE       #10 0x56308800bd49 <unknown>\nE       #11 0x563088026685 <unknown>\nE       #12 0x563087ff36c3 <unknown>\nE       #13 0x5630880487d8 <unknown>\nE       #14 0x5630880489b3 <unknown>\nE       #15 0x56308805aa83 <unknown>\nE       #16 0x7f175569caa4 <unknown>\nE       #17 0x7f1755729c6c <unknown>\n\n/opt/hostedtoolcache/Python/3.12.12/x64/lib/python3.12/site-packages/selenium/webdriver/support/wait.py:105: TimeoutException","steps":[{"name":"Click \"Docker containers\" button.","time":{"start":1762339126072,"stop":1762339127441,"duration":1369},"status":"passed","steps":[],"attachments":[],"parameters":[],"stepsCount":0,"shouldDisplayMessage":false,"attachmentsCount":0,"hasContent":false,"attachmentStep":false},{"name":"Check clipboard","time":{"start":1762339127441,"stop":1762339132551,"duration":5110},"status":"broken","statusMessage":"selenium.common.exceptions.TimeoutException: Message: Can't find element by locator ('xpath', '//table[@id=\"table_containers\"] //tr[1]/td[3] /button')\nStacktrace:\n#0 0x56308805baea <unknown>\n#1 0x563087aa7cdb <unknown>\n#2 0x563087afa6c4 <unknown>\n#3 0x563087afa901 <unknown>\n#4 0x563087b498b4 <unknown>\n#5 0x563087b46c87 <unknown>\n#6 0x563087aecaca <unknown>\n#7 0x563087aed7d1 <unknown>\n#8 0x563088022ab9 <unknown>\n#9 0x563088025a8c <unknown>\n#10 0x56308800bd49 <unknown>\n#11 0x563088026685 <unknown>\n#12 0x563087ff36c3 <unknown>\n#13 0x5630880487d8 <unknown>\n#14 0x5630880489b3 <unknown>\n#15 0x56308805aa83 <unknown>\n#16 0x7f175569caa4 <unknown>\n#17 0x7f1755729c6c <unknown>\n\n","statusTrace":"  File \"/opt/hostedtoolcache/Python/3.12.12/x64/lib/python3.12/site-packages/allure_commons/_allure.py\", line 192, in impl\n    return func(*a, **kw)\n           ^^^^^^^^^^^^^^\n  File \"/home/runner/work/Oblache/Oblache/tests_ui/profile_page.py\", line 111, in check_clipboard\n    button = self.element_is_visible((By.XPATH, f'{table_xpath} //tr[1]/td[3] /button'))\n             ^^^^^^^^^^^^^^^^^^^^^^^^^^^^^^^^^^^^^^^^^^^^^^^^^^^^^^^^^^^^^^^^^^^^^^^^^^^\n  File \"/home/runner/work/Oblache/Oblache/tests_ui/base_page.py\", line 33, in element_is_visible\n    self.go_to_element(self.element_is_present(locator))\n                       ^^^^^^^^^^^^^^^^^^^^^^^^^^^^^^^^\n  File \"/home/runner/work/Oblache/Oblache/tests_ui/base_page.py\", line 46, in element_is_present\n    return Wait(self.driver, self.timeout).until(\n           ^^^^^^^^^^^^^^^^^^^^^^^^^^^^^^^^^^^^^^\n  File \"/opt/hostedtoolcache/Python/3.12.12/x64/lib/python3.12/site-packages/selenium/webdriver/support/wait.py\", line 105, in until\n    raise TimeoutException(message, screen, stacktrace)\n","steps":[],"attachments":[],"parameters":[{"name":"table_xpath","value":"'//table[@id=\"table_containers\"]'"},{"name":"token","value":"'b32159f9-f6e8-4d4e-8d8c-bdf37e06789b'"}],"stepsCount":0,"shouldDisplayMessage":true,"attachmentsCount":0,"hasContent":true,"attachmentStep":false}],"attachments":[{"uid":"2852f383e82e26e5","name":"Screenshot 2025-11-05 10:38:52.610491","source":"2852f383e82e26e5.png","type":"image/png","size":31410}],"parameters":[],"stepsCount":2,"shouldDisplayMessage":true,"attachmentsCount":1,"hasContent":true,"attachmentStep":false},"afterStages":[{"name":"driver::0","time":{"start":1762339132611,"stop":1762339132671,"duration":60},"status":"passed","steps":[],"attachments":[],"parameters":[],"stepsCount":0,"shouldDisplayMessage":false,"attachmentsCount":0,"hasContent":false,"attachmentStep":false}],"labels":[{"name":"suite","value":"Test Profile Page."},{"name":"parentSuite","value":"tests_ui"},{"name":"subSuite","value":"TestProfilePage"},{"name":"host","value":"runnervmf2e7y"},{"name":"thread","value":"2611-MainThread"},{"name":"framework","value":"pytest"},{"name":"language","value":"cpython3"},{"name":"package","value":"tests_ui.test_ui"},{"name":"resultFormat","value":"allure2"}],"parameters":[],"links":[],"hidden":false,"retry":false,"extra":{"severity":"normal","retries":[],"categories":[{"name":"Test defects","matchedStatuses":[],"flaky":false}],"tags":[]},"source":"c47ad692ad75dfcd.json","parameterValues":[]}