{
  "uid" : "1dd5b14dc6828ddf",
  "name" : "test_open_static_site_page",
  "fullName" : "tests_ui.test_ui.TestProfilePage#test_open_statistic_page",
  "historyId" : "d5ae1e2d5dedc1997262906d6ec2db80",
  "time" : {
    "start" : 1757209893398,
    "stop" : 1757209898496,
    "duration" : 5098
  },
  "status" : "broken",
  "statusMessage" : "selenium.common.exceptions.TimeoutException: Message: Can't find element by locator ('xpath', '//button[@id=\"menu_button_webpages\"]')\nStacktrace:\n#0 0x55647f8b008a <unknown>\n#1 0x55647f34fa70 <unknown>\n#2 0x55647f3a1907 <unknown>\n#3 0x55647f3a1b01 <unknown>\n#4 0x55647f3efd54 <unknown>\n#5 0x55647f3c740d <unknown>\n#6 0x55647f3ed14f <unknown>\n#7 0x55647f3c71b3 <unknown>\n#8 0x55647f39359b <unknown>\n#9 0x55647f394971 <unknown>\n#10 0x55647f87525b <unknown>\n#11 0x55647f878fa9 <unknown>\n#12 0x55647f85c339 <unknown>\n#13 0x55647f879b58 <unknown>\n#14 0x55647f840c1f <unknown>\n#15 0x55647f89d118 <unknown>\n#16 0x55647f89d2f6 <unknown>\n#17 0x55647f8af066 <unknown>\n#18 0x7fb48369caa4 <unknown>\n#19 0x7fb483729c3c <unknown>",
  "statusTrace" : "self = <tests_ui.test_ui.TestProfilePage object at 0x7f418a5e7da0>\ndriver = <selenium.webdriver.chrome.webdriver.WebDriver (session=\"732ed8dcf27807f835ab8562e54e73cf\")>\nauthorization_user = None\n\n    @allure.title('test_open_static_site_page')\n    def test_open_statistic_page(self, driver, authorization_user):\n        page = ProfilePage(driver)\n>       page.click_static_site_button()\n\ntests_ui/test_ui.py:69: \n_ _ _ _ _ _ _ _ _ _ _ _ _ _ _ _ _ _ _ _ _ _ _ _ _ _ _ _ _ _ _ _ _ _ _ _ _ _ _ _ \ntests_ui/profile_page.py:40: in click_static_site_button\n    return self.element_is_present_and_clickable(self.locators.STATIC_BUTTON).click()\ntests_ui/base_page.py:28: in element_is_present_and_clickable\n    return (Wait(self.driver, self.timeout).until(\n_ _ _ _ _ _ _ _ _ _ _ _ _ _ _ _ _ _ _ _ _ _ _ _ _ _ _ _ _ _ _ _ _ _ _ _ _ _ _ _ \n\nself = <selenium.webdriver.support.wait.WebDriverWait (session=\"732ed8dcf27807f835ab8562e54e73cf\")>\nmethod = <function visibility_of_element_located.<locals>._predicate at 0x7f41899a60c0>\nmessage = 'Can\\'t find element by locator (\\'xpath\\', \\'//button[@id=\"menu_button_webpages\"]\\')'\n\n    def until(self, method: Callable[[D], Union[Literal[False], T]], message: str = \"\") -> T:\n        \"\"\"Calls the method provided with the driver as an argument until the \\\n        return value does not evaluate to ``False``.\n    \n        :param method: callable(WebDriver)\n        :param message: optional message for :exc:`TimeoutException`\n        :returns: the result of the last call to `method`\n        :raises: :exc:`selenium.common.exceptions.TimeoutException` if timeout occurs\n        \"\"\"\n        screen = None\n        stacktrace = None\n    \n        end_time = time.monotonic() + self._timeout\n        while True:\n            try:\n                value = method(self._driver)\n                if value:\n                    return value\n            except self._ignored_exceptions as exc:\n                screen = getattr(exc, \"screen\", None)\n                stacktrace = getattr(exc, \"stacktrace\", None)\n            time.sleep(self._poll)\n            if time.monotonic() > end_time:\n                break\n>       raise TimeoutException(message, screen, stacktrace)\nE       selenium.common.exceptions.TimeoutException: Message: Can't find element by locator ('xpath', '//button[@id=\"menu_button_webpages\"]')\nE       Stacktrace:\nE       #0 0x55647f8b008a <unknown>\nE       #1 0x55647f34fa70 <unknown>\nE       #2 0x55647f3a1907 <unknown>\nE       #3 0x55647f3a1b01 <unknown>\nE       #4 0x55647f3efd54 <unknown>\nE       #5 0x55647f3c740d <unknown>\nE       #6 0x55647f3ed14f <unknown>\nE       #7 0x55647f3c71b3 <unknown>\nE       #8 0x55647f39359b <unknown>\nE       #9 0x55647f394971 <unknown>\nE       #10 0x55647f87525b <unknown>\nE       #11 0x55647f878fa9 <unknown>\nE       #12 0x55647f85c339 <unknown>\nE       #13 0x55647f879b58 <unknown>\nE       #14 0x55647f840c1f <unknown>\nE       #15 0x55647f89d118 <unknown>\nE       #16 0x55647f89d2f6 <unknown>\nE       #17 0x55647f8af066 <unknown>\nE       #18 0x7fb48369caa4 <unknown>\nE       #19 0x7fb483729c3c <unknown>\n\n/opt/hostedtoolcache/Python/3.12.11/x64/lib/python3.12/site-packages/selenium/webdriver/support/wait.py:105: TimeoutException",
  "flaky" : false,
  "newFailed" : false,
  "beforeStages" : [ {
    "name" : "authorization_user",
    "time" : {
      "start" : 1757209892843,
      "stop" : 1757209893398,
      "duration" : 555
    },
    "status" : "passed",
    "steps" : [ {
      "name" : "Open page: https://oblache.areso.pro/register.html",
      "time" : {
        "start" : 1757209892843,
        "stop" : 1757209893202,
        "duration" : 359
      },
      "status" : "passed",
      "steps" : [ ],
      "attachments" : [ ],
      "parameters" : [ ],
      "stepsCount" : 0,
      "attachmentsCount" : 0,
      "shouldDisplayMessage" : false,
      "hasContent" : false
    }, {
      "name" : "Login user",
      "time" : {
        "start" : 1757209893203,
        "stop" : 1757209893398,
        "duration" : 195
      },
      "status" : "passed",
      "steps" : [ {
        "name" : "Enter email.",
        "time" : {
          "start" : 1757209893203,
          "stop" : 1757209893266,
          "duration" : 63
        },
        "status" : "passed",
        "steps" : [ ],
        "attachments" : [ ],
        "parameters" : [ ],
        "stepsCount" : 0,
        "attachmentsCount" : 0,
        "shouldDisplayMessage" : false,
        "hasContent" : false
      }, {
        "name" : "Enter password.",
        "time" : {
          "start" : 1757209893266,
          "stop" : 1757209893309,
          "duration" : 43
        },
        "status" : "passed",
        "steps" : [ ],
        "attachments" : [ ],
        "parameters" : [ ],
        "stepsCount" : 0,
        "attachmentsCount" : 0,
        "shouldDisplayMessage" : false,
        "hasContent" : false
      }, {
        "name" : "Click button \"Login\"",
        "time" : {
          "start" : 1757209893309,
          "stop" : 1757209893395,
          "duration" : 86
        },
        "status" : "passed",
        "steps" : [ ],
        "attachments" : [ ],
        "parameters" : [ ],
        "stepsCount" : 0,
        "attachmentsCount" : 0,
        "shouldDisplayMessage" : false,
        "hasContent" : false
      }, {
        "name" : "Check url is present: https://oblache.areso.pro/register.html",
        "time" : {
          "start" : 1757209893395,
          "stop" : 1757209893398,
          "duration" : 3
        },
        "status" : "passed",
        "steps" : [ ],
        "attachments" : [ ],
        "parameters" : [ ],
        "stepsCount" : 0,
        "attachmentsCount" : 0,
        "shouldDisplayMessage" : false,
        "hasContent" : false
      } ],
      "attachments" : [ ],
      "parameters" : [ ],
      "stepsCount" : 4,
      "attachmentsCount" : 0,
      "shouldDisplayMessage" : false,
      "hasContent" : true
    } ],
    "attachments" : [ ],
    "parameters" : [ ],
    "stepsCount" : 6,
    "attachmentsCount" : 0,
    "shouldDisplayMessage" : false,
    "hasContent" : true
  }, {
    "name" : "driver",
    "time" : {
      "start" : 1757209892577,
      "stop" : 1757209892843,
      "duration" : 266
    },
    "status" : "passed",
    "steps" : [ ],
    "attachments" : [ ],
    "parameters" : [ ],
    "stepsCount" : 0,
    "attachmentsCount" : 0,
    "shouldDisplayMessage" : false,
    "hasContent" : false
  } ],
  "testStage" : {
    "status" : "broken",
    "statusMessage" : "selenium.common.exceptions.TimeoutException: Message: Can't find element by locator ('xpath', '//button[@id=\"menu_button_webpages\"]')\nStacktrace:\n#0 0x55647f8b008a <unknown>\n#1 0x55647f34fa70 <unknown>\n#2 0x55647f3a1907 <unknown>\n#3 0x55647f3a1b01 <unknown>\n#4 0x55647f3efd54 <unknown>\n#5 0x55647f3c740d <unknown>\n#6 0x55647f3ed14f <unknown>\n#7 0x55647f3c71b3 <unknown>\n#8 0x55647f39359b <unknown>\n#9 0x55647f394971 <unknown>\n#10 0x55647f87525b <unknown>\n#11 0x55647f878fa9 <unknown>\n#12 0x55647f85c339 <unknown>\n#13 0x55647f879b58 <unknown>\n#14 0x55647f840c1f <unknown>\n#15 0x55647f89d118 <unknown>\n#16 0x55647f89d2f6 <unknown>\n#17 0x55647f8af066 <unknown>\n#18 0x7fb48369caa4 <unknown>\n#19 0x7fb483729c3c <unknown>",
    "statusTrace" : "self = <tests_ui.test_ui.TestProfilePage object at 0x7f418a5e7da0>\ndriver = <selenium.webdriver.chrome.webdriver.WebDriver (session=\"732ed8dcf27807f835ab8562e54e73cf\")>\nauthorization_user = None\n\n    @allure.title('test_open_static_site_page')\n    def test_open_statistic_page(self, driver, authorization_user):\n        page = ProfilePage(driver)\n>       page.click_static_site_button()\n\ntests_ui/test_ui.py:69: \n_ _ _ _ _ _ _ _ _ _ _ _ _ _ _ _ _ _ _ _ _ _ _ _ _ _ _ _ _ _ _ _ _ _ _ _ _ _ _ _ \ntests_ui/profile_page.py:40: in click_static_site_button\n    return self.element_is_present_and_clickable(self.locators.STATIC_BUTTON).click()\ntests_ui/base_page.py:28: in element_is_present_and_clickable\n    return (Wait(self.driver, self.timeout).until(\n_ _ _ _ _ _ _ _ _ _ _ _ _ _ _ _ _ _ _ _ _ _ _ _ _ _ _ _ _ _ _ _ _ _ _ _ _ _ _ _ \n\nself = <selenium.webdriver.support.wait.WebDriverWait (session=\"732ed8dcf27807f835ab8562e54e73cf\")>\nmethod = <function visibility_of_element_located.<locals>._predicate at 0x7f41899a60c0>\nmessage = 'Can\\'t find element by locator (\\'xpath\\', \\'//button[@id=\"menu_button_webpages\"]\\')'\n\n    def until(self, method: Callable[[D], Union[Literal[False], T]], message: str = \"\") -> T:\n        \"\"\"Calls the method provided with the driver as an argument until the \\\n        return value does not evaluate to ``False``.\n    \n        :param method: callable(WebDriver)\n        :param message: optional message for :exc:`TimeoutException`\n        :returns: the result of the last call to `method`\n        :raises: :exc:`selenium.common.exceptions.TimeoutException` if timeout occurs\n        \"\"\"\n        screen = None\n        stacktrace = None\n    \n        end_time = time.monotonic() + self._timeout\n        while True:\n            try:\n                value = method(self._driver)\n                if value:\n                    return value\n            except self._ignored_exceptions as exc:\n                screen = getattr(exc, \"screen\", None)\n                stacktrace = getattr(exc, \"stacktrace\", None)\n            time.sleep(self._poll)\n            if time.monotonic() > end_time:\n                break\n>       raise TimeoutException(message, screen, stacktrace)\nE       selenium.common.exceptions.TimeoutException: Message: Can't find element by locator ('xpath', '//button[@id=\"menu_button_webpages\"]')\nE       Stacktrace:\nE       #0 0x55647f8b008a <unknown>\nE       #1 0x55647f34fa70 <unknown>\nE       #2 0x55647f3a1907 <unknown>\nE       #3 0x55647f3a1b01 <unknown>\nE       #4 0x55647f3efd54 <unknown>\nE       #5 0x55647f3c740d <unknown>\nE       #6 0x55647f3ed14f <unknown>\nE       #7 0x55647f3c71b3 <unknown>\nE       #8 0x55647f39359b <unknown>\nE       #9 0x55647f394971 <unknown>\nE       #10 0x55647f87525b <unknown>\nE       #11 0x55647f878fa9 <unknown>\nE       #12 0x55647f85c339 <unknown>\nE       #13 0x55647f879b58 <unknown>\nE       #14 0x55647f840c1f <unknown>\nE       #15 0x55647f89d118 <unknown>\nE       #16 0x55647f89d2f6 <unknown>\nE       #17 0x55647f8af066 <unknown>\nE       #18 0x7fb48369caa4 <unknown>\nE       #19 0x7fb483729c3c <unknown>\n\n/opt/hostedtoolcache/Python/3.12.11/x64/lib/python3.12/site-packages/selenium/webdriver/support/wait.py:105: TimeoutException",
    "steps" : [ {
      "name" : "Click \"Static site\" button.",
      "time" : {
        "start" : 1757209893398,
        "stop" : 1757209898496,
        "duration" : 5098
      },
      "status" : "broken",
      "statusMessage" : "selenium.common.exceptions.TimeoutException: Message: Can't find element by locator ('xpath', '//button[@id=\"menu_button_webpages\"]')\nStacktrace:\n#0 0x55647f8b008a <unknown>\n#1 0x55647f34fa70 <unknown>\n#2 0x55647f3a1907 <unknown>\n#3 0x55647f3a1b01 <unknown>\n#4 0x55647f3efd54 <unknown>\n#5 0x55647f3c740d <unknown>\n#6 0x55647f3ed14f <unknown>\n#7 0x55647f3c71b3 <unknown>\n#8 0x55647f39359b <unknown>\n#9 0x55647f394971 <unknown>\n#10 0x55647f87525b <unknown>\n#11 0x55647f878fa9 <unknown>\n#12 0x55647f85c339 <unknown>\n#13 0x55647f879b58 <unknown>\n#14 0x55647f840c1f <unknown>\n#15 0x55647f89d118 <unknown>\n#16 0x55647f89d2f6 <unknown>\n#17 0x55647f8af066 <unknown>\n#18 0x7fb48369caa4 <unknown>\n#19 0x7fb483729c3c <unknown>\n\n",
      "statusTrace" : "  File \"/home/runner/work/Oblache/Oblache/tests_ui/profile_page.py\", line 40, in click_static_site_button\n    return self.element_is_present_and_clickable(self.locators.STATIC_BUTTON).click()\n           ^^^^^^^^^^^^^^^^^^^^^^^^^^^^^^^^^^^^^^^^^^^^^^^^^^^^^^^^^^^^^^^^^^\n  File \"/home/runner/work/Oblache/Oblache/tests_ui/base_page.py\", line 28, in element_is_present_and_clickable\n    return (Wait(self.driver, self.timeout).until(\n            ^^^^^^^^^^^^^^^^^^^^^^^^^^^^^^^^^^^^^^\n  File \"/opt/hostedtoolcache/Python/3.12.11/x64/lib/python3.12/site-packages/selenium/webdriver/support/wait.py\", line 105, in until\n    raise TimeoutException(message, screen, stacktrace)\n",
      "steps" : [ ],
      "attachments" : [ ],
      "parameters" : [ ],
      "stepsCount" : 0,
      "attachmentsCount" : 0,
      "shouldDisplayMessage" : true,
      "hasContent" : true
    } ],
    "attachments" : [ {
      "uid" : "869d22f4184afe22",
      "name" : "Screenshot 2025-09-07 01:51:38.588738",
      "source" : "869d22f4184afe22.png",
      "type" : "image/png",
      "size" : 50287
    } ],
    "parameters" : [ ],
    "stepsCount" : 1,
    "attachmentsCount" : 1,
    "shouldDisplayMessage" : true,
    "hasContent" : true
  },
  "afterStages" : [ {
    "name" : "driver::0",
    "time" : {
      "start" : 1757209898590,
      "stop" : 1757209898652,
      "duration" : 62
    },
    "status" : "passed",
    "steps" : [ ],
    "attachments" : [ ],
    "parameters" : [ ],
    "stepsCount" : 0,
    "attachmentsCount" : 0,
    "shouldDisplayMessage" : false,
    "hasContent" : false
  } ],
  "labels" : [ {
    "name" : "suite",
    "value" : "Test Profile Page."
  }, {
    "name" : "parentSuite",
    "value" : "tests_ui"
  }, {
    "name" : "subSuite",
    "value" : "TestProfilePage"
  }, {
    "name" : "host",
    "value" : "pkrvm7jw40e0xgp"
  }, {
    "name" : "thread",
    "value" : "2559-MainThread"
  }, {
    "name" : "framework",
    "value" : "pytest"
  }, {
    "name" : "language",
    "value" : "cpython3"
  }, {
    "name" : "package",
    "value" : "tests_ui.test_ui"
  }, {
    "name" : "resultFormat",
    "value" : "allure2"
  } ],
  "parameters" : [ ],
  "links" : [ ],
  "hidden" : false,
  "retry" : false,
  "extra" : {
    "severity" : "normal",
    "retries" : [ ],
    "categories" : [ {
      "name" : "Test defects",
      "matchedStatuses" : [ ],
      "flaky" : false
    } ],
    "history" : {
      "statistic" : {
        "failed" : 0,
        "broken" : 274,
        "skipped" : 0,
        "passed" : 0,
        "unknown" : 0,
        "total" : 274
      },
      "items" : [ {
        "uid" : "914b380111dc63e0",
        "reportUrl" : "https://lambotik.github.io/Oblache/494//#testresult/914b380111dc63e0",
        "status" : "broken",
        "statusDetails" : "selenium.common.exceptions.TimeoutException: Message: Can't find element by locator ('xpath', '//button[@id=\"menu_button_webpages\"]')\nStacktrace:\n#0 0x5628d596f08a <unknown>\n#1 0x5628d540ea70 <unknown>\n#2 0x5628d5460907 <unknown>\n#3 0x5628d5460b01 <unknown>\n#4 0x5628d54aed54 <unknown>\n#5 0x5628d548640d <unknown>\n#6 0x5628d54ac14f <unknown>\n#7 0x5628d54861b3 <unknown>\n#8 0x5628d545259b <unknown>\n#9 0x5628d5453971 <unknown>\n#10 0x5628d593425b <unknown>\n#11 0x5628d5937fa9 <unknown>\n#12 0x5628d591b339 <unknown>\n#13 0x5628d5938b58 <unknown>\n#14 0x5628d58ffc1f <unknown>\n#15 0x5628d595c118 <unknown>\n#16 0x5628d595c2f6 <unknown>\n#17 0x5628d596e066 <unknown>\n#18 0x7f055c09caa4 <unknown>\n#19 0x7f055c129c3c <unknown>",
        "time" : {
          "start" : 1757123015780,
          "stop" : 1757123021233,
          "duration" : 5453
        }
      }, {
        "uid" : "a4b77371db79d03a",
        "reportUrl" : "https://lambotik.github.io/Oblache/493//#testresult/a4b77371db79d03a",
        "status" : "broken",
        "statusDetails" : "selenium.common.exceptions.TimeoutException: Message: Can't find element by locator ('xpath', '//button[@id=\"menu_button_webpages\"]')\nStacktrace:\n#0 0x55abda15708a <unknown>\n#1 0x55abd9bf6a70 <unknown>\n#2 0x55abd9c48907 <unknown>\n#3 0x55abd9c48b01 <unknown>\n#4 0x55abd9c96d54 <unknown>\n#5 0x55abd9c6e40d <unknown>\n#6 0x55abd9c9414f <unknown>\n#7 0x55abd9c6e1b3 <unknown>\n#8 0x55abd9c3a59b <unknown>\n#9 0x55abd9c3b971 <unknown>\n#10 0x55abda11c25b <unknown>\n#11 0x55abda11ffa9 <unknown>\n#12 0x55abda103339 <unknown>\n#13 0x55abda120b58 <unknown>\n#14 0x55abda0e7c1f <unknown>\n#15 0x55abda144118 <unknown>\n#16 0x55abda1442f6 <unknown>\n#17 0x55abda156066 <unknown>\n#18 0x7fdaba69caa4 <unknown>\n#19 0x7fdaba729c3c <unknown>",
        "time" : {
          "start" : 1757036797463,
          "stop" : 1757036802890,
          "duration" : 5427
        }
      }, {
        "uid" : "9c364dc87378f5cc",
        "reportUrl" : "https://lambotik.github.io/Oblache/492//#testresult/9c364dc87378f5cc",
        "status" : "broken",
        "statusDetails" : "selenium.common.exceptions.TimeoutException: Message: Can't find element by locator ('xpath', '//button[@id=\"menu_button_webpages\"]')\nStacktrace:\n#0 0x55b7df10908a <unknown>\n#1 0x55b7deba8a70 <unknown>\n#2 0x55b7debfa907 <unknown>\n#3 0x55b7debfab01 <unknown>\n#4 0x55b7dec48d54 <unknown>\n#5 0x55b7dec2040d <unknown>\n#6 0x55b7dec4614f <unknown>\n#7 0x55b7dec201b3 <unknown>\n#8 0x55b7debec59b <unknown>\n#9 0x55b7debed971 <unknown>\n#10 0x55b7df0ce25b <unknown>\n#11 0x55b7df0d1fa9 <unknown>\n#12 0x55b7df0b5339 <unknown>\n#13 0x55b7df0d2b58 <unknown>\n#14 0x55b7df099c1f <unknown>\n#15 0x55b7df0f6118 <unknown>\n#16 0x55b7df0f62f6 <unknown>\n#17 0x55b7df108066 <unknown>\n#18 0x7fa42fa9caa4 <unknown>\n#19 0x7fa42fb29c3c <unknown>",
        "time" : {
          "start" : 1756950282189,
          "stop" : 1756950287567,
          "duration" : 5378
        }
      }, {
        "uid" : "a48716dc7ba49d29",
        "reportUrl" : "https://lambotik.github.io/Oblache/491//#testresult/a48716dc7ba49d29",
        "status" : "broken",
        "statusDetails" : "selenium.common.exceptions.TimeoutException: Message: Can't find element by locator ('xpath', '//button[@id=\"menu_button_webpages\"]')\nStacktrace:\n#0 0x55e6e0cd908a <unknown>\n#1 0x55e6e0778a70 <unknown>\n#2 0x55e6e07ca907 <unknown>\n#3 0x55e6e07cab01 <unknown>\n#4 0x55e6e0818d54 <unknown>\n#5 0x55e6e07f040d <unknown>\n#6 0x55e6e081614f <unknown>\n#7 0x55e6e07f01b3 <unknown>\n#8 0x55e6e07bc59b <unknown>\n#9 0x55e6e07bd971 <unknown>\n#10 0x55e6e0c9e25b <unknown>\n#11 0x55e6e0ca1fa9 <unknown>\n#12 0x55e6e0c85339 <unknown>\n#13 0x55e6e0ca2b58 <unknown>\n#14 0x55e6e0c69c1f <unknown>\n#15 0x55e6e0cc6118 <unknown>\n#16 0x55e6e0cc62f6 <unknown>\n#17 0x55e6e0cd8066 <unknown>\n#18 0x7fe68c89caa4 <unknown>\n#19 0x7fe68c929c3c <unknown>",
        "time" : {
          "start" : 1756863832094,
          "stop" : 1756863837189,
          "duration" : 5095
        }
      }, {
        "uid" : "4c127e51f87bbf81",
        "reportUrl" : "https://lambotik.github.io/Oblache/490//#testresult/4c127e51f87bbf81",
        "status" : "broken",
        "statusDetails" : "selenium.common.exceptions.TimeoutException: Message: Can't find element by locator ('xpath', '//button[@id=\"menu_button_webpages\"]')\nStacktrace:\n#0 0x55b2d972a02a <unknown>\n#1 0x55b2d91c9a70 <unknown>\n#2 0x55b2d921b907 <unknown>\n#3 0x55b2d921bb01 <unknown>\n#4 0x55b2d9269d54 <unknown>\n#5 0x55b2d924140d <unknown>\n#6 0x55b2d926714f <unknown>\n#7 0x55b2d92411b3 <unknown>\n#8 0x55b2d920d59b <unknown>\n#9 0x55b2d920e971 <unknown>\n#10 0x55b2d96ef1fb <unknown>\n#11 0x55b2d96f2f49 <unknown>\n#12 0x55b2d96d62d9 <unknown>\n#13 0x55b2d96f3af8 <unknown>\n#14 0x55b2d96babbf <unknown>\n#15 0x55b2d97170b8 <unknown>\n#16 0x55b2d9717296 <unknown>\n#17 0x55b2d9729006 <unknown>\n#18 0x7f856049caa4 <unknown>\n#19 0x7f8560529c3c <unknown>",
        "time" : {
          "start" : 1756777831763,
          "stop" : 1756777837165,
          "duration" : 5402
        }
      }, {
        "uid" : "a590dafe224fabfc",
        "reportUrl" : "https://lambotik.github.io/Oblache/489//#testresult/a590dafe224fabfc",
        "status" : "broken",
        "statusDetails" : "selenium.common.exceptions.TimeoutException: Message: Can't find element by locator ('xpath', '//button[@id=\"menu_button_webpages\"]')\nStacktrace:\n#0 0x55f82359602a <unknown>\n#1 0x55f823035a70 <unknown>\n#2 0x55f823087907 <unknown>\n#3 0x55f823087b01 <unknown>\n#4 0x55f8230d5d54 <unknown>\n#5 0x55f8230ad40d <unknown>\n#6 0x55f8230d314f <unknown>\n#7 0x55f8230ad1b3 <unknown>\n#8 0x55f82307959b <unknown>\n#9 0x55f82307a971 <unknown>\n#10 0x55f82355b1fb <unknown>\n#11 0x55f82355ef49 <unknown>\n#12 0x55f8235422d9 <unknown>\n#13 0x55f82355faf8 <unknown>\n#14 0x55f823526bbf <unknown>\n#15 0x55f8235830b8 <unknown>\n#16 0x55f823583296 <unknown>\n#17 0x55f823595006 <unknown>\n#18 0x7f2f5289caa4 <unknown>\n#19 0x7f2f52929c3c <unknown>",
        "time" : {
          "start" : 1756692279690,
          "stop" : 1756692285025,
          "duration" : 5335
        }
      }, {
        "uid" : "7353d1a63a17f1d9",
        "reportUrl" : "https://lambotik.github.io/Oblache/488//#testresult/7353d1a63a17f1d9",
        "status" : "broken",
        "statusDetails" : "selenium.common.exceptions.TimeoutException: Message: Can't find element by locator ('xpath', '//button[@id=\"menu_button_webpages\"]')\nStacktrace:\n#0 0x5653a251602a <unknown>\n#1 0x5653a1fb5a70 <unknown>\n#2 0x5653a2007907 <unknown>\n#3 0x5653a2007b01 <unknown>\n#4 0x5653a2055d54 <unknown>\n#5 0x5653a202d40d <unknown>\n#6 0x5653a205314f <unknown>\n#7 0x5653a202d1b3 <unknown>\n#8 0x5653a1ff959b <unknown>\n#9 0x5653a1ffa971 <unknown>\n#10 0x5653a24db1fb <unknown>\n#11 0x5653a24def49 <unknown>\n#12 0x5653a24c22d9 <unknown>\n#13 0x5653a24dfaf8 <unknown>\n#14 0x5653a24a6bbf <unknown>\n#15 0x5653a25030b8 <unknown>\n#16 0x5653a2503296 <unknown>\n#17 0x5653a2515006 <unknown>\n#18 0x7fd9fbe9caa4 <unknown>\n#19 0x7fd9fbf29c3c <unknown>",
        "time" : {
          "start" : 1756605280857,
          "stop" : 1756605286226,
          "duration" : 5369
        }
      }, {
        "uid" : "b65b9520d69577a5",
        "reportUrl" : "https://lambotik.github.io/Oblache/487//#testresult/b65b9520d69577a5",
        "status" : "broken",
        "statusDetails" : "selenium.common.exceptions.TimeoutException: Message: Can't find element by locator ('xpath', '//button[@id=\"menu_button_webpages\"]')\nStacktrace:\n#0 0x55949575c02a <unknown>\n#1 0x5594951fba70 <unknown>\n#2 0x55949524d907 <unknown>\n#3 0x55949524db01 <unknown>\n#4 0x55949529bd54 <unknown>\n#5 0x55949527340d <unknown>\n#6 0x55949529914f <unknown>\n#7 0x5594952731b3 <unknown>\n#8 0x55949523f59b <unknown>\n#9 0x559495240971 <unknown>\n#10 0x5594957211fb <unknown>\n#11 0x559495724f49 <unknown>\n#12 0x5594957082d9 <unknown>\n#13 0x559495725af8 <unknown>\n#14 0x5594956ecbbf <unknown>\n#15 0x5594957490b8 <unknown>\n#16 0x559495749296 <unknown>\n#17 0x55949575b006 <unknown>\n#18 0x7f59fdc9caa4 <unknown>\n#19 0x7f59fdd29c3c <unknown>",
        "time" : {
          "start" : 1756518184968,
          "stop" : 1756518190097,
          "duration" : 5129
        }
      }, {
        "uid" : "1109e0dfe467e834",
        "reportUrl" : "https://lambotik.github.io/Oblache/486//#testresult/1109e0dfe467e834",
        "status" : "broken",
        "statusDetails" : "selenium.common.exceptions.TimeoutException: Message: Can't find element by locator ('xpath', '//button[@id=\"menu_button_webpages\"]')\nStacktrace:\n#0 0x5593e7fdc02a <unknown>\n#1 0x5593e7a7ba70 <unknown>\n#2 0x5593e7acd907 <unknown>\n#3 0x5593e7acdb01 <unknown>\n#4 0x5593e7b1bd54 <unknown>\n#5 0x5593e7af340d <unknown>\n#6 0x5593e7b1914f <unknown>\n#7 0x5593e7af31b3 <unknown>\n#8 0x5593e7abf59b <unknown>\n#9 0x5593e7ac0971 <unknown>\n#10 0x5593e7fa11fb <unknown>\n#11 0x5593e7fa4f49 <unknown>\n#12 0x5593e7f882d9 <unknown>\n#13 0x5593e7fa5af8 <unknown>\n#14 0x5593e7f6cbbf <unknown>\n#15 0x5593e7fc90b8 <unknown>\n#16 0x5593e7fc9296 <unknown>\n#17 0x5593e7fdb006 <unknown>\n#18 0x7fc09949caa4 <unknown>\n#19 0x7fc099529c3c <unknown>",
        "time" : {
          "start" : 1756432100473,
          "stop" : 1756432105535,
          "duration" : 5062
        }
      }, {
        "uid" : "58664c38d80252e6",
        "reportUrl" : "https://lambotik.github.io/Oblache/485//#testresult/58664c38d80252e6",
        "status" : "broken",
        "statusDetails" : "selenium.common.exceptions.TimeoutException: Message: Can't find element by locator ('xpath', '//button[@id=\"menu_button_webpages\"]')\nStacktrace:\n#0 0x555d17b9f02a <unknown>\n#1 0x555d1763ea70 <unknown>\n#2 0x555d17690907 <unknown>\n#3 0x555d17690b01 <unknown>\n#4 0x555d176ded54 <unknown>\n#5 0x555d176b640d <unknown>\n#6 0x555d176dc14f <unknown>\n#7 0x555d176b61b3 <unknown>\n#8 0x555d1768259b <unknown>\n#9 0x555d17683971 <unknown>\n#10 0x555d17b641fb <unknown>\n#11 0x555d17b67f49 <unknown>\n#12 0x555d17b4b2d9 <unknown>\n#13 0x555d17b68af8 <unknown>\n#14 0x555d17b2fbbf <unknown>\n#15 0x555d17b8c0b8 <unknown>\n#16 0x555d17b8c296 <unknown>\n#17 0x555d17b9e006 <unknown>\n#18 0x7fe85fa9caa4 <unknown>\n#19 0x7fe85fb29c3c <unknown>",
        "time" : {
          "start" : 1756345707081,
          "stop" : 1756345712489,
          "duration" : 5408
        }
      }, {
        "uid" : "e4b65a36e35dc900",
        "reportUrl" : "https://lambotik.github.io/Oblache/484//#testresult/e4b65a36e35dc900",
        "status" : "broken",
        "statusDetails" : "selenium.common.exceptions.TimeoutException: Message: Can't find element by locator ('xpath', '//button[@id=\"menu_button_webpages\"]')\nStacktrace:\n#0 0x56543b3c201a <unknown>\n#1 0x56543ae61a70 <unknown>\n#2 0x56543aeb3907 <unknown>\n#3 0x56543aeb3b01 <unknown>\n#4 0x56543af01d54 <unknown>\n#5 0x56543aed940d <unknown>\n#6 0x56543aeff14f <unknown>\n#7 0x56543aed91b3 <unknown>\n#8 0x56543aea559b <unknown>\n#9 0x56543aea6971 <unknown>\n#10 0x56543b3871eb <unknown>\n#11 0x56543b38af39 <unknown>\n#12 0x56543b36e2c9 <unknown>\n#13 0x56543b38bae8 <unknown>\n#14 0x56543b352baf <unknown>\n#15 0x56543b3af0a8 <unknown>\n#16 0x56543b3af286 <unknown>\n#17 0x56543b3c0ff6 <unknown>\n#18 0x7fa70189caa4 <unknown>\n#19 0x7fa701929c3c <unknown>",
        "time" : {
          "start" : 1756259350684,
          "stop" : 1756259356112,
          "duration" : 5428
        }
      }, {
        "uid" : "7a37291e58a32e11",
        "reportUrl" : "https://lambotik.github.io/Oblache/483//#testresult/7a37291e58a32e11",
        "status" : "broken",
        "statusDetails" : "selenium.common.exceptions.TimeoutException: Message: Can't find element by locator ('xpath', '//button[@id=\"menu_button_webpages\"]')\nStacktrace:\n#0 0x5564202a401a <unknown>\n#1 0x55641fd43a70 <unknown>\n#2 0x55641fd95907 <unknown>\n#3 0x55641fd95b01 <unknown>\n#4 0x55641fde3d54 <unknown>\n#5 0x55641fdbb40d <unknown>\n#6 0x55641fde114f <unknown>\n#7 0x55641fdbb1b3 <unknown>\n#8 0x55641fd8759b <unknown>\n#9 0x55641fd88971 <unknown>\n#10 0x5564202691eb <unknown>\n#11 0x55642026cf39 <unknown>\n#12 0x5564202502c9 <unknown>\n#13 0x55642026dae8 <unknown>\n#14 0x556420234baf <unknown>\n#15 0x5564202910a8 <unknown>\n#16 0x556420291286 <unknown>\n#17 0x5564202a2ff6 <unknown>\n#18 0x7fdbf1e9caa4 <unknown>\n#19 0x7fdbf1f29c3c <unknown>",
        "time" : {
          "start" : 1756173178262,
          "stop" : 1756173183617,
          "duration" : 5355
        }
      }, {
        "uid" : "85a9897ff1c55a09",
        "reportUrl" : "https://lambotik.github.io/Oblache/482//#testresult/85a9897ff1c55a09",
        "status" : "broken",
        "statusDetails" : "selenium.common.exceptions.TimeoutException: Message: Can't find element by locator ('xpath', '//button[@id=\"menu_button_webpages\"]')\nStacktrace:\n#0 0x55bae7cd801a <unknown>\n#1 0x55bae7777a70 <unknown>\n#2 0x55bae77c9907 <unknown>\n#3 0x55bae77c9b01 <unknown>\n#4 0x55bae7817d54 <unknown>\n#5 0x55bae77ef40d <unknown>\n#6 0x55bae781514f <unknown>\n#7 0x55bae77ef1b3 <unknown>\n#8 0x55bae77bb59b <unknown>\n#9 0x55bae77bc971 <unknown>\n#10 0x55bae7c9d1eb <unknown>\n#11 0x55bae7ca0f39 <unknown>\n#12 0x55bae7c842c9 <unknown>\n#13 0x55bae7ca1ae8 <unknown>\n#14 0x55bae7c68baf <unknown>\n#15 0x55bae7cc50a8 <unknown>\n#16 0x55bae7cc5286 <unknown>\n#17 0x55bae7cd6ff6 <unknown>\n#18 0x7f9cba49caa4 <unknown>\n#19 0x7f9cba529c3c <unknown>",
        "time" : {
          "start" : 1756086997948,
          "stop" : 1756087002980,
          "duration" : 5032
        }
      }, {
        "uid" : "f2a29c1f2e26e63a",
        "reportUrl" : "https://lambotik.github.io/Oblache/481//#testresult/f2a29c1f2e26e63a",
        "status" : "broken",
        "statusDetails" : "selenium.common.exceptions.TimeoutException: Message: Can't find element by locator ('xpath', '//button[@id=\"menu_button_webpages\"]')\nStacktrace:\n#0 0x55a4d120f01a <unknown>\n#1 0x55a4d0caea70 <unknown>\n#2 0x55a4d0d00907 <unknown>\n#3 0x55a4d0d00b01 <unknown>\n#4 0x55a4d0d4ed54 <unknown>\n#5 0x55a4d0d2640d <unknown>\n#6 0x55a4d0d4c14f <unknown>\n#7 0x55a4d0d261b3 <unknown>\n#8 0x55a4d0cf259b <unknown>\n#9 0x55a4d0cf3971 <unknown>\n#10 0x55a4d11d41eb <unknown>\n#11 0x55a4d11d7f39 <unknown>\n#12 0x55a4d11bb2c9 <unknown>\n#13 0x55a4d11d8ae8 <unknown>\n#14 0x55a4d119fbaf <unknown>\n#15 0x55a4d11fc0a8 <unknown>\n#16 0x55a4d11fc286 <unknown>\n#17 0x55a4d120dff6 <unknown>\n#18 0x7f892c09caa4 <unknown>\n#19 0x7f892c129c3c <unknown>",
        "time" : {
          "start" : 1756000964671,
          "stop" : 1756000970042,
          "duration" : 5371
        }
      }, {
        "uid" : "2364b0bad78924b5",
        "reportUrl" : "https://lambotik.github.io/Oblache/480//#testresult/2364b0bad78924b5",
        "status" : "broken",
        "statusDetails" : "selenium.common.exceptions.TimeoutException: Message: Can't find element by locator ('xpath', '//button[@id=\"menu_button_webpages\"]')\nStacktrace:\n#0 0x55a37915901a <unknown>\n#1 0x55a378bf8a70 <unknown>\n#2 0x55a378c4a907 <unknown>\n#3 0x55a378c4ab01 <unknown>\n#4 0x55a378c98d54 <unknown>\n#5 0x55a378c7040d <unknown>\n#6 0x55a378c9614f <unknown>\n#7 0x55a378c701b3 <unknown>\n#8 0x55a378c3c59b <unknown>\n#9 0x55a378c3d971 <unknown>\n#10 0x55a37911e1eb <unknown>\n#11 0x55a379121f39 <unknown>\n#12 0x55a3791052c9 <unknown>\n#13 0x55a379122ae8 <unknown>\n#14 0x55a3790e9baf <unknown>\n#15 0x55a3791460a8 <unknown>\n#16 0x55a379146286 <unknown>\n#17 0x55a379157ff6 <unknown>\n#18 0x7fabd8e9caa4 <unknown>\n#19 0x7fabd8f29c3c <unknown>",
        "time" : {
          "start" : 1755913659776,
          "stop" : 1755913665178,
          "duration" : 5402
        }
      }, {
        "uid" : "9da7a82bac58900d",
        "reportUrl" : "https://lambotik.github.io/Oblache/479//#testresult/9da7a82bac58900d",
        "status" : "broken",
        "statusDetails" : "selenium.common.exceptions.TimeoutException: Message: Can't find element by locator ('xpath', '//button[@id=\"menu_button_webpages\"]')\nStacktrace:\n#0 0x55b85d16901a <unknown>\n#1 0x55b85cc08a70 <unknown>\n#2 0x55b85cc5a907 <unknown>\n#3 0x55b85cc5ab01 <unknown>\n#4 0x55b85cca8d54 <unknown>\n#5 0x55b85cc8040d <unknown>\n#6 0x55b85cca614f <unknown>\n#7 0x55b85cc801b3 <unknown>\n#8 0x55b85cc4c59b <unknown>\n#9 0x55b85cc4d971 <unknown>\n#10 0x55b85d12e1eb <unknown>\n#11 0x55b85d131f39 <unknown>\n#12 0x55b85d1152c9 <unknown>\n#13 0x55b85d132ae8 <unknown>\n#14 0x55b85d0f9baf <unknown>\n#15 0x55b85d1560a8 <unknown>\n#16 0x55b85d156286 <unknown>\n#17 0x55b85d167ff6 <unknown>\n#18 0x7fe240e9caa4 <unknown>\n#19 0x7fe240f29c3c <unknown>",
        "time" : {
          "start" : 1755827511929,
          "stop" : 1755827517351,
          "duration" : 5422
        }
      }, {
        "uid" : "831cf857cd4de631",
        "reportUrl" : "https://lambotik.github.io/Oblache/478//#testresult/831cf857cd4de631",
        "status" : "broken",
        "statusDetails" : "selenium.common.exceptions.TimeoutException: Message: Can't find element by locator ('xpath', '//button[@id=\"menu_button_webpages\"]')\nStacktrace:\n#0 0x55f76fe7e01a <unknown>\n#1 0x55f76f91da70 <unknown>\n#2 0x55f76f96f907 <unknown>\n#3 0x55f76f96fb01 <unknown>\n#4 0x55f76f9bdd54 <unknown>\n#5 0x55f76f99540d <unknown>\n#6 0x55f76f9bb14f <unknown>\n#7 0x55f76f9951b3 <unknown>\n#8 0x55f76f96159b <unknown>\n#9 0x55f76f962971 <unknown>\n#10 0x55f76fe431eb <unknown>\n#11 0x55f76fe46f39 <unknown>\n#12 0x55f76fe2a2c9 <unknown>\n#13 0x55f76fe47ae8 <unknown>\n#14 0x55f76fe0ebaf <unknown>\n#15 0x55f76fe6b0a8 <unknown>\n#16 0x55f76fe6b286 <unknown>\n#17 0x55f76fe7cff6 <unknown>\n#18 0x7fc6bf49caa4 <unknown>\n#19 0x7fc6bf529c3c <unknown>",
        "time" : {
          "start" : 1755741055333,
          "stop" : 1755741060400,
          "duration" : 5067
        }
      }, {
        "uid" : "e163096b65ea8f9a",
        "reportUrl" : "https://lambotik.github.io/Oblache/477//#testresult/e163096b65ea8f9a",
        "status" : "broken",
        "statusDetails" : "selenium.common.exceptions.TimeoutException: Message: Can't find element by locator ('xpath', '//button[@id=\"menu_button_webpages\"]')\nStacktrace:\n#0 0x55f13808d05a <unknown>\n#1 0x55f137b2ca70 <unknown>\n#2 0x55f137b7e907 <unknown>\n#3 0x55f137b7eb01 <unknown>\n#4 0x55f137bccd54 <unknown>\n#5 0x55f137ba440d <unknown>\n#6 0x55f137bca14f <unknown>\n#7 0x55f137ba41b3 <unknown>\n#8 0x55f137b7059b <unknown>\n#9 0x55f137b71971 <unknown>\n#10 0x55f13805222b <unknown>\n#11 0x55f138055f79 <unknown>\n#12 0x55f138039309 <unknown>\n#13 0x55f138056b28 <unknown>\n#14 0x55f13801dbef <unknown>\n#15 0x55f13807a0e8 <unknown>\n#16 0x55f13807a2c6 <unknown>\n#17 0x55f13808c036 <unknown>\n#18 0x7f9b8769caa4 <unknown>\n#19 0x7f9b87729c3c <unknown>",
        "time" : {
          "start" : 1755654736360,
          "stop" : 1755654741776,
          "duration" : 5416
        }
      }, {
        "uid" : "b70d47cfa9f430ce",
        "reportUrl" : "https://lambotik.github.io/Oblache/476//#testresult/b70d47cfa9f430ce",
        "status" : "broken",
        "statusDetails" : "selenium.common.exceptions.TimeoutException: Message: Can't find element by locator ('xpath', '//button[@id=\"menu_button_webpages\"]')\nStacktrace:\n#0 0x5647d0f7a05a <unknown>\n#1 0x5647d0a19a70 <unknown>\n#2 0x5647d0a6b907 <unknown>\n#3 0x5647d0a6bb01 <unknown>\n#4 0x5647d0ab9d54 <unknown>\n#5 0x5647d0a9140d <unknown>\n#6 0x5647d0ab714f <unknown>\n#7 0x5647d0a911b3 <unknown>\n#8 0x5647d0a5d59b <unknown>\n#9 0x5647d0a5e971 <unknown>\n#10 0x5647d0f3f22b <unknown>\n#11 0x5647d0f42f79 <unknown>\n#12 0x5647d0f26309 <unknown>\n#13 0x5647d0f43b28 <unknown>\n#14 0x5647d0f0abef <unknown>\n#15 0x5647d0f670e8 <unknown>\n#16 0x5647d0f672c6 <unknown>\n#17 0x5647d0f79036 <unknown>\n#18 0x7fe0ec89caa4 <unknown>\n#19 0x7fe0ec929c3c <unknown>",
        "time" : {
          "start" : 1755568454893,
          "stop" : 1755568460292,
          "duration" : 5399
        }
      }, {
        "uid" : "c5a7d3439ec599db",
        "reportUrl" : "https://lambotik.github.io/Oblache/475//#testresult/c5a7d3439ec599db",
        "status" : "broken",
        "statusDetails" : "selenium.common.exceptions.TimeoutException: Message: Can't find element by locator ('xpath', '//button[@id=\"menu_button_webpages\"]')\nStacktrace:\n#0 0x55721572705a <unknown>\n#1 0x5572151c6a70 <unknown>\n#2 0x557215218907 <unknown>\n#3 0x557215218b01 <unknown>\n#4 0x557215266d54 <unknown>\n#5 0x55721523e40d <unknown>\n#6 0x55721526414f <unknown>\n#7 0x55721523e1b3 <unknown>\n#8 0x55721520a59b <unknown>\n#9 0x55721520b971 <unknown>\n#10 0x5572156ec22b <unknown>\n#11 0x5572156eff79 <unknown>\n#12 0x5572156d3309 <unknown>\n#13 0x5572156f0b28 <unknown>\n#14 0x5572156b7bef <unknown>\n#15 0x5572157140e8 <unknown>\n#16 0x5572157142c6 <unknown>\n#17 0x557215726036 <unknown>\n#18 0x7f58b869caa4 <unknown>\n#19 0x7f58b8729c3c <unknown>",
        "time" : {
          "start" : 1755482819300,
          "stop" : 1755482824344,
          "duration" : 5044
        }
      } ]
    },
    "tags" : [ ]
  },
  "source" : "1dd5b14dc6828ddf.json",
  "parameterValues" : [ ]
}