{
  "uid" : "c17920ab54a88775",
  "name" : "test_create_database",
  "fullName" : "tests_ui.test_ui.TestProfilePage#test_create_database",
  "historyId" : "4762f7b87391625d86f9ea8dbdd3b406",
  "time" : {
    "start" : 1757209905464,
    "stop" : 1757209913627,
    "duration" : 8163
  },
  "status" : "broken",
  "statusMessage" : "selenium.common.exceptions.TimeoutException: Message: Can't find element by locator ('xpath', '//div[@id=\"msg_from_server\"]')",
  "statusTrace" : "self = <tests_ui.test_ui.TestProfilePage object at 0x7f4189d7c0e0>\ndriver = <selenium.webdriver.chrome.webdriver.WebDriver (session=\"a56306e7982617a04a32f2f850363f25\")>\nauthorization_user = None\n\n    @allure.title('test_create_database')\n    def test_create_database(self, driver, authorization_user):\n        page = ProfilePage(driver, authorization_user)\n>       page.compare_database_status()\n\ntests_ui/test_ui.py:83: \n_ _ _ _ _ _ _ _ _ _ _ _ _ _ _ _ _ _ _ _ _ _ _ _ _ _ _ _ _ _ _ _ _ _ _ _ _ _ _ _ \ntests_ui/profile_page.py:150: in compare_database_status\n    msg = self.element_is_visible(self.locators.MSG_FROM_SERVER).text\ntests_ui/base_page.py:34: in element_is_visible\n    return Wait(self.driver, self.timeout).until(\n_ _ _ _ _ _ _ _ _ _ _ _ _ _ _ _ _ _ _ _ _ _ _ _ _ _ _ _ _ _ _ _ _ _ _ _ _ _ _ _ \n\nself = <selenium.webdriver.support.wait.WebDriverWait (session=\"a56306e7982617a04a32f2f850363f25\")>\nmethod = <function visibility_of_element_located.<locals>._predicate at 0x7f41899a5800>\nmessage = 'Can\\'t find element by locator (\\'xpath\\', \\'//div[@id=\"msg_from_server\"]\\')'\n\n    def until(self, method: Callable[[D], Union[Literal[False], T]], message: str = \"\") -> T:\n        \"\"\"Calls the method provided with the driver as an argument until the \\\n        return value does not evaluate to ``False``.\n    \n        :param method: callable(WebDriver)\n        :param message: optional message for :exc:`TimeoutException`\n        :returns: the result of the last call to `method`\n        :raises: :exc:`selenium.common.exceptions.TimeoutException` if timeout occurs\n        \"\"\"\n        screen = None\n        stacktrace = None\n    \n        end_time = time.monotonic() + self._timeout\n        while True:\n            try:\n                value = method(self._driver)\n                if value:\n                    return value\n            except self._ignored_exceptions as exc:\n                screen = getattr(exc, \"screen\", None)\n                stacktrace = getattr(exc, \"stacktrace\", None)\n            time.sleep(self._poll)\n            if time.monotonic() > end_time:\n                break\n>       raise TimeoutException(message, screen, stacktrace)\nE       selenium.common.exceptions.TimeoutException: Message: Can't find element by locator ('xpath', '//div[@id=\"msg_from_server\"]')\n\n/opt/hostedtoolcache/Python/3.12.11/x64/lib/python3.12/site-packages/selenium/webdriver/support/wait.py:105: TimeoutException",
  "flaky" : false,
  "newFailed" : false,
  "beforeStages" : [ {
    "name" : "driver",
    "time" : {
      "start" : 1757209904656,
      "stop" : 1757209904918,
      "duration" : 262
    },
    "status" : "passed",
    "steps" : [ ],
    "attachments" : [ ],
    "parameters" : [ ],
    "stepsCount" : 0,
    "attachmentsCount" : 0,
    "shouldDisplayMessage" : false,
    "hasContent" : false
  }, {
    "name" : "authorization_user",
    "time" : {
      "start" : 1757209904918,
      "stop" : 1757209905463,
      "duration" : 545
    },
    "status" : "passed",
    "steps" : [ {
      "name" : "Open page: https://oblache.areso.pro/register.html",
      "time" : {
        "start" : 1757209904918,
        "stop" : 1757209905267,
        "duration" : 349
      },
      "status" : "passed",
      "steps" : [ ],
      "attachments" : [ ],
      "parameters" : [ ],
      "stepsCount" : 0,
      "attachmentsCount" : 0,
      "shouldDisplayMessage" : false,
      "hasContent" : false
    }, {
      "name" : "Login user",
      "time" : {
        "start" : 1757209905267,
        "stop" : 1757209905463,
        "duration" : 196
      },
      "status" : "passed",
      "steps" : [ {
        "name" : "Enter email.",
        "time" : {
          "start" : 1757209905267,
          "stop" : 1757209905327,
          "duration" : 60
        },
        "status" : "passed",
        "steps" : [ ],
        "attachments" : [ ],
        "parameters" : [ ],
        "stepsCount" : 0,
        "attachmentsCount" : 0,
        "shouldDisplayMessage" : false,
        "hasContent" : false
      }, {
        "name" : "Enter password.",
        "time" : {
          "start" : 1757209905327,
          "stop" : 1757209905374,
          "duration" : 47
        },
        "status" : "passed",
        "steps" : [ ],
        "attachments" : [ ],
        "parameters" : [ ],
        "stepsCount" : 0,
        "attachmentsCount" : 0,
        "shouldDisplayMessage" : false,
        "hasContent" : false
      }, {
        "name" : "Click button \"Login\"",
        "time" : {
          "start" : 1757209905374,
          "stop" : 1757209905461,
          "duration" : 87
        },
        "status" : "passed",
        "steps" : [ ],
        "attachments" : [ ],
        "parameters" : [ ],
        "stepsCount" : 0,
        "attachmentsCount" : 0,
        "shouldDisplayMessage" : false,
        "hasContent" : false
      }, {
        "name" : "Check url is present: https://oblache.areso.pro/register.html",
        "time" : {
          "start" : 1757209905461,
          "stop" : 1757209905463,
          "duration" : 2
        },
        "status" : "passed",
        "steps" : [ ],
        "attachments" : [ ],
        "parameters" : [ ],
        "stepsCount" : 0,
        "attachmentsCount" : 0,
        "shouldDisplayMessage" : false,
        "hasContent" : false
      } ],
      "attachments" : [ ],
      "parameters" : [ ],
      "stepsCount" : 4,
      "attachmentsCount" : 0,
      "shouldDisplayMessage" : false,
      "hasContent" : true
    } ],
    "attachments" : [ ],
    "parameters" : [ ],
    "stepsCount" : 6,
    "attachmentsCount" : 0,
    "shouldDisplayMessage" : false,
    "hasContent" : true
  } ],
  "testStage" : {
    "status" : "broken",
    "statusMessage" : "selenium.common.exceptions.TimeoutException: Message: Can't find element by locator ('xpath', '//div[@id=\"msg_from_server\"]')",
    "statusTrace" : "self = <tests_ui.test_ui.TestProfilePage object at 0x7f4189d7c0e0>\ndriver = <selenium.webdriver.chrome.webdriver.WebDriver (session=\"a56306e7982617a04a32f2f850363f25\")>\nauthorization_user = None\n\n    @allure.title('test_create_database')\n    def test_create_database(self, driver, authorization_user):\n        page = ProfilePage(driver, authorization_user)\n>       page.compare_database_status()\n\ntests_ui/test_ui.py:83: \n_ _ _ _ _ _ _ _ _ _ _ _ _ _ _ _ _ _ _ _ _ _ _ _ _ _ _ _ _ _ _ _ _ _ _ _ _ _ _ _ \ntests_ui/profile_page.py:150: in compare_database_status\n    msg = self.element_is_visible(self.locators.MSG_FROM_SERVER).text\ntests_ui/base_page.py:34: in element_is_visible\n    return Wait(self.driver, self.timeout).until(\n_ _ _ _ _ _ _ _ _ _ _ _ _ _ _ _ _ _ _ _ _ _ _ _ _ _ _ _ _ _ _ _ _ _ _ _ _ _ _ _ \n\nself = <selenium.webdriver.support.wait.WebDriverWait (session=\"a56306e7982617a04a32f2f850363f25\")>\nmethod = <function visibility_of_element_located.<locals>._predicate at 0x7f41899a5800>\nmessage = 'Can\\'t find element by locator (\\'xpath\\', \\'//div[@id=\"msg_from_server\"]\\')'\n\n    def until(self, method: Callable[[D], Union[Literal[False], T]], message: str = \"\") -> T:\n        \"\"\"Calls the method provided with the driver as an argument until the \\\n        return value does not evaluate to ``False``.\n    \n        :param method: callable(WebDriver)\n        :param message: optional message for :exc:`TimeoutException`\n        :returns: the result of the last call to `method`\n        :raises: :exc:`selenium.common.exceptions.TimeoutException` if timeout occurs\n        \"\"\"\n        screen = None\n        stacktrace = None\n    \n        end_time = time.monotonic() + self._timeout\n        while True:\n            try:\n                value = method(self._driver)\n                if value:\n                    return value\n            except self._ignored_exceptions as exc:\n                screen = getattr(exc, \"screen\", None)\n                stacktrace = getattr(exc, \"stacktrace\", None)\n            time.sleep(self._poll)\n            if time.monotonic() > end_time:\n                break\n>       raise TimeoutException(message, screen, stacktrace)\nE       selenium.common.exceptions.TimeoutException: Message: Can't find element by locator ('xpath', '//div[@id=\"msg_from_server\"]')\n\n/opt/hostedtoolcache/Python/3.12.11/x64/lib/python3.12/site-packages/selenium/webdriver/support/wait.py:105: TimeoutException",
    "steps" : [ {
      "name" : "Click button Status.",
      "time" : {
        "start" : 1757209906464,
        "stop" : 1757209906545,
        "duration" : 81
      },
      "status" : "passed",
      "steps" : [ ],
      "attachments" : [ ],
      "parameters" : [ ],
      "stepsCount" : 0,
      "attachmentsCount" : 0,
      "shouldDisplayMessage" : false,
      "hasContent" : false
    }, {
      "name" : "Get status data.",
      "time" : {
        "start" : 1757209907123,
        "stop" : 1757209907123,
        "duration" : 0
      },
      "status" : "passed",
      "steps" : [ {
        "name" : "Status data is: {'Email:': 'nodata', 'is blocked?': 'nodata', 'is db creation allowed?': 'nodata', 'disk db quota, mb': 'nodata', 'disk db used, mb': 'nodata', 'db qty quota': 'nodata', 'db qty used': 'nodata', 'site qty quota': 'nodata', 'site qty used': 'nodata', 'site disk quota': 'nodata', 'site disk usage': 'nodata', 'is site deploy allowed?': 'nodata', 'container qty quota': 'nodata', 'container qty used': 'nodata', 'is container creation allowed': 'nodata'}",
        "time" : {
          "start" : 1757209907123,
          "stop" : 1757209907123,
          "duration" : 0
        },
        "status" : "passed",
        "steps" : [ ],
        "attachments" : [ ],
        "parameters" : [ ],
        "stepsCount" : 0,
        "attachmentsCount" : 0,
        "shouldDisplayMessage" : false,
        "hasContent" : false
      } ],
      "attachments" : [ ],
      "parameters" : [ ],
      "stepsCount" : 1,
      "attachmentsCount" : 0,
      "shouldDisplayMessage" : false,
      "hasContent" : true
    }, {
      "name" : "Click \"Databases\" button.",
      "time" : {
        "start" : 1757209907123,
        "stop" : 1757209907192,
        "duration" : 69
      },
      "status" : "passed",
      "steps" : [ ],
      "attachments" : [ ],
      "parameters" : [ ],
      "stepsCount" : 0,
      "attachmentsCount" : 0,
      "shouldDisplayMessage" : false,
      "hasContent" : false
    }, {
      "name" : "Click \"Create new DB\" button.",
      "time" : {
        "start" : 1757209907192,
        "stop" : 1757209907262,
        "duration" : 70
      },
      "status" : "passed",
      "steps" : [ ],
      "attachments" : [ ],
      "parameters" : [ ],
      "stepsCount" : 0,
      "attachmentsCount" : 0,
      "shouldDisplayMessage" : false,
      "hasContent" : false
    }, {
      "name" : "Select region \"CIS\".",
      "time" : {
        "start" : 1757209907262,
        "stop" : 1757209908421,
        "duration" : 1159
      },
      "status" : "passed",
      "steps" : [ ],
      "attachments" : [ ],
      "parameters" : [ ],
      "stepsCount" : 0,
      "attachmentsCount" : 0,
      "shouldDisplayMessage" : false,
      "hasContent" : false
    }, {
      "name" : "Click \"Create\" button.",
      "time" : {
        "start" : 1757209908421,
        "stop" : 1757209908481,
        "duration" : 60
      },
      "status" : "passed",
      "steps" : [ ],
      "attachments" : [ ],
      "parameters" : [ ],
      "stepsCount" : 0,
      "attachmentsCount" : 0,
      "shouldDisplayMessage" : false,
      "hasContent" : false
    } ],
    "attachments" : [ {
      "uid" : "cce9ce5e1448d86e",
      "name" : "Screenshot 2025-09-07 01:51:53.690051",
      "source" : "cce9ce5e1448d86e.png",
      "type" : "image/png",
      "size" : 28304
    } ],
    "parameters" : [ ],
    "stepsCount" : 7,
    "attachmentsCount" : 1,
    "shouldDisplayMessage" : true,
    "hasContent" : true
  },
  "afterStages" : [ {
    "name" : "driver::0",
    "time" : {
      "start" : 1757209913691,
      "stop" : 1757209913751,
      "duration" : 60
    },
    "status" : "passed",
    "steps" : [ ],
    "attachments" : [ ],
    "parameters" : [ ],
    "stepsCount" : 0,
    "attachmentsCount" : 0,
    "shouldDisplayMessage" : false,
    "hasContent" : false
  } ],
  "labels" : [ {
    "name" : "suite",
    "value" : "Test Profile Page."
  }, {
    "name" : "parentSuite",
    "value" : "tests_ui"
  }, {
    "name" : "subSuite",
    "value" : "TestProfilePage"
  }, {
    "name" : "host",
    "value" : "pkrvm7jw40e0xgp"
  }, {
    "name" : "thread",
    "value" : "2559-MainThread"
  }, {
    "name" : "framework",
    "value" : "pytest"
  }, {
    "name" : "language",
    "value" : "cpython3"
  }, {
    "name" : "package",
    "value" : "tests_ui.test_ui"
  }, {
    "name" : "resultFormat",
    "value" : "allure2"
  } ],
  "parameters" : [ ],
  "links" : [ ],
  "hidden" : false,
  "retry" : false,
  "extra" : {
    "severity" : "normal",
    "retries" : [ ],
    "categories" : [ {
      "name" : "Test defects",
      "matchedStatuses" : [ ],
      "flaky" : false
    } ],
    "history" : {
      "statistic" : {
        "failed" : 0,
        "broken" : 271,
        "skipped" : 0,
        "passed" : 3,
        "unknown" : 0,
        "total" : 274
      },
      "items" : [ {
        "uid" : "b6f17b62c9f8ca67",
        "reportUrl" : "https://lambotik.github.io/Oblache/494//#testresult/b6f17b62c9f8ca67",
        "status" : "broken",
        "statusDetails" : "selenium.common.exceptions.TimeoutException: Message: Can't find element by locator ('xpath', '//div[@id=\"msg_from_server\"]')",
        "time" : {
          "start" : 1757123028481,
          "stop" : 1757123036688,
          "duration" : 8207
        }
      }, {
        "uid" : "f937e66b1827392f",
        "reportUrl" : "https://lambotik.github.io/Oblache/493//#testresult/f937e66b1827392f",
        "status" : "broken",
        "statusDetails" : "selenium.common.exceptions.TimeoutException: Message: Can't find element by locator ('xpath', '//div[@id=\"msg_from_server\"]')",
        "time" : {
          "start" : 1757036810501,
          "stop" : 1757036819433,
          "duration" : 8932
        }
      }, {
        "uid" : "fb50696edac19860",
        "reportUrl" : "https://lambotik.github.io/Oblache/492//#testresult/fb50696edac19860",
        "status" : "broken",
        "statusDetails" : "selenium.common.exceptions.TimeoutException: Message: Can't find element by locator ('xpath', '//div[@id=\"msg_from_server\"]')",
        "time" : {
          "start" : 1756950295261,
          "stop" : 1756950304316,
          "duration" : 9055
        }
      }, {
        "uid" : "986dd5f096073bd4",
        "reportUrl" : "https://lambotik.github.io/Oblache/491//#testresult/986dd5f096073bd4",
        "status" : "broken",
        "statusDetails" : "selenium.common.exceptions.TimeoutException: Message: Can't find element by locator ('xpath', '//div[@id=\"msg_from_server\"]')",
        "time" : {
          "start" : 1756863844264,
          "stop" : 1756863852624,
          "duration" : 8360
        }
      }, {
        "uid" : "236b539b0764102b",
        "reportUrl" : "https://lambotik.github.io/Oblache/490//#testresult/236b539b0764102b",
        "status" : "broken",
        "statusDetails" : "selenium.common.exceptions.TimeoutException: Message: Can't find element by locator ('xpath', '//div[@id=\"msg_from_server\"]')",
        "time" : {
          "start" : 1756777844441,
          "stop" : 1756777852614,
          "duration" : 8173
        }
      }, {
        "uid" : "99148550f55225e6",
        "reportUrl" : "https://lambotik.github.io/Oblache/489//#testresult/99148550f55225e6",
        "status" : "broken",
        "statusDetails" : "selenium.common.exceptions.TimeoutException: Message: Can't find element by locator ('xpath', '//div[@id=\"msg_from_server\"]')",
        "time" : {
          "start" : 1756692292480,
          "stop" : 1756692301493,
          "duration" : 9013
        }
      }, {
        "uid" : "4947717f7f48b10b",
        "reportUrl" : "https://lambotik.github.io/Oblache/488//#testresult/4947717f7f48b10b",
        "status" : "broken",
        "statusDetails" : "selenium.common.exceptions.TimeoutException: Message: Can't find element by locator ('xpath', '//div[@id=\"msg_from_server\"]')",
        "time" : {
          "start" : 1756605293405,
          "stop" : 1756605302311,
          "duration" : 8906
        }
      }, {
        "uid" : "ebc6b1f1399c85b8",
        "reportUrl" : "https://lambotik.github.io/Oblache/487//#testresult/ebc6b1f1399c85b8",
        "status" : "broken",
        "statusDetails" : "selenium.common.exceptions.TimeoutException: Message: Can't find element by locator ('xpath', '//button[@id=\"menu_button_status\"]')\nStacktrace:\n#0 0x556db515e02a <unknown>\n#1 0x556db4bfda70 <unknown>\n#2 0x556db4c4f907 <unknown>\n#3 0x556db4c4fb01 <unknown>\n#4 0x556db4c9dd54 <unknown>\n#5 0x556db4c7540d <unknown>\n#6 0x556db4c9b14f <unknown>\n#7 0x556db4c751b3 <unknown>\n#8 0x556db4c4159b <unknown>\n#9 0x556db4c42971 <unknown>\n#10 0x556db51231fb <unknown>\n#11 0x556db5126f49 <unknown>\n#12 0x556db510a2d9 <unknown>\n#13 0x556db5127af8 <unknown>\n#14 0x556db50eebbf <unknown>\n#15 0x556db514b0b8 <unknown>\n#16 0x556db514b296 <unknown>\n#17 0x556db515d006 <unknown>\n#18 0x7fd63509caa4 <unknown>\n#19 0x7fd635129c3c <unknown>",
        "time" : {
          "start" : 1756518197000,
          "stop" : 1756518203124,
          "duration" : 6124
        }
      }, {
        "uid" : "be823f1765e2e31a",
        "reportUrl" : "https://lambotik.github.io/Oblache/486//#testresult/be823f1765e2e31a",
        "status" : "broken",
        "statusDetails" : "selenium.common.exceptions.TimeoutException: Message: Can't find element by locator ('xpath', '//div[@id=\"msg_from_server\"]')",
        "time" : {
          "start" : 1756432112527,
          "stop" : 1756432120661,
          "duration" : 8134
        }
      }, {
        "uid" : "531d1673b39291b9",
        "reportUrl" : "https://lambotik.github.io/Oblache/485//#testresult/531d1673b39291b9",
        "status" : "broken",
        "statusDetails" : "selenium.common.exceptions.TimeoutException: Message: Can't find element by locator ('xpath', '//div[@id=\"msg_from_server\"]')",
        "time" : {
          "start" : 1756345719732,
          "stop" : 1756345727879,
          "duration" : 8147
        }
      }, {
        "uid" : "4025a311836e153d",
        "reportUrl" : "https://lambotik.github.io/Oblache/484//#testresult/4025a311836e153d",
        "status" : "broken",
        "statusDetails" : "selenium.common.exceptions.TimeoutException: Message: Can't find element by locator ('xpath', '//div[@id=\"msg_from_server\"]')",
        "time" : {
          "start" : 1756259363372,
          "stop" : 1756259371530,
          "duration" : 8158
        }
      }, {
        "uid" : "765f8441bfca4942",
        "reportUrl" : "https://lambotik.github.io/Oblache/483//#testresult/765f8441bfca4942",
        "status" : "broken",
        "statusDetails" : "selenium.common.exceptions.TimeoutException: Message: Can't find element by locator ('xpath', '//div[@id=\"msg_from_server\"]')",
        "time" : {
          "start" : 1756173191118,
          "stop" : 1756173199984,
          "duration" : 8866
        }
      }, {
        "uid" : "fdaaeb27c1c2e99f",
        "reportUrl" : "https://lambotik.github.io/Oblache/482//#testresult/fdaaeb27c1c2e99f",
        "status" : "broken",
        "statusDetails" : "selenium.common.exceptions.TimeoutException: Message: Can't find element by locator ('xpath', '//div[@id=\"msg_from_server\"]')",
        "time" : {
          "start" : 1756087009946,
          "stop" : 1756087018181,
          "duration" : 8235
        }
      }, {
        "uid" : "5ddef2ab6ef2a794",
        "reportUrl" : "https://lambotik.github.io/Oblache/481//#testresult/5ddef2ab6ef2a794",
        "status" : "broken",
        "statusDetails" : "selenium.common.exceptions.TimeoutException: Message: Can't find element by locator ('xpath', '//div[@id=\"msg_from_server\"]')",
        "time" : {
          "start" : 1756000977610,
          "stop" : 1756000986512,
          "duration" : 8902
        }
      }, {
        "uid" : "a662d06f923d67b1",
        "reportUrl" : "https://lambotik.github.io/Oblache/480//#testresult/a662d06f923d67b1",
        "status" : "broken",
        "statusDetails" : "selenium.common.exceptions.TimeoutException: Message: Can't find element by locator ('xpath', '//div[@id=\"msg_from_server\"]')",
        "time" : {
          "start" : 1755913672367,
          "stop" : 1755913680484,
          "duration" : 8117
        }
      }, {
        "uid" : "ad42a549508e6b5b",
        "reportUrl" : "https://lambotik.github.io/Oblache/479//#testresult/ad42a549508e6b5b",
        "status" : "broken",
        "statusDetails" : "selenium.common.exceptions.TimeoutException: Message: Can't find element by locator ('xpath', '//div[@id=\"msg_from_server\"]')",
        "time" : {
          "start" : 1755827524586,
          "stop" : 1755827532853,
          "duration" : 8267
        }
      }, {
        "uid" : "fc9eaa76a6509c86",
        "reportUrl" : "https://lambotik.github.io/Oblache/478//#testresult/fc9eaa76a6509c86",
        "status" : "broken",
        "statusDetails" : "selenium.common.exceptions.TimeoutException: Message: Can't find element by locator ('xpath', '//div[@id=\"msg_from_server\"]')",
        "time" : {
          "start" : 1755741067403,
          "stop" : 1755741075658,
          "duration" : 8255
        }
      }, {
        "uid" : "c238a7ea36de9e3f",
        "reportUrl" : "https://lambotik.github.io/Oblache/477//#testresult/c238a7ea36de9e3f",
        "status" : "broken",
        "statusDetails" : "selenium.common.exceptions.TimeoutException: Message: Can't find element by locator ('xpath', '//div[@id=\"msg_from_server\"]')",
        "time" : {
          "start" : 1755654749010,
          "stop" : 1755654757156,
          "duration" : 8146
        }
      }, {
        "uid" : "efabbccd8e53f0ab",
        "reportUrl" : "https://lambotik.github.io/Oblache/476//#testresult/efabbccd8e53f0ab",
        "status" : "broken",
        "statusDetails" : "selenium.common.exceptions.TimeoutException: Message: Can't find element by locator ('xpath', '//div[@id=\"msg_from_server\"]')",
        "time" : {
          "start" : 1755568467512,
          "stop" : 1755568475622,
          "duration" : 8110
        }
      }, {
        "uid" : "92f797f02e75d946",
        "reportUrl" : "https://lambotik.github.io/Oblache/475//#testresult/92f797f02e75d946",
        "status" : "broken",
        "statusDetails" : "selenium.common.exceptions.TimeoutException: Message: Can't find element by locator ('xpath', '//div[@id=\"msg_from_server\"]')",
        "time" : {
          "start" : 1755482831328,
          "stop" : 1755482839449,
          "duration" : 8121
        }
      } ]
    },
    "tags" : [ ]
  },
  "source" : "c17920ab54a88775.json",
  "parameterValues" : [ ]
}