{
  "uid" : "e8b895a3357f25ed",
  "name" : "POST create_docker_container_without_token",
  "fullName" : "tests_api.test_bd.TestPOST#test_post_create_docker_with_defunct_image",
  "historyId" : "346493b9ad20460bc067ba466e60ac88",
  "time" : {
    "start" : 1739408518930,
    "stop" : 1739408519236,
    "duration" : 306
  },
  "status" : "failed",
  "statusMessage" : "AssertionError: Result is not equal expected value",
  "statusTrace" : "self = <tests_api.test_bd.TestPOST object at 0x7fec738ba0c0>\n\n    @allure.title('POST create_docker_container_without_token')\n    def test_post_create_docker_with_defunct_image(self):\n        result = API.post_create_docker_container_with_defunct_image(token=TestPOST.token)\n        Checking.check_status_code(result, 400)\n>       Checking.check_json_value(result, 'msg', \"msg[]: the image doesn't found in the DockerHub\")\n\ntests_api/test_bd.py:411: \n_ _ _ _ _ _ _ _ _ _ _ _ _ _ _ _ _ _ _ _ _ _ _ _ _ _ _ _ _ _ _ _ _ _ _ _ _ _ _ _ \n\nresponse = <Response [400]>, field_name = 'msg'\nexpected_value = \"msg[]: the image doesn't found in the DockerHub\"\n\n    @staticmethod\n    def check_json_value(response: requests.models.Response, field_name: str, expected_value):\n        \"\"\"\n        :param response: requests.models.Response\n        :param field_name:\n        :param expected_value:\n        \"\"\"\n        check = response.json()\n        check_info = check.get(field_name)\n        with allure.step(\n                f'Compare result request with expected value:'\n                f'\\nResponse: {response}\\nField name: {field_name}\\nValue: {expected_value}'):\n>           assert check_info == expected_value, 'Result is not equal expected value'\nE           AssertionError: Result is not equal expected value\n\ntests_api/utils/checking.py:57: AssertionError",
  "flaky" : false,
  "newFailed" : false,
  "beforeStages" : [ ],
  "testStage" : {
    "status" : "failed",
    "statusMessage" : "AssertionError: Result is not equal expected value",
    "statusTrace" : "self = <tests_api.test_bd.TestPOST object at 0x7fec738ba0c0>\n\n    @allure.title('POST create_docker_container_without_token')\n    def test_post_create_docker_with_defunct_image(self):\n        result = API.post_create_docker_container_with_defunct_image(token=TestPOST.token)\n        Checking.check_status_code(result, 400)\n>       Checking.check_json_value(result, 'msg', \"msg[]: the image doesn't found in the DockerHub\")\n\ntests_api/test_bd.py:411: \n_ _ _ _ _ _ _ _ _ _ _ _ _ _ _ _ _ _ _ _ _ _ _ _ _ _ _ _ _ _ _ _ _ _ _ _ _ _ _ _ \n\nresponse = <Response [400]>, field_name = 'msg'\nexpected_value = \"msg[]: the image doesn't found in the DockerHub\"\n\n    @staticmethod\n    def check_json_value(response: requests.models.Response, field_name: str, expected_value):\n        \"\"\"\n        :param response: requests.models.Response\n        :param field_name:\n        :param expected_value:\n        \"\"\"\n        check = response.json()\n        check_info = check.get(field_name)\n        with allure.step(\n                f'Compare result request with expected value:'\n                f'\\nResponse: {response}\\nField name: {field_name}\\nValue: {expected_value}'):\n>           assert check_info == expected_value, 'Result is not equal expected value'\nE           AssertionError: Result is not equal expected value\n\ntests_api/utils/checking.py:57: AssertionError",
    "steps" : [ {
      "name" : "post_create_docker_container_with_defunct_image",
      "time" : {
        "start" : 1739408518930,
        "stop" : 1739408519236,
        "duration" : 306
      },
      "status" : "passed",
      "steps" : [ {
        "name" : "Endpoint: /container_create",
        "time" : {
          "start" : 1739408519236,
          "stop" : 1739408519236,
          "duration" : 0
        },
        "status" : "passed",
        "steps" : [ ],
        "attachments" : [ ],
        "parameters" : [ ],
        "stepsCount" : 0,
        "attachmentsCount" : 0,
        "shouldDisplayMessage" : false,
        "hasContent" : false
      }, {
        "name" : "Request:",
        "time" : {
          "start" : 1739408519236,
          "stop" : 1739408519236,
          "duration" : 0
        },
        "status" : "passed",
        "steps" : [ {
          "name" : "Url: https://dbend.areso.pro/container_create",
          "time" : {
            "start" : 1739408519236,
            "stop" : 1739408519236,
            "duration" : 0
          },
          "status" : "passed",
          "steps" : [ ],
          "attachments" : [ ],
          "parameters" : [ ],
          "stepsCount" : 0,
          "attachmentsCount" : 0,
          "shouldDisplayMessage" : false,
          "hasContent" : false
        }, {
          "name" : "Headers: {'Content-Type': 'application/json', 'Authorization': 'e9ecc6a6-0eaf-49d6-8806-1cd39cf8e432'}",
          "time" : {
            "start" : 1739408519236,
            "stop" : 1739408519236,
            "duration" : 0
          },
          "status" : "passed",
          "steps" : [ ],
          "attachments" : [ ],
          "parameters" : [ ],
          "stepsCount" : 0,
          "attachmentsCount" : 0,
          "shouldDisplayMessage" : false,
          "hasContent" : false
        }, {
          "name" : "Body: {\"docker_image\": \"\", \"int_ports\": \"80\", \"env\": 3, \"region\": 3}",
          "time" : {
            "start" : 1739408519236,
            "stop" : 1739408519236,
            "duration" : 0
          },
          "status" : "passed",
          "steps" : [ ],
          "attachments" : [ ],
          "parameters" : [ ],
          "stepsCount" : 0,
          "attachmentsCount" : 0,
          "shouldDisplayMessage" : false,
          "hasContent" : false
        } ],
        "attachments" : [ ],
        "parameters" : [ ],
        "stepsCount" : 3,
        "attachmentsCount" : 0,
        "shouldDisplayMessage" : false,
        "hasContent" : true
      }, {
        "name" : "Response:",
        "time" : {
          "start" : 1739408519236,
          "stop" : 1739408519236,
          "duration" : 0
        },
        "status" : "passed",
        "steps" : [ {
          "name" : "Status code: 400",
          "time" : {
            "start" : 1739408519236,
            "stop" : 1739408519236,
            "duration" : 0
          },
          "status" : "passed",
          "steps" : [ ],
          "attachments" : [ ],
          "parameters" : [ ],
          "stepsCount" : 0,
          "attachmentsCount" : 0,
          "shouldDisplayMessage" : false,
          "hasContent" : false
        }, {
          "name" : "JSON: {\n    \"msg_code\": -1,\n    \"msg\": \"endpoint is disabled\"\n}\n",
          "time" : {
            "start" : 1739408519236,
            "stop" : 1739408519236,
            "duration" : 0
          },
          "status" : "passed",
          "steps" : [ ],
          "attachments" : [ ],
          "parameters" : [ ],
          "stepsCount" : 0,
          "attachmentsCount" : 0,
          "shouldDisplayMessage" : false,
          "hasContent" : false
        } ],
        "attachments" : [ ],
        "parameters" : [ ],
        "stepsCount" : 2,
        "attachmentsCount" : 0,
        "shouldDisplayMessage" : false,
        "hasContent" : true
      } ],
      "attachments" : [ ],
      "parameters" : [ ],
      "stepsCount" : 8,
      "attachmentsCount" : 0,
      "shouldDisplayMessage" : false,
      "hasContent" : true
    }, {
      "name" : "Assert status code: 400 == Response status code: 400",
      "time" : {
        "start" : 1739408519236,
        "stop" : 1739408519236,
        "duration" : 0
      },
      "status" : "passed",
      "steps" : [ ],
      "attachments" : [ ],
      "parameters" : [ ],
      "stepsCount" : 0,
      "attachmentsCount" : 0,
      "shouldDisplayMessage" : false,
      "hasContent" : false
    }, {
      "name" : "Compare result request with expected value:\nResponse: <Response [400]>\nField name: msg\nValue: msg[]: the image doesn't found in the DockerHub",
      "time" : {
        "start" : 1739408519236,
        "stop" : 1739408519236,
        "duration" : 0
      },
      "status" : "failed",
      "statusMessage" : "AssertionError: Result is not equal expected value\n",
      "statusTrace" : "  File \"/home/runner/work/Oblache/Oblache/tests_api/utils/checking.py\", line 57, in check_json_value\n    assert check_info == expected_value, 'Result is not equal expected value'\n           ^^^^^^^^^^^^^^^^^^^^^^^^^^^^\n",
      "steps" : [ ],
      "attachments" : [ ],
      "parameters" : [ ],
      "stepsCount" : 0,
      "attachmentsCount" : 0,
      "shouldDisplayMessage" : true,
      "hasContent" : true
    } ],
    "attachments" : [ ],
    "parameters" : [ ],
    "stepsCount" : 11,
    "attachmentsCount" : 0,
    "shouldDisplayMessage" : true,
    "hasContent" : true
  },
  "afterStages" : [ ],
  "labels" : [ {
    "name" : "suite",
    "value" : "POST"
  }, {
    "name" : "parentSuite",
    "value" : "tests_api"
  }, {
    "name" : "subSuite",
    "value" : "TestPOST"
  }, {
    "name" : "host",
    "value" : "fv-az2029-172"
  }, {
    "name" : "thread",
    "value" : "2436-MainThread"
  }, {
    "name" : "framework",
    "value" : "pytest"
  }, {
    "name" : "language",
    "value" : "cpython3"
  }, {
    "name" : "package",
    "value" : "tests_api.test_bd"
  }, {
    "name" : "resultFormat",
    "value" : "allure2"
  } ],
  "parameters" : [ ],
  "links" : [ ],
  "hidden" : false,
  "retry" : false,
  "extra" : {
    "severity" : "normal",
    "retries" : [ ],
    "categories" : [ {
      "name" : "Product defects",
      "matchedStatuses" : [ ],
      "flaky" : false
    } ],
    "history" : {
      "statistic" : {
        "failed" : 59,
        "broken" : 0,
        "skipped" : 0,
        "passed" : 36,
        "unknown" : 0,
        "total" : 95
      },
      "items" : [ {
        "uid" : "d44f340663d32845",
        "reportUrl" : "https://lambotik.github.io/Oblache/311//#testresult/d44f340663d32845",
        "status" : "failed",
        "statusDetails" : "AssertionError: Result is not equal expected value",
        "time" : {
          "start" : 1739322115758,
          "stop" : 1739322116325,
          "duration" : 567
        }
      }, {
        "uid" : "96bde83114c9f7ce",
        "reportUrl" : "https://lambotik.github.io/Oblache/310//#testresult/96bde83114c9f7ce",
        "status" : "failed",
        "statusDetails" : "AssertionError: Incorrect status code: 504",
        "time" : {
          "start" : 1739238827013,
          "stop" : 1739238887485,
          "duration" : 60472
        }
      }, {
        "uid" : "6089ba35f8d09366",
        "reportUrl" : "https://lambotik.github.io/Oblache/309//#testresult/6089ba35f8d09366",
        "status" : "failed",
        "statusDetails" : "AssertionError: Incorrect status code: 504",
        "time" : {
          "start" : 1739152509130,
          "stop" : 1739152569426,
          "duration" : 60296
        }
      }, {
        "uid" : "3d857cf07563b835",
        "reportUrl" : "https://lambotik.github.io/Oblache/308//#testresult/3d857cf07563b835",
        "status" : "failed",
        "statusDetails" : "AssertionError: Incorrect status code: 504",
        "time" : {
          "start" : 1739066212220,
          "stop" : 1739066272517,
          "duration" : 60297
        }
      }, {
        "uid" : "836a4fef72204f95",
        "reportUrl" : "https://lambotik.github.io/Oblache/307//#testresult/836a4fef72204f95",
        "status" : "failed",
        "statusDetails" : "AssertionError: Incorrect status code: 504",
        "time" : {
          "start" : 1738979522809,
          "stop" : 1738979583314,
          "duration" : 60505
        }
      }, {
        "uid" : "b362de325988260b",
        "reportUrl" : "https://lambotik.github.io/Oblache/306//#testresult/b362de325988260b",
        "status" : "failed",
        "statusDetails" : "AssertionError: Incorrect status code: 504",
        "time" : {
          "start" : 1738893253493,
          "stop" : 1738893313973,
          "duration" : 60480
        }
      }, {
        "uid" : "1cd143d2701adc68",
        "reportUrl" : "https://lambotik.github.io/Oblache/305//#testresult/1cd143d2701adc68",
        "status" : "failed",
        "statusDetails" : "AssertionError: Incorrect status code: 504",
        "time" : {
          "start" : 1738806824495,
          "stop" : 1738806884836,
          "duration" : 60341
        }
      }, {
        "uid" : "5e448d6d42629660",
        "reportUrl" : "https://lambotik.github.io/Oblache/304//#testresult/5e448d6d42629660",
        "status" : "failed",
        "statusDetails" : "AssertionError: Incorrect status code: 504",
        "time" : {
          "start" : 1738720412820,
          "stop" : 1738720473157,
          "duration" : 60337
        }
      }, {
        "uid" : "99fd33d4cb105b47",
        "reportUrl" : "https://lambotik.github.io/Oblache/303//#testresult/99fd33d4cb105b47",
        "status" : "failed",
        "statusDetails" : "AssertionError: Incorrect status code: 504",
        "time" : {
          "start" : 1738633978391,
          "stop" : 1738634038901,
          "duration" : 60510
        }
      }, {
        "uid" : "a2e5b3c395fad9c",
        "reportUrl" : "https://lambotik.github.io/Oblache/302//#testresult/a2e5b3c395fad9c",
        "status" : "failed",
        "statusDetails" : "AssertionError: Incorrect status code: 504",
        "time" : {
          "start" : 1738547633408,
          "stop" : 1738547693835,
          "duration" : 60427
        }
      }, {
        "uid" : "64001a0b16c620ba",
        "reportUrl" : "https://lambotik.github.io/Oblache/301//#testresult/64001a0b16c620ba",
        "status" : "failed",
        "statusDetails" : "AssertionError: Incorrect status code: 504",
        "time" : {
          "start" : 1738461357625,
          "stop" : 1738461417978,
          "duration" : 60353
        }
      }, {
        "uid" : "57ffa68754911000",
        "reportUrl" : "https://lambotik.github.io/Oblache/300//#testresult/57ffa68754911000",
        "status" : "failed",
        "statusDetails" : "AssertionError: Result is not equal expected value",
        "time" : {
          "start" : 1738371875431,
          "stop" : 1738371875944,
          "duration" : 513
        }
      }, {
        "uid" : "ae20dacecb229440",
        "reportUrl" : "https://lambotik.github.io/Oblache/299//#testresult/ae20dacecb229440",
        "status" : "failed",
        "statusDetails" : "AssertionError: Result is not equal expected value",
        "time" : {
          "start" : 1738350583830,
          "stop" : 1738350584142,
          "duration" : 312
        }
      }, {
        "uid" : "e000f40270916233",
        "reportUrl" : "https://lambotik.github.io/Oblache/298//#testresult/e000f40270916233",
        "status" : "failed",
        "statusDetails" : "AssertionError: Result is not equal expected value",
        "time" : {
          "start" : 1738198774060,
          "stop" : 1738198774366,
          "duration" : 306
        }
      }, {
        "uid" : "4f171b0f1283896a",
        "reportUrl" : "https://lambotik.github.io/Oblache/297//#testresult/4f171b0f1283896a",
        "status" : "failed",
        "statusDetails" : "AssertionError: Result is not equal expected value",
        "time" : {
          "start" : 1738112428667,
          "stop" : 1738112428973,
          "duration" : 306
        }
      }, {
        "uid" : "b79e29c0b1d763d1",
        "reportUrl" : "https://lambotik.github.io/Oblache/296//#testresult/b79e29c0b1d763d1",
        "status" : "failed",
        "statusDetails" : "AssertionError: Result is not equal expected value",
        "time" : {
          "start" : 1738026040933,
          "stop" : 1738026041251,
          "duration" : 318
        }
      }, {
        "uid" : "9c54b0b6cee9cf68",
        "reportUrl" : "https://lambotik.github.io/Oblache/295//#testresult/9c54b0b6cee9cf68",
        "status" : "failed",
        "statusDetails" : "AssertionError: Result is not equal expected value",
        "time" : {
          "start" : 1737939720091,
          "stop" : 1737939720453,
          "duration" : 362
        }
      }, {
        "uid" : "a9b59313a855d5ae",
        "reportUrl" : "https://lambotik.github.io/Oblache/294//#testresult/a9b59313a855d5ae",
        "status" : "failed",
        "statusDetails" : "AssertionError: Result is not equal expected value",
        "time" : {
          "start" : 1737853370648,
          "stop" : 1737853371166,
          "duration" : 518
        }
      }, {
        "uid" : "6ca9f1c5ea65453b",
        "reportUrl" : "https://lambotik.github.io/Oblache/293//#testresult/6ca9f1c5ea65453b",
        "status" : "failed",
        "statusDetails" : "AssertionError: Result is not equal expected value",
        "time" : {
          "start" : 1737766669622,
          "stop" : 1737766670142,
          "duration" : 520
        }
      }, {
        "uid" : "7a34a1f3c9c99abd",
        "reportUrl" : "https://lambotik.github.io/Oblache/292//#testresult/7a34a1f3c9c99abd",
        "status" : "failed",
        "statusDetails" : "AssertionError: Result is not equal expected value",
        "time" : {
          "start" : 1737680505800,
          "stop" : 1737680506327,
          "duration" : 527
        }
      } ]
    },
    "tags" : [ ]
  },
  "source" : "e8b895a3357f25ed.json",
  "parameterValues" : [ ]
}