{
  "uid" : "43529ca768aa2390",
  "name" : "POST create_docker_container_without_token",
  "fullName" : "tests_api.test_bd.TestPOST#test_post_create_docker_with_defunct_image",
  "historyId" : "346493b9ad20460bc067ba466e60ac88",
  "time" : {
    "start" : 1741273265791,
    "stop" : 1741273266316,
    "duration" : 525
  },
  "status" : "failed",
  "statusMessage" : "AssertionError: Result is not equal expected value",
  "statusTrace" : "self = <tests_api.test_bd.TestPOST object at 0x7f882b7bb2f0>\n\n    @allure.title('POST create_docker_container_without_token')\n    def test_post_create_docker_with_defunct_image(self):\n        result = API.post_create_docker_container_with_defunct_image(token=TestPOST.token)\n        Checking.check_status_code(result, 400)\n>       Checking.check_json_value(result, 'msg', \"msg[]: the image doesn't found in the DockerHub\")\n\ntests_api/test_bd.py:411: \n_ _ _ _ _ _ _ _ _ _ _ _ _ _ _ _ _ _ _ _ _ _ _ _ _ _ _ _ _ _ _ _ _ _ _ _ _ _ _ _ \n\nresponse = <Response [400]>, field_name = 'msg'\nexpected_value = \"msg[]: the image doesn't found in the DockerHub\"\n\n    @staticmethod\n    def check_json_value(response: requests.models.Response, field_name: str, expected_value):\n        \"\"\"\n        :param response: requests.models.Response\n        :param field_name:\n        :param expected_value:\n        \"\"\"\n        check = response.json()\n        check_info = check.get(field_name)\n        with allure.step(\n                f'Compare result request with expected value:'\n                f'\\nResponse: {response}\\nField name: {field_name}\\nValue: {expected_value}'):\n>           assert check_info == expected_value, 'Result is not equal expected value'\nE           AssertionError: Result is not equal expected value\n\ntests_api/utils/checking.py:57: AssertionError",
  "flaky" : false,
  "newFailed" : false,
  "beforeStages" : [ {
    "name" : "setup_logging",
    "time" : {
      "start" : 1741273265791,
      "stop" : 1741273265791,
      "duration" : 0
    },
    "status" : "passed",
    "steps" : [ ],
    "attachments" : [ ],
    "parameters" : [ ],
    "shouldDisplayMessage" : false,
    "hasContent" : false,
    "stepsCount" : 0,
    "attachmentsCount" : 0
  } ],
  "testStage" : {
    "status" : "failed",
    "statusMessage" : "AssertionError: Result is not equal expected value",
    "statusTrace" : "self = <tests_api.test_bd.TestPOST object at 0x7f882b7bb2f0>\n\n    @allure.title('POST create_docker_container_without_token')\n    def test_post_create_docker_with_defunct_image(self):\n        result = API.post_create_docker_container_with_defunct_image(token=TestPOST.token)\n        Checking.check_status_code(result, 400)\n>       Checking.check_json_value(result, 'msg', \"msg[]: the image doesn't found in the DockerHub\")\n\ntests_api/test_bd.py:411: \n_ _ _ _ _ _ _ _ _ _ _ _ _ _ _ _ _ _ _ _ _ _ _ _ _ _ _ _ _ _ _ _ _ _ _ _ _ _ _ _ \n\nresponse = <Response [400]>, field_name = 'msg'\nexpected_value = \"msg[]: the image doesn't found in the DockerHub\"\n\n    @staticmethod\n    def check_json_value(response: requests.models.Response, field_name: str, expected_value):\n        \"\"\"\n        :param response: requests.models.Response\n        :param field_name:\n        :param expected_value:\n        \"\"\"\n        check = response.json()\n        check_info = check.get(field_name)\n        with allure.step(\n                f'Compare result request with expected value:'\n                f'\\nResponse: {response}\\nField name: {field_name}\\nValue: {expected_value}'):\n>           assert check_info == expected_value, 'Result is not equal expected value'\nE           AssertionError: Result is not equal expected value\n\ntests_api/utils/checking.py:57: AssertionError",
    "steps" : [ {
      "name" : "post_create_docker_container_with_defunct_image",
      "time" : {
        "start" : 1741273265791,
        "stop" : 1741273266315,
        "duration" : 524
      },
      "status" : "passed",
      "steps" : [ {
        "name" : "Endpoint: /container_create",
        "time" : {
          "start" : 1741273266315,
          "stop" : 1741273266315,
          "duration" : 0
        },
        "status" : "passed",
        "steps" : [ ],
        "attachments" : [ ],
        "parameters" : [ ],
        "shouldDisplayMessage" : false,
        "hasContent" : false,
        "stepsCount" : 0,
        "attachmentsCount" : 0
      }, {
        "name" : "Request:",
        "time" : {
          "start" : 1741273266315,
          "stop" : 1741273266315,
          "duration" : 0
        },
        "status" : "passed",
        "steps" : [ {
          "name" : "Headers: {'Content-Type': 'application/json', 'Authorization': '53b1eebb-33e3-4884-bc39-c2a49e3059b5'}",
          "time" : {
            "start" : 1741273266315,
            "stop" : 1741273266315,
            "duration" : 0
          },
          "status" : "passed",
          "steps" : [ ],
          "attachments" : [ ],
          "parameters" : [ ],
          "shouldDisplayMessage" : false,
          "hasContent" : false,
          "stepsCount" : 0,
          "attachmentsCount" : 0
        }, {
          "name" : "Body: {\"docker_image\": \"\", \"int_ports\": \"80\", \"env\": 3, \"region\": 3}",
          "time" : {
            "start" : 1741273266315,
            "stop" : 1741273266315,
            "duration" : 0
          },
          "status" : "passed",
          "steps" : [ ],
          "attachments" : [ ],
          "parameters" : [ ],
          "shouldDisplayMessage" : false,
          "hasContent" : false,
          "stepsCount" : 0,
          "attachmentsCount" : 0
        } ],
        "attachments" : [ ],
        "parameters" : [ ],
        "shouldDisplayMessage" : false,
        "hasContent" : true,
        "stepsCount" : 2,
        "attachmentsCount" : 0
      }, {
        "name" : "Response:",
        "time" : {
          "start" : 1741273266315,
          "stop" : 1741273266315,
          "duration" : 0
        },
        "status" : "passed",
        "steps" : [ {
          "name" : "Status code: 400",
          "time" : {
            "start" : 1741273266315,
            "stop" : 1741273266315,
            "duration" : 0
          },
          "status" : "passed",
          "steps" : [ ],
          "attachments" : [ ],
          "parameters" : [ ],
          "shouldDisplayMessage" : false,
          "hasContent" : false,
          "stepsCount" : 0,
          "attachmentsCount" : 0
        }, {
          "name" : "JSON: {\n    \"msg_code\": -1,\n    \"msg\": \"endpoint is disabled\"\n}\n",
          "time" : {
            "start" : 1741273266315,
            "stop" : 1741273266315,
            "duration" : 0
          },
          "status" : "passed",
          "steps" : [ ],
          "attachments" : [ ],
          "parameters" : [ ],
          "shouldDisplayMessage" : false,
          "hasContent" : false,
          "stepsCount" : 0,
          "attachmentsCount" : 0
        } ],
        "attachments" : [ ],
        "parameters" : [ ],
        "shouldDisplayMessage" : false,
        "hasContent" : true,
        "stepsCount" : 2,
        "attachmentsCount" : 0
      } ],
      "attachments" : [ ],
      "parameters" : [ ],
      "shouldDisplayMessage" : false,
      "hasContent" : true,
      "stepsCount" : 7,
      "attachmentsCount" : 0
    }, {
      "name" : "Assert status code: 400 == Response status code: 400",
      "time" : {
        "start" : 1741273266315,
        "stop" : 1741273266315,
        "duration" : 0
      },
      "status" : "passed",
      "steps" : [ ],
      "attachments" : [ ],
      "parameters" : [ ],
      "shouldDisplayMessage" : false,
      "hasContent" : false,
      "stepsCount" : 0,
      "attachmentsCount" : 0
    }, {
      "name" : "Compare result request with expected value:\nResponse: <Response [400]>\nField name: msg\nValue: msg[]: the image doesn't found in the DockerHub",
      "time" : {
        "start" : 1741273266315,
        "stop" : 1741273266315,
        "duration" : 0
      },
      "status" : "failed",
      "statusMessage" : "AssertionError: Result is not equal expected value\n",
      "statusTrace" : "  File \"/home/runner/work/Oblache/Oblache/tests_api/utils/checking.py\", line 57, in check_json_value\n    assert check_info == expected_value, 'Result is not equal expected value'\n           ^^^^^^^^^^^^^^^^^^^^^^^^^^^^\n",
      "steps" : [ ],
      "attachments" : [ ],
      "parameters" : [ ],
      "shouldDisplayMessage" : true,
      "hasContent" : true,
      "stepsCount" : 0,
      "attachmentsCount" : 0
    } ],
    "attachments" : [ {
      "uid" : "35b0046123e843d7",
      "name" : "test_post_create_docker_with_defunct_image_log",
      "source" : "35b0046123e843d7.txt",
      "type" : "text/plain",
      "size" : 487488
    }, {
      "uid" : "229340545f4593ca",
      "name" : "log",
      "source" : "229340545f4593ca.txt",
      "type" : "text/plain",
      "size" : 318
    } ],
    "parameters" : [ ],
    "shouldDisplayMessage" : true,
    "hasContent" : true,
    "stepsCount" : 10,
    "attachmentsCount" : 2
  },
  "afterStages" : [ ],
  "labels" : [ {
    "name" : "suite",
    "value" : "POST"
  }, {
    "name" : "parentSuite",
    "value" : "tests_api"
  }, {
    "name" : "subSuite",
    "value" : "TestPOST"
  }, {
    "name" : "host",
    "value" : "fv-az1774-831"
  }, {
    "name" : "thread",
    "value" : "2441-MainThread"
  }, {
    "name" : "framework",
    "value" : "pytest"
  }, {
    "name" : "language",
    "value" : "cpython3"
  }, {
    "name" : "package",
    "value" : "tests_api.test_bd"
  }, {
    "name" : "resultFormat",
    "value" : "allure2"
  } ],
  "parameters" : [ ],
  "links" : [ ],
  "hidden" : false,
  "retry" : false,
  "extra" : {
    "severity" : "normal",
    "retries" : [ ],
    "categories" : [ {
      "name" : "Product defects",
      "matchedStatuses" : [ ],
      "flaky" : false
    } ],
    "history" : {
      "statistic" : {
        "failed" : 85,
        "broken" : 0,
        "skipped" : 0,
        "passed" : 36,
        "unknown" : 0,
        "total" : 121
      },
      "items" : [ {
        "uid" : "186b1d94e9451df2",
        "reportUrl" : "https://lambotik.github.io/Oblache/22//#testresult/186b1d94e9451df2",
        "status" : "failed",
        "statusDetails" : "AssertionError: Result is not equal expected value",
        "time" : {
          "start" : 1741273017329,
          "stop" : 1741273017636,
          "duration" : 307
        }
      }, {
        "uid" : "982b4f742279cd3f",
        "reportUrl" : "https://lambotik.github.io/Oblache/21//#testresult/982b4f742279cd3f",
        "status" : "failed",
        "statusDetails" : "AssertionError: Result is not equal expected value",
        "time" : {
          "start" : 1741272404706,
          "stop" : 1741272405013,
          "duration" : 307
        }
      }, {
        "uid" : "d764eec8240b2287",
        "reportUrl" : "https://lambotik.github.io/Oblache/20//#testresult/d764eec8240b2287",
        "status" : "failed",
        "statusDetails" : "AssertionError: Result is not equal expected value",
        "time" : {
          "start" : 1741271082397,
          "stop" : 1741271082912,
          "duration" : 515
        }
      }, {
        "uid" : "9e455cc39c5d74ef",
        "reportUrl" : "https://lambotik.github.io/Oblache/19//#testresult/9e455cc39c5d74ef",
        "status" : "failed",
        "statusDetails" : "AssertionError: Result is not equal expected value",
        "time" : {
          "start" : 1741270263903,
          "stop" : 1741270264416,
          "duration" : 513
        }
      }, {
        "uid" : "8ba18996a67714ee",
        "reportUrl" : "https://lambotik.github.io/Oblache/333//#testresult/8ba18996a67714ee",
        "status" : "failed",
        "statusDetails" : "AssertionError: Result is not equal expected value",
        "time" : {
          "start" : 1741223079632,
          "stop" : 1741223079936,
          "duration" : 304
        }
      }, {
        "uid" : "13c18e3860bbfe89",
        "reportUrl" : "https://lambotik.github.io/Oblache/332//#testresult/13c18e3860bbfe89",
        "status" : "failed",
        "statusDetails" : "AssertionError: Result is not equal expected value",
        "time" : {
          "start" : 1741136680312,
          "stop" : 1741136680693,
          "duration" : 381
        }
      }, {
        "uid" : "9294b15bf71bdd14",
        "reportUrl" : "https://lambotik.github.io/Oblache/331//#testresult/9294b15bf71bdd14",
        "status" : "failed",
        "statusDetails" : "AssertionError: Result is not equal expected value",
        "time" : {
          "start" : 1741050276817,
          "stop" : 1741050277123,
          "duration" : 306
        }
      }, {
        "uid" : "2950aa4eac72b1b6",
        "reportUrl" : "https://lambotik.github.io/Oblache/330//#testresult/2950aa4eac72b1b6",
        "status" : "failed",
        "statusDetails" : "AssertionError: Result is not equal expected value",
        "time" : {
          "start" : 1740963967738,
          "stop" : 1740963968108,
          "duration" : 370
        }
      }, {
        "uid" : "1a5310251ef6e6b0",
        "reportUrl" : "https://lambotik.github.io/Oblache/329//#testresult/1a5310251ef6e6b0",
        "status" : "failed",
        "statusDetails" : "AssertionError: Result is not equal expected value",
        "time" : {
          "start" : 1740877667226,
          "stop" : 1740877667605,
          "duration" : 379
        }
      }, {
        "uid" : "f972383f94bcf5c6",
        "reportUrl" : "https://lambotik.github.io/Oblache/328//#testresult/f972383f94bcf5c6",
        "status" : "failed",
        "statusDetails" : "AssertionError: Result is not equal expected value",
        "time" : {
          "start" : 1740791302975,
          "stop" : 1740791303277,
          "duration" : 302
        }
      }, {
        "uid" : "634d82e1f07857b5",
        "reportUrl" : "https://lambotik.github.io/Oblache/327//#testresult/634d82e1f07857b5",
        "status" : "failed",
        "statusDetails" : "AssertionError: Result is not equal expected value",
        "time" : {
          "start" : 1740704634341,
          "stop" : 1740704634661,
          "duration" : 320
        }
      }, {
        "uid" : "289ce1fa90bf5931",
        "reportUrl" : "https://lambotik.github.io/Oblache/326//#testresult/289ce1fa90bf5931",
        "status" : "failed",
        "statusDetails" : "AssertionError: Result is not equal expected value",
        "time" : {
          "start" : 1740618212375,
          "stop" : 1740618212734,
          "duration" : 359
        }
      }, {
        "uid" : "831f6cb49049e80e",
        "reportUrl" : "https://lambotik.github.io/Oblache/325//#testresult/831f6cb49049e80e",
        "status" : "failed",
        "statusDetails" : "AssertionError: Result is not equal expected value",
        "time" : {
          "start" : 1740531815599,
          "stop" : 1740531815914,
          "duration" : 315
        }
      }, {
        "uid" : "c12d5d73b2196036",
        "reportUrl" : "https://lambotik.github.io/Oblache/324//#testresult/c12d5d73b2196036",
        "status" : "failed",
        "statusDetails" : "AssertionError: Result is not equal expected value",
        "time" : {
          "start" : 1740445424974,
          "stop" : 1740445425339,
          "duration" : 365
        }
      }, {
        "uid" : "6b23d0391ab3ce2b",
        "reportUrl" : "https://lambotik.github.io/Oblache/323//#testresult/6b23d0391ab3ce2b",
        "status" : "failed",
        "statusDetails" : "AssertionError: Result is not equal expected value",
        "time" : {
          "start" : 1740359094269,
          "stop" : 1740359094785,
          "duration" : 516
        }
      }, {
        "uid" : "911a7c246151e4b2",
        "reportUrl" : "https://lambotik.github.io/Oblache/322//#testresult/911a7c246151e4b2",
        "status" : "failed",
        "statusDetails" : "AssertionError: Result is not equal expected value",
        "time" : {
          "start" : 1740272824591,
          "stop" : 1740272825128,
          "duration" : 537
        }
      }, {
        "uid" : "f9411423eb38a06",
        "reportUrl" : "https://lambotik.github.io/Oblache/321//#testresult/f9411423eb38a06",
        "status" : "failed",
        "statusDetails" : "AssertionError: Result is not equal expected value",
        "time" : {
          "start" : 1740186046083,
          "stop" : 1740186046400,
          "duration" : 317
        }
      }, {
        "uid" : "f36de8f37925e17a",
        "reportUrl" : "https://lambotik.github.io/Oblache/320//#testresult/f36de8f37925e17a",
        "status" : "failed",
        "statusDetails" : "AssertionError: Result is not equal expected value",
        "time" : {
          "start" : 1740099782837,
          "stop" : 1740099783334,
          "duration" : 497
        }
      }, {
        "uid" : "d3d3b04c3cd66d0c",
        "reportUrl" : "https://lambotik.github.io/Oblache/319//#testresult/d3d3b04c3cd66d0c",
        "status" : "failed",
        "statusDetails" : "AssertionError: Result is not equal expected value",
        "time" : {
          "start" : 1740013368415,
          "stop" : 1740013368785,
          "duration" : 370
        }
      }, {
        "uid" : "3a6421bb80a4eec3",
        "reportUrl" : "https://lambotik.github.io/Oblache/318//#testresult/3a6421bb80a4eec3",
        "status" : "failed",
        "statusDetails" : "AssertionError: Result is not equal expected value",
        "time" : {
          "start" : 1739926931354,
          "stop" : 1739926931670,
          "duration" : 316
        }
      } ]
    },
    "tags" : [ ]
  },
  "source" : "43529ca768aa2390.json",
  "parameterValues" : [ ]
}