{
  "uid" : "4a5602310d18fd81",
  "name" : "POST checking ports_len negative symbols",
  "fullName" : "tests_api.test_bd.TestPOST#test_post_checking_ports_len_negative_symbols",
  "historyId" : "381cac88cc6f55198cae5b20cb94989e",
  "time" : {
    "start" : 1741273264709,
    "stop" : 1741273265227,
    "duration" : 518
  },
  "status" : "failed",
  "statusMessage" : "AssertionError: Result is not equal expected value",
  "statusTrace" : "self = <tests_api.test_bd.TestPOST object at 0x7f882b7ba870>\n\n    @allure.title('POST checking ports_len negative symbols')\n    def test_post_checking_ports_len_negative_symbols(self):\n        result = API.post_create_docker_container_checking_ports(\n            token=TestPOST.token,\n            port_len=\"qwert\")\n        Checking.check_status_code(result, 400)\n>       Checking.check_json_value(result, 'msg', \"msg[]: ports range isn't accepted\")\n\ntests_api/test_bd.py:399: \n_ _ _ _ _ _ _ _ _ _ _ _ _ _ _ _ _ _ _ _ _ _ _ _ _ _ _ _ _ _ _ _ _ _ _ _ _ _ _ _ \n\nresponse = <Response [400]>, field_name = 'msg'\nexpected_value = \"msg[]: ports range isn't accepted\"\n\n    @staticmethod\n    def check_json_value(response: requests.models.Response, field_name: str, expected_value):\n        \"\"\"\n        :param response: requests.models.Response\n        :param field_name:\n        :param expected_value:\n        \"\"\"\n        check = response.json()\n        check_info = check.get(field_name)\n        with allure.step(\n                f'Compare result request with expected value:'\n                f'\\nResponse: {response}\\nField name: {field_name}\\nValue: {expected_value}'):\n>           assert check_info == expected_value, 'Result is not equal expected value'\nE           AssertionError: Result is not equal expected value\n\ntests_api/utils/checking.py:57: AssertionError",
  "flaky" : false,
  "newFailed" : false,
  "beforeStages" : [ {
    "name" : "setup_logging",
    "time" : {
      "start" : 1741273264708,
      "stop" : 1741273264708,
      "duration" : 0
    },
    "status" : "passed",
    "steps" : [ ],
    "attachments" : [ ],
    "parameters" : [ ],
    "shouldDisplayMessage" : false,
    "hasContent" : false,
    "stepsCount" : 0,
    "attachmentsCount" : 0
  } ],
  "testStage" : {
    "status" : "failed",
    "statusMessage" : "AssertionError: Result is not equal expected value",
    "statusTrace" : "self = <tests_api.test_bd.TestPOST object at 0x7f882b7ba870>\n\n    @allure.title('POST checking ports_len negative symbols')\n    def test_post_checking_ports_len_negative_symbols(self):\n        result = API.post_create_docker_container_checking_ports(\n            token=TestPOST.token,\n            port_len=\"qwert\")\n        Checking.check_status_code(result, 400)\n>       Checking.check_json_value(result, 'msg', \"msg[]: ports range isn't accepted\")\n\ntests_api/test_bd.py:399: \n_ _ _ _ _ _ _ _ _ _ _ _ _ _ _ _ _ _ _ _ _ _ _ _ _ _ _ _ _ _ _ _ _ _ _ _ _ _ _ _ \n\nresponse = <Response [400]>, field_name = 'msg'\nexpected_value = \"msg[]: ports range isn't accepted\"\n\n    @staticmethod\n    def check_json_value(response: requests.models.Response, field_name: str, expected_value):\n        \"\"\"\n        :param response: requests.models.Response\n        :param field_name:\n        :param expected_value:\n        \"\"\"\n        check = response.json()\n        check_info = check.get(field_name)\n        with allure.step(\n                f'Compare result request with expected value:'\n                f'\\nResponse: {response}\\nField name: {field_name}\\nValue: {expected_value}'):\n>           assert check_info == expected_value, 'Result is not equal expected value'\nE           AssertionError: Result is not equal expected value\n\ntests_api/utils/checking.py:57: AssertionError",
    "steps" : [ {
      "name" : "post_create_docker_container",
      "time" : {
        "start" : 1741273264709,
        "stop" : 1741273265227,
        "duration" : 518
      },
      "status" : "passed",
      "steps" : [ {
        "name" : "Endpoint: /container_create",
        "time" : {
          "start" : 1741273265227,
          "stop" : 1741273265227,
          "duration" : 0
        },
        "status" : "passed",
        "steps" : [ ],
        "attachments" : [ ],
        "parameters" : [ ],
        "shouldDisplayMessage" : false,
        "hasContent" : false,
        "stepsCount" : 0,
        "attachmentsCount" : 0
      }, {
        "name" : "Request:",
        "time" : {
          "start" : 1741273265227,
          "stop" : 1741273265227,
          "duration" : 0
        },
        "status" : "passed",
        "steps" : [ {
          "name" : "Headers: {'Content-Type': 'application/json', 'Authorization': '53b1eebb-33e3-4884-bc39-c2a49e3059b5'}",
          "time" : {
            "start" : 1741273265227,
            "stop" : 1741273265227,
            "duration" : 0
          },
          "status" : "passed",
          "steps" : [ ],
          "attachments" : [ ],
          "parameters" : [ ],
          "shouldDisplayMessage" : false,
          "hasContent" : false,
          "stepsCount" : 0,
          "attachmentsCount" : 0
        }, {
          "name" : "Body: {\"docker_image\": \"nginx\", \"int_ports\": f\"qwert\", \"env\": 3, \"region\": 3}",
          "time" : {
            "start" : 1741273265227,
            "stop" : 1741273265227,
            "duration" : 0
          },
          "status" : "passed",
          "steps" : [ ],
          "attachments" : [ ],
          "parameters" : [ ],
          "shouldDisplayMessage" : false,
          "hasContent" : false,
          "stepsCount" : 0,
          "attachmentsCount" : 0
        } ],
        "attachments" : [ ],
        "parameters" : [ ],
        "shouldDisplayMessage" : false,
        "hasContent" : true,
        "stepsCount" : 2,
        "attachmentsCount" : 0
      }, {
        "name" : "Response:",
        "time" : {
          "start" : 1741273265227,
          "stop" : 1741273265227,
          "duration" : 0
        },
        "status" : "passed",
        "steps" : [ {
          "name" : "Status code: 400",
          "time" : {
            "start" : 1741273265227,
            "stop" : 1741273265227,
            "duration" : 0
          },
          "status" : "passed",
          "steps" : [ ],
          "attachments" : [ ],
          "parameters" : [ ],
          "shouldDisplayMessage" : false,
          "hasContent" : false,
          "stepsCount" : 0,
          "attachmentsCount" : 0
        }, {
          "name" : "JSON: {\n    \"msg_code\": -1,\n    \"msg\": \"endpoint is disabled\"\n}\n",
          "time" : {
            "start" : 1741273265227,
            "stop" : 1741273265227,
            "duration" : 0
          },
          "status" : "passed",
          "steps" : [ ],
          "attachments" : [ ],
          "parameters" : [ ],
          "shouldDisplayMessage" : false,
          "hasContent" : false,
          "stepsCount" : 0,
          "attachmentsCount" : 0
        } ],
        "attachments" : [ ],
        "parameters" : [ ],
        "shouldDisplayMessage" : false,
        "hasContent" : true,
        "stepsCount" : 2,
        "attachmentsCount" : 0
      } ],
      "attachments" : [ ],
      "parameters" : [ ],
      "shouldDisplayMessage" : false,
      "hasContent" : true,
      "stepsCount" : 7,
      "attachmentsCount" : 0
    }, {
      "name" : "Assert status code: 400 == Response status code: 400",
      "time" : {
        "start" : 1741273265227,
        "stop" : 1741273265227,
        "duration" : 0
      },
      "status" : "passed",
      "steps" : [ ],
      "attachments" : [ ],
      "parameters" : [ ],
      "shouldDisplayMessage" : false,
      "hasContent" : false,
      "stepsCount" : 0,
      "attachmentsCount" : 0
    }, {
      "name" : "Compare result request with expected value:\nResponse: <Response [400]>\nField name: msg\nValue: msg[]: ports range isn't accepted",
      "time" : {
        "start" : 1741273265227,
        "stop" : 1741273265227,
        "duration" : 0
      },
      "status" : "failed",
      "statusMessage" : "AssertionError: Result is not equal expected value\n",
      "statusTrace" : "  File \"/home/runner/work/Oblache/Oblache/tests_api/utils/checking.py\", line 57, in check_json_value\n    assert check_info == expected_value, 'Result is not equal expected value'\n           ^^^^^^^^^^^^^^^^^^^^^^^^^^^^\n",
      "steps" : [ ],
      "attachments" : [ ],
      "parameters" : [ ],
      "shouldDisplayMessage" : true,
      "hasContent" : true,
      "stepsCount" : 0,
      "attachmentsCount" : 0
    } ],
    "attachments" : [ {
      "uid" : "279412d017f26302",
      "name" : "log",
      "source" : "279412d017f26302.txt",
      "type" : "text/plain",
      "size" : 326
    } ],
    "parameters" : [ ],
    "shouldDisplayMessage" : true,
    "hasContent" : true,
    "stepsCount" : 10,
    "attachmentsCount" : 1
  },
  "afterStages" : [ ],
  "labels" : [ {
    "name" : "suite",
    "value" : "POST"
  }, {
    "name" : "parentSuite",
    "value" : "tests_api"
  }, {
    "name" : "subSuite",
    "value" : "TestPOST"
  }, {
    "name" : "host",
    "value" : "fv-az1774-831"
  }, {
    "name" : "thread",
    "value" : "2441-MainThread"
  }, {
    "name" : "framework",
    "value" : "pytest"
  }, {
    "name" : "language",
    "value" : "cpython3"
  }, {
    "name" : "package",
    "value" : "tests_api.test_bd"
  }, {
    "name" : "resultFormat",
    "value" : "allure2"
  } ],
  "parameters" : [ ],
  "links" : [ ],
  "hidden" : false,
  "retry" : false,
  "extra" : {
    "severity" : "normal",
    "retries" : [ ],
    "categories" : [ {
      "name" : "Product defects",
      "matchedStatuses" : [ ],
      "flaky" : false
    } ],
    "history" : {
      "statistic" : {
        "failed" : 85,
        "broken" : 0,
        "skipped" : 0,
        "passed" : 36,
        "unknown" : 0,
        "total" : 121
      },
      "items" : [ {
        "uid" : "61019424066d7c3e",
        "reportUrl" : "https://lambotik.github.io/Oblache/22//#testresult/61019424066d7c3e",
        "status" : "failed",
        "statusDetails" : "AssertionError: Result is not equal expected value",
        "time" : {
          "start" : 1741273016668,
          "stop" : 1741273016985,
          "duration" : 317
        }
      }, {
        "uid" : "5076efe25a13a430",
        "reportUrl" : "https://lambotik.github.io/Oblache/21//#testresult/5076efe25a13a430",
        "status" : "failed",
        "statusDetails" : "AssertionError: Result is not equal expected value",
        "time" : {
          "start" : 1741272404039,
          "stop" : 1741272404355,
          "duration" : 316
        }
      }, {
        "uid" : "2c66589e3a541673",
        "reportUrl" : "https://lambotik.github.io/Oblache/20//#testresult/2c66589e3a541673",
        "status" : "failed",
        "statusDetails" : "AssertionError: Result is not equal expected value",
        "time" : {
          "start" : 1741271081317,
          "stop" : 1741271081836,
          "duration" : 519
        }
      }, {
        "uid" : "31e89b0d8268d0d",
        "reportUrl" : "https://lambotik.github.io/Oblache/19//#testresult/31e89b0d8268d0d",
        "status" : "failed",
        "statusDetails" : "AssertionError: Result is not equal expected value",
        "time" : {
          "start" : 1741270262798,
          "stop" : 1741270263328,
          "duration" : 530
        }
      }, {
        "uid" : "25998654d29c68c3",
        "reportUrl" : "https://lambotik.github.io/Oblache/333//#testresult/25998654d29c68c3",
        "status" : "failed",
        "statusDetails" : "AssertionError: Result is not equal expected value",
        "time" : {
          "start" : 1741223078995,
          "stop" : 1741223079298,
          "duration" : 303
        }
      }, {
        "uid" : "b49af8b1da281cb3",
        "reportUrl" : "https://lambotik.github.io/Oblache/332//#testresult/b49af8b1da281cb3",
        "status" : "failed",
        "statusDetails" : "AssertionError: Result is not equal expected value",
        "time" : {
          "start" : 1741136679597,
          "stop" : 1741136679980,
          "duration" : 383
        }
      }, {
        "uid" : "b381b097eb09b35c",
        "reportUrl" : "https://lambotik.github.io/Oblache/331//#testresult/b381b097eb09b35c",
        "status" : "failed",
        "statusDetails" : "AssertionError: Result is not equal expected value",
        "time" : {
          "start" : 1741050276151,
          "stop" : 1741050276485,
          "duration" : 334
        }
      }, {
        "uid" : "50f5b92828c35bd4",
        "reportUrl" : "https://lambotik.github.io/Oblache/330//#testresult/50f5b92828c35bd4",
        "status" : "failed",
        "statusDetails" : "AssertionError: Result is not equal expected value",
        "time" : {
          "start" : 1740963966973,
          "stop" : 1740963967335,
          "duration" : 362
        }
      }, {
        "uid" : "7affb8c91ef793b8",
        "reportUrl" : "https://lambotik.github.io/Oblache/329//#testresult/7affb8c91ef793b8",
        "status" : "failed",
        "statusDetails" : "AssertionError: Result is not equal expected value",
        "time" : {
          "start" : 1740877666459,
          "stop" : 1740877666837,
          "duration" : 378
        }
      }, {
        "uid" : "f9d336e1aaf5fcb7",
        "reportUrl" : "https://lambotik.github.io/Oblache/328//#testresult/f9d336e1aaf5fcb7",
        "status" : "failed",
        "statusDetails" : "AssertionError: Result is not equal expected value",
        "time" : {
          "start" : 1740791302331,
          "stop" : 1740791302637,
          "duration" : 306
        }
      }, {
        "uid" : "c726122ddbcae6a3",
        "reportUrl" : "https://lambotik.github.io/Oblache/327//#testresult/c726122ddbcae6a3",
        "status" : "failed",
        "statusDetails" : "AssertionError: Result is not equal expected value",
        "time" : {
          "start" : 1740704633677,
          "stop" : 1740704634000,
          "duration" : 323
        }
      }, {
        "uid" : "d00610bd5b2e554e",
        "reportUrl" : "https://lambotik.github.io/Oblache/326//#testresult/d00610bd5b2e554e",
        "status" : "failed",
        "statusDetails" : "AssertionError: Result is not equal expected value",
        "time" : {
          "start" : 1740618211632,
          "stop" : 1740618211995,
          "duration" : 363
        }
      }, {
        "uid" : "c216ebc54c84832b",
        "reportUrl" : "https://lambotik.github.io/Oblache/325//#testresult/c216ebc54c84832b",
        "status" : "failed",
        "statusDetails" : "AssertionError: Result is not equal expected value",
        "time" : {
          "start" : 1740531814920,
          "stop" : 1740531815235,
          "duration" : 315
        }
      }, {
        "uid" : "e4f4125cf3ac6cce",
        "reportUrl" : "https://lambotik.github.io/Oblache/324//#testresult/e4f4125cf3ac6cce",
        "status" : "failed",
        "statusDetails" : "AssertionError: Result is not equal expected value",
        "time" : {
          "start" : 1740445424212,
          "stop" : 1740445424582,
          "duration" : 370
        }
      }, {
        "uid" : "a0147cb738345a4",
        "reportUrl" : "https://lambotik.github.io/Oblache/323//#testresult/a0147cb738345a4",
        "status" : "failed",
        "statusDetails" : "AssertionError: Result is not equal expected value",
        "time" : {
          "start" : 1740359093210,
          "stop" : 1740359093725,
          "duration" : 515
        }
      }, {
        "uid" : "e06b2cb9507a2dfa",
        "reportUrl" : "https://lambotik.github.io/Oblache/322//#testresult/e06b2cb9507a2dfa",
        "status" : "failed",
        "statusDetails" : "AssertionError: Result is not equal expected value",
        "time" : {
          "start" : 1740272823532,
          "stop" : 1740272824048,
          "duration" : 516
        }
      }, {
        "uid" : "dccea32e47c596e6",
        "reportUrl" : "https://lambotik.github.io/Oblache/321//#testresult/dccea32e47c596e6",
        "status" : "failed",
        "statusDetails" : "AssertionError: Result is not equal expected value",
        "time" : {
          "start" : 1740186045420,
          "stop" : 1740186045743,
          "duration" : 323
        }
      }, {
        "uid" : "8913f1b31b7fb42c",
        "reportUrl" : "https://lambotik.github.io/Oblache/320//#testresult/8913f1b31b7fb42c",
        "status" : "failed",
        "statusDetails" : "AssertionError: Result is not equal expected value",
        "time" : {
          "start" : 1740099781786,
          "stop" : 1740099782303,
          "duration" : 517
        }
      }, {
        "uid" : "5e62845b296869e3",
        "reportUrl" : "https://lambotik.github.io/Oblache/319//#testresult/5e62845b296869e3",
        "status" : "failed",
        "statusDetails" : "AssertionError: Result is not equal expected value",
        "time" : {
          "start" : 1740013367665,
          "stop" : 1740013368033,
          "duration" : 368
        }
      }, {
        "uid" : "fc4381135801830d",
        "reportUrl" : "https://lambotik.github.io/Oblache/318//#testresult/fc4381135801830d",
        "status" : "failed",
        "statusDetails" : "AssertionError: Result is not equal expected value",
        "time" : {
          "start" : 1739926930702,
          "stop" : 1739926931015,
          "duration" : 313
        }
      } ]
    },
    "tags" : [ ]
  },
  "source" : "4a5602310d18fd81.json",
  "parameterValues" : [ ]
}