{
  "uid" : "2596f05a26330587",
  "name" : "test_open_static_site_page",
  "fullName" : "tests_ui.test_ui.TestProfilePage#test_open_statistic_page",
  "historyId" : "d5ae1e2d5dedc1997262906d6ec2db80",
  "time" : {
    "start" : 1760665660323,
    "stop" : 1760665665540,
    "duration" : 5217
  },
  "status" : "broken",
  "statusMessage" : "selenium.common.exceptions.TimeoutException: Message: Can't find element by locator ('xpath', '//button[@id=\"menu_button_webpages\"]')\nStacktrace:\n#0 0x55dfd2401fba <unknown>\n#1 0x55dfd1e866d0 <unknown>\n#2 0x55dfd1ed82aa <unknown>\n#3 0x55dfd1ed8541 <unknown>\n#4 0x55dfd1f266c4 <unknown>\n#5 0x55dfd1efde5d <unknown>\n#6 0x55dfd1f23b54 <unknown>\n#7 0x55dfd1efdc03 <unknown>\n#8 0x55dfd1eca7a8 <unknown>\n#9 0x55dfd1ecb421 <unknown>\n#10 0x55dfd23c6b28 <unknown>\n#11 0x55dfd23ca87f <unknown>\n#12 0x55dfd23aec49 <unknown>\n#13 0x55dfd23cb405 <unknown>\n#14 0x55dfd23944ff <unknown>\n#15 0x55dfd23ef258 <unknown>\n#16 0x55dfd23ef432 <unknown>\n#17 0x55dfd2400fa3 <unknown>\n#18 0x7f3a08e9caa4 <unknown>\n#19 0x7f3a08f29c6c <unknown>",
  "statusTrace" : "self = <tests_ui.test_ui.TestProfilePage object at 0x7fcd38df43b0>\ndriver = <selenium.webdriver.chrome.webdriver.WebDriver (session=\"15e3d00c6bc0788f44c4f6b25a1f1294\")>\nauthorization_user = None\n\n    @allure.title('test_open_static_site_page')\n    def test_open_statistic_page(self, driver, authorization_user):\n        page = ProfilePage(driver)\n>       page.click_static_site_button()\n\ntests_ui/test_ui.py:69: \n_ _ _ _ _ _ _ _ _ _ _ _ _ _ _ _ _ _ _ _ _ _ _ _ _ _ _ _ _ _ _ _ _ _ _ _ _ _ _ _ \ntests_ui/profile_page.py:40: in click_static_site_button\n    return self.element_is_present_and_clickable(self.locators.STATIC_BUTTON).click()\ntests_ui/base_page.py:28: in element_is_present_and_clickable\n    return (Wait(self.driver, self.timeout).until(\n_ _ _ _ _ _ _ _ _ _ _ _ _ _ _ _ _ _ _ _ _ _ _ _ _ _ _ _ _ _ _ _ _ _ _ _ _ _ _ _ \n\nself = <selenium.webdriver.support.wait.WebDriverWait (session=\"15e3d00c6bc0788f44c4f6b25a1f1294\")>\nmethod = <function visibility_of_element_located.<locals>._predicate at 0x7fcd38e73920>\nmessage = 'Can\\'t find element by locator (\\'xpath\\', \\'//button[@id=\"menu_button_webpages\"]\\')'\n\n    def until(self, method: Callable[[D], Union[Literal[False], T]], message: str = \"\") -> T:\n        \"\"\"Calls the method provided with the driver as an argument until the \\\n        return value does not evaluate to ``False``.\n    \n        :param method: callable(WebDriver)\n        :param message: optional message for :exc:`TimeoutException`\n        :returns: the result of the last call to `method`\n        :raises: :exc:`selenium.common.exceptions.TimeoutException` if timeout occurs\n        \"\"\"\n        screen = None\n        stacktrace = None\n    \n        end_time = time.monotonic() + self._timeout\n        while True:\n            try:\n                value = method(self._driver)\n                if value:\n                    return value\n            except self._ignored_exceptions as exc:\n                screen = getattr(exc, \"screen\", None)\n                stacktrace = getattr(exc, \"stacktrace\", None)\n            time.sleep(self._poll)\n            if time.monotonic() > end_time:\n                break\n>       raise TimeoutException(message, screen, stacktrace)\nE       selenium.common.exceptions.TimeoutException: Message: Can't find element by locator ('xpath', '//button[@id=\"menu_button_webpages\"]')\nE       Stacktrace:\nE       #0 0x55dfd2401fba <unknown>\nE       #1 0x55dfd1e866d0 <unknown>\nE       #2 0x55dfd1ed82aa <unknown>\nE       #3 0x55dfd1ed8541 <unknown>\nE       #4 0x55dfd1f266c4 <unknown>\nE       #5 0x55dfd1efde5d <unknown>\nE       #6 0x55dfd1f23b54 <unknown>\nE       #7 0x55dfd1efdc03 <unknown>\nE       #8 0x55dfd1eca7a8 <unknown>\nE       #9 0x55dfd1ecb421 <unknown>\nE       #10 0x55dfd23c6b28 <unknown>\nE       #11 0x55dfd23ca87f <unknown>\nE       #12 0x55dfd23aec49 <unknown>\nE       #13 0x55dfd23cb405 <unknown>\nE       #14 0x55dfd23944ff <unknown>\nE       #15 0x55dfd23ef258 <unknown>\nE       #16 0x55dfd23ef432 <unknown>\nE       #17 0x55dfd2400fa3 <unknown>\nE       #18 0x7f3a08e9caa4 <unknown>\nE       #19 0x7f3a08f29c6c <unknown>\n\n/opt/hostedtoolcache/Python/3.12.11/x64/lib/python3.12/site-packages/selenium/webdriver/support/wait.py:105: TimeoutException",
  "flaky" : false,
  "newFailed" : false,
  "beforeStages" : [ {
    "name" : "driver",
    "time" : {
      "start" : 1760665659422,
      "stop" : 1760665659696,
      "duration" : 274
    },
    "status" : "passed",
    "steps" : [ ],
    "attachments" : [ ],
    "parameters" : [ ],
    "stepsCount" : 0,
    "attachmentsCount" : 0,
    "shouldDisplayMessage" : false,
    "hasContent" : false
  }, {
    "name" : "authorization_user",
    "time" : {
      "start" : 1760665659696,
      "stop" : 1760665660322,
      "duration" : 626
    },
    "status" : "passed",
    "steps" : [ {
      "name" : "Open page: https://oblache.areso.pro/register.html",
      "time" : {
        "start" : 1760665659696,
        "stop" : 1760665660118,
        "duration" : 422
      },
      "status" : "passed",
      "steps" : [ ],
      "attachments" : [ ],
      "parameters" : [ ],
      "stepsCount" : 0,
      "attachmentsCount" : 0,
      "shouldDisplayMessage" : false,
      "hasContent" : false
    }, {
      "name" : "Login user",
      "time" : {
        "start" : 1760665660118,
        "stop" : 1760665660322,
        "duration" : 204
      },
      "status" : "passed",
      "steps" : [ {
        "name" : "Enter email.",
        "time" : {
          "start" : 1760665660118,
          "stop" : 1760665660179,
          "duration" : 61
        },
        "status" : "passed",
        "steps" : [ ],
        "attachments" : [ ],
        "parameters" : [ ],
        "stepsCount" : 0,
        "attachmentsCount" : 0,
        "shouldDisplayMessage" : false,
        "hasContent" : false
      }, {
        "name" : "Enter password.",
        "time" : {
          "start" : 1760665660179,
          "stop" : 1760665660228,
          "duration" : 49
        },
        "status" : "passed",
        "steps" : [ ],
        "attachments" : [ ],
        "parameters" : [ ],
        "stepsCount" : 0,
        "attachmentsCount" : 0,
        "shouldDisplayMessage" : false,
        "hasContent" : false
      }, {
        "name" : "Click button \"Login\"",
        "time" : {
          "start" : 1760665660228,
          "stop" : 1760665660319,
          "duration" : 91
        },
        "status" : "passed",
        "steps" : [ ],
        "attachments" : [ ],
        "parameters" : [ ],
        "stepsCount" : 0,
        "attachmentsCount" : 0,
        "shouldDisplayMessage" : false,
        "hasContent" : false
      }, {
        "name" : "Check url is present: https://oblache.areso.pro/register.html",
        "time" : {
          "start" : 1760665660319,
          "stop" : 1760665660322,
          "duration" : 3
        },
        "status" : "passed",
        "steps" : [ ],
        "attachments" : [ ],
        "parameters" : [ ],
        "stepsCount" : 0,
        "attachmentsCount" : 0,
        "shouldDisplayMessage" : false,
        "hasContent" : false
      } ],
      "attachments" : [ ],
      "parameters" : [ ],
      "stepsCount" : 4,
      "attachmentsCount" : 0,
      "shouldDisplayMessage" : false,
      "hasContent" : true
    } ],
    "attachments" : [ ],
    "parameters" : [ ],
    "stepsCount" : 6,
    "attachmentsCount" : 0,
    "shouldDisplayMessage" : false,
    "hasContent" : true
  } ],
  "testStage" : {
    "status" : "broken",
    "statusMessage" : "selenium.common.exceptions.TimeoutException: Message: Can't find element by locator ('xpath', '//button[@id=\"menu_button_webpages\"]')\nStacktrace:\n#0 0x55dfd2401fba <unknown>\n#1 0x55dfd1e866d0 <unknown>\n#2 0x55dfd1ed82aa <unknown>\n#3 0x55dfd1ed8541 <unknown>\n#4 0x55dfd1f266c4 <unknown>\n#5 0x55dfd1efde5d <unknown>\n#6 0x55dfd1f23b54 <unknown>\n#7 0x55dfd1efdc03 <unknown>\n#8 0x55dfd1eca7a8 <unknown>\n#9 0x55dfd1ecb421 <unknown>\n#10 0x55dfd23c6b28 <unknown>\n#11 0x55dfd23ca87f <unknown>\n#12 0x55dfd23aec49 <unknown>\n#13 0x55dfd23cb405 <unknown>\n#14 0x55dfd23944ff <unknown>\n#15 0x55dfd23ef258 <unknown>\n#16 0x55dfd23ef432 <unknown>\n#17 0x55dfd2400fa3 <unknown>\n#18 0x7f3a08e9caa4 <unknown>\n#19 0x7f3a08f29c6c <unknown>",
    "statusTrace" : "self = <tests_ui.test_ui.TestProfilePage object at 0x7fcd38df43b0>\ndriver = <selenium.webdriver.chrome.webdriver.WebDriver (session=\"15e3d00c6bc0788f44c4f6b25a1f1294\")>\nauthorization_user = None\n\n    @allure.title('test_open_static_site_page')\n    def test_open_statistic_page(self, driver, authorization_user):\n        page = ProfilePage(driver)\n>       page.click_static_site_button()\n\ntests_ui/test_ui.py:69: \n_ _ _ _ _ _ _ _ _ _ _ _ _ _ _ _ _ _ _ _ _ _ _ _ _ _ _ _ _ _ _ _ _ _ _ _ _ _ _ _ \ntests_ui/profile_page.py:40: in click_static_site_button\n    return self.element_is_present_and_clickable(self.locators.STATIC_BUTTON).click()\ntests_ui/base_page.py:28: in element_is_present_and_clickable\n    return (Wait(self.driver, self.timeout).until(\n_ _ _ _ _ _ _ _ _ _ _ _ _ _ _ _ _ _ _ _ _ _ _ _ _ _ _ _ _ _ _ _ _ _ _ _ _ _ _ _ \n\nself = <selenium.webdriver.support.wait.WebDriverWait (session=\"15e3d00c6bc0788f44c4f6b25a1f1294\")>\nmethod = <function visibility_of_element_located.<locals>._predicate at 0x7fcd38e73920>\nmessage = 'Can\\'t find element by locator (\\'xpath\\', \\'//button[@id=\"menu_button_webpages\"]\\')'\n\n    def until(self, method: Callable[[D], Union[Literal[False], T]], message: str = \"\") -> T:\n        \"\"\"Calls the method provided with the driver as an argument until the \\\n        return value does not evaluate to ``False``.\n    \n        :param method: callable(WebDriver)\n        :param message: optional message for :exc:`TimeoutException`\n        :returns: the result of the last call to `method`\n        :raises: :exc:`selenium.common.exceptions.TimeoutException` if timeout occurs\n        \"\"\"\n        screen = None\n        stacktrace = None\n    \n        end_time = time.monotonic() + self._timeout\n        while True:\n            try:\n                value = method(self._driver)\n                if value:\n                    return value\n            except self._ignored_exceptions as exc:\n                screen = getattr(exc, \"screen\", None)\n                stacktrace = getattr(exc, \"stacktrace\", None)\n            time.sleep(self._poll)\n            if time.monotonic() > end_time:\n                break\n>       raise TimeoutException(message, screen, stacktrace)\nE       selenium.common.exceptions.TimeoutException: Message: Can't find element by locator ('xpath', '//button[@id=\"menu_button_webpages\"]')\nE       Stacktrace:\nE       #0 0x55dfd2401fba <unknown>\nE       #1 0x55dfd1e866d0 <unknown>\nE       #2 0x55dfd1ed82aa <unknown>\nE       #3 0x55dfd1ed8541 <unknown>\nE       #4 0x55dfd1f266c4 <unknown>\nE       #5 0x55dfd1efde5d <unknown>\nE       #6 0x55dfd1f23b54 <unknown>\nE       #7 0x55dfd1efdc03 <unknown>\nE       #8 0x55dfd1eca7a8 <unknown>\nE       #9 0x55dfd1ecb421 <unknown>\nE       #10 0x55dfd23c6b28 <unknown>\nE       #11 0x55dfd23ca87f <unknown>\nE       #12 0x55dfd23aec49 <unknown>\nE       #13 0x55dfd23cb405 <unknown>\nE       #14 0x55dfd23944ff <unknown>\nE       #15 0x55dfd23ef258 <unknown>\nE       #16 0x55dfd23ef432 <unknown>\nE       #17 0x55dfd2400fa3 <unknown>\nE       #18 0x7f3a08e9caa4 <unknown>\nE       #19 0x7f3a08f29c6c <unknown>\n\n/opt/hostedtoolcache/Python/3.12.11/x64/lib/python3.12/site-packages/selenium/webdriver/support/wait.py:105: TimeoutException",
    "steps" : [ {
      "name" : "Click \"Static site\" button.",
      "time" : {
        "start" : 1760665660323,
        "stop" : 1760665665539,
        "duration" : 5216
      },
      "status" : "broken",
      "statusMessage" : "selenium.common.exceptions.TimeoutException: Message: Can't find element by locator ('xpath', '//button[@id=\"menu_button_webpages\"]')\nStacktrace:\n#0 0x55dfd2401fba <unknown>\n#1 0x55dfd1e866d0 <unknown>\n#2 0x55dfd1ed82aa <unknown>\n#3 0x55dfd1ed8541 <unknown>\n#4 0x55dfd1f266c4 <unknown>\n#5 0x55dfd1efde5d <unknown>\n#6 0x55dfd1f23b54 <unknown>\n#7 0x55dfd1efdc03 <unknown>\n#8 0x55dfd1eca7a8 <unknown>\n#9 0x55dfd1ecb421 <unknown>\n#10 0x55dfd23c6b28 <unknown>\n#11 0x55dfd23ca87f <unknown>\n#12 0x55dfd23aec49 <unknown>\n#13 0x55dfd23cb405 <unknown>\n#14 0x55dfd23944ff <unknown>\n#15 0x55dfd23ef258 <unknown>\n#16 0x55dfd23ef432 <unknown>\n#17 0x55dfd2400fa3 <unknown>\n#18 0x7f3a08e9caa4 <unknown>\n#19 0x7f3a08f29c6c <unknown>\n\n",
      "statusTrace" : "  File \"/home/runner/work/Oblache/Oblache/tests_ui/profile_page.py\", line 40, in click_static_site_button\n    return self.element_is_present_and_clickable(self.locators.STATIC_BUTTON).click()\n           ^^^^^^^^^^^^^^^^^^^^^^^^^^^^^^^^^^^^^^^^^^^^^^^^^^^^^^^^^^^^^^^^^^\n  File \"/home/runner/work/Oblache/Oblache/tests_ui/base_page.py\", line 28, in element_is_present_and_clickable\n    return (Wait(self.driver, self.timeout).until(\n            ^^^^^^^^^^^^^^^^^^^^^^^^^^^^^^^^^^^^^^\n  File \"/opt/hostedtoolcache/Python/3.12.11/x64/lib/python3.12/site-packages/selenium/webdriver/support/wait.py\", line 105, in until\n    raise TimeoutException(message, screen, stacktrace)\n",
      "steps" : [ ],
      "attachments" : [ ],
      "parameters" : [ ],
      "stepsCount" : 0,
      "attachmentsCount" : 0,
      "shouldDisplayMessage" : true,
      "hasContent" : true
    } ],
    "attachments" : [ {
      "uid" : "a503e081ee9ea107",
      "name" : "Screenshot 2025-10-17 01:47:45.619462",
      "source" : "a503e081ee9ea107.png",
      "type" : "image/png",
      "size" : 50510
    } ],
    "parameters" : [ ],
    "stepsCount" : 1,
    "attachmentsCount" : 1,
    "shouldDisplayMessage" : true,
    "hasContent" : true
  },
  "afterStages" : [ {
    "name" : "driver::0",
    "time" : {
      "start" : 1760665665620,
      "stop" : 1760665665683,
      "duration" : 63
    },
    "status" : "passed",
    "steps" : [ ],
    "attachments" : [ ],
    "parameters" : [ ],
    "stepsCount" : 0,
    "attachmentsCount" : 0,
    "shouldDisplayMessage" : false,
    "hasContent" : false
  } ],
  "labels" : [ {
    "name" : "suite",
    "value" : "Test Profile Page."
  }, {
    "name" : "parentSuite",
    "value" : "tests_ui"
  }, {
    "name" : "subSuite",
    "value" : "TestProfilePage"
  }, {
    "name" : "host",
    "value" : "runnervmwhb2z"
  }, {
    "name" : "thread",
    "value" : "2569-MainThread"
  }, {
    "name" : "framework",
    "value" : "pytest"
  }, {
    "name" : "language",
    "value" : "cpython3"
  }, {
    "name" : "package",
    "value" : "tests_ui.test_ui"
  }, {
    "name" : "resultFormat",
    "value" : "allure2"
  } ],
  "parameters" : [ ],
  "links" : [ ],
  "hidden" : false,
  "retry" : false,
  "extra" : {
    "severity" : "normal",
    "retries" : [ ],
    "categories" : [ {
      "name" : "Test defects",
      "matchedStatuses" : [ ],
      "flaky" : false
    } ],
    "history" : {
      "statistic" : {
        "failed" : 0,
        "broken" : 314,
        "skipped" : 0,
        "passed" : 0,
        "unknown" : 0,
        "total" : 314
      },
      "items" : [ {
        "uid" : "5d863adf0ba5644f",
        "reportUrl" : "https://lambotik.github.io/Oblache/534//#testresult/5d863adf0ba5644f",
        "status" : "broken",
        "statusDetails" : "selenium.common.exceptions.TimeoutException: Message: Can't find element by locator ('xpath', '//button[@id=\"menu_button_webpages\"]')\nStacktrace:\n#0 0x55d78c7d8fba <unknown>\n#1 0x55d78c25d6d0 <unknown>\n#2 0x55d78c2af2aa <unknown>\n#3 0x55d78c2af541 <unknown>\n#4 0x55d78c2fd6c4 <unknown>\n#5 0x55d78c2d4e5d <unknown>\n#6 0x55d78c2fab54 <unknown>\n#7 0x55d78c2d4c03 <unknown>\n#8 0x55d78c2a17a8 <unknown>\n#9 0x55d78c2a2421 <unknown>\n#10 0x55d78c79db28 <unknown>\n#11 0x55d78c7a187f <unknown>\n#12 0x55d78c785c49 <unknown>\n#13 0x55d78c7a2405 <unknown>\n#14 0x55d78c76b4ff <unknown>\n#15 0x55d78c7c6258 <unknown>\n#16 0x55d78c7c6432 <unknown>\n#17 0x55d78c7d7fa3 <unknown>\n#18 0x7f2d6009caa4 <unknown>\n#19 0x7f2d60129c6c <unknown>",
        "time" : {
          "start" : 1760579314835,
          "stop" : 1760579319862,
          "duration" : 5027
        }
      }, {
        "uid" : "7f6787e6e994093",
        "reportUrl" : "https://lambotik.github.io/Oblache/533//#testresult/7f6787e6e994093",
        "status" : "broken",
        "statusDetails" : "selenium.common.exceptions.TimeoutException: Message: Can't find element by locator ('xpath', '//button[@id=\"menu_button_webpages\"]')\nStacktrace:\n#0 0x55f2140dffba <unknown>\n#1 0x55f213b646d0 <unknown>\n#2 0x55f213bb62aa <unknown>\n#3 0x55f213bb6541 <unknown>\n#4 0x55f213c046c4 <unknown>\n#5 0x55f213bdbe5d <unknown>\n#6 0x55f213c01b54 <unknown>\n#7 0x55f213bdbc03 <unknown>\n#8 0x55f213ba87a8 <unknown>\n#9 0x55f213ba9421 <unknown>\n#10 0x55f2140a4b28 <unknown>\n#11 0x55f2140a887f <unknown>\n#12 0x55f21408cc49 <unknown>\n#13 0x55f2140a9405 <unknown>\n#14 0x55f2140724ff <unknown>\n#15 0x55f2140cd258 <unknown>\n#16 0x55f2140cd432 <unknown>\n#17 0x55f2140defa3 <unknown>\n#18 0x7f096bc9caa4 <unknown>\n#19 0x7f096bd29c6c <unknown>",
        "time" : {
          "start" : 1760493042977,
          "stop" : 1760493048325,
          "duration" : 5348
        }
      }, {
        "uid" : "5711ed8b5cb03690",
        "reportUrl" : "https://lambotik.github.io/Oblache/532//#testresult/5711ed8b5cb03690",
        "status" : "broken",
        "statusDetails" : "selenium.common.exceptions.TimeoutException: Message: Can't find element by locator ('xpath', '//button[@id=\"menu_button_webpages\"]')\nStacktrace:\n#0 0x55703e226fba <unknown>\n#1 0x55703dcab6d0 <unknown>\n#2 0x55703dcfd2aa <unknown>\n#3 0x55703dcfd541 <unknown>\n#4 0x55703dd4b6c4 <unknown>\n#5 0x55703dd22e5d <unknown>\n#6 0x55703dd48b54 <unknown>\n#7 0x55703dd22c03 <unknown>\n#8 0x55703dcef7a8 <unknown>\n#9 0x55703dcf0421 <unknown>\n#10 0x55703e1ebb28 <unknown>\n#11 0x55703e1ef87f <unknown>\n#12 0x55703e1d3c49 <unknown>\n#13 0x55703e1f0405 <unknown>\n#14 0x55703e1b94ff <unknown>\n#15 0x55703e214258 <unknown>\n#16 0x55703e214432 <unknown>\n#17 0x55703e225fa3 <unknown>\n#18 0x7fcd4889caa4 <unknown>\n#19 0x7fcd48929c6c <unknown>",
        "time" : {
          "start" : 1760406461340,
          "stop" : 1760406466731,
          "duration" : 5391
        }
      }, {
        "uid" : "a59a2a2e154f761",
        "reportUrl" : "https://lambotik.github.io/Oblache/531//#testresult/a59a2a2e154f761",
        "status" : "broken",
        "statusDetails" : "selenium.common.exceptions.TimeoutException: Message: Can't find element by locator ('xpath', '//button[@id=\"menu_button_webpages\"]')\nStacktrace:\n#0 0x55facf603fba <unknown>\n#1 0x55facf0886d0 <unknown>\n#2 0x55facf0da2aa <unknown>\n#3 0x55facf0da541 <unknown>\n#4 0x55facf1286c4 <unknown>\n#5 0x55facf0ffe5d <unknown>\n#6 0x55facf125b54 <unknown>\n#7 0x55facf0ffc03 <unknown>\n#8 0x55facf0cc7a8 <unknown>\n#9 0x55facf0cd421 <unknown>\n#10 0x55facf5c8b28 <unknown>\n#11 0x55facf5cc87f <unknown>\n#12 0x55facf5b0c49 <unknown>\n#13 0x55facf5cd405 <unknown>\n#14 0x55facf5964ff <unknown>\n#15 0x55facf5f1258 <unknown>\n#16 0x55facf5f1432 <unknown>\n#17 0x55facf602fa3 <unknown>\n#18 0x7f3e16c9caa4 <unknown>\n#19 0x7f3e16d29c6c <unknown>",
        "time" : {
          "start" : 1760320410585,
          "stop" : 1760320415960,
          "duration" : 5375
        }
      }, {
        "uid" : "56082f14f8e80ec5",
        "reportUrl" : "https://lambotik.github.io/Oblache/530//#testresult/56082f14f8e80ec5",
        "status" : "broken",
        "statusDetails" : "selenium.common.exceptions.TimeoutException: Message: Can't find element by locator ('xpath', '//button[@id=\"menu_button_webpages\"]')\nStacktrace:\n#0 0x5596f8ccafba <unknown>\n#1 0x5596f874f6d0 <unknown>\n#2 0x5596f87a12aa <unknown>\n#3 0x5596f87a1541 <unknown>\n#4 0x5596f87ef6c4 <unknown>\n#5 0x5596f87c6e5d <unknown>\n#6 0x5596f87ecb54 <unknown>\n#7 0x5596f87c6c03 <unknown>\n#8 0x5596f87937a8 <unknown>\n#9 0x5596f8794421 <unknown>\n#10 0x5596f8c8fb28 <unknown>\n#11 0x5596f8c9387f <unknown>\n#12 0x5596f8c77c49 <unknown>\n#13 0x5596f8c94405 <unknown>\n#14 0x5596f8c5d4ff <unknown>\n#15 0x5596f8cb8258 <unknown>\n#16 0x5596f8cb8432 <unknown>\n#17 0x5596f8cc9fa3 <unknown>\n#18 0x7f630ee9caa4 <unknown>\n#19 0x7f630ef29c6c <unknown>",
        "time" : {
          "start" : 1760233845105,
          "stop" : 1760233850507,
          "duration" : 5402
        }
      }, {
        "uid" : "9a812e437336001d",
        "reportUrl" : "https://lambotik.github.io/Oblache/529//#testresult/9a812e437336001d",
        "status" : "broken",
        "statusDetails" : "selenium.common.exceptions.TimeoutException: Message: Can't find element by locator ('xpath', '//button[@id=\"menu_button_webpages\"]')\nStacktrace:\n#0 0x564a8663bfba <unknown>\n#1 0x564a860c06d0 <unknown>\n#2 0x564a861122aa <unknown>\n#3 0x564a86112541 <unknown>\n#4 0x564a861606c4 <unknown>\n#5 0x564a86137e5d <unknown>\n#6 0x564a8615db54 <unknown>\n#7 0x564a86137c03 <unknown>\n#8 0x564a861047a8 <unknown>\n#9 0x564a86105421 <unknown>\n#10 0x564a86600b28 <unknown>\n#11 0x564a8660487f <unknown>\n#12 0x564a865e8c49 <unknown>\n#13 0x564a86605405 <unknown>\n#14 0x564a865ce4ff <unknown>\n#15 0x564a86629258 <unknown>\n#16 0x564a86629432 <unknown>\n#17 0x564a8663afa3 <unknown>\n#18 0x7fe234a9caa4 <unknown>\n#19 0x7fe234b29c6c <unknown>",
        "time" : {
          "start" : 1760146958976,
          "stop" : 1760146963982,
          "duration" : 5006
        }
      }, {
        "uid" : "a594f5396da944c2",
        "reportUrl" : "https://lambotik.github.io/Oblache/528//#testresult/a594f5396da944c2",
        "status" : "broken",
        "statusDetails" : "selenium.common.exceptions.TimeoutException: Message: Can't find element by locator ('xpath', '//button[@id=\"menu_button_webpages\"]')\nStacktrace:\n#0 0x5595c6aa8fba <unknown>\n#1 0x5595c652d6d0 <unknown>\n#2 0x5595c657f2aa <unknown>\n#3 0x5595c657f541 <unknown>\n#4 0x5595c65cd6c4 <unknown>\n#5 0x5595c65a4e5d <unknown>\n#6 0x5595c65cab54 <unknown>\n#7 0x5595c65a4c03 <unknown>\n#8 0x5595c65717a8 <unknown>\n#9 0x5595c6572421 <unknown>\n#10 0x5595c6a6db28 <unknown>\n#11 0x5595c6a7187f <unknown>\n#12 0x5595c6a55c49 <unknown>\n#13 0x5595c6a72405 <unknown>\n#14 0x5595c6a3b4ff <unknown>\n#15 0x5595c6a96258 <unknown>\n#16 0x5595c6a96432 <unknown>\n#17 0x5595c6aa7fa3 <unknown>\n#18 0x7faf5c69caa4 <unknown>\n#19 0x7faf5c729c6c <unknown>",
        "time" : {
          "start" : 1760060796541,
          "stop" : 1760060801639,
          "duration" : 5098
        }
      }, {
        "uid" : "8d9f35940385bd5",
        "reportUrl" : "https://lambotik.github.io/Oblache/527//#testresult/8d9f35940385bd5",
        "status" : "broken",
        "statusDetails" : "selenium.common.exceptions.TimeoutException: Message: Can't find element by locator ('xpath', '//button[@id=\"menu_button_webpages\"]')\nStacktrace:\n#0 0x5567209d1fba <unknown>\n#1 0x5567204566d0 <unknown>\n#2 0x5567204a82aa <unknown>\n#3 0x5567204a8541 <unknown>\n#4 0x5567204f66c4 <unknown>\n#5 0x5567204cde5d <unknown>\n#6 0x5567204f3b54 <unknown>\n#7 0x5567204cdc03 <unknown>\n#8 0x55672049a7a8 <unknown>\n#9 0x55672049b421 <unknown>\n#10 0x556720996b28 <unknown>\n#11 0x55672099a87f <unknown>\n#12 0x55672097ec49 <unknown>\n#13 0x55672099b405 <unknown>\n#14 0x5567209644ff <unknown>\n#15 0x5567209bf258 <unknown>\n#16 0x5567209bf432 <unknown>\n#17 0x5567209d0fa3 <unknown>\n#18 0x7f839c49caa4 <unknown>\n#19 0x7f839c529c6c <unknown>",
        "time" : {
          "start" : 1759974335364,
          "stop" : 1759974340461,
          "duration" : 5097
        }
      }, {
        "uid" : "7d7bd2b5b5e5f57c",
        "reportUrl" : "https://lambotik.github.io/Oblache/526//#testresult/7d7bd2b5b5e5f57c",
        "status" : "broken",
        "statusDetails" : "selenium.common.exceptions.TimeoutException: Message: Can't find element by locator ('xpath', '//button[@id=\"menu_button_webpages\"]')\nStacktrace:\n#0 0x561304234fba <unknown>\n#1 0x561303cb96d0 <unknown>\n#2 0x561303d0b2aa <unknown>\n#3 0x561303d0b541 <unknown>\n#4 0x561303d596c4 <unknown>\n#5 0x561303d30e5d <unknown>\n#6 0x561303d56b54 <unknown>\n#7 0x561303d30c03 <unknown>\n#8 0x561303cfd7a8 <unknown>\n#9 0x561303cfe421 <unknown>\n#10 0x5613041f9b28 <unknown>\n#11 0x5613041fd87f <unknown>\n#12 0x5613041e1c49 <unknown>\n#13 0x5613041fe405 <unknown>\n#14 0x5613041c74ff <unknown>\n#15 0x561304222258 <unknown>\n#16 0x561304222432 <unknown>\n#17 0x561304233fa3 <unknown>\n#18 0x7fcc4649caa4 <unknown>\n#19 0x7fcc46529c6c <unknown>",
        "time" : {
          "start" : 1759887900066,
          "stop" : 1759887905163,
          "duration" : 5097
        }
      }, {
        "uid" : "38032800e177deb1",
        "reportUrl" : "https://lambotik.github.io/Oblache/525//#testresult/38032800e177deb1",
        "status" : "broken",
        "statusDetails" : "selenium.common.exceptions.TimeoutException: Message: Can't find element by locator ('xpath', '//button[@id=\"menu_button_webpages\"]')\nStacktrace:\n#0 0x55d6a73a8fba <unknown>\n#1 0x55d6a6e2d6d0 <unknown>\n#2 0x55d6a6e7f2aa <unknown>\n#3 0x55d6a6e7f541 <unknown>\n#4 0x55d6a6ecd6c4 <unknown>\n#5 0x55d6a6ea4e5d <unknown>\n#6 0x55d6a6ecab54 <unknown>\n#7 0x55d6a6ea4c03 <unknown>\n#8 0x55d6a6e717a8 <unknown>\n#9 0x55d6a6e72421 <unknown>\n#10 0x55d6a736db28 <unknown>\n#11 0x55d6a737187f <unknown>\n#12 0x55d6a7355c49 <unknown>\n#13 0x55d6a7372405 <unknown>\n#14 0x55d6a733b4ff <unknown>\n#15 0x55d6a7396258 <unknown>\n#16 0x55d6a7396432 <unknown>\n#17 0x55d6a73a7fa3 <unknown>\n#18 0x7fe98b29caa4 <unknown>\n#19 0x7fe98b329c6c <unknown>",
        "time" : {
          "start" : 1759801473097,
          "stop" : 1759801478193,
          "duration" : 5096
        }
      }, {
        "uid" : "1d51c8ccb542f726",
        "reportUrl" : "https://lambotik.github.io/Oblache/524//#testresult/1d51c8ccb542f726",
        "status" : "broken",
        "statusDetails" : "selenium.common.exceptions.TimeoutException: Message: Can't find element by locator ('xpath', '//button[@id=\"menu_button_webpages\"]')\nStacktrace:\n#0 0x55d2d24c4fba <unknown>\n#1 0x55d2d1f496d0 <unknown>\n#2 0x55d2d1f9b2aa <unknown>\n#3 0x55d2d1f9b541 <unknown>\n#4 0x55d2d1fe96c4 <unknown>\n#5 0x55d2d1fc0e5d <unknown>\n#6 0x55d2d1fe6b54 <unknown>\n#7 0x55d2d1fc0c03 <unknown>\n#8 0x55d2d1f8d7a8 <unknown>\n#9 0x55d2d1f8e421 <unknown>\n#10 0x55d2d2489b28 <unknown>\n#11 0x55d2d248d87f <unknown>\n#12 0x55d2d2471c49 <unknown>\n#13 0x55d2d248e405 <unknown>\n#14 0x55d2d24574ff <unknown>\n#15 0x55d2d24b2258 <unknown>\n#16 0x55d2d24b2432 <unknown>\n#17 0x55d2d24c3fa3 <unknown>\n#18 0x7f066209caa4 <unknown>\n#19 0x7f0662129c6c <unknown>",
        "time" : {
          "start" : 1759715278014,
          "stop" : 1759715283145,
          "duration" : 5131
        }
      }, {
        "uid" : "fbad33d1f25545ee",
        "reportUrl" : "https://lambotik.github.io/Oblache/523//#testresult/fbad33d1f25545ee",
        "status" : "broken",
        "statusDetails" : "selenium.common.exceptions.TimeoutException: Message: Can't find element by locator ('xpath', '//button[@id=\"menu_button_webpages\"]')\nStacktrace:\n#0 0x564dc2c1cfba <unknown>\n#1 0x564dc26a16d0 <unknown>\n#2 0x564dc26f32aa <unknown>\n#3 0x564dc26f3541 <unknown>\n#4 0x564dc27416c4 <unknown>\n#5 0x564dc2718e5d <unknown>\n#6 0x564dc273eb54 <unknown>\n#7 0x564dc2718c03 <unknown>\n#8 0x564dc26e57a8 <unknown>\n#9 0x564dc26e6421 <unknown>\n#10 0x564dc2be1b28 <unknown>\n#11 0x564dc2be587f <unknown>\n#12 0x564dc2bc9c49 <unknown>\n#13 0x564dc2be6405 <unknown>\n#14 0x564dc2baf4ff <unknown>\n#15 0x564dc2c0a258 <unknown>\n#16 0x564dc2c0a432 <unknown>\n#17 0x564dc2c1bfa3 <unknown>\n#18 0x7fb92129caa4 <unknown>\n#19 0x7fb921329c6c <unknown>",
        "time" : {
          "start" : 1759629276882,
          "stop" : 1759629282204,
          "duration" : 5322
        }
      }, {
        "uid" : "4950e3f77714bfb2",
        "reportUrl" : "https://lambotik.github.io/Oblache/522//#testresult/4950e3f77714bfb2",
        "status" : "broken",
        "statusDetails" : "selenium.common.exceptions.TimeoutException: Message: Can't find element by locator ('xpath', '//button[@id=\"menu_button_webpages\"]')\nStacktrace:\n#0 0x55f22a34ccba <unknown>\n#1 0x55f229dc18e0 <unknown>\n#2 0x55f229e13580 <unknown>\n#3 0x55f229e13771 <unknown>\n#4 0x55f229e61864 <unknown>\n#5 0x55f229e3909d <unknown>\n#6 0x55f229e5ec63 <unknown>\n#7 0x55f229e38e43 <unknown>\n#8 0x55f229e059a8 <unknown>\n#9 0x55f229e06621 <unknown>\n#10 0x55f22a3108b8 <unknown>\n#11 0x55f22a3145e2 <unknown>\n#12 0x55f22a2f7683 <unknown>\n#13 0x55f22a315135 <unknown>\n#14 0x55f22a2dc80f <unknown>\n#15 0x55f22a3394c8 <unknown>\n#16 0x55f22a3396a2 <unknown>\n#17 0x55f22a34bdc3 <unknown>\n#18 0x7fdedbc9caa4 <unknown>\n#19 0x7fdedbd29c6c <unknown>",
        "time" : {
          "start" : 1759542101061,
          "stop" : 1759542106231,
          "duration" : 5170
        }
      }, {
        "uid" : "b9c29704b3080647",
        "reportUrl" : "https://lambotik.github.io/Oblache/521//#testresult/b9c29704b3080647",
        "status" : "broken",
        "statusDetails" : "selenium.common.exceptions.TimeoutException: Message: Can't find element by locator ('xpath', '//button[@id=\"menu_button_webpages\"]')\nStacktrace:\n#0 0x5596ddca2cba <unknown>\n#1 0x5596dd7178e0 <unknown>\n#2 0x5596dd769580 <unknown>\n#3 0x5596dd769771 <unknown>\n#4 0x5596dd7b7864 <unknown>\n#5 0x5596dd78f09d <unknown>\n#6 0x5596dd7b4c63 <unknown>\n#7 0x5596dd78ee43 <unknown>\n#8 0x5596dd75b9a8 <unknown>\n#9 0x5596dd75c621 <unknown>\n#10 0x5596ddc668b8 <unknown>\n#11 0x5596ddc6a5e2 <unknown>\n#12 0x5596ddc4d683 <unknown>\n#13 0x5596ddc6b135 <unknown>\n#14 0x5596ddc3280f <unknown>\n#15 0x5596ddc8f4c8 <unknown>\n#16 0x5596ddc8f6a2 <unknown>\n#17 0x5596ddca1dc3 <unknown>\n#18 0x7f23dc69caa4 <unknown>\n#19 0x7f23dc729c6c <unknown>",
        "time" : {
          "start" : 1759455898754,
          "stop" : 1759455904253,
          "duration" : 5499
        }
      }, {
        "uid" : "a0a798622f865d44",
        "reportUrl" : "https://lambotik.github.io/Oblache/520//#testresult/a0a798622f865d44",
        "status" : "broken",
        "statusDetails" : "selenium.common.exceptions.TimeoutException: Message: Can't find element by locator ('xpath', '//button[@id=\"menu_button_webpages\"]')\nStacktrace:\n#0 0x55be0eb55cba <unknown>\n#1 0x55be0e5ca8e0 <unknown>\n#2 0x55be0e61c580 <unknown>\n#3 0x55be0e61c771 <unknown>\n#4 0x55be0e66a864 <unknown>\n#5 0x55be0e64209d <unknown>\n#6 0x55be0e667c63 <unknown>\n#7 0x55be0e641e43 <unknown>\n#8 0x55be0e60e9a8 <unknown>\n#9 0x55be0e60f621 <unknown>\n#10 0x55be0eb198b8 <unknown>\n#11 0x55be0eb1d5e2 <unknown>\n#12 0x55be0eb00683 <unknown>\n#13 0x55be0eb1e135 <unknown>\n#14 0x55be0eae580f <unknown>\n#15 0x55be0eb424c8 <unknown>\n#16 0x55be0eb426a2 <unknown>\n#17 0x55be0eb54dc3 <unknown>\n#18 0x7f8dfb89caa4 <unknown>\n#19 0x7f8dfb929c6c <unknown>",
        "time" : {
          "start" : 1759369476673,
          "stop" : 1759369481686,
          "duration" : 5013
        }
      }, {
        "uid" : "6d92c344582fc4f2",
        "reportUrl" : "https://lambotik.github.io/Oblache/519//#testresult/6d92c344582fc4f2",
        "status" : "broken",
        "statusDetails" : "selenium.common.exceptions.TimeoutException: Message: Can't find element by locator ('xpath', '//button[@id=\"menu_button_webpages\"]')\nStacktrace:\n#0 0x555c1d11acba <unknown>\n#1 0x555c1cb8f8e0 <unknown>\n#2 0x555c1cbe1580 <unknown>\n#3 0x555c1cbe1771 <unknown>\n#4 0x555c1cc2f864 <unknown>\n#5 0x555c1cc0709d <unknown>\n#6 0x555c1cc2cc63 <unknown>\n#7 0x555c1cc06e43 <unknown>\n#8 0x555c1cbd39a8 <unknown>\n#9 0x555c1cbd4621 <unknown>\n#10 0x555c1d0de8b8 <unknown>\n#11 0x555c1d0e25e2 <unknown>\n#12 0x555c1d0c5683 <unknown>\n#13 0x555c1d0e3135 <unknown>\n#14 0x555c1d0aa80f <unknown>\n#15 0x555c1d1074c8 <unknown>\n#16 0x555c1d1076a2 <unknown>\n#17 0x555c1d119dc3 <unknown>\n#18 0x7fe9bc89caa4 <unknown>\n#19 0x7fe9bc929c6c <unknown>",
        "time" : {
          "start" : 1759283801848,
          "stop" : 1759283807227,
          "duration" : 5379
        }
      }, {
        "uid" : "1c7f77b2fe483dfa",
        "reportUrl" : "https://lambotik.github.io/Oblache/518//#testresult/1c7f77b2fe483dfa",
        "status" : "broken",
        "statusDetails" : "selenium.common.exceptions.TimeoutException: Message: Can't find element by locator ('xpath', '//button[@id=\"menu_button_webpages\"]')\nStacktrace:\n#0 0x55d9da965cba <unknown>\n#1 0x55d9da3da8e0 <unknown>\n#2 0x55d9da42c580 <unknown>\n#3 0x55d9da42c771 <unknown>\n#4 0x55d9da47a864 <unknown>\n#5 0x55d9da45209d <unknown>\n#6 0x55d9da477c63 <unknown>\n#7 0x55d9da451e43 <unknown>\n#8 0x55d9da41e9a8 <unknown>\n#9 0x55d9da41f621 <unknown>\n#10 0x55d9da9298b8 <unknown>\n#11 0x55d9da92d5e2 <unknown>\n#12 0x55d9da910683 <unknown>\n#13 0x55d9da92e135 <unknown>\n#14 0x55d9da8f580f <unknown>\n#15 0x55d9da9524c8 <unknown>\n#16 0x55d9da9526a2 <unknown>\n#17 0x55d9da964dc3 <unknown>\n#18 0x7fc9da49caa4 <unknown>\n#19 0x7fc9da529c6c <unknown>",
        "time" : {
          "start" : 1759196676438,
          "stop" : 1759196681942,
          "duration" : 5504
        }
      }, {
        "uid" : "17999ad0479b1a1d",
        "reportUrl" : "https://lambotik.github.io/Oblache/517//#testresult/17999ad0479b1a1d",
        "status" : "broken",
        "statusDetails" : "selenium.common.exceptions.TimeoutException: Message: Can't find element by locator ('xpath', '//button[@id=\"menu_button_webpages\"]')\nStacktrace:\n#0 0x561c2cd82cba <unknown>\n#1 0x561c2c7f78e0 <unknown>\n#2 0x561c2c849580 <unknown>\n#3 0x561c2c849771 <unknown>\n#4 0x561c2c897864 <unknown>\n#5 0x561c2c86f09d <unknown>\n#6 0x561c2c894c63 <unknown>\n#7 0x561c2c86ee43 <unknown>\n#8 0x561c2c83b9a8 <unknown>\n#9 0x561c2c83c621 <unknown>\n#10 0x561c2cd468b8 <unknown>\n#11 0x561c2cd4a5e2 <unknown>\n#12 0x561c2cd2d683 <unknown>\n#13 0x561c2cd4b135 <unknown>\n#14 0x561c2cd1280f <unknown>\n#15 0x561c2cd6f4c8 <unknown>\n#16 0x561c2cd6f6a2 <unknown>\n#17 0x561c2cd81dc3 <unknown>\n#18 0x7f31c529caa4 <unknown>\n#19 0x7f31c5329c6c <unknown>",
        "time" : {
          "start" : 1759110560727,
          "stop" : 1759110565780,
          "duration" : 5053
        }
      }, {
        "uid" : "7af8cab3bb3ed319",
        "reportUrl" : "https://lambotik.github.io/Oblache/516//#testresult/7af8cab3bb3ed319",
        "status" : "broken",
        "statusDetails" : "selenium.common.exceptions.TimeoutException: Message: Can't find element by locator ('xpath', '//button[@id=\"menu_button_webpages\"]')\nStacktrace:\n#0 0x56119a9b2cba <unknown>\n#1 0x56119a4278e0 <unknown>\n#2 0x56119a479580 <unknown>\n#3 0x56119a479771 <unknown>\n#4 0x56119a4c7864 <unknown>\n#5 0x56119a49f09d <unknown>\n#6 0x56119a4c4c63 <unknown>\n#7 0x56119a49ee43 <unknown>\n#8 0x56119a46b9a8 <unknown>\n#9 0x56119a46c621 <unknown>\n#10 0x56119a9768b8 <unknown>\n#11 0x56119a97a5e2 <unknown>\n#12 0x56119a95d683 <unknown>\n#13 0x56119a97b135 <unknown>\n#14 0x56119a94280f <unknown>\n#15 0x56119a99f4c8 <unknown>\n#16 0x56119a99f6a2 <unknown>\n#17 0x56119a9b1dc3 <unknown>\n#18 0x7f4327a9caa4 <unknown>\n#19 0x7f4327b29c6c <unknown>",
        "time" : {
          "start" : 1759024539106,
          "stop" : 1759024544302,
          "duration" : 5196
        }
      }, {
        "uid" : "a83320c915bde2e9",
        "reportUrl" : "https://lambotik.github.io/Oblache/515//#testresult/a83320c915bde2e9",
        "status" : "broken",
        "statusDetails" : "selenium.common.exceptions.TimeoutException: Message: Can't find element by locator ('xpath', '//button[@id=\"menu_button_webpages\"]')\nStacktrace:\n#0 0x5627d1cfbcba <unknown>\n#1 0x5627d17708e0 <unknown>\n#2 0x5627d17c2580 <unknown>\n#3 0x5627d17c2771 <unknown>\n#4 0x5627d1810864 <unknown>\n#5 0x5627d17e809d <unknown>\n#6 0x5627d180dc63 <unknown>\n#7 0x5627d17e7e43 <unknown>\n#8 0x5627d17b49a8 <unknown>\n#9 0x5627d17b5621 <unknown>\n#10 0x5627d1cbf8b8 <unknown>\n#11 0x5627d1cc35e2 <unknown>\n#12 0x5627d1ca6683 <unknown>\n#13 0x5627d1cc4135 <unknown>\n#14 0x5627d1c8b80f <unknown>\n#15 0x5627d1ce84c8 <unknown>\n#16 0x5627d1ce86a2 <unknown>\n#17 0x5627d1cfadc3 <unknown>\n#18 0x7f1ce689caa4 <unknown>\n#19 0x7f1ce6929c6c <unknown>",
        "time" : {
          "start" : 1758937377706,
          "stop" : 1758937382936,
          "duration" : 5230
        }
      } ]
    },
    "tags" : [ ]
  },
  "source" : "2596f05a26330587.json",
  "parameterValues" : [ ]
}