{"uid":"ad7d22cb08f135e8","name":"test order db create backup","fullName":"tests_api.test_bd.TestBackup#test_order_db_create_backup","historyId":"bbc51bc9e59c2f7de52280f53d30e264","time":{"start":1762342481871,"stop":1762342482198,"duration":327},"status":"failed","statusMessage":"AssertionError: Incorrect status code: 400","statusTrace":"self = <tests_api.test_bd.TestBackup object at 0x7fe639cb0f50>\nget_token_backup_2 = ('0c1fbe0f-7c50-4d59-8d7c-7567bcdd3d14', {'email': 'testbackup2@gmail.com', 'password': 'gwqldBUEoNGUiBrKFeVv'}, '066dc8d1-2d0a-753b-8000-ba69b49e1e8c')\n\n    @allure.title('test order db create backup')\n    def test_order_db_create_backup(self, get_token_backup_2):\n        token, body, uuid = get_token_backup_2\n        response = API.post_db_backup_create(token=token, db_uuid=uuid)\n>       Checking.check_status_code(response, 200)\n\ntests_api/test_bd.py:443: \n_ _ _ _ _ _ _ _ _ _ _ _ _ _ _ _ _ _ _ _ _ _ _ _ _ _ _ _ _ _ _ _ _ _ _ _ _ _ _ _ \n\nresult = <Response [400]>, status_code = 200\n\n    @staticmethod\n    def check_status_code(result: requests.models.Response, status_code: int):\n        \"\"\"\n        Method check status code\n        :param result: Response\n        :param status_code:\n        \"\"\"\n        with allure.step(f'Assert status code: {status_code} == Response status code: {result.status_code}'):\n>           assert status_code == result.status_code, f'Incorrect status code: {result.status_code}'\nE           AssertionError: Incorrect status code: 400\n\ntests_api/utils/checking.py:16: AssertionError","flaky":false,"newFailed":false,"newBroken":false,"newPassed":false,"retriesCount":0,"retriesStatusChange":false,"beforeStages":[{"name":"get_token_backup_2","time":{"start":1762342481548,"stop":1762342481871,"duration":323},"status":"passed","steps":[{"name":"Assert status code: 200 == Response status code: 200","time":{"start":1762342481871,"stop":1762342481871,"duration":0},"status":"passed","steps":[],"attachments":[],"parameters":[],"stepsCount":0,"shouldDisplayMessage":false,"attachmentsCount":0,"hasContent":false,"attachmentStep":false}],"attachments":[],"parameters":[],"stepsCount":1,"shouldDisplayMessage":false,"attachmentsCount":0,"hasContent":true,"attachmentStep":false}],"testStage":{"status":"failed","statusMessage":"AssertionError: Incorrect status code: 400","statusTrace":"self = <tests_api.test_bd.TestBackup object at 0x7fe639cb0f50>\nget_token_backup_2 = ('0c1fbe0f-7c50-4d59-8d7c-7567bcdd3d14', {'email': 'testbackup2@gmail.com', 'password': 'gwqldBUEoNGUiBrKFeVv'}, '066dc8d1-2d0a-753b-8000-ba69b49e1e8c')\n\n    @allure.title('test order db create backup')\n    def test_order_db_create_backup(self, get_token_backup_2):\n        token, body, uuid = get_token_backup_2\n        response = API.post_db_backup_create(token=token, db_uuid=uuid)\n>       Checking.check_status_code(response, 200)\n\ntests_api/test_bd.py:443: \n_ _ _ _ _ _ _ _ _ _ _ _ _ _ _ _ _ _ _ _ _ _ _ _ _ _ _ _ _ _ _ _ _ _ _ _ _ _ _ _ \n\nresult = <Response [400]>, status_code = 200\n\n    @staticmethod\n    def check_status_code(result: requests.models.Response, status_code: int):\n        \"\"\"\n        Method check status code\n        :param result: Response\n        :param status_code:\n        \"\"\"\n        with allure.step(f'Assert status code: {status_code} == Response status code: {result.status_code}'):\n>           assert status_code == result.status_code, f'Incorrect status code: {result.status_code}'\nE           AssertionError: Incorrect status code: 400\n\ntests_api/utils/checking.py:16: AssertionError","steps":[{"name":"Endpoint: /db_backup_create","time":{"start":1762342482197,"stop":1762342482197,"duration":0},"status":"passed","steps":[],"attachments":[],"parameters":[],"stepsCount":0,"shouldDisplayMessage":false,"attachmentsCount":0,"hasContent":false,"attachmentStep":false},{"name":"Request:","time":{"start":1762342482197,"stop":1762342482197,"duration":0},"status":"passed","steps":[{"name":"Headers: {'Content-Type': 'application/json', 'Authorization': {'0c1fbe0f-7c50-4d59-8d7c-7567bcdd3d14'}}","time":{"start":1762342482197,"stop":1762342482197,"duration":0},"status":"passed","steps":[],"attachments":[],"parameters":[],"stepsCount":0,"shouldDisplayMessage":false,"attachmentsCount":0,"hasContent":false,"attachmentStep":false}],"attachments":[],"parameters":[],"stepsCount":1,"shouldDisplayMessage":false,"attachmentsCount":0,"hasContent":true,"attachmentStep":false},{"name":"Response:","time":{"start":1762342482197,"stop":1762342482197,"duration":0},"status":"passed","steps":[{"name":"Status code: 400","time":{"start":1762342482197,"stop":1762342482197,"duration":0},"status":"passed","steps":[],"attachments":[],"parameters":[],"stepsCount":0,"shouldDisplayMessage":false,"attachmentsCount":0,"hasContent":false,"attachmentStep":false},{"name":"JSON: {\n    \"content\": \"db either not exist, not in good shape, or does not belong to the user\"\n}\n","time":{"start":1762342482197,"stop":1762342482197,"duration":0},"status":"passed","steps":[],"attachments":[],"parameters":[],"stepsCount":0,"shouldDisplayMessage":false,"attachmentsCount":0,"hasContent":false,"attachmentStep":false}],"attachments":[],"parameters":[],"stepsCount":2,"shouldDisplayMessage":false,"attachmentsCount":0,"hasContent":true,"attachmentStep":false},{"name":"Assert status code: 200 == Response status code: 400","time":{"start":1762342482197,"stop":1762342482197,"duration":0},"status":"failed","statusMessage":"AssertionError: Incorrect status code: 400\n","statusTrace":"  File \"/home/runner/work/Oblache/Oblache/tests_api/utils/checking.py\", line 16, in check_status_code\n    assert status_code == result.status_code, f'Incorrect status code: {result.status_code}'\n           ^^^^^^^^^^^^^^^^^^^^^^^^^^^^^^^^^\n","steps":[],"attachments":[],"parameters":[],"stepsCount":0,"shouldDisplayMessage":true,"attachmentsCount":0,"hasContent":true,"attachmentStep":false}],"attachments":[],"parameters":[],"stepsCount":7,"shouldDisplayMessage":true,"attachmentsCount":0,"hasContent":true,"attachmentStep":false},"afterStages":[],"labels":[{"name":"suite","value":"Test Backup"},{"name":"parentSuite","value":"tests_api"},{"name":"subSuite","value":"TestBackup"},{"name":"host","value":"runnervmf2e7y"},{"name":"thread","value":"2599-MainThread"},{"name":"framework","value":"pytest"},{"name":"language","value":"cpython3"},{"name":"package","value":"tests_api.test_bd"},{"name":"resultFormat","value":"allure2"}],"parameters":[],"links":[],"hidden":false,"retry":false,"extra":{"severity":"normal","retries":[],"categories":[{"name":"Product defects","matchedStatuses":[],"flaky":false}],"tags":[]},"source":"ad7d22cb08f135e8.json","parameterValues":[]}