{
  "uid" : "76828810fe81c7a8",
  "name" : "POST create_docker_container_without_token",
  "fullName" : "tests_api.test_bd.TestPOST#test_post_create_docker_with_defunct_image",
  "historyId" : "346493b9ad20460bc067ba466e60ac88",
  "time" : {
    "start" : 1749258714269,
    "stop" : 1749258714578,
    "duration" : 309
  },
  "status" : "failed",
  "statusMessage" : "AssertionError: Result is not equal expected value",
  "statusTrace" : "self = <tests_api.test_bd.TestPOST object at 0x7fab654a0bf0>\n\n    @allure.title('POST create_docker_container_without_token')\n    def test_post_create_docker_with_defunct_image(self):\n        result = API.post_create_docker_container_with_defunct_image(token=TestPOST.token)\n        Checking.check_status_code(result, 400)\n>       Checking.check_json_value(result, 'msg', \"msg[]: the image doesn't found in the DockerHub\")\n\ntests_api/test_bd.py:411: \n_ _ _ _ _ _ _ _ _ _ _ _ _ _ _ _ _ _ _ _ _ _ _ _ _ _ _ _ _ _ _ _ _ _ _ _ _ _ _ _ \n\nresponse = <Response [400]>, field_name = 'msg'\nexpected_value = \"msg[]: the image doesn't found in the DockerHub\"\n\n    @staticmethod\n    def check_json_value(response: requests.models.Response, field_name: str, expected_value):\n        \"\"\"\n        :param response: requests.models.Response\n        :param field_name:\n        :param expected_value:\n        \"\"\"\n        check = response.json()\n        check_info = check.get(field_name)\n        with allure.step(\n                f'Compare result request with expected value:'\n                f'\\nResponse: {response}\\nField name: {field_name}\\nValue: {expected_value}'):\n>           assert check_info == expected_value, 'Result is not equal expected value'\nE           AssertionError: Result is not equal expected value\n\ntests_api/utils/checking.py:57: AssertionError",
  "flaky" : false,
  "newFailed" : false,
  "beforeStages" : [ ],
  "testStage" : {
    "status" : "failed",
    "statusMessage" : "AssertionError: Result is not equal expected value",
    "statusTrace" : "self = <tests_api.test_bd.TestPOST object at 0x7fab654a0bf0>\n\n    @allure.title('POST create_docker_container_without_token')\n    def test_post_create_docker_with_defunct_image(self):\n        result = API.post_create_docker_container_with_defunct_image(token=TestPOST.token)\n        Checking.check_status_code(result, 400)\n>       Checking.check_json_value(result, 'msg', \"msg[]: the image doesn't found in the DockerHub\")\n\ntests_api/test_bd.py:411: \n_ _ _ _ _ _ _ _ _ _ _ _ _ _ _ _ _ _ _ _ _ _ _ _ _ _ _ _ _ _ _ _ _ _ _ _ _ _ _ _ \n\nresponse = <Response [400]>, field_name = 'msg'\nexpected_value = \"msg[]: the image doesn't found in the DockerHub\"\n\n    @staticmethod\n    def check_json_value(response: requests.models.Response, field_name: str, expected_value):\n        \"\"\"\n        :param response: requests.models.Response\n        :param field_name:\n        :param expected_value:\n        \"\"\"\n        check = response.json()\n        check_info = check.get(field_name)\n        with allure.step(\n                f'Compare result request with expected value:'\n                f'\\nResponse: {response}\\nField name: {field_name}\\nValue: {expected_value}'):\n>           assert check_info == expected_value, 'Result is not equal expected value'\nE           AssertionError: Result is not equal expected value\n\ntests_api/utils/checking.py:57: AssertionError",
    "steps" : [ {
      "name" : "post_create_docker_container_with_defunct_image",
      "time" : {
        "start" : 1749258714269,
        "stop" : 1749258714578,
        "duration" : 309
      },
      "status" : "passed",
      "steps" : [ {
        "name" : "Endpoint: /container_create",
        "time" : {
          "start" : 1749258714578,
          "stop" : 1749258714578,
          "duration" : 0
        },
        "status" : "passed",
        "steps" : [ ],
        "attachments" : [ ],
        "parameters" : [ ],
        "stepsCount" : 0,
        "attachmentsCount" : 0,
        "shouldDisplayMessage" : false,
        "hasContent" : false
      }, {
        "name" : "Request:",
        "time" : {
          "start" : 1749258714578,
          "stop" : 1749258714578,
          "duration" : 0
        },
        "status" : "passed",
        "steps" : [ {
          "name" : "Headers: {'Content-Type': 'application/json', 'Authorization': {'82cceecd-3dda-4fda-abb1-ef9fbf413fe1'}}",
          "time" : {
            "start" : 1749258714578,
            "stop" : 1749258714578,
            "duration" : 0
          },
          "status" : "passed",
          "steps" : [ ],
          "attachments" : [ ],
          "parameters" : [ ],
          "stepsCount" : 0,
          "attachmentsCount" : 0,
          "shouldDisplayMessage" : false,
          "hasContent" : false
        }, {
          "name" : "Body: {\"docker_image\": \"\", \"int_ports\": \"80\", \"env\": 3, \"region\": 3}",
          "time" : {
            "start" : 1749258714578,
            "stop" : 1749258714578,
            "duration" : 0
          },
          "status" : "passed",
          "steps" : [ ],
          "attachments" : [ ],
          "parameters" : [ ],
          "stepsCount" : 0,
          "attachmentsCount" : 0,
          "shouldDisplayMessage" : false,
          "hasContent" : false
        } ],
        "attachments" : [ ],
        "parameters" : [ ],
        "stepsCount" : 2,
        "attachmentsCount" : 0,
        "shouldDisplayMessage" : false,
        "hasContent" : true
      }, {
        "name" : "Response:",
        "time" : {
          "start" : 1749258714578,
          "stop" : 1749258714578,
          "duration" : 0
        },
        "status" : "passed",
        "steps" : [ {
          "name" : "Status code: 400",
          "time" : {
            "start" : 1749258714578,
            "stop" : 1749258714578,
            "duration" : 0
          },
          "status" : "passed",
          "steps" : [ ],
          "attachments" : [ ],
          "parameters" : [ ],
          "stepsCount" : 0,
          "attachmentsCount" : 0,
          "shouldDisplayMessage" : false,
          "hasContent" : false
        }, {
          "name" : "JSON: {\n    \"msg_code\": -1,\n    \"msg\": \"endpoint is disabled\"\n}\n",
          "time" : {
            "start" : 1749258714578,
            "stop" : 1749258714578,
            "duration" : 0
          },
          "status" : "passed",
          "steps" : [ ],
          "attachments" : [ ],
          "parameters" : [ ],
          "stepsCount" : 0,
          "attachmentsCount" : 0,
          "shouldDisplayMessage" : false,
          "hasContent" : false
        } ],
        "attachments" : [ ],
        "parameters" : [ ],
        "stepsCount" : 2,
        "attachmentsCount" : 0,
        "shouldDisplayMessage" : false,
        "hasContent" : true
      } ],
      "attachments" : [ ],
      "parameters" : [ ],
      "stepsCount" : 7,
      "attachmentsCount" : 0,
      "shouldDisplayMessage" : false,
      "hasContent" : true
    }, {
      "name" : "Assert status code: 400 == Response status code: 400",
      "time" : {
        "start" : 1749258714578,
        "stop" : 1749258714578,
        "duration" : 0
      },
      "status" : "passed",
      "steps" : [ ],
      "attachments" : [ ],
      "parameters" : [ ],
      "stepsCount" : 0,
      "attachmentsCount" : 0,
      "shouldDisplayMessage" : false,
      "hasContent" : false
    }, {
      "name" : "Compare result request with expected value:\nResponse: <Response [400]>\nField name: msg\nValue: msg[]: the image doesn't found in the DockerHub",
      "time" : {
        "start" : 1749258714578,
        "stop" : 1749258714578,
        "duration" : 0
      },
      "status" : "failed",
      "statusMessage" : "AssertionError: Result is not equal expected value\n",
      "statusTrace" : "  File \"/home/runner/work/Oblache/Oblache/tests_api/utils/checking.py\", line 57, in check_json_value\n    assert check_info == expected_value, 'Result is not equal expected value'\n           ^^^^^^^^^^^^^^^^^^^^^^^^^^^^\n",
      "steps" : [ ],
      "attachments" : [ ],
      "parameters" : [ ],
      "stepsCount" : 0,
      "attachmentsCount" : 0,
      "shouldDisplayMessage" : true,
      "hasContent" : true
    } ],
    "attachments" : [ ],
    "parameters" : [ ],
    "stepsCount" : 10,
    "attachmentsCount" : 0,
    "shouldDisplayMessage" : true,
    "hasContent" : true
  },
  "afterStages" : [ ],
  "labels" : [ {
    "name" : "suite",
    "value" : "POST"
  }, {
    "name" : "parentSuite",
    "value" : "tests_api"
  }, {
    "name" : "subSuite",
    "value" : "TestPOST"
  }, {
    "name" : "host",
    "value" : "pkrvmf6wy0o8zjz"
  }, {
    "name" : "thread",
    "value" : "2667-MainThread"
  }, {
    "name" : "framework",
    "value" : "pytest"
  }, {
    "name" : "language",
    "value" : "cpython3"
  }, {
    "name" : "package",
    "value" : "tests_api.test_bd"
  }, {
    "name" : "resultFormat",
    "value" : "allure2"
  } ],
  "parameters" : [ ],
  "links" : [ ],
  "hidden" : false,
  "retry" : false,
  "extra" : {
    "severity" : "normal",
    "retries" : [ ],
    "categories" : [ {
      "name" : "Product defects",
      "matchedStatuses" : [ ],
      "flaky" : false
    } ],
    "history" : {
      "statistic" : {
        "failed" : 175,
        "broken" : 0,
        "skipped" : 0,
        "passed" : 36,
        "unknown" : 0,
        "total" : 211
      },
      "items" : [ {
        "uid" : "c527ba4e42cceabc",
        "reportUrl" : "https://lambotik.github.io/Oblache/425//#testresult/c527ba4e42cceabc",
        "status" : "failed",
        "statusDetails" : "AssertionError: Result is not equal expected value",
        "time" : {
          "start" : 1749172357951,
          "stop" : 1749172358313,
          "duration" : 362
        }
      }, {
        "uid" : "e2ac93a587fdf5f",
        "reportUrl" : "https://lambotik.github.io/Oblache/424//#testresult/e2ac93a587fdf5f",
        "status" : "failed",
        "statusDetails" : "AssertionError: Result is not equal expected value",
        "time" : {
          "start" : 1749085949312,
          "stop" : 1749085949619,
          "duration" : 307
        }
      }, {
        "uid" : "8651bac3802432f",
        "reportUrl" : "https://lambotik.github.io/Oblache/423//#testresult/8651bac3802432f",
        "status" : "failed",
        "statusDetails" : "AssertionError: Result is not equal expected value",
        "time" : {
          "start" : 1748999595928,
          "stop" : 1748999596244,
          "duration" : 316
        }
      }, {
        "uid" : "d4fa757df3113f26",
        "reportUrl" : "https://lambotik.github.io/Oblache/422//#testresult/d4fa757df3113f26",
        "status" : "failed",
        "statusDetails" : "AssertionError: Result is not equal expected value",
        "time" : {
          "start" : 1748913235022,
          "stop" : 1748913235436,
          "duration" : 414
        }
      }, {
        "uid" : "8016ce79d6746f20",
        "reportUrl" : "https://lambotik.github.io/Oblache/421//#testresult/8016ce79d6746f20",
        "status" : "failed",
        "statusDetails" : "AssertionError: Result is not equal expected value",
        "time" : {
          "start" : 1748826915213,
          "stop" : 1748826915518,
          "duration" : 305
        }
      }, {
        "uid" : "44bc4adbc74e71c2",
        "reportUrl" : "https://lambotik.github.io/Oblache/420//#testresult/44bc4adbc74e71c2",
        "status" : "failed",
        "statusDetails" : "AssertionError: Incorrect status code: 504",
        "time" : {
          "start" : 1748744243807,
          "stop" : 1748744304253,
          "duration" : 60446
        }
      }, {
        "uid" : "30a5e494757d92f0",
        "reportUrl" : "https://lambotik.github.io/Oblache/419//#testresult/30a5e494757d92f0",
        "status" : "failed",
        "statusDetails" : "AssertionError: Incorrect status code: 504",
        "time" : {
          "start" : 1748656953720,
          "stop" : 1748657014068,
          "duration" : 60348
        }
      }, {
        "uid" : "89932ceef6f8adf1",
        "reportUrl" : "https://lambotik.github.io/Oblache/418//#testresult/89932ceef6f8adf1",
        "status" : "failed",
        "statusDetails" : "AssertionError: Incorrect status code: 504",
        "time" : {
          "start" : 1748570543939,
          "stop" : 1748570604271,
          "duration" : 60332
        }
      }, {
        "uid" : "f7a638b9b73531d9",
        "reportUrl" : "https://lambotik.github.io/Oblache/417//#testresult/f7a638b9b73531d9",
        "status" : "failed",
        "statusDetails" : "AssertionError: Result is not equal expected value",
        "time" : {
          "start" : 1748481143733,
          "stop" : 1748481144111,
          "duration" : 378
        }
      }, {
        "uid" : "9ceeffb9db998e4f",
        "reportUrl" : "https://lambotik.github.io/Oblache/416//#testresult/9ceeffb9db998e4f",
        "status" : "failed",
        "statusDetails" : "AssertionError: Result is not equal expected value",
        "time" : {
          "start" : 1748394751334,
          "stop" : 1748394751827,
          "duration" : 493
        }
      }, {
        "uid" : "bea602ac2591dff9",
        "reportUrl" : "https://lambotik.github.io/Oblache/415//#testresult/bea602ac2591dff9",
        "status" : "failed",
        "statusDetails" : "AssertionError: Result is not equal expected value",
        "time" : {
          "start" : 1748308261531,
          "stop" : 1748308261839,
          "duration" : 308
        }
      }, {
        "uid" : "bfade89b324f2af2",
        "reportUrl" : "https://lambotik.github.io/Oblache/414//#testresult/bfade89b324f2af2",
        "status" : "failed",
        "statusDetails" : "AssertionError: Result is not equal expected value",
        "time" : {
          "start" : 1748222014108,
          "stop" : 1748222014496,
          "duration" : 388
        }
      }, {
        "uid" : "f7f523d45cf47204",
        "reportUrl" : "https://lambotik.github.io/Oblache/413//#testresult/f7f523d45cf47204",
        "status" : "failed",
        "statusDetails" : "AssertionError: Result is not equal expected value",
        "time" : {
          "start" : 1748135893174,
          "stop" : 1748135893527,
          "duration" : 353
        }
      }, {
        "uid" : "a55bff168469adda",
        "reportUrl" : "https://lambotik.github.io/Oblache/412//#testresult/a55bff168469adda",
        "status" : "failed",
        "statusDetails" : "AssertionError: Result is not equal expected value",
        "time" : {
          "start" : 1748048950229,
          "stop" : 1748048950756,
          "duration" : 527
        }
      }, {
        "uid" : "bcfbd94e71ba60d1",
        "reportUrl" : "https://lambotik.github.io/Oblache/411//#testresult/bcfbd94e71ba60d1",
        "status" : "failed",
        "statusDetails" : "AssertionError: Result is not equal expected value",
        "time" : {
          "start" : 1747962691319,
          "stop" : 1747962691681,
          "duration" : 362
        }
      }, {
        "uid" : "c0afcf1626948659",
        "reportUrl" : "https://lambotik.github.io/Oblache/410//#testresult/c0afcf1626948659",
        "status" : "failed",
        "statusDetails" : "AssertionError: Result is not equal expected value",
        "time" : {
          "start" : 1747876299373,
          "stop" : 1747876299727,
          "duration" : 354
        }
      }, {
        "uid" : "a4af40324251bb72",
        "reportUrl" : "https://lambotik.github.io/Oblache/409//#testresult/a4af40324251bb72",
        "status" : "failed",
        "statusDetails" : "AssertionError: Result is not equal expected value",
        "time" : {
          "start" : 1747789936717,
          "stop" : 1747789937076,
          "duration" : 359
        }
      }, {
        "uid" : "7e5be3dfffe03df5",
        "reportUrl" : "https://lambotik.github.io/Oblache/408//#testresult/7e5be3dfffe03df5",
        "status" : "failed",
        "statusDetails" : "AssertionError: Result is not equal expected value",
        "time" : {
          "start" : 1747703566983,
          "stop" : 1747703567298,
          "duration" : 315
        }
      }, {
        "uid" : "f6dcf45188e442a0",
        "reportUrl" : "https://lambotik.github.io/Oblache/407//#testresult/f6dcf45188e442a0",
        "status" : "failed",
        "statusDetails" : "AssertionError: Result is not equal expected value",
        "time" : {
          "start" : 1747617281197,
          "stop" : 1747617281508,
          "duration" : 311
        }
      }, {
        "uid" : "21684dfbe8227c67",
        "reportUrl" : "https://lambotik.github.io/Oblache/406//#testresult/21684dfbe8227c67",
        "status" : "failed",
        "statusDetails" : "AssertionError: Result is not equal expected value",
        "time" : {
          "start" : 1747530977356,
          "stop" : 1747530977712,
          "duration" : 356
        }
      } ]
    },
    "tags" : [ ]
  },
  "source" : "76828810fe81c7a8.json",
  "parameterValues" : [ ]
}