{
  "uid" : "3c356b5c95382335",
  "name" : "POST checking ports_len negative len",
  "fullName" : "tests_api.test_bd.TestPOST#test_post_checking_ports_len_negative_len",
  "historyId" : "9489e2633e96acb1f0103e85b89d7a6f",
  "time" : {
    "start" : 1750382008542,
    "stop" : 1750382009031,
    "duration" : 489
  },
  "status" : "failed",
  "statusMessage" : "AssertionError: Result is not equal expected value",
  "statusTrace" : "self = <tests_api.test_bd.TestPOST object at 0x7f042d4900b0>\n\n    @allure.title('POST checking ports_len negative len')\n    def test_post_checking_ports_len_negative_len(self):\n        result = API.post_create_docker_container_checking_ports(\n            token=TestPOST.token,\n            port_len=\"80,81,82,83,84,85,86,87,88,89,90\")\n        Checking.check_status_code(result, 400)\n>       Checking.check_json_value(result, 'msg', 'msg[]: ports range is too wide')\n\ntests_api/test_bd.py:391: \n_ _ _ _ _ _ _ _ _ _ _ _ _ _ _ _ _ _ _ _ _ _ _ _ _ _ _ _ _ _ _ _ _ _ _ _ _ _ _ _ \n\nresponse = <Response [400]>, field_name = 'msg'\nexpected_value = 'msg[]: ports range is too wide'\n\n    @staticmethod\n    def check_json_value(response: requests.models.Response, field_name: str, expected_value):\n        \"\"\"\n        :param response: requests.models.Response\n        :param field_name:\n        :param expected_value:\n        \"\"\"\n        check = response.json()\n        check_info = check.get(field_name)\n        with allure.step(\n                f'Compare result request with expected value:'\n                f'\\nResponse: {response}\\nField name: {field_name}\\nValue: {expected_value}'):\n>           assert check_info == expected_value, 'Result is not equal expected value'\nE           AssertionError: Result is not equal expected value\n\ntests_api/utils/checking.py:57: AssertionError",
  "flaky" : false,
  "newFailed" : false,
  "beforeStages" : [ ],
  "testStage" : {
    "status" : "failed",
    "statusMessage" : "AssertionError: Result is not equal expected value",
    "statusTrace" : "self = <tests_api.test_bd.TestPOST object at 0x7f042d4900b0>\n\n    @allure.title('POST checking ports_len negative len')\n    def test_post_checking_ports_len_negative_len(self):\n        result = API.post_create_docker_container_checking_ports(\n            token=TestPOST.token,\n            port_len=\"80,81,82,83,84,85,86,87,88,89,90\")\n        Checking.check_status_code(result, 400)\n>       Checking.check_json_value(result, 'msg', 'msg[]: ports range is too wide')\n\ntests_api/test_bd.py:391: \n_ _ _ _ _ _ _ _ _ _ _ _ _ _ _ _ _ _ _ _ _ _ _ _ _ _ _ _ _ _ _ _ _ _ _ _ _ _ _ _ \n\nresponse = <Response [400]>, field_name = 'msg'\nexpected_value = 'msg[]: ports range is too wide'\n\n    @staticmethod\n    def check_json_value(response: requests.models.Response, field_name: str, expected_value):\n        \"\"\"\n        :param response: requests.models.Response\n        :param field_name:\n        :param expected_value:\n        \"\"\"\n        check = response.json()\n        check_info = check.get(field_name)\n        with allure.step(\n                f'Compare result request with expected value:'\n                f'\\nResponse: {response}\\nField name: {field_name}\\nValue: {expected_value}'):\n>           assert check_info == expected_value, 'Result is not equal expected value'\nE           AssertionError: Result is not equal expected value\n\ntests_api/utils/checking.py:57: AssertionError",
    "steps" : [ {
      "name" : "post_create_docker_container",
      "time" : {
        "start" : 1750382008542,
        "stop" : 1750382009031,
        "duration" : 489
      },
      "status" : "passed",
      "steps" : [ {
        "name" : "Endpoint: /container_create",
        "time" : {
          "start" : 1750382009031,
          "stop" : 1750382009031,
          "duration" : 0
        },
        "status" : "passed",
        "steps" : [ ],
        "attachments" : [ ],
        "parameters" : [ ],
        "stepsCount" : 0,
        "attachmentsCount" : 0,
        "shouldDisplayMessage" : false,
        "hasContent" : false
      }, {
        "name" : "Request:",
        "time" : {
          "start" : 1750382009031,
          "stop" : 1750382009031,
          "duration" : 0
        },
        "status" : "passed",
        "steps" : [ {
          "name" : "Headers: {'Content-Type': 'application/json', 'Authorization': {'6aa83aaf-3657-483a-93e5-d87d3ca82e95'}}",
          "time" : {
            "start" : 1750382009031,
            "stop" : 1750382009031,
            "duration" : 0
          },
          "status" : "passed",
          "steps" : [ ],
          "attachments" : [ ],
          "parameters" : [ ],
          "stepsCount" : 0,
          "attachmentsCount" : 0,
          "shouldDisplayMessage" : false,
          "hasContent" : false
        }, {
          "name" : "Body: {\"docker_image\": \"nginx\", \"int_ports\": f\"80,81,82,83,84,85,86,87,88,89,90\", \"env\": 3, \"region\": 3}",
          "time" : {
            "start" : 1750382009031,
            "stop" : 1750382009031,
            "duration" : 0
          },
          "status" : "passed",
          "steps" : [ ],
          "attachments" : [ ],
          "parameters" : [ ],
          "stepsCount" : 0,
          "attachmentsCount" : 0,
          "shouldDisplayMessage" : false,
          "hasContent" : false
        } ],
        "attachments" : [ ],
        "parameters" : [ ],
        "stepsCount" : 2,
        "attachmentsCount" : 0,
        "shouldDisplayMessage" : false,
        "hasContent" : true
      }, {
        "name" : "Response:",
        "time" : {
          "start" : 1750382009031,
          "stop" : 1750382009031,
          "duration" : 0
        },
        "status" : "passed",
        "steps" : [ {
          "name" : "Status code: 400",
          "time" : {
            "start" : 1750382009031,
            "stop" : 1750382009031,
            "duration" : 0
          },
          "status" : "passed",
          "steps" : [ ],
          "attachments" : [ ],
          "parameters" : [ ],
          "stepsCount" : 0,
          "attachmentsCount" : 0,
          "shouldDisplayMessage" : false,
          "hasContent" : false
        }, {
          "name" : "JSON: {\n    \"msg_code\": -1,\n    \"msg\": \"endpoint is disabled\"\n}\n",
          "time" : {
            "start" : 1750382009031,
            "stop" : 1750382009031,
            "duration" : 0
          },
          "status" : "passed",
          "steps" : [ ],
          "attachments" : [ ],
          "parameters" : [ ],
          "stepsCount" : 0,
          "attachmentsCount" : 0,
          "shouldDisplayMessage" : false,
          "hasContent" : false
        } ],
        "attachments" : [ ],
        "parameters" : [ ],
        "stepsCount" : 2,
        "attachmentsCount" : 0,
        "shouldDisplayMessage" : false,
        "hasContent" : true
      } ],
      "attachments" : [ ],
      "parameters" : [ ],
      "stepsCount" : 7,
      "attachmentsCount" : 0,
      "shouldDisplayMessage" : false,
      "hasContent" : true
    }, {
      "name" : "Assert status code: 400 == Response status code: 400",
      "time" : {
        "start" : 1750382009031,
        "stop" : 1750382009031,
        "duration" : 0
      },
      "status" : "passed",
      "steps" : [ ],
      "attachments" : [ ],
      "parameters" : [ ],
      "stepsCount" : 0,
      "attachmentsCount" : 0,
      "shouldDisplayMessage" : false,
      "hasContent" : false
    }, {
      "name" : "Compare result request with expected value:\nResponse: <Response [400]>\nField name: msg\nValue: msg[]: ports range is too wide",
      "time" : {
        "start" : 1750382009031,
        "stop" : 1750382009031,
        "duration" : 0
      },
      "status" : "failed",
      "statusMessage" : "AssertionError: Result is not equal expected value\n",
      "statusTrace" : "  File \"/home/runner/work/Oblache/Oblache/tests_api/utils/checking.py\", line 57, in check_json_value\n    assert check_info == expected_value, 'Result is not equal expected value'\n           ^^^^^^^^^^^^^^^^^^^^^^^^^^^^\n",
      "steps" : [ ],
      "attachments" : [ ],
      "parameters" : [ ],
      "stepsCount" : 0,
      "attachmentsCount" : 0,
      "shouldDisplayMessage" : true,
      "hasContent" : true
    } ],
    "attachments" : [ ],
    "parameters" : [ ],
    "stepsCount" : 10,
    "attachmentsCount" : 0,
    "shouldDisplayMessage" : true,
    "hasContent" : true
  },
  "afterStages" : [ ],
  "labels" : [ {
    "name" : "suite",
    "value" : "POST"
  }, {
    "name" : "parentSuite",
    "value" : "tests_api"
  }, {
    "name" : "subSuite",
    "value" : "TestPOST"
  }, {
    "name" : "host",
    "value" : "pkrvmxyh4eaekms"
  }, {
    "name" : "thread",
    "value" : "2598-MainThread"
  }, {
    "name" : "framework",
    "value" : "pytest"
  }, {
    "name" : "language",
    "value" : "cpython3"
  }, {
    "name" : "package",
    "value" : "tests_api.test_bd"
  }, {
    "name" : "resultFormat",
    "value" : "allure2"
  } ],
  "parameters" : [ ],
  "links" : [ ],
  "hidden" : false,
  "retry" : false,
  "extra" : {
    "severity" : "normal",
    "retries" : [ ],
    "categories" : [ {
      "name" : "Product defects",
      "matchedStatuses" : [ ],
      "flaky" : false
    } ],
    "history" : {
      "statistic" : {
        "failed" : 188,
        "broken" : 0,
        "skipped" : 0,
        "passed" : 36,
        "unknown" : 0,
        "total" : 224
      },
      "items" : [ {
        "uid" : "cf49632b3f0d79dc",
        "reportUrl" : "https://lambotik.github.io/Oblache/438//#testresult/cf49632b3f0d79dc",
        "status" : "failed",
        "statusDetails" : "AssertionError: Result is not equal expected value",
        "time" : {
          "start" : 1750295646514,
          "stop" : 1750295647038,
          "duration" : 524
        }
      }, {
        "uid" : "f961cf26001455b",
        "reportUrl" : "https://lambotik.github.io/Oblache/437//#testresult/f961cf26001455b",
        "status" : "failed",
        "statusDetails" : "AssertionError: Result is not equal expected value",
        "time" : {
          "start" : 1750209213211,
          "stop" : 1750209213518,
          "duration" : 307
        }
      }, {
        "uid" : "bf79e404579f237c",
        "reportUrl" : "https://lambotik.github.io/Oblache/436//#testresult/bf79e404579f237c",
        "status" : "failed",
        "statusDetails" : "AssertionError: Result is not equal expected value",
        "time" : {
          "start" : 1750122849184,
          "stop" : 1750122849546,
          "duration" : 362
        }
      }, {
        "uid" : "33bb5f623ceeed76",
        "reportUrl" : "https://lambotik.github.io/Oblache/435//#testresult/33bb5f623ceeed76",
        "status" : "failed",
        "statusDetails" : "AssertionError: Result is not equal expected value",
        "time" : {
          "start" : 1750036551898,
          "stop" : 1750036552197,
          "duration" : 299
        }
      }, {
        "uid" : "b09d72dff263355d",
        "reportUrl" : "https://lambotik.github.io/Oblache/434//#testresult/b09d72dff263355d",
        "status" : "failed",
        "statusDetails" : "AssertionError: Result is not equal expected value",
        "time" : {
          "start" : 1749950474149,
          "stop" : 1749950474461,
          "duration" : 312
        }
      }, {
        "uid" : "27a44bdcd564dda0",
        "reportUrl" : "https://lambotik.github.io/Oblache/433//#testresult/27a44bdcd564dda0",
        "status" : "failed",
        "statusDetails" : "AssertionError: Incorrect status code: 502",
        "time" : {
          "start" : 1749863468568,
          "stop" : 1749863469052,
          "duration" : 484
        }
      }, {
        "uid" : "d665eeaf841d0551",
        "reportUrl" : "https://lambotik.github.io/Oblache/432//#testresult/d665eeaf841d0551",
        "status" : "failed",
        "statusDetails" : "AssertionError: Incorrect status code: 502",
        "time" : {
          "start" : 1749777234037,
          "stop" : 1749777234356,
          "duration" : 319
        }
      }, {
        "uid" : "7a84b81faf16477f",
        "reportUrl" : "https://lambotik.github.io/Oblache/431//#testresult/7a84b81faf16477f",
        "status" : "failed",
        "statusDetails" : "AssertionError: Incorrect status code: 502",
        "time" : {
          "start" : 1749690773738,
          "stop" : 1749690774074,
          "duration" : 336
        }
      }, {
        "uid" : "7fe24ce12a84f1a1",
        "reportUrl" : "https://lambotik.github.io/Oblache/430//#testresult/7fe24ce12a84f1a1",
        "status" : "failed",
        "statusDetails" : "AssertionError: Incorrect status code: 502",
        "time" : {
          "start" : 1749604427611,
          "stop" : 1749604427947,
          "duration" : 336
        }
      }, {
        "uid" : "23e8d72a272f3047",
        "reportUrl" : "https://lambotik.github.io/Oblache/429//#testresult/23e8d72a272f3047",
        "status" : "failed",
        "statusDetails" : "AssertionError: Incorrect status code: 502",
        "time" : {
          "start" : 1749518065263,
          "stop" : 1749518065752,
          "duration" : 489
        }
      }, {
        "uid" : "6c5c08b088533e46",
        "reportUrl" : "https://lambotik.github.io/Oblache/428//#testresult/6c5c08b088533e46",
        "status" : "failed",
        "statusDetails" : "AssertionError: Incorrect status code: 502",
        "time" : {
          "start" : 1749431819706,
          "stop" : 1749431820043,
          "duration" : 337
        }
      }, {
        "uid" : "c9576b2bc8318f1",
        "reportUrl" : "https://lambotik.github.io/Oblache/427//#testresult/c9576b2bc8318f1",
        "status" : "failed",
        "statusDetails" : "AssertionError: Result is not equal expected value",
        "time" : {
          "start" : 1749345572255,
          "stop" : 1749345572559,
          "duration" : 304
        }
      }, {
        "uid" : "eda08b0bf0856df0",
        "reportUrl" : "https://lambotik.github.io/Oblache/426//#testresult/eda08b0bf0856df0",
        "status" : "failed",
        "statusDetails" : "AssertionError: Result is not equal expected value",
        "time" : {
          "start" : 1749258713298,
          "stop" : 1749258713613,
          "duration" : 315
        }
      }, {
        "uid" : "a1ebfc24918e78d9",
        "reportUrl" : "https://lambotik.github.io/Oblache/425//#testresult/a1ebfc24918e78d9",
        "status" : "failed",
        "statusDetails" : "AssertionError: Result is not equal expected value",
        "time" : {
          "start" : 1749172356803,
          "stop" : 1749172357172,
          "duration" : 369
        }
      }, {
        "uid" : "216eed3528fa168e",
        "reportUrl" : "https://lambotik.github.io/Oblache/424//#testresult/216eed3528fa168e",
        "status" : "failed",
        "statusDetails" : "AssertionError: Result is not equal expected value",
        "time" : {
          "start" : 1749085948346,
          "stop" : 1749085948659,
          "duration" : 313
        }
      }, {
        "uid" : "c85bd9c0c6863cd1",
        "reportUrl" : "https://lambotik.github.io/Oblache/423//#testresult/c85bd9c0c6863cd1",
        "status" : "failed",
        "statusDetails" : "AssertionError: Result is not equal expected value",
        "time" : {
          "start" : 1748999594973,
          "stop" : 1748999595278,
          "duration" : 305
        }
      }, {
        "uid" : "9ce91c9c1d70b045",
        "reportUrl" : "https://lambotik.github.io/Oblache/422//#testresult/9ce91c9c1d70b045",
        "status" : "failed",
        "statusDetails" : "AssertionError: Result is not equal expected value",
        "time" : {
          "start" : 1748913233737,
          "stop" : 1748913234150,
          "duration" : 413
        }
      }, {
        "uid" : "2f454a1667b041ba",
        "reportUrl" : "https://lambotik.github.io/Oblache/421//#testresult/2f454a1667b041ba",
        "status" : "failed",
        "statusDetails" : "AssertionError: Result is not equal expected value",
        "time" : {
          "start" : 1748826914247,
          "stop" : 1748826914553,
          "duration" : 306
        }
      }, {
        "uid" : "91a761ca47e23399",
        "reportUrl" : "https://lambotik.github.io/Oblache/420//#testresult/91a761ca47e23399",
        "status" : "failed",
        "statusDetails" : "AssertionError: Incorrect status code: 504",
        "time" : {
          "start" : 1748744062577,
          "stop" : 1748744122967,
          "duration" : 60390
        }
      }, {
        "uid" : "919fbc3eb59de64b",
        "reportUrl" : "https://lambotik.github.io/Oblache/419//#testresult/919fbc3eb59de64b",
        "status" : "failed",
        "statusDetails" : "AssertionError: Incorrect status code: 504",
        "time" : {
          "start" : 1748656772423,
          "stop" : 1748656832936,
          "duration" : 60513
        }
      } ]
    },
    "tags" : [ ]
  },
  "source" : "3c356b5c95382335.json",
  "parameterValues" : [ ]
}