{"uid":"a1167bd8fae933b5","name":"test order db create backup with wrong uuid","fullName":"tests_api.test_bd.TestBackup#test_order_db_create_backup_with_wrong_uuid","historyId":"bc5ef28400accd6488b5c9ca6e9589b9","time":{"start":1762998937387,"stop":1762998937820,"duration":433},"status":"failed","statusMessage":"AssertionError: Result is not equal expected value","statusTrace":"self = <tests_api.test_bd.TestBackup object at 0x7fe462b8dac0>\nget_token_backup_1 = ('f4af30af-b8ff-4196-90af-2459994c3b03', {'email': 'testbackup1@gmail.com', 'password': 'ZuOhK0WqZ3CJ8RPaf4dj'}, '066dc8a6-240f-701b-8000-a17ea063eafa')\n\n    @allure.title('test order db create backup with wrong uuid')\n    def test_order_db_create_backup_with_wrong_uuid(self, get_token_backup_1):\n        token, body, uuid = get_token_backup_1\n        response = API.post_db_backup_create(token=token, db_uuid='wrong uuid')\n        Checking.check_status_code(response, 400)\n>       Checking.check_json_value(\n            response, 'content', \"db either not exist, not in good shape or not belong to the user\")\n\ntests_api/test_bd.py:461: \n_ _ _ _ _ _ _ _ _ _ _ _ _ _ _ _ _ _ _ _ _ _ _ _ _ _ _ _ _ _ _ _ _ _ _ _ _ _ _ _ \n\nresponse = <Response [400]>, field_name = 'content'\nexpected_value = 'db either not exist, not in good shape or not belong to the user'\n\n    @staticmethod\n    def check_json_value(response: requests.models.Response, field_name: str, expected_value):\n        \"\"\"\n        :param response: requests.models.Response\n        :param field_name:\n        :param expected_value:\n        \"\"\"\n        check = response.json()\n        check_info = check.get(field_name)\n        with allure.step(\n                f'Compare result request with expected value:'\n                f'\\nResponse: {response}\\nField name: {field_name}\\nValue: {expected_value}'):\n>           assert check_info == expected_value, 'Result is not equal expected value'\nE           AssertionError: Result is not equal expected value\n\ntests_api/utils/checking.py:57: AssertionError","flaky":false,"newFailed":false,"newBroken":false,"newPassed":false,"retriesCount":0,"retriesStatusChange":false,"beforeStages":[{"name":"get_token_backup_1","time":{"start":1762998936967,"stop":1762998937386,"duration":419},"status":"passed","steps":[{"name":"Assert status code: 200 == Response status code: 200","time":{"start":1762998937386,"stop":1762998937386,"duration":0},"status":"passed","steps":[],"attachments":[],"parameters":[],"stepsCount":0,"shouldDisplayMessage":false,"attachmentsCount":0,"hasContent":false,"attachmentStep":false}],"attachments":[],"parameters":[],"stepsCount":1,"shouldDisplayMessage":false,"attachmentsCount":0,"hasContent":true,"attachmentStep":false}],"testStage":{"status":"failed","statusMessage":"AssertionError: Result is not equal expected value","statusTrace":"self = <tests_api.test_bd.TestBackup object at 0x7fe462b8dac0>\nget_token_backup_1 = ('f4af30af-b8ff-4196-90af-2459994c3b03', {'email': 'testbackup1@gmail.com', 'password': 'ZuOhK0WqZ3CJ8RPaf4dj'}, '066dc8a6-240f-701b-8000-a17ea063eafa')\n\n    @allure.title('test order db create backup with wrong uuid')\n    def test_order_db_create_backup_with_wrong_uuid(self, get_token_backup_1):\n        token, body, uuid = get_token_backup_1\n        response = API.post_db_backup_create(token=token, db_uuid='wrong uuid')\n        Checking.check_status_code(response, 400)\n>       Checking.check_json_value(\n            response, 'content', \"db either not exist, not in good shape or not belong to the user\")\n\ntests_api/test_bd.py:461: \n_ _ _ _ _ _ _ _ _ _ _ _ _ _ _ _ _ _ _ _ _ _ _ _ _ _ _ _ _ _ _ _ _ _ _ _ _ _ _ _ \n\nresponse = <Response [400]>, field_name = 'content'\nexpected_value = 'db either not exist, not in good shape or not belong to the user'\n\n    @staticmethod\n    def check_json_value(response: requests.models.Response, field_name: str, expected_value):\n        \"\"\"\n        :param response: requests.models.Response\n        :param field_name:\n        :param expected_value:\n        \"\"\"\n        check = response.json()\n        check_info = check.get(field_name)\n        with allure.step(\n                f'Compare result request with expected value:'\n                f'\\nResponse: {response}\\nField name: {field_name}\\nValue: {expected_value}'):\n>           assert check_info == expected_value, 'Result is not equal expected value'\nE           AssertionError: Result is not equal expected value\n\ntests_api/utils/checking.py:57: AssertionError","steps":[{"name":"Endpoint: /db_backup_create","time":{"start":1762998937820,"stop":1762998937820,"duration":0},"status":"passed","steps":[],"attachments":[],"parameters":[],"stepsCount":0,"shouldDisplayMessage":false,"attachmentsCount":0,"hasContent":false,"attachmentStep":false},{"name":"Request:","time":{"start":1762998937820,"stop":1762998937820,"duration":0},"status":"passed","steps":[{"name":"Headers: {'Content-Type': 'application/json', 'Authorization': {'f4af30af-b8ff-4196-90af-2459994c3b03'}}","time":{"start":1762998937820,"stop":1762998937820,"duration":0},"status":"passed","steps":[],"attachments":[],"parameters":[],"stepsCount":0,"shouldDisplayMessage":false,"attachmentsCount":0,"hasContent":false,"attachmentStep":false}],"attachments":[],"parameters":[],"stepsCount":1,"shouldDisplayMessage":false,"attachmentsCount":0,"hasContent":true,"attachmentStep":false},{"name":"Response:","time":{"start":1762998937820,"stop":1762998937820,"duration":0},"status":"passed","steps":[{"name":"Status code: 400","time":{"start":1762998937820,"stop":1762998937820,"duration":0},"status":"passed","steps":[],"attachments":[],"parameters":[],"stepsCount":0,"shouldDisplayMessage":false,"attachmentsCount":0,"hasContent":false,"attachmentStep":false},{"name":"JSON: {\n    \"content\": \"db either not exist, not in good shape, or does not belong to the user\"\n}\n","time":{"start":1762998937820,"stop":1762998937820,"duration":0},"status":"passed","steps":[],"attachments":[],"parameters":[],"stepsCount":0,"shouldDisplayMessage":false,"attachmentsCount":0,"hasContent":false,"attachmentStep":false}],"attachments":[],"parameters":[],"stepsCount":2,"shouldDisplayMessage":false,"attachmentsCount":0,"hasContent":true,"attachmentStep":false},{"name":"Assert status code: 400 == Response status code: 400","time":{"start":1762998937820,"stop":1762998937820,"duration":0},"status":"passed","steps":[],"attachments":[],"parameters":[],"stepsCount":0,"shouldDisplayMessage":false,"attachmentsCount":0,"hasContent":false,"attachmentStep":false},{"name":"Compare result request with expected value:\nResponse: <Response [400]>\nField name: content\nValue: db either not exist, not in good shape or not belong to the user","time":{"start":1762998937820,"stop":1762998937820,"duration":0},"status":"failed","statusMessage":"AssertionError: Result is not equal expected value\n","statusTrace":"  File \"/home/runner/work/Oblache/Oblache/tests_api/utils/checking.py\", line 57, in check_json_value\n    assert check_info == expected_value, 'Result is not equal expected value'\n           ^^^^^^^^^^^^^^^^^^^^^^^^^^^^\n","steps":[],"attachments":[],"parameters":[],"stepsCount":0,"shouldDisplayMessage":true,"attachmentsCount":0,"hasContent":true,"attachmentStep":false}],"attachments":[],"parameters":[],"stepsCount":8,"shouldDisplayMessage":true,"attachmentsCount":0,"hasContent":true,"attachmentStep":false},"afterStages":[],"labels":[{"name":"suite","value":"Test Backup"},{"name":"parentSuite","value":"tests_api"},{"name":"subSuite","value":"TestBackup"},{"name":"host","value":"runnervmw9dnm"},{"name":"thread","value":"2626-MainThread"},{"name":"framework","value":"pytest"},{"name":"language","value":"cpython3"},{"name":"package","value":"tests_api.test_bd"},{"name":"resultFormat","value":"allure2"}],"parameters":[],"links":[],"hidden":false,"retry":false,"extra":{"severity":"normal","retries":[],"categories":[{"name":"Product defects","matchedStatuses":[],"flaky":false}],"history":{"statistic":{"failed":10,"broken":0,"skipped":0,"passed":0,"unknown":0,"total":10},"items":[{"uid":"47e5de019037ede3","reportUrl":"https://lambotik.github.io/Oblache/561/#testresult/47e5de019037ede3","status":"failed","statusDetails":"AssertionError: Result is not equal expected value","time":{"start":1762912430157,"stop":1762912430465,"duration":308}},{"uid":"a28cf080f9056137","reportUrl":"https://lambotik.github.io/Oblache/560/#testresult/a28cf080f9056137","status":"failed","statusDetails":"AssertionError: Result is not equal expected value","time":{"start":1762826086454,"stop":1762826086822,"duration":368}},{"uid":"846b35dfe7fd8c6b","reportUrl":"https://lambotik.github.io/Oblache/559/#testresult/846b35dfe7fd8c6b","status":"failed","statusDetails":"AssertionError: Result is not equal expected value","time":{"start":1762739901353,"stop":1762739901864,"duration":511}},{"uid":"3c7d8c91fd9eabf0","reportUrl":"https://lambotik.github.io/Oblache/558/#testresult/3c7d8c91fd9eabf0","status":"failed","statusDetails":"AssertionError: Incorrect status code: 502","time":{"start":1762653407045,"stop":1762653407045,"duration":0}},{"uid":"1aac76a29568427f","reportUrl":"https://lambotik.github.io/Oblache/557/#testresult/1aac76a29568427f","status":"failed","statusDetails":"AssertionError: Result is not equal expected value","time":{"start":1762566419116,"stop":1762566419540,"duration":424}},{"uid":"a47a22cd6a2d6d11","reportUrl":"https://lambotik.github.io/Oblache/556/#testresult/a47a22cd6a2d6d11","status":"failed","statusDetails":"AssertionError: Result is not equal expected value","time":{"start":1762480385308,"stop":1762480385811,"duration":503}},{"uid":"eb80fb6987c17e0a","reportUrl":"https://lambotik.github.io/Oblache/555/#testresult/eb80fb6987c17e0a","status":"failed","statusDetails":"AssertionError: Result is not equal expected value","time":{"start":1762394050176,"stop":1762394050535,"duration":359}},{"uid":"bc9a0d31ff82bc10","reportUrl":"https://lambotik.github.io/Oblache/25/#testresult/bc9a0d31ff82bc10","status":"failed","statusDetails":"AssertionError: Result is not equal expected value","time":{"start":1762342848914,"stop":1762342849394,"duration":480}},{"uid":"5198feb7be119700","reportUrl":"https://lambotik.github.io/Oblache/24/#testresult/5198feb7be119700","status":"failed","statusDetails":"AssertionError: Result is not equal expected value","time":{"start":1762342483142,"stop":1762342483452,"duration":310}}]},"tags":[]},"source":"a1167bd8fae933b5.json","parameterValues":[]}