{"uid":"f0606fa42a0b7b3c","name":"POST db_create_with_wrong_region.","fullName":"tests_api.test_bd.TestPOST#test_post_db_create_with_wrong_values_region","historyId":"856aa6401c668dd622a03a1da3937968","time":{"start":1762998924269,"stop":1762998924641,"duration":372},"status":"failed","statusMessage":"AssertionError: Incorrect status code: 403","statusTrace":"self = <tests_api.test_bd.TestPOST object at 0x7fe462b8cd40>\n\n    @allure.title('POST db_create_with_wrong_region.')\n    def test_post_db_create_with_wrong_values_region(self):\n        response_db_list = API.post_db_create_wrong_value_region(token=TestPOST.token)\n>       Checking.check_status_code(response_db_list, 400)\n\ntests_api/test_bd.py:281: \n_ _ _ _ _ _ _ _ _ _ _ _ _ _ _ _ _ _ _ _ _ _ _ _ _ _ _ _ _ _ _ _ _ _ _ _ _ _ _ _ \n\nresult = <Response [403]>, status_code = 400\n\n    @staticmethod\n    def check_status_code(result: requests.models.Response, status_code: int):\n        \"\"\"\n        Method check status code\n        :param result: Response\n        :param status_code:\n        \"\"\"\n        with allure.step(f'Assert status code: {status_code} == Response status code: {result.status_code}'):\n>           assert status_code == result.status_code, f'Incorrect status code: {result.status_code}'\nE           AssertionError: Incorrect status code: 403\n\ntests_api/utils/checking.py:16: AssertionError","flaky":false,"newFailed":false,"newBroken":false,"newPassed":false,"retriesCount":0,"retriesStatusChange":false,"beforeStages":[],"testStage":{"status":"failed","statusMessage":"AssertionError: Incorrect status code: 403","statusTrace":"self = <tests_api.test_bd.TestPOST object at 0x7fe462b8cd40>\n\n    @allure.title('POST db_create_with_wrong_region.')\n    def test_post_db_create_with_wrong_values_region(self):\n        response_db_list = API.post_db_create_wrong_value_region(token=TestPOST.token)\n>       Checking.check_status_code(response_db_list, 400)\n\ntests_api/test_bd.py:281: \n_ _ _ _ _ _ _ _ _ _ _ _ _ _ _ _ _ _ _ _ _ _ _ _ _ _ _ _ _ _ _ _ _ _ _ _ _ _ _ _ \n\nresult = <Response [403]>, status_code = 400\n\n    @staticmethod\n    def check_status_code(result: requests.models.Response, status_code: int):\n        \"\"\"\n        Method check status code\n        :param result: Response\n        :param status_code:\n        \"\"\"\n        with allure.step(f'Assert status code: {status_code} == Response status code: {result.status_code}'):\n>           assert status_code == result.status_code, f'Incorrect status code: {result.status_code}'\nE           AssertionError: Incorrect status code: 403\n\ntests_api/utils/checking.py:16: AssertionError","steps":[{"name":"post_db_create_wrong_value_region","time":{"start":1762998924269,"stop":1762998924640,"duration":371},"status":"passed","steps":[{"name":"Endpoint: /db_create","time":{"start":1762998924640,"stop":1762998924640,"duration":0},"status":"passed","steps":[],"attachments":[],"parameters":[],"stepsCount":0,"shouldDisplayMessage":false,"attachmentsCount":0,"hasContent":false,"attachmentStep":false},{"name":"Request:","time":{"start":1762998924640,"stop":1762998924640,"duration":0},"status":"passed","steps":[{"name":"Headers: {'Content-Type': 'application/json', 'Authorization': {'5d833ac3-d70b-4ef4-82b9-314209c48673'}}","time":{"start":1762998924640,"stop":1762998924640,"duration":0},"status":"passed","steps":[],"attachments":[],"parameters":[],"stepsCount":0,"shouldDisplayMessage":false,"attachmentsCount":0,"hasContent":false,"attachmentStep":false},{"name":"Body: {\"dbtype\": 3, \"dbversion\": 5, \"env\": 3, \"region\": 53}","time":{"start":1762998924640,"stop":1762998924640,"duration":0},"status":"passed","steps":[],"attachments":[],"parameters":[],"stepsCount":0,"shouldDisplayMessage":false,"attachmentsCount":0,"hasContent":false,"attachmentStep":false}],"attachments":[],"parameters":[],"stepsCount":2,"shouldDisplayMessage":false,"attachmentsCount":0,"hasContent":true,"attachmentStep":false},{"name":"Response:","time":{"start":1762998924640,"stop":1762998924640,"duration":0},"status":"passed","steps":[{"name":"Status code: 403","time":{"start":1762998924640,"stop":1762998924640,"duration":0},"status":"passed","steps":[],"attachments":[],"parameters":[],"stepsCount":0,"shouldDisplayMessage":false,"attachmentsCount":0,"hasContent":false,"attachmentStep":false},{"name":"JSON: {\n    \"content\": \"you are not allowed to create new databases\"\n}\n","time":{"start":1762998924640,"stop":1762998924640,"duration":0},"status":"passed","steps":[],"attachments":[],"parameters":[],"stepsCount":0,"shouldDisplayMessage":false,"attachmentsCount":0,"hasContent":false,"attachmentStep":false}],"attachments":[],"parameters":[],"stepsCount":2,"shouldDisplayMessage":false,"attachmentsCount":0,"hasContent":true,"attachmentStep":false}],"attachments":[],"parameters":[],"stepsCount":7,"shouldDisplayMessage":false,"attachmentsCount":0,"hasContent":true,"attachmentStep":false},{"name":"Assert status code: 400 == Response status code: 403","time":{"start":1762998924640,"stop":1762998924640,"duration":0},"status":"failed","statusMessage":"AssertionError: Incorrect status code: 403\n","statusTrace":"  File \"/home/runner/work/Oblache/Oblache/tests_api/utils/checking.py\", line 16, in check_status_code\n    assert status_code == result.status_code, f'Incorrect status code: {result.status_code}'\n           ^^^^^^^^^^^^^^^^^^^^^^^^^^^^^^^^^\n","steps":[],"attachments":[],"parameters":[],"stepsCount":0,"shouldDisplayMessage":true,"attachmentsCount":0,"hasContent":true,"attachmentStep":false}],"attachments":[],"parameters":[],"stepsCount":9,"shouldDisplayMessage":true,"attachmentsCount":0,"hasContent":true,"attachmentStep":false},"afterStages":[],"labels":[{"name":"suite","value":"POST"},{"name":"parentSuite","value":"tests_api"},{"name":"subSuite","value":"TestPOST"},{"name":"host","value":"runnervmw9dnm"},{"name":"thread","value":"2626-MainThread"},{"name":"framework","value":"pytest"},{"name":"language","value":"cpython3"},{"name":"package","value":"tests_api.test_bd"},{"name":"resultFormat","value":"allure2"}],"parameters":[],"links":[],"hidden":false,"retry":false,"extra":{"severity":"normal","retries":[],"categories":[{"name":"Product defects","matchedStatuses":[],"flaky":false}],"history":{"statistic":{"failed":10,"broken":0,"skipped":0,"passed":0,"unknown":0,"total":10},"items":[{"uid":"1ab0e01c8c4c88d5","reportUrl":"https://lambotik.github.io/Oblache/561/#testresult/1ab0e01c8c4c88d5","status":"failed","statusDetails":"AssertionError: Incorrect status code: 403","time":{"start":1762912420116,"stop":1762912420424,"duration":308}},{"uid":"378cc8143aeea0cc","reportUrl":"https://lambotik.github.io/Oblache/560/#testresult/378cc8143aeea0cc","status":"failed","statusDetails":"AssertionError: Incorrect status code: 403","time":{"start":1762826074730,"stop":1762826075091,"duration":361}},{"uid":"89b6efdc69e16141","reportUrl":"https://lambotik.github.io/Oblache/559/#testresult/89b6efdc69e16141","status":"failed","statusDetails":"AssertionError: Incorrect status code: 403","time":{"start":1762739885768,"stop":1762739886264,"duration":496}},{"uid":"91eecc993f86e913","reportUrl":"https://lambotik.github.io/Oblache/558/#testresult/91eecc993f86e913","status":"failed","statusDetails":"AssertionError: Incorrect status code: 502","time":{"start":1762653399039,"stop":1762653399374,"duration":335}},{"uid":"77edb95468676c5","reportUrl":"https://lambotik.github.io/Oblache/557/#testresult/77edb95468676c5","status":"failed","statusDetails":"AssertionError: Incorrect status code: 403","time":{"start":1762566405851,"stop":1762566406276,"duration":425}},{"uid":"62bcc421f68e3c54","reportUrl":"https://lambotik.github.io/Oblache/556/#testresult/62bcc421f68e3c54","status":"failed","statusDetails":"AssertionError: Incorrect status code: 403","time":{"start":1762480369798,"stop":1762480370297,"duration":499}},{"uid":"83d4d0624a6f1e8e","reportUrl":"https://lambotik.github.io/Oblache/555/#testresult/83d4d0624a6f1e8e","status":"failed","statusDetails":"AssertionError: Incorrect status code: 403","time":{"start":1762394038294,"stop":1762394038645,"duration":351}},{"uid":"caf26099e5118f74","reportUrl":"https://lambotik.github.io/Oblache/25/#testresult/caf26099e5118f74","status":"failed","statusDetails":"AssertionError: Incorrect status code: 403","time":{"start":1762342833938,"stop":1762342834415,"duration":477}},{"uid":"6fae867cbb452678","reportUrl":"https://lambotik.github.io/Oblache/24/#testresult/6fae867cbb452678","status":"failed","statusDetails":"AssertionError: Incorrect status code: 403","time":{"start":1762342472988,"stop":1762342473374,"duration":386}}]},"tags":[]},"source":"f0606fa42a0b7b3c.json","parameterValues":[]}