{
  "uid" : "526b34719f1560de",
  "name" : "test_create_database",
  "fullName" : "tests_ui.test_ui.TestProfilePage#test_create_database",
  "historyId" : "4762f7b87391625d86f9ea8dbdd3b406",
  "time" : {
    "start" : 1759110572798,
    "stop" : 1759110581001,
    "duration" : 8203
  },
  "status" : "broken",
  "statusMessage" : "selenium.common.exceptions.TimeoutException: Message: Can't find element by locator ('xpath', '//div[@id=\"msg_from_server\"]')",
  "statusTrace" : "self = <tests_ui.test_ui.TestProfilePage object at 0x7fb8e9a55940>\ndriver = <selenium.webdriver.chrome.webdriver.WebDriver (session=\"2b3d624334fdaed4fea3a3d4ecaa03dc\")>\nauthorization_user = None\n\n    @allure.title('test_create_database')\n    def test_create_database(self, driver, authorization_user):\n        page = ProfilePage(driver, authorization_user)\n>       page.compare_database_status()\n\ntests_ui/test_ui.py:83: \n_ _ _ _ _ _ _ _ _ _ _ _ _ _ _ _ _ _ _ _ _ _ _ _ _ _ _ _ _ _ _ _ _ _ _ _ _ _ _ _ \ntests_ui/profile_page.py:150: in compare_database_status\n    msg = self.element_is_visible(self.locators.MSG_FROM_SERVER).text\ntests_ui/base_page.py:34: in element_is_visible\n    return Wait(self.driver, self.timeout).until(\n_ _ _ _ _ _ _ _ _ _ _ _ _ _ _ _ _ _ _ _ _ _ _ _ _ _ _ _ _ _ _ _ _ _ _ _ _ _ _ _ \n\nself = <selenium.webdriver.support.wait.WebDriverWait (session=\"2b3d624334fdaed4fea3a3d4ecaa03dc\")>\nmethod = <function visibility_of_element_located.<locals>._predicate at 0x7fb8e8d6c720>\nmessage = 'Can\\'t find element by locator (\\'xpath\\', \\'//div[@id=\"msg_from_server\"]\\')'\n\n    def until(self, method: Callable[[D], Union[Literal[False], T]], message: str = \"\") -> T:\n        \"\"\"Calls the method provided with the driver as an argument until the \\\n        return value does not evaluate to ``False``.\n    \n        :param method: callable(WebDriver)\n        :param message: optional message for :exc:`TimeoutException`\n        :returns: the result of the last call to `method`\n        :raises: :exc:`selenium.common.exceptions.TimeoutException` if timeout occurs\n        \"\"\"\n        screen = None\n        stacktrace = None\n    \n        end_time = time.monotonic() + self._timeout\n        while True:\n            try:\n                value = method(self._driver)\n                if value:\n                    return value\n            except self._ignored_exceptions as exc:\n                screen = getattr(exc, \"screen\", None)\n                stacktrace = getattr(exc, \"stacktrace\", None)\n            time.sleep(self._poll)\n            if time.monotonic() > end_time:\n                break\n>       raise TimeoutException(message, screen, stacktrace)\nE       selenium.common.exceptions.TimeoutException: Message: Can't find element by locator ('xpath', '//div[@id=\"msg_from_server\"]')\n\n/opt/hostedtoolcache/Python/3.12.11/x64/lib/python3.12/site-packages/selenium/webdriver/support/wait.py:105: TimeoutException",
  "flaky" : false,
  "newFailed" : false,
  "beforeStages" : [ {
    "name" : "authorization_user",
    "time" : {
      "start" : 1759110572230,
      "stop" : 1759110572798,
      "duration" : 568
    },
    "status" : "passed",
    "steps" : [ {
      "name" : "Open page: https://oblache.areso.pro/register.html",
      "time" : {
        "start" : 1759110572230,
        "stop" : 1759110572592,
        "duration" : 362
      },
      "status" : "passed",
      "steps" : [ ],
      "attachments" : [ ],
      "parameters" : [ ],
      "stepsCount" : 0,
      "attachmentsCount" : 0,
      "shouldDisplayMessage" : false,
      "hasContent" : false
    }, {
      "name" : "Login user",
      "time" : {
        "start" : 1759110572592,
        "stop" : 1759110572798,
        "duration" : 206
      },
      "status" : "passed",
      "steps" : [ {
        "name" : "Enter email.",
        "time" : {
          "start" : 1759110572592,
          "stop" : 1759110572653,
          "duration" : 61
        },
        "status" : "passed",
        "steps" : [ ],
        "attachments" : [ ],
        "parameters" : [ ],
        "stepsCount" : 0,
        "attachmentsCount" : 0,
        "shouldDisplayMessage" : false,
        "hasContent" : false
      }, {
        "name" : "Enter password.",
        "time" : {
          "start" : 1759110572653,
          "stop" : 1759110572701,
          "duration" : 48
        },
        "status" : "passed",
        "steps" : [ ],
        "attachments" : [ ],
        "parameters" : [ ],
        "stepsCount" : 0,
        "attachmentsCount" : 0,
        "shouldDisplayMessage" : false,
        "hasContent" : false
      }, {
        "name" : "Click button \"Login\"",
        "time" : {
          "start" : 1759110572701,
          "stop" : 1759110572794,
          "duration" : 93
        },
        "status" : "passed",
        "steps" : [ ],
        "attachments" : [ ],
        "parameters" : [ ],
        "stepsCount" : 0,
        "attachmentsCount" : 0,
        "shouldDisplayMessage" : false,
        "hasContent" : false
      }, {
        "name" : "Check url is present: https://oblache.areso.pro/register.html",
        "time" : {
          "start" : 1759110572795,
          "stop" : 1759110572798,
          "duration" : 3
        },
        "status" : "passed",
        "steps" : [ ],
        "attachments" : [ ],
        "parameters" : [ ],
        "stepsCount" : 0,
        "attachmentsCount" : 0,
        "shouldDisplayMessage" : false,
        "hasContent" : false
      } ],
      "attachments" : [ ],
      "parameters" : [ ],
      "stepsCount" : 4,
      "attachmentsCount" : 0,
      "shouldDisplayMessage" : false,
      "hasContent" : true
    } ],
    "attachments" : [ ],
    "parameters" : [ ],
    "stepsCount" : 6,
    "attachmentsCount" : 0,
    "shouldDisplayMessage" : false,
    "hasContent" : true
  }, {
    "name" : "driver",
    "time" : {
      "start" : 1759110571937,
      "stop" : 1759110572230,
      "duration" : 293
    },
    "status" : "passed",
    "steps" : [ ],
    "attachments" : [ ],
    "parameters" : [ ],
    "stepsCount" : 0,
    "attachmentsCount" : 0,
    "shouldDisplayMessage" : false,
    "hasContent" : false
  } ],
  "testStage" : {
    "status" : "broken",
    "statusMessage" : "selenium.common.exceptions.TimeoutException: Message: Can't find element by locator ('xpath', '//div[@id=\"msg_from_server\"]')",
    "statusTrace" : "self = <tests_ui.test_ui.TestProfilePage object at 0x7fb8e9a55940>\ndriver = <selenium.webdriver.chrome.webdriver.WebDriver (session=\"2b3d624334fdaed4fea3a3d4ecaa03dc\")>\nauthorization_user = None\n\n    @allure.title('test_create_database')\n    def test_create_database(self, driver, authorization_user):\n        page = ProfilePage(driver, authorization_user)\n>       page.compare_database_status()\n\ntests_ui/test_ui.py:83: \n_ _ _ _ _ _ _ _ _ _ _ _ _ _ _ _ _ _ _ _ _ _ _ _ _ _ _ _ _ _ _ _ _ _ _ _ _ _ _ _ \ntests_ui/profile_page.py:150: in compare_database_status\n    msg = self.element_is_visible(self.locators.MSG_FROM_SERVER).text\ntests_ui/base_page.py:34: in element_is_visible\n    return Wait(self.driver, self.timeout).until(\n_ _ _ _ _ _ _ _ _ _ _ _ _ _ _ _ _ _ _ _ _ _ _ _ _ _ _ _ _ _ _ _ _ _ _ _ _ _ _ _ \n\nself = <selenium.webdriver.support.wait.WebDriverWait (session=\"2b3d624334fdaed4fea3a3d4ecaa03dc\")>\nmethod = <function visibility_of_element_located.<locals>._predicate at 0x7fb8e8d6c720>\nmessage = 'Can\\'t find element by locator (\\'xpath\\', \\'//div[@id=\"msg_from_server\"]\\')'\n\n    def until(self, method: Callable[[D], Union[Literal[False], T]], message: str = \"\") -> T:\n        \"\"\"Calls the method provided with the driver as an argument until the \\\n        return value does not evaluate to ``False``.\n    \n        :param method: callable(WebDriver)\n        :param message: optional message for :exc:`TimeoutException`\n        :returns: the result of the last call to `method`\n        :raises: :exc:`selenium.common.exceptions.TimeoutException` if timeout occurs\n        \"\"\"\n        screen = None\n        stacktrace = None\n    \n        end_time = time.monotonic() + self._timeout\n        while True:\n            try:\n                value = method(self._driver)\n                if value:\n                    return value\n            except self._ignored_exceptions as exc:\n                screen = getattr(exc, \"screen\", None)\n                stacktrace = getattr(exc, \"stacktrace\", None)\n            time.sleep(self._poll)\n            if time.monotonic() > end_time:\n                break\n>       raise TimeoutException(message, screen, stacktrace)\nE       selenium.common.exceptions.TimeoutException: Message: Can't find element by locator ('xpath', '//div[@id=\"msg_from_server\"]')\n\n/opt/hostedtoolcache/Python/3.12.11/x64/lib/python3.12/site-packages/selenium/webdriver/support/wait.py:105: TimeoutException",
    "steps" : [ {
      "name" : "Click button Status.",
      "time" : {
        "start" : 1759110573799,
        "stop" : 1759110573876,
        "duration" : 77
      },
      "status" : "passed",
      "steps" : [ ],
      "attachments" : [ ],
      "parameters" : [ ],
      "stepsCount" : 0,
      "attachmentsCount" : 0,
      "shouldDisplayMessage" : false,
      "hasContent" : false
    }, {
      "name" : "Get status data.",
      "time" : {
        "start" : 1759110574467,
        "stop" : 1759110574467,
        "duration" : 0
      },
      "status" : "passed",
      "steps" : [ {
        "name" : "Status data is: {'Email:': 'nodata', 'is blocked?': 'nodata', 'is db creation allowed?': 'nodata', 'disk db quota, mb': 'nodata', 'disk db used, mb': 'nodata', 'db qty quota': 'nodata', 'db qty used': 'nodata', 'site qty quota': 'nodata', 'site qty used': '0', 'site disk quota': '300', 'site disk usage': '0', 'is site deploy allowed?': '1', 'container qty quota': '1', 'container qty used': '1147', 'is container creation allowed': '0'}",
        "time" : {
          "start" : 1759110574467,
          "stop" : 1759110574467,
          "duration" : 0
        },
        "status" : "passed",
        "steps" : [ ],
        "attachments" : [ ],
        "parameters" : [ ],
        "stepsCount" : 0,
        "attachmentsCount" : 0,
        "shouldDisplayMessage" : false,
        "hasContent" : false
      } ],
      "attachments" : [ ],
      "parameters" : [ ],
      "stepsCount" : 1,
      "attachmentsCount" : 0,
      "shouldDisplayMessage" : false,
      "hasContent" : true
    }, {
      "name" : "Click \"Databases\" button.",
      "time" : {
        "start" : 1759110574467,
        "stop" : 1759110574538,
        "duration" : 71
      },
      "status" : "passed",
      "steps" : [ ],
      "attachments" : [ ],
      "parameters" : [ ],
      "stepsCount" : 0,
      "attachmentsCount" : 0,
      "shouldDisplayMessage" : false,
      "hasContent" : false
    }, {
      "name" : "Click \"Create new DB\" button.",
      "time" : {
        "start" : 1759110574538,
        "stop" : 1759110574618,
        "duration" : 80
      },
      "status" : "passed",
      "steps" : [ ],
      "attachments" : [ ],
      "parameters" : [ ],
      "stepsCount" : 0,
      "attachmentsCount" : 0,
      "shouldDisplayMessage" : false,
      "hasContent" : false
    }, {
      "name" : "Select region \"CIS\".",
      "time" : {
        "start" : 1759110574618,
        "stop" : 1759110575779,
        "duration" : 1161
      },
      "status" : "passed",
      "steps" : [ ],
      "attachments" : [ ],
      "parameters" : [ ],
      "stepsCount" : 0,
      "attachmentsCount" : 0,
      "shouldDisplayMessage" : false,
      "hasContent" : false
    }, {
      "name" : "Click \"Create\" button.",
      "time" : {
        "start" : 1759110575779,
        "stop" : 1759110575848,
        "duration" : 69
      },
      "status" : "passed",
      "steps" : [ ],
      "attachments" : [ ],
      "parameters" : [ ],
      "stepsCount" : 0,
      "attachmentsCount" : 0,
      "shouldDisplayMessage" : false,
      "hasContent" : false
    } ],
    "attachments" : [ {
      "uid" : "28dda64c35ed7e18",
      "name" : "Screenshot 2025-09-29 01:49:41.069349",
      "source" : "28dda64c35ed7e18.png",
      "type" : "image/png",
      "size" : 28304
    } ],
    "parameters" : [ ],
    "stepsCount" : 7,
    "attachmentsCount" : 1,
    "shouldDisplayMessage" : true,
    "hasContent" : true
  },
  "afterStages" : [ {
    "name" : "driver::0",
    "time" : {
      "start" : 1759110581070,
      "stop" : 1759110581133,
      "duration" : 63
    },
    "status" : "passed",
    "steps" : [ ],
    "attachments" : [ ],
    "parameters" : [ ],
    "stepsCount" : 0,
    "attachmentsCount" : 0,
    "shouldDisplayMessage" : false,
    "hasContent" : false
  } ],
  "labels" : [ {
    "name" : "suite",
    "value" : "Test Profile Page."
  }, {
    "name" : "parentSuite",
    "value" : "tests_ui"
  }, {
    "name" : "subSuite",
    "value" : "TestProfilePage"
  }, {
    "name" : "host",
    "value" : "runnervm3ublj"
  }, {
    "name" : "thread",
    "value" : "2553-MainThread"
  }, {
    "name" : "framework",
    "value" : "pytest"
  }, {
    "name" : "language",
    "value" : "cpython3"
  }, {
    "name" : "package",
    "value" : "tests_ui.test_ui"
  }, {
    "name" : "resultFormat",
    "value" : "allure2"
  } ],
  "parameters" : [ ],
  "links" : [ ],
  "hidden" : false,
  "retry" : false,
  "extra" : {
    "severity" : "normal",
    "retries" : [ ],
    "categories" : [ {
      "name" : "Test defects",
      "matchedStatuses" : [ ],
      "flaky" : false
    } ],
    "history" : {
      "statistic" : {
        "failed" : 0,
        "broken" : 293,
        "skipped" : 0,
        "passed" : 3,
        "unknown" : 0,
        "total" : 296
      },
      "items" : [ {
        "uid" : "cdd8a8e9b5aaf8d4",
        "reportUrl" : "https://lambotik.github.io/Oblache/516//#testresult/cdd8a8e9b5aaf8d4",
        "status" : "broken",
        "statusDetails" : "selenium.common.exceptions.TimeoutException: Message: Can't find element by locator ('xpath', '//div[@id=\"msg_from_server\"]')",
        "time" : {
          "start" : 1759024551597,
          "stop" : 1759024560411,
          "duration" : 8814
        }
      }, {
        "uid" : "9f72cb4346ff1af1",
        "reportUrl" : "https://lambotik.github.io/Oblache/515//#testresult/9f72cb4346ff1af1",
        "status" : "broken",
        "statusDetails" : "selenium.common.exceptions.TimeoutException: Message: Can't find element by locator ('xpath', '//div[@id=\"msg_from_server\"]')",
        "time" : {
          "start" : 1758937390243,
          "stop" : 1758937399041,
          "duration" : 8798
        }
      }, {
        "uid" : "47a6fb71a6fa40d",
        "reportUrl" : "https://lambotik.github.io/Oblache/514//#testresult/47a6fb71a6fa40d",
        "status" : "broken",
        "statusDetails" : "selenium.common.exceptions.TimeoutException: Message: Can't find element by locator ('xpath', '//div[@id=\"msg_from_server\"]')",
        "time" : {
          "start" : 1758851234859,
          "stop" : 1758851242984,
          "duration" : 8125
        }
      }, {
        "uid" : "acbcaef49add686e",
        "reportUrl" : "https://lambotik.github.io/Oblache/513//#testresult/acbcaef49add686e",
        "status" : "broken",
        "statusDetails" : "selenium.common.exceptions.TimeoutException: Message: Can't find element by locator ('xpath', '//div[@id=\"msg_from_server\"]')",
        "time" : {
          "start" : 1758764896939,
          "stop" : 1758764905273,
          "duration" : 8334
        }
      }, {
        "uid" : "67738e558980d34f",
        "reportUrl" : "https://lambotik.github.io/Oblache/512//#testresult/67738e558980d34f",
        "status" : "broken",
        "statusDetails" : "selenium.common.exceptions.TimeoutException: Message: Can't find element by locator ('xpath', '//div[@id=\"msg_from_server\"]')",
        "time" : {
          "start" : 1758678409181,
          "stop" : 1758678417249,
          "duration" : 8068
        }
      }, {
        "uid" : "281325000ef5d46f",
        "reportUrl" : "https://lambotik.github.io/Oblache/511//#testresult/281325000ef5d46f",
        "status" : "broken",
        "statusDetails" : "selenium.common.exceptions.TimeoutException: Message: Can't find element by locator ('xpath', '//div[@id=\"msg_from_server\"]')",
        "time" : {
          "start" : 1758591950929,
          "stop" : 1758591959795,
          "duration" : 8866
        }
      }, {
        "uid" : "7ded6e30092f8d13",
        "reportUrl" : "https://lambotik.github.io/Oblache/510//#testresult/7ded6e30092f8d13",
        "status" : "broken",
        "statusDetails" : "selenium.common.exceptions.TimeoutException: Message: Can't find element by locator ('xpath', '//div[@id=\"msg_from_server\"]')",
        "time" : {
          "start" : 1758506093829,
          "stop" : 1758506102770,
          "duration" : 8941
        }
      }, {
        "uid" : "6658d5636f21f762",
        "reportUrl" : "https://lambotik.github.io/Oblache/509//#testresult/6658d5636f21f762",
        "status" : "broken",
        "statusDetails" : "selenium.common.exceptions.TimeoutException: Message: Can't find element by locator ('xpath', '//div[@id=\"msg_from_server\"]')",
        "time" : {
          "start" : 1758419692714,
          "stop" : 1758419701477,
          "duration" : 8763
        }
      }, {
        "uid" : "f55d32c7afaeed7a",
        "reportUrl" : "https://lambotik.github.io/Oblache/508//#testresult/f55d32c7afaeed7a",
        "status" : "broken",
        "statusDetails" : "selenium.common.exceptions.TimeoutException: Message: Can't find element by locator ('xpath', '//div[@id=\"msg_from_server\"]')",
        "time" : {
          "start" : 1758332568278,
          "stop" : 1758332576372,
          "duration" : 8094
        }
      }, {
        "uid" : "911665167b811fb1",
        "reportUrl" : "https://lambotik.github.io/Oblache/507//#testresult/911665167b811fb1",
        "status" : "broken",
        "statusDetails" : "selenium.common.exceptions.TimeoutException: Message: Can't find element by locator ('xpath', '//div[@id=\"msg_from_server\"]')",
        "time" : {
          "start" : 1758246464081,
          "stop" : 1758246472995,
          "duration" : 8914
        }
      }, {
        "uid" : "3187575c9cb47f50",
        "reportUrl" : "https://lambotik.github.io/Oblache/506//#testresult/3187575c9cb47f50",
        "status" : "broken",
        "statusDetails" : "selenium.common.exceptions.TimeoutException: Message: Can't find element by locator ('xpath', '//div[@id=\"msg_from_server\"]')",
        "time" : {
          "start" : 1758159887668,
          "stop" : 1758159895722,
          "duration" : 8054
        }
      }, {
        "uid" : "ebed1cbed1a4aa04",
        "reportUrl" : "https://lambotik.github.io/Oblache/505//#testresult/ebed1cbed1a4aa04",
        "status" : "broken",
        "statusDetails" : "selenium.common.exceptions.TimeoutException: Message: Can't find element by locator ('xpath', '//div[@id=\"msg_from_server\"]')",
        "time" : {
          "start" : 1758073491282,
          "stop" : 1758073499428,
          "duration" : 8146
        }
      }, {
        "uid" : "79b3f96df16bbcd2",
        "reportUrl" : "https://lambotik.github.io/Oblache/504//#testresult/79b3f96df16bbcd2",
        "status" : "broken",
        "statusDetails" : "selenium.common.exceptions.TimeoutException: Message: Can't find element by locator ('xpath', '//div[@id=\"msg_from_server\"]')",
        "time" : {
          "start" : 1757987087781,
          "stop" : 1757987095922,
          "duration" : 8141
        }
      }, {
        "uid" : "66434ce1fa839c44",
        "reportUrl" : "https://lambotik.github.io/Oblache/503//#testresult/66434ce1fa839c44",
        "status" : "broken",
        "statusDetails" : "selenium.common.exceptions.TimeoutException: Message: Can't find element by locator ('xpath', '//div[@id=\"msg_from_server\"]')",
        "time" : {
          "start" : 1757901233988,
          "stop" : 1757901242720,
          "duration" : 8732
        }
      }, {
        "uid" : "c8c41e96e5cff4ac",
        "reportUrl" : "https://lambotik.github.io/Oblache/502//#testresult/c8c41e96e5cff4ac",
        "status" : "broken",
        "statusDetails" : "selenium.common.exceptions.TimeoutException: Message: Can't find element by locator ('xpath', '//div[@id=\"msg_from_server\"]')",
        "time" : {
          "start" : 1757814714285,
          "stop" : 1757814723298,
          "duration" : 9013
        }
      }, {
        "uid" : "5f8276be9332ca8d",
        "reportUrl" : "https://lambotik.github.io/Oblache/501//#testresult/5f8276be9332ca8d",
        "status" : "broken",
        "statusDetails" : "selenium.common.exceptions.TimeoutException: Message: Can't find element by locator ('xpath', '//div[@id=\"msg_from_server\"]')",
        "time" : {
          "start" : 1757727588317,
          "stop" : 1757727596516,
          "duration" : 8199
        }
      }, {
        "uid" : "b1bbb2ffa0552181",
        "reportUrl" : "https://lambotik.github.io/Oblache/500//#testresult/b1bbb2ffa0552181",
        "status" : "broken",
        "statusDetails" : "selenium.common.exceptions.TimeoutException: Message: Can't find element by locator ('xpath', '//div[@id=\"msg_from_server\"]')",
        "time" : {
          "start" : 1757641427363,
          "stop" : 1757641435427,
          "duration" : 8064
        }
      }, {
        "uid" : "f36535cc475553d9",
        "reportUrl" : "https://lambotik.github.io/Oblache/499//#testresult/f36535cc475553d9",
        "status" : "broken",
        "statusDetails" : "selenium.common.exceptions.TimeoutException: Message: Can't find element by locator ('xpath', '//div[@id=\"msg_from_server\"]')",
        "time" : {
          "start" : 1757555270734,
          "stop" : 1757555278842,
          "duration" : 8108
        }
      }, {
        "uid" : "41891ac25daf90a2",
        "reportUrl" : "https://lambotik.github.io/Oblache/498//#testresult/41891ac25daf90a2",
        "status" : "broken",
        "statusDetails" : "selenium.common.exceptions.TimeoutException: Message: Can't find element by locator ('xpath', '//div[@id=\"msg_from_server\"]')",
        "time" : {
          "start" : 1757468696504,
          "stop" : 1757468705287,
          "duration" : 8783
        }
      }, {
        "uid" : "80508152140912df",
        "reportUrl" : "https://lambotik.github.io/Oblache/497//#testresult/80508152140912df",
        "status" : "broken",
        "statusDetails" : "selenium.common.exceptions.TimeoutException: Message: Can't find element by locator ('xpath', '//button[@id=\"menu_button_status\"]')\nStacktrace:\n#0 0x55c54214308a <unknown>\n#1 0x55c541be2a70 <unknown>\n#2 0x55c541c34907 <unknown>\n#3 0x55c541c34b01 <unknown>\n#4 0x55c541c82d54 <unknown>\n#5 0x55c541c5a40d <unknown>\n#6 0x55c541c8014f <unknown>\n#7 0x55c541c5a1b3 <unknown>\n#8 0x55c541c2659b <unknown>\n#9 0x55c541c27971 <unknown>\n#10 0x55c54210825b <unknown>\n#11 0x55c54210bfa9 <unknown>\n#12 0x55c5420ef339 <unknown>\n#13 0x55c54210cb58 <unknown>\n#14 0x55c5420d3c1f <unknown>\n#15 0x55c542130118 <unknown>\n#16 0x55c5421302f6 <unknown>\n#17 0x55c542142066 <unknown>\n#18 0x7fefee69caa4 <unknown>\n#19 0x7fefee729c3c <unknown>",
        "time" : {
          "start" : 1757382459602,
          "stop" : 1757382465734,
          "duration" : 6132
        }
      } ]
    },
    "tags" : [ ]
  },
  "source" : "526b34719f1560de.json",
  "parameterValues" : [ ]
}