{"uid":"5dae97dd6f938dc9","name":"test order db create backup non-belonging db","fullName":"tests_api.test_bd.TestBackup#test_order_db_create_backup_non_belonging_db","historyId":"46162aec860d9e52ab8a1ce1fe9140b2","time":{"start":1763690026540,"stop":1763690026850,"duration":310},"status":"failed","statusMessage":"AssertionError: Result is not equal expected value","statusTrace":"self = <tests_api.test_bd.TestBackup object at 0x7f4a8c3f29f0>\nget_token_backup_1 = ('32fc2d79-97f7-4cfc-a048-8137b9a2eff6', {'email': 'testbackup1@gmail.com', 'password': 'ZuOhK0WqZ3CJ8RPaf4dj'}, '066dc8a6-240f-701b-8000-a17ea063eafa')\nget_token_backup_2 = ('47752c72-1004-4834-a840-a0d16c7a15b4', {'email': 'testbackup2@gmail.com', 'password': 'gwqldBUEoNGUiBrKFeVv'}, '066dc8d1-2d0a-753b-8000-ba69b49e1e8c')\n\n    @allure.title('test order db create backup non-belonging db')\n    def test_order_db_create_backup_non_belonging_db(self, get_token_backup_1, get_token_backup_2):\n        token, body, uuid = get_token_backup_1\n        token_2, body_2, uuid_2 = get_token_backup_2\n        response = API.post_db_backup_create(token=token, db_uuid=uuid_2)\n        Checking.check_status_code(response, 400)\n>       Checking.check_json_value(\n            response, 'content', \"db either not exist, not in good shape or not belong to the user\")\n\ntests_api/test_bd.py:478: \n_ _ _ _ _ _ _ _ _ _ _ _ _ _ _ _ _ _ _ _ _ _ _ _ _ _ _ _ _ _ _ _ _ _ _ _ _ _ _ _ \n\nresponse = <Response [400]>, field_name = 'content'\nexpected_value = 'db either not exist, not in good shape or not belong to the user'\n\n    @staticmethod\n    def check_json_value(response: requests.models.Response, field_name: str, expected_value):\n        \"\"\"\n        :param response: requests.models.Response\n        :param field_name:\n        :param expected_value:\n        \"\"\"\n        check = response.json()\n        check_info = check.get(field_name)\n        with allure.step(\n                f'Compare result request with expected value:'\n                f'\\nResponse: {response}\\nField name: {field_name}\\nValue: {expected_value}'):\n>           assert check_info == expected_value, 'Result is not equal expected value'\nE           AssertionError: Result is not equal expected value\n\ntests_api/utils/checking.py:57: AssertionError","flaky":false,"newFailed":false,"newBroken":false,"newPassed":false,"retriesCount":0,"retriesStatusChange":false,"beforeStages":[{"name":"get_token_backup_1","time":{"start":1763690025907,"stop":1763690026224,"duration":317},"status":"passed","steps":[{"name":"Assert status code: 200 == Response status code: 200","time":{"start":1763690026223,"stop":1763690026223,"duration":0},"status":"passed","steps":[],"attachments":[],"parameters":[],"stepsCount":0,"shouldDisplayMessage":false,"attachmentsCount":0,"hasContent":false,"attachmentStep":false}],"attachments":[],"parameters":[],"stepsCount":1,"shouldDisplayMessage":false,"attachmentsCount":0,"hasContent":true,"attachmentStep":false},{"name":"get_token_backup_2","time":{"start":1763690026224,"stop":1763690026539,"duration":315},"status":"passed","steps":[{"name":"Assert status code: 200 == Response status code: 200","time":{"start":1763690026539,"stop":1763690026539,"duration":0},"status":"passed","steps":[],"attachments":[],"parameters":[],"stepsCount":0,"shouldDisplayMessage":false,"attachmentsCount":0,"hasContent":false,"attachmentStep":false}],"attachments":[],"parameters":[],"stepsCount":1,"shouldDisplayMessage":false,"attachmentsCount":0,"hasContent":true,"attachmentStep":false}],"testStage":{"status":"failed","statusMessage":"AssertionError: Result is not equal expected value","statusTrace":"self = <tests_api.test_bd.TestBackup object at 0x7f4a8c3f29f0>\nget_token_backup_1 = ('32fc2d79-97f7-4cfc-a048-8137b9a2eff6', {'email': 'testbackup1@gmail.com', 'password': 'ZuOhK0WqZ3CJ8RPaf4dj'}, '066dc8a6-240f-701b-8000-a17ea063eafa')\nget_token_backup_2 = ('47752c72-1004-4834-a840-a0d16c7a15b4', {'email': 'testbackup2@gmail.com', 'password': 'gwqldBUEoNGUiBrKFeVv'}, '066dc8d1-2d0a-753b-8000-ba69b49e1e8c')\n\n    @allure.title('test order db create backup non-belonging db')\n    def test_order_db_create_backup_non_belonging_db(self, get_token_backup_1, get_token_backup_2):\n        token, body, uuid = get_token_backup_1\n        token_2, body_2, uuid_2 = get_token_backup_2\n        response = API.post_db_backup_create(token=token, db_uuid=uuid_2)\n        Checking.check_status_code(response, 400)\n>       Checking.check_json_value(\n            response, 'content', \"db either not exist, not in good shape or not belong to the user\")\n\ntests_api/test_bd.py:478: \n_ _ _ _ _ _ _ _ _ _ _ _ _ _ _ _ _ _ _ _ _ _ _ _ _ _ _ _ _ _ _ _ _ _ _ _ _ _ _ _ \n\nresponse = <Response [400]>, field_name = 'content'\nexpected_value = 'db either not exist, not in good shape or not belong to the user'\n\n    @staticmethod\n    def check_json_value(response: requests.models.Response, field_name: str, expected_value):\n        \"\"\"\n        :param response: requests.models.Response\n        :param field_name:\n        :param expected_value:\n        \"\"\"\n        check = response.json()\n        check_info = check.get(field_name)\n        with allure.step(\n                f'Compare result request with expected value:'\n                f'\\nResponse: {response}\\nField name: {field_name}\\nValue: {expected_value}'):\n>           assert check_info == expected_value, 'Result is not equal expected value'\nE           AssertionError: Result is not equal expected value\n\ntests_api/utils/checking.py:57: AssertionError","steps":[{"name":"Endpoint: /db_backup_create","time":{"start":1763690026849,"stop":1763690026849,"duration":0},"status":"passed","steps":[],"attachments":[],"parameters":[],"stepsCount":0,"shouldDisplayMessage":false,"attachmentsCount":0,"hasContent":false,"attachmentStep":false},{"name":"Request:","time":{"start":1763690026849,"stop":1763690026850,"duration":1},"status":"passed","steps":[{"name":"Headers: {'Content-Type': 'application/json', 'Authorization': {'32fc2d79-97f7-4cfc-a048-8137b9a2eff6'}}","time":{"start":1763690026850,"stop":1763690026850,"duration":0},"status":"passed","steps":[],"attachments":[],"parameters":[],"stepsCount":0,"shouldDisplayMessage":false,"attachmentsCount":0,"hasContent":false,"attachmentStep":false}],"attachments":[],"parameters":[],"stepsCount":1,"shouldDisplayMessage":false,"attachmentsCount":0,"hasContent":true,"attachmentStep":false},{"name":"Response:","time":{"start":1763690026850,"stop":1763690026850,"duration":0},"status":"passed","steps":[{"name":"Status code: 400","time":{"start":1763690026850,"stop":1763690026850,"duration":0},"status":"passed","steps":[],"attachments":[],"parameters":[],"stepsCount":0,"shouldDisplayMessage":false,"attachmentsCount":0,"hasContent":false,"attachmentStep":false},{"name":"JSON: {\n    \"content\": \"db either not exist, not in good shape, or does not belong to the user\"\n}\n","time":{"start":1763690026850,"stop":1763690026850,"duration":0},"status":"passed","steps":[],"attachments":[],"parameters":[],"stepsCount":0,"shouldDisplayMessage":false,"attachmentsCount":0,"hasContent":false,"attachmentStep":false}],"attachments":[],"parameters":[],"stepsCount":2,"shouldDisplayMessage":false,"attachmentsCount":0,"hasContent":true,"attachmentStep":false},{"name":"Assert status code: 400 == Response status code: 400","time":{"start":1763690026850,"stop":1763690026850,"duration":0},"status":"passed","steps":[],"attachments":[],"parameters":[],"stepsCount":0,"shouldDisplayMessage":false,"attachmentsCount":0,"hasContent":false,"attachmentStep":false},{"name":"Compare result request with expected value:\nResponse: <Response [400]>\nField name: content\nValue: db either not exist, not in good shape or not belong to the user","time":{"start":1763690026850,"stop":1763690026850,"duration":0},"status":"failed","statusMessage":"AssertionError: Result is not equal expected value\n","statusTrace":"  File \"/home/runner/work/Oblache/Oblache/tests_api/utils/checking.py\", line 57, in check_json_value\n    assert check_info == expected_value, 'Result is not equal expected value'\n           ^^^^^^^^^^^^^^^^^^^^^^^^^^^^\n","steps":[],"attachments":[],"parameters":[],"stepsCount":0,"shouldDisplayMessage":true,"attachmentsCount":0,"hasContent":true,"attachmentStep":false}],"attachments":[],"parameters":[],"stepsCount":8,"shouldDisplayMessage":true,"attachmentsCount":0,"hasContent":true,"attachmentStep":false},"afterStages":[],"labels":[{"name":"suite","value":"Test Backup"},{"name":"parentSuite","value":"tests_api"},{"name":"subSuite","value":"TestBackup"},{"name":"host","value":"runnervmg1sw1"},{"name":"thread","value":"2630-MainThread"},{"name":"framework","value":"pytest"},{"name":"language","value":"cpython3"},{"name":"package","value":"tests_api.test_bd"},{"name":"resultFormat","value":"allure2"}],"parameters":[],"links":[],"hidden":false,"retry":false,"extra":{"severity":"normal","retries":[],"categories":[{"name":"Product defects","matchedStatuses":[],"flaky":false}],"history":{"statistic":{"failed":18,"broken":0,"skipped":0,"passed":0,"unknown":0,"total":18},"items":[{"uid":"a2b176c20f4b6827","reportUrl":"https://lambotik.github.io/Oblache/569/#testresult/a2b176c20f4b6827","status":"failed","statusDetails":"AssertionError: Result is not equal expected value","time":{"start":1763603512371,"stop":1763603512686,"duration":315}},{"uid":"b0216231982b67d7","reportUrl":"https://lambotik.github.io/Oblache/568/#testresult/b0216231982b67d7","status":"failed","statusDetails":"AssertionError: Result is not equal expected value","time":{"start":1763517221022,"stop":1763517221331,"duration":309}},{"uid":"8f97ccdea30c1229","reportUrl":"https://lambotik.github.io/Oblache/567/#testresult/8f97ccdea30c1229","status":"failed","statusDetails":"AssertionError: Result is not equal expected value","time":{"start":1763430847365,"stop":1763430847868,"duration":503}},{"uid":"a3b870e7893d1871","reportUrl":"https://lambotik.github.io/Oblache/566/#testresult/a3b870e7893d1871","status":"failed","statusDetails":"AssertionError: Result is not equal expected value","time":{"start":1763344534648,"stop":1763344535118,"duration":470}},{"uid":"151c91fcf6c7397f","reportUrl":"https://lambotik.github.io/Oblache/565/#testresult/151c91fcf6c7397f","status":"failed","statusDetails":"AssertionError: Result is not equal expected value","time":{"start":1763258409530,"stop":1763258410031,"duration":501}},{"uid":"1d28621912a31246","reportUrl":"https://lambotik.github.io/Oblache/564/#testresult/1d28621912a31246","status":"failed","statusDetails":"AssertionError: Result is not equal expected value","time":{"start":1763171418676,"stop":1763171418988,"duration":312}},{"uid":"e7e78732842c263a","reportUrl":"https://lambotik.github.io/Oblache/563/#testresult/e7e78732842c263a","status":"failed","statusDetails":"AssertionError: Result is not equal expected value","time":{"start":1763085287725,"stop":1763085288157,"duration":432}},{"uid":"dc5421cb66868162","reportUrl":"https://lambotik.github.io/Oblache/562/#testresult/dc5421cb66868162","status":"failed","statusDetails":"AssertionError: Result is not equal expected value","time":{"start":1762998939732,"stop":1762998940114,"duration":382}},{"uid":"8ae58c4478b41e17","reportUrl":"https://lambotik.github.io/Oblache/561/#testresult/8ae58c4478b41e17","status":"failed","statusDetails":"AssertionError: Result is not equal expected value","time":{"start":1762912431713,"stop":1762912432014,"duration":301}},{"uid":"eec7154ede6b9ae1","reportUrl":"https://lambotik.github.io/Oblache/560/#testresult/eec7154ede6b9ae1","status":"failed","statusDetails":"AssertionError: Result is not equal expected value","time":{"start":1762826088288,"stop":1762826088651,"duration":363}},{"uid":"5342cad6267f4c4a","reportUrl":"https://lambotik.github.io/Oblache/559/#testresult/5342cad6267f4c4a","status":"failed","statusDetails":"AssertionError: Result is not equal expected value","time":{"start":1762739903896,"stop":1762739904392,"duration":496}},{"uid":"91a123d0381f5be5","reportUrl":"https://lambotik.github.io/Oblache/558/#testresult/91a123d0381f5be5","status":"failed","statusDetails":"AssertionError: Incorrect status code: 502","time":{"start":1762653407722,"stop":1762653407722,"duration":0}},{"uid":"bd2201e65f4fd61f","reportUrl":"https://lambotik.github.io/Oblache/557/#testresult/bd2201e65f4fd61f","status":"failed","statusDetails":"AssertionError: Result is not equal expected value","time":{"start":1762566421294,"stop":1762566421709,"duration":415}},{"uid":"afc760acd2287f9a","reportUrl":"https://lambotik.github.io/Oblache/556/#testresult/afc760acd2287f9a","status":"failed","statusDetails":"AssertionError: Result is not equal expected value","time":{"start":1762480387854,"stop":1762480388348,"duration":494}},{"uid":"6b49dd383cc6c8a7","reportUrl":"https://lambotik.github.io/Oblache/555/#testresult/6b49dd383cc6c8a7","status":"failed","statusDetails":"AssertionError: Result is not equal expected value","time":{"start":1762394052029,"stop":1762394052390,"duration":361}},{"uid":"37703fba3b9875e2","reportUrl":"https://lambotik.github.io/Oblache/25/#testresult/37703fba3b9875e2","status":"failed","statusDetails":"AssertionError: Result is not equal expected value","time":{"start":1762342851391,"stop":1762342851864,"duration":473}},{"uid":"e8977b59679ba7f2","reportUrl":"https://lambotik.github.io/Oblache/24/#testresult/e8977b59679ba7f2","status":"failed","statusDetails":"AssertionError: Result is not equal expected value","time":{"start":1762342484716,"stop":1762342485023,"duration":307}}]},"tags":[]},"source":"5dae97dd6f938dc9.json","parameterValues":[]}