{
  "uid" : "1cdfd197cfa38a15",
  "name" : "test_delete_database",
  "fullName" : "tests_ui.test_ui.TestProfilePage#test_delete_database",
  "historyId" : "79ccd4aa4a29c03ae3f72e89c73351ae",
  "time" : {
    "start" : 1756432121604,
    "stop" : 1756432129443,
    "duration" : 7839
  },
  "status" : "broken",
  "statusMessage" : "selenium.common.exceptions.TimeoutException: Message: Can't find elements by locator ('xpath', '//tbody[@id=\"tbody_dbs\"]/tr')",
  "statusTrace" : "self = <tests_ui.test_ui.TestProfilePage object at 0x7fd01c2082c0>\ndriver = <selenium.webdriver.chrome.webdriver.WebDriver (session=\"ba36823851da1dd0e609903cc35dd42f\")>\nauthorization_user = None\n\n    @allure.title('test_delete_database')\n    def test_delete_database(self, driver, authorization_user):\n        page = ProfilePage(driver, authorization_user)\n        page.click_button_status()\n        amount_databases = page.get_status_data()['db qty used']\n>       msg = page.delete_database()\n\ntests_ui/test_ui.py:90: \n_ _ _ _ _ _ _ _ _ _ _ _ _ _ _ _ _ _ _ _ _ _ _ _ _ _ _ _ _ _ _ _ _ _ _ _ _ _ _ _ \ntests_ui/profile_page.py:80: in delete_database\n    list_databases = self.elements_are_present(self.locators.LIST_DATABASES)\ntests_ui/base_page.py:50: in elements_are_present\n    return Wait(self.driver, self.timeout).until(\n_ _ _ _ _ _ _ _ _ _ _ _ _ _ _ _ _ _ _ _ _ _ _ _ _ _ _ _ _ _ _ _ _ _ _ _ _ _ _ _ \n\nself = <selenium.webdriver.support.wait.WebDriverWait (session=\"ba36823851da1dd0e609903cc35dd42f\")>\nmethod = <function presence_of_all_elements_located.<locals>._predicate at 0x7fd01c28a520>\nmessage = 'Can\\'t find elements by locator (\\'xpath\\', \\'//tbody[@id=\"tbody_dbs\"]/tr\\')'\n\n    def until(self, method: Callable[[D], Union[Literal[False], T]], message: str = \"\") -> T:\n        \"\"\"Calls the method provided with the driver as an argument until the \\\n        return value does not evaluate to ``False``.\n    \n        :param method: callable(WebDriver)\n        :param message: optional message for :exc:`TimeoutException`\n        :returns: the result of the last call to `method`\n        :raises: :exc:`selenium.common.exceptions.TimeoutException` if timeout occurs\n        \"\"\"\n        screen = None\n        stacktrace = None\n    \n        end_time = time.monotonic() + self._timeout\n        while True:\n            try:\n                value = method(self._driver)\n                if value:\n                    return value\n            except self._ignored_exceptions as exc:\n                screen = getattr(exc, \"screen\", None)\n                stacktrace = getattr(exc, \"stacktrace\", None)\n            time.sleep(self._poll)\n            if time.monotonic() > end_time:\n                break\n>       raise TimeoutException(message, screen, stacktrace)\nE       selenium.common.exceptions.TimeoutException: Message: Can't find elements by locator ('xpath', '//tbody[@id=\"tbody_dbs\"]/tr')\n\n/opt/hostedtoolcache/Python/3.12.11/x64/lib/python3.12/site-packages/selenium/webdriver/support/wait.py:105: TimeoutException",
  "flaky" : false,
  "newFailed" : false,
  "beforeStages" : [ {
    "name" : "driver",
    "time" : {
      "start" : 1756432120794,
      "stop" : 1756432121054,
      "duration" : 260
    },
    "status" : "passed",
    "steps" : [ ],
    "attachments" : [ ],
    "parameters" : [ ],
    "stepsCount" : 0,
    "attachmentsCount" : 0,
    "shouldDisplayMessage" : false,
    "hasContent" : false
  }, {
    "name" : "authorization_user",
    "time" : {
      "start" : 1756432121054,
      "stop" : 1756432121604,
      "duration" : 550
    },
    "status" : "passed",
    "steps" : [ {
      "name" : "Open page: https://oblache.areso.pro/register.html",
      "time" : {
        "start" : 1756432121054,
        "stop" : 1756432121411,
        "duration" : 357
      },
      "status" : "passed",
      "steps" : [ ],
      "attachments" : [ ],
      "parameters" : [ ],
      "stepsCount" : 0,
      "attachmentsCount" : 0,
      "shouldDisplayMessage" : false,
      "hasContent" : false
    }, {
      "name" : "Login user",
      "time" : {
        "start" : 1756432121411,
        "stop" : 1756432121604,
        "duration" : 193
      },
      "status" : "passed",
      "steps" : [ {
        "name" : "Enter email.",
        "time" : {
          "start" : 1756432121411,
          "stop" : 1756432121471,
          "duration" : 60
        },
        "status" : "passed",
        "steps" : [ ],
        "attachments" : [ ],
        "parameters" : [ ],
        "stepsCount" : 0,
        "attachmentsCount" : 0,
        "shouldDisplayMessage" : false,
        "hasContent" : false
      }, {
        "name" : "Enter password.",
        "time" : {
          "start" : 1756432121471,
          "stop" : 1756432121514,
          "duration" : 43
        },
        "status" : "passed",
        "steps" : [ ],
        "attachments" : [ ],
        "parameters" : [ ],
        "stepsCount" : 0,
        "attachmentsCount" : 0,
        "shouldDisplayMessage" : false,
        "hasContent" : false
      }, {
        "name" : "Click button \"Login\"",
        "time" : {
          "start" : 1756432121514,
          "stop" : 1756432121601,
          "duration" : 87
        },
        "status" : "passed",
        "steps" : [ ],
        "attachments" : [ ],
        "parameters" : [ ],
        "stepsCount" : 0,
        "attachmentsCount" : 0,
        "shouldDisplayMessage" : false,
        "hasContent" : false
      }, {
        "name" : "Check url is present: https://oblache.areso.pro/register.html",
        "time" : {
          "start" : 1756432121601,
          "stop" : 1756432121603,
          "duration" : 2
        },
        "status" : "passed",
        "steps" : [ ],
        "attachments" : [ ],
        "parameters" : [ ],
        "stepsCount" : 0,
        "attachmentsCount" : 0,
        "shouldDisplayMessage" : false,
        "hasContent" : false
      } ],
      "attachments" : [ ],
      "parameters" : [ ],
      "stepsCount" : 4,
      "attachmentsCount" : 0,
      "shouldDisplayMessage" : false,
      "hasContent" : true
    } ],
    "attachments" : [ ],
    "parameters" : [ ],
    "stepsCount" : 6,
    "attachmentsCount" : 0,
    "shouldDisplayMessage" : false,
    "hasContent" : true
  } ],
  "testStage" : {
    "status" : "broken",
    "statusMessage" : "selenium.common.exceptions.TimeoutException: Message: Can't find elements by locator ('xpath', '//tbody[@id=\"tbody_dbs\"]/tr')",
    "statusTrace" : "self = <tests_ui.test_ui.TestProfilePage object at 0x7fd01c2082c0>\ndriver = <selenium.webdriver.chrome.webdriver.WebDriver (session=\"ba36823851da1dd0e609903cc35dd42f\")>\nauthorization_user = None\n\n    @allure.title('test_delete_database')\n    def test_delete_database(self, driver, authorization_user):\n        page = ProfilePage(driver, authorization_user)\n        page.click_button_status()\n        amount_databases = page.get_status_data()['db qty used']\n>       msg = page.delete_database()\n\ntests_ui/test_ui.py:90: \n_ _ _ _ _ _ _ _ _ _ _ _ _ _ _ _ _ _ _ _ _ _ _ _ _ _ _ _ _ _ _ _ _ _ _ _ _ _ _ _ \ntests_ui/profile_page.py:80: in delete_database\n    list_databases = self.elements_are_present(self.locators.LIST_DATABASES)\ntests_ui/base_page.py:50: in elements_are_present\n    return Wait(self.driver, self.timeout).until(\n_ _ _ _ _ _ _ _ _ _ _ _ _ _ _ _ _ _ _ _ _ _ _ _ _ _ _ _ _ _ _ _ _ _ _ _ _ _ _ _ \n\nself = <selenium.webdriver.support.wait.WebDriverWait (session=\"ba36823851da1dd0e609903cc35dd42f\")>\nmethod = <function presence_of_all_elements_located.<locals>._predicate at 0x7fd01c28a520>\nmessage = 'Can\\'t find elements by locator (\\'xpath\\', \\'//tbody[@id=\"tbody_dbs\"]/tr\\')'\n\n    def until(self, method: Callable[[D], Union[Literal[False], T]], message: str = \"\") -> T:\n        \"\"\"Calls the method provided with the driver as an argument until the \\\n        return value does not evaluate to ``False``.\n    \n        :param method: callable(WebDriver)\n        :param message: optional message for :exc:`TimeoutException`\n        :returns: the result of the last call to `method`\n        :raises: :exc:`selenium.common.exceptions.TimeoutException` if timeout occurs\n        \"\"\"\n        screen = None\n        stacktrace = None\n    \n        end_time = time.monotonic() + self._timeout\n        while True:\n            try:\n                value = method(self._driver)\n                if value:\n                    return value\n            except self._ignored_exceptions as exc:\n                screen = getattr(exc, \"screen\", None)\n                stacktrace = getattr(exc, \"stacktrace\", None)\n            time.sleep(self._poll)\n            if time.monotonic() > end_time:\n                break\n>       raise TimeoutException(message, screen, stacktrace)\nE       selenium.common.exceptions.TimeoutException: Message: Can't find elements by locator ('xpath', '//tbody[@id=\"tbody_dbs\"]/tr')\n\n/opt/hostedtoolcache/Python/3.12.11/x64/lib/python3.12/site-packages/selenium/webdriver/support/wait.py:105: TimeoutException",
    "steps" : [ {
      "name" : "Click button Status.",
      "time" : {
        "start" : 1756432122604,
        "stop" : 1756432122677,
        "duration" : 73
      },
      "status" : "passed",
      "steps" : [ ],
      "attachments" : [ ],
      "parameters" : [ ],
      "stepsCount" : 0,
      "attachmentsCount" : 0,
      "shouldDisplayMessage" : false,
      "hasContent" : false
    }, {
      "name" : "Get status data.",
      "time" : {
        "start" : 1756432123179,
        "stop" : 1756432123179,
        "duration" : 0
      },
      "status" : "passed",
      "steps" : [ {
        "name" : "Status data is: {'Email:': 'nodata', 'is blocked?': 'nodata', 'is db creation allowed?': 'nodata', 'disk db quota, mb': 'nodata', 'disk db used, mb': 'nodata', 'db qty quota': 'nodata', 'db qty used': 'nodata', 'site qty quota': 'nodata', 'site qty used': '0', 'site disk quota': '300', 'site disk usage': '0', 'is site deploy allowed?': '1', 'container qty quota': '1', 'container qty used': '1147', 'is container creation allowed': '0'}",
        "time" : {
          "start" : 1756432123179,
          "stop" : 1756432123179,
          "duration" : 0
        },
        "status" : "passed",
        "steps" : [ ],
        "attachments" : [ ],
        "parameters" : [ ],
        "stepsCount" : 0,
        "attachmentsCount" : 0,
        "shouldDisplayMessage" : false,
        "hasContent" : false
      } ],
      "attachments" : [ ],
      "parameters" : [ ],
      "stepsCount" : 1,
      "attachmentsCount" : 0,
      "shouldDisplayMessage" : false,
      "hasContent" : true
    }, {
      "name" : "Click \"Databases\" button.",
      "time" : {
        "start" : 1756432123179,
        "stop" : 1756432123247,
        "duration" : 68
      },
      "status" : "passed",
      "steps" : [ ],
      "attachments" : [ ],
      "parameters" : [ ],
      "stepsCount" : 0,
      "attachmentsCount" : 0,
      "shouldDisplayMessage" : false,
      "hasContent" : false
    }, {
      "name" : "Click \"Create new DB\" button.",
      "time" : {
        "start" : 1756432123247,
        "stop" : 1756432123319,
        "duration" : 72
      },
      "status" : "passed",
      "steps" : [ ],
      "attachments" : [ ],
      "parameters" : [ ],
      "stepsCount" : 0,
      "attachmentsCount" : 0,
      "shouldDisplayMessage" : false,
      "hasContent" : false
    }, {
      "name" : "Click \"Databases\" button.",
      "time" : {
        "start" : 1756432123319,
        "stop" : 1756432123382,
        "duration" : 63
      },
      "status" : "passed",
      "steps" : [ ],
      "attachments" : [ ],
      "parameters" : [ ],
      "stepsCount" : 0,
      "attachmentsCount" : 0,
      "shouldDisplayMessage" : false,
      "hasContent" : false
    } ],
    "attachments" : [ {
      "uid" : "eae96b3e646b57ea",
      "name" : "Screenshot 2025-08-29 01:48:49.511831",
      "source" : "eae96b3e646b57ea.png",
      "type" : "image/png",
      "size" : 29380
    } ],
    "parameters" : [ ],
    "stepsCount" : 6,
    "attachmentsCount" : 1,
    "shouldDisplayMessage" : true,
    "hasContent" : true
  },
  "afterStages" : [ {
    "name" : "driver::0",
    "time" : {
      "start" : 1756432129513,
      "stop" : 1756432129575,
      "duration" : 62
    },
    "status" : "passed",
    "steps" : [ ],
    "attachments" : [ ],
    "parameters" : [ ],
    "stepsCount" : 0,
    "attachmentsCount" : 0,
    "shouldDisplayMessage" : false,
    "hasContent" : false
  } ],
  "labels" : [ {
    "name" : "suite",
    "value" : "Test Profile Page."
  }, {
    "name" : "parentSuite",
    "value" : "tests_ui"
  }, {
    "name" : "subSuite",
    "value" : "TestProfilePage"
  }, {
    "name" : "host",
    "value" : "pkrvmccyg1gnepe"
  }, {
    "name" : "thread",
    "value" : "2551-MainThread"
  }, {
    "name" : "framework",
    "value" : "pytest"
  }, {
    "name" : "language",
    "value" : "cpython3"
  }, {
    "name" : "package",
    "value" : "tests_ui.test_ui"
  }, {
    "name" : "resultFormat",
    "value" : "allure2"
  } ],
  "parameters" : [ ],
  "links" : [ ],
  "hidden" : false,
  "retry" : false,
  "extra" : {
    "severity" : "normal",
    "retries" : [ ],
    "categories" : [ {
      "name" : "Test defects",
      "matchedStatuses" : [ ],
      "flaky" : false
    } ],
    "history" : {
      "statistic" : {
        "failed" : 217,
        "broken" : 48,
        "skipped" : 0,
        "passed" : 0,
        "unknown" : 0,
        "total" : 265
      },
      "items" : [ {
        "uid" : "3b3542c90447542d",
        "reportUrl" : "https://lambotik.github.io/Oblache/485//#testresult/3b3542c90447542d",
        "status" : "broken",
        "statusDetails" : "selenium.common.exceptions.TimeoutException: Message: Can't find elements by locator ('xpath', '//tbody[@id=\"tbody_dbs\"]/tr')",
        "time" : {
          "start" : 1756345728783,
          "stop" : 1756345736612,
          "duration" : 7829
        }
      }, {
        "uid" : "6a4d03b21ea97c6",
        "reportUrl" : "https://lambotik.github.io/Oblache/484//#testresult/6a4d03b21ea97c6",
        "status" : "broken",
        "statusDetails" : "selenium.common.exceptions.TimeoutException: Message: Can't find elements by locator ('xpath', '//tbody[@id=\"tbody_dbs\"]/tr')",
        "time" : {
          "start" : 1756259372439,
          "stop" : 1756259380289,
          "duration" : 7850
        }
      }, {
        "uid" : "849b79a1ed6b9af0",
        "reportUrl" : "https://lambotik.github.io/Oblache/483//#testresult/849b79a1ed6b9af0",
        "status" : "broken",
        "statusDetails" : "selenium.common.exceptions.TimeoutException: Message: Can't find elements by locator ('xpath', '//tbody[@id=\"tbody_dbs\"]/tr')",
        "time" : {
          "start" : 1756173201051,
          "stop" : 1756173209142,
          "duration" : 8091
        }
      }, {
        "uid" : "a2bfe7c2bd4e1cd8",
        "reportUrl" : "https://lambotik.github.io/Oblache/482//#testresult/a2bfe7c2bd4e1cd8",
        "status" : "broken",
        "statusDetails" : "selenium.common.exceptions.TimeoutException: Message: Can't find elements by locator ('xpath', '//tbody[@id=\"tbody_dbs\"]/tr')",
        "time" : {
          "start" : 1756087019152,
          "stop" : 1756087027013,
          "duration" : 7861
        }
      }, {
        "uid" : "cbec52b451644df8",
        "reportUrl" : "https://lambotik.github.io/Oblache/481//#testresult/cbec52b451644df8",
        "status" : "broken",
        "statusDetails" : "selenium.common.exceptions.TimeoutException: Message: Can't find elements by locator ('xpath', '//tbody[@id=\"tbody_dbs\"]/tr')",
        "time" : {
          "start" : 1756000987591,
          "stop" : 1756000995709,
          "duration" : 8118
        }
      }, {
        "uid" : "ae523e5a10f08b88",
        "reportUrl" : "https://lambotik.github.io/Oblache/480//#testresult/ae523e5a10f08b88",
        "status" : "broken",
        "statusDetails" : "selenium.common.exceptions.TimeoutException: Message: Can't find elements by locator ('xpath', '//tbody[@id=\"tbody_dbs\"]/tr')",
        "time" : {
          "start" : 1755913681371,
          "stop" : 1755913689197,
          "duration" : 7826
        }
      }, {
        "uid" : "c975117ca622a0ff",
        "reportUrl" : "https://lambotik.github.io/Oblache/479//#testresult/c975117ca622a0ff",
        "status" : "broken",
        "statusDetails" : "selenium.common.exceptions.TimeoutException: Message: Can't find elements by locator ('xpath', '//tbody[@id=\"tbody_dbs\"]/tr')",
        "time" : {
          "start" : 1755827533744,
          "stop" : 1755827541554,
          "duration" : 7810
        }
      }, {
        "uid" : "809f19dba3b44752",
        "reportUrl" : "https://lambotik.github.io/Oblache/478//#testresult/809f19dba3b44752",
        "status" : "broken",
        "statusDetails" : "selenium.common.exceptions.TimeoutException: Message: Can't find element by locator ('xpath', '//button[@id=\"menu_button_status\"]')\nStacktrace:\n#0 0x563e9026a01a <unknown>\n#1 0x563e8fd09a70 <unknown>\n#2 0x563e8fd5b907 <unknown>\n#3 0x563e8fd5bb01 <unknown>\n#4 0x563e8fda9d54 <unknown>\n#5 0x563e8fd8140d <unknown>\n#6 0x563e8fda714f <unknown>\n#7 0x563e8fd811b3 <unknown>\n#8 0x563e8fd4d59b <unknown>\n#9 0x563e8fd4e971 <unknown>\n#10 0x563e9022f1eb <unknown>\n#11 0x563e90232f39 <unknown>\n#12 0x563e902162c9 <unknown>\n#13 0x563e90233ae8 <unknown>\n#14 0x563e901fabaf <unknown>\n#15 0x563e902570a8 <unknown>\n#16 0x563e90257286 <unknown>\n#17 0x563e90268ff6 <unknown>\n#18 0x7f0d6ee9caa4 <unknown>\n#19 0x7f0d6ef29c3c <unknown>",
        "time" : {
          "start" : 1755741076621,
          "stop" : 1755741082752,
          "duration" : 6131
        }
      }, {
        "uid" : "a6afd61e82cba6a7",
        "reportUrl" : "https://lambotik.github.io/Oblache/477//#testresult/a6afd61e82cba6a7",
        "status" : "broken",
        "statusDetails" : "selenium.common.exceptions.TimeoutException: Message: Can't find elements by locator ('xpath', '//tbody[@id=\"tbody_dbs\"]/tr')",
        "time" : {
          "start" : 1755654758070,
          "stop" : 1755654765909,
          "duration" : 7839
        }
      }, {
        "uid" : "e653ba0d9919961",
        "reportUrl" : "https://lambotik.github.io/Oblache/476//#testresult/e653ba0d9919961",
        "status" : "broken",
        "statusDetails" : "selenium.common.exceptions.TimeoutException: Message: Can't find elements by locator ('xpath', '//tbody[@id=\"tbody_dbs\"]/tr')",
        "time" : {
          "start" : 1755568476512,
          "stop" : 1755568484338,
          "duration" : 7826
        }
      }, {
        "uid" : "c10594b91f190b15",
        "reportUrl" : "https://lambotik.github.io/Oblache/475//#testresult/c10594b91f190b15",
        "status" : "broken",
        "statusDetails" : "selenium.common.exceptions.TimeoutException: Message: Can't find elements by locator ('xpath', '//tbody[@id=\"tbody_dbs\"]/tr')",
        "time" : {
          "start" : 1755482840400,
          "stop" : 1755482848244,
          "duration" : 7844
        }
      }, {
        "uid" : "a93bfac50b70d81",
        "reportUrl" : "https://lambotik.github.io/Oblache/474//#testresult/a93bfac50b70d81",
        "status" : "failed",
        "statusDetails" : "AssertionError: Wrong answer from server or need manual deleting!!!",
        "time" : {
          "start" : 1755396517070,
          "stop" : 1755396521002,
          "duration" : 3932
        }
      }, {
        "uid" : "44d67fda995e6d31",
        "reportUrl" : "https://lambotik.github.io/Oblache/473//#testresult/44d67fda995e6d31",
        "status" : "failed",
        "statusDetails" : "AssertionError: Wrong answer from server or need manual deleting!!!",
        "time" : {
          "start" : 1755309449942,
          "stop" : 1755309453714,
          "duration" : 3772
        }
      }, {
        "uid" : "50995824e9b0389f",
        "reportUrl" : "https://lambotik.github.io/Oblache/472//#testresult/50995824e9b0389f",
        "status" : "broken",
        "statusDetails" : "selenium.common.exceptions.TimeoutException: Message: Can't find element by locator ('xpath', '//button[@id=\"menu_button_status\"]')\nStacktrace:\n#0 0x55f8fff0a05a <unknown>\n#1 0x55f8ff9a9a70 <unknown>\n#2 0x55f8ff9fb907 <unknown>\n#3 0x55f8ff9fbb01 <unknown>\n#4 0x55f8ffa49d54 <unknown>\n#5 0x55f8ffa2140d <unknown>\n#6 0x55f8ffa4714f <unknown>\n#7 0x55f8ffa211b3 <unknown>\n#8 0x55f8ff9ed59b <unknown>\n#9 0x55f8ff9ee971 <unknown>\n#10 0x55f8ffecf22b <unknown>\n#11 0x55f8ffed2f79 <unknown>\n#12 0x55f8ffeb6309 <unknown>\n#13 0x55f8ffed3b28 <unknown>\n#14 0x55f8ffe9abef <unknown>\n#15 0x55f8ffef70e8 <unknown>\n#16 0x55f8ffef72c6 <unknown>\n#17 0x55f8fff09036 <unknown>\n#18 0x7fd3c4c9caa4 <unknown>\n#19 0x7fd3c4d29c3c <unknown>",
        "time" : {
          "start" : 1755223247300,
          "stop" : 1755223253431,
          "duration" : 6131
        }
      }, {
        "uid" : "7d1e040dfe08be36",
        "reportUrl" : "https://lambotik.github.io/Oblache/471//#testresult/7d1e040dfe08be36",
        "status" : "failed",
        "statusDetails" : "AssertionError: Wrong answer from server or need manual deleting!!!",
        "time" : {
          "start" : 1755136954329,
          "stop" : 1755136957816,
          "duration" : 3487
        }
      }, {
        "uid" : "11974b5ec5c0f7d",
        "reportUrl" : "https://lambotik.github.io/Oblache/470//#testresult/11974b5ec5c0f7d",
        "status" : "failed",
        "statusDetails" : "AssertionError: Wrong answer from server or need manual deleting!!!",
        "time" : {
          "start" : 1755050491984,
          "stop" : 1755050495417,
          "duration" : 3433
        }
      }, {
        "uid" : "1e64eef6aad2915f",
        "reportUrl" : "https://lambotik.github.io/Oblache/469//#testresult/1e64eef6aad2915f",
        "status" : "failed",
        "statusDetails" : "AssertionError: Wrong answer from server or need manual deleting!!!",
        "time" : {
          "start" : 1754963966098,
          "stop" : 1754963969537,
          "duration" : 3439
        }
      }, {
        "uid" : "aee519dc4384c009",
        "reportUrl" : "https://lambotik.github.io/Oblache/468//#testresult/aee519dc4384c009",
        "status" : "failed",
        "statusDetails" : "AssertionError: Wrong answer from server or need manual deleting!!!",
        "time" : {
          "start" : 1754878304320,
          "stop" : 1754878308009,
          "duration" : 3689
        }
      }, {
        "uid" : "332d445de6f7b7bd",
        "reportUrl" : "https://lambotik.github.io/Oblache/467//#testresult/332d445de6f7b7bd",
        "status" : "broken",
        "statusDetails" : "selenium.common.exceptions.TimeoutException: Message: Can't find element by locator ('xpath', '//button[@id=\"menu_button_status\"]')\nStacktrace:\n#0 0x5583a9dc22ca <unknown>\n#1 0x5583a9869550 <unknown>\n#2 0x5583a98bb0f0 <unknown>\n#3 0x5583a98bb2e1 <unknown>\n#4 0x5583a99095e4 <unknown>\n#5 0x5583a98e0bed <unknown>\n#6 0x5583a99069e6 <unknown>\n#7 0x5583a98e0993 <unknown>\n#8 0x5583a98acd6b <unknown>\n#9 0x5583a98ae141 <unknown>\n#10 0x5583a9d872ab <unknown>\n#11 0x5583a9d8b0b9 <unknown>\n#12 0x5583a9d6e139 <unknown>\n#13 0x5583a9d8bc68 <unknown>\n#14 0x5583a9d5260f <unknown>\n#15 0x5583a9db01f8 <unknown>\n#16 0x5583a9db03d6 <unknown>\n#17 0x5583a9dc15e6 <unknown>\n#18 0x7f7995e9caa4 <unknown>\n#19 0x7f7995f29c3c <unknown>",
        "time" : {
          "start" : 1754792045137,
          "stop" : 1754792051272,
          "duration" : 6135
        }
      }, {
        "uid" : "1b5c284fbaa92aa5",
        "reportUrl" : "https://lambotik.github.io/Oblache/466//#testresult/1b5c284fbaa92aa5",
        "status" : "failed",
        "statusDetails" : "AssertionError: Wrong answer from server or need manual deleting!!!",
        "time" : {
          "start" : 1754704822361,
          "stop" : 1754704825793,
          "duration" : 3432
        }
      } ]
    },
    "tags" : [ ]
  },
  "source" : "1cdfd197cfa38a15.json",
  "parameterValues" : [ ]
}