{
  "uid" : "9e7b9e43aa3d94a9",
  "name" : "test_clipboard",
  "fullName" : "tests_ui.test_ui.TestProfilePage#test_clipboard_uuid_db",
  "historyId" : "b32cefb1d87a8aa3bb37280cb980702f",
  "time" : {
    "start" : 1756432130402,
    "stop" : 1756432136487,
    "duration" : 6085
  },
  "status" : "broken",
  "statusMessage" : "selenium.common.exceptions.TimeoutException: Message: Can't find elements by locator ('xpath', '//tbody[@id=\"tbody_dbs\"]//tr')",
  "statusTrace" : "self = <tests_ui.test_ui.TestProfilePage object at 0x7fd01c208410>\ndriver = <selenium.webdriver.chrome.webdriver.WebDriver (session=\"33be48ffc2b0e93d9b6b9d6da19aa64b\")>\nauthorization_user = None\n\n    @allure.title('test_clipboard')\n    def test_clipboard_uuid_db(self, driver, authorization_user):\n        page = ProfilePage(driver, authorization_user)\n        page.click_button_databases()\n>       page.check_clipboard(\n            table_xpath='//tbody[@id=\"tbody_dbs\"]',\n            token=TestProfilePage.token)\n\ntests_ui/test_ui.py:99: \n_ _ _ _ _ _ _ _ _ _ _ _ _ _ _ _ _ _ _ _ _ _ _ _ _ _ _ _ _ _ _ _ _ _ _ _ _ _ _ _ \ntests_ui/profile_page.py:97: in check_clipboard\n    databases_list = self.elements_are_present((By.XPATH, f'{table_xpath}//tr'))\ntests_ui/base_page.py:50: in elements_are_present\n    return Wait(self.driver, self.timeout).until(\n_ _ _ _ _ _ _ _ _ _ _ _ _ _ _ _ _ _ _ _ _ _ _ _ _ _ _ _ _ _ _ _ _ _ _ _ _ _ _ _ \n\nself = <selenium.webdriver.support.wait.WebDriverWait (session=\"33be48ffc2b0e93d9b6b9d6da19aa64b\")>\nmethod = <function presence_of_all_elements_located.<locals>._predicate at 0x7fd01c28b6a0>\nmessage = 'Can\\'t find elements by locator (\\'xpath\\', \\'//tbody[@id=\"tbody_dbs\"]//tr\\')'\n\n    def until(self, method: Callable[[D], Union[Literal[False], T]], message: str = \"\") -> T:\n        \"\"\"Calls the method provided with the driver as an argument until the \\\n        return value does not evaluate to ``False``.\n    \n        :param method: callable(WebDriver)\n        :param message: optional message for :exc:`TimeoutException`\n        :returns: the result of the last call to `method`\n        :raises: :exc:`selenium.common.exceptions.TimeoutException` if timeout occurs\n        \"\"\"\n        screen = None\n        stacktrace = None\n    \n        end_time = time.monotonic() + self._timeout\n        while True:\n            try:\n                value = method(self._driver)\n                if value:\n                    return value\n            except self._ignored_exceptions as exc:\n                screen = getattr(exc, \"screen\", None)\n                stacktrace = getattr(exc, \"stacktrace\", None)\n            time.sleep(self._poll)\n            if time.monotonic() > end_time:\n                break\n>       raise TimeoutException(message, screen, stacktrace)\nE       selenium.common.exceptions.TimeoutException: Message: Can't find elements by locator ('xpath', '//tbody[@id=\"tbody_dbs\"]//tr')\n\n/opt/hostedtoolcache/Python/3.12.11/x64/lib/python3.12/site-packages/selenium/webdriver/support/wait.py:105: TimeoutException",
  "flaky" : false,
  "newFailed" : false,
  "beforeStages" : [ {
    "name" : "driver",
    "time" : {
      "start" : 1756432129576,
      "stop" : 1756432129849,
      "duration" : 273
    },
    "status" : "passed",
    "steps" : [ ],
    "attachments" : [ ],
    "parameters" : [ ],
    "stepsCount" : 0,
    "attachmentsCount" : 0,
    "shouldDisplayMessage" : false,
    "hasContent" : false
  }, {
    "name" : "authorization_user",
    "time" : {
      "start" : 1756432129849,
      "stop" : 1756432130402,
      "duration" : 553
    },
    "status" : "passed",
    "steps" : [ {
      "name" : "Open page: https://oblache.areso.pro/register.html",
      "time" : {
        "start" : 1756432129849,
        "stop" : 1756432130209,
        "duration" : 360
      },
      "status" : "passed",
      "steps" : [ ],
      "attachments" : [ ],
      "parameters" : [ ],
      "stepsCount" : 0,
      "attachmentsCount" : 0,
      "shouldDisplayMessage" : false,
      "hasContent" : false
    }, {
      "name" : "Login user",
      "time" : {
        "start" : 1756432130209,
        "stop" : 1756432130402,
        "duration" : 193
      },
      "status" : "passed",
      "steps" : [ {
        "name" : "Enter email.",
        "time" : {
          "start" : 1756432130209,
          "stop" : 1756432130270,
          "duration" : 61
        },
        "status" : "passed",
        "steps" : [ ],
        "attachments" : [ ],
        "parameters" : [ ],
        "stepsCount" : 0,
        "attachmentsCount" : 0,
        "shouldDisplayMessage" : false,
        "hasContent" : false
      }, {
        "name" : "Enter password.",
        "time" : {
          "start" : 1756432130270,
          "stop" : 1756432130312,
          "duration" : 42
        },
        "status" : "passed",
        "steps" : [ ],
        "attachments" : [ ],
        "parameters" : [ ],
        "stepsCount" : 0,
        "attachmentsCount" : 0,
        "shouldDisplayMessage" : false,
        "hasContent" : false
      }, {
        "name" : "Click button \"Login\"",
        "time" : {
          "start" : 1756432130312,
          "stop" : 1756432130399,
          "duration" : 87
        },
        "status" : "passed",
        "steps" : [ ],
        "attachments" : [ ],
        "parameters" : [ ],
        "stepsCount" : 0,
        "attachmentsCount" : 0,
        "shouldDisplayMessage" : false,
        "hasContent" : false
      }, {
        "name" : "Check url is present: https://oblache.areso.pro/register.html",
        "time" : {
          "start" : 1756432130399,
          "stop" : 1756432130401,
          "duration" : 2
        },
        "status" : "passed",
        "steps" : [ ],
        "attachments" : [ ],
        "parameters" : [ ],
        "stepsCount" : 0,
        "attachmentsCount" : 0,
        "shouldDisplayMessage" : false,
        "hasContent" : false
      } ],
      "attachments" : [ ],
      "parameters" : [ ],
      "stepsCount" : 4,
      "attachmentsCount" : 0,
      "shouldDisplayMessage" : false,
      "hasContent" : true
    } ],
    "attachments" : [ ],
    "parameters" : [ ],
    "stepsCount" : 6,
    "attachmentsCount" : 0,
    "shouldDisplayMessage" : false,
    "hasContent" : true
  } ],
  "testStage" : {
    "status" : "broken",
    "statusMessage" : "selenium.common.exceptions.TimeoutException: Message: Can't find elements by locator ('xpath', '//tbody[@id=\"tbody_dbs\"]//tr')",
    "statusTrace" : "self = <tests_ui.test_ui.TestProfilePage object at 0x7fd01c208410>\ndriver = <selenium.webdriver.chrome.webdriver.WebDriver (session=\"33be48ffc2b0e93d9b6b9d6da19aa64b\")>\nauthorization_user = None\n\n    @allure.title('test_clipboard')\n    def test_clipboard_uuid_db(self, driver, authorization_user):\n        page = ProfilePage(driver, authorization_user)\n        page.click_button_databases()\n>       page.check_clipboard(\n            table_xpath='//tbody[@id=\"tbody_dbs\"]',\n            token=TestProfilePage.token)\n\ntests_ui/test_ui.py:99: \n_ _ _ _ _ _ _ _ _ _ _ _ _ _ _ _ _ _ _ _ _ _ _ _ _ _ _ _ _ _ _ _ _ _ _ _ _ _ _ _ \ntests_ui/profile_page.py:97: in check_clipboard\n    databases_list = self.elements_are_present((By.XPATH, f'{table_xpath}//tr'))\ntests_ui/base_page.py:50: in elements_are_present\n    return Wait(self.driver, self.timeout).until(\n_ _ _ _ _ _ _ _ _ _ _ _ _ _ _ _ _ _ _ _ _ _ _ _ _ _ _ _ _ _ _ _ _ _ _ _ _ _ _ _ \n\nself = <selenium.webdriver.support.wait.WebDriverWait (session=\"33be48ffc2b0e93d9b6b9d6da19aa64b\")>\nmethod = <function presence_of_all_elements_located.<locals>._predicate at 0x7fd01c28b6a0>\nmessage = 'Can\\'t find elements by locator (\\'xpath\\', \\'//tbody[@id=\"tbody_dbs\"]//tr\\')'\n\n    def until(self, method: Callable[[D], Union[Literal[False], T]], message: str = \"\") -> T:\n        \"\"\"Calls the method provided with the driver as an argument until the \\\n        return value does not evaluate to ``False``.\n    \n        :param method: callable(WebDriver)\n        :param message: optional message for :exc:`TimeoutException`\n        :returns: the result of the last call to `method`\n        :raises: :exc:`selenium.common.exceptions.TimeoutException` if timeout occurs\n        \"\"\"\n        screen = None\n        stacktrace = None\n    \n        end_time = time.monotonic() + self._timeout\n        while True:\n            try:\n                value = method(self._driver)\n                if value:\n                    return value\n            except self._ignored_exceptions as exc:\n                screen = getattr(exc, \"screen\", None)\n                stacktrace = getattr(exc, \"stacktrace\", None)\n            time.sleep(self._poll)\n            if time.monotonic() > end_time:\n                break\n>       raise TimeoutException(message, screen, stacktrace)\nE       selenium.common.exceptions.TimeoutException: Message: Can't find elements by locator ('xpath', '//tbody[@id=\"tbody_dbs\"]//tr')\n\n/opt/hostedtoolcache/Python/3.12.11/x64/lib/python3.12/site-packages/selenium/webdriver/support/wait.py:105: TimeoutException",
    "steps" : [ {
      "name" : "Click \"Databases\" button.",
      "time" : {
        "start" : 1756432130402,
        "stop" : 1756432131426,
        "duration" : 1024
      },
      "status" : "passed",
      "steps" : [ ],
      "attachments" : [ ],
      "parameters" : [ ],
      "stepsCount" : 0,
      "attachmentsCount" : 0,
      "shouldDisplayMessage" : false,
      "hasContent" : false
    }, {
      "name" : "Check clipboard",
      "time" : {
        "start" : 1756432131426,
        "stop" : 1756432136486,
        "duration" : 5060
      },
      "status" : "broken",
      "statusMessage" : "selenium.common.exceptions.TimeoutException: Message: Can't find elements by locator ('xpath', '//tbody[@id=\"tbody_dbs\"]//tr')\n\n",
      "statusTrace" : "  File \"/opt/hostedtoolcache/Python/3.12.11/x64/lib/python3.12/site-packages/allure_commons/_allure.py\", line 192, in impl\n    return func(*a, **kw)\n           ^^^^^^^^^^^^^^\n  File \"/home/runner/work/Oblache/Oblache/tests_ui/profile_page.py\", line 97, in check_clipboard\n    databases_list = self.elements_are_present((By.XPATH, f'{table_xpath}//tr'))\n                     ^^^^^^^^^^^^^^^^^^^^^^^^^^^^^^^^^^^^^^^^^^^^^^^^^^^^^^^^^^^\n  File \"/home/runner/work/Oblache/Oblache/tests_ui/base_page.py\", line 50, in elements_are_present\n    return Wait(self.driver, self.timeout).until(\n           ^^^^^^^^^^^^^^^^^^^^^^^^^^^^^^^^^^^^^^\n  File \"/opt/hostedtoolcache/Python/3.12.11/x64/lib/python3.12/site-packages/selenium/webdriver/support/wait.py\", line 105, in until\n    raise TimeoutException(message, screen, stacktrace)\n",
      "steps" : [ ],
      "attachments" : [ ],
      "parameters" : [ {
        "name" : "table_xpath",
        "value" : "'//tbody[@id=\"tbody_dbs\"]'"
      }, {
        "name" : "token",
        "value" : "'31d05abc-c0fa-44c3-8f36-206d5287d1ac'"
      } ],
      "stepsCount" : 0,
      "attachmentsCount" : 0,
      "shouldDisplayMessage" : true,
      "hasContent" : true
    } ],
    "attachments" : [ {
      "uid" : "d044a9a1be18e8c5",
      "name" : "Screenshot 2025-08-29 01:48:56.561203",
      "source" : "d044a9a1be18e8c5.png",
      "type" : "image/png",
      "size" : 29380
    } ],
    "parameters" : [ ],
    "stepsCount" : 2,
    "attachmentsCount" : 1,
    "shouldDisplayMessage" : true,
    "hasContent" : true
  },
  "afterStages" : [ {
    "name" : "driver::0",
    "time" : {
      "start" : 1756432136562,
      "stop" : 1756432136622,
      "duration" : 60
    },
    "status" : "passed",
    "steps" : [ ],
    "attachments" : [ ],
    "parameters" : [ ],
    "stepsCount" : 0,
    "attachmentsCount" : 0,
    "shouldDisplayMessage" : false,
    "hasContent" : false
  } ],
  "labels" : [ {
    "name" : "suite",
    "value" : "Test Profile Page."
  }, {
    "name" : "parentSuite",
    "value" : "tests_ui"
  }, {
    "name" : "subSuite",
    "value" : "TestProfilePage"
  }, {
    "name" : "host",
    "value" : "pkrvmccyg1gnepe"
  }, {
    "name" : "thread",
    "value" : "2551-MainThread"
  }, {
    "name" : "framework",
    "value" : "pytest"
  }, {
    "name" : "language",
    "value" : "cpython3"
  }, {
    "name" : "package",
    "value" : "tests_ui.test_ui"
  }, {
    "name" : "resultFormat",
    "value" : "allure2"
  } ],
  "parameters" : [ ],
  "links" : [ ],
  "hidden" : false,
  "retry" : false,
  "extra" : {
    "severity" : "normal",
    "retries" : [ ],
    "categories" : [ {
      "name" : "Test defects",
      "matchedStatuses" : [ ],
      "flaky" : false
    } ],
    "history" : {
      "statistic" : {
        "failed" : 0,
        "broken" : 63,
        "skipped" : 0,
        "passed" : 202,
        "unknown" : 0,
        "total" : 265
      },
      "items" : [ {
        "uid" : "30f2ec2211514c03",
        "reportUrl" : "https://lambotik.github.io/Oblache/485//#testresult/30f2ec2211514c03",
        "status" : "broken",
        "statusDetails" : "selenium.common.exceptions.TimeoutException: Message: Can't find elements by locator ('xpath', '//tbody[@id=\"tbody_dbs\"]//tr')",
        "time" : {
          "start" : 1756345737515,
          "stop" : 1756345743441,
          "duration" : 5926
        }
      }, {
        "uid" : "b79a69a496e615c6",
        "reportUrl" : "https://lambotik.github.io/Oblache/484//#testresult/b79a69a496e615c6",
        "status" : "broken",
        "statusDetails" : "selenium.common.exceptions.TimeoutException: Message: Can't find elements by locator ('xpath', '//tbody[@id=\"tbody_dbs\"]//tr')",
        "time" : {
          "start" : 1756259381193,
          "stop" : 1756259387111,
          "duration" : 5918
        }
      }, {
        "uid" : "a04a3c101ff9a9c0",
        "reportUrl" : "https://lambotik.github.io/Oblache/483//#testresult/a04a3c101ff9a9c0",
        "status" : "broken",
        "statusDetails" : "selenium.common.exceptions.TimeoutException: Message: Can't find elements by locator ('xpath', '//tbody[@id=\"tbody_dbs\"]//tr')",
        "time" : {
          "start" : 1756173210181,
          "stop" : 1756173216686,
          "duration" : 6505
        }
      }, {
        "uid" : "62afcd3a9b58a078",
        "reportUrl" : "https://lambotik.github.io/Oblache/482//#testresult/62afcd3a9b58a078",
        "status" : "broken",
        "statusDetails" : "selenium.common.exceptions.TimeoutException: Message: Can't find elements by locator ('xpath', '//tbody[@id=\"tbody_dbs\"]//tr')",
        "time" : {
          "start" : 1756087027990,
          "stop" : 1756087034082,
          "duration" : 6092
        }
      }, {
        "uid" : "6ba7d2c35e807557",
        "reportUrl" : "https://lambotik.github.io/Oblache/481//#testresult/6ba7d2c35e807557",
        "status" : "broken",
        "statusDetails" : "selenium.common.exceptions.TimeoutException: Message: Can't find elements by locator ('xpath', '//tbody[@id=\"tbody_dbs\"]//tr')",
        "time" : {
          "start" : 1756000996806,
          "stop" : 1756001003200,
          "duration" : 6394
        }
      }, {
        "uid" : "88bff7f831fbaac2",
        "reportUrl" : "https://lambotik.github.io/Oblache/480//#testresult/88bff7f831fbaac2",
        "status" : "broken",
        "statusDetails" : "selenium.common.exceptions.TimeoutException: Message: Can't find elements by locator ('xpath', '//tbody[@id=\"tbody_dbs\"]//tr')",
        "time" : {
          "start" : 1755913690086,
          "stop" : 1755913695996,
          "duration" : 5910
        }
      }, {
        "uid" : "f76e817123c6a60e",
        "reportUrl" : "https://lambotik.github.io/Oblache/479//#testresult/f76e817123c6a60e",
        "status" : "broken",
        "statusDetails" : "selenium.common.exceptions.TimeoutException: Message: Can't find elements by locator ('xpath', '//tbody[@id=\"tbody_dbs\"]//tr')",
        "time" : {
          "start" : 1755827542431,
          "stop" : 1755827548340,
          "duration" : 5909
        }
      }, {
        "uid" : "ffe87ab873ce23b",
        "reportUrl" : "https://lambotik.github.io/Oblache/478//#testresult/ffe87ab873ce23b",
        "status" : "broken",
        "statusDetails" : "selenium.common.exceptions.TimeoutException: Message: Can't find elements by locator ('xpath', '//tbody[@id=\"tbody_dbs\"]//tr')",
        "time" : {
          "start" : 1755741083718,
          "stop" : 1755741089770,
          "duration" : 6052
        }
      }, {
        "uid" : "e1e060fb19146364",
        "reportUrl" : "https://lambotik.github.io/Oblache/477//#testresult/e1e060fb19146364",
        "status" : "broken",
        "statusDetails" : "selenium.common.exceptions.TimeoutException: Message: Can't find elements by locator ('xpath', '//tbody[@id=\"tbody_dbs\"]//tr')",
        "time" : {
          "start" : 1755654766813,
          "stop" : 1755654772736,
          "duration" : 5923
        }
      }, {
        "uid" : "cc854c9a136ad63b",
        "reportUrl" : "https://lambotik.github.io/Oblache/476//#testresult/cc854c9a136ad63b",
        "status" : "broken",
        "statusDetails" : "selenium.common.exceptions.TimeoutException: Message: Can't find elements by locator ('xpath', '//tbody[@id=\"tbody_dbs\"]//tr')",
        "time" : {
          "start" : 1755568485212,
          "stop" : 1755568491128,
          "duration" : 5916
        }
      }, {
        "uid" : "91fa72f59e7f4701",
        "reportUrl" : "https://lambotik.github.io/Oblache/475//#testresult/91fa72f59e7f4701",
        "status" : "broken",
        "statusDetails" : "selenium.common.exceptions.TimeoutException: Message: Can't find elements by locator ('xpath', '//tbody[@id=\"tbody_dbs\"]//tr')",
        "time" : {
          "start" : 1755482849180,
          "stop" : 1755482855243,
          "duration" : 6063
        }
      }, {
        "uid" : "49b9fa3eb96bf6ac",
        "reportUrl" : "https://lambotik.github.io/Oblache/474//#testresult/49b9fa3eb96bf6ac",
        "status" : "passed",
        "time" : {
          "start" : 1755396522141,
          "stop" : 1755396524977,
          "duration" : 2836
        }
      }, {
        "uid" : "59e4a9410d658d31",
        "reportUrl" : "https://lambotik.github.io/Oblache/473//#testresult/59e4a9410d658d31",
        "status" : "passed",
        "time" : {
          "start" : 1755309454797,
          "stop" : 1755309457546,
          "duration" : 2749
        }
      }, {
        "uid" : "a3cd7b4317539cdf",
        "reportUrl" : "https://lambotik.github.io/Oblache/472//#testresult/a3cd7b4317539cdf",
        "status" : "broken",
        "statusDetails" : "selenium.common.exceptions.TimeoutException: Message: Can't find element by locator ('xpath', '//button[@id = \"menu_button_databases\"]')\nStacktrace:\n#0 0x55b2c6a8805a <unknown>\n#1 0x55b2c6527a70 <unknown>\n#2 0x55b2c6579907 <unknown>\n#3 0x55b2c6579b01 <unknown>\n#4 0x55b2c65c7d54 <unknown>\n#5 0x55b2c659f40d <unknown>\n#6 0x55b2c65c514f <unknown>\n#7 0x55b2c659f1b3 <unknown>\n#8 0x55b2c656b59b <unknown>\n#9 0x55b2c656c971 <unknown>\n#10 0x55b2c6a4d22b <unknown>\n#11 0x55b2c6a50f79 <unknown>\n#12 0x55b2c6a34309 <unknown>\n#13 0x55b2c6a51b28 <unknown>\n#14 0x55b2c6a18bef <unknown>\n#15 0x55b2c6a750e8 <unknown>\n#16 0x55b2c6a752c6 <unknown>\n#17 0x55b2c6a87036 <unknown>\n#18 0x7f707e09caa4 <unknown>\n#19 0x7f707e129c3c <unknown>",
        "time" : {
          "start" : 1755223254325,
          "stop" : 1755223259451,
          "duration" : 5126
        }
      }, {
        "uid" : "2bb978a4a27c0d21",
        "reportUrl" : "https://lambotik.github.io/Oblache/471//#testresult/2bb978a4a27c0d21",
        "status" : "broken",
        "statusDetails" : "selenium.common.exceptions.TimeoutException: Message: Can't find elements by locator ('xpath', '//tbody[@id=\"tbody_dbs\"]//tr')",
        "time" : {
          "start" : 1755136958912,
          "stop" : 1755136964991,
          "duration" : 6079
        }
      }, {
        "uid" : "8308bd8d58fb244a",
        "reportUrl" : "https://lambotik.github.io/Oblache/470//#testresult/8308bd8d58fb244a",
        "status" : "passed",
        "time" : {
          "start" : 1755050496485,
          "stop" : 1755050498724,
          "duration" : 2239
        }
      }, {
        "uid" : "6970ca876cfe59f2",
        "reportUrl" : "https://lambotik.github.io/Oblache/469//#testresult/6970ca876cfe59f2",
        "status" : "broken",
        "statusDetails" : "selenium.common.exceptions.TimeoutException: Message: Can't find elements by locator ('xpath', '//tbody[@id=\"tbody_dbs\"]//tr')",
        "time" : {
          "start" : 1754963970552,
          "stop" : 1754963976460,
          "duration" : 5908
        }
      }, {
        "uid" : "387fa52c1f4d8fa5",
        "reportUrl" : "https://lambotik.github.io/Oblache/468//#testresult/387fa52c1f4d8fa5",
        "status" : "passed",
        "time" : {
          "start" : 1754878309183,
          "stop" : 1754878311930,
          "duration" : 2747
        }
      }, {
        "uid" : "bba00d5973418946",
        "reportUrl" : "https://lambotik.github.io/Oblache/467//#testresult/bba00d5973418946",
        "status" : "broken",
        "statusDetails" : "selenium.common.exceptions.TimeoutException: Message: Can't find element by locator ('xpath', '//button[@id = \"menu_button_databases\"]')\nStacktrace:\n#0 0x55f4f09e92ca <unknown>\n#1 0x55f4f0490550 <unknown>\n#2 0x55f4f04e20f0 <unknown>\n#3 0x55f4f04e22e1 <unknown>\n#4 0x55f4f05305e4 <unknown>\n#5 0x55f4f0507bed <unknown>\n#6 0x55f4f052d9e6 <unknown>\n#7 0x55f4f0507993 <unknown>\n#8 0x55f4f04d3d6b <unknown>\n#9 0x55f4f04d5141 <unknown>\n#10 0x55f4f09ae2ab <unknown>\n#11 0x55f4f09b20b9 <unknown>\n#12 0x55f4f0995139 <unknown>\n#13 0x55f4f09b2c68 <unknown>\n#14 0x55f4f097960f <unknown>\n#15 0x55f4f09d71f8 <unknown>\n#16 0x55f4f09d73d6 <unknown>\n#17 0x55f4f09e85e6 <unknown>\n#18 0x7f90a7a9caa4 <unknown>\n#19 0x7f90a7b29c3c <unknown>",
        "time" : {
          "start" : 1754792052517,
          "stop" : 1754792057649,
          "duration" : 5132
        }
      }, {
        "uid" : "142f2a9605494a81",
        "reportUrl" : "https://lambotik.github.io/Oblache/466//#testresult/142f2a9605494a81",
        "status" : "broken",
        "statusDetails" : "selenium.common.exceptions.TimeoutException: Message: Can't find elements by locator ('xpath', '//tbody[@id=\"tbody_dbs\"]//tr')",
        "time" : {
          "start" : 1754704826805,
          "stop" : 1754704832739,
          "duration" : 5934
        }
      } ]
    },
    "tags" : [ ]
  },
  "source" : "9e7b9e43aa3d94a9.json",
  "parameterValues" : [ ]
}