{
  "uid" : "1b2a7c81ed5b0b14",
  "name" : "POST db_create_with_wrong_db_version.",
  "fullName" : "tests_api.test_bd.TestPOST#test_post_db_create_with_wrong_values_db_version",
  "historyId" : "bda6ac446aec42c036b6b747abee39c3",
  "time" : {
    "start" : 1761097987087,
    "stop" : 1761097987573,
    "duration" : 486
  },
  "status" : "failed",
  "statusMessage" : "AssertionError: Incorrect status code: 502",
  "statusTrace" : "self = <tests_api.test_bd.TestPOST object at 0x7f85b6794e60>\n\n    @allure.title('POST db_create_with_wrong_db_version.')\n    def test_post_db_create_with_wrong_values_db_version(self):\n        response_db_list = API.post_db_create_wrong_value_db_version(token=TestPOST.token)\n>       Checking.check_status_code(response_db_list, 400)\n\ntests_api/test_bd.py:270: \n_ _ _ _ _ _ _ _ _ _ _ _ _ _ _ _ _ _ _ _ _ _ _ _ _ _ _ _ _ _ _ _ _ _ _ _ _ _ _ _ \n\nresult = <Response [502]>, status_code = 400\n\n    @staticmethod\n    def check_status_code(result: requests.models.Response, status_code: int):\n        \"\"\"\n        Method check status code\n        :param result: Response\n        :param status_code:\n        \"\"\"\n        with allure.step(f'Assert status code: {status_code} == Response status code: {result.status_code}'):\n>           assert status_code == result.status_code, f'Incorrect status code: {result.status_code}'\nE           AssertionError: Incorrect status code: 502\n\ntests_api/utils/checking.py:16: AssertionError",
  "flaky" : false,
  "newFailed" : false,
  "beforeStages" : [ ],
  "testStage" : {
    "status" : "failed",
    "statusMessage" : "AssertionError: Incorrect status code: 502",
    "statusTrace" : "self = <tests_api.test_bd.TestPOST object at 0x7f85b6794e60>\n\n    @allure.title('POST db_create_with_wrong_db_version.')\n    def test_post_db_create_with_wrong_values_db_version(self):\n        response_db_list = API.post_db_create_wrong_value_db_version(token=TestPOST.token)\n>       Checking.check_status_code(response_db_list, 400)\n\ntests_api/test_bd.py:270: \n_ _ _ _ _ _ _ _ _ _ _ _ _ _ _ _ _ _ _ _ _ _ _ _ _ _ _ _ _ _ _ _ _ _ _ _ _ _ _ _ \n\nresult = <Response [502]>, status_code = 400\n\n    @staticmethod\n    def check_status_code(result: requests.models.Response, status_code: int):\n        \"\"\"\n        Method check status code\n        :param result: Response\n        :param status_code:\n        \"\"\"\n        with allure.step(f'Assert status code: {status_code} == Response status code: {result.status_code}'):\n>           assert status_code == result.status_code, f'Incorrect status code: {result.status_code}'\nE           AssertionError: Incorrect status code: 502\n\ntests_api/utils/checking.py:16: AssertionError",
    "steps" : [ {
      "name" : "post_db_create_wrong_value_db_version",
      "time" : {
        "start" : 1761097987087,
        "stop" : 1761097987573,
        "duration" : 486
      },
      "status" : "passed",
      "steps" : [ {
        "name" : "Endpoint: /db_create",
        "time" : {
          "start" : 1761097987573,
          "stop" : 1761097987573,
          "duration" : 0
        },
        "status" : "passed",
        "steps" : [ ],
        "attachments" : [ ],
        "parameters" : [ ],
        "stepsCount" : 0,
        "attachmentsCount" : 0,
        "shouldDisplayMessage" : false,
        "hasContent" : false
      }, {
        "name" : "Request:",
        "time" : {
          "start" : 1761097987573,
          "stop" : 1761097987573,
          "duration" : 0
        },
        "status" : "passed",
        "steps" : [ {
          "name" : "Headers: {'Content-Type': 'application/json', 'Authorization': {None}}",
          "time" : {
            "start" : 1761097987573,
            "stop" : 1761097987573,
            "duration" : 0
          },
          "status" : "passed",
          "steps" : [ ],
          "attachments" : [ ],
          "parameters" : [ ],
          "stepsCount" : 0,
          "attachmentsCount" : 0,
          "shouldDisplayMessage" : false,
          "hasContent" : false
        }, {
          "name" : "Body: {\"dbtype\": 3, \"dbversion\": 56, \"env\": 3, \"region\": 3}",
          "time" : {
            "start" : 1761097987573,
            "stop" : 1761097987573,
            "duration" : 0
          },
          "status" : "passed",
          "steps" : [ ],
          "attachments" : [ ],
          "parameters" : [ ],
          "stepsCount" : 0,
          "attachmentsCount" : 0,
          "shouldDisplayMessage" : false,
          "hasContent" : false
        } ],
        "attachments" : [ ],
        "parameters" : [ ],
        "stepsCount" : 2,
        "attachmentsCount" : 0,
        "shouldDisplayMessage" : false,
        "hasContent" : true
      }, {
        "name" : "Response:",
        "time" : {
          "start" : 1761097987573,
          "stop" : 1761097987573,
          "duration" : 0
        },
        "status" : "passed",
        "steps" : [ {
          "name" : "Status code: 502",
          "time" : {
            "start" : 1761097987573,
            "stop" : 1761097987573,
            "duration" : 0
          },
          "status" : "passed",
          "steps" : [ ],
          "attachments" : [ ],
          "parameters" : [ ],
          "stepsCount" : 0,
          "attachmentsCount" : 0,
          "shouldDisplayMessage" : false,
          "hasContent" : false
        }, {
          "name" : "JSON: <html>\r\n<head><title>502 Bad Gateway</title></head>\r\n<body>\r\n<center><h1>502 Bad Gateway</h1></center>\r\n<hr><center>nginx/1.18.0 (Ubuntu)</center>\r\n</body>\r\n</html>\r\n",
          "time" : {
            "start" : 1761097987573,
            "stop" : 1761097987573,
            "duration" : 0
          },
          "status" : "passed",
          "steps" : [ ],
          "attachments" : [ ],
          "parameters" : [ ],
          "stepsCount" : 0,
          "attachmentsCount" : 0,
          "shouldDisplayMessage" : false,
          "hasContent" : false
        } ],
        "attachments" : [ ],
        "parameters" : [ ],
        "stepsCount" : 2,
        "attachmentsCount" : 0,
        "shouldDisplayMessage" : false,
        "hasContent" : true
      } ],
      "attachments" : [ ],
      "parameters" : [ ],
      "stepsCount" : 7,
      "attachmentsCount" : 0,
      "shouldDisplayMessage" : false,
      "hasContent" : true
    }, {
      "name" : "Assert status code: 400 == Response status code: 502",
      "time" : {
        "start" : 1761097987573,
        "stop" : 1761097987573,
        "duration" : 0
      },
      "status" : "failed",
      "statusMessage" : "AssertionError: Incorrect status code: 502\n",
      "statusTrace" : "  File \"/home/runner/work/Oblache/Oblache/tests_api/utils/checking.py\", line 16, in check_status_code\n    assert status_code == result.status_code, f'Incorrect status code: {result.status_code}'\n           ^^^^^^^^^^^^^^^^^^^^^^^^^^^^^^^^^\n",
      "steps" : [ ],
      "attachments" : [ ],
      "parameters" : [ ],
      "stepsCount" : 0,
      "attachmentsCount" : 0,
      "shouldDisplayMessage" : true,
      "hasContent" : true
    } ],
    "attachments" : [ ],
    "parameters" : [ ],
    "stepsCount" : 9,
    "attachmentsCount" : 0,
    "shouldDisplayMessage" : true,
    "hasContent" : true
  },
  "afterStages" : [ ],
  "labels" : [ {
    "name" : "suite",
    "value" : "POST"
  }, {
    "name" : "parentSuite",
    "value" : "tests_api"
  }, {
    "name" : "subSuite",
    "value" : "TestPOST"
  }, {
    "name" : "host",
    "value" : "runnervmwhb2z"
  }, {
    "name" : "thread",
    "value" : "2654-MainThread"
  }, {
    "name" : "framework",
    "value" : "pytest"
  }, {
    "name" : "language",
    "value" : "cpython3"
  }, {
    "name" : "package",
    "value" : "tests_api.test_bd"
  }, {
    "name" : "resultFormat",
    "value" : "allure2"
  } ],
  "parameters" : [ ],
  "links" : [ ],
  "hidden" : false,
  "retry" : false,
  "extra" : {
    "severity" : "normal",
    "retries" : [ ],
    "categories" : [ {
      "name" : "Product defects",
      "matchedStatuses" : [ ],
      "flaky" : false
    } ],
    "history" : {
      "statistic" : {
        "failed" : 279,
        "broken" : 0,
        "skipped" : 0,
        "passed" : 46,
        "unknown" : 0,
        "total" : 325
      },
      "items" : [ {
        "uid" : "d53b1d59733623b7",
        "reportUrl" : "https://lambotik.github.io/Oblache/539//#testresult/d53b1d59733623b7",
        "status" : "failed",
        "statusDetails" : "AssertionError: Incorrect status code: 502",
        "time" : {
          "start" : 1761011392470,
          "stop" : 1761011392914,
          "duration" : 444
        }
      }, {
        "uid" : "9c6debb60ca51782",
        "reportUrl" : "https://lambotik.github.io/Oblache/538//#testresult/9c6debb60ca51782",
        "status" : "failed",
        "statusDetails" : "AssertionError: Incorrect status code: 403",
        "time" : {
          "start" : 1760925340198,
          "stop" : 1760925340513,
          "duration" : 315
        }
      }, {
        "uid" : "227252e67126dc31",
        "reportUrl" : "https://lambotik.github.io/Oblache/537//#testresult/227252e67126dc31",
        "status" : "failed",
        "statusDetails" : "AssertionError: Incorrect status code: 403",
        "time" : {
          "start" : 1760839104129,
          "stop" : 1760839104443,
          "duration" : 314
        }
      }, {
        "uid" : "92ec9546241bfce3",
        "reportUrl" : "https://lambotik.github.io/Oblache/536//#testresult/92ec9546241bfce3",
        "status" : "failed",
        "statusDetails" : "AssertionError: Incorrect status code: 403",
        "time" : {
          "start" : 1760751717845,
          "stop" : 1760751718266,
          "duration" : 421
        }
      }, {
        "uid" : "4887a4fffd7235da",
        "reportUrl" : "https://lambotik.github.io/Oblache/535//#testresult/4887a4fffd7235da",
        "status" : "failed",
        "statusDetails" : "AssertionError: Incorrect status code: 403",
        "time" : {
          "start" : 1760665605264,
          "stop" : 1760665605710,
          "duration" : 446
        }
      }, {
        "uid" : "31646d3481297486",
        "reportUrl" : "https://lambotik.github.io/Oblache/534//#testresult/31646d3481297486",
        "status" : "failed",
        "statusDetails" : "AssertionError: Incorrect status code: 403",
        "time" : {
          "start" : 1760579264482,
          "stop" : 1760579264841,
          "duration" : 359
        }
      }, {
        "uid" : "db3306b49a12b2ef",
        "reportUrl" : "https://lambotik.github.io/Oblache/533//#testresult/db3306b49a12b2ef",
        "status" : "failed",
        "statusDetails" : "AssertionError: Incorrect status code: 403",
        "time" : {
          "start" : 1760492940209,
          "stop" : 1760492940688,
          "duration" : 479
        }
      }, {
        "uid" : "d9bbc134bf68091",
        "reportUrl" : "https://lambotik.github.io/Oblache/532//#testresult/d9bbc134bf68091",
        "status" : "failed",
        "statusDetails" : "AssertionError: Incorrect status code: 403",
        "time" : {
          "start" : 1760406375605,
          "stop" : 1760406375948,
          "duration" : 343
        }
      }, {
        "uid" : "ce94e553a185f9eb",
        "reportUrl" : "https://lambotik.github.io/Oblache/531//#testresult/ce94e553a185f9eb",
        "status" : "failed",
        "statusDetails" : "AssertionError: Incorrect status code: 403",
        "time" : {
          "start" : 1760320358860,
          "stop" : 1760320359161,
          "duration" : 301
        }
      }, {
        "uid" : "7b74b88ccafb7dcd",
        "reportUrl" : "https://lambotik.github.io/Oblache/530//#testresult/7b74b88ccafb7dcd",
        "status" : "failed",
        "statusDetails" : "AssertionError: Incorrect status code: 403",
        "time" : {
          "start" : 1760233759943,
          "stop" : 1760233760569,
          "duration" : 626
        }
      }, {
        "uid" : "be678ab85d89aae5",
        "reportUrl" : "https://lambotik.github.io/Oblache/529//#testresult/be678ab85d89aae5",
        "status" : "failed",
        "statusDetails" : "AssertionError: Incorrect status code: 403",
        "time" : {
          "start" : 1760146877302,
          "stop" : 1760146877672,
          "duration" : 370
        }
      }, {
        "uid" : "82e71259edd859e4",
        "reportUrl" : "https://lambotik.github.io/Oblache/528//#testresult/82e71259edd859e4",
        "status" : "failed",
        "statusDetails" : "AssertionError: Incorrect status code: 502",
        "time" : {
          "start" : 1760060762710,
          "stop" : 1760060763039,
          "duration" : 329
        }
      }, {
        "uid" : "c69f902d20529591",
        "reportUrl" : "https://lambotik.github.io/Oblache/527//#testresult/c69f902d20529591",
        "status" : "failed",
        "statusDetails" : "AssertionError: Incorrect status code: 502",
        "time" : {
          "start" : 1759974304256,
          "stop" : 1759974304533,
          "duration" : 277
        }
      }, {
        "uid" : "bf060b27d16406f8",
        "reportUrl" : "https://lambotik.github.io/Oblache/526//#testresult/bf060b27d16406f8",
        "status" : "failed",
        "statusDetails" : "AssertionError: Incorrect status code: 502",
        "time" : {
          "start" : 1759887864419,
          "stop" : 1759887864760,
          "duration" : 341
        }
      }, {
        "uid" : "9daebae31070dba9",
        "reportUrl" : "https://lambotik.github.io/Oblache/525//#testresult/9daebae31070dba9",
        "status" : "failed",
        "statusDetails" : "AssertionError: Incorrect status code: 502",
        "time" : {
          "start" : 1759801442324,
          "stop" : 1759801442605,
          "duration" : 281
        }
      }, {
        "uid" : "a3bb8a5e8f74e744",
        "reportUrl" : "https://lambotik.github.io/Oblache/524//#testresult/a3bb8a5e8f74e744",
        "status" : "failed",
        "statusDetails" : "AssertionError: Incorrect status code: 502",
        "time" : {
          "start" : 1759715230331,
          "stop" : 1759715230678,
          "duration" : 347
        }
      }, {
        "uid" : "6a000f40aaf1a138",
        "reportUrl" : "https://lambotik.github.io/Oblache/523//#testresult/6a000f40aaf1a138",
        "status" : "failed",
        "statusDetails" : "AssertionError: Incorrect status code: 403",
        "time" : {
          "start" : 1759629206294,
          "stop" : 1759629206722,
          "duration" : 428
        }
      }, {
        "uid" : "6e6be65ab993586",
        "reportUrl" : "https://lambotik.github.io/Oblache/522//#testresult/6e6be65ab993586",
        "status" : "failed",
        "statusDetails" : "AssertionError: Incorrect status code: 403",
        "time" : {
          "start" : 1759541994755,
          "stop" : 1759541995138,
          "duration" : 383
        }
      }, {
        "uid" : "bbfc2ce9b0e2d0a2",
        "reportUrl" : "https://lambotik.github.io/Oblache/521//#testresult/bbfc2ce9b0e2d0a2",
        "status" : "failed",
        "statusDetails" : "AssertionError: Incorrect status code: 403",
        "time" : {
          "start" : 1759455804761,
          "stop" : 1759455805130,
          "duration" : 369
        }
      }, {
        "uid" : "cfdea6d9ebde62d2",
        "reportUrl" : "https://lambotik.github.io/Oblache/520//#testresult/cfdea6d9ebde62d2",
        "status" : "failed",
        "statusDetails" : "AssertionError: Incorrect status code: 403",
        "time" : {
          "start" : 1759369407205,
          "stop" : 1759369407559,
          "duration" : 354
        }
      } ]
    },
    "tags" : [ ]
  },
  "source" : "1b2a7c81ed5b0b14.json",
  "parameterValues" : [ ]
}