{
  "uid" : "d2975edb56908a3d",
  "name" : "test order db create backup non-belonging db",
  "fullName" : "tests_api.test_bd.TestBackup#test_order_db_create_backup_non_belonging_db",
  "historyId" : "46162aec860d9e52ab8a1ce1fe9140b2",
  "time" : {
    "start" : 1761098000305,
    "stop" : 1761098000305,
    "duration" : 0
  },
  "status" : "failed",
  "statusMessage" : "AssertionError: Incorrect status code: 502",
  "statusTrace" : "@pytest.fixture()\n    def get_token_backup_1():\n        \"\"\"\n        Method return:\\n\n        token: str\\n\n        body: dict\\n\n        uuid: str\n        \"\"\"\n        load_dotenv()\n        email = os.getenv('BACKUP1_MAIL')\n        old_password = os.getenv('BACKUP1_PASSWORD')\n        uuid = os.getenv('BACKUP1_UUID')\n        body = {\"email\": email, \"password\": old_password}\n        result = requests.post('https://dbend.areso.pro/login', json=body)\n>       Checking.check_status_code(result, 200)\n\nconftest.py:94: \n_ _ _ _ _ _ _ _ _ _ _ _ _ _ _ _ _ _ _ _ _ _ _ _ _ _ _ _ _ _ _ _ _ _ _ _ _ _ _ _ \n\nresult = <Response [502]>, status_code = 200\n\n    @staticmethod\n    def check_status_code(result: requests.models.Response, status_code: int):\n        \"\"\"\n        Method check status code\n        :param result: Response\n        :param status_code:\n        \"\"\"\n        with allure.step(f'Assert status code: {status_code} == Response status code: {result.status_code}'):\n>           assert status_code == result.status_code, f'Incorrect status code: {result.status_code}'\nE           AssertionError: Incorrect status code: 502\n\ntests_api/utils/checking.py:16: AssertionError",
  "flaky" : false,
  "newFailed" : false,
  "beforeStages" : [ {
    "name" : "get_token_backup_1",
    "time" : {
      "start" : 1761098000306,
      "stop" : 1761098000799,
      "duration" : 493
    },
    "status" : "failed",
    "statusMessage" : "AssertionError: Incorrect status code: 502\n",
    "statusTrace" : "  File \"/opt/hostedtoolcache/Python/3.12.11/x64/lib/python3.12/site-packages/pluggy/_callers.py\", line 38, in run_old_style_hookwrapper\n    res = yield\n          ^^^^^\n  File \"/opt/hostedtoolcache/Python/3.12.11/x64/lib/python3.12/site-packages/pluggy/_callers.py\", line 139, in _multicall\n    teardown.throw(exception)\n  File \"/opt/hostedtoolcache/Python/3.12.11/x64/lib/python3.12/site-packages/pluggy/_callers.py\", line 53, in run_old_style_hookwrapper\n    return result.get_result()\n           ^^^^^^^^^^^^^^^^^^^\n  File \"/opt/hostedtoolcache/Python/3.12.11/x64/lib/python3.12/site-packages/pluggy/_result.py\", line 103, in get_result\n    raise exc.with_traceback(tb)\n  File \"/opt/hostedtoolcache/Python/3.12.11/x64/lib/python3.12/site-packages/pluggy/_callers.py\", line 38, in run_old_style_hookwrapper\n    res = yield\n          ^^^^^\n  File \"/opt/hostedtoolcache/Python/3.12.11/x64/lib/python3.12/site-packages/pluggy/_callers.py\", line 121, in _multicall\n    res = hook_impl.function(*args)\n          ^^^^^^^^^^^^^^^^^^^^^^^^^\n  File \"/opt/hostedtoolcache/Python/3.12.11/x64/lib/python3.12/site-packages/_pytest/fixtures.py\", line 1123, in pytest_fixture_setup\n    result = call_fixture_func(fixturefunc, request, kwargs)\n             ^^^^^^^^^^^^^^^^^^^^^^^^^^^^^^^^^^^^^^^^^^^^^^^\n  File \"/opt/hostedtoolcache/Python/3.12.11/x64/lib/python3.12/site-packages/_pytest/fixtures.py\", line 902, in call_fixture_func\n    fixture_result = fixturefunc(**kwargs)\n                     ^^^^^^^^^^^^^^^^^^^^^\n  File \"/home/runner/work/Oblache/Oblache/conftest.py\", line 94, in get_token_backup_1\n    Checking.check_status_code(result, 200)\n  File \"/home/runner/work/Oblache/Oblache/tests_api/utils/checking.py\", line 16, in check_status_code\n    assert status_code == result.status_code, f'Incorrect status code: {result.status_code}'\n           ^^^^^^^^^^^^^^^^^^^^^^^^^^^^^^^^^\n",
    "steps" : [ {
      "name" : "Assert status code: 200 == Response status code: 502",
      "time" : {
        "start" : 1761098000799,
        "stop" : 1761098000799,
        "duration" : 0
      },
      "status" : "failed",
      "statusMessage" : "AssertionError: Incorrect status code: 502\n",
      "statusTrace" : "  File \"/home/runner/work/Oblache/Oblache/tests_api/utils/checking.py\", line 16, in check_status_code\n    assert status_code == result.status_code, f'Incorrect status code: {result.status_code}'\n           ^^^^^^^^^^^^^^^^^^^^^^^^^^^^^^^^^\n",
      "steps" : [ ],
      "attachments" : [ ],
      "parameters" : [ ],
      "stepsCount" : 0,
      "attachmentsCount" : 0,
      "shouldDisplayMessage" : true,
      "hasContent" : true
    } ],
    "attachments" : [ ],
    "parameters" : [ ],
    "stepsCount" : 1,
    "attachmentsCount" : 0,
    "shouldDisplayMessage" : false,
    "hasContent" : true
  } ],
  "afterStages" : [ ],
  "labels" : [ {
    "name" : "suite",
    "value" : "Test Backup"
  }, {
    "name" : "parentSuite",
    "value" : "tests_api"
  }, {
    "name" : "subSuite",
    "value" : "TestBackup"
  }, {
    "name" : "host",
    "value" : "runnervmwhb2z"
  }, {
    "name" : "thread",
    "value" : "2654-MainThread"
  }, {
    "name" : "framework",
    "value" : "pytest"
  }, {
    "name" : "language",
    "value" : "cpython3"
  }, {
    "name" : "package",
    "value" : "tests_api.test_bd"
  }, {
    "name" : "resultFormat",
    "value" : "allure2"
  } ],
  "parameters" : [ ],
  "links" : [ ],
  "hidden" : false,
  "retry" : false,
  "extra" : {
    "severity" : "normal",
    "retries" : [ ],
    "categories" : [ {
      "name" : "Product defects",
      "matchedStatuses" : [ ],
      "flaky" : false
    } ],
    "history" : {
      "statistic" : {
        "failed" : 100,
        "broken" : 0,
        "skipped" : 0,
        "passed" : 225,
        "unknown" : 0,
        "total" : 325
      },
      "items" : [ {
        "uid" : "933763c36ccfa77c",
        "reportUrl" : "https://lambotik.github.io/Oblache/539//#testresult/933763c36ccfa77c",
        "status" : "failed",
        "statusDetails" : "AssertionError: Incorrect status code: 502",
        "time" : {
          "start" : 1761011404885,
          "stop" : 1761011404885,
          "duration" : 0
        }
      }, {
        "uid" : "e9489742537a0f86",
        "reportUrl" : "https://lambotik.github.io/Oblache/538//#testresult/e9489742537a0f86",
        "status" : "failed",
        "statusDetails" : "AssertionError: Result is not equal expected value",
        "time" : {
          "start" : 1760925370529,
          "stop" : 1760925370837,
          "duration" : 308
        }
      }, {
        "uid" : "d2395920d8ae915f",
        "reportUrl" : "https://lambotik.github.io/Oblache/537//#testresult/d2395920d8ae915f",
        "status" : "failed",
        "statusDetails" : "AssertionError: Incorrect status code: 500",
        "time" : {
          "start" : 1760839151496,
          "stop" : 1760839151809,
          "duration" : 313
        }
      }, {
        "uid" : "269362523377d64",
        "reportUrl" : "https://lambotik.github.io/Oblache/536//#testresult/269362523377d64",
        "status" : "failed",
        "statusDetails" : "AssertionError: Incorrect status code: 500",
        "time" : {
          "start" : 1760751795094,
          "stop" : 1760751795538,
          "duration" : 444
        }
      }, {
        "uid" : "44b6c7c5f598680f",
        "reportUrl" : "https://lambotik.github.io/Oblache/535//#testresult/44b6c7c5f598680f",
        "status" : "failed",
        "statusDetails" : "AssertionError: Incorrect status code: 500",
        "time" : {
          "start" : 1760665635113,
          "stop" : 1760665635537,
          "duration" : 424
        }
      }, {
        "uid" : "e6b231e2cf2cb48c",
        "reportUrl" : "https://lambotik.github.io/Oblache/534//#testresult/e6b231e2cf2cb48c",
        "status" : "failed",
        "statusDetails" : "AssertionError: Incorrect status code: 500",
        "time" : {
          "start" : 1760579291350,
          "stop" : 1760579291720,
          "duration" : 370
        }
      }, {
        "uid" : "37ca1a1ab59e85d5",
        "reportUrl" : "https://lambotik.github.io/Oblache/533//#testresult/37ca1a1ab59e85d5",
        "status" : "failed",
        "statusDetails" : "AssertionError: Incorrect status code: 500",
        "time" : {
          "start" : 1760493015983,
          "stop" : 1760493016485,
          "duration" : 502
        }
      }, {
        "uid" : "909401fa9c3458a8",
        "reportUrl" : "https://lambotik.github.io/Oblache/532//#testresult/909401fa9c3458a8",
        "status" : "failed",
        "statusDetails" : "AssertionError: Incorrect status code: 500",
        "time" : {
          "start" : 1760406434614,
          "stop" : 1760406434926,
          "duration" : 312
        }
      }, {
        "uid" : "edb2dfd86d3367c3",
        "reportUrl" : "https://lambotik.github.io/Oblache/531//#testresult/edb2dfd86d3367c3",
        "status" : "failed",
        "statusDetails" : "AssertionError: Result is not equal expected value",
        "time" : {
          "start" : 1760320394890,
          "stop" : 1760320395199,
          "duration" : 309
        }
      }, {
        "uid" : "93437701ee3ae1b2",
        "reportUrl" : "https://lambotik.github.io/Oblache/530//#testresult/93437701ee3ae1b2",
        "status" : "failed",
        "statusDetails" : "AssertionError: Incorrect status code: 500",
        "time" : {
          "start" : 1760233817622,
          "stop" : 1760233818145,
          "duration" : 523
        }
      }, {
        "uid" : "4df38dbbe86cb5f",
        "reportUrl" : "https://lambotik.github.io/Oblache/529//#testresult/4df38dbbe86cb5f",
        "status" : "failed",
        "statusDetails" : "AssertionError: Incorrect status code: 500",
        "time" : {
          "start" : 1760146933161,
          "stop" : 1760146933515,
          "duration" : 354
        }
      }, {
        "uid" : "8301f96d0e9b70a8",
        "reportUrl" : "https://lambotik.github.io/Oblache/528//#testresult/8301f96d0e9b70a8",
        "status" : "failed",
        "statusDetails" : "AssertionError: Incorrect status code: 502",
        "time" : {
          "start" : 1760060772143,
          "stop" : 1760060772143,
          "duration" : 0
        }
      }, {
        "uid" : "80c0c6fc71cdcccc",
        "reportUrl" : "https://lambotik.github.io/Oblache/527//#testresult/80c0c6fc71cdcccc",
        "status" : "failed",
        "statusDetails" : "AssertionError: Incorrect status code: 502",
        "time" : {
          "start" : 1759974312294,
          "stop" : 1759974312294,
          "duration" : 0
        }
      }, {
        "uid" : "62377dc0c3572cea",
        "reportUrl" : "https://lambotik.github.io/Oblache/526//#testresult/62377dc0c3572cea",
        "status" : "failed",
        "statusDetails" : "AssertionError: Incorrect status code: 502",
        "time" : {
          "start" : 1759887873791,
          "stop" : 1759887873791,
          "duration" : 0
        }
      }, {
        "uid" : "3bc442e7e6f62466",
        "reportUrl" : "https://lambotik.github.io/Oblache/525//#testresult/3bc442e7e6f62466",
        "status" : "failed",
        "statusDetails" : "AssertionError: Incorrect status code: 502",
        "time" : {
          "start" : 1759801450425,
          "stop" : 1759801450425,
          "duration" : 0
        }
      }, {
        "uid" : "b7c0b20c94d60a02",
        "reportUrl" : "https://lambotik.github.io/Oblache/524//#testresult/b7c0b20c94d60a02",
        "status" : "failed",
        "statusDetails" : "AssertionError: Incorrect status code: 502",
        "time" : {
          "start" : 1759715239823,
          "stop" : 1759715239823,
          "duration" : 0
        }
      }, {
        "uid" : "aaa69c4e0d8483c7",
        "reportUrl" : "https://lambotik.github.io/Oblache/523//#testresult/aaa69c4e0d8483c7",
        "status" : "failed",
        "statusDetails" : "AssertionError: Incorrect status code: 500",
        "time" : {
          "start" : 1759629253584,
          "stop" : 1759629254019,
          "duration" : 435
        }
      }, {
        "uid" : "140cec58b323e137",
        "reportUrl" : "https://lambotik.github.io/Oblache/522//#testresult/140cec58b323e137",
        "status" : "failed",
        "statusDetails" : "AssertionError: Incorrect status code: 500",
        "time" : {
          "start" : 1759542076880,
          "stop" : 1759542077296,
          "duration" : 416
        }
      }, {
        "uid" : "ae8cf78dbb8079b8",
        "reportUrl" : "https://lambotik.github.io/Oblache/521//#testresult/ae8cf78dbb8079b8",
        "status" : "failed",
        "statusDetails" : "AssertionError: Result is not equal expected value",
        "time" : {
          "start" : 1759455855083,
          "stop" : 1759455855481,
          "duration" : 398
        }
      }, {
        "uid" : "bf7e408bd8d06864",
        "reportUrl" : "https://lambotik.github.io/Oblache/520//#testresult/bf7e408bd8d06864",
        "status" : "failed",
        "statusDetails" : "AssertionError: Result is not equal expected value",
        "time" : {
          "start" : 1759369451059,
          "stop" : 1759369451407,
          "duration" : 348
        }
      } ]
    },
    "tags" : [ ]
  },
  "source" : "d2975edb56908a3d.json",
  "parameterValues" : [ ]
}