{
  "uid" : "c06697bced530b6",
  "name" : "POST checking ports_len negative symbols",
  "fullName" : "tests_api.test_bd.TestPOST#test_post_checking_ports_len_negative_symbols",
  "historyId" : "381cac88cc6f55198cae5b20cb94989e",
  "time" : {
    "start" : 1736730349285,
    "stop" : 1736730349648,
    "duration" : 363
  },
  "status" : "failed",
  "statusMessage" : "AssertionError: Result is not equal expected value",
  "statusTrace" : "self = <tests_api.test_bd.TestPOST object at 0x7fa035c36540>\n\n    @allure.title('POST checking ports_len negative symbols')\n    def test_post_checking_ports_len_negative_symbols(self):\n        result = API.post_create_docker_container_checking_ports(\n            token=TestPOST.token,\n            port_len=\"qwert\")\n        Checking.check_status_code(result, 400)\n>       Checking.check_json_value(result, 'msg', \"msg[]: ports range isn't accepted\")\n\ntests_api/test_bd.py:399: \n_ _ _ _ _ _ _ _ _ _ _ _ _ _ _ _ _ _ _ _ _ _ _ _ _ _ _ _ _ _ _ _ _ _ _ _ _ _ _ _ \n\nresponse = <Response [400]>, field_name = 'msg'\nexpected_value = \"msg[]: ports range isn't accepted\"\n\n    @staticmethod\n    def check_json_value(response: requests.models.Response, field_name: str, expected_value):\n        \"\"\"\n        :param response: requests.models.Response\n        :param field_name:\n        :param expected_value:\n        \"\"\"\n        check = response.json()\n        check_info = check.get(field_name)\n        with allure.step(\n                f'Compare result request with expected value:'\n                f'\\nResponse: {response}\\nField name: {field_name}\\nValue: {expected_value}'):\n>           assert check_info == expected_value, 'Result is not equal expected value'\nE           AssertionError: Result is not equal expected value\n\ntests_api/utils/checking.py:57: AssertionError",
  "flaky" : false,
  "newFailed" : false,
  "beforeStages" : [ ],
  "testStage" : {
    "status" : "failed",
    "statusMessage" : "AssertionError: Result is not equal expected value",
    "statusTrace" : "self = <tests_api.test_bd.TestPOST object at 0x7fa035c36540>\n\n    @allure.title('POST checking ports_len negative symbols')\n    def test_post_checking_ports_len_negative_symbols(self):\n        result = API.post_create_docker_container_checking_ports(\n            token=TestPOST.token,\n            port_len=\"qwert\")\n        Checking.check_status_code(result, 400)\n>       Checking.check_json_value(result, 'msg', \"msg[]: ports range isn't accepted\")\n\ntests_api/test_bd.py:399: \n_ _ _ _ _ _ _ _ _ _ _ _ _ _ _ _ _ _ _ _ _ _ _ _ _ _ _ _ _ _ _ _ _ _ _ _ _ _ _ _ \n\nresponse = <Response [400]>, field_name = 'msg'\nexpected_value = \"msg[]: ports range isn't accepted\"\n\n    @staticmethod\n    def check_json_value(response: requests.models.Response, field_name: str, expected_value):\n        \"\"\"\n        :param response: requests.models.Response\n        :param field_name:\n        :param expected_value:\n        \"\"\"\n        check = response.json()\n        check_info = check.get(field_name)\n        with allure.step(\n                f'Compare result request with expected value:'\n                f'\\nResponse: {response}\\nField name: {field_name}\\nValue: {expected_value}'):\n>           assert check_info == expected_value, 'Result is not equal expected value'\nE           AssertionError: Result is not equal expected value\n\ntests_api/utils/checking.py:57: AssertionError",
    "steps" : [ {
      "name" : "post_create_docker_container",
      "time" : {
        "start" : 1736730349285,
        "stop" : 1736730349648,
        "duration" : 363
      },
      "status" : "passed",
      "steps" : [ {
        "name" : "Endpoint: /container_create",
        "time" : {
          "start" : 1736730349648,
          "stop" : 1736730349648,
          "duration" : 0
        },
        "status" : "passed",
        "steps" : [ ],
        "attachments" : [ ],
        "parameters" : [ ],
        "stepsCount" : 0,
        "attachmentsCount" : 0,
        "shouldDisplayMessage" : false,
        "hasContent" : false
      }, {
        "name" : "Request:",
        "time" : {
          "start" : 1736730349648,
          "stop" : 1736730349648,
          "duration" : 0
        },
        "status" : "passed",
        "steps" : [ {
          "name" : "Url: https://dbend.areso.pro/container_create",
          "time" : {
            "start" : 1736730349648,
            "stop" : 1736730349648,
            "duration" : 0
          },
          "status" : "passed",
          "steps" : [ ],
          "attachments" : [ ],
          "parameters" : [ ],
          "stepsCount" : 0,
          "attachmentsCount" : 0,
          "shouldDisplayMessage" : false,
          "hasContent" : false
        }, {
          "name" : "Headers: {'Content-Type': 'application/json', 'Authorization': 'fc3cb1e8-15c0-48fc-b486-9d30f941240c'}",
          "time" : {
            "start" : 1736730349648,
            "stop" : 1736730349648,
            "duration" : 0
          },
          "status" : "passed",
          "steps" : [ ],
          "attachments" : [ ],
          "parameters" : [ ],
          "stepsCount" : 0,
          "attachmentsCount" : 0,
          "shouldDisplayMessage" : false,
          "hasContent" : false
        }, {
          "name" : "Body: {\"docker_image\": \"nginx\", \"int_ports\": f\"qwert\", \"env\": 3, \"region\": 3}",
          "time" : {
            "start" : 1736730349648,
            "stop" : 1736730349648,
            "duration" : 0
          },
          "status" : "passed",
          "steps" : [ ],
          "attachments" : [ ],
          "parameters" : [ ],
          "stepsCount" : 0,
          "attachmentsCount" : 0,
          "shouldDisplayMessage" : false,
          "hasContent" : false
        } ],
        "attachments" : [ ],
        "parameters" : [ ],
        "stepsCount" : 3,
        "attachmentsCount" : 0,
        "shouldDisplayMessage" : false,
        "hasContent" : true
      }, {
        "name" : "Response:",
        "time" : {
          "start" : 1736730349648,
          "stop" : 1736730349648,
          "duration" : 0
        },
        "status" : "passed",
        "steps" : [ {
          "name" : "Status code: 400",
          "time" : {
            "start" : 1736730349648,
            "stop" : 1736730349648,
            "duration" : 0
          },
          "status" : "passed",
          "steps" : [ ],
          "attachments" : [ ],
          "parameters" : [ ],
          "stepsCount" : 0,
          "attachmentsCount" : 0,
          "shouldDisplayMessage" : false,
          "hasContent" : false
        }, {
          "name" : "JSON: {\n    \"msg_code\": -1,\n    \"msg\": \"endpoint is disabled\"\n}\n",
          "time" : {
            "start" : 1736730349648,
            "stop" : 1736730349648,
            "duration" : 0
          },
          "status" : "passed",
          "steps" : [ ],
          "attachments" : [ ],
          "parameters" : [ ],
          "stepsCount" : 0,
          "attachmentsCount" : 0,
          "shouldDisplayMessage" : false,
          "hasContent" : false
        } ],
        "attachments" : [ ],
        "parameters" : [ ],
        "stepsCount" : 2,
        "attachmentsCount" : 0,
        "shouldDisplayMessage" : false,
        "hasContent" : true
      } ],
      "attachments" : [ ],
      "parameters" : [ ],
      "stepsCount" : 8,
      "attachmentsCount" : 0,
      "shouldDisplayMessage" : false,
      "hasContent" : true
    }, {
      "name" : "Assert status code: 400 == Response status code: 400",
      "time" : {
        "start" : 1736730349648,
        "stop" : 1736730349648,
        "duration" : 0
      },
      "status" : "passed",
      "steps" : [ ],
      "attachments" : [ ],
      "parameters" : [ ],
      "stepsCount" : 0,
      "attachmentsCount" : 0,
      "shouldDisplayMessage" : false,
      "hasContent" : false
    }, {
      "name" : "Compare result request with expected value:\nResponse: <Response [400]>\nField name: msg\nValue: msg[]: ports range isn't accepted",
      "time" : {
        "start" : 1736730349648,
        "stop" : 1736730349648,
        "duration" : 0
      },
      "status" : "failed",
      "statusMessage" : "AssertionError: Result is not equal expected value\n",
      "statusTrace" : "  File \"/home/runner/work/Oblache/Oblache/tests_api/utils/checking.py\", line 57, in check_json_value\n    assert check_info == expected_value, 'Result is not equal expected value'\n           ^^^^^^^^^^^^^^^^^^^^^^^^^^^^\n",
      "steps" : [ ],
      "attachments" : [ ],
      "parameters" : [ ],
      "stepsCount" : 0,
      "attachmentsCount" : 0,
      "shouldDisplayMessage" : true,
      "hasContent" : true
    } ],
    "attachments" : [ ],
    "parameters" : [ ],
    "stepsCount" : 11,
    "attachmentsCount" : 0,
    "shouldDisplayMessage" : true,
    "hasContent" : true
  },
  "afterStages" : [ ],
  "labels" : [ {
    "name" : "suite",
    "value" : "POST"
  }, {
    "name" : "parentSuite",
    "value" : "tests_api"
  }, {
    "name" : "subSuite",
    "value" : "TestPOST"
  }, {
    "name" : "host",
    "value" : "fv-az1719-471"
  }, {
    "name" : "thread",
    "value" : "2449-MainThread"
  }, {
    "name" : "framework",
    "value" : "pytest"
  }, {
    "name" : "language",
    "value" : "cpython3"
  }, {
    "name" : "package",
    "value" : "tests_api.test_bd"
  }, {
    "name" : "resultFormat",
    "value" : "allure2"
  } ],
  "parameters" : [ ],
  "links" : [ ],
  "hidden" : false,
  "retry" : false,
  "extra" : {
    "severity" : "normal",
    "retries" : [ ],
    "categories" : [ {
      "name" : "Product defects",
      "matchedStatuses" : [ ],
      "flaky" : false
    } ],
    "history" : {
      "statistic" : {
        "failed" : 28,
        "broken" : 0,
        "skipped" : 0,
        "passed" : 36,
        "unknown" : 0,
        "total" : 64
      },
      "items" : [ {
        "uid" : "f229a6d383ec8624",
        "reportUrl" : "https://lambotik.github.io/Oblache/280//#testresult/f229a6d383ec8624",
        "status" : "failed",
        "statusDetails" : "AssertionError: Result is not equal expected value",
        "time" : {
          "start" : 1736644113247,
          "stop" : 1736644113755,
          "duration" : 508
        }
      }, {
        "uid" : "12ab86569aba8b7d",
        "reportUrl" : "https://lambotik.github.io/Oblache/279//#testresult/12ab86569aba8b7d",
        "status" : "failed",
        "statusDetails" : "AssertionError: Result is not equal expected value",
        "time" : {
          "start" : 1736557369116,
          "stop" : 1736557369483,
          "duration" : 367
        }
      }, {
        "uid" : "71531c26f9e6f9a6",
        "reportUrl" : "https://lambotik.github.io/Oblache/278//#testresult/71531c26f9e6f9a6",
        "status" : "failed",
        "statusDetails" : "AssertionError: Result is not equal expected value",
        "time" : {
          "start" : 1736471038469,
          "stop" : 1736471038782,
          "duration" : 313
        }
      }, {
        "uid" : "557116796fcf30a9",
        "reportUrl" : "https://lambotik.github.io/Oblache/277//#testresult/557116796fcf30a9",
        "status" : "failed",
        "statusDetails" : "AssertionError: Result is not equal expected value",
        "time" : {
          "start" : 1736384522429,
          "stop" : 1736384522801,
          "duration" : 372
        }
      }, {
        "uid" : "3a1fed601b996cc7",
        "reportUrl" : "https://lambotik.github.io/Oblache/276//#testresult/3a1fed601b996cc7",
        "status" : "failed",
        "statusDetails" : "AssertionError: Result is not equal expected value",
        "time" : {
          "start" : 1736298144407,
          "stop" : 1736298144724,
          "duration" : 317
        }
      }, {
        "uid" : "aadadfe3966ea814",
        "reportUrl" : "https://lambotik.github.io/Oblache/275//#testresult/aadadfe3966ea814",
        "status" : "failed",
        "statusDetails" : "AssertionError: Result is not equal expected value",
        "time" : {
          "start" : 1736211745441,
          "stop" : 1736211745761,
          "duration" : 320
        }
      }, {
        "uid" : "5ef9d13678d07af4",
        "reportUrl" : "https://lambotik.github.io/Oblache/274//#testresult/5ef9d13678d07af4",
        "status" : "failed",
        "statusDetails" : "AssertionError: Result is not equal expected value",
        "time" : {
          "start" : 1736125499922,
          "stop" : 1736125500240,
          "duration" : 318
        }
      }, {
        "uid" : "8737feacc2ee45bf",
        "reportUrl" : "https://lambotik.github.io/Oblache/273//#testresult/8737feacc2ee45bf",
        "status" : "failed",
        "statusDetails" : "AssertionError: Result is not equal expected value",
        "time" : {
          "start" : 1736039244070,
          "stop" : 1736039244570,
          "duration" : 500
        }
      }, {
        "uid" : "60cad26acbc42f52",
        "reportUrl" : "https://lambotik.github.io/Oblache/272//#testresult/60cad26acbc42f52",
        "status" : "failed",
        "statusDetails" : "AssertionError: Result is not equal expected value",
        "time" : {
          "start" : 1735952454842,
          "stop" : 1735952455213,
          "duration" : 371
        }
      }, {
        "uid" : "4b69bbcfb0e99d21",
        "reportUrl" : "https://lambotik.github.io/Oblache/271//#testresult/4b69bbcfb0e99d21",
        "status" : "failed",
        "statusDetails" : "AssertionError: Result is not equal expected value",
        "time" : {
          "start" : 1735866142879,
          "stop" : 1735866143191,
          "duration" : 312
        }
      }, {
        "uid" : "7ee93d575024f8d6",
        "reportUrl" : "https://lambotik.github.io/Oblache/270//#testresult/7ee93d575024f8d6",
        "status" : "failed",
        "statusDetails" : "AssertionError: Result is not equal expected value",
        "time" : {
          "start" : 1735779696614,
          "stop" : 1735779696931,
          "duration" : 317
        }
      }, {
        "uid" : "9b7f1ec9f2685f42",
        "reportUrl" : "https://lambotik.github.io/Oblache/269//#testresult/9b7f1ec9f2685f42",
        "status" : "failed",
        "statusDetails" : "AssertionError: Result is not equal expected value",
        "time" : {
          "start" : 1735693644862,
          "stop" : 1735693645170,
          "duration" : 308
        }
      }, {
        "uid" : "b1fae38f91094249",
        "reportUrl" : "https://lambotik.github.io/Oblache/268//#testresult/b1fae38f91094249",
        "status" : "failed",
        "statusDetails" : "AssertionError: Result is not equal expected value",
        "time" : {
          "start" : 1735606914902,
          "stop" : 1735606915406,
          "duration" : 504
        }
      }, {
        "uid" : "ac40d4c7c04b0e45",
        "reportUrl" : "https://lambotik.github.io/Oblache/267//#testresult/ac40d4c7c04b0e45",
        "status" : "failed",
        "statusDetails" : "AssertionError: Result is not equal expected value",
        "time" : {
          "start" : 1735520642688,
          "stop" : 1735520643003,
          "duration" : 315
        }
      }, {
        "uid" : "2b7b2184e374cde2",
        "reportUrl" : "https://lambotik.github.io/Oblache/266//#testresult/2b7b2184e374cde2",
        "status" : "failed",
        "statusDetails" : "AssertionError: Result is not equal expected value",
        "time" : {
          "start" : 1735434464013,
          "stop" : 1735434464336,
          "duration" : 323
        }
      }, {
        "uid" : "67d838c3bcd3714c",
        "reportUrl" : "https://lambotik.github.io/Oblache/265//#testresult/67d838c3bcd3714c",
        "status" : "failed",
        "statusDetails" : "AssertionError: Result is not equal expected value",
        "time" : {
          "start" : 1735347647448,
          "stop" : 1735347647755,
          "duration" : 307
        }
      }, {
        "uid" : "e13b115080e8cd57",
        "reportUrl" : "https://lambotik.github.io/Oblache/264//#testresult/e13b115080e8cd57",
        "status" : "failed",
        "statusDetails" : "AssertionError: Result is not equal expected value",
        "time" : {
          "start" : 1735261326725,
          "stop" : 1735261327231,
          "duration" : 506
        }
      }, {
        "uid" : "12cf85fe18b2d414",
        "reportUrl" : "https://lambotik.github.io/Oblache/209//#testresult/12cf85fe18b2d414",
        "status" : "failed",
        "statusDetails" : "AssertionError: Result is not equal expected value",
        "time" : {
          "start" : 1730509260893,
          "stop" : 1730509261198,
          "duration" : 305
        }
      }, {
        "uid" : "6a1553b879dc6d93",
        "reportUrl" : "https://lambotik.github.io/Oblache/208//#testresult/6a1553b879dc6d93",
        "status" : "failed",
        "statusDetails" : "AssertionError: Result is not equal expected value",
        "time" : {
          "start" : 1730423219325,
          "stop" : 1730423219636,
          "duration" : 311
        }
      }, {
        "uid" : "6444aeec2298fdee",
        "reportUrl" : "https://lambotik.github.io/Oblache/207//#testresult/6444aeec2298fdee",
        "status" : "failed",
        "statusDetails" : "AssertionError: Result is not equal expected value",
        "time" : {
          "start" : 1730336572554,
          "stop" : 1730336572859,
          "duration" : 305
        }
      } ]
    },
    "tags" : [ ]
  },
  "source" : "c06697bced530b6.json",
  "parameterValues" : [ ]
}