{
  "uid" : "81472286bcb6a662",
  "name" : "POST create_docker_container_without_token",
  "fullName" : "tests_api.test_bd.TestPOST#test_post_create_docker_with_defunct_image",
  "historyId" : "346493b9ad20460bc067ba466e60ac88",
  "time" : {
    "start" : 1741827946252,
    "stop" : 1741827946773,
    "duration" : 521
  },
  "status" : "failed",
  "statusMessage" : "AssertionError: Result is not equal expected value",
  "statusTrace" : "self = <tests_api.test_bd.TestPOST object at 0x7fd4fba53b90>\n\n    @allure.title('POST create_docker_container_without_token')\n    def test_post_create_docker_with_defunct_image(self):\n        result = API.post_create_docker_container_with_defunct_image(token=TestPOST.token)\n        Checking.check_status_code(result, 400)\n>       Checking.check_json_value(result, 'msg', \"msg[]: the image doesn't found in the DockerHub\")\n\ntests_api/test_bd.py:411: \n_ _ _ _ _ _ _ _ _ _ _ _ _ _ _ _ _ _ _ _ _ _ _ _ _ _ _ _ _ _ _ _ _ _ _ _ _ _ _ _ \n\nresponse = <Response [400]>, field_name = 'msg'\nexpected_value = \"msg[]: the image doesn't found in the DockerHub\"\n\n    @staticmethod\n    def check_json_value(response: requests.models.Response, field_name: str, expected_value):\n        \"\"\"\n        :param response: requests.models.Response\n        :param field_name:\n        :param expected_value:\n        \"\"\"\n        check = response.json()\n        check_info = check.get(field_name)\n        with allure.step(\n                f'Compare result request with expected value:'\n                f'\\nResponse: {response}\\nField name: {field_name}\\nValue: {expected_value}'):\n>           assert check_info == expected_value, 'Result is not equal expected value'\nE           AssertionError: Result is not equal expected value\n\ntests_api/utils/checking.py:57: AssertionError",
  "flaky" : false,
  "newFailed" : false,
  "beforeStages" : [ ],
  "testStage" : {
    "status" : "failed",
    "statusMessage" : "AssertionError: Result is not equal expected value",
    "statusTrace" : "self = <tests_api.test_bd.TestPOST object at 0x7fd4fba53b90>\n\n    @allure.title('POST create_docker_container_without_token')\n    def test_post_create_docker_with_defunct_image(self):\n        result = API.post_create_docker_container_with_defunct_image(token=TestPOST.token)\n        Checking.check_status_code(result, 400)\n>       Checking.check_json_value(result, 'msg', \"msg[]: the image doesn't found in the DockerHub\")\n\ntests_api/test_bd.py:411: \n_ _ _ _ _ _ _ _ _ _ _ _ _ _ _ _ _ _ _ _ _ _ _ _ _ _ _ _ _ _ _ _ _ _ _ _ _ _ _ _ \n\nresponse = <Response [400]>, field_name = 'msg'\nexpected_value = \"msg[]: the image doesn't found in the DockerHub\"\n\n    @staticmethod\n    def check_json_value(response: requests.models.Response, field_name: str, expected_value):\n        \"\"\"\n        :param response: requests.models.Response\n        :param field_name:\n        :param expected_value:\n        \"\"\"\n        check = response.json()\n        check_info = check.get(field_name)\n        with allure.step(\n                f'Compare result request with expected value:'\n                f'\\nResponse: {response}\\nField name: {field_name}\\nValue: {expected_value}'):\n>           assert check_info == expected_value, 'Result is not equal expected value'\nE           AssertionError: Result is not equal expected value\n\ntests_api/utils/checking.py:57: AssertionError",
    "steps" : [ {
      "name" : "post_create_docker_container_with_defunct_image",
      "time" : {
        "start" : 1741827946252,
        "stop" : 1741827946773,
        "duration" : 521
      },
      "status" : "passed",
      "steps" : [ {
        "name" : "Endpoint: /container_create",
        "time" : {
          "start" : 1741827946772,
          "stop" : 1741827946772,
          "duration" : 0
        },
        "status" : "passed",
        "steps" : [ ],
        "attachments" : [ ],
        "parameters" : [ ],
        "attachmentsCount" : 0,
        "shouldDisplayMessage" : false,
        "hasContent" : false,
        "stepsCount" : 0
      }, {
        "name" : "Request:",
        "time" : {
          "start" : 1741827946772,
          "stop" : 1741827946772,
          "duration" : 0
        },
        "status" : "passed",
        "steps" : [ {
          "name" : "Headers: {'Content-Type': 'application/json', 'Authorization': 'b866b05f-c05d-4627-80c6-5681dc0827a8'}",
          "time" : {
            "start" : 1741827946772,
            "stop" : 1741827946772,
            "duration" : 0
          },
          "status" : "passed",
          "steps" : [ ],
          "attachments" : [ ],
          "parameters" : [ ],
          "attachmentsCount" : 0,
          "shouldDisplayMessage" : false,
          "hasContent" : false,
          "stepsCount" : 0
        }, {
          "name" : "Body: {\"docker_image\": \"\", \"int_ports\": \"80\", \"env\": 3, \"region\": 3}",
          "time" : {
            "start" : 1741827946772,
            "stop" : 1741827946772,
            "duration" : 0
          },
          "status" : "passed",
          "steps" : [ ],
          "attachments" : [ ],
          "parameters" : [ ],
          "attachmentsCount" : 0,
          "shouldDisplayMessage" : false,
          "hasContent" : false,
          "stepsCount" : 0
        } ],
        "attachments" : [ ],
        "parameters" : [ ],
        "attachmentsCount" : 0,
        "shouldDisplayMessage" : false,
        "hasContent" : true,
        "stepsCount" : 2
      }, {
        "name" : "Response:",
        "time" : {
          "start" : 1741827946772,
          "stop" : 1741827946773,
          "duration" : 1
        },
        "status" : "passed",
        "steps" : [ {
          "name" : "Status code: 400",
          "time" : {
            "start" : 1741827946772,
            "stop" : 1741827946772,
            "duration" : 0
          },
          "status" : "passed",
          "steps" : [ ],
          "attachments" : [ ],
          "parameters" : [ ],
          "attachmentsCount" : 0,
          "shouldDisplayMessage" : false,
          "hasContent" : false,
          "stepsCount" : 0
        }, {
          "name" : "JSON: {\n    \"msg_code\": -1,\n    \"msg\": \"endpoint is disabled\"\n}\n",
          "time" : {
            "start" : 1741827946772,
            "stop" : 1741827946773,
            "duration" : 1
          },
          "status" : "passed",
          "steps" : [ ],
          "attachments" : [ ],
          "parameters" : [ ],
          "attachmentsCount" : 0,
          "shouldDisplayMessage" : false,
          "hasContent" : false,
          "stepsCount" : 0
        } ],
        "attachments" : [ ],
        "parameters" : [ ],
        "attachmentsCount" : 0,
        "shouldDisplayMessage" : false,
        "hasContent" : true,
        "stepsCount" : 2
      } ],
      "attachments" : [ ],
      "parameters" : [ ],
      "attachmentsCount" : 0,
      "shouldDisplayMessage" : false,
      "hasContent" : true,
      "stepsCount" : 7
    }, {
      "name" : "Assert status code: 400 == Response status code: 400",
      "time" : {
        "start" : 1741827946773,
        "stop" : 1741827946773,
        "duration" : 0
      },
      "status" : "passed",
      "steps" : [ ],
      "attachments" : [ ],
      "parameters" : [ ],
      "attachmentsCount" : 0,
      "shouldDisplayMessage" : false,
      "hasContent" : false,
      "stepsCount" : 0
    }, {
      "name" : "Compare result request with expected value:\nResponse: <Response [400]>\nField name: msg\nValue: msg[]: the image doesn't found in the DockerHub",
      "time" : {
        "start" : 1741827946773,
        "stop" : 1741827946773,
        "duration" : 0
      },
      "status" : "failed",
      "statusMessage" : "AssertionError: Result is not equal expected value\n",
      "statusTrace" : "  File \"/home/runner/work/Oblache/Oblache/tests_api/utils/checking.py\", line 57, in check_json_value\n    assert check_info == expected_value, 'Result is not equal expected value'\n           ^^^^^^^^^^^^^^^^^^^^^^^^^^^^\n",
      "steps" : [ ],
      "attachments" : [ ],
      "parameters" : [ ],
      "attachmentsCount" : 0,
      "shouldDisplayMessage" : true,
      "hasContent" : true,
      "stepsCount" : 0
    } ],
    "attachments" : [ ],
    "parameters" : [ ],
    "attachmentsCount" : 0,
    "shouldDisplayMessage" : true,
    "hasContent" : true,
    "stepsCount" : 10
  },
  "afterStages" : [ ],
  "labels" : [ {
    "name" : "suite",
    "value" : "POST"
  }, {
    "name" : "parentSuite",
    "value" : "tests_api"
  }, {
    "name" : "subSuite",
    "value" : "TestPOST"
  }, {
    "name" : "host",
    "value" : "fv-az1680-809"
  }, {
    "name" : "thread",
    "value" : "2474-MainThread"
  }, {
    "name" : "framework",
    "value" : "pytest"
  }, {
    "name" : "language",
    "value" : "cpython3"
  }, {
    "name" : "package",
    "value" : "tests_api.test_bd"
  }, {
    "name" : "resultFormat",
    "value" : "allure2"
  } ],
  "parameters" : [ ],
  "links" : [ ],
  "hidden" : false,
  "retry" : false,
  "extra" : {
    "severity" : "normal",
    "retries" : [ ],
    "categories" : [ {
      "name" : "Product defects",
      "matchedStatuses" : [ ],
      "flaky" : false
    } ],
    "history" : {
      "statistic" : {
        "failed" : 92,
        "broken" : 0,
        "skipped" : 0,
        "passed" : 36,
        "unknown" : 0,
        "total" : 128
      },
      "items" : [ {
        "uid" : "5c4eb6236c40e353",
        "reportUrl" : "https://lambotik.github.io/Oblache/339//#testresult/5c4eb6236c40e353",
        "status" : "failed",
        "statusDetails" : "AssertionError: Result is not equal expected value",
        "time" : {
          "start" : 1741741484533,
          "stop" : 1741741485041,
          "duration" : 508
        }
      }, {
        "uid" : "6efcff4152b30114",
        "reportUrl" : "https://lambotik.github.io/Oblache/338//#testresult/6efcff4152b30114",
        "status" : "failed",
        "statusDetails" : "AssertionError: Result is not equal expected value",
        "time" : {
          "start" : 1741655116827,
          "stop" : 1741655117136,
          "duration" : 309
        }
      }, {
        "uid" : "3f01cd42c3d331a",
        "reportUrl" : "https://lambotik.github.io/Oblache/337//#testresult/3f01cd42c3d331a",
        "status" : "failed",
        "statusDetails" : "AssertionError: Result is not equal expected value",
        "time" : {
          "start" : 1741568143609,
          "stop" : 1741568144119,
          "duration" : 510
        }
      }, {
        "uid" : "20bfb87bcfc8526",
        "reportUrl" : "https://lambotik.github.io/Oblache/336//#testresult/20bfb87bcfc8526",
        "status" : "failed",
        "statusDetails" : "AssertionError: Result is not equal expected value",
        "time" : {
          "start" : 1741481801295,
          "stop" : 1741481801606,
          "duration" : 311
        }
      }, {
        "uid" : "f592911bc39e1ac6",
        "reportUrl" : "https://lambotik.github.io/Oblache/335//#testresult/f592911bc39e1ac6",
        "status" : "failed",
        "statusDetails" : "AssertionError: Result is not equal expected value",
        "time" : {
          "start" : 1741395126332,
          "stop" : 1741395126652,
          "duration" : 320
        }
      }, {
        "uid" : "575450f3584a1fd",
        "reportUrl" : "https://lambotik.github.io/Oblache/334//#testresult/575450f3584a1fd",
        "status" : "failed",
        "statusDetails" : "AssertionError: Result is not equal expected value",
        "time" : {
          "start" : 1741309529942,
          "stop" : 1741309530463,
          "duration" : 521
        }
      }, {
        "uid" : "43529ca768aa2390",
        "reportUrl" : "https://lambotik.github.io/Oblache/23//#testresult/43529ca768aa2390",
        "status" : "failed",
        "statusDetails" : "AssertionError: Result is not equal expected value",
        "time" : {
          "start" : 1741273265791,
          "stop" : 1741273266316,
          "duration" : 525
        }
      }, {
        "uid" : "186b1d94e9451df2",
        "reportUrl" : "https://lambotik.github.io/Oblache/22//#testresult/186b1d94e9451df2",
        "status" : "failed",
        "statusDetails" : "AssertionError: Result is not equal expected value",
        "time" : {
          "start" : 1741273017329,
          "stop" : 1741273017636,
          "duration" : 307
        }
      }, {
        "uid" : "982b4f742279cd3f",
        "reportUrl" : "https://lambotik.github.io/Oblache/21//#testresult/982b4f742279cd3f",
        "status" : "failed",
        "statusDetails" : "AssertionError: Result is not equal expected value",
        "time" : {
          "start" : 1741272404706,
          "stop" : 1741272405013,
          "duration" : 307
        }
      }, {
        "uid" : "d764eec8240b2287",
        "reportUrl" : "https://lambotik.github.io/Oblache/20//#testresult/d764eec8240b2287",
        "status" : "failed",
        "statusDetails" : "AssertionError: Result is not equal expected value",
        "time" : {
          "start" : 1741271082397,
          "stop" : 1741271082912,
          "duration" : 515
        }
      }, {
        "uid" : "9e455cc39c5d74ef",
        "reportUrl" : "https://lambotik.github.io/Oblache/19//#testresult/9e455cc39c5d74ef",
        "status" : "failed",
        "statusDetails" : "AssertionError: Result is not equal expected value",
        "time" : {
          "start" : 1741270263903,
          "stop" : 1741270264416,
          "duration" : 513
        }
      }, {
        "uid" : "8ba18996a67714ee",
        "reportUrl" : "https://lambotik.github.io/Oblache/333//#testresult/8ba18996a67714ee",
        "status" : "failed",
        "statusDetails" : "AssertionError: Result is not equal expected value",
        "time" : {
          "start" : 1741223079632,
          "stop" : 1741223079936,
          "duration" : 304
        }
      }, {
        "uid" : "13c18e3860bbfe89",
        "reportUrl" : "https://lambotik.github.io/Oblache/332//#testresult/13c18e3860bbfe89",
        "status" : "failed",
        "statusDetails" : "AssertionError: Result is not equal expected value",
        "time" : {
          "start" : 1741136680312,
          "stop" : 1741136680693,
          "duration" : 381
        }
      }, {
        "uid" : "9294b15bf71bdd14",
        "reportUrl" : "https://lambotik.github.io/Oblache/331//#testresult/9294b15bf71bdd14",
        "status" : "failed",
        "statusDetails" : "AssertionError: Result is not equal expected value",
        "time" : {
          "start" : 1741050276817,
          "stop" : 1741050277123,
          "duration" : 306
        }
      }, {
        "uid" : "2950aa4eac72b1b6",
        "reportUrl" : "https://lambotik.github.io/Oblache/330//#testresult/2950aa4eac72b1b6",
        "status" : "failed",
        "statusDetails" : "AssertionError: Result is not equal expected value",
        "time" : {
          "start" : 1740963967738,
          "stop" : 1740963968108,
          "duration" : 370
        }
      }, {
        "uid" : "1a5310251ef6e6b0",
        "reportUrl" : "https://lambotik.github.io/Oblache/329//#testresult/1a5310251ef6e6b0",
        "status" : "failed",
        "statusDetails" : "AssertionError: Result is not equal expected value",
        "time" : {
          "start" : 1740877667226,
          "stop" : 1740877667605,
          "duration" : 379
        }
      }, {
        "uid" : "f972383f94bcf5c6",
        "reportUrl" : "https://lambotik.github.io/Oblache/328//#testresult/f972383f94bcf5c6",
        "status" : "failed",
        "statusDetails" : "AssertionError: Result is not equal expected value",
        "time" : {
          "start" : 1740791302975,
          "stop" : 1740791303277,
          "duration" : 302
        }
      }, {
        "uid" : "634d82e1f07857b5",
        "reportUrl" : "https://lambotik.github.io/Oblache/327//#testresult/634d82e1f07857b5",
        "status" : "failed",
        "statusDetails" : "AssertionError: Result is not equal expected value",
        "time" : {
          "start" : 1740704634341,
          "stop" : 1740704634661,
          "duration" : 320
        }
      }, {
        "uid" : "289ce1fa90bf5931",
        "reportUrl" : "https://lambotik.github.io/Oblache/326//#testresult/289ce1fa90bf5931",
        "status" : "failed",
        "statusDetails" : "AssertionError: Result is not equal expected value",
        "time" : {
          "start" : 1740618212375,
          "stop" : 1740618212734,
          "duration" : 359
        }
      }, {
        "uid" : "831f6cb49049e80e",
        "reportUrl" : "https://lambotik.github.io/Oblache/325//#testresult/831f6cb49049e80e",
        "status" : "failed",
        "statusDetails" : "AssertionError: Result is not equal expected value",
        "time" : {
          "start" : 1740531815599,
          "stop" : 1740531815914,
          "duration" : 315
        }
      } ]
    },
    "tags" : [ ]
  },
  "source" : "81472286bcb6a662.json",
  "parameterValues" : [ ]
}