{
  "uid" : "aa8e49b161726d56",
  "name" : "POST create_docker_container_without_token",
  "fullName" : "tests_api.test_bd.TestPOST#test_post_create_docker_with_defunct_image",
  "historyId" : "346493b9ad20460bc067ba466e60ac88",
  "time" : {
    "start" : 1754618947085,
    "stop" : 1754618947580,
    "duration" : 495
  },
  "status" : "failed",
  "statusMessage" : "AssertionError: Incorrect status code: 502",
  "statusTrace" : "self = <tests_api.test_bd.TestPOST object at 0x7f87e8f9e330>\n\n    @allure.title('POST create_docker_container_without_token')\n    def test_post_create_docker_with_defunct_image(self):\n        result = API.post_create_docker_container_with_defunct_image(token=TestPOST.token)\n>       Checking.check_status_code(result, 400)\n\ntests_api/test_bd.py:410: \n_ _ _ _ _ _ _ _ _ _ _ _ _ _ _ _ _ _ _ _ _ _ _ _ _ _ _ _ _ _ _ _ _ _ _ _ _ _ _ _ \n\nresult = <Response [502]>, status_code = 400\n\n    @staticmethod\n    def check_status_code(result: requests.models.Response, status_code: int):\n        \"\"\"\n        Method check status code\n        :param result: Response\n        :param status_code:\n        \"\"\"\n        with allure.step(f'Assert status code: {status_code} == Response status code: {result.status_code}'):\n>           assert status_code == result.status_code, f'Incorrect status code: {result.status_code}'\nE           AssertionError: Incorrect status code: 502\n\ntests_api/utils/checking.py:16: AssertionError",
  "flaky" : true,
  "newFailed" : true,
  "beforeStages" : [ ],
  "testStage" : {
    "status" : "failed",
    "statusMessage" : "AssertionError: Incorrect status code: 502",
    "statusTrace" : "self = <tests_api.test_bd.TestPOST object at 0x7f87e8f9e330>\n\n    @allure.title('POST create_docker_container_without_token')\n    def test_post_create_docker_with_defunct_image(self):\n        result = API.post_create_docker_container_with_defunct_image(token=TestPOST.token)\n>       Checking.check_status_code(result, 400)\n\ntests_api/test_bd.py:410: \n_ _ _ _ _ _ _ _ _ _ _ _ _ _ _ _ _ _ _ _ _ _ _ _ _ _ _ _ _ _ _ _ _ _ _ _ _ _ _ _ \n\nresult = <Response [502]>, status_code = 400\n\n    @staticmethod\n    def check_status_code(result: requests.models.Response, status_code: int):\n        \"\"\"\n        Method check status code\n        :param result: Response\n        :param status_code:\n        \"\"\"\n        with allure.step(f'Assert status code: {status_code} == Response status code: {result.status_code}'):\n>           assert status_code == result.status_code, f'Incorrect status code: {result.status_code}'\nE           AssertionError: Incorrect status code: 502\n\ntests_api/utils/checking.py:16: AssertionError",
    "steps" : [ {
      "name" : "post_create_docker_container_with_defunct_image",
      "time" : {
        "start" : 1754618947085,
        "stop" : 1754618947580,
        "duration" : 495
      },
      "status" : "passed",
      "steps" : [ {
        "name" : "Endpoint: /container_create",
        "time" : {
          "start" : 1754618947580,
          "stop" : 1754618947580,
          "duration" : 0
        },
        "status" : "passed",
        "steps" : [ ],
        "attachments" : [ ],
        "parameters" : [ ],
        "hasContent" : false,
        "stepsCount" : 0,
        "attachmentsCount" : 0,
        "shouldDisplayMessage" : false
      }, {
        "name" : "Request:",
        "time" : {
          "start" : 1754618947580,
          "stop" : 1754618947580,
          "duration" : 0
        },
        "status" : "passed",
        "steps" : [ {
          "name" : "Headers: {'Content-Type': 'application/json', 'Authorization': {None}}",
          "time" : {
            "start" : 1754618947580,
            "stop" : 1754618947580,
            "duration" : 0
          },
          "status" : "passed",
          "steps" : [ ],
          "attachments" : [ ],
          "parameters" : [ ],
          "hasContent" : false,
          "stepsCount" : 0,
          "attachmentsCount" : 0,
          "shouldDisplayMessage" : false
        }, {
          "name" : "Body: {\"docker_image\": \"\", \"int_ports\": \"80\", \"env\": 3, \"region\": 3}",
          "time" : {
            "start" : 1754618947580,
            "stop" : 1754618947580,
            "duration" : 0
          },
          "status" : "passed",
          "steps" : [ ],
          "attachments" : [ ],
          "parameters" : [ ],
          "hasContent" : false,
          "stepsCount" : 0,
          "attachmentsCount" : 0,
          "shouldDisplayMessage" : false
        } ],
        "attachments" : [ ],
        "parameters" : [ ],
        "hasContent" : true,
        "stepsCount" : 2,
        "attachmentsCount" : 0,
        "shouldDisplayMessage" : false
      }, {
        "name" : "Response:",
        "time" : {
          "start" : 1754618947580,
          "stop" : 1754618947580,
          "duration" : 0
        },
        "status" : "passed",
        "steps" : [ {
          "name" : "Status code: 502",
          "time" : {
            "start" : 1754618947580,
            "stop" : 1754618947580,
            "duration" : 0
          },
          "status" : "passed",
          "steps" : [ ],
          "attachments" : [ ],
          "parameters" : [ ],
          "hasContent" : false,
          "stepsCount" : 0,
          "attachmentsCount" : 0,
          "shouldDisplayMessage" : false
        }, {
          "name" : "JSON: <html>\r\n<head><title>502 Bad Gateway</title></head>\r\n<body>\r\n<center><h1>502 Bad Gateway</h1></center>\r\n<hr><center>nginx/1.18.0 (Ubuntu)</center>\r\n</body>\r\n</html>\r\n",
          "time" : {
            "start" : 1754618947580,
            "stop" : 1754618947580,
            "duration" : 0
          },
          "status" : "passed",
          "steps" : [ ],
          "attachments" : [ ],
          "parameters" : [ ],
          "hasContent" : false,
          "stepsCount" : 0,
          "attachmentsCount" : 0,
          "shouldDisplayMessage" : false
        } ],
        "attachments" : [ ],
        "parameters" : [ ],
        "hasContent" : true,
        "stepsCount" : 2,
        "attachmentsCount" : 0,
        "shouldDisplayMessage" : false
      } ],
      "attachments" : [ ],
      "parameters" : [ ],
      "hasContent" : true,
      "stepsCount" : 7,
      "attachmentsCount" : 0,
      "shouldDisplayMessage" : false
    }, {
      "name" : "Assert status code: 400 == Response status code: 502",
      "time" : {
        "start" : 1754618947580,
        "stop" : 1754618947580,
        "duration" : 0
      },
      "status" : "failed",
      "statusMessage" : "AssertionError: Incorrect status code: 502\n",
      "statusTrace" : "  File \"/home/runner/work/Oblache/Oblache/tests_api/utils/checking.py\", line 16, in check_status_code\n    assert status_code == result.status_code, f'Incorrect status code: {result.status_code}'\n           ^^^^^^^^^^^^^^^^^^^^^^^^^^^^^^^^^\n",
      "steps" : [ ],
      "attachments" : [ ],
      "parameters" : [ ],
      "hasContent" : true,
      "stepsCount" : 0,
      "attachmentsCount" : 0,
      "shouldDisplayMessage" : true
    } ],
    "attachments" : [ ],
    "parameters" : [ ],
    "hasContent" : true,
    "stepsCount" : 9,
    "attachmentsCount" : 0,
    "shouldDisplayMessage" : true
  },
  "afterStages" : [ ],
  "labels" : [ {
    "name" : "suite",
    "value" : "POST"
  }, {
    "name" : "parentSuite",
    "value" : "tests_api"
  }, {
    "name" : "subSuite",
    "value" : "TestPOST"
  }, {
    "name" : "host",
    "value" : "pkrvmjbmru5nbw0"
  }, {
    "name" : "thread",
    "value" : "2667-MainThread"
  }, {
    "name" : "framework",
    "value" : "pytest"
  }, {
    "name" : "language",
    "value" : "cpython3"
  }, {
    "name" : "package",
    "value" : "tests_api.test_bd"
  }, {
    "name" : "resultFormat",
    "value" : "allure2"
  } ],
  "parameters" : [ ],
  "links" : [ ],
  "hidden" : false,
  "retry" : false,
  "extra" : {
    "severity" : "normal",
    "retries" : [ ],
    "categories" : [ {
      "name" : "Product defects",
      "matchedStatuses" : [ ],
      "flaky" : false
    } ],
    "history" : {
      "statistic" : {
        "failed" : 204,
        "broken" : 0,
        "skipped" : 0,
        "passed" : 46,
        "unknown" : 0,
        "total" : 250
      },
      "items" : [ {
        "uid" : "d2293aebb123cdc1",
        "reportUrl" : "https://lambotik.github.io/Oblache/464//#testresult/d2293aebb123cdc1",
        "status" : "passed",
        "time" : {
          "start" : 1754532583688,
          "stop" : 1754532584544,
          "duration" : 856
        }
      }, {
        "uid" : "759f53bcc53763e",
        "reportUrl" : "https://lambotik.github.io/Oblache/463//#testresult/759f53bcc53763e",
        "status" : "failed",
        "statusDetails" : "AssertionError: Incorrect status code: 502",
        "time" : {
          "start" : 1754446162595,
          "stop" : 1754446163078,
          "duration" : 483
        }
      }, {
        "uid" : "cfd5dfa9aeaecf0e",
        "reportUrl" : "https://lambotik.github.io/Oblache/462//#testresult/cfd5dfa9aeaecf0e",
        "status" : "passed",
        "time" : {
          "start" : 1754359857223,
          "stop" : 1754359857963,
          "duration" : 740
        }
      }, {
        "uid" : "c556443e59435ad",
        "reportUrl" : "https://lambotik.github.io/Oblache/461//#testresult/c556443e59435ad",
        "status" : "passed",
        "time" : {
          "start" : 1754274192081,
          "stop" : 1754274192828,
          "duration" : 747
        }
      }, {
        "uid" : "241a4f64e8147a9e",
        "reportUrl" : "https://lambotik.github.io/Oblache/460//#testresult/241a4f64e8147a9e",
        "status" : "passed",
        "time" : {
          "start" : 1754187819540,
          "stop" : 1754187820400,
          "duration" : 860
        }
      }, {
        "uid" : "aa63c1fdafd9613f",
        "reportUrl" : "https://lambotik.github.io/Oblache/459//#testresult/aa63c1fdafd9613f",
        "status" : "passed",
        "time" : {
          "start" : 1754100159880,
          "stop" : 1754100160609,
          "duration" : 729
        }
      }, {
        "uid" : "a3fe72eaac4030b9",
        "reportUrl" : "https://lambotik.github.io/Oblache/458//#testresult/a3fe72eaac4030b9",
        "status" : "passed",
        "time" : {
          "start" : 1754015090118,
          "stop" : 1754015090852,
          "duration" : 734
        }
      }, {
        "uid" : "22ad133e619edd70",
        "reportUrl" : "https://lambotik.github.io/Oblache/457//#testresult/22ad133e619edd70",
        "status" : "passed",
        "time" : {
          "start" : 1753927681831,
          "stop" : 1753927682637,
          "duration" : 806
        }
      }, {
        "uid" : "9a18d41724750583",
        "reportUrl" : "https://lambotik.github.io/Oblache/456//#testresult/9a18d41724750583",
        "status" : "passed",
        "time" : {
          "start" : 1753841303882,
          "stop" : 1753841304652,
          "duration" : 770
        }
      }, {
        "uid" : "e165f18144cecabf",
        "reportUrl" : "https://lambotik.github.io/Oblache/455//#testresult/e165f18144cecabf",
        "status" : "passed",
        "time" : {
          "start" : 1753755821915,
          "stop" : 1753755822798,
          "duration" : 883
        }
      }, {
        "uid" : "40a667c82fa0e11f",
        "reportUrl" : "https://lambotik.github.io/Oblache/454//#testresult/40a667c82fa0e11f",
        "status" : "passed",
        "time" : {
          "start" : 1753668748812,
          "stop" : 1753668749644,
          "duration" : 832
        }
      }, {
        "uid" : "32173b522d4cd526",
        "reportUrl" : "https://lambotik.github.io/Oblache/453//#testresult/32173b522d4cd526",
        "status" : "failed",
        "statusDetails" : "AssertionError: Result is not equal expected value",
        "time" : {
          "start" : 1753582885526,
          "stop" : 1753582886034,
          "duration" : 508
        }
      }, {
        "uid" : "f5befad54aaae773",
        "reportUrl" : "https://lambotik.github.io/Oblache/452//#testresult/f5befad54aaae773",
        "status" : "failed",
        "statusDetails" : "AssertionError: Result is not equal expected value",
        "time" : {
          "start" : 1753495283992,
          "stop" : 1753495284296,
          "duration" : 304
        }
      }, {
        "uid" : "b055bec2e0a5099c",
        "reportUrl" : "https://lambotik.github.io/Oblache/451//#testresult/b055bec2e0a5099c",
        "status" : "failed",
        "statusDetails" : "AssertionError: Result is not equal expected value",
        "time" : {
          "start" : 1753409122745,
          "stop" : 1753409123116,
          "duration" : 371
        }
      }, {
        "uid" : "803ff6a11b16c6ba",
        "reportUrl" : "https://lambotik.github.io/Oblache/450//#testresult/803ff6a11b16c6ba",
        "status" : "failed",
        "statusDetails" : "AssertionError: Result is not equal expected value",
        "time" : {
          "start" : 1751332921788,
          "stop" : 1751332922103,
          "duration" : 315
        }
      }, {
        "uid" : "e9f05761311cfff9",
        "reportUrl" : "https://lambotik.github.io/Oblache/449//#testresult/e9f05761311cfff9",
        "status" : "failed",
        "statusDetails" : "AssertionError: Result is not equal expected value",
        "time" : {
          "start" : 1751246322328,
          "stop" : 1751246322640,
          "duration" : 312
        }
      }, {
        "uid" : "12383d333f2253c",
        "reportUrl" : "https://lambotik.github.io/Oblache/448//#testresult/12383d333f2253c",
        "status" : "failed",
        "statusDetails" : "AssertionError: Result is not equal expected value",
        "time" : {
          "start" : 1751160122441,
          "stop" : 1751160122849,
          "duration" : 408
        }
      }, {
        "uid" : "a80769a2439f773f",
        "reportUrl" : "https://lambotik.github.io/Oblache/447//#testresult/a80769a2439f773f",
        "status" : "failed",
        "statusDetails" : "AssertionError: Result is not equal expected value",
        "time" : {
          "start" : 1751073116932,
          "stop" : 1751073117235,
          "duration" : 303
        }
      }, {
        "uid" : "6699b02db3ac845e",
        "reportUrl" : "https://lambotik.github.io/Oblache/446//#testresult/6699b02db3ac845e",
        "status" : "failed",
        "statusDetails" : "AssertionError: Result is not equal expected value",
        "time" : {
          "start" : 1750986890099,
          "stop" : 1750986890607,
          "duration" : 508
        }
      }, {
        "uid" : "8cddc385336628bb",
        "reportUrl" : "https://lambotik.github.io/Oblache/445//#testresult/8cddc385336628bb",
        "status" : "failed",
        "statusDetails" : "AssertionError: Result is not equal expected value",
        "time" : {
          "start" : 1750900424501,
          "stop" : 1750900424874,
          "duration" : 373
        }
      } ]
    },
    "tags" : [ ]
  },
  "source" : "aa8e49b161726d56.json",
  "parameterValues" : [ ]
}