{
  "uid" : "cfcd73ae4b32bcbd",
  "name" : "GET profile information.",
  "fullName" : "tests_api.test_bd.TestGET#test_get_profile",
  "historyId" : "766cb6f3a7cf6add5fb057e07bf28012",
  "time" : {
    "start" : 1756259306595,
    "stop" : 1756259306982,
    "duration" : 387
  },
  "status" : "failed",
  "statusMessage" : "AssertionError: Incorrect status code: 405",
  "statusTrace" : "self = <tests_api.test_bd.TestGET object at 0x7f2927bf3320>\n\n    @allure.title('GET profile information.')\n    def test_get_profile(self):\n        response = API.get_profile(token=TestGET.token)\n>       Checking.check_status_code(response, 200)\n\ntests_api/test_bd.py:73: \n_ _ _ _ _ _ _ _ _ _ _ _ _ _ _ _ _ _ _ _ _ _ _ _ _ _ _ _ _ _ _ _ _ _ _ _ _ _ _ _ \n\nresult = <Response [405]>, status_code = 200\n\n    @staticmethod\n    def check_status_code(result: requests.models.Response, status_code: int):\n        \"\"\"\n        Method check status code\n        :param result: Response\n        :param status_code:\n        \"\"\"\n        with allure.step(f'Assert status code: {status_code} == Response status code: {result.status_code}'):\n>           assert status_code == result.status_code, f'Incorrect status code: {result.status_code}'\nE           AssertionError: Incorrect status code: 405\n\ntests_api/utils/checking.py:16: AssertionError",
  "flaky" : false,
  "newFailed" : false,
  "beforeStages" : [ ],
  "testStage" : {
    "status" : "failed",
    "statusMessage" : "AssertionError: Incorrect status code: 405",
    "statusTrace" : "self = <tests_api.test_bd.TestGET object at 0x7f2927bf3320>\n\n    @allure.title('GET profile information.')\n    def test_get_profile(self):\n        response = API.get_profile(token=TestGET.token)\n>       Checking.check_status_code(response, 200)\n\ntests_api/test_bd.py:73: \n_ _ _ _ _ _ _ _ _ _ _ _ _ _ _ _ _ _ _ _ _ _ _ _ _ _ _ _ _ _ _ _ _ _ _ _ _ _ _ _ \n\nresult = <Response [405]>, status_code = 200\n\n    @staticmethod\n    def check_status_code(result: requests.models.Response, status_code: int):\n        \"\"\"\n        Method check status code\n        :param result: Response\n        :param status_code:\n        \"\"\"\n        with allure.step(f'Assert status code: {status_code} == Response status code: {result.status_code}'):\n>           assert status_code == result.status_code, f'Incorrect status code: {result.status_code}'\nE           AssertionError: Incorrect status code: 405\n\ntests_api/utils/checking.py:16: AssertionError",
    "steps" : [ {
      "name" : "Endpoint: /get_profile",
      "time" : {
        "start" : 1756259306981,
        "stop" : 1756259306981,
        "duration" : 0
      },
      "status" : "passed",
      "steps" : [ ],
      "attachments" : [ ],
      "parameters" : [ ],
      "stepsCount" : 0,
      "attachmentsCount" : 0,
      "shouldDisplayMessage" : false,
      "hasContent" : false
    }, {
      "name" : "Request:",
      "time" : {
        "start" : 1756259306981,
        "stop" : 1756259306981,
        "duration" : 0
      },
      "status" : "passed",
      "steps" : [ {
        "name" : "Headers: {'Content-Type': 'application/json', 'Authorization': 'b2932a75-45b3-41e9-afcf-0b47ad1b70ae'}",
        "time" : {
          "start" : 1756259306981,
          "stop" : 1756259306981,
          "duration" : 0
        },
        "status" : "passed",
        "steps" : [ ],
        "attachments" : [ ],
        "parameters" : [ ],
        "stepsCount" : 0,
        "attachmentsCount" : 0,
        "shouldDisplayMessage" : false,
        "hasContent" : false
      }, {
        "name" : "Body: None",
        "time" : {
          "start" : 1756259306981,
          "stop" : 1756259306981,
          "duration" : 0
        },
        "status" : "passed",
        "steps" : [ ],
        "attachments" : [ ],
        "parameters" : [ ],
        "stepsCount" : 0,
        "attachmentsCount" : 0,
        "shouldDisplayMessage" : false,
        "hasContent" : false
      } ],
      "attachments" : [ ],
      "parameters" : [ ],
      "stepsCount" : 2,
      "attachmentsCount" : 0,
      "shouldDisplayMessage" : false,
      "hasContent" : true
    }, {
      "name" : "Response:",
      "time" : {
        "start" : 1756259306981,
        "stop" : 1756259306981,
        "duration" : 0
      },
      "status" : "passed",
      "steps" : [ {
        "name" : "Status code: 405",
        "time" : {
          "start" : 1756259306981,
          "stop" : 1756259306981,
          "duration" : 0
        },
        "status" : "passed",
        "steps" : [ ],
        "attachments" : [ ],
        "parameters" : [ ],
        "stepsCount" : 0,
        "attachmentsCount" : 0,
        "shouldDisplayMessage" : false,
        "hasContent" : false
      }, {
        "name" : "JSON: {\n    \"message\": \"The method is not allowed for the requested URL.\"\n}\n",
        "time" : {
          "start" : 1756259306981,
          "stop" : 1756259306981,
          "duration" : 0
        },
        "status" : "passed",
        "steps" : [ ],
        "attachments" : [ ],
        "parameters" : [ ],
        "stepsCount" : 0,
        "attachmentsCount" : 0,
        "shouldDisplayMessage" : false,
        "hasContent" : false
      } ],
      "attachments" : [ ],
      "parameters" : [ ],
      "stepsCount" : 2,
      "attachmentsCount" : 0,
      "shouldDisplayMessage" : false,
      "hasContent" : true
    }, {
      "name" : "Assert status code: 200 == Response status code: 405",
      "time" : {
        "start" : 1756259306981,
        "stop" : 1756259306981,
        "duration" : 0
      },
      "status" : "failed",
      "statusMessage" : "AssertionError: Incorrect status code: 405\n",
      "statusTrace" : "  File \"/home/runner/work/Oblache/Oblache/tests_api/utils/checking.py\", line 16, in check_status_code\n    assert status_code == result.status_code, f'Incorrect status code: {result.status_code}'\n           ^^^^^^^^^^^^^^^^^^^^^^^^^^^^^^^^^\n",
      "steps" : [ ],
      "attachments" : [ ],
      "parameters" : [ ],
      "stepsCount" : 0,
      "attachmentsCount" : 0,
      "shouldDisplayMessage" : true,
      "hasContent" : true
    } ],
    "attachments" : [ ],
    "parameters" : [ ],
    "stepsCount" : 8,
    "attachmentsCount" : 0,
    "shouldDisplayMessage" : true,
    "hasContent" : true
  },
  "afterStages" : [ ],
  "labels" : [ {
    "name" : "suite",
    "value" : "GET"
  }, {
    "name" : "parentSuite",
    "value" : "tests_api"
  }, {
    "name" : "subSuite",
    "value" : "TestGET"
  }, {
    "name" : "host",
    "value" : "pkrvmqc4gcfdwos"
  }, {
    "name" : "thread",
    "value" : "2586-MainThread"
  }, {
    "name" : "framework",
    "value" : "pytest"
  }, {
    "name" : "language",
    "value" : "cpython3"
  }, {
    "name" : "package",
    "value" : "tests_api.test_bd"
  }, {
    "name" : "resultFormat",
    "value" : "allure2"
  } ],
  "parameters" : [ ],
  "links" : [ ],
  "hidden" : false,
  "retry" : false,
  "extra" : {
    "severity" : "normal",
    "retries" : [ ],
    "categories" : [ {
      "name" : "Product defects",
      "matchedStatuses" : [ ],
      "flaky" : false
    } ],
    "history" : {
      "statistic" : {
        "failed" : 248,
        "broken" : 0,
        "skipped" : 0,
        "passed" : 21,
        "unknown" : 0,
        "total" : 269
      },
      "items" : [ {
        "uid" : "990a0b7b6748cb8f",
        "reportUrl" : "https://lambotik.github.io/Oblache/483//#testresult/990a0b7b6748cb8f",
        "status" : "failed",
        "statusDetails" : "AssertionError: Incorrect status code: 405",
        "time" : {
          "start" : 1756173120565,
          "stop" : 1756173121007,
          "duration" : 442
        }
      }, {
        "uid" : "ec69d70960cd6af6",
        "reportUrl" : "https://lambotik.github.io/Oblache/482//#testresult/ec69d70960cd6af6",
        "status" : "failed",
        "statusDetails" : "AssertionError: Incorrect status code: 405",
        "time" : {
          "start" : 1756086945545,
          "stop" : 1756086946043,
          "duration" : 498
        }
      }, {
        "uid" : "ff3e3c3983ac887",
        "reportUrl" : "https://lambotik.github.io/Oblache/481//#testresult/ff3e3c3983ac887",
        "status" : "failed",
        "statusDetails" : "AssertionError: Incorrect status code: 405",
        "time" : {
          "start" : 1756000904425,
          "stop" : 1756000904912,
          "duration" : 487
        }
      }, {
        "uid" : "9d5f3f5af7dae583",
        "reportUrl" : "https://lambotik.github.io/Oblache/480//#testresult/9d5f3f5af7dae583",
        "status" : "failed",
        "statusDetails" : "AssertionError: Incorrect status code: 405",
        "time" : {
          "start" : 1755913615755,
          "stop" : 1755913616041,
          "duration" : 286
        }
      }, {
        "uid" : "e23a625fb390a0be",
        "reportUrl" : "https://lambotik.github.io/Oblache/479//#testresult/e23a625fb390a0be",
        "status" : "failed",
        "statusDetails" : "AssertionError: Incorrect status code: 405",
        "time" : {
          "start" : 1755827455963,
          "stop" : 1755827456247,
          "duration" : 284
        }
      }, {
        "uid" : "6adab874e3567fa3",
        "reportUrl" : "https://lambotik.github.io/Oblache/478//#testresult/6adab874e3567fa3",
        "status" : "failed",
        "statusDetails" : "AssertionError: Incorrect status code: 405",
        "time" : {
          "start" : 1755741000040,
          "stop" : 1755741000373,
          "duration" : 333
        }
      }, {
        "uid" : "86f0406f4deb1baa",
        "reportUrl" : "https://lambotik.github.io/Oblache/477//#testresult/86f0406f4deb1baa",
        "status" : "failed",
        "statusDetails" : "AssertionError: Incorrect status code: 405",
        "time" : {
          "start" : 1755654693804,
          "stop" : 1755654694183,
          "duration" : 379
        }
      }, {
        "uid" : "71f489898f5e309",
        "reportUrl" : "https://lambotik.github.io/Oblache/476//#testresult/71f489898f5e309",
        "status" : "failed",
        "statusDetails" : "AssertionError: Incorrect status code: 405",
        "time" : {
          "start" : 1755568413205,
          "stop" : 1755568413583,
          "duration" : 378
        }
      }, {
        "uid" : "9c35e0ff8b2172df",
        "reportUrl" : "https://lambotik.github.io/Oblache/475//#testresult/9c35e0ff8b2172df",
        "status" : "failed",
        "statusDetails" : "AssertionError: Incorrect status code: 405",
        "time" : {
          "start" : 1755482770812,
          "stop" : 1755482771170,
          "duration" : 358
        }
      }, {
        "uid" : "3a81ac9e83287bf9",
        "reportUrl" : "https://lambotik.github.io/Oblache/474//#testresult/3a81ac9e83287bf9",
        "status" : "failed",
        "statusDetails" : "AssertionError: Incorrect status code: 405",
        "time" : {
          "start" : 1755396348335,
          "stop" : 1755396348923,
          "duration" : 588
        }
      }, {
        "uid" : "45753775ae8b3239",
        "reportUrl" : "https://lambotik.github.io/Oblache/473//#testresult/45753775ae8b3239",
        "status" : "failed",
        "statusDetails" : "AssertionError: Incorrect status code: 405",
        "time" : {
          "start" : 1755309250326,
          "stop" : 1755309250791,
          "duration" : 465
        }
      }, {
        "uid" : "1b33063a0dbcbff1",
        "reportUrl" : "https://lambotik.github.io/Oblache/472//#testresult/1b33063a0dbcbff1",
        "status" : "failed",
        "statusDetails" : "AssertionError: Incorrect status code: 502",
        "time" : {
          "start" : 1755223197643,
          "stop" : 1755223197921,
          "duration" : 278
        }
      }, {
        "uid" : "e9e38cdd6d536ccc",
        "reportUrl" : "https://lambotik.github.io/Oblache/471//#testresult/e9e38cdd6d536ccc",
        "status" : "failed",
        "statusDetails" : "AssertionError: Incorrect status code: 405",
        "time" : {
          "start" : 1755136757169,
          "stop" : 1755136757522,
          "duration" : 353
        }
      }, {
        "uid" : "a66279ed057a3ea4",
        "reportUrl" : "https://lambotik.github.io/Oblache/470//#testresult/a66279ed057a3ea4",
        "status" : "failed",
        "statusDetails" : "AssertionError: Incorrect status code: 405",
        "time" : {
          "start" : 1755050329013,
          "stop" : 1755050329445,
          "duration" : 432
        }
      }, {
        "uid" : "1fe11cec7503caa6",
        "reportUrl" : "https://lambotik.github.io/Oblache/469//#testresult/1fe11cec7503caa6",
        "status" : "failed",
        "statusDetails" : "AssertionError: Incorrect status code: 405",
        "time" : {
          "start" : 1754963806081,
          "stop" : 1754963806363,
          "duration" : 282
        }
      }, {
        "uid" : "f51f965ed4a8c8e0",
        "reportUrl" : "https://lambotik.github.io/Oblache/468//#testresult/f51f965ed4a8c8e0",
        "status" : "failed",
        "statusDetails" : "AssertionError: Incorrect status code: 405",
        "time" : {
          "start" : 1754878142573,
          "stop" : 1754878143035,
          "duration" : 462
        }
      }, {
        "uid" : "2c46191a63cf5e59",
        "reportUrl" : "https://lambotik.github.io/Oblache/467//#testresult/2c46191a63cf5e59",
        "status" : "failed",
        "statusDetails" : "AssertionError: Incorrect status code: 502",
        "time" : {
          "start" : 1754791966128,
          "stop" : 1754791966706,
          "duration" : 578
        }
      }, {
        "uid" : "a8ad6fc21beb3ee5",
        "reportUrl" : "https://lambotik.github.io/Oblache/466//#testresult/a8ad6fc21beb3ee5",
        "status" : "failed",
        "statusDetails" : "AssertionError: Incorrect status code: 405",
        "time" : {
          "start" : 1754704664861,
          "stop" : 1754704665151,
          "duration" : 290
        }
      }, {
        "uid" : "f98afe854fabdcb4",
        "reportUrl" : "https://lambotik.github.io/Oblache/465//#testresult/f98afe854fabdcb4",
        "status" : "failed",
        "statusDetails" : "AssertionError: Incorrect status code: 502",
        "time" : {
          "start" : 1754618924871,
          "stop" : 1754618925447,
          "duration" : 576
        }
      }, {
        "uid" : "2ca4fcf6f7e7ef9a",
        "reportUrl" : "https://lambotik.github.io/Oblache/464//#testresult/2ca4fcf6f7e7ef9a",
        "status" : "failed",
        "statusDetails" : "AssertionError: Incorrect status code: 405",
        "time" : {
          "start" : 1754532554856,
          "stop" : 1754532555468,
          "duration" : 612
        }
      } ]
    },
    "tags" : [ ]
  },
  "source" : "cfcd73ae4b32bcbd.json",
  "parameterValues" : [ ]
}