{
  "uid" : "11191c4b675a40fd",
  "name" : "POST checking ports_len negative len",
  "fullName" : "tests_api.test_bd.TestPOST#test_post_checking_ports_len_negative_len",
  "historyId" : "9489e2633e96acb1f0103e85b89d7a6f",
  "time" : {
    "start" : 1745802691452,
    "stop" : 1745802691986,
    "duration" : 534
  },
  "status" : "failed",
  "statusMessage" : "AssertionError: Result is not equal expected value",
  "statusTrace" : "self = <tests_api.test_bd.TestPOST object at 0x7f304fbaed50>\n\n    @allure.title('POST checking ports_len negative len')\n    def test_post_checking_ports_len_negative_len(self):\n        result = API.post_create_docker_container_checking_ports(\n            token=TestPOST.token,\n            port_len=\"80,81,82,83,84,85,86,87,88,89,90\")\n        Checking.check_status_code(result, 400)\n>       Checking.check_json_value(result, 'msg', 'msg[]: ports range is too wide')\n\ntests_api/test_bd.py:391: \n_ _ _ _ _ _ _ _ _ _ _ _ _ _ _ _ _ _ _ _ _ _ _ _ _ _ _ _ _ _ _ _ _ _ _ _ _ _ _ _ \n\nresponse = <Response [400]>, field_name = 'msg'\nexpected_value = 'msg[]: ports range is too wide'\n\n    @staticmethod\n    def check_json_value(response: requests.models.Response, field_name: str, expected_value):\n        \"\"\"\n        :param response: requests.models.Response\n        :param field_name:\n        :param expected_value:\n        \"\"\"\n        check = response.json()\n        check_info = check.get(field_name)\n        with allure.step(\n                f'Compare result request with expected value:'\n                f'\\nResponse: {response}\\nField name: {field_name}\\nValue: {expected_value}'):\n>           assert check_info == expected_value, 'Result is not equal expected value'\nE           AssertionError: Result is not equal expected value\n\ntests_api/utils/checking.py:57: AssertionError",
  "flaky" : false,
  "newFailed" : false,
  "beforeStages" : [ ],
  "testStage" : {
    "status" : "failed",
    "statusMessage" : "AssertionError: Result is not equal expected value",
    "statusTrace" : "self = <tests_api.test_bd.TestPOST object at 0x7f304fbaed50>\n\n    @allure.title('POST checking ports_len negative len')\n    def test_post_checking_ports_len_negative_len(self):\n        result = API.post_create_docker_container_checking_ports(\n            token=TestPOST.token,\n            port_len=\"80,81,82,83,84,85,86,87,88,89,90\")\n        Checking.check_status_code(result, 400)\n>       Checking.check_json_value(result, 'msg', 'msg[]: ports range is too wide')\n\ntests_api/test_bd.py:391: \n_ _ _ _ _ _ _ _ _ _ _ _ _ _ _ _ _ _ _ _ _ _ _ _ _ _ _ _ _ _ _ _ _ _ _ _ _ _ _ _ \n\nresponse = <Response [400]>, field_name = 'msg'\nexpected_value = 'msg[]: ports range is too wide'\n\n    @staticmethod\n    def check_json_value(response: requests.models.Response, field_name: str, expected_value):\n        \"\"\"\n        :param response: requests.models.Response\n        :param field_name:\n        :param expected_value:\n        \"\"\"\n        check = response.json()\n        check_info = check.get(field_name)\n        with allure.step(\n                f'Compare result request with expected value:'\n                f'\\nResponse: {response}\\nField name: {field_name}\\nValue: {expected_value}'):\n>           assert check_info == expected_value, 'Result is not equal expected value'\nE           AssertionError: Result is not equal expected value\n\ntests_api/utils/checking.py:57: AssertionError",
    "steps" : [ {
      "name" : "post_create_docker_container",
      "time" : {
        "start" : 1745802691452,
        "stop" : 1745802691986,
        "duration" : 534
      },
      "status" : "passed",
      "steps" : [ {
        "name" : "Endpoint: /container_create",
        "time" : {
          "start" : 1745802691985,
          "stop" : 1745802691985,
          "duration" : 0
        },
        "status" : "passed",
        "steps" : [ ],
        "attachments" : [ ],
        "parameters" : [ ],
        "stepsCount" : 0,
        "attachmentsCount" : 0,
        "shouldDisplayMessage" : false,
        "hasContent" : false
      }, {
        "name" : "Request:",
        "time" : {
          "start" : 1745802691986,
          "stop" : 1745802691986,
          "duration" : 0
        },
        "status" : "passed",
        "steps" : [ {
          "name" : "Headers: {'Content-Type': 'application/json', 'Authorization': '2c4ccdd4-7027-46b5-8b33-460eca63a22f'}",
          "time" : {
            "start" : 1745802691986,
            "stop" : 1745802691986,
            "duration" : 0
          },
          "status" : "passed",
          "steps" : [ ],
          "attachments" : [ ],
          "parameters" : [ ],
          "stepsCount" : 0,
          "attachmentsCount" : 0,
          "shouldDisplayMessage" : false,
          "hasContent" : false
        }, {
          "name" : "Body: {\"docker_image\": \"nginx\", \"int_ports\": f\"80,81,82,83,84,85,86,87,88,89,90\", \"env\": 3, \"region\": 3}",
          "time" : {
            "start" : 1745802691986,
            "stop" : 1745802691986,
            "duration" : 0
          },
          "status" : "passed",
          "steps" : [ ],
          "attachments" : [ ],
          "parameters" : [ ],
          "stepsCount" : 0,
          "attachmentsCount" : 0,
          "shouldDisplayMessage" : false,
          "hasContent" : false
        } ],
        "attachments" : [ ],
        "parameters" : [ ],
        "stepsCount" : 2,
        "attachmentsCount" : 0,
        "shouldDisplayMessage" : false,
        "hasContent" : true
      }, {
        "name" : "Response:",
        "time" : {
          "start" : 1745802691986,
          "stop" : 1745802691986,
          "duration" : 0
        },
        "status" : "passed",
        "steps" : [ {
          "name" : "Status code: 400",
          "time" : {
            "start" : 1745802691986,
            "stop" : 1745802691986,
            "duration" : 0
          },
          "status" : "passed",
          "steps" : [ ],
          "attachments" : [ ],
          "parameters" : [ ],
          "stepsCount" : 0,
          "attachmentsCount" : 0,
          "shouldDisplayMessage" : false,
          "hasContent" : false
        }, {
          "name" : "JSON: {\n    \"msg_code\": -1,\n    \"msg\": \"endpoint is disabled\"\n}\n",
          "time" : {
            "start" : 1745802691986,
            "stop" : 1745802691986,
            "duration" : 0
          },
          "status" : "passed",
          "steps" : [ ],
          "attachments" : [ ],
          "parameters" : [ ],
          "stepsCount" : 0,
          "attachmentsCount" : 0,
          "shouldDisplayMessage" : false,
          "hasContent" : false
        } ],
        "attachments" : [ ],
        "parameters" : [ ],
        "stepsCount" : 2,
        "attachmentsCount" : 0,
        "shouldDisplayMessage" : false,
        "hasContent" : true
      } ],
      "attachments" : [ ],
      "parameters" : [ ],
      "stepsCount" : 7,
      "attachmentsCount" : 0,
      "shouldDisplayMessage" : false,
      "hasContent" : true
    }, {
      "name" : "Assert status code: 400 == Response status code: 400",
      "time" : {
        "start" : 1745802691986,
        "stop" : 1745802691986,
        "duration" : 0
      },
      "status" : "passed",
      "steps" : [ ],
      "attachments" : [ ],
      "parameters" : [ ],
      "stepsCount" : 0,
      "attachmentsCount" : 0,
      "shouldDisplayMessage" : false,
      "hasContent" : false
    }, {
      "name" : "Compare result request with expected value:\nResponse: <Response [400]>\nField name: msg\nValue: msg[]: ports range is too wide",
      "time" : {
        "start" : 1745802691986,
        "stop" : 1745802691986,
        "duration" : 0
      },
      "status" : "failed",
      "statusMessage" : "AssertionError: Result is not equal expected value\n",
      "statusTrace" : "  File \"/home/runner/work/Oblache/Oblache/tests_api/utils/checking.py\", line 57, in check_json_value\n    assert check_info == expected_value, 'Result is not equal expected value'\n           ^^^^^^^^^^^^^^^^^^^^^^^^^^^^\n",
      "steps" : [ ],
      "attachments" : [ ],
      "parameters" : [ ],
      "stepsCount" : 0,
      "attachmentsCount" : 0,
      "shouldDisplayMessage" : true,
      "hasContent" : true
    } ],
    "attachments" : [ ],
    "parameters" : [ ],
    "stepsCount" : 10,
    "attachmentsCount" : 0,
    "shouldDisplayMessage" : true,
    "hasContent" : true
  },
  "afterStages" : [ ],
  "labels" : [ {
    "name" : "suite",
    "value" : "POST"
  }, {
    "name" : "parentSuite",
    "value" : "tests_api"
  }, {
    "name" : "subSuite",
    "value" : "TestPOST"
  }, {
    "name" : "host",
    "value" : "fv-az1344-101"
  }, {
    "name" : "thread",
    "value" : "2529-MainThread"
  }, {
    "name" : "framework",
    "value" : "pytest"
  }, {
    "name" : "language",
    "value" : "cpython3"
  }, {
    "name" : "package",
    "value" : "tests_api.test_bd"
  }, {
    "name" : "resultFormat",
    "value" : "allure2"
  } ],
  "parameters" : [ ],
  "links" : [ ],
  "hidden" : false,
  "retry" : false,
  "extra" : {
    "severity" : "normal",
    "retries" : [ ],
    "categories" : [ {
      "name" : "Product defects",
      "matchedStatuses" : [ ],
      "flaky" : false
    } ],
    "history" : {
      "statistic" : {
        "failed" : 138,
        "broken" : 0,
        "skipped" : 0,
        "passed" : 36,
        "unknown" : 0,
        "total" : 174
      },
      "items" : [ {
        "uid" : "343f384dc069b007",
        "reportUrl" : "https://lambotik.github.io/Oblache/385//#testresult/343f384dc069b007",
        "status" : "failed",
        "statusDetails" : "AssertionError: Result is not equal expected value",
        "time" : {
          "start" : 1745716415134,
          "stop" : 1745716415644,
          "duration" : 510
        }
      }, {
        "uid" : "e4012ab52b933cd5",
        "reportUrl" : "https://lambotik.github.io/Oblache/384//#testresult/e4012ab52b933cd5",
        "status" : "failed",
        "statusDetails" : "AssertionError: Result is not equal expected value",
        "time" : {
          "start" : 1745629608995,
          "stop" : 1745629609397,
          "duration" : 402
        }
      }, {
        "uid" : "b4d8b2d132a0dd9f",
        "reportUrl" : "https://lambotik.github.io/Oblache/383//#testresult/b4d8b2d132a0dd9f",
        "status" : "failed",
        "statusDetails" : "AssertionError: Result is not equal expected value",
        "time" : {
          "start" : 1745543365338,
          "stop" : 1745543365862,
          "duration" : 524
        }
      }, {
        "uid" : "1b19187840ee6915",
        "reportUrl" : "https://lambotik.github.io/Oblache/382//#testresult/1b19187840ee6915",
        "status" : "failed",
        "statusDetails" : "AssertionError: Result is not equal expected value",
        "time" : {
          "start" : 1745456954739,
          "stop" : 1745456955118,
          "duration" : 379
        }
      }, {
        "uid" : "a124e04f88bfc35e",
        "reportUrl" : "https://lambotik.github.io/Oblache/381//#testresult/a124e04f88bfc35e",
        "status" : "failed",
        "statusDetails" : "AssertionError: Result is not equal expected value",
        "time" : {
          "start" : 1745370562167,
          "stop" : 1745370562634,
          "duration" : 467
        }
      }, {
        "uid" : "115f62cd2b399913",
        "reportUrl" : "https://lambotik.github.io/Oblache/380//#testresult/115f62cd2b399913",
        "status" : "failed",
        "statusDetails" : "AssertionError: Result is not equal expected value",
        "time" : {
          "start" : 1745284134219,
          "stop" : 1745284134725,
          "duration" : 506
        }
      }, {
        "uid" : "2ca97d07bea2e3d6",
        "reportUrl" : "https://lambotik.github.io/Oblache/379//#testresult/2ca97d07bea2e3d6",
        "status" : "failed",
        "statusDetails" : "AssertionError: Result is not equal expected value",
        "time" : {
          "start" : 1745197951692,
          "stop" : 1745197952211,
          "duration" : 519
        }
      }, {
        "uid" : "4135cb1491df6d45",
        "reportUrl" : "https://lambotik.github.io/Oblache/378//#testresult/4135cb1491df6d45",
        "status" : "failed",
        "statusDetails" : "AssertionError: Result is not equal expected value",
        "time" : {
          "start" : 1745111588523,
          "stop" : 1745111588828,
          "duration" : 305
        }
      }, {
        "uid" : "4705e3a13ac73b7d",
        "reportUrl" : "https://lambotik.github.io/Oblache/377//#testresult/4705e3a13ac73b7d",
        "status" : "failed",
        "statusDetails" : "AssertionError: Result is not equal expected value",
        "time" : {
          "start" : 1745024736505,
          "stop" : 1745024736995,
          "duration" : 490
        }
      }, {
        "uid" : "40f2b213fdbdeec7",
        "reportUrl" : "https://lambotik.github.io/Oblache/376//#testresult/40f2b213fdbdeec7",
        "status" : "failed",
        "statusDetails" : "AssertionError: Result is not equal expected value",
        "time" : {
          "start" : 1744938463844,
          "stop" : 1744938464210,
          "duration" : 366
        }
      }, {
        "uid" : "bf9579717ba01840",
        "reportUrl" : "https://lambotik.github.io/Oblache/375//#testresult/bf9579717ba01840",
        "status" : "failed",
        "statusDetails" : "AssertionError: Result is not equal expected value",
        "time" : {
          "start" : 1744852101183,
          "stop" : 1744852101593,
          "duration" : 410
        }
      }, {
        "uid" : "fed49b16563ea9d1",
        "reportUrl" : "https://lambotik.github.io/Oblache/374//#testresult/fed49b16563ea9d1",
        "status" : "failed",
        "statusDetails" : "AssertionError: Result is not equal expected value",
        "time" : {
          "start" : 1744765746781,
          "stop" : 1744765747082,
          "duration" : 301
        }
      }, {
        "uid" : "92d4863d1135f72c",
        "reportUrl" : "https://lambotik.github.io/Oblache/373//#testresult/92d4863d1135f72c",
        "status" : "failed",
        "statusDetails" : "AssertionError: Result is not equal expected value",
        "time" : {
          "start" : 1744679387236,
          "stop" : 1744679387546,
          "duration" : 310
        }
      }, {
        "uid" : "c5786f5fadc877fd",
        "reportUrl" : "https://lambotik.github.io/Oblache/372//#testresult/c5786f5fadc877fd",
        "status" : "failed",
        "statusDetails" : "AssertionError: Result is not equal expected value",
        "time" : {
          "start" : 1744593053533,
          "stop" : 1744593053852,
          "duration" : 319
        }
      }, {
        "uid" : "be548d125775874a",
        "reportUrl" : "https://lambotik.github.io/Oblache/371//#testresult/be548d125775874a",
        "status" : "failed",
        "statusDetails" : "AssertionError: Result is not equal expected value",
        "time" : {
          "start" : 1744511803760,
          "stop" : 1744511804073,
          "duration" : 313
        }
      }, {
        "uid" : "448cfa7c8918575b",
        "reportUrl" : "https://lambotik.github.io/Oblache/370//#testresult/448cfa7c8918575b",
        "status" : "failed",
        "statusDetails" : "AssertionError: Result is not equal expected value",
        "time" : {
          "start" : 1744419986679,
          "stop" : 1744419986994,
          "duration" : 315
        }
      }, {
        "uid" : "14d3e2969da110e4",
        "reportUrl" : "https://lambotik.github.io/Oblache/369//#testresult/14d3e2969da110e4",
        "status" : "failed",
        "statusDetails" : "AssertionError: Result is not equal expected value",
        "time" : {
          "start" : 1744333698787,
          "stop" : 1744333699101,
          "duration" : 314
        }
      }, {
        "uid" : "c0bf6e2becf75549",
        "reportUrl" : "https://lambotik.github.io/Oblache/368//#testresult/c0bf6e2becf75549",
        "status" : "failed",
        "statusDetails" : "AssertionError: Result is not equal expected value",
        "time" : {
          "start" : 1744247246253,
          "stop" : 1744247246768,
          "duration" : 515
        }
      }, {
        "uid" : "2db284ae8f7f509c",
        "reportUrl" : "https://lambotik.github.io/Oblache/367//#testresult/2db284ae8f7f509c",
        "status" : "failed",
        "statusDetails" : "AssertionError: Result is not equal expected value",
        "time" : {
          "start" : 1744160851474,
          "stop" : 1744160851976,
          "duration" : 502
        }
      }, {
        "uid" : "adb9fe95c9e3354c",
        "reportUrl" : "https://lambotik.github.io/Oblache/366//#testresult/adb9fe95c9e3354c",
        "status" : "failed",
        "statusDetails" : "AssertionError: Result is not equal expected value",
        "time" : {
          "start" : 1744074433741,
          "stop" : 1744074434231,
          "duration" : 490
        }
      } ]
    },
    "tags" : [ ]
  },
  "source" : "11191c4b675a40fd.json",
  "parameterValues" : [ ]
}