{"uid":"bda5ee9a359ef884","name":"Checking the copy of the database UUID","fullName":"tests_ui.test_ui.TestProfilePage#test_clipboard_uuid_db","historyId":"b32cefb1d87a8aa3bb37280cb980702f","time":{"start":1763517340845,"stop":1763517346756,"duration":5911},"status":"broken","statusMessage":"selenium.common.exceptions.TimeoutException: Message: Can't find elements by locator ('xpath', '//tbody[@id=\"tbody_dbs\"]//tr')","statusTrace":"self = <tests_ui.test_ui.TestProfilePage object at 0x7f0655281d00>\ndriver = <selenium.webdriver.chrome.webdriver.WebDriver (session=\"3c0919ddc2c1ad968123fe509642917e\")>\nauthorization_user = None\nget_token = ('76cda302-205f-4e21-baeb-4d204908c1de', {'email': 'test4@mail.com', 'password': 'testpassword'}, 'testpassword', '123456789', 'test4@mail.com')\n\n    @allure.title('Checking the copy of the database UUID')\n    def test_clipboard_uuid_db(self, driver, authorization_user, get_token):\n        page = ProfilePage(driver, authorization_user)\n        page.click_button_databases()\n>       page.check_clipboard(\n            table_xpath='//tbody[@id=\"tbody_dbs\"]',\n            token=get_token[0])\n\ntests_ui/test_ui.py:106: \n_ _ _ _ _ _ _ _ _ _ _ _ _ _ _ _ _ _ _ _ _ _ _ _ _ _ _ _ _ _ _ _ _ _ _ _ _ _ _ _ \ntests_ui/profile_page.py:106: in check_clipboard\n    databases_list = self.elements_are_present((By.XPATH, f'{table_xpath}//tr'))\ntests_ui/base_page.py:50: in elements_are_present\n    return Wait(self.driver, self.timeout).until(\n_ _ _ _ _ _ _ _ _ _ _ _ _ _ _ _ _ _ _ _ _ _ _ _ _ _ _ _ _ _ _ _ _ _ _ _ _ _ _ _ \n\nself = <selenium.webdriver.support.wait.WebDriverWait (session=\"3c0919ddc2c1ad968123fe509642917e\")>\nmethod = <function presence_of_all_elements_located.<locals>._predicate at 0x7f0654934f40>\nmessage = 'Can\\'t find elements by locator (\\'xpath\\', \\'//tbody[@id=\"tbody_dbs\"]//tr\\')'\n\n    def until(self, method: Callable[[D], Union[Literal[False], T]], message: str = \"\") -> T:\n        \"\"\"Calls the method provided with the driver as an argument until the \\\n        return value does not evaluate to ``False``.\n    \n        :param method: callable(WebDriver)\n        :param message: optional message for :exc:`TimeoutException`\n        :returns: the result of the last call to `method`\n        :raises: :exc:`selenium.common.exceptions.TimeoutException` if timeout occurs\n        \"\"\"\n        screen = None\n        stacktrace = None\n    \n        end_time = time.monotonic() + self._timeout\n        while True:\n            try:\n                value = method(self._driver)\n                if value:\n                    return value\n            except self._ignored_exceptions as exc:\n                screen = getattr(exc, \"screen\", None)\n                stacktrace = getattr(exc, \"stacktrace\", None)\n            time.sleep(self._poll)\n            if time.monotonic() > end_time:\n                break\n>       raise TimeoutException(message, screen, stacktrace)\nE       selenium.common.exceptions.TimeoutException: Message: Can't find elements by locator ('xpath', '//tbody[@id=\"tbody_dbs\"]//tr')\n\n/opt/hostedtoolcache/Python/3.12.12/x64/lib/python3.12/site-packages/selenium/webdriver/support/wait.py:105: TimeoutException","flaky":false,"newFailed":false,"newBroken":true,"newPassed":false,"retriesCount":0,"retriesStatusChange":false,"beforeStages":[{"name":"get_token","time":{"start":1763517321277,"stop":1763517321601,"duration":324},"status":"passed","steps":[{"name":"Assert status code: 200 == Response status code: 200","time":{"start":1763517321601,"stop":1763517321601,"duration":0},"status":"passed","steps":[],"attachments":[],"parameters":[],"stepsCount":0,"shouldDisplayMessage":false,"attachmentsCount":0,"hasContent":false,"attachmentStep":false}],"attachments":[],"parameters":[],"stepsCount":1,"shouldDisplayMessage":false,"attachmentsCount":0,"hasContent":true,"attachmentStep":false},{"name":"driver","time":{"start":1763517340058,"stop":1763517340325,"duration":267},"status":"passed","steps":[],"attachments":[],"parameters":[],"stepsCount":0,"shouldDisplayMessage":false,"attachmentsCount":0,"hasContent":false,"attachmentStep":false},{"name":"authorization_user","time":{"start":1763517340325,"stop":1763517340845,"duration":520},"status":"passed","steps":[{"name":"Open page: https://oblache.areso.pro/register.html","time":{"start":1763517340325,"stop":1763517340637,"duration":312},"status":"passed","steps":[],"attachments":[],"parameters":[],"stepsCount":0,"shouldDisplayMessage":false,"attachmentsCount":0,"hasContent":false,"attachmentStep":false},{"name":"Login user","time":{"start":1763517340637,"stop":1763517340845,"duration":208},"status":"passed","steps":[{"name":"Enter email.","time":{"start":1763517340638,"stop":1763517340699,"duration":61},"status":"passed","steps":[],"attachments":[],"parameters":[],"stepsCount":0,"shouldDisplayMessage":false,"attachmentsCount":0,"hasContent":false,"attachmentStep":false},{"name":"Enter password.","time":{"start":1763517340699,"stop":1763517340749,"duration":50},"status":"passed","steps":[],"attachments":[],"parameters":[],"stepsCount":0,"shouldDisplayMessage":false,"attachmentsCount":0,"hasContent":false,"attachmentStep":false},{"name":"Click button \"Login\"","time":{"start":1763517340749,"stop":1763517340841,"duration":92},"status":"passed","steps":[],"attachments":[],"parameters":[],"stepsCount":0,"shouldDisplayMessage":false,"attachmentsCount":0,"hasContent":false,"attachmentStep":false},{"name":"Check url is present: https://oblache.areso.pro/register.html","time":{"start":1763517340841,"stop":1763517340845,"duration":4},"status":"passed","steps":[],"attachments":[],"parameters":[],"stepsCount":0,"shouldDisplayMessage":false,"attachmentsCount":0,"hasContent":false,"attachmentStep":false}],"attachments":[],"parameters":[],"stepsCount":4,"shouldDisplayMessage":false,"attachmentsCount":0,"hasContent":true,"attachmentStep":false}],"attachments":[],"parameters":[],"stepsCount":6,"shouldDisplayMessage":false,"attachmentsCount":0,"hasContent":true,"attachmentStep":false}],"testStage":{"status":"broken","statusMessage":"selenium.common.exceptions.TimeoutException: Message: Can't find elements by locator ('xpath', '//tbody[@id=\"tbody_dbs\"]//tr')","statusTrace":"self = <tests_ui.test_ui.TestProfilePage object at 0x7f0655281d00>\ndriver = <selenium.webdriver.chrome.webdriver.WebDriver (session=\"3c0919ddc2c1ad968123fe509642917e\")>\nauthorization_user = None\nget_token = ('76cda302-205f-4e21-baeb-4d204908c1de', {'email': 'test4@mail.com', 'password': 'testpassword'}, 'testpassword', '123456789', 'test4@mail.com')\n\n    @allure.title('Checking the copy of the database UUID')\n    def test_clipboard_uuid_db(self, driver, authorization_user, get_token):\n        page = ProfilePage(driver, authorization_user)\n        page.click_button_databases()\n>       page.check_clipboard(\n            table_xpath='//tbody[@id=\"tbody_dbs\"]',\n            token=get_token[0])\n\ntests_ui/test_ui.py:106: \n_ _ _ _ _ _ _ _ _ _ _ _ _ _ _ _ _ _ _ _ _ _ _ _ _ _ _ _ _ _ _ _ _ _ _ _ _ _ _ _ \ntests_ui/profile_page.py:106: in check_clipboard\n    databases_list = self.elements_are_present((By.XPATH, f'{table_xpath}//tr'))\ntests_ui/base_page.py:50: in elements_are_present\n    return Wait(self.driver, self.timeout).until(\n_ _ _ _ _ _ _ _ _ _ _ _ _ _ _ _ _ _ _ _ _ _ _ _ _ _ _ _ _ _ _ _ _ _ _ _ _ _ _ _ \n\nself = <selenium.webdriver.support.wait.WebDriverWait (session=\"3c0919ddc2c1ad968123fe509642917e\")>\nmethod = <function presence_of_all_elements_located.<locals>._predicate at 0x7f0654934f40>\nmessage = 'Can\\'t find elements by locator (\\'xpath\\', \\'//tbody[@id=\"tbody_dbs\"]//tr\\')'\n\n    def until(self, method: Callable[[D], Union[Literal[False], T]], message: str = \"\") -> T:\n        \"\"\"Calls the method provided with the driver as an argument until the \\\n        return value does not evaluate to ``False``.\n    \n        :param method: callable(WebDriver)\n        :param message: optional message for :exc:`TimeoutException`\n        :returns: the result of the last call to `method`\n        :raises: :exc:`selenium.common.exceptions.TimeoutException` if timeout occurs\n        \"\"\"\n        screen = None\n        stacktrace = None\n    \n        end_time = time.monotonic() + self._timeout\n        while True:\n            try:\n                value = method(self._driver)\n                if value:\n                    return value\n            except self._ignored_exceptions as exc:\n                screen = getattr(exc, \"screen\", None)\n                stacktrace = getattr(exc, \"stacktrace\", None)\n            time.sleep(self._poll)\n            if time.monotonic() > end_time:\n                break\n>       raise TimeoutException(message, screen, stacktrace)\nE       selenium.common.exceptions.TimeoutException: Message: Can't find elements by locator ('xpath', '//tbody[@id=\"tbody_dbs\"]//tr')\n\n/opt/hostedtoolcache/Python/3.12.12/x64/lib/python3.12/site-packages/selenium/webdriver/support/wait.py:105: TimeoutException","steps":[{"name":"Click \"Databases\" button.","time":{"start":1763517340845,"stop":1763517341694,"duration":849},"status":"passed","steps":[],"attachments":[],"parameters":[],"stepsCount":0,"shouldDisplayMessage":false,"attachmentsCount":0,"hasContent":false,"attachmentStep":false},{"name":"Check clipboard","time":{"start":1763517341694,"stop":1763517346755,"duration":5061},"status":"broken","statusMessage":"selenium.common.exceptions.TimeoutException: Message: Can't find elements by locator ('xpath', '//tbody[@id=\"tbody_dbs\"]//tr')\n\n","statusTrace":"  File \"/opt/hostedtoolcache/Python/3.12.12/x64/lib/python3.12/site-packages/allure_commons/_allure.py\", line 192, in impl\n    return func(*a, **kw)\n           ^^^^^^^^^^^^^^\n  File \"/home/runner/work/Oblache/Oblache/tests_ui/profile_page.py\", line 106, in check_clipboard\n    databases_list = self.elements_are_present((By.XPATH, f'{table_xpath}//tr'))\n                     ^^^^^^^^^^^^^^^^^^^^^^^^^^^^^^^^^^^^^^^^^^^^^^^^^^^^^^^^^^^\n  File \"/home/runner/work/Oblache/Oblache/tests_ui/base_page.py\", line 50, in elements_are_present\n    return Wait(self.driver, self.timeout).until(\n           ^^^^^^^^^^^^^^^^^^^^^^^^^^^^^^^^^^^^^^\n  File \"/opt/hostedtoolcache/Python/3.12.12/x64/lib/python3.12/site-packages/selenium/webdriver/support/wait.py\", line 105, in until\n    raise TimeoutException(message, screen, stacktrace)\n","steps":[],"attachments":[],"parameters":[{"name":"table_xpath","value":"'//tbody[@id=\"tbody_dbs\"]'"},{"name":"token","value":"'76cda302-205f-4e21-baeb-4d204908c1de'"}],"stepsCount":0,"shouldDisplayMessage":true,"attachmentsCount":0,"hasContent":true,"attachmentStep":false}],"attachments":[{"uid":"44ffd84d7eaac29c","name":"Screenshot 2025-11-19 01:55:46.813147","source":"44ffd84d7eaac29c.png","type":"image/png","size":30447}],"parameters":[],"stepsCount":2,"shouldDisplayMessage":true,"attachmentsCount":1,"hasContent":true,"attachmentStep":false},"afterStages":[{"name":"driver::0","time":{"start":1763517346814,"stop":1763517346874,"duration":60},"status":"passed","steps":[],"attachments":[],"parameters":[],"stepsCount":0,"shouldDisplayMessage":false,"attachmentsCount":0,"hasContent":false,"attachmentStep":false}],"labels":[{"name":"suite","value":"Test Profile Page."},{"name":"parentSuite","value":"tests_ui"},{"name":"subSuite","value":"TestProfilePage"},{"name":"host","value":"runnervmg1sw1"},{"name":"thread","value":"2610-MainThread"},{"name":"framework","value":"pytest"},{"name":"language","value":"cpython3"},{"name":"package","value":"tests_ui.test_ui"},{"name":"resultFormat","value":"allure2"}],"parameters":[],"links":[],"hidden":false,"retry":false,"extra":{"severity":"normal","retries":[],"categories":[{"name":"Test defects","matchedStatuses":[],"flaky":false}],"history":{"statistic":{"failed":0,"broken":2,"skipped":0,"passed":12,"unknown":0,"total":14},"items":[{"uid":"389b3bc24a6cb10f","reportUrl":"https://lambotik.github.io/Oblache/567/#testresult/389b3bc24a6cb10f","status":"passed","time":{"start":1763430977425,"stop":1763430981093,"duration":3668}},{"uid":"734f999187bb90e8","reportUrl":"https://lambotik.github.io/Oblache/566/#testresult/734f999187bb90e8","status":"passed","time":{"start":1763344661740,"stop":1763344665281,"duration":3541}},{"uid":"e3faf279b9d03689","reportUrl":"https://lambotik.github.io/Oblache/565/#testresult/e3faf279b9d03689","status":"passed","time":{"start":1763258537261,"stop":1763258540494,"duration":3233}},{"uid":"256086d7a21e66ad","reportUrl":"https://lambotik.github.io/Oblache/564/#testresult/256086d7a21e66ad","status":"passed","time":{"start":1763171537767,"stop":1763171540178,"duration":2411}},{"uid":"5820e780269d8ba8","reportUrl":"https://lambotik.github.io/Oblache/563/#testresult/5820e780269d8ba8","status":"passed","time":{"start":1763085409526,"stop":1763085412966,"duration":3440}},{"uid":"bf43f9b80d463fd4","reportUrl":"https://lambotik.github.io/Oblache/562/#testresult/bf43f9b80d463fd4","status":"passed","time":{"start":1762999061418,"stop":1762999064825,"duration":3407}},{"uid":"950ad3e82b5387ef","reportUrl":"https://lambotik.github.io/Oblache/561/#testresult/950ad3e82b5387ef","status":"passed","time":{"start":1762912560114,"stop":1762912562648,"duration":2534}},{"uid":"169c6cc54af02bf5","reportUrl":"https://lambotik.github.io/Oblache/560/#testresult/169c6cc54af02bf5","status":"passed","time":{"start":1762826199968,"stop":1762826202663,"duration":2695}},{"uid":"734c69361323c00f","reportUrl":"https://lambotik.github.io/Oblache/559/#testresult/734c69361323c00f","status":"passed","time":{"start":1762740031749,"stop":1762740034968,"duration":3219}},{"uid":"22d3a9a29bb6c05f","reportUrl":"https://lambotik.github.io/Oblache/558/#testresult/22d3a9a29bb6c05f","status":"broken","statusDetails":"requests.exceptions.JSONDecodeError: Expecting value: line 1 column 1 (char 0)","time":{"start":1762653542334,"stop":1762653542334,"duration":0}},{"uid":"2a9a1656684e78d4","reportUrl":"https://lambotik.github.io/Oblache/557/#testresult/2a9a1656684e78d4","status":"passed","time":{"start":1762566545202,"stop":1762566548493,"duration":3291}},{"uid":"f01f39c70ca19349","reportUrl":"https://lambotik.github.io/Oblache/556/#testresult/f01f39c70ca19349","status":"passed","time":{"start":1762480544185,"stop":1762480547446,"duration":3261}},{"uid":"66a522c1ca14ef3d","reportUrl":"https://lambotik.github.io/Oblache/555/#testresult/66a522c1ca14ef3d","status":"passed","time":{"start":1762394177367,"stop":1762394180142,"duration":2775}}]},"tags":[]},"source":"bda5ee9a359ef884.json","parameterValues":[]}