{
  "uid" : "254a9181c9562ffa",
  "name" : "test order db create backup non-belonging db",
  "fullName" : "tests_api.test_bd.TestBackup#test_order_db_create_backup_non_belonging_db",
  "historyId" : "46162aec860d9e52ab8a1ce1fe9140b2",
  "time" : {
    "start" : 1757382423609,
    "stop" : 1757382423609,
    "duration" : 0
  },
  "status" : "failed",
  "statusMessage" : "AssertionError: Incorrect status code: 502",
  "statusTrace" : "@pytest.fixture()\n    def get_token_backup_1():\n        \"\"\"\n        Method return:\\n\n        token: str\\n\n        body: dict\\n\n        uuid: str\n        \"\"\"\n        load_dotenv()\n        email = os.getenv('BACKUP1_MAIL')\n        old_password = os.getenv('BACKUP1_PASSWORD')\n        uuid = os.getenv('BACKUP1_UUID')\n        body = {\"email\": email, \"password\": old_password}\n        result = requests.post('https://dbend.areso.pro/login', json=body)\n>       Checking.check_status_code(result, 200)\n\nconftest.py:94: \n_ _ _ _ _ _ _ _ _ _ _ _ _ _ _ _ _ _ _ _ _ _ _ _ _ _ _ _ _ _ _ _ _ _ _ _ _ _ _ _ \n\nresult = <Response [502]>, status_code = 200\n\n    @staticmethod\n    def check_status_code(result: requests.models.Response, status_code: int):\n        \"\"\"\n        Method check status code\n        :param result: Response\n        :param status_code:\n        \"\"\"\n        with allure.step(f'Assert status code: {status_code} == Response status code: {result.status_code}'):\n>           assert status_code == result.status_code, f'Incorrect status code: {result.status_code}'\nE           AssertionError: Incorrect status code: 502\n\ntests_api/utils/checking.py:16: AssertionError",
  "flaky" : false,
  "newFailed" : false,
  "beforeStages" : [ {
    "name" : "get_token_backup_1",
    "time" : {
      "start" : 1757382423609,
      "stop" : 1757382423893,
      "duration" : 284
    },
    "status" : "failed",
    "statusMessage" : "AssertionError: Incorrect status code: 502\n",
    "statusTrace" : "  File \"/opt/hostedtoolcache/Python/3.12.11/x64/lib/python3.12/site-packages/pluggy/_callers.py\", line 38, in run_old_style_hookwrapper\n    res = yield\n          ^^^^^\n  File \"/opt/hostedtoolcache/Python/3.12.11/x64/lib/python3.12/site-packages/pluggy/_callers.py\", line 139, in _multicall\n    teardown.throw(exception)\n  File \"/opt/hostedtoolcache/Python/3.12.11/x64/lib/python3.12/site-packages/pluggy/_callers.py\", line 53, in run_old_style_hookwrapper\n    return result.get_result()\n           ^^^^^^^^^^^^^^^^^^^\n  File \"/opt/hostedtoolcache/Python/3.12.11/x64/lib/python3.12/site-packages/pluggy/_result.py\", line 103, in get_result\n    raise exc.with_traceback(tb)\n  File \"/opt/hostedtoolcache/Python/3.12.11/x64/lib/python3.12/site-packages/pluggy/_callers.py\", line 38, in run_old_style_hookwrapper\n    res = yield\n          ^^^^^\n  File \"/opt/hostedtoolcache/Python/3.12.11/x64/lib/python3.12/site-packages/pluggy/_callers.py\", line 121, in _multicall\n    res = hook_impl.function(*args)\n          ^^^^^^^^^^^^^^^^^^^^^^^^^\n  File \"/opt/hostedtoolcache/Python/3.12.11/x64/lib/python3.12/site-packages/_pytest/fixtures.py\", line 1123, in pytest_fixture_setup\n    result = call_fixture_func(fixturefunc, request, kwargs)\n             ^^^^^^^^^^^^^^^^^^^^^^^^^^^^^^^^^^^^^^^^^^^^^^^\n  File \"/opt/hostedtoolcache/Python/3.12.11/x64/lib/python3.12/site-packages/_pytest/fixtures.py\", line 902, in call_fixture_func\n    fixture_result = fixturefunc(**kwargs)\n                     ^^^^^^^^^^^^^^^^^^^^^\n  File \"/home/runner/work/Oblache/Oblache/conftest.py\", line 94, in get_token_backup_1\n    Checking.check_status_code(result, 200)\n  File \"/home/runner/work/Oblache/Oblache/tests_api/utils/checking.py\", line 16, in check_status_code\n    assert status_code == result.status_code, f'Incorrect status code: {result.status_code}'\n           ^^^^^^^^^^^^^^^^^^^^^^^^^^^^^^^^^\n",
    "steps" : [ {
      "name" : "Assert status code: 200 == Response status code: 502",
      "time" : {
        "start" : 1757382423893,
        "stop" : 1757382423893,
        "duration" : 0
      },
      "status" : "failed",
      "statusMessage" : "AssertionError: Incorrect status code: 502\n",
      "statusTrace" : "  File \"/home/runner/work/Oblache/Oblache/tests_api/utils/checking.py\", line 16, in check_status_code\n    assert status_code == result.status_code, f'Incorrect status code: {result.status_code}'\n           ^^^^^^^^^^^^^^^^^^^^^^^^^^^^^^^^^\n",
      "steps" : [ ],
      "attachments" : [ ],
      "parameters" : [ ],
      "attachmentsCount" : 0,
      "shouldDisplayMessage" : true,
      "hasContent" : true,
      "stepsCount" : 0
    } ],
    "attachments" : [ ],
    "parameters" : [ ],
    "attachmentsCount" : 0,
    "shouldDisplayMessage" : false,
    "hasContent" : true,
    "stepsCount" : 1
  } ],
  "afterStages" : [ ],
  "labels" : [ {
    "name" : "suite",
    "value" : "Test Backup"
  }, {
    "name" : "parentSuite",
    "value" : "tests_api"
  }, {
    "name" : "subSuite",
    "value" : "TestBackup"
  }, {
    "name" : "host",
    "value" : "pkrvm7jw40e0xgp"
  }, {
    "name" : "thread",
    "value" : "2582-MainThread"
  }, {
    "name" : "framework",
    "value" : "pytest"
  }, {
    "name" : "language",
    "value" : "cpython3"
  }, {
    "name" : "package",
    "value" : "tests_api.test_bd"
  }, {
    "name" : "resultFormat",
    "value" : "allure2"
  } ],
  "parameters" : [ ],
  "links" : [ ],
  "hidden" : false,
  "retry" : false,
  "extra" : {
    "severity" : "normal",
    "retries" : [ ],
    "categories" : [ {
      "name" : "Product defects",
      "matchedStatuses" : [ ],
      "flaky" : false
    } ],
    "history" : {
      "statistic" : {
        "failed" : 57,
        "broken" : 0,
        "skipped" : 0,
        "passed" : 225,
        "unknown" : 0,
        "total" : 282
      },
      "items" : [ {
        "uid" : "84828860f1074b0e",
        "reportUrl" : "https://lambotik.github.io/Oblache/496//#testresult/84828860f1074b0e",
        "status" : "failed",
        "statusDetails" : "AssertionError: Incorrect status code: 502",
        "time" : {
          "start" : 1757296260371,
          "stop" : 1757296260371,
          "duration" : 0
        }
      }, {
        "uid" : "291686f1d8f480b2",
        "reportUrl" : "https://lambotik.github.io/Oblache/495//#testresult/291686f1d8f480b2",
        "status" : "failed",
        "statusDetails" : "AssertionError: Result is not equal expected value",
        "time" : {
          "start" : 1757209870977,
          "stop" : 1757209871338,
          "duration" : 361
        }
      }, {
        "uid" : "d2f18cea220c5bb",
        "reportUrl" : "https://lambotik.github.io/Oblache/494//#testresult/d2f18cea220c5bb",
        "status" : "failed",
        "statusDetails" : "AssertionError: Incorrect status code: 500",
        "time" : {
          "start" : 1757122994502,
          "stop" : 1757122994820,
          "duration" : 318
        }
      }, {
        "uid" : "ec893859220c54bb",
        "reportUrl" : "https://lambotik.github.io/Oblache/493//#testresult/ec893859220c54bb",
        "status" : "failed",
        "statusDetails" : "AssertionError: Incorrect status code: 500",
        "time" : {
          "start" : 1757036772418,
          "stop" : 1757036772935,
          "duration" : 517
        }
      }, {
        "uid" : "ee6c93c2c0b431f",
        "reportUrl" : "https://lambotik.github.io/Oblache/492//#testresult/ee6c93c2c0b431f",
        "status" : "failed",
        "statusDetails" : "AssertionError: Incorrect status code: 500",
        "time" : {
          "start" : 1756950257100,
          "stop" : 1756950257606,
          "duration" : 506
        }
      }, {
        "uid" : "25b82a674ca3601f",
        "reportUrl" : "https://lambotik.github.io/Oblache/491//#testresult/25b82a674ca3601f",
        "status" : "failed",
        "statusDetails" : "AssertionError: Incorrect status code: 500",
        "time" : {
          "start" : 1756863790958,
          "stop" : 1756863791320,
          "duration" : 362
        }
      }, {
        "uid" : "df73ab077eb1c48d",
        "reportUrl" : "https://lambotik.github.io/Oblache/490//#testresult/df73ab077eb1c48d",
        "status" : "failed",
        "statusDetails" : "AssertionError: Result is not equal expected value",
        "time" : {
          "start" : 1756777811353,
          "stop" : 1756777811660,
          "duration" : 307
        }
      }, {
        "uid" : "ba9a3bf70329f69e",
        "reportUrl" : "https://lambotik.github.io/Oblache/489//#testresult/ba9a3bf70329f69e",
        "status" : "failed",
        "statusDetails" : "AssertionError: Result is not equal expected value",
        "time" : {
          "start" : 1756692255036,
          "stop" : 1756692255527,
          "duration" : 491
        }
      }, {
        "uid" : "4e09075c1acc80be",
        "reportUrl" : "https://lambotik.github.io/Oblache/488//#testresult/4e09075c1acc80be",
        "status" : "failed",
        "statusDetails" : "AssertionError: Result is not equal expected value",
        "time" : {
          "start" : 1756605255979,
          "stop" : 1756605256479,
          "duration" : 500
        }
      }, {
        "uid" : "f967cbc06681c72e",
        "reportUrl" : "https://lambotik.github.io/Oblache/487//#testresult/f967cbc06681c72e",
        "status" : "failed",
        "statusDetails" : "AssertionError: Incorrect status code: 502",
        "time" : {
          "start" : 1756518161514,
          "stop" : 1756518161514,
          "duration" : 0
        }
      }, {
        "uid" : "479eba0af5c52642",
        "reportUrl" : "https://lambotik.github.io/Oblache/486//#testresult/479eba0af5c52642",
        "status" : "failed",
        "statusDetails" : "AssertionError: Incorrect status code: 500",
        "time" : {
          "start" : 1756432077665,
          "stop" : 1756432078040,
          "duration" : 375
        }
      }, {
        "uid" : "b6c0b3624684be0d",
        "reportUrl" : "https://lambotik.github.io/Oblache/485//#testresult/b6c0b3624684be0d",
        "status" : "failed",
        "statusDetails" : "AssertionError: Result is not equal expected value",
        "time" : {
          "start" : 1756345685800,
          "stop" : 1756345686114,
          "duration" : 314
        }
      }, {
        "uid" : "1034536f8f3280a4",
        "reportUrl" : "https://lambotik.github.io/Oblache/484//#testresult/1034536f8f3280a4",
        "status" : "failed",
        "statusDetails" : "AssertionError: Incorrect status code: 500",
        "time" : {
          "start" : 1756259330627,
          "stop" : 1756259330936,
          "duration" : 309
        }
      }, {
        "uid" : "cc9d442afd2adf25",
        "reportUrl" : "https://lambotik.github.io/Oblache/483//#testresult/cc9d442afd2adf25",
        "status" : "failed",
        "statusDetails" : "AssertionError: Incorrect status code: 500",
        "time" : {
          "start" : 1756173154793,
          "stop" : 1756173155259,
          "duration" : 466
        }
      }, {
        "uid" : "a1b038dbc920fadb",
        "reportUrl" : "https://lambotik.github.io/Oblache/482//#testresult/a1b038dbc920fadb",
        "status" : "failed",
        "statusDetails" : "AssertionError: Result is not equal expected value",
        "time" : {
          "start" : 1756086971458,
          "stop" : 1756086971836,
          "duration" : 378
        }
      }, {
        "uid" : "607e2c728a4d50e7",
        "reportUrl" : "https://lambotik.github.io/Oblache/481//#testresult/607e2c728a4d50e7",
        "status" : "failed",
        "statusDetails" : "AssertionError: Result is not equal expected value",
        "time" : {
          "start" : 1756000939326,
          "stop" : 1756000939808,
          "duration" : 482
        }
      }, {
        "uid" : "9113e55496e3b1",
        "reportUrl" : "https://lambotik.github.io/Oblache/480//#testresult/9113e55496e3b1",
        "status" : "failed",
        "statusDetails" : "AssertionError: Result is not equal expected value",
        "time" : {
          "start" : 1755913639394,
          "stop" : 1755913639709,
          "duration" : 315
        }
      }, {
        "uid" : "5060ac9d21659d02",
        "reportUrl" : "https://lambotik.github.io/Oblache/479//#testresult/5060ac9d21659d02",
        "status" : "failed",
        "statusDetails" : "AssertionError: Result is not equal expected value",
        "time" : {
          "start" : 1755827479632,
          "stop" : 1755827479955,
          "duration" : 323
        }
      }, {
        "uid" : "48419f1dab5ea133",
        "reportUrl" : "https://lambotik.github.io/Oblache/478//#testresult/48419f1dab5ea133",
        "status" : "failed",
        "statusDetails" : "AssertionError: Result is not equal expected value",
        "time" : {
          "start" : 1755741027536,
          "stop" : 1755741027896,
          "duration" : 360
        }
      }, {
        "uid" : "a4d40de9f0da186b",
        "reportUrl" : "https://lambotik.github.io/Oblache/477//#testresult/a4d40de9f0da186b",
        "status" : "failed",
        "statusDetails" : "AssertionError: Result is not equal expected value",
        "time" : {
          "start" : 1755654716795,
          "stop" : 1755654717101,
          "duration" : 306
        }
      } ]
    },
    "tags" : [ ]
  },
  "source" : "254a9181c9562ffa.json",
  "parameterValues" : [ ]
}