{
  "uid" : "26b21aa3183be7ac",
  "name" : "test_delete_database",
  "fullName" : "tests_ui.test_ui.TestProfilePage#test_delete_database",
  "historyId" : "79ccd4aa4a29c03ae3f72e89c73351ae",
  "time" : {
    "start" : 1757382466656,
    "stop" : 1757382472785,
    "duration" : 6129
  },
  "status" : "broken",
  "statusMessage" : "selenium.common.exceptions.TimeoutException: Message: Can't find element by locator ('xpath', '//button[@id=\"menu_button_status\"]')\nStacktrace:\n#0 0x55ff3f89908a <unknown>\n#1 0x55ff3f338a70 <unknown>\n#2 0x55ff3f38a907 <unknown>\n#3 0x55ff3f38ab01 <unknown>\n#4 0x55ff3f3d8d54 <unknown>\n#5 0x55ff3f3b040d <unknown>\n#6 0x55ff3f3d614f <unknown>\n#7 0x55ff3f3b01b3 <unknown>\n#8 0x55ff3f37c59b <unknown>\n#9 0x55ff3f37d971 <unknown>\n#10 0x55ff3f85e25b <unknown>\n#11 0x55ff3f861fa9 <unknown>\n#12 0x55ff3f845339 <unknown>\n#13 0x55ff3f862b58 <unknown>\n#14 0x55ff3f829c1f <unknown>\n#15 0x55ff3f886118 <unknown>\n#16 0x55ff3f8862f6 <unknown>\n#17 0x55ff3f898066 <unknown>\n#18 0x7f638f09caa4 <unknown>\n#19 0x7f638f129c3c <unknown>",
  "statusTrace" : "self = <tests_ui.test_ui.TestProfilePage object at 0x7f1d2ed78b00>\ndriver = <selenium.webdriver.chrome.webdriver.WebDriver (session=\"532882d6aa6690626b773cb8e8af82f0\")>\nauthorization_user = None\n\n    @allure.title('test_delete_database')\n    def test_delete_database(self, driver, authorization_user):\n        page = ProfilePage(driver, authorization_user)\n>       page.click_button_status()\n\ntests_ui/test_ui.py:88: \n_ _ _ _ _ _ _ _ _ _ _ _ _ _ _ _ _ _ _ _ _ _ _ _ _ _ _ _ _ _ _ _ _ _ _ _ _ _ _ _ \ntests_ui/profile_page.py:18: in click_button_status\n    return self.element_is_present_and_clickable(self.locators.STATUS_BUTTON).click()\ntests_ui/base_page.py:28: in element_is_present_and_clickable\n    return (Wait(self.driver, self.timeout).until(\n_ _ _ _ _ _ _ _ _ _ _ _ _ _ _ _ _ _ _ _ _ _ _ _ _ _ _ _ _ _ _ _ _ _ _ _ _ _ _ _ \n\nself = <selenium.webdriver.support.wait.WebDriverWait (session=\"532882d6aa6690626b773cb8e8af82f0\")>\nmethod = <function visibility_of_element_located.<locals>._predicate at 0x7f1d2e8bd800>\nmessage = 'Can\\'t find element by locator (\\'xpath\\', \\'//button[@id=\"menu_button_status\"]\\')'\n\n    def until(self, method: Callable[[D], Union[Literal[False], T]], message: str = \"\") -> T:\n        \"\"\"Calls the method provided with the driver as an argument until the \\\n        return value does not evaluate to ``False``.\n    \n        :param method: callable(WebDriver)\n        :param message: optional message for :exc:`TimeoutException`\n        :returns: the result of the last call to `method`\n        :raises: :exc:`selenium.common.exceptions.TimeoutException` if timeout occurs\n        \"\"\"\n        screen = None\n        stacktrace = None\n    \n        end_time = time.monotonic() + self._timeout\n        while True:\n            try:\n                value = method(self._driver)\n                if value:\n                    return value\n            except self._ignored_exceptions as exc:\n                screen = getattr(exc, \"screen\", None)\n                stacktrace = getattr(exc, \"stacktrace\", None)\n            time.sleep(self._poll)\n            if time.monotonic() > end_time:\n                break\n>       raise TimeoutException(message, screen, stacktrace)\nE       selenium.common.exceptions.TimeoutException: Message: Can't find element by locator ('xpath', '//button[@id=\"menu_button_status\"]')\nE       Stacktrace:\nE       #0 0x55ff3f89908a <unknown>\nE       #1 0x55ff3f338a70 <unknown>\nE       #2 0x55ff3f38a907 <unknown>\nE       #3 0x55ff3f38ab01 <unknown>\nE       #4 0x55ff3f3d8d54 <unknown>\nE       #5 0x55ff3f3b040d <unknown>\nE       #6 0x55ff3f3d614f <unknown>\nE       #7 0x55ff3f3b01b3 <unknown>\nE       #8 0x55ff3f37c59b <unknown>\nE       #9 0x55ff3f37d971 <unknown>\nE       #10 0x55ff3f85e25b <unknown>\nE       #11 0x55ff3f861fa9 <unknown>\nE       #12 0x55ff3f845339 <unknown>\nE       #13 0x55ff3f862b58 <unknown>\nE       #14 0x55ff3f829c1f <unknown>\nE       #15 0x55ff3f886118 <unknown>\nE       #16 0x55ff3f8862f6 <unknown>\nE       #17 0x55ff3f898066 <unknown>\nE       #18 0x7f638f09caa4 <unknown>\nE       #19 0x7f638f129c3c <unknown>\n\n/opt/hostedtoolcache/Python/3.12.11/x64/lib/python3.12/site-packages/selenium/webdriver/support/wait.py:105: TimeoutException",
  "flaky" : false,
  "newFailed" : false,
  "beforeStages" : [ {
    "name" : "driver",
    "time" : {
      "start" : 1757382465864,
      "stop" : 1757382466141,
      "duration" : 277
    },
    "status" : "passed",
    "steps" : [ ],
    "attachments" : [ ],
    "parameters" : [ ],
    "attachmentsCount" : 0,
    "shouldDisplayMessage" : false,
    "hasContent" : false,
    "stepsCount" : 0
  }, {
    "name" : "authorization_user",
    "time" : {
      "start" : 1757382466141,
      "stop" : 1757382466655,
      "duration" : 514
    },
    "status" : "passed",
    "steps" : [ {
      "name" : "Open page: https://oblache.areso.pro/register.html",
      "time" : {
        "start" : 1757382466141,
        "stop" : 1757382466447,
        "duration" : 306
      },
      "status" : "passed",
      "steps" : [ ],
      "attachments" : [ ],
      "parameters" : [ ],
      "attachmentsCount" : 0,
      "shouldDisplayMessage" : false,
      "hasContent" : false,
      "stepsCount" : 0
    }, {
      "name" : "Login user",
      "time" : {
        "start" : 1757382466447,
        "stop" : 1757382466655,
        "duration" : 208
      },
      "status" : "passed",
      "steps" : [ {
        "name" : "Enter email.",
        "time" : {
          "start" : 1757382466447,
          "stop" : 1757382466511,
          "duration" : 64
        },
        "status" : "passed",
        "steps" : [ ],
        "attachments" : [ ],
        "parameters" : [ ],
        "attachmentsCount" : 0,
        "shouldDisplayMessage" : false,
        "hasContent" : false,
        "stepsCount" : 0
      }, {
        "name" : "Enter password.",
        "time" : {
          "start" : 1757382466511,
          "stop" : 1757382466558,
          "duration" : 47
        },
        "status" : "passed",
        "steps" : [ ],
        "attachments" : [ ],
        "parameters" : [ ],
        "attachmentsCount" : 0,
        "shouldDisplayMessage" : false,
        "hasContent" : false,
        "stepsCount" : 0
      }, {
        "name" : "Click button \"Login\"",
        "time" : {
          "start" : 1757382466558,
          "stop" : 1757382466652,
          "duration" : 94
        },
        "status" : "passed",
        "steps" : [ ],
        "attachments" : [ ],
        "parameters" : [ ],
        "attachmentsCount" : 0,
        "shouldDisplayMessage" : false,
        "hasContent" : false,
        "stepsCount" : 0
      }, {
        "name" : "Check url is present: https://oblache.areso.pro/register.html",
        "time" : {
          "start" : 1757382466652,
          "stop" : 1757382466655,
          "duration" : 3
        },
        "status" : "passed",
        "steps" : [ ],
        "attachments" : [ ],
        "parameters" : [ ],
        "attachmentsCount" : 0,
        "shouldDisplayMessage" : false,
        "hasContent" : false,
        "stepsCount" : 0
      } ],
      "attachments" : [ ],
      "parameters" : [ ],
      "attachmentsCount" : 0,
      "shouldDisplayMessage" : false,
      "hasContent" : true,
      "stepsCount" : 4
    } ],
    "attachments" : [ ],
    "parameters" : [ ],
    "attachmentsCount" : 0,
    "shouldDisplayMessage" : false,
    "hasContent" : true,
    "stepsCount" : 6
  } ],
  "testStage" : {
    "status" : "broken",
    "statusMessage" : "selenium.common.exceptions.TimeoutException: Message: Can't find element by locator ('xpath', '//button[@id=\"menu_button_status\"]')\nStacktrace:\n#0 0x55ff3f89908a <unknown>\n#1 0x55ff3f338a70 <unknown>\n#2 0x55ff3f38a907 <unknown>\n#3 0x55ff3f38ab01 <unknown>\n#4 0x55ff3f3d8d54 <unknown>\n#5 0x55ff3f3b040d <unknown>\n#6 0x55ff3f3d614f <unknown>\n#7 0x55ff3f3b01b3 <unknown>\n#8 0x55ff3f37c59b <unknown>\n#9 0x55ff3f37d971 <unknown>\n#10 0x55ff3f85e25b <unknown>\n#11 0x55ff3f861fa9 <unknown>\n#12 0x55ff3f845339 <unknown>\n#13 0x55ff3f862b58 <unknown>\n#14 0x55ff3f829c1f <unknown>\n#15 0x55ff3f886118 <unknown>\n#16 0x55ff3f8862f6 <unknown>\n#17 0x55ff3f898066 <unknown>\n#18 0x7f638f09caa4 <unknown>\n#19 0x7f638f129c3c <unknown>",
    "statusTrace" : "self = <tests_ui.test_ui.TestProfilePage object at 0x7f1d2ed78b00>\ndriver = <selenium.webdriver.chrome.webdriver.WebDriver (session=\"532882d6aa6690626b773cb8e8af82f0\")>\nauthorization_user = None\n\n    @allure.title('test_delete_database')\n    def test_delete_database(self, driver, authorization_user):\n        page = ProfilePage(driver, authorization_user)\n>       page.click_button_status()\n\ntests_ui/test_ui.py:88: \n_ _ _ _ _ _ _ _ _ _ _ _ _ _ _ _ _ _ _ _ _ _ _ _ _ _ _ _ _ _ _ _ _ _ _ _ _ _ _ _ \ntests_ui/profile_page.py:18: in click_button_status\n    return self.element_is_present_and_clickable(self.locators.STATUS_BUTTON).click()\ntests_ui/base_page.py:28: in element_is_present_and_clickable\n    return (Wait(self.driver, self.timeout).until(\n_ _ _ _ _ _ _ _ _ _ _ _ _ _ _ _ _ _ _ _ _ _ _ _ _ _ _ _ _ _ _ _ _ _ _ _ _ _ _ _ \n\nself = <selenium.webdriver.support.wait.WebDriverWait (session=\"532882d6aa6690626b773cb8e8af82f0\")>\nmethod = <function visibility_of_element_located.<locals>._predicate at 0x7f1d2e8bd800>\nmessage = 'Can\\'t find element by locator (\\'xpath\\', \\'//button[@id=\"menu_button_status\"]\\')'\n\n    def until(self, method: Callable[[D], Union[Literal[False], T]], message: str = \"\") -> T:\n        \"\"\"Calls the method provided with the driver as an argument until the \\\n        return value does not evaluate to ``False``.\n    \n        :param method: callable(WebDriver)\n        :param message: optional message for :exc:`TimeoutException`\n        :returns: the result of the last call to `method`\n        :raises: :exc:`selenium.common.exceptions.TimeoutException` if timeout occurs\n        \"\"\"\n        screen = None\n        stacktrace = None\n    \n        end_time = time.monotonic() + self._timeout\n        while True:\n            try:\n                value = method(self._driver)\n                if value:\n                    return value\n            except self._ignored_exceptions as exc:\n                screen = getattr(exc, \"screen\", None)\n                stacktrace = getattr(exc, \"stacktrace\", None)\n            time.sleep(self._poll)\n            if time.monotonic() > end_time:\n                break\n>       raise TimeoutException(message, screen, stacktrace)\nE       selenium.common.exceptions.TimeoutException: Message: Can't find element by locator ('xpath', '//button[@id=\"menu_button_status\"]')\nE       Stacktrace:\nE       #0 0x55ff3f89908a <unknown>\nE       #1 0x55ff3f338a70 <unknown>\nE       #2 0x55ff3f38a907 <unknown>\nE       #3 0x55ff3f38ab01 <unknown>\nE       #4 0x55ff3f3d8d54 <unknown>\nE       #5 0x55ff3f3b040d <unknown>\nE       #6 0x55ff3f3d614f <unknown>\nE       #7 0x55ff3f3b01b3 <unknown>\nE       #8 0x55ff3f37c59b <unknown>\nE       #9 0x55ff3f37d971 <unknown>\nE       #10 0x55ff3f85e25b <unknown>\nE       #11 0x55ff3f861fa9 <unknown>\nE       #12 0x55ff3f845339 <unknown>\nE       #13 0x55ff3f862b58 <unknown>\nE       #14 0x55ff3f829c1f <unknown>\nE       #15 0x55ff3f886118 <unknown>\nE       #16 0x55ff3f8862f6 <unknown>\nE       #17 0x55ff3f898066 <unknown>\nE       #18 0x7f638f09caa4 <unknown>\nE       #19 0x7f638f129c3c <unknown>\n\n/opt/hostedtoolcache/Python/3.12.11/x64/lib/python3.12/site-packages/selenium/webdriver/support/wait.py:105: TimeoutException",
    "steps" : [ {
      "name" : "Click button Status.",
      "time" : {
        "start" : 1757382467656,
        "stop" : 1757382472785,
        "duration" : 5129
      },
      "status" : "broken",
      "statusMessage" : "selenium.common.exceptions.TimeoutException: Message: Can't find element by locator ('xpath', '//button[@id=\"menu_button_status\"]')\nStacktrace:\n#0 0x55ff3f89908a <unknown>\n#1 0x55ff3f338a70 <unknown>\n#2 0x55ff3f38a907 <unknown>\n#3 0x55ff3f38ab01 <unknown>\n#4 0x55ff3f3d8d54 <unknown>\n#5 0x55ff3f3b040d <unknown>\n#6 0x55ff3f3d614f <unknown>\n#7 0x55ff3f3b01b3 <unknown>\n#8 0x55ff3f37c59b <unknown>\n#9 0x55ff3f37d971 <unknown>\n#10 0x55ff3f85e25b <unknown>\n#11 0x55ff3f861fa9 <unknown>\n#12 0x55ff3f845339 <unknown>\n#13 0x55ff3f862b58 <unknown>\n#14 0x55ff3f829c1f <unknown>\n#15 0x55ff3f886118 <unknown>\n#16 0x55ff3f8862f6 <unknown>\n#17 0x55ff3f898066 <unknown>\n#18 0x7f638f09caa4 <unknown>\n#19 0x7f638f129c3c <unknown>\n\n",
      "statusTrace" : "  File \"/home/runner/work/Oblache/Oblache/tests_ui/profile_page.py\", line 18, in click_button_status\n    return self.element_is_present_and_clickable(self.locators.STATUS_BUTTON).click()\n           ^^^^^^^^^^^^^^^^^^^^^^^^^^^^^^^^^^^^^^^^^^^^^^^^^^^^^^^^^^^^^^^^^^\n  File \"/home/runner/work/Oblache/Oblache/tests_ui/base_page.py\", line 28, in element_is_present_and_clickable\n    return (Wait(self.driver, self.timeout).until(\n            ^^^^^^^^^^^^^^^^^^^^^^^^^^^^^^^^^^^^^^\n  File \"/opt/hostedtoolcache/Python/3.12.11/x64/lib/python3.12/site-packages/selenium/webdriver/support/wait.py\", line 105, in until\n    raise TimeoutException(message, screen, stacktrace)\n",
      "steps" : [ ],
      "attachments" : [ ],
      "parameters" : [ ],
      "attachmentsCount" : 0,
      "shouldDisplayMessage" : true,
      "hasContent" : true,
      "stepsCount" : 0
    } ],
    "attachments" : [ {
      "uid" : "2f3af668f5919f3a",
      "name" : "Screenshot 2025-09-09 01:47:52.847972",
      "source" : "2f3af668f5919f3a.png",
      "type" : "image/png",
      "size" : 15433
    } ],
    "parameters" : [ ],
    "attachmentsCount" : 1,
    "shouldDisplayMessage" : true,
    "hasContent" : true,
    "stepsCount" : 1
  },
  "afterStages" : [ {
    "name" : "driver::0",
    "time" : {
      "start" : 1757382472849,
      "stop" : 1757382472909,
      "duration" : 60
    },
    "status" : "passed",
    "steps" : [ ],
    "attachments" : [ ],
    "parameters" : [ ],
    "attachmentsCount" : 0,
    "shouldDisplayMessage" : false,
    "hasContent" : false,
    "stepsCount" : 0
  } ],
  "labels" : [ {
    "name" : "suite",
    "value" : "Test Profile Page."
  }, {
    "name" : "parentSuite",
    "value" : "tests_ui"
  }, {
    "name" : "subSuite",
    "value" : "TestProfilePage"
  }, {
    "name" : "host",
    "value" : "pkrvm7jw40e0xgp"
  }, {
    "name" : "thread",
    "value" : "2582-MainThread"
  }, {
    "name" : "framework",
    "value" : "pytest"
  }, {
    "name" : "language",
    "value" : "cpython3"
  }, {
    "name" : "package",
    "value" : "tests_ui.test_ui"
  }, {
    "name" : "resultFormat",
    "value" : "allure2"
  } ],
  "parameters" : [ ],
  "links" : [ ],
  "hidden" : false,
  "retry" : false,
  "extra" : {
    "severity" : "normal",
    "retries" : [ ],
    "categories" : [ {
      "name" : "Test defects",
      "matchedStatuses" : [ ],
      "flaky" : false
    } ],
    "history" : {
      "statistic" : {
        "failed" : 224,
        "broken" : 51,
        "skipped" : 0,
        "passed" : 1,
        "unknown" : 0,
        "total" : 276
      },
      "items" : [ {
        "uid" : "356b3a4c9e2c0c38",
        "reportUrl" : "https://lambotik.github.io/Oblache/496//#testresult/356b3a4c9e2c0c38",
        "status" : "broken",
        "statusDetails" : "selenium.common.exceptions.TimeoutException: Message: Can't find element by locator ('xpath', '//button[@id=\"menu_button_status\"]')\nStacktrace:\n#0 0x55da5356308a <unknown>\n#1 0x55da53002a70 <unknown>\n#2 0x55da53054907 <unknown>\n#3 0x55da53054b01 <unknown>\n#4 0x55da530a2d54 <unknown>\n#5 0x55da5307a40d <unknown>\n#6 0x55da530a014f <unknown>\n#7 0x55da5307a1b3 <unknown>\n#8 0x55da5304659b <unknown>\n#9 0x55da53047971 <unknown>\n#10 0x55da5352825b <unknown>\n#11 0x55da5352bfa9 <unknown>\n#12 0x55da5350f339 <unknown>\n#13 0x55da5352cb58 <unknown>\n#14 0x55da534f3c1f <unknown>\n#15 0x55da53550118 <unknown>\n#16 0x55da535502f6 <unknown>\n#17 0x55da53562066 <unknown>\n#18 0x7f6d52c9caa4 <unknown>\n#19 0x7f6d52d29c3c <unknown>",
        "time" : {
          "start" : 1757296321816,
          "stop" : 1757296327941,
          "duration" : 6125
        }
      }, {
        "uid" : "a602d63119e61c89",
        "reportUrl" : "https://lambotik.github.io/Oblache/495//#testresult/a602d63119e61c89",
        "status" : "passed",
        "time" : {
          "start" : 1757209914571,
          "stop" : 1757209939552,
          "duration" : 24981
        }
      }, {
        "uid" : "424e28f39120e672",
        "reportUrl" : "https://lambotik.github.io/Oblache/494//#testresult/424e28f39120e672",
        "status" : "failed",
        "statusDetails" : "AssertionError: Wrong answer from server or need manual deleting!!!",
        "time" : {
          "start" : 1757123037592,
          "stop" : 1757123041043,
          "duration" : 3451
        }
      }, {
        "uid" : "c77fe1dab0fabdf6",
        "reportUrl" : "https://lambotik.github.io/Oblache/493//#testresult/c77fe1dab0fabdf6",
        "status" : "failed",
        "statusDetails" : "AssertionError: Wrong answer from server or need manual deleting!!!",
        "time" : {
          "start" : 1757036820509,
          "stop" : 1757036824272,
          "duration" : 3763
        }
      }, {
        "uid" : "8c779cc601607959",
        "reportUrl" : "https://lambotik.github.io/Oblache/492//#testresult/8c779cc601607959",
        "status" : "failed",
        "statusDetails" : "AssertionError: Wrong answer from server or need manual deleting!!!",
        "time" : {
          "start" : 1756950305401,
          "stop" : 1756950309110,
          "duration" : 3709
        }
      }, {
        "uid" : "cea579146c4f6d8c",
        "reportUrl" : "https://lambotik.github.io/Oblache/491//#testresult/cea579146c4f6d8c",
        "status" : "failed",
        "statusDetails" : "AssertionError: Wrong answer from server or need manual deleting!!!",
        "time" : {
          "start" : 1756863853627,
          "stop" : 1756863857106,
          "duration" : 3479
        }
      }, {
        "uid" : "9a675fe05ff89833",
        "reportUrl" : "https://lambotik.github.io/Oblache/490//#testresult/9a675fe05ff89833",
        "status" : "failed",
        "statusDetails" : "AssertionError: assert ('3' == '2'\n  - 2\n  + 3 or None == 'No database for deleting.')",
        "time" : {
          "start" : 1756777853521,
          "stop" : 1756777878491,
          "duration" : 24970
        }
      }, {
        "uid" : "f58d3e386e9c1a04",
        "reportUrl" : "https://lambotik.github.io/Oblache/489//#testresult/f58d3e386e9c1a04",
        "status" : "failed",
        "statusDetails" : "AssertionError: assert ('nodata' == '2'\n  - 2\n  + nodata or None == 'No database for deleting.')",
        "time" : {
          "start" : 1756692302550,
          "stop" : 1756692327813,
          "duration" : 25263
        }
      }, {
        "uid" : "4a7416e3d343d960",
        "reportUrl" : "https://lambotik.github.io/Oblache/488//#testresult/4a7416e3d343d960",
        "status" : "failed",
        "statusDetails" : "AssertionError: assert ('nodata' == '2'\n  - 2\n  + nodata or None == 'No database for deleting.')",
        "time" : {
          "start" : 1756605303391,
          "stop" : 1756605328545,
          "duration" : 25154
        }
      }, {
        "uid" : "e1867e86009e4076",
        "reportUrl" : "https://lambotik.github.io/Oblache/487//#testresult/e1867e86009e4076",
        "status" : "broken",
        "statusDetails" : "selenium.common.exceptions.TimeoutException: Message: Can't find element by locator ('xpath', '//button[@id=\"menu_button_status\"]')\nStacktrace:\n#0 0x563aa9c9c02a <unknown>\n#1 0x563aa973ba70 <unknown>\n#2 0x563aa978d907 <unknown>\n#3 0x563aa978db01 <unknown>\n#4 0x563aa97dbd54 <unknown>\n#5 0x563aa97b340d <unknown>\n#6 0x563aa97d914f <unknown>\n#7 0x563aa97b31b3 <unknown>\n#8 0x563aa977f59b <unknown>\n#9 0x563aa9780971 <unknown>\n#10 0x563aa9c611fb <unknown>\n#11 0x563aa9c64f49 <unknown>\n#12 0x563aa9c482d9 <unknown>\n#13 0x563aa9c65af8 <unknown>\n#14 0x563aa9c2cbbf <unknown>\n#15 0x563aa9c890b8 <unknown>\n#16 0x563aa9c89296 <unknown>\n#17 0x563aa9c9b006 <unknown>\n#18 0x7f193109caa4 <unknown>\n#19 0x7f1931129c3c <unknown>",
        "time" : {
          "start" : 1756518204004,
          "stop" : 1756518210130,
          "duration" : 6126
        }
      }, {
        "uid" : "1cdfd197cfa38a15",
        "reportUrl" : "https://lambotik.github.io/Oblache/486//#testresult/1cdfd197cfa38a15",
        "status" : "broken",
        "statusDetails" : "selenium.common.exceptions.TimeoutException: Message: Can't find elements by locator ('xpath', '//tbody[@id=\"tbody_dbs\"]/tr')",
        "time" : {
          "start" : 1756432121604,
          "stop" : 1756432129443,
          "duration" : 7839
        }
      }, {
        "uid" : "3b3542c90447542d",
        "reportUrl" : "https://lambotik.github.io/Oblache/485//#testresult/3b3542c90447542d",
        "status" : "broken",
        "statusDetails" : "selenium.common.exceptions.TimeoutException: Message: Can't find elements by locator ('xpath', '//tbody[@id=\"tbody_dbs\"]/tr')",
        "time" : {
          "start" : 1756345728783,
          "stop" : 1756345736612,
          "duration" : 7829
        }
      }, {
        "uid" : "6a4d03b21ea97c6",
        "reportUrl" : "https://lambotik.github.io/Oblache/484//#testresult/6a4d03b21ea97c6",
        "status" : "broken",
        "statusDetails" : "selenium.common.exceptions.TimeoutException: Message: Can't find elements by locator ('xpath', '//tbody[@id=\"tbody_dbs\"]/tr')",
        "time" : {
          "start" : 1756259372439,
          "stop" : 1756259380289,
          "duration" : 7850
        }
      }, {
        "uid" : "849b79a1ed6b9af0",
        "reportUrl" : "https://lambotik.github.io/Oblache/483//#testresult/849b79a1ed6b9af0",
        "status" : "broken",
        "statusDetails" : "selenium.common.exceptions.TimeoutException: Message: Can't find elements by locator ('xpath', '//tbody[@id=\"tbody_dbs\"]/tr')",
        "time" : {
          "start" : 1756173201051,
          "stop" : 1756173209142,
          "duration" : 8091
        }
      }, {
        "uid" : "a2bfe7c2bd4e1cd8",
        "reportUrl" : "https://lambotik.github.io/Oblache/482//#testresult/a2bfe7c2bd4e1cd8",
        "status" : "broken",
        "statusDetails" : "selenium.common.exceptions.TimeoutException: Message: Can't find elements by locator ('xpath', '//tbody[@id=\"tbody_dbs\"]/tr')",
        "time" : {
          "start" : 1756087019152,
          "stop" : 1756087027013,
          "duration" : 7861
        }
      }, {
        "uid" : "cbec52b451644df8",
        "reportUrl" : "https://lambotik.github.io/Oblache/481//#testresult/cbec52b451644df8",
        "status" : "broken",
        "statusDetails" : "selenium.common.exceptions.TimeoutException: Message: Can't find elements by locator ('xpath', '//tbody[@id=\"tbody_dbs\"]/tr')",
        "time" : {
          "start" : 1756000987591,
          "stop" : 1756000995709,
          "duration" : 8118
        }
      }, {
        "uid" : "ae523e5a10f08b88",
        "reportUrl" : "https://lambotik.github.io/Oblache/480//#testresult/ae523e5a10f08b88",
        "status" : "broken",
        "statusDetails" : "selenium.common.exceptions.TimeoutException: Message: Can't find elements by locator ('xpath', '//tbody[@id=\"tbody_dbs\"]/tr')",
        "time" : {
          "start" : 1755913681371,
          "stop" : 1755913689197,
          "duration" : 7826
        }
      }, {
        "uid" : "c975117ca622a0ff",
        "reportUrl" : "https://lambotik.github.io/Oblache/479//#testresult/c975117ca622a0ff",
        "status" : "broken",
        "statusDetails" : "selenium.common.exceptions.TimeoutException: Message: Can't find elements by locator ('xpath', '//tbody[@id=\"tbody_dbs\"]/tr')",
        "time" : {
          "start" : 1755827533744,
          "stop" : 1755827541554,
          "duration" : 7810
        }
      }, {
        "uid" : "809f19dba3b44752",
        "reportUrl" : "https://lambotik.github.io/Oblache/478//#testresult/809f19dba3b44752",
        "status" : "broken",
        "statusDetails" : "selenium.common.exceptions.TimeoutException: Message: Can't find element by locator ('xpath', '//button[@id=\"menu_button_status\"]')\nStacktrace:\n#0 0x563e9026a01a <unknown>\n#1 0x563e8fd09a70 <unknown>\n#2 0x563e8fd5b907 <unknown>\n#3 0x563e8fd5bb01 <unknown>\n#4 0x563e8fda9d54 <unknown>\n#5 0x563e8fd8140d <unknown>\n#6 0x563e8fda714f <unknown>\n#7 0x563e8fd811b3 <unknown>\n#8 0x563e8fd4d59b <unknown>\n#9 0x563e8fd4e971 <unknown>\n#10 0x563e9022f1eb <unknown>\n#11 0x563e90232f39 <unknown>\n#12 0x563e902162c9 <unknown>\n#13 0x563e90233ae8 <unknown>\n#14 0x563e901fabaf <unknown>\n#15 0x563e902570a8 <unknown>\n#16 0x563e90257286 <unknown>\n#17 0x563e90268ff6 <unknown>\n#18 0x7f0d6ee9caa4 <unknown>\n#19 0x7f0d6ef29c3c <unknown>",
        "time" : {
          "start" : 1755741076621,
          "stop" : 1755741082752,
          "duration" : 6131
        }
      }, {
        "uid" : "a6afd61e82cba6a7",
        "reportUrl" : "https://lambotik.github.io/Oblache/477//#testresult/a6afd61e82cba6a7",
        "status" : "broken",
        "statusDetails" : "selenium.common.exceptions.TimeoutException: Message: Can't find elements by locator ('xpath', '//tbody[@id=\"tbody_dbs\"]/tr')",
        "time" : {
          "start" : 1755654758070,
          "stop" : 1755654765909,
          "duration" : 7839
        }
      } ]
    },
    "tags" : [ ]
  },
  "source" : "26b21aa3183be7ac.json",
  "parameterValues" : [ ]
}