{
  "uid" : "7f6f0d5b9ba79197",
  "name" : "POST db_create",
  "fullName" : "tests_api.test_bd.TestPOST#test_post_db_create",
  "historyId" : "0b53e71177b12ce964a75d76d7986dbc",
  "time" : {
    "start" : 1757382414408,
    "stop" : 1757382414408,
    "duration" : 0
  },
  "status" : "broken",
  "statusMessage" : "requests.exceptions.JSONDecodeError: Expecting value: line 1 column 1 (char 0)",
  "statusTrace" : "self = <Response [502]>, kwargs = {}\n\n    def json(self, **kwargs):\n        r\"\"\"Returns the json-encoded content of a response, if any.\n    \n        :param \\*\\*kwargs: Optional arguments that ``json.loads`` takes.\n        :raises requests.exceptions.JSONDecodeError: If the response body does not\n            contain valid json.\n        \"\"\"\n    \n        if not self.encoding and self.content and len(self.content) > 3:\n            # No encoding set. JSON RFC 4627 section 3 states we should expect\n            # UTF-8, -16 or -32. Detect which one to use; If the detection or\n            # decoding fails, fall back to `self.text` (using charset_normalizer to make\n            # a best guess).\n            encoding = guess_json_utf(self.content)\n            if encoding is not None:\n                try:\n                    return complexjson.loads(self.content.decode(encoding), **kwargs)\n                except UnicodeDecodeError:\n                    # Wrong UTF codec detected; usually because it's not UTF-8\n                    # but some other 8-bit codec.  This is an RFC violation,\n                    # and the server didn't bother to tell us what codec *was*\n                    # used.\n                    pass\n                except JSONDecodeError as e:\n                    raise RequestsJSONDecodeError(e.msg, e.doc, e.pos)\n    \n        try:\n>           return complexjson.loads(self.text, **kwargs)\n\n/opt/hostedtoolcache/Python/3.12.11/x64/lib/python3.12/site-packages/requests/models.py:974: \n_ _ _ _ _ _ _ _ _ _ _ _ _ _ _ _ _ _ _ _ _ _ _ _ _ _ _ _ _ _ _ _ _ _ _ _ _ _ _ _ \n/opt/hostedtoolcache/Python/3.12.11/x64/lib/python3.12/json/__init__.py:346: in loads\n    return _default_decoder.decode(s)\n/opt/hostedtoolcache/Python/3.12.11/x64/lib/python3.12/json/decoder.py:338: in decode\n    obj, end = self.raw_decode(s, idx=_w(s, 0).end())\n_ _ _ _ _ _ _ _ _ _ _ _ _ _ _ _ _ _ _ _ _ _ _ _ _ _ _ _ _ _ _ _ _ _ _ _ _ _ _ _ \n\nself = <json.decoder.JSONDecoder object at 0x7f1d30a96900>\ns = '<html>\\r\\n<head><title>502 Bad Gateway</title></head>\\r\\n<body>\\r\\n<center><h1>502 Bad Gateway</h1></center>\\r\\n<hr><center>nginx/1.18.0 (Ubuntu)</center>\\r\\n</body>\\r\\n</html>\\r\\n'\nidx = 0\n\n    def raw_decode(self, s, idx=0):\n        \"\"\"Decode a JSON document from ``s`` (a ``str`` beginning with\n        a JSON document) and return a 2-tuple of the Python\n        representation and the index in ``s`` where the document ended.\n    \n        This can be used to decode a JSON document from a string that may\n        have extraneous data at the end.\n    \n        \"\"\"\n        try:\n            obj, end = self.scan_once(s, idx)\n        except StopIteration as err:\n>           raise JSONDecodeError(\"Expecting value\", s, err.value) from None\nE           json.decoder.JSONDecodeError: Expecting value: line 1 column 1 (char 0)\n\n/opt/hostedtoolcache/Python/3.12.11/x64/lib/python3.12/json/decoder.py:356: JSONDecodeError\n\nDuring handling of the above exception, another exception occurred:\n\n    @pytest.fixture()\n    def get_token():\n        \"\"\"\n        Method return:\\n\n        token: str\\n\n        body: dict\\n\n        new_password: str\\n\n        old_password: str\\n\n        email: str\n        :returns: token: str, body: dict, new_password: str, old_password:str, email: str\n        \"\"\"\n        load_dotenv()\n        email = os.getenv('EMAIL')\n        old_password = os.getenv('PASSWORD')\n        new_password = '123456789'\n        try:\n            body = {\"email\": email, \"password\": f'{old_password}'}\n            result = requests.post('https://dbend.areso.pro/login', json=body)\n            token = result.json()['token']\n            if token != {}:\n                new_password, old_password = old_password, new_password\n            Checking.check_status_code(result, 200)\n            return token, body, new_password, old_password, email\n        except Exception as ex:\n            print(ex)\n            old_password, new_password = new_password, old_password\n            body = {\"email\": email, \"password\": f'{old_password}'}\n            result = requests.post('https://dbend.areso.pro/login', json=body)\n>           token = result.json()['token']\n\nconftest.py:75: \n_ _ _ _ _ _ _ _ _ _ _ _ _ _ _ _ _ _ _ _ _ _ _ _ _ _ _ _ _ _ _ _ _ _ _ _ _ _ _ _ \n\nself = <Response [502]>, kwargs = {}\n\n    def json(self, **kwargs):\n        r\"\"\"Returns the json-encoded content of a response, if any.\n    \n        :param \\*\\*kwargs: Optional arguments that ``json.loads`` takes.\n        :raises requests.exceptions.JSONDecodeError: If the response body does not\n            contain valid json.\n        \"\"\"\n    \n        if not self.encoding and self.content and len(self.content) > 3:\n            # No encoding set. JSON RFC 4627 section 3 states we should expect\n            # UTF-8, -16 or -32. Detect which one to use; If the detection or\n            # decoding fails, fall back to `self.text` (using charset_normalizer to make\n            # a best guess).\n            encoding = guess_json_utf(self.content)\n            if encoding is not None:\n                try:\n                    return complexjson.loads(self.content.decode(encoding), **kwargs)\n                except UnicodeDecodeError:\n                    # Wrong UTF codec detected; usually because it's not UTF-8\n                    # but some other 8-bit codec.  This is an RFC violation,\n                    # and the server didn't bother to tell us what codec *was*\n                    # used.\n                    pass\n                except JSONDecodeError as e:\n                    raise RequestsJSONDecodeError(e.msg, e.doc, e.pos)\n    \n        try:\n            return complexjson.loads(self.text, **kwargs)\n        except JSONDecodeError as e:\n            # Catch JSON-related errors and raise as requests.JSONDecodeError\n            # This aliases json.JSONDecodeError and simplejson.JSONDecodeError\n>           raise RequestsJSONDecodeError(e.msg, e.doc, e.pos)\nE           requests.exceptions.JSONDecodeError: Expecting value: line 1 column 1 (char 0)\n\n/opt/hostedtoolcache/Python/3.12.11/x64/lib/python3.12/site-packages/requests/models.py:978: JSONDecodeError",
  "flaky" : false,
  "newFailed" : false,
  "beforeStages" : [ {
    "name" : "get_token",
    "time" : {
      "start" : 1757382414408,
      "stop" : 1757382414961,
      "duration" : 553
    },
    "status" : "broken",
    "statusMessage" : "requests.exceptions.JSONDecodeError: Expecting value: line 1 column 1 (char 0)\n",
    "statusTrace" : "  File \"/opt/hostedtoolcache/Python/3.12.11/x64/lib/python3.12/site-packages/pluggy/_callers.py\", line 38, in run_old_style_hookwrapper\n    res = yield\n          ^^^^^\n  File \"/opt/hostedtoolcache/Python/3.12.11/x64/lib/python3.12/site-packages/pluggy/_callers.py\", line 139, in _multicall\n    teardown.throw(exception)\n  File \"/opt/hostedtoolcache/Python/3.12.11/x64/lib/python3.12/site-packages/pluggy/_callers.py\", line 53, in run_old_style_hookwrapper\n    return result.get_result()\n           ^^^^^^^^^^^^^^^^^^^\n  File \"/opt/hostedtoolcache/Python/3.12.11/x64/lib/python3.12/site-packages/pluggy/_result.py\", line 103, in get_result\n    raise exc.with_traceback(tb)\n  File \"/opt/hostedtoolcache/Python/3.12.11/x64/lib/python3.12/site-packages/pluggy/_callers.py\", line 38, in run_old_style_hookwrapper\n    res = yield\n          ^^^^^\n  File \"/opt/hostedtoolcache/Python/3.12.11/x64/lib/python3.12/site-packages/pluggy/_callers.py\", line 121, in _multicall\n    res = hook_impl.function(*args)\n          ^^^^^^^^^^^^^^^^^^^^^^^^^\n  File \"/opt/hostedtoolcache/Python/3.12.11/x64/lib/python3.12/site-packages/_pytest/fixtures.py\", line 1123, in pytest_fixture_setup\n    result = call_fixture_func(fixturefunc, request, kwargs)\n             ^^^^^^^^^^^^^^^^^^^^^^^^^^^^^^^^^^^^^^^^^^^^^^^\n  File \"/opt/hostedtoolcache/Python/3.12.11/x64/lib/python3.12/site-packages/_pytest/fixtures.py\", line 902, in call_fixture_func\n    fixture_result = fixturefunc(**kwargs)\n                     ^^^^^^^^^^^^^^^^^^^^^\n  File \"/home/runner/work/Oblache/Oblache/conftest.py\", line 75, in get_token\n    token = result.json()['token']\n            ^^^^^^^^^^^^^\n  File \"/opt/hostedtoolcache/Python/3.12.11/x64/lib/python3.12/site-packages/requests/models.py\", line 978, in json\n    raise RequestsJSONDecodeError(e.msg, e.doc, e.pos)\n",
    "steps" : [ ],
    "attachments" : [ ],
    "parameters" : [ ],
    "attachmentsCount" : 0,
    "shouldDisplayMessage" : true,
    "hasContent" : true,
    "stepsCount" : 0
  } ],
  "afterStages" : [ ],
  "labels" : [ {
    "name" : "suite",
    "value" : "POST"
  }, {
    "name" : "parentSuite",
    "value" : "tests_api"
  }, {
    "name" : "subSuite",
    "value" : "TestPOST"
  }, {
    "name" : "host",
    "value" : "pkrvm7jw40e0xgp"
  }, {
    "name" : "thread",
    "value" : "2582-MainThread"
  }, {
    "name" : "framework",
    "value" : "pytest"
  }, {
    "name" : "language",
    "value" : "cpython3"
  }, {
    "name" : "package",
    "value" : "tests_api.test_bd"
  }, {
    "name" : "resultFormat",
    "value" : "allure2"
  } ],
  "parameters" : [ ],
  "links" : [ ],
  "hidden" : false,
  "retry" : false,
  "extra" : {
    "severity" : "normal",
    "retries" : [ ],
    "categories" : [ {
      "name" : "Test defects",
      "matchedStatuses" : [ ],
      "flaky" : false
    } ],
    "history" : {
      "statistic" : {
        "failed" : 240,
        "broken" : 29,
        "skipped" : 0,
        "passed" : 13,
        "unknown" : 0,
        "total" : 282
      },
      "items" : [ {
        "uid" : "848c13bc8c612f3c",
        "reportUrl" : "https://lambotik.github.io/Oblache/496//#testresult/848c13bc8c612f3c",
        "status" : "broken",
        "statusDetails" : "requests.exceptions.JSONDecodeError: Expecting value: line 1 column 1 (char 0)",
        "time" : {
          "start" : 1757296246609,
          "stop" : 1757296246609,
          "duration" : 0
        }
      }, {
        "uid" : "c431cd3854f94d27",
        "reportUrl" : "https://lambotik.github.io/Oblache/495//#testresult/c431cd3854f94d27",
        "status" : "passed",
        "time" : {
          "start" : 1757209843094,
          "stop" : 1757209843884,
          "duration" : 790
        }
      }, {
        "uid" : "4e1c32c90320a6a7",
        "reportUrl" : "https://lambotik.github.io/Oblache/494//#testresult/4e1c32c90320a6a7",
        "status" : "passed",
        "time" : {
          "start" : 1757122923808,
          "stop" : 1757122924523,
          "duration" : 715
        }
      }, {
        "uid" : "8fb2e70072f8a719",
        "reportUrl" : "https://lambotik.github.io/Oblache/493//#testresult/8fb2e70072f8a719",
        "status" : "passed",
        "time" : {
          "start" : 1757036726637,
          "stop" : 1757036727707,
          "duration" : 1070
        }
      }, {
        "uid" : "8f46dd0ce95f73f8",
        "reportUrl" : "https://lambotik.github.io/Oblache/492//#testresult/8f46dd0ce95f73f8",
        "status" : "passed",
        "time" : {
          "start" : 1756950182083,
          "stop" : 1756950183137,
          "duration" : 1054
        }
      }, {
        "uid" : "e26828ffd0c1f83c",
        "reportUrl" : "https://lambotik.github.io/Oblache/491//#testresult/e26828ffd0c1f83c",
        "status" : "passed",
        "time" : {
          "start" : 1756863757478,
          "stop" : 1756863758248,
          "duration" : 770
        }
      }, {
        "uid" : "490b5ee99ceee615",
        "reportUrl" : "https://lambotik.github.io/Oblache/490//#testresult/490b5ee99ceee615",
        "status" : "passed",
        "time" : {
          "start" : 1756777763804,
          "stop" : 1756777764454,
          "duration" : 650
        }
      }, {
        "uid" : "7a143729e38cb0a1",
        "reportUrl" : "https://lambotik.github.io/Oblache/489//#testresult/7a143729e38cb0a1",
        "status" : "passed",
        "time" : {
          "start" : 1756692198884,
          "stop" : 1756692199905,
          "duration" : 1021
        }
      }, {
        "uid" : "cec273b45e965c96",
        "reportUrl" : "https://lambotik.github.io/Oblache/488//#testresult/cec273b45e965c96",
        "status" : "passed",
        "time" : {
          "start" : 1756605187666,
          "stop" : 1756605188693,
          "duration" : 1027
        }
      }, {
        "uid" : "a6949129f7feae4a",
        "reportUrl" : "https://lambotik.github.io/Oblache/487//#testresult/a6949129f7feae4a",
        "status" : "broken",
        "statusDetails" : "requests.exceptions.JSONDecodeError: Expecting value: line 1 column 1 (char 0)",
        "time" : {
          "start" : 1756518152594,
          "stop" : 1756518152594,
          "duration" : 0
        }
      }, {
        "uid" : "16cfe0e7a30954d0",
        "reportUrl" : "https://lambotik.github.io/Oblache/486//#testresult/16cfe0e7a30954d0",
        "status" : "failed",
        "statusDetails" : "AssertionError: Incorrect status code: 400",
        "time" : {
          "start" : 1756432061751,
          "stop" : 1756432062550,
          "duration" : 799
        }
      }, {
        "uid" : "244f14a7db32a4e3",
        "reportUrl" : "https://lambotik.github.io/Oblache/485//#testresult/244f14a7db32a4e3",
        "status" : "failed",
        "statusDetails" : "AssertionError: Incorrect status code: 400",
        "time" : {
          "start" : 1756345671844,
          "stop" : 1756345672460,
          "duration" : 616
        }
      }, {
        "uid" : "2af5557c0dea5353",
        "reportUrl" : "https://lambotik.github.io/Oblache/484//#testresult/2af5557c0dea5353",
        "status" : "failed",
        "statusDetails" : "AssertionError: Incorrect status code: 400",
        "time" : {
          "start" : 1756259316956,
          "stop" : 1756259317580,
          "duration" : 624
        }
      }, {
        "uid" : "6c53a3c7123edb65",
        "reportUrl" : "https://lambotik.github.io/Oblache/483//#testresult/6c53a3c7123edb65",
        "status" : "failed",
        "statusDetails" : "AssertionError: Incorrect status code: 400",
        "time" : {
          "start" : 1756173134665,
          "stop" : 1756173135622,
          "duration" : 957
        }
      }, {
        "uid" : "8f22f4cd5fd9fd4e",
        "reportUrl" : "https://lambotik.github.io/Oblache/482//#testresult/8f22f4cd5fd9fd4e",
        "status" : "failed",
        "statusDetails" : "AssertionError: Incorrect status code: 400",
        "time" : {
          "start" : 1756086956916,
          "stop" : 1756086957663,
          "duration" : 747
        }
      }, {
        "uid" : "45da0fe33f036f5c",
        "reportUrl" : "https://lambotik.github.io/Oblache/481//#testresult/45da0fe33f036f5c",
        "status" : "failed",
        "statusDetails" : "AssertionError: Incorrect status code: 400",
        "time" : {
          "start" : 1756000918793,
          "stop" : 1756000919770,
          "duration" : 977
        }
      }, {
        "uid" : "bfcfc3d0ca2daf8a",
        "reportUrl" : "https://lambotik.github.io/Oblache/480//#testresult/bfcfc3d0ca2daf8a",
        "status" : "failed",
        "statusDetails" : "AssertionError: Incorrect status code: 400",
        "time" : {
          "start" : 1755913625327,
          "stop" : 1755913625977,
          "duration" : 650
        }
      }, {
        "uid" : "a763111012dd4cf5",
        "reportUrl" : "https://lambotik.github.io/Oblache/479//#testresult/a763111012dd4cf5",
        "status" : "failed",
        "statusDetails" : "AssertionError: Incorrect status code: 400",
        "time" : {
          "start" : 1755827465413,
          "stop" : 1755827466242,
          "duration" : 829
        }
      }, {
        "uid" : "7e3683739e154bbe",
        "reportUrl" : "https://lambotik.github.io/Oblache/478//#testresult/7e3683739e154bbe",
        "status" : "failed",
        "statusDetails" : "AssertionError: Incorrect status code: 400",
        "time" : {
          "start" : 1755741011124,
          "stop" : 1755741011854,
          "duration" : 730
        }
      }, {
        "uid" : "98fa08673d8cc317",
        "reportUrl" : "https://lambotik.github.io/Oblache/477//#testresult/98fa08673d8cc317",
        "status" : "failed",
        "statusDetails" : "AssertionError: Incorrect status code: 400",
        "time" : {
          "start" : 1755654703192,
          "stop" : 1755654703808,
          "duration" : 616
        }
      } ]
    },
    "tags" : [ ]
  },
  "source" : "7f6f0d5b9ba79197.json",
  "parameterValues" : [ ]
}