{
  "uid" : "cf451483b8f47c37",
  "name" : "POST delete_db",
  "fullName" : "tests_api.test_bd.TestPOST#test_delete_db",
  "historyId" : "aacf29e4b56c0d304e9b651197b003cc",
  "time" : {
    "start" : 1757382421194,
    "stop" : 1757382421194,
    "duration" : 0
  },
  "status" : "skipped",
  "statusMessage" : "XFAIL When using this method during a test run, the database may be in deleting status.\n\nrequests.exceptions.JSONDecodeError: Expecting value: line 1 column 1 (char 0)",
  "statusTrace" : "self = <Response [502]>, kwargs = {}\n\n    def json(self, **kwargs):\n        r\"\"\"Returns the json-encoded content of a response, if any.\n    \n        :param \\*\\*kwargs: Optional arguments that ``json.loads`` takes.\n        :raises requests.exceptions.JSONDecodeError: If the response body does not\n            contain valid json.\n        \"\"\"\n    \n        if not self.encoding and self.content and len(self.content) > 3:\n            # No encoding set. JSON RFC 4627 section 3 states we should expect\n            # UTF-8, -16 or -32. Detect which one to use; If the detection or\n            # decoding fails, fall back to `self.text` (using charset_normalizer to make\n            # a best guess).\n            encoding = guess_json_utf(self.content)\n            if encoding is not None:\n                try:\n                    return complexjson.loads(self.content.decode(encoding), **kwargs)\n                except UnicodeDecodeError:\n                    # Wrong UTF codec detected; usually because it's not UTF-8\n                    # but some other 8-bit codec.  This is an RFC violation,\n                    # and the server didn't bother to tell us what codec *was*\n                    # used.\n                    pass\n                except JSONDecodeError as e:\n                    raise RequestsJSONDecodeError(e.msg, e.doc, e.pos)\n    \n        try:\n>           return complexjson.loads(self.text, **kwargs)\n\n/opt/hostedtoolcache/Python/3.12.11/x64/lib/python3.12/site-packages/requests/models.py:974: \n_ _ _ _ _ _ _ _ _ _ _ _ _ _ _ _ _ _ _ _ _ _ _ _ _ _ _ _ _ _ _ _ _ _ _ _ _ _ _ _ \n/opt/hostedtoolcache/Python/3.12.11/x64/lib/python3.12/json/__init__.py:346: in loads\n    return _default_decoder.decode(s)\n/opt/hostedtoolcache/Python/3.12.11/x64/lib/python3.12/json/decoder.py:338: in decode\n    obj, end = self.raw_decode(s, idx=_w(s, 0).end())\n_ _ _ _ _ _ _ _ _ _ _ _ _ _ _ _ _ _ _ _ _ _ _ _ _ _ _ _ _ _ _ _ _ _ _ _ _ _ _ _ \n\nself = <json.decoder.JSONDecoder object at 0x7f1d30a96900>\ns = '<html>\\r\\n<head><title>502 Bad Gateway</title></head>\\r\\n<body>\\r\\n<center><h1>502 Bad Gateway</h1></center>\\r\\n<hr><center>nginx/1.18.0 (Ubuntu)</center>\\r\\n</body>\\r\\n</html>\\r\\n'\nidx = 0\n\n    def raw_decode(self, s, idx=0):\n        \"\"\"Decode a JSON document from ``s`` (a ``str`` beginning with\n        a JSON document) and return a 2-tuple of the Python\n        representation and the index in ``s`` where the document ended.\n    \n        This can be used to decode a JSON document from a string that may\n        have extraneous data at the end.\n    \n        \"\"\"\n        try:\n            obj, end = self.scan_once(s, idx)\n        except StopIteration as err:\n>           raise JSONDecodeError(\"Expecting value\", s, err.value) from None\nE           json.decoder.JSONDecodeError: Expecting value: line 1 column 1 (char 0)\n\n/opt/hostedtoolcache/Python/3.12.11/x64/lib/python3.12/json/decoder.py:356: JSONDecodeError\n\nDuring handling of the above exception, another exception occurred:\n\n    @pytest.fixture()\n    def get_token():\n        \"\"\"\n        Method return:\\n\n        token: str\\n\n        body: dict\\n\n        new_password: str\\n\n        old_password: str\\n\n        email: str\n        :returns: token: str, body: dict, new_password: str, old_password:str, email: str\n        \"\"\"\n        load_dotenv()\n        email = os.getenv('EMAIL')\n        old_password = os.getenv('PASSWORD')\n        new_password = '123456789'\n        try:\n            body = {\"email\": email, \"password\": f'{old_password}'}\n            result = requests.post('https://dbend.areso.pro/login', json=body)\n            token = result.json()['token']\n            if token != {}:\n                new_password, old_password = old_password, new_password\n            Checking.check_status_code(result, 200)\n            return token, body, new_password, old_password, email\n        except Exception as ex:\n            print(ex)\n            old_password, new_password = new_password, old_password\n            body = {\"email\": email, \"password\": f'{old_password}'}\n            result = requests.post('https://dbend.areso.pro/login', json=body)\n>           token = result.json()['token']\n\nconftest.py:75: \n_ _ _ _ _ _ _ _ _ _ _ _ _ _ _ _ _ _ _ _ _ _ _ _ _ _ _ _ _ _ _ _ _ _ _ _ _ _ _ _ \n\nself = <Response [502]>, kwargs = {}\n\n    def json(self, **kwargs):\n        r\"\"\"Returns the json-encoded content of a response, if any.\n    \n        :param \\*\\*kwargs: Optional arguments that ``json.loads`` takes.\n        :raises requests.exceptions.JSONDecodeError: If the response body does not\n            contain valid json.\n        \"\"\"\n    \n        if not self.encoding and self.content and len(self.content) > 3:\n            # No encoding set. JSON RFC 4627 section 3 states we should expect\n            # UTF-8, -16 or -32. Detect which one to use; If the detection or\n            # decoding fails, fall back to `self.text` (using charset_normalizer to make\n            # a best guess).\n            encoding = guess_json_utf(self.content)\n            if encoding is not None:\n                try:\n                    return complexjson.loads(self.content.decode(encoding), **kwargs)\n                except UnicodeDecodeError:\n                    # Wrong UTF codec detected; usually because it's not UTF-8\n                    # but some other 8-bit codec.  This is an RFC violation,\n                    # and the server didn't bother to tell us what codec *was*\n                    # used.\n                    pass\n                except JSONDecodeError as e:\n                    raise RequestsJSONDecodeError(e.msg, e.doc, e.pos)\n    \n        try:\n            return complexjson.loads(self.text, **kwargs)\n        except JSONDecodeError as e:\n            # Catch JSON-related errors and raise as requests.JSONDecodeError\n            # This aliases json.JSONDecodeError and simplejson.JSONDecodeError\n>           raise RequestsJSONDecodeError(e.msg, e.doc, e.pos)\nE           requests.exceptions.JSONDecodeError: Expecting value: line 1 column 1 (char 0)\n\n/opt/hostedtoolcache/Python/3.12.11/x64/lib/python3.12/site-packages/requests/models.py:978: JSONDecodeError",
  "flaky" : false,
  "newFailed" : false,
  "beforeStages" : [ {
    "name" : "get_token",
    "time" : {
      "start" : 1757382421194,
      "stop" : 1757382421752,
      "duration" : 558
    },
    "status" : "broken",
    "statusMessage" : "requests.exceptions.JSONDecodeError: Expecting value: line 1 column 1 (char 0)\n",
    "statusTrace" : "  File \"/opt/hostedtoolcache/Python/3.12.11/x64/lib/python3.12/site-packages/pluggy/_callers.py\", line 38, in run_old_style_hookwrapper\n    res = yield\n          ^^^^^\n  File \"/opt/hostedtoolcache/Python/3.12.11/x64/lib/python3.12/site-packages/pluggy/_callers.py\", line 139, in _multicall\n    teardown.throw(exception)\n  File \"/opt/hostedtoolcache/Python/3.12.11/x64/lib/python3.12/site-packages/pluggy/_callers.py\", line 53, in run_old_style_hookwrapper\n    return result.get_result()\n           ^^^^^^^^^^^^^^^^^^^\n  File \"/opt/hostedtoolcache/Python/3.12.11/x64/lib/python3.12/site-packages/pluggy/_result.py\", line 103, in get_result\n    raise exc.with_traceback(tb)\n  File \"/opt/hostedtoolcache/Python/3.12.11/x64/lib/python3.12/site-packages/pluggy/_callers.py\", line 38, in run_old_style_hookwrapper\n    res = yield\n          ^^^^^\n  File \"/opt/hostedtoolcache/Python/3.12.11/x64/lib/python3.12/site-packages/pluggy/_callers.py\", line 121, in _multicall\n    res = hook_impl.function(*args)\n          ^^^^^^^^^^^^^^^^^^^^^^^^^\n  File \"/opt/hostedtoolcache/Python/3.12.11/x64/lib/python3.12/site-packages/_pytest/fixtures.py\", line 1123, in pytest_fixture_setup\n    result = call_fixture_func(fixturefunc, request, kwargs)\n             ^^^^^^^^^^^^^^^^^^^^^^^^^^^^^^^^^^^^^^^^^^^^^^^\n  File \"/opt/hostedtoolcache/Python/3.12.11/x64/lib/python3.12/site-packages/_pytest/fixtures.py\", line 902, in call_fixture_func\n    fixture_result = fixturefunc(**kwargs)\n                     ^^^^^^^^^^^^^^^^^^^^^\n  File \"/home/runner/work/Oblache/Oblache/conftest.py\", line 75, in get_token\n    token = result.json()['token']\n            ^^^^^^^^^^^^^\n  File \"/opt/hostedtoolcache/Python/3.12.11/x64/lib/python3.12/site-packages/requests/models.py\", line 978, in json\n    raise RequestsJSONDecodeError(e.msg, e.doc, e.pos)\n",
    "steps" : [ ],
    "attachments" : [ ],
    "parameters" : [ ],
    "attachmentsCount" : 0,
    "shouldDisplayMessage" : true,
    "hasContent" : true,
    "stepsCount" : 0
  } ],
  "afterStages" : [ ],
  "labels" : [ {
    "name" : "suite",
    "value" : "POST"
  }, {
    "name" : "tag",
    "value" : "@pytest.mark.xfail(reason='When using this method during a test run, the database may be in deleting status.')"
  }, {
    "name" : "parentSuite",
    "value" : "tests_api"
  }, {
    "name" : "subSuite",
    "value" : "TestPOST"
  }, {
    "name" : "host",
    "value" : "pkrvm7jw40e0xgp"
  }, {
    "name" : "thread",
    "value" : "2582-MainThread"
  }, {
    "name" : "framework",
    "value" : "pytest"
  }, {
    "name" : "language",
    "value" : "cpython3"
  }, {
    "name" : "package",
    "value" : "tests_api.test_bd"
  }, {
    "name" : "resultFormat",
    "value" : "allure2"
  } ],
  "parameters" : [ ],
  "links" : [ ],
  "hidden" : false,
  "retry" : false,
  "extra" : {
    "severity" : "normal",
    "retries" : [ ],
    "categories" : [ ],
    "history" : {
      "statistic" : {
        "failed" : 0,
        "broken" : 0,
        "skipped" : 268,
        "passed" : 14,
        "unknown" : 0,
        "total" : 282
      },
      "items" : [ {
        "uid" : "6dd94778efaad954",
        "reportUrl" : "https://lambotik.github.io/Oblache/496//#testresult/6dd94778efaad954",
        "status" : "skipped",
        "statusDetails" : "XFAIL When using this method during a test run, the database may be in deleting status.\n\nrequests.exceptions.JSONDecodeError: Expecting value: line 1 column 1 (char 0)",
        "time" : {
          "start" : 1757296256704,
          "stop" : 1757296256704,
          "duration" : 0
        }
      }, {
        "uid" : "98f3ffc97f35aaec",
        "reportUrl" : "https://lambotik.github.io/Oblache/495//#testresult/98f3ffc97f35aaec",
        "status" : "skipped",
        "statusDetails" : "XFAIL When using this method during a test run, the database may be in deleting status.\n\nAssertionError: Incorrect status code: 405",
        "time" : {
          "start" : 1757209853916,
          "stop" : 1757209854643,
          "duration" : 727
        }
      }, {
        "uid" : "d1e8ae42f891d491",
        "reportUrl" : "https://lambotik.github.io/Oblache/494//#testresult/d1e8ae42f891d491",
        "status" : "skipped",
        "statusDetails" : "XFAIL When using this method during a test run, the database may be in deleting status.\n\nAssertionError: Incorrect status code: 500",
        "time" : {
          "start" : 1757122933411,
          "stop" : 1757122934010,
          "duration" : 599
        }
      }, {
        "uid" : "c4518217fe752254",
        "reportUrl" : "https://lambotik.github.io/Oblache/493//#testresult/c4518217fe752254",
        "status" : "skipped",
        "statusDetails" : "XFAIL When using this method during a test run, the database may be in deleting status.\n\nAssertionError: Incorrect status code: 500",
        "time" : {
          "start" : 1757036740837,
          "stop" : 1757036741831,
          "duration" : 994
        }
      }, {
        "uid" : "56c9d54cb16f6509",
        "reportUrl" : "https://lambotik.github.io/Oblache/492//#testresult/56c9d54cb16f6509",
        "status" : "skipped",
        "statusDetails" : "XFAIL When using this method during a test run, the database may be in deleting status.\n\nAssertionError: Incorrect status code: 500",
        "time" : {
          "start" : 1756950195976,
          "stop" : 1756950196932,
          "duration" : 956
        }
      }, {
        "uid" : "166528e7dd2afcd2",
        "reportUrl" : "https://lambotik.github.io/Oblache/491//#testresult/166528e7dd2afcd2",
        "status" : "skipped",
        "statusDetails" : "XFAIL When using this method during a test run, the database may be in deleting status.\n\nAssertionError: Incorrect status code: 500",
        "time" : {
          "start" : 1756863768202,
          "stop" : 1756863768893,
          "duration" : 691
        }
      }, {
        "uid" : "f9ba8fa9f1b924e3",
        "reportUrl" : "https://lambotik.github.io/Oblache/490//#testresult/f9ba8fa9f1b924e3",
        "status" : "skipped",
        "statusDetails" : "XFAIL When using this method during a test run, the database may be in deleting status.\n\nAssertionError: Incorrect status code: 500",
        "time" : {
          "start" : 1756777773019,
          "stop" : 1756777773625,
          "duration" : 606
        }
      }, {
        "uid" : "d49ed5d39d48cce3",
        "reportUrl" : "https://lambotik.github.io/Oblache/489//#testresult/d49ed5d39d48cce3",
        "status" : "skipped",
        "statusDetails" : "XFAIL When using this method during a test run, the database may be in deleting status.\n\nAssertionError: Incorrect status code: 500",
        "time" : {
          "start" : 1756692212202,
          "stop" : 1756692213135,
          "duration" : 933
        }
      }, {
        "uid" : "8c3ca9f878f9815e",
        "reportUrl" : "https://lambotik.github.io/Oblache/488//#testresult/8c3ca9f878f9815e",
        "status" : "skipped",
        "statusDetails" : "XFAIL When using this method during a test run, the database may be in deleting status.\n\nAssertionError: Incorrect status code: 500",
        "time" : {
          "start" : 1756605200920,
          "stop" : 1756605201871,
          "duration" : 951
        }
      }, {
        "uid" : "9abad64fe7e71011",
        "reportUrl" : "https://lambotik.github.io/Oblache/487//#testresult/9abad64fe7e71011",
        "status" : "skipped",
        "statusDetails" : "XFAIL When using this method during a test run, the database may be in deleting status.\n\nrequests.exceptions.JSONDecodeError: Expecting value: line 1 column 1 (char 0)",
        "time" : {
          "start" : 1756518159190,
          "stop" : 1756518159190,
          "duration" : 0
        }
      }, {
        "uid" : "b59230b444f159a",
        "reportUrl" : "https://lambotik.github.io/Oblache/486//#testresult/b59230b444f159a",
        "status" : "passed",
        "statusDetails" : "XPASS When using this method during a test run, the database may be in deleting status.",
        "time" : {
          "start" : 1756432072081,
          "stop" : 1756432072440,
          "duration" : 359
        }
      }, {
        "uid" : "e72b85281fdfc962",
        "reportUrl" : "https://lambotik.github.io/Oblache/485//#testresult/e72b85281fdfc962",
        "status" : "passed",
        "statusDetails" : "XPASS When using this method during a test run, the database may be in deleting status.",
        "time" : {
          "start" : 1756345681031,
          "stop" : 1756345681352,
          "duration" : 321
        }
      }, {
        "uid" : "5a392a268198594a",
        "reportUrl" : "https://lambotik.github.io/Oblache/484//#testresult/5a392a268198594a",
        "status" : "passed",
        "statusDetails" : "XPASS When using this method during a test run, the database may be in deleting status.",
        "time" : {
          "start" : 1756259325824,
          "stop" : 1756259326137,
          "duration" : 313
        }
      }, {
        "uid" : "b58d118bed085526",
        "reportUrl" : "https://lambotik.github.io/Oblache/483//#testresult/b58d118bed085526",
        "status" : "passed",
        "statusDetails" : "XPASS When using this method during a test run, the database may be in deleting status.",
        "time" : {
          "start" : 1756173147537,
          "stop" : 1756173148046,
          "duration" : 509
        }
      }, {
        "uid" : "c0da6055080a5eaf",
        "reportUrl" : "https://lambotik.github.io/Oblache/482//#testresult/c0da6055080a5eaf",
        "status" : "passed",
        "statusDetails" : "XPASS When using this method during a test run, the database may be in deleting status.",
        "time" : {
          "start" : 1756086965889,
          "stop" : 1756086966243,
          "duration" : 354
        }
      }, {
        "uid" : "19b9477c9537bd6b",
        "reportUrl" : "https://lambotik.github.io/Oblache/481//#testresult/19b9477c9537bd6b",
        "status" : "passed",
        "statusDetails" : "XPASS When using this method during a test run, the database may be in deleting status.",
        "time" : {
          "start" : 1756000931885,
          "stop" : 1756000932386,
          "duration" : 501
        }
      }, {
        "uid" : "3ae45ace33bf09c6",
        "reportUrl" : "https://lambotik.github.io/Oblache/480//#testresult/3ae45ace33bf09c6",
        "status" : "passed",
        "statusDetails" : "XPASS When using this method during a test run, the database may be in deleting status.",
        "time" : {
          "start" : 1755913634704,
          "stop" : 1755913635007,
          "duration" : 303
        }
      }, {
        "uid" : "146e21e1100716de",
        "reportUrl" : "https://lambotik.github.io/Oblache/479//#testresult/146e21e1100716de",
        "status" : "passed",
        "statusDetails" : "XPASS When using this method during a test run, the database may be in deleting status.",
        "time" : {
          "start" : 1755827474727,
          "stop" : 1755827475031,
          "duration" : 304
        }
      }, {
        "uid" : "6649aef97dc10f74",
        "reportUrl" : "https://lambotik.github.io/Oblache/478//#testresult/6649aef97dc10f74",
        "status" : "passed",
        "statusDetails" : "XPASS When using this method during a test run, the database may be in deleting status.",
        "time" : {
          "start" : 1755741021774,
          "stop" : 1755741022140,
          "duration" : 366
        }
      }, {
        "uid" : "3027278cf64db69a",
        "reportUrl" : "https://lambotik.github.io/Oblache/477//#testresult/3027278cf64db69a",
        "status" : "passed",
        "statusDetails" : "XPASS When using this method during a test run, the database may be in deleting status.",
        "time" : {
          "start" : 1755654712101,
          "stop" : 1755654712412,
          "duration" : 311
        }
      } ]
    },
    "tags" : [ "@pytest.mark.xfail(reason='When using this method during a test run, the database may be in deleting status.')" ]
  },
  "source" : "cf451483b8f47c37.json",
  "parameterValues" : [ ]
}