{
  "uid" : "e86eb3019350f24",
  "name" : "test order db create backup with wrong uuid",
  "fullName" : "tests_api.test_bd.TestBackup#test_order_db_create_backup_with_wrong_uuid",
  "historyId" : "bc5ef28400accd6488b5c9ca6e9589b9",
  "time" : {
    "start" : 1757382422947,
    "stop" : 1757382422947,
    "duration" : 0
  },
  "status" : "failed",
  "statusMessage" : "AssertionError: Incorrect status code: 502",
  "statusTrace" : "@pytest.fixture()\n    def get_token_backup_1():\n        \"\"\"\n        Method return:\\n\n        token: str\\n\n        body: dict\\n\n        uuid: str\n        \"\"\"\n        load_dotenv()\n        email = os.getenv('BACKUP1_MAIL')\n        old_password = os.getenv('BACKUP1_PASSWORD')\n        uuid = os.getenv('BACKUP1_UUID')\n        body = {\"email\": email, \"password\": old_password}\n        result = requests.post('https://dbend.areso.pro/login', json=body)\n>       Checking.check_status_code(result, 200)\n\nconftest.py:94: \n_ _ _ _ _ _ _ _ _ _ _ _ _ _ _ _ _ _ _ _ _ _ _ _ _ _ _ _ _ _ _ _ _ _ _ _ _ _ _ _ \n\nresult = <Response [502]>, status_code = 200\n\n    @staticmethod\n    def check_status_code(result: requests.models.Response, status_code: int):\n        \"\"\"\n        Method check status code\n        :param result: Response\n        :param status_code:\n        \"\"\"\n        with allure.step(f'Assert status code: {status_code} == Response status code: {result.status_code}'):\n>           assert status_code == result.status_code, f'Incorrect status code: {result.status_code}'\nE           AssertionError: Incorrect status code: 502\n\ntests_api/utils/checking.py:16: AssertionError",
  "flaky" : false,
  "newFailed" : false,
  "beforeStages" : [ {
    "name" : "get_token_backup_1",
    "time" : {
      "start" : 1757382422947,
      "stop" : 1757382423313,
      "duration" : 366
    },
    "status" : "failed",
    "statusMessage" : "AssertionError: Incorrect status code: 502\n",
    "statusTrace" : "  File \"/opt/hostedtoolcache/Python/3.12.11/x64/lib/python3.12/site-packages/pluggy/_callers.py\", line 38, in run_old_style_hookwrapper\n    res = yield\n          ^^^^^\n  File \"/opt/hostedtoolcache/Python/3.12.11/x64/lib/python3.12/site-packages/pluggy/_callers.py\", line 139, in _multicall\n    teardown.throw(exception)\n  File \"/opt/hostedtoolcache/Python/3.12.11/x64/lib/python3.12/site-packages/pluggy/_callers.py\", line 53, in run_old_style_hookwrapper\n    return result.get_result()\n           ^^^^^^^^^^^^^^^^^^^\n  File \"/opt/hostedtoolcache/Python/3.12.11/x64/lib/python3.12/site-packages/pluggy/_result.py\", line 103, in get_result\n    raise exc.with_traceback(tb)\n  File \"/opt/hostedtoolcache/Python/3.12.11/x64/lib/python3.12/site-packages/pluggy/_callers.py\", line 38, in run_old_style_hookwrapper\n    res = yield\n          ^^^^^\n  File \"/opt/hostedtoolcache/Python/3.12.11/x64/lib/python3.12/site-packages/pluggy/_callers.py\", line 121, in _multicall\n    res = hook_impl.function(*args)\n          ^^^^^^^^^^^^^^^^^^^^^^^^^\n  File \"/opt/hostedtoolcache/Python/3.12.11/x64/lib/python3.12/site-packages/_pytest/fixtures.py\", line 1123, in pytest_fixture_setup\n    result = call_fixture_func(fixturefunc, request, kwargs)\n             ^^^^^^^^^^^^^^^^^^^^^^^^^^^^^^^^^^^^^^^^^^^^^^^\n  File \"/opt/hostedtoolcache/Python/3.12.11/x64/lib/python3.12/site-packages/_pytest/fixtures.py\", line 902, in call_fixture_func\n    fixture_result = fixturefunc(**kwargs)\n                     ^^^^^^^^^^^^^^^^^^^^^\n  File \"/home/runner/work/Oblache/Oblache/conftest.py\", line 94, in get_token_backup_1\n    Checking.check_status_code(result, 200)\n  File \"/home/runner/work/Oblache/Oblache/tests_api/utils/checking.py\", line 16, in check_status_code\n    assert status_code == result.status_code, f'Incorrect status code: {result.status_code}'\n           ^^^^^^^^^^^^^^^^^^^^^^^^^^^^^^^^^\n",
    "steps" : [ {
      "name" : "Assert status code: 200 == Response status code: 502",
      "time" : {
        "start" : 1757382423313,
        "stop" : 1757382423313,
        "duration" : 0
      },
      "status" : "failed",
      "statusMessage" : "AssertionError: Incorrect status code: 502\n",
      "statusTrace" : "  File \"/home/runner/work/Oblache/Oblache/tests_api/utils/checking.py\", line 16, in check_status_code\n    assert status_code == result.status_code, f'Incorrect status code: {result.status_code}'\n           ^^^^^^^^^^^^^^^^^^^^^^^^^^^^^^^^^\n",
      "steps" : [ ],
      "attachments" : [ ],
      "parameters" : [ ],
      "attachmentsCount" : 0,
      "shouldDisplayMessage" : true,
      "hasContent" : true,
      "stepsCount" : 0
    } ],
    "attachments" : [ ],
    "parameters" : [ ],
    "attachmentsCount" : 0,
    "shouldDisplayMessage" : false,
    "hasContent" : true,
    "stepsCount" : 1
  } ],
  "afterStages" : [ ],
  "labels" : [ {
    "name" : "suite",
    "value" : "Test Backup"
  }, {
    "name" : "parentSuite",
    "value" : "tests_api"
  }, {
    "name" : "subSuite",
    "value" : "TestBackup"
  }, {
    "name" : "host",
    "value" : "pkrvm7jw40e0xgp"
  }, {
    "name" : "thread",
    "value" : "2582-MainThread"
  }, {
    "name" : "framework",
    "value" : "pytest"
  }, {
    "name" : "language",
    "value" : "cpython3"
  }, {
    "name" : "package",
    "value" : "tests_api.test_bd"
  }, {
    "name" : "resultFormat",
    "value" : "allure2"
  } ],
  "parameters" : [ ],
  "links" : [ ],
  "hidden" : false,
  "retry" : false,
  "extra" : {
    "severity" : "normal",
    "retries" : [ ],
    "categories" : [ {
      "name" : "Product defects",
      "matchedStatuses" : [ ],
      "flaky" : false
    } ],
    "history" : {
      "statistic" : {
        "failed" : 56,
        "broken" : 1,
        "skipped" : 0,
        "passed" : 225,
        "unknown" : 0,
        "total" : 282
      },
      "items" : [ {
        "uid" : "d9ad80e207fcef27",
        "reportUrl" : "https://lambotik.github.io/Oblache/496//#testresult/d9ad80e207fcef27",
        "status" : "failed",
        "statusDetails" : "AssertionError: Incorrect status code: 502",
        "time" : {
          "start" : 1757296259455,
          "stop" : 1757296259455,
          "duration" : 0
        }
      }, {
        "uid" : "5b58be9233d4340d",
        "reportUrl" : "https://lambotik.github.io/Oblache/495//#testresult/5b58be9233d4340d",
        "status" : "failed",
        "statusDetails" : "AssertionError: Result is not equal expected value",
        "time" : {
          "start" : 1757209869104,
          "stop" : 1757209869479,
          "duration" : 375
        }
      }, {
        "uid" : "b09faba7cde6a8dc",
        "reportUrl" : "https://lambotik.github.io/Oblache/494//#testresult/b09faba7cde6a8dc",
        "status" : "failed",
        "statusDetails" : "AssertionError: Incorrect status code: 500",
        "time" : {
          "start" : 1757122992902,
          "stop" : 1757122993222,
          "duration" : 320
        }
      }, {
        "uid" : "d3ef84a2479eb60f",
        "reportUrl" : "https://lambotik.github.io/Oblache/493//#testresult/d3ef84a2479eb60f",
        "status" : "failed",
        "statusDetails" : "AssertionError: Incorrect status code: 500",
        "time" : {
          "start" : 1757036769846,
          "stop" : 1757036770363,
          "duration" : 517
        }
      }, {
        "uid" : "4d1e3e1cf3e13fc1",
        "reportUrl" : "https://lambotik.github.io/Oblache/492//#testresult/4d1e3e1cf3e13fc1",
        "status" : "failed",
        "statusDetails" : "AssertionError: Incorrect status code: 500",
        "time" : {
          "start" : 1756950254604,
          "stop" : 1756950255118,
          "duration" : 514
        }
      }, {
        "uid" : "34d3d059b2dba42e",
        "reportUrl" : "https://lambotik.github.io/Oblache/491//#testresult/34d3d059b2dba42e",
        "status" : "failed",
        "statusDetails" : "AssertionError: Incorrect status code: 500",
        "time" : {
          "start" : 1756863789100,
          "stop" : 1756863789480,
          "duration" : 380
        }
      }, {
        "uid" : "b6c3b789ec967275",
        "reportUrl" : "https://lambotik.github.io/Oblache/490//#testresult/b6c3b789ec967275",
        "status" : "failed",
        "statusDetails" : "AssertionError: Result is not equal expected value",
        "time" : {
          "start" : 1756777809805,
          "stop" : 1756777810114,
          "duration" : 309
        }
      }, {
        "uid" : "dd4ca357090758f9",
        "reportUrl" : "https://lambotik.github.io/Oblache/489//#testresult/dd4ca357090758f9",
        "status" : "failed",
        "statusDetails" : "AssertionError: Result is not equal expected value",
        "time" : {
          "start" : 1756692252671,
          "stop" : 1756692253140,
          "duration" : 469
        }
      }, {
        "uid" : "d34391942d23d4e5",
        "reportUrl" : "https://lambotik.github.io/Oblache/488//#testresult/d34391942d23d4e5",
        "status" : "failed",
        "statusDetails" : "AssertionError: Result is not equal expected value",
        "time" : {
          "start" : 1756605253517,
          "stop" : 1756605254009,
          "duration" : 492
        }
      }, {
        "uid" : "43fdf256a4481681",
        "reportUrl" : "https://lambotik.github.io/Oblache/487//#testresult/43fdf256a4481681",
        "status" : "failed",
        "statusDetails" : "AssertionError: Incorrect status code: 502",
        "time" : {
          "start" : 1756518160943,
          "stop" : 1756518160943,
          "duration" : 0
        }
      }, {
        "uid" : "9d43e418e351d5b9",
        "reportUrl" : "https://lambotik.github.io/Oblache/486//#testresult/9d43e418e351d5b9",
        "status" : "failed",
        "statusDetails" : "AssertionError: Incorrect status code: 500",
        "time" : {
          "start" : 1756432075787,
          "stop" : 1756432076159,
          "duration" : 372
        }
      }, {
        "uid" : "161fb624a6f2c929",
        "reportUrl" : "https://lambotik.github.io/Oblache/485//#testresult/161fb624a6f2c929",
        "status" : "failed",
        "statusDetails" : "AssertionError: Result is not equal expected value",
        "time" : {
          "start" : 1756345684141,
          "stop" : 1756345684450,
          "duration" : 309
        }
      }, {
        "uid" : "c05f0997e2d6302c",
        "reportUrl" : "https://lambotik.github.io/Oblache/484//#testresult/c05f0997e2d6302c",
        "status" : "failed",
        "statusDetails" : "AssertionError: Incorrect status code: 500",
        "time" : {
          "start" : 1756259329060,
          "stop" : 1756259329369,
          "duration" : 309
        }
      }, {
        "uid" : "13e1f27b886bfd35",
        "reportUrl" : "https://lambotik.github.io/Oblache/483//#testresult/13e1f27b886bfd35",
        "status" : "failed",
        "statusDetails" : "AssertionError: Incorrect status code: 500",
        "time" : {
          "start" : 1756173152350,
          "stop" : 1756173152835,
          "duration" : 485
        }
      }, {
        "uid" : "4fa4f06e7c5529c6",
        "reportUrl" : "https://lambotik.github.io/Oblache/482//#testresult/4fa4f06e7c5529c6",
        "status" : "failed",
        "statusDetails" : "AssertionError: Result is not equal expected value",
        "time" : {
          "start" : 1756086969596,
          "stop" : 1756086969957,
          "duration" : 361
        }
      }, {
        "uid" : "8f73d19017eef754",
        "reportUrl" : "https://lambotik.github.io/Oblache/481//#testresult/8f73d19017eef754",
        "status" : "failed",
        "statusDetails" : "AssertionError: Result is not equal expected value",
        "time" : {
          "start" : 1756000936865,
          "stop" : 1756000937344,
          "duration" : 479
        }
      }, {
        "uid" : "65346fcf3fc5ae36",
        "reportUrl" : "https://lambotik.github.io/Oblache/480//#testresult/65346fcf3fc5ae36",
        "status" : "failed",
        "statusDetails" : "AssertionError: Result is not equal expected value",
        "time" : {
          "start" : 1755913637837,
          "stop" : 1755913638157,
          "duration" : 320
        }
      }, {
        "uid" : "8c442fb037bf8402",
        "reportUrl" : "https://lambotik.github.io/Oblache/479//#testresult/8c442fb037bf8402",
        "status" : "failed",
        "statusDetails" : "AssertionError: Result is not equal expected value",
        "time" : {
          "start" : 1755827477937,
          "stop" : 1755827478296,
          "duration" : 359
        }
      }, {
        "uid" : "f239aeb044f3f9c0",
        "reportUrl" : "https://lambotik.github.io/Oblache/478//#testresult/f239aeb044f3f9c0",
        "status" : "failed",
        "statusDetails" : "AssertionError: Result is not equal expected value",
        "time" : {
          "start" : 1755741025496,
          "stop" : 1755741025857,
          "duration" : 361
        }
      }, {
        "uid" : "5382e905d0cc4fe5",
        "reportUrl" : "https://lambotik.github.io/Oblache/477//#testresult/5382e905d0cc4fe5",
        "status" : "failed",
        "statusDetails" : "AssertionError: Result is not equal expected value",
        "time" : {
          "start" : 1755654715230,
          "stop" : 1755654715541,
          "duration" : 311
        }
      } ]
    },
    "tags" : [ ]
  },
  "source" : "e86eb3019350f24.json",
  "parameterValues" : [ ]
}