{
  "uid" : "88fef77974ba54cb",
  "name" : "POST create_docker_container_without_token",
  "fullName" : "tests_api.test_bd.TestPOST#test_post_create_docker_with_defunct_image",
  "historyId" : "346493b9ad20460bc067ba466e60ac88",
  "time" : {
    "start" : 1742519188315,
    "stop" : 1742519188818,
    "duration" : 503
  },
  "status" : "failed",
  "statusMessage" : "AssertionError: Result is not equal expected value",
  "statusTrace" : "self = <tests_api.test_bd.TestPOST object at 0x7fad6f64ba10>\n\n    @allure.title('POST create_docker_container_without_token')\n    def test_post_create_docker_with_defunct_image(self):\n        result = API.post_create_docker_container_with_defunct_image(token=TestPOST.token)\n        Checking.check_status_code(result, 400)\n>       Checking.check_json_value(result, 'msg', \"msg[]: the image doesn't found in the DockerHub\")\n\ntests_api/test_bd.py:411: \n_ _ _ _ _ _ _ _ _ _ _ _ _ _ _ _ _ _ _ _ _ _ _ _ _ _ _ _ _ _ _ _ _ _ _ _ _ _ _ _ \n\nresponse = <Response [400]>, field_name = 'msg'\nexpected_value = \"msg[]: the image doesn't found in the DockerHub\"\n\n    @staticmethod\n    def check_json_value(response: requests.models.Response, field_name: str, expected_value):\n        \"\"\"\n        :param response: requests.models.Response\n        :param field_name:\n        :param expected_value:\n        \"\"\"\n        check = response.json()\n        check_info = check.get(field_name)\n        with allure.step(\n                f'Compare result request with expected value:'\n                f'\\nResponse: {response}\\nField name: {field_name}\\nValue: {expected_value}'):\n>           assert check_info == expected_value, 'Result is not equal expected value'\nE           AssertionError: Result is not equal expected value\n\ntests_api/utils/checking.py:57: AssertionError",
  "flaky" : false,
  "newFailed" : false,
  "beforeStages" : [ ],
  "testStage" : {
    "status" : "failed",
    "statusMessage" : "AssertionError: Result is not equal expected value",
    "statusTrace" : "self = <tests_api.test_bd.TestPOST object at 0x7fad6f64ba10>\n\n    @allure.title('POST create_docker_container_without_token')\n    def test_post_create_docker_with_defunct_image(self):\n        result = API.post_create_docker_container_with_defunct_image(token=TestPOST.token)\n        Checking.check_status_code(result, 400)\n>       Checking.check_json_value(result, 'msg', \"msg[]: the image doesn't found in the DockerHub\")\n\ntests_api/test_bd.py:411: \n_ _ _ _ _ _ _ _ _ _ _ _ _ _ _ _ _ _ _ _ _ _ _ _ _ _ _ _ _ _ _ _ _ _ _ _ _ _ _ _ \n\nresponse = <Response [400]>, field_name = 'msg'\nexpected_value = \"msg[]: the image doesn't found in the DockerHub\"\n\n    @staticmethod\n    def check_json_value(response: requests.models.Response, field_name: str, expected_value):\n        \"\"\"\n        :param response: requests.models.Response\n        :param field_name:\n        :param expected_value:\n        \"\"\"\n        check = response.json()\n        check_info = check.get(field_name)\n        with allure.step(\n                f'Compare result request with expected value:'\n                f'\\nResponse: {response}\\nField name: {field_name}\\nValue: {expected_value}'):\n>           assert check_info == expected_value, 'Result is not equal expected value'\nE           AssertionError: Result is not equal expected value\n\ntests_api/utils/checking.py:57: AssertionError",
    "steps" : [ {
      "name" : "post_create_docker_container_with_defunct_image",
      "time" : {
        "start" : 1742519188315,
        "stop" : 1742519188818,
        "duration" : 503
      },
      "status" : "passed",
      "steps" : [ {
        "name" : "Endpoint: /container_create",
        "time" : {
          "start" : 1742519188817,
          "stop" : 1742519188817,
          "duration" : 0
        },
        "status" : "passed",
        "steps" : [ ],
        "attachments" : [ ],
        "parameters" : [ ],
        "stepsCount" : 0,
        "attachmentsCount" : 0,
        "shouldDisplayMessage" : false,
        "hasContent" : false
      }, {
        "name" : "Request:",
        "time" : {
          "start" : 1742519188817,
          "stop" : 1742519188817,
          "duration" : 0
        },
        "status" : "passed",
        "steps" : [ {
          "name" : "Headers: {'Content-Type': 'application/json', 'Authorization': 'f98bcc32-9db2-4cf5-a457-de74d154833a'}",
          "time" : {
            "start" : 1742519188817,
            "stop" : 1742519188817,
            "duration" : 0
          },
          "status" : "passed",
          "steps" : [ ],
          "attachments" : [ ],
          "parameters" : [ ],
          "stepsCount" : 0,
          "attachmentsCount" : 0,
          "shouldDisplayMessage" : false,
          "hasContent" : false
        }, {
          "name" : "Body: {\"docker_image\": \"\", \"int_ports\": \"80\", \"env\": 3, \"region\": 3}",
          "time" : {
            "start" : 1742519188817,
            "stop" : 1742519188817,
            "duration" : 0
          },
          "status" : "passed",
          "steps" : [ ],
          "attachments" : [ ],
          "parameters" : [ ],
          "stepsCount" : 0,
          "attachmentsCount" : 0,
          "shouldDisplayMessage" : false,
          "hasContent" : false
        } ],
        "attachments" : [ ],
        "parameters" : [ ],
        "stepsCount" : 2,
        "attachmentsCount" : 0,
        "shouldDisplayMessage" : false,
        "hasContent" : true
      }, {
        "name" : "Response:",
        "time" : {
          "start" : 1742519188817,
          "stop" : 1742519188818,
          "duration" : 1
        },
        "status" : "passed",
        "steps" : [ {
          "name" : "Status code: 400",
          "time" : {
            "start" : 1742519188817,
            "stop" : 1742519188817,
            "duration" : 0
          },
          "status" : "passed",
          "steps" : [ ],
          "attachments" : [ ],
          "parameters" : [ ],
          "stepsCount" : 0,
          "attachmentsCount" : 0,
          "shouldDisplayMessage" : false,
          "hasContent" : false
        }, {
          "name" : "JSON: {\n    \"msg_code\": -1,\n    \"msg\": \"endpoint is disabled\"\n}\n",
          "time" : {
            "start" : 1742519188817,
            "stop" : 1742519188818,
            "duration" : 1
          },
          "status" : "passed",
          "steps" : [ ],
          "attachments" : [ ],
          "parameters" : [ ],
          "stepsCount" : 0,
          "attachmentsCount" : 0,
          "shouldDisplayMessage" : false,
          "hasContent" : false
        } ],
        "attachments" : [ ],
        "parameters" : [ ],
        "stepsCount" : 2,
        "attachmentsCount" : 0,
        "shouldDisplayMessage" : false,
        "hasContent" : true
      } ],
      "attachments" : [ ],
      "parameters" : [ ],
      "stepsCount" : 7,
      "attachmentsCount" : 0,
      "shouldDisplayMessage" : false,
      "hasContent" : true
    }, {
      "name" : "Assert status code: 400 == Response status code: 400",
      "time" : {
        "start" : 1742519188818,
        "stop" : 1742519188818,
        "duration" : 0
      },
      "status" : "passed",
      "steps" : [ ],
      "attachments" : [ ],
      "parameters" : [ ],
      "stepsCount" : 0,
      "attachmentsCount" : 0,
      "shouldDisplayMessage" : false,
      "hasContent" : false
    }, {
      "name" : "Compare result request with expected value:\nResponse: <Response [400]>\nField name: msg\nValue: msg[]: the image doesn't found in the DockerHub",
      "time" : {
        "start" : 1742519188818,
        "stop" : 1742519188818,
        "duration" : 0
      },
      "status" : "failed",
      "statusMessage" : "AssertionError: Result is not equal expected value\n",
      "statusTrace" : "  File \"/home/runner/work/Oblache/Oblache/tests_api/utils/checking.py\", line 57, in check_json_value\n    assert check_info == expected_value, 'Result is not equal expected value'\n           ^^^^^^^^^^^^^^^^^^^^^^^^^^^^\n",
      "steps" : [ ],
      "attachments" : [ ],
      "parameters" : [ ],
      "stepsCount" : 0,
      "attachmentsCount" : 0,
      "shouldDisplayMessage" : true,
      "hasContent" : true
    } ],
    "attachments" : [ ],
    "parameters" : [ ],
    "stepsCount" : 10,
    "attachmentsCount" : 0,
    "shouldDisplayMessage" : true,
    "hasContent" : true
  },
  "afterStages" : [ ],
  "labels" : [ {
    "name" : "suite",
    "value" : "POST"
  }, {
    "name" : "parentSuite",
    "value" : "tests_api"
  }, {
    "name" : "subSuite",
    "value" : "TestPOST"
  }, {
    "name" : "host",
    "value" : "fv-az1922-865"
  }, {
    "name" : "thread",
    "value" : "2512-MainThread"
  }, {
    "name" : "framework",
    "value" : "pytest"
  }, {
    "name" : "language",
    "value" : "cpython3"
  }, {
    "name" : "package",
    "value" : "tests_api.test_bd"
  }, {
    "name" : "resultFormat",
    "value" : "allure2"
  } ],
  "parameters" : [ ],
  "links" : [ ],
  "hidden" : false,
  "retry" : false,
  "extra" : {
    "severity" : "normal",
    "retries" : [ ],
    "categories" : [ {
      "name" : "Product defects",
      "matchedStatuses" : [ ],
      "flaky" : false
    } ],
    "history" : {
      "statistic" : {
        "failed" : 100,
        "broken" : 0,
        "skipped" : 0,
        "passed" : 36,
        "unknown" : 0,
        "total" : 136
      },
      "items" : [ {
        "uid" : "44f5e9447f341dba",
        "reportUrl" : "https://lambotik.github.io/Oblache/347//#testresult/44f5e9447f341dba",
        "status" : "failed",
        "statusDetails" : "AssertionError: Result is not equal expected value",
        "time" : {
          "start" : 1742432690575,
          "stop" : 1742432690943,
          "duration" : 368
        }
      }, {
        "uid" : "986e9e3310239ddd",
        "reportUrl" : "https://lambotik.github.io/Oblache/346//#testresult/986e9e3310239ddd",
        "status" : "failed",
        "statusDetails" : "AssertionError: Result is not equal expected value",
        "time" : {
          "start" : 1742346378030,
          "stop" : 1742346378335,
          "duration" : 305
        }
      }, {
        "uid" : "e946b6d75ec73a16",
        "reportUrl" : "https://lambotik.github.io/Oblache/345//#testresult/e946b6d75ec73a16",
        "status" : "failed",
        "statusDetails" : "AssertionError: Result is not equal expected value",
        "time" : {
          "start" : 1742259935806,
          "stop" : 1742259936310,
          "duration" : 504
        }
      }, {
        "uid" : "2d9dd1fa2f3b53c",
        "reportUrl" : "https://lambotik.github.io/Oblache/344//#testresult/2d9dd1fa2f3b53c",
        "status" : "failed",
        "statusDetails" : "AssertionError: Result is not equal expected value",
        "time" : {
          "start" : 1742173653548,
          "stop" : 1742173653850,
          "duration" : 302
        }
      }, {
        "uid" : "810ee62ccad67b95",
        "reportUrl" : "https://lambotik.github.io/Oblache/343//#testresult/810ee62ccad67b95",
        "status" : "failed",
        "statusDetails" : "AssertionError: Result is not equal expected value",
        "time" : {
          "start" : 1742087464934,
          "stop" : 1742087465444,
          "duration" : 510
        }
      }, {
        "uid" : "e8d76710381750bb",
        "reportUrl" : "https://lambotik.github.io/Oblache/342//#testresult/e8d76710381750bb",
        "status" : "failed",
        "statusDetails" : "AssertionError: Result is not equal expected value",
        "time" : {
          "start" : 1742000637442,
          "stop" : 1742000637757,
          "duration" : 315
        }
      }, {
        "uid" : "dcba89ea5741096a",
        "reportUrl" : "https://lambotik.github.io/Oblache/341//#testresult/dcba89ea5741096a",
        "status" : "failed",
        "statusDetails" : "AssertionError: Result is not equal expected value",
        "time" : {
          "start" : 1741914278113,
          "stop" : 1741914278427,
          "duration" : 314
        }
      }, {
        "uid" : "81472286bcb6a662",
        "reportUrl" : "https://lambotik.github.io/Oblache/340//#testresult/81472286bcb6a662",
        "status" : "failed",
        "statusDetails" : "AssertionError: Result is not equal expected value",
        "time" : {
          "start" : 1741827946252,
          "stop" : 1741827946773,
          "duration" : 521
        }
      }, {
        "uid" : "5c4eb6236c40e353",
        "reportUrl" : "https://lambotik.github.io/Oblache/339//#testresult/5c4eb6236c40e353",
        "status" : "failed",
        "statusDetails" : "AssertionError: Result is not equal expected value",
        "time" : {
          "start" : 1741741484533,
          "stop" : 1741741485041,
          "duration" : 508
        }
      }, {
        "uid" : "6efcff4152b30114",
        "reportUrl" : "https://lambotik.github.io/Oblache/338//#testresult/6efcff4152b30114",
        "status" : "failed",
        "statusDetails" : "AssertionError: Result is not equal expected value",
        "time" : {
          "start" : 1741655116827,
          "stop" : 1741655117136,
          "duration" : 309
        }
      }, {
        "uid" : "3f01cd42c3d331a",
        "reportUrl" : "https://lambotik.github.io/Oblache/337//#testresult/3f01cd42c3d331a",
        "status" : "failed",
        "statusDetails" : "AssertionError: Result is not equal expected value",
        "time" : {
          "start" : 1741568143609,
          "stop" : 1741568144119,
          "duration" : 510
        }
      }, {
        "uid" : "20bfb87bcfc8526",
        "reportUrl" : "https://lambotik.github.io/Oblache/336//#testresult/20bfb87bcfc8526",
        "status" : "failed",
        "statusDetails" : "AssertionError: Result is not equal expected value",
        "time" : {
          "start" : 1741481801295,
          "stop" : 1741481801606,
          "duration" : 311
        }
      }, {
        "uid" : "f592911bc39e1ac6",
        "reportUrl" : "https://lambotik.github.io/Oblache/335//#testresult/f592911bc39e1ac6",
        "status" : "failed",
        "statusDetails" : "AssertionError: Result is not equal expected value",
        "time" : {
          "start" : 1741395126332,
          "stop" : 1741395126652,
          "duration" : 320
        }
      }, {
        "uid" : "575450f3584a1fd",
        "reportUrl" : "https://lambotik.github.io/Oblache/334//#testresult/575450f3584a1fd",
        "status" : "failed",
        "statusDetails" : "AssertionError: Result is not equal expected value",
        "time" : {
          "start" : 1741309529942,
          "stop" : 1741309530463,
          "duration" : 521
        }
      }, {
        "uid" : "43529ca768aa2390",
        "reportUrl" : "https://lambotik.github.io/Oblache/23//#testresult/43529ca768aa2390",
        "status" : "failed",
        "statusDetails" : "AssertionError: Result is not equal expected value",
        "time" : {
          "start" : 1741273265791,
          "stop" : 1741273266316,
          "duration" : 525
        }
      }, {
        "uid" : "186b1d94e9451df2",
        "reportUrl" : "https://lambotik.github.io/Oblache/22//#testresult/186b1d94e9451df2",
        "status" : "failed",
        "statusDetails" : "AssertionError: Result is not equal expected value",
        "time" : {
          "start" : 1741273017329,
          "stop" : 1741273017636,
          "duration" : 307
        }
      }, {
        "uid" : "982b4f742279cd3f",
        "reportUrl" : "https://lambotik.github.io/Oblache/21//#testresult/982b4f742279cd3f",
        "status" : "failed",
        "statusDetails" : "AssertionError: Result is not equal expected value",
        "time" : {
          "start" : 1741272404706,
          "stop" : 1741272405013,
          "duration" : 307
        }
      }, {
        "uid" : "d764eec8240b2287",
        "reportUrl" : "https://lambotik.github.io/Oblache/20//#testresult/d764eec8240b2287",
        "status" : "failed",
        "statusDetails" : "AssertionError: Result is not equal expected value",
        "time" : {
          "start" : 1741271082397,
          "stop" : 1741271082912,
          "duration" : 515
        }
      }, {
        "uid" : "9e455cc39c5d74ef",
        "reportUrl" : "https://lambotik.github.io/Oblache/19//#testresult/9e455cc39c5d74ef",
        "status" : "failed",
        "statusDetails" : "AssertionError: Result is not equal expected value",
        "time" : {
          "start" : 1741270263903,
          "stop" : 1741270264416,
          "duration" : 513
        }
      }, {
        "uid" : "8ba18996a67714ee",
        "reportUrl" : "https://lambotik.github.io/Oblache/333//#testresult/8ba18996a67714ee",
        "status" : "failed",
        "statusDetails" : "AssertionError: Result is not equal expected value",
        "time" : {
          "start" : 1741223079632,
          "stop" : 1741223079936,
          "duration" : 304
        }
      } ]
    },
    "tags" : [ ]
  },
  "source" : "88fef77974ba54cb.json",
  "parameterValues" : [ ]
}