{
  "uid" : "1d5d976466691b57",
  "name" : "POST db_create_with_wrong_db_type.",
  "fullName" : "tests_api.test_bd.TestPOST#test_post_db_create_with_wrong_values_dbtype",
  "historyId" : "ae63095b2fe55ca99f871a9193b615b5",
  "time" : {
    "start" : 1756518153193,
    "stop" : 1756518153531,
    "duration" : 338
  },
  "status" : "failed",
  "statusMessage" : "AssertionError: Incorrect status code: 502",
  "statusTrace" : "self = <tests_api.test_bd.TestPOST object at 0x7f5976fdc770>\n\n    @allure.title('POST db_create_with_wrong_db_type.')\n    def test_post_db_create_with_wrong_values_dbtype(self):\n        response_db_list = API.post_db_create_wrong_value_db_type(token=TestPOST.token)\n>       Checking.check_status_code(response_db_list, 400)\n\ntests_api/test_bd.py:262: \n_ _ _ _ _ _ _ _ _ _ _ _ _ _ _ _ _ _ _ _ _ _ _ _ _ _ _ _ _ _ _ _ _ _ _ _ _ _ _ _ \n\nresult = <Response [502]>, status_code = 400\n\n    @staticmethod\n    def check_status_code(result: requests.models.Response, status_code: int):\n        \"\"\"\n        Method check status code\n        :param result: Response\n        :param status_code:\n        \"\"\"\n        with allure.step(f'Assert status code: {status_code} == Response status code: {result.status_code}'):\n>           assert status_code == result.status_code, f'Incorrect status code: {result.status_code}'\nE           AssertionError: Incorrect status code: 502\n\ntests_api/utils/checking.py:16: AssertionError",
  "flaky" : true,
  "newFailed" : true,
  "beforeStages" : [ ],
  "testStage" : {
    "status" : "failed",
    "statusMessage" : "AssertionError: Incorrect status code: 502",
    "statusTrace" : "self = <tests_api.test_bd.TestPOST object at 0x7f5976fdc770>\n\n    @allure.title('POST db_create_with_wrong_db_type.')\n    def test_post_db_create_with_wrong_values_dbtype(self):\n        response_db_list = API.post_db_create_wrong_value_db_type(token=TestPOST.token)\n>       Checking.check_status_code(response_db_list, 400)\n\ntests_api/test_bd.py:262: \n_ _ _ _ _ _ _ _ _ _ _ _ _ _ _ _ _ _ _ _ _ _ _ _ _ _ _ _ _ _ _ _ _ _ _ _ _ _ _ _ \n\nresult = <Response [502]>, status_code = 400\n\n    @staticmethod\n    def check_status_code(result: requests.models.Response, status_code: int):\n        \"\"\"\n        Method check status code\n        :param result: Response\n        :param status_code:\n        \"\"\"\n        with allure.step(f'Assert status code: {status_code} == Response status code: {result.status_code}'):\n>           assert status_code == result.status_code, f'Incorrect status code: {result.status_code}'\nE           AssertionError: Incorrect status code: 502\n\ntests_api/utils/checking.py:16: AssertionError",
    "steps" : [ {
      "name" : "post_db_create_wrong_value_db_type",
      "time" : {
        "start" : 1756518153193,
        "stop" : 1756518153531,
        "duration" : 338
      },
      "status" : "passed",
      "steps" : [ {
        "name" : "Endpoint: /db_create",
        "time" : {
          "start" : 1756518153531,
          "stop" : 1756518153531,
          "duration" : 0
        },
        "status" : "passed",
        "steps" : [ ],
        "attachments" : [ ],
        "parameters" : [ ],
        "stepsCount" : 0,
        "attachmentsCount" : 0,
        "shouldDisplayMessage" : false,
        "hasContent" : false
      }, {
        "name" : "Request:",
        "time" : {
          "start" : 1756518153531,
          "stop" : 1756518153531,
          "duration" : 0
        },
        "status" : "passed",
        "steps" : [ {
          "name" : "Headers: {'Content-Type': 'application/json', 'Authorization': {None}}",
          "time" : {
            "start" : 1756518153531,
            "stop" : 1756518153531,
            "duration" : 0
          },
          "status" : "passed",
          "steps" : [ ],
          "attachments" : [ ],
          "parameters" : [ ],
          "stepsCount" : 0,
          "attachmentsCount" : 0,
          "shouldDisplayMessage" : false,
          "hasContent" : false
        }, {
          "name" : "Body: {\"dbtype\": f'94', \"dbversion\": 5, \"env\": 3, \"region\": 3}",
          "time" : {
            "start" : 1756518153531,
            "stop" : 1756518153531,
            "duration" : 0
          },
          "status" : "passed",
          "steps" : [ ],
          "attachments" : [ ],
          "parameters" : [ ],
          "stepsCount" : 0,
          "attachmentsCount" : 0,
          "shouldDisplayMessage" : false,
          "hasContent" : false
        } ],
        "attachments" : [ ],
        "parameters" : [ ],
        "stepsCount" : 2,
        "attachmentsCount" : 0,
        "shouldDisplayMessage" : false,
        "hasContent" : true
      }, {
        "name" : "Response:",
        "time" : {
          "start" : 1756518153531,
          "stop" : 1756518153531,
          "duration" : 0
        },
        "status" : "passed",
        "steps" : [ {
          "name" : "Status code: 502",
          "time" : {
            "start" : 1756518153531,
            "stop" : 1756518153531,
            "duration" : 0
          },
          "status" : "passed",
          "steps" : [ ],
          "attachments" : [ ],
          "parameters" : [ ],
          "stepsCount" : 0,
          "attachmentsCount" : 0,
          "shouldDisplayMessage" : false,
          "hasContent" : false
        }, {
          "name" : "JSON: <html>\r\n<head><title>502 Bad Gateway</title></head>\r\n<body>\r\n<center><h1>502 Bad Gateway</h1></center>\r\n<hr><center>nginx/1.18.0 (Ubuntu)</center>\r\n</body>\r\n</html>\r\n",
          "time" : {
            "start" : 1756518153531,
            "stop" : 1756518153531,
            "duration" : 0
          },
          "status" : "passed",
          "steps" : [ ],
          "attachments" : [ ],
          "parameters" : [ ],
          "stepsCount" : 0,
          "attachmentsCount" : 0,
          "shouldDisplayMessage" : false,
          "hasContent" : false
        } ],
        "attachments" : [ ],
        "parameters" : [ ],
        "stepsCount" : 2,
        "attachmentsCount" : 0,
        "shouldDisplayMessage" : false,
        "hasContent" : true
      } ],
      "attachments" : [ ],
      "parameters" : [ ],
      "stepsCount" : 7,
      "attachmentsCount" : 0,
      "shouldDisplayMessage" : false,
      "hasContent" : true
    }, {
      "name" : "Assert status code: 400 == Response status code: 502",
      "time" : {
        "start" : 1756518153531,
        "stop" : 1756518153531,
        "duration" : 0
      },
      "status" : "failed",
      "statusMessage" : "AssertionError: Incorrect status code: 502\n",
      "statusTrace" : "  File \"/home/runner/work/Oblache/Oblache/tests_api/utils/checking.py\", line 16, in check_status_code\n    assert status_code == result.status_code, f'Incorrect status code: {result.status_code}'\n           ^^^^^^^^^^^^^^^^^^^^^^^^^^^^^^^^^\n",
      "steps" : [ ],
      "attachments" : [ ],
      "parameters" : [ ],
      "stepsCount" : 0,
      "attachmentsCount" : 0,
      "shouldDisplayMessage" : true,
      "hasContent" : true
    } ],
    "attachments" : [ ],
    "parameters" : [ ],
    "stepsCount" : 9,
    "attachmentsCount" : 0,
    "shouldDisplayMessage" : true,
    "hasContent" : true
  },
  "afterStages" : [ ],
  "labels" : [ {
    "name" : "suite",
    "value" : "POST"
  }, {
    "name" : "parentSuite",
    "value" : "tests_api"
  }, {
    "name" : "subSuite",
    "value" : "TestPOST"
  }, {
    "name" : "host",
    "value" : "pkrvmccyg1gnepe"
  }, {
    "name" : "thread",
    "value" : "2579-MainThread"
  }, {
    "name" : "framework",
    "value" : "pytest"
  }, {
    "name" : "language",
    "value" : "cpython3"
  }, {
    "name" : "package",
    "value" : "tests_api.test_bd"
  }, {
    "name" : "resultFormat",
    "value" : "allure2"
  } ],
  "parameters" : [ ],
  "links" : [ ],
  "hidden" : false,
  "retry" : false,
  "extra" : {
    "severity" : "normal",
    "retries" : [ ],
    "categories" : [ {
      "name" : "Product defects",
      "matchedStatuses" : [ ],
      "flaky" : false
    } ],
    "history" : {
      "statistic" : {
        "failed" : 255,
        "broken" : 0,
        "skipped" : 0,
        "passed" : 17,
        "unknown" : 0,
        "total" : 272
      },
      "items" : [ {
        "uid" : "91ebe6d16970fee2",
        "reportUrl" : "https://lambotik.github.io/Oblache/486//#testresult/91ebe6d16970fee2",
        "status" : "passed",
        "time" : {
          "start" : 1756432062573,
          "stop" : 1756432062940,
          "duration" : 367
        }
      }, {
        "uid" : "184b27f091badabe",
        "reportUrl" : "https://lambotik.github.io/Oblache/485//#testresult/184b27f091badabe",
        "status" : "passed",
        "time" : {
          "start" : 1756345672482,
          "stop" : 1756345672965,
          "duration" : 483
        }
      }, {
        "uid" : "5cb4a6887a01bc36",
        "reportUrl" : "https://lambotik.github.io/Oblache/484//#testresult/5cb4a6887a01bc36",
        "status" : "passed",
        "time" : {
          "start" : 1756259317604,
          "stop" : 1756259317928,
          "duration" : 324
        }
      }, {
        "uid" : "106a1401d4d1a971",
        "reportUrl" : "https://lambotik.github.io/Oblache/483//#testresult/106a1401d4d1a971",
        "status" : "passed",
        "time" : {
          "start" : 1756173135646,
          "stop" : 1756173136131,
          "duration" : 485
        }
      }, {
        "uid" : "25b2615086552b6a",
        "reportUrl" : "https://lambotik.github.io/Oblache/482//#testresult/25b2615086552b6a",
        "status" : "passed",
        "time" : {
          "start" : 1756086957686,
          "stop" : 1756086958053,
          "duration" : 367
        }
      }, {
        "uid" : "be8fc2066424e9ff",
        "reportUrl" : "https://lambotik.github.io/Oblache/481//#testresult/be8fc2066424e9ff",
        "status" : "passed",
        "time" : {
          "start" : 1756000919793,
          "stop" : 1756000920282,
          "duration" : 489
        }
      }, {
        "uid" : "f0c864757408f65d",
        "reportUrl" : "https://lambotik.github.io/Oblache/480//#testresult/f0c864757408f65d",
        "status" : "passed",
        "time" : {
          "start" : 1755913626000,
          "stop" : 1755913626306,
          "duration" : 306
        }
      }, {
        "uid" : "db2f2b40d56e9bf5",
        "reportUrl" : "https://lambotik.github.io/Oblache/479//#testresult/db2f2b40d56e9bf5",
        "status" : "passed",
        "time" : {
          "start" : 1755827466264,
          "stop" : 1755827466623,
          "duration" : 359
        }
      }, {
        "uid" : "9e834fecaa3bdff6",
        "reportUrl" : "https://lambotik.github.io/Oblache/478//#testresult/9e834fecaa3bdff6",
        "status" : "passed",
        "time" : {
          "start" : 1755741011877,
          "stop" : 1755741012238,
          "duration" : 361
        }
      }, {
        "uid" : "bc28cc0bd2794b25",
        "reportUrl" : "https://lambotik.github.io/Oblache/477//#testresult/bc28cc0bd2794b25",
        "status" : "passed",
        "time" : {
          "start" : 1755654703831,
          "stop" : 1755654704141,
          "duration" : 310
        }
      }, {
        "uid" : "6c642024bf060eb3",
        "reportUrl" : "https://lambotik.github.io/Oblache/476//#testresult/6c642024bf060eb3",
        "status" : "passed",
        "time" : {
          "start" : 1755568423400,
          "stop" : 1755568423702,
          "duration" : 302
        }
      }, {
        "uid" : "6aaadfbba3e0de5e",
        "reportUrl" : "https://lambotik.github.io/Oblache/475//#testresult/6aaadfbba3e0de5e",
        "status" : "passed",
        "time" : {
          "start" : 1755482782481,
          "stop" : 1755482782846,
          "duration" : 365
        }
      }, {
        "uid" : "3fef19f6d9d7c60e",
        "reportUrl" : "https://lambotik.github.io/Oblache/474//#testresult/3fef19f6d9d7c60e",
        "status" : "passed",
        "time" : {
          "start" : 1755396364771,
          "stop" : 1755396365297,
          "duration" : 526
        }
      }, {
        "uid" : "e3c0782ef6e7adeb",
        "reportUrl" : "https://lambotik.github.io/Oblache/473//#testresult/e3c0782ef6e7adeb",
        "status" : "passed",
        "time" : {
          "start" : 1755309266295,
          "stop" : 1755309266801,
          "duration" : 506
        }
      }, {
        "uid" : "640083c2270f5f62",
        "reportUrl" : "https://lambotik.github.io/Oblache/472//#testresult/640083c2270f5f62",
        "status" : "failed",
        "statusDetails" : "AssertionError: Incorrect status code: 502",
        "time" : {
          "start" : 1755223205801,
          "stop" : 1755223206102,
          "duration" : 301
        }
      }, {
        "uid" : "f2c655dbf5867f38",
        "reportUrl" : "https://lambotik.github.io/Oblache/471//#testresult/f2c655dbf5867f38",
        "status" : "failed",
        "statusDetails" : "AssertionError: Incorrect status code: 403",
        "time" : {
          "start" : 1755136769054,
          "stop" : 1755136769420,
          "duration" : 366
        }
      }, {
        "uid" : "c0108d8398268f95",
        "reportUrl" : "https://lambotik.github.io/Oblache/470//#testresult/c0108d8398268f95",
        "status" : "failed",
        "statusDetails" : "AssertionError: Incorrect status code: 403",
        "time" : {
          "start" : 1755050340542,
          "stop" : 1755050340893,
          "duration" : 351
        }
      }, {
        "uid" : "f8062d05b5982dd8",
        "reportUrl" : "https://lambotik.github.io/Oblache/469//#testresult/f8062d05b5982dd8",
        "status" : "failed",
        "statusDetails" : "AssertionError: Incorrect status code: 403",
        "time" : {
          "start" : 1754963815958,
          "stop" : 1754963816262,
          "duration" : 304
        }
      }, {
        "uid" : "ad7eb0110b66ac38",
        "reportUrl" : "https://lambotik.github.io/Oblache/468//#testresult/ad7eb0110b66ac38",
        "status" : "failed",
        "statusDetails" : "AssertionError: Incorrect status code: 403",
        "time" : {
          "start" : 1754878158231,
          "stop" : 1754878158720,
          "duration" : 489
        }
      }, {
        "uid" : "78a325e8d6f92a06",
        "reportUrl" : "https://lambotik.github.io/Oblache/467//#testresult/78a325e8d6f92a06",
        "status" : "failed",
        "statusDetails" : "AssertionError: Incorrect status code: 502",
        "time" : {
          "start" : 1754791979606,
          "stop" : 1754791980072,
          "duration" : 466
        }
      } ]
    },
    "tags" : [ ]
  },
  "source" : "1d5d976466691b57.json",
  "parameterValues" : [ ]
}