{
  "uid" : "43fdf256a4481681",
  "name" : "test order db create backup with wrong uuid",
  "fullName" : "tests_api.test_bd.TestBackup#test_order_db_create_backup_with_wrong_uuid",
  "historyId" : "bc5ef28400accd6488b5c9ca6e9589b9",
  "time" : {
    "start" : 1756518160943,
    "stop" : 1756518160943,
    "duration" : 0
  },
  "status" : "failed",
  "statusMessage" : "AssertionError: Incorrect status code: 502",
  "statusTrace" : "@pytest.fixture()\n    def get_token_backup_1():\n        \"\"\"\n        Method return:\\n\n        token: str\\n\n        body: dict\\n\n        uuid: str\n        \"\"\"\n        load_dotenv()\n        email = os.getenv('BACKUP1_MAIL')\n        old_password = os.getenv('BACKUP1_PASSWORD')\n        uuid = os.getenv('BACKUP1_UUID')\n        body = {\"email\": email, \"password\": old_password}\n        result = requests.post('https://dbend.areso.pro/login', json=body)\n>       Checking.check_status_code(result, 200)\n\nconftest.py:94: \n_ _ _ _ _ _ _ _ _ _ _ _ _ _ _ _ _ _ _ _ _ _ _ _ _ _ _ _ _ _ _ _ _ _ _ _ _ _ _ _ \n\nresult = <Response [502]>, status_code = 200\n\n    @staticmethod\n    def check_status_code(result: requests.models.Response, status_code: int):\n        \"\"\"\n        Method check status code\n        :param result: Response\n        :param status_code:\n        \"\"\"\n        with allure.step(f'Assert status code: {status_code} == Response status code: {result.status_code}'):\n>           assert status_code == result.status_code, f'Incorrect status code: {result.status_code}'\nE           AssertionError: Incorrect status code: 502\n\ntests_api/utils/checking.py:16: AssertionError",
  "flaky" : false,
  "newFailed" : false,
  "beforeStages" : [ {
    "name" : "get_token_backup_1",
    "time" : {
      "start" : 1756518160943,
      "stop" : 1756518161223,
      "duration" : 280
    },
    "status" : "failed",
    "statusMessage" : "AssertionError: Incorrect status code: 502\n",
    "statusTrace" : "  File \"/opt/hostedtoolcache/Python/3.12.11/x64/lib/python3.12/site-packages/pluggy/_callers.py\", line 38, in run_old_style_hookwrapper\n    res = yield\n          ^^^^^\n  File \"/opt/hostedtoolcache/Python/3.12.11/x64/lib/python3.12/site-packages/pluggy/_callers.py\", line 139, in _multicall\n    teardown.throw(exception)\n  File \"/opt/hostedtoolcache/Python/3.12.11/x64/lib/python3.12/site-packages/pluggy/_callers.py\", line 53, in run_old_style_hookwrapper\n    return result.get_result()\n           ^^^^^^^^^^^^^^^^^^^\n  File \"/opt/hostedtoolcache/Python/3.12.11/x64/lib/python3.12/site-packages/pluggy/_result.py\", line 103, in get_result\n    raise exc.with_traceback(tb)\n  File \"/opt/hostedtoolcache/Python/3.12.11/x64/lib/python3.12/site-packages/pluggy/_callers.py\", line 38, in run_old_style_hookwrapper\n    res = yield\n          ^^^^^\n  File \"/opt/hostedtoolcache/Python/3.12.11/x64/lib/python3.12/site-packages/pluggy/_callers.py\", line 121, in _multicall\n    res = hook_impl.function(*args)\n          ^^^^^^^^^^^^^^^^^^^^^^^^^\n  File \"/opt/hostedtoolcache/Python/3.12.11/x64/lib/python3.12/site-packages/_pytest/fixtures.py\", line 1123, in pytest_fixture_setup\n    result = call_fixture_func(fixturefunc, request, kwargs)\n             ^^^^^^^^^^^^^^^^^^^^^^^^^^^^^^^^^^^^^^^^^^^^^^^\n  File \"/opt/hostedtoolcache/Python/3.12.11/x64/lib/python3.12/site-packages/_pytest/fixtures.py\", line 902, in call_fixture_func\n    fixture_result = fixturefunc(**kwargs)\n                     ^^^^^^^^^^^^^^^^^^^^^\n  File \"/home/runner/work/Oblache/Oblache/conftest.py\", line 94, in get_token_backup_1\n    Checking.check_status_code(result, 200)\n  File \"/home/runner/work/Oblache/Oblache/tests_api/utils/checking.py\", line 16, in check_status_code\n    assert status_code == result.status_code, f'Incorrect status code: {result.status_code}'\n           ^^^^^^^^^^^^^^^^^^^^^^^^^^^^^^^^^\n",
    "steps" : [ {
      "name" : "Assert status code: 200 == Response status code: 502",
      "time" : {
        "start" : 1756518161223,
        "stop" : 1756518161223,
        "duration" : 0
      },
      "status" : "failed",
      "statusMessage" : "AssertionError: Incorrect status code: 502\n",
      "statusTrace" : "  File \"/home/runner/work/Oblache/Oblache/tests_api/utils/checking.py\", line 16, in check_status_code\n    assert status_code == result.status_code, f'Incorrect status code: {result.status_code}'\n           ^^^^^^^^^^^^^^^^^^^^^^^^^^^^^^^^^\n",
      "steps" : [ ],
      "attachments" : [ ],
      "parameters" : [ ],
      "stepsCount" : 0,
      "attachmentsCount" : 0,
      "shouldDisplayMessage" : true,
      "hasContent" : true
    } ],
    "attachments" : [ ],
    "parameters" : [ ],
    "stepsCount" : 1,
    "attachmentsCount" : 0,
    "shouldDisplayMessage" : false,
    "hasContent" : true
  } ],
  "afterStages" : [ ],
  "labels" : [ {
    "name" : "suite",
    "value" : "Test Backup"
  }, {
    "name" : "parentSuite",
    "value" : "tests_api"
  }, {
    "name" : "subSuite",
    "value" : "TestBackup"
  }, {
    "name" : "host",
    "value" : "pkrvmccyg1gnepe"
  }, {
    "name" : "thread",
    "value" : "2579-MainThread"
  }, {
    "name" : "framework",
    "value" : "pytest"
  }, {
    "name" : "language",
    "value" : "cpython3"
  }, {
    "name" : "package",
    "value" : "tests_api.test_bd"
  }, {
    "name" : "resultFormat",
    "value" : "allure2"
  } ],
  "parameters" : [ ],
  "links" : [ ],
  "hidden" : false,
  "retry" : false,
  "extra" : {
    "severity" : "normal",
    "retries" : [ ],
    "categories" : [ {
      "name" : "Product defects",
      "matchedStatuses" : [ ],
      "flaky" : false
    } ],
    "history" : {
      "statistic" : {
        "failed" : 46,
        "broken" : 1,
        "skipped" : 0,
        "passed" : 225,
        "unknown" : 0,
        "total" : 272
      },
      "items" : [ {
        "uid" : "9d43e418e351d5b9",
        "reportUrl" : "https://lambotik.github.io/Oblache/486//#testresult/9d43e418e351d5b9",
        "status" : "failed",
        "statusDetails" : "AssertionError: Incorrect status code: 500",
        "time" : {
          "start" : 1756432075787,
          "stop" : 1756432076159,
          "duration" : 372
        }
      }, {
        "uid" : "161fb624a6f2c929",
        "reportUrl" : "https://lambotik.github.io/Oblache/485//#testresult/161fb624a6f2c929",
        "status" : "failed",
        "statusDetails" : "AssertionError: Result is not equal expected value",
        "time" : {
          "start" : 1756345684141,
          "stop" : 1756345684450,
          "duration" : 309
        }
      }, {
        "uid" : "c05f0997e2d6302c",
        "reportUrl" : "https://lambotik.github.io/Oblache/484//#testresult/c05f0997e2d6302c",
        "status" : "failed",
        "statusDetails" : "AssertionError: Incorrect status code: 500",
        "time" : {
          "start" : 1756259329060,
          "stop" : 1756259329369,
          "duration" : 309
        }
      }, {
        "uid" : "13e1f27b886bfd35",
        "reportUrl" : "https://lambotik.github.io/Oblache/483//#testresult/13e1f27b886bfd35",
        "status" : "failed",
        "statusDetails" : "AssertionError: Incorrect status code: 500",
        "time" : {
          "start" : 1756173152350,
          "stop" : 1756173152835,
          "duration" : 485
        }
      }, {
        "uid" : "4fa4f06e7c5529c6",
        "reportUrl" : "https://lambotik.github.io/Oblache/482//#testresult/4fa4f06e7c5529c6",
        "status" : "failed",
        "statusDetails" : "AssertionError: Result is not equal expected value",
        "time" : {
          "start" : 1756086969596,
          "stop" : 1756086969957,
          "duration" : 361
        }
      }, {
        "uid" : "8f73d19017eef754",
        "reportUrl" : "https://lambotik.github.io/Oblache/481//#testresult/8f73d19017eef754",
        "status" : "failed",
        "statusDetails" : "AssertionError: Result is not equal expected value",
        "time" : {
          "start" : 1756000936865,
          "stop" : 1756000937344,
          "duration" : 479
        }
      }, {
        "uid" : "65346fcf3fc5ae36",
        "reportUrl" : "https://lambotik.github.io/Oblache/480//#testresult/65346fcf3fc5ae36",
        "status" : "failed",
        "statusDetails" : "AssertionError: Result is not equal expected value",
        "time" : {
          "start" : 1755913637837,
          "stop" : 1755913638157,
          "duration" : 320
        }
      }, {
        "uid" : "8c442fb037bf8402",
        "reportUrl" : "https://lambotik.github.io/Oblache/479//#testresult/8c442fb037bf8402",
        "status" : "failed",
        "statusDetails" : "AssertionError: Result is not equal expected value",
        "time" : {
          "start" : 1755827477937,
          "stop" : 1755827478296,
          "duration" : 359
        }
      }, {
        "uid" : "f239aeb044f3f9c0",
        "reportUrl" : "https://lambotik.github.io/Oblache/478//#testresult/f239aeb044f3f9c0",
        "status" : "failed",
        "statusDetails" : "AssertionError: Result is not equal expected value",
        "time" : {
          "start" : 1755741025496,
          "stop" : 1755741025857,
          "duration" : 361
        }
      }, {
        "uid" : "5382e905d0cc4fe5",
        "reportUrl" : "https://lambotik.github.io/Oblache/477//#testresult/5382e905d0cc4fe5",
        "status" : "failed",
        "statusDetails" : "AssertionError: Result is not equal expected value",
        "time" : {
          "start" : 1755654715230,
          "stop" : 1755654715541,
          "duration" : 311
        }
      }, {
        "uid" : "5b932eb8ea502885",
        "reportUrl" : "https://lambotik.github.io/Oblache/476//#testresult/5b932eb8ea502885",
        "status" : "failed",
        "statusDetails" : "AssertionError: Incorrect status code: 500",
        "time" : {
          "start" : 1755568434259,
          "stop" : 1755568434259,
          "duration" : 0
        }
      }, {
        "uid" : "61da31bb8e2439ce",
        "reportUrl" : "https://lambotik.github.io/Oblache/475//#testresult/61da31bb8e2439ce",
        "status" : "failed",
        "statusDetails" : "AssertionError: Result is not equal expected value",
        "time" : {
          "start" : 1755482795578,
          "stop" : 1755482795942,
          "duration" : 364
        }
      }, {
        "uid" : "ac5363533418dc8d",
        "reportUrl" : "https://lambotik.github.io/Oblache/474//#testresult/ac5363533418dc8d",
        "status" : "failed",
        "statusDetails" : "AssertionError: Result is not equal expected value",
        "time" : {
          "start" : 1755396464343,
          "stop" : 1755396464847,
          "duration" : 504
        }
      }, {
        "uid" : "743c9eb58275ea36",
        "reportUrl" : "https://lambotik.github.io/Oblache/473//#testresult/743c9eb58275ea36",
        "status" : "failed",
        "statusDetails" : "AssertionError: Result is not equal expected value",
        "time" : {
          "start" : 1755309402795,
          "stop" : 1755309403310,
          "duration" : 515
        }
      }, {
        "uid" : "a50a2f34b27e634e",
        "reportUrl" : "https://lambotik.github.io/Oblache/472//#testresult/a50a2f34b27e634e",
        "status" : "failed",
        "statusDetails" : "AssertionError: Incorrect status code: 502",
        "time" : {
          "start" : 1755223213463,
          "stop" : 1755223213463,
          "duration" : 0
        }
      }, {
        "uid" : "bd3bd6862befb392",
        "reportUrl" : "https://lambotik.github.io/Oblache/471//#testresult/bd3bd6862befb392",
        "status" : "failed",
        "statusDetails" : "AssertionError: Result is not equal expected value",
        "time" : {
          "start" : 1755136903729,
          "stop" : 1755136904093,
          "duration" : 364
        }
      }, {
        "uid" : "78d3161a12fae50c",
        "reportUrl" : "https://lambotik.github.io/Oblache/470//#testresult/78d3161a12fae50c",
        "status" : "failed",
        "statusDetails" : "AssertionError: Result is not equal expected value",
        "time" : {
          "start" : 1755050439838,
          "stop" : 1755050440189,
          "duration" : 351
        }
      }, {
        "uid" : "b44b3c89dde7cfc9",
        "reportUrl" : "https://lambotik.github.io/Oblache/469//#testresult/b44b3c89dde7cfc9",
        "status" : "failed",
        "statusDetails" : "AssertionError: Result is not equal expected value",
        "time" : {
          "start" : 1754963918455,
          "stop" : 1754963918765,
          "duration" : 310
        }
      }, {
        "uid" : "a553b37ea11f3730",
        "reportUrl" : "https://lambotik.github.io/Oblache/468//#testresult/a553b37ea11f3730",
        "status" : "failed",
        "statusDetails" : "AssertionError: Result is not equal expected value",
        "time" : {
          "start" : 1754878240235,
          "stop" : 1754878240724,
          "duration" : 489
        }
      }, {
        "uid" : "b54a886390fb3442",
        "reportUrl" : "https://lambotik.github.io/Oblache/467//#testresult/b54a886390fb3442",
        "status" : "failed",
        "statusDetails" : "AssertionError: Incorrect status code: 502",
        "time" : {
          "start" : 1754791992474,
          "stop" : 1754791992474,
          "duration" : 0
        }
      } ]
    },
    "tags" : [ ]
  },
  "source" : "43fdf256a4481681.json",
  "parameterValues" : [ ]
}