{
  "uid" : "88b7f49ee7a940f1",
  "name" : "POST db_create_with_wrong_db_version.",
  "fullName" : "tests_api.test_bd.TestPOST#test_post_db_create_with_wrong_values_db_version",
  "historyId" : "bda6ac446aec42c036b6b747abee39c3",
  "time" : {
    "start" : 1756518153543,
    "stop" : 1756518153821,
    "duration" : 278
  },
  "status" : "failed",
  "statusMessage" : "AssertionError: Incorrect status code: 502",
  "statusTrace" : "self = <tests_api.test_bd.TestPOST object at 0x7f5976fdc890>\n\n    @allure.title('POST db_create_with_wrong_db_version.')\n    def test_post_db_create_with_wrong_values_db_version(self):\n        response_db_list = API.post_db_create_wrong_value_db_version(token=TestPOST.token)\n>       Checking.check_status_code(response_db_list, 400)\n\ntests_api/test_bd.py:270: \n_ _ _ _ _ _ _ _ _ _ _ _ _ _ _ _ _ _ _ _ _ _ _ _ _ _ _ _ _ _ _ _ _ _ _ _ _ _ _ _ \n\nresult = <Response [502]>, status_code = 400\n\n    @staticmethod\n    def check_status_code(result: requests.models.Response, status_code: int):\n        \"\"\"\n        Method check status code\n        :param result: Response\n        :param status_code:\n        \"\"\"\n        with allure.step(f'Assert status code: {status_code} == Response status code: {result.status_code}'):\n>           assert status_code == result.status_code, f'Incorrect status code: {result.status_code}'\nE           AssertionError: Incorrect status code: 502\n\ntests_api/utils/checking.py:16: AssertionError",
  "flaky" : true,
  "newFailed" : true,
  "beforeStages" : [ ],
  "testStage" : {
    "status" : "failed",
    "statusMessage" : "AssertionError: Incorrect status code: 502",
    "statusTrace" : "self = <tests_api.test_bd.TestPOST object at 0x7f5976fdc890>\n\n    @allure.title('POST db_create_with_wrong_db_version.')\n    def test_post_db_create_with_wrong_values_db_version(self):\n        response_db_list = API.post_db_create_wrong_value_db_version(token=TestPOST.token)\n>       Checking.check_status_code(response_db_list, 400)\n\ntests_api/test_bd.py:270: \n_ _ _ _ _ _ _ _ _ _ _ _ _ _ _ _ _ _ _ _ _ _ _ _ _ _ _ _ _ _ _ _ _ _ _ _ _ _ _ _ \n\nresult = <Response [502]>, status_code = 400\n\n    @staticmethod\n    def check_status_code(result: requests.models.Response, status_code: int):\n        \"\"\"\n        Method check status code\n        :param result: Response\n        :param status_code:\n        \"\"\"\n        with allure.step(f'Assert status code: {status_code} == Response status code: {result.status_code}'):\n>           assert status_code == result.status_code, f'Incorrect status code: {result.status_code}'\nE           AssertionError: Incorrect status code: 502\n\ntests_api/utils/checking.py:16: AssertionError",
    "steps" : [ {
      "name" : "post_db_create_wrong_value_db_version",
      "time" : {
        "start" : 1756518153543,
        "stop" : 1756518153821,
        "duration" : 278
      },
      "status" : "passed",
      "steps" : [ {
        "name" : "Endpoint: /db_create",
        "time" : {
          "start" : 1756518153821,
          "stop" : 1756518153821,
          "duration" : 0
        },
        "status" : "passed",
        "steps" : [ ],
        "attachments" : [ ],
        "parameters" : [ ],
        "stepsCount" : 0,
        "attachmentsCount" : 0,
        "shouldDisplayMessage" : false,
        "hasContent" : false
      }, {
        "name" : "Request:",
        "time" : {
          "start" : 1756518153821,
          "stop" : 1756518153821,
          "duration" : 0
        },
        "status" : "passed",
        "steps" : [ {
          "name" : "Headers: {'Content-Type': 'application/json', 'Authorization': {None}}",
          "time" : {
            "start" : 1756518153821,
            "stop" : 1756518153821,
            "duration" : 0
          },
          "status" : "passed",
          "steps" : [ ],
          "attachments" : [ ],
          "parameters" : [ ],
          "stepsCount" : 0,
          "attachmentsCount" : 0,
          "shouldDisplayMessage" : false,
          "hasContent" : false
        }, {
          "name" : "Body: {\"dbtype\": 3, \"dbversion\": 90, \"env\": 3, \"region\": 3}",
          "time" : {
            "start" : 1756518153821,
            "stop" : 1756518153821,
            "duration" : 0
          },
          "status" : "passed",
          "steps" : [ ],
          "attachments" : [ ],
          "parameters" : [ ],
          "stepsCount" : 0,
          "attachmentsCount" : 0,
          "shouldDisplayMessage" : false,
          "hasContent" : false
        } ],
        "attachments" : [ ],
        "parameters" : [ ],
        "stepsCount" : 2,
        "attachmentsCount" : 0,
        "shouldDisplayMessage" : false,
        "hasContent" : true
      }, {
        "name" : "Response:",
        "time" : {
          "start" : 1756518153821,
          "stop" : 1756518153821,
          "duration" : 0
        },
        "status" : "passed",
        "steps" : [ {
          "name" : "Status code: 502",
          "time" : {
            "start" : 1756518153821,
            "stop" : 1756518153821,
            "duration" : 0
          },
          "status" : "passed",
          "steps" : [ ],
          "attachments" : [ ],
          "parameters" : [ ],
          "stepsCount" : 0,
          "attachmentsCount" : 0,
          "shouldDisplayMessage" : false,
          "hasContent" : false
        }, {
          "name" : "JSON: <html>\r\n<head><title>502 Bad Gateway</title></head>\r\n<body>\r\n<center><h1>502 Bad Gateway</h1></center>\r\n<hr><center>nginx/1.18.0 (Ubuntu)</center>\r\n</body>\r\n</html>\r\n",
          "time" : {
            "start" : 1756518153821,
            "stop" : 1756518153821,
            "duration" : 0
          },
          "status" : "passed",
          "steps" : [ ],
          "attachments" : [ ],
          "parameters" : [ ],
          "stepsCount" : 0,
          "attachmentsCount" : 0,
          "shouldDisplayMessage" : false,
          "hasContent" : false
        } ],
        "attachments" : [ ],
        "parameters" : [ ],
        "stepsCount" : 2,
        "attachmentsCount" : 0,
        "shouldDisplayMessage" : false,
        "hasContent" : true
      } ],
      "attachments" : [ ],
      "parameters" : [ ],
      "stepsCount" : 7,
      "attachmentsCount" : 0,
      "shouldDisplayMessage" : false,
      "hasContent" : true
    }, {
      "name" : "Assert status code: 400 == Response status code: 502",
      "time" : {
        "start" : 1756518153821,
        "stop" : 1756518153821,
        "duration" : 0
      },
      "status" : "failed",
      "statusMessage" : "AssertionError: Incorrect status code: 502\n",
      "statusTrace" : "  File \"/home/runner/work/Oblache/Oblache/tests_api/utils/checking.py\", line 16, in check_status_code\n    assert status_code == result.status_code, f'Incorrect status code: {result.status_code}'\n           ^^^^^^^^^^^^^^^^^^^^^^^^^^^^^^^^^\n",
      "steps" : [ ],
      "attachments" : [ ],
      "parameters" : [ ],
      "stepsCount" : 0,
      "attachmentsCount" : 0,
      "shouldDisplayMessage" : true,
      "hasContent" : true
    } ],
    "attachments" : [ ],
    "parameters" : [ ],
    "stepsCount" : 9,
    "attachmentsCount" : 0,
    "shouldDisplayMessage" : true,
    "hasContent" : true
  },
  "afterStages" : [ ],
  "labels" : [ {
    "name" : "suite",
    "value" : "POST"
  }, {
    "name" : "parentSuite",
    "value" : "tests_api"
  }, {
    "name" : "subSuite",
    "value" : "TestPOST"
  }, {
    "name" : "host",
    "value" : "pkrvmccyg1gnepe"
  }, {
    "name" : "thread",
    "value" : "2579-MainThread"
  }, {
    "name" : "framework",
    "value" : "pytest"
  }, {
    "name" : "language",
    "value" : "cpython3"
  }, {
    "name" : "package",
    "value" : "tests_api.test_bd"
  }, {
    "name" : "resultFormat",
    "value" : "allure2"
  } ],
  "parameters" : [ ],
  "links" : [ ],
  "hidden" : false,
  "retry" : false,
  "extra" : {
    "severity" : "normal",
    "retries" : [ ],
    "categories" : [ {
      "name" : "Product defects",
      "matchedStatuses" : [ ],
      "flaky" : false
    } ],
    "history" : {
      "statistic" : {
        "failed" : 255,
        "broken" : 0,
        "skipped" : 0,
        "passed" : 17,
        "unknown" : 0,
        "total" : 272
      },
      "items" : [ {
        "uid" : "9cbc1d4b912c4434",
        "reportUrl" : "https://lambotik.github.io/Oblache/486//#testresult/9cbc1d4b912c4434",
        "status" : "passed",
        "time" : {
          "start" : 1756432062941,
          "stop" : 1756432063303,
          "duration" : 362
        }
      }, {
        "uid" : "5ed1043fea7c29af",
        "reportUrl" : "https://lambotik.github.io/Oblache/485//#testresult/5ed1043fea7c29af",
        "status" : "passed",
        "time" : {
          "start" : 1756345672967,
          "stop" : 1756345673276,
          "duration" : 309
        }
      }, {
        "uid" : "2f474c61acc31bb1",
        "reportUrl" : "https://lambotik.github.io/Oblache/484//#testresult/2f474c61acc31bb1",
        "status" : "passed",
        "time" : {
          "start" : 1756259317929,
          "stop" : 1756259318238,
          "duration" : 309
        }
      }, {
        "uid" : "d8aaa3afe0b25997",
        "reportUrl" : "https://lambotik.github.io/Oblache/483//#testresult/d8aaa3afe0b25997",
        "status" : "passed",
        "time" : {
          "start" : 1756173136132,
          "stop" : 1756173136599,
          "duration" : 467
        }
      }, {
        "uid" : "aced6ad4e82c2311",
        "reportUrl" : "https://lambotik.github.io/Oblache/482//#testresult/aced6ad4e82c2311",
        "status" : "passed",
        "time" : {
          "start" : 1756086958054,
          "stop" : 1756086958413,
          "duration" : 359
        }
      }, {
        "uid" : "dc1c6fb6bedc74ac",
        "reportUrl" : "https://lambotik.github.io/Oblache/481//#testresult/dc1c6fb6bedc74ac",
        "status" : "passed",
        "time" : {
          "start" : 1756000920284,
          "stop" : 1756000920770,
          "duration" : 486
        }
      }, {
        "uid" : "af8ff4e40590dc34",
        "reportUrl" : "https://lambotik.github.io/Oblache/480//#testresult/af8ff4e40590dc34",
        "status" : "passed",
        "time" : {
          "start" : 1755913626308,
          "stop" : 1755913626708,
          "duration" : 400
        }
      }, {
        "uid" : "398cfac412305ef4",
        "reportUrl" : "https://lambotik.github.io/Oblache/479//#testresult/398cfac412305ef4",
        "status" : "passed",
        "time" : {
          "start" : 1755827466624,
          "stop" : 1755827466942,
          "duration" : 318
        }
      }, {
        "uid" : "ded290fcf4f48115",
        "reportUrl" : "https://lambotik.github.io/Oblache/478//#testresult/ded290fcf4f48115",
        "status" : "passed",
        "time" : {
          "start" : 1755741012239,
          "stop" : 1755741012613,
          "duration" : 374
        }
      }, {
        "uid" : "9c69a946138b2f5a",
        "reportUrl" : "https://lambotik.github.io/Oblache/477//#testresult/9c69a946138b2f5a",
        "status" : "passed",
        "time" : {
          "start" : 1755654704143,
          "stop" : 1755654704450,
          "duration" : 307
        }
      }, {
        "uid" : "786c184a7eea866c",
        "reportUrl" : "https://lambotik.github.io/Oblache/476//#testresult/786c184a7eea866c",
        "status" : "passed",
        "time" : {
          "start" : 1755568423704,
          "stop" : 1755568424008,
          "duration" : 304
        }
      }, {
        "uid" : "78afe24fc2f2841d",
        "reportUrl" : "https://lambotik.github.io/Oblache/475//#testresult/78afe24fc2f2841d",
        "status" : "passed",
        "time" : {
          "start" : 1755482782847,
          "stop" : 1755482783220,
          "duration" : 373
        }
      }, {
        "uid" : "e40b2cd10aa3990f",
        "reportUrl" : "https://lambotik.github.io/Oblache/474//#testresult/e40b2cd10aa3990f",
        "status" : "passed",
        "time" : {
          "start" : 1755396365298,
          "stop" : 1755396365810,
          "duration" : 512
        }
      }, {
        "uid" : "b5d7dee441b38d32",
        "reportUrl" : "https://lambotik.github.io/Oblache/473//#testresult/b5d7dee441b38d32",
        "status" : "passed",
        "time" : {
          "start" : 1755309266802,
          "stop" : 1755309267317,
          "duration" : 515
        }
      }, {
        "uid" : "6428bf0cc5b8736e",
        "reportUrl" : "https://lambotik.github.io/Oblache/472//#testresult/6428bf0cc5b8736e",
        "status" : "failed",
        "statusDetails" : "AssertionError: Incorrect status code: 502",
        "time" : {
          "start" : 1755223206113,
          "stop" : 1755223206399,
          "duration" : 286
        }
      }, {
        "uid" : "931b1260e74a5aae",
        "reportUrl" : "https://lambotik.github.io/Oblache/471//#testresult/931b1260e74a5aae",
        "status" : "failed",
        "statusDetails" : "AssertionError: Incorrect status code: 403",
        "time" : {
          "start" : 1755136769432,
          "stop" : 1755136769802,
          "duration" : 370
        }
      }, {
        "uid" : "f12d667b5209c7f7",
        "reportUrl" : "https://lambotik.github.io/Oblache/470//#testresult/f12d667b5209c7f7",
        "status" : "failed",
        "statusDetails" : "AssertionError: Incorrect status code: 403",
        "time" : {
          "start" : 1755050340905,
          "stop" : 1755050341257,
          "duration" : 352
        }
      }, {
        "uid" : "728ac7f216295c70",
        "reportUrl" : "https://lambotik.github.io/Oblache/469//#testresult/728ac7f216295c70",
        "status" : "failed",
        "statusDetails" : "AssertionError: Incorrect status code: 403",
        "time" : {
          "start" : 1754963816273,
          "stop" : 1754963816582,
          "duration" : 309
        }
      }, {
        "uid" : "9a34e2fcd3701b04",
        "reportUrl" : "https://lambotik.github.io/Oblache/468//#testresult/9a34e2fcd3701b04",
        "status" : "failed",
        "statusDetails" : "AssertionError: Incorrect status code: 403",
        "time" : {
          "start" : 1754878158731,
          "stop" : 1754878159228,
          "duration" : 497
        }
      }, {
        "uid" : "7f71f0c0efc77719",
        "reportUrl" : "https://lambotik.github.io/Oblache/467//#testresult/7f71f0c0efc77719",
        "status" : "failed",
        "statusDetails" : "AssertionError: Incorrect status code: 502",
        "time" : {
          "start" : 1754791980084,
          "stop" : 1754791980565,
          "duration" : 481
        }
      } ]
    },
    "tags" : [ ]
  },
  "source" : "88b7f49ee7a940f1.json",
  "parameterValues" : [ ]
}