{"uid":"5268e230b00edac0","name":"Creating a mysql8 database with DB hosts region CIS","fullName":"tests_ui.test_ui.TestProfilePage#test_create_database","historyId":"4762f7b87391625d86f9ea8dbdd3b406","time":{"start":1762912546285,"stop":1762912554530,"duration":8245},"status":"broken","statusMessage":"selenium.common.exceptions.TimeoutException: Message: Can't find element by locator ('xpath', '//select[@id=\"selectDBVersion\"] /option[@value=\"5\"]')\nStacktrace:\n#0 0x559db99faaea <unknown>\n#1 0x559db9446cdb <unknown>\n#2 0x559db94996c4 <unknown>\n#3 0x559db9499901 <unknown>\n#4 0x559db94e88b4 <unknown>\n#5 0x559db94e5c87 <unknown>\n#6 0x559db948baca <unknown>\n#7 0x559db948c7d1 <unknown>\n#8 0x559db99c1ab9 <unknown>\n#9 0x559db99c4a8c <unknown>\n#10 0x559db99aad49 <unknown>\n#11 0x559db99c5685 <unknown>\n#12 0x559db99926c3 <unknown>\n#13 0x559db99e77d8 <unknown>\n#14 0x559db99e79b3 <unknown>\n#15 0x559db99f9a83 <unknown>\n#16 0x7fb47a69caa4 <unknown>\n#17 0x7fb47a729c6c <unknown>","statusTrace":"self = <tests_ui.test_ui.TestProfilePage object at 0x7fd37db756d0>\ndriver = <selenium.webdriver.chrome.webdriver.WebDriver (session=\"a0b2b1f8b1a70fdee66bfec82b6d75dd\")>\nauthorization_user = None\n\n    @allure.title('Creating a mysql8 database with DB hosts region CIS')\n    def test_create_database(self, driver, authorization_user):\n        page = ProfilePage(driver, authorization_user)\n>       page.compare_database_status()\n\ntests_ui/test_ui.py:90: \n_ _ _ _ _ _ _ _ _ _ _ _ _ _ _ _ _ _ _ _ _ _ _ _ _ _ _ _ _ _ _ _ _ _ _ _ _ _ _ _ \ntests_ui/profile_page.py:173: in compare_database_status\n    self.select_db_version()  # Selected version msql8\ntests_ui/profile_page.py:76: in select_db_version\n    self.element_is_present_and_clickable(self.locators.DB_VERSION_MYSQL).click()\ntests_ui/base_page.py:28: in element_is_present_and_clickable\n    return (Wait(self.driver, self.timeout).until(\n_ _ _ _ _ _ _ _ _ _ _ _ _ _ _ _ _ _ _ _ _ _ _ _ _ _ _ _ _ _ _ _ _ _ _ _ _ _ _ _ \n\nself = <selenium.webdriver.support.wait.WebDriverWait (session=\"a0b2b1f8b1a70fdee66bfec82b6d75dd\")>\nmethod = <function visibility_of_element_located.<locals>._predicate at 0x7fd37d7c1a80>\nmessage = 'Can\\'t find element by locator (\\'xpath\\', \\'//select[@id=\"selectDBVersion\"] /option[@value=\"5\"]\\')'\n\n    def until(self, method: Callable[[D], Union[Literal[False], T]], message: str = \"\") -> T:\n        \"\"\"Calls the method provided with the driver as an argument until the \\\n        return value does not evaluate to ``False``.\n    \n        :param method: callable(WebDriver)\n        :param message: optional message for :exc:`TimeoutException`\n        :returns: the result of the last call to `method`\n        :raises: :exc:`selenium.common.exceptions.TimeoutException` if timeout occurs\n        \"\"\"\n        screen = None\n        stacktrace = None\n    \n        end_time = time.monotonic() + self._timeout\n        while True:\n            try:\n                value = method(self._driver)\n                if value:\n                    return value\n            except self._ignored_exceptions as exc:\n                screen = getattr(exc, \"screen\", None)\n                stacktrace = getattr(exc, \"stacktrace\", None)\n            time.sleep(self._poll)\n            if time.monotonic() > end_time:\n                break\n>       raise TimeoutException(message, screen, stacktrace)\nE       selenium.common.exceptions.TimeoutException: Message: Can't find element by locator ('xpath', '//select[@id=\"selectDBVersion\"] /option[@value=\"5\"]')\nE       Stacktrace:\nE       #0 0x559db99faaea <unknown>\nE       #1 0x559db9446cdb <unknown>\nE       #2 0x559db94996c4 <unknown>\nE       #3 0x559db9499901 <unknown>\nE       #4 0x559db94e88b4 <unknown>\nE       #5 0x559db94e5c87 <unknown>\nE       #6 0x559db948baca <unknown>\nE       #7 0x559db948c7d1 <unknown>\nE       #8 0x559db99c1ab9 <unknown>\nE       #9 0x559db99c4a8c <unknown>\nE       #10 0x559db99aad49 <unknown>\nE       #11 0x559db99c5685 <unknown>\nE       #12 0x559db99926c3 <unknown>\nE       #13 0x559db99e77d8 <unknown>\nE       #14 0x559db99e79b3 <unknown>\nE       #15 0x559db99f9a83 <unknown>\nE       #16 0x7fb47a69caa4 <unknown>\nE       #17 0x7fb47a729c6c <unknown>\n\n/opt/hostedtoolcache/Python/3.12.12/x64/lib/python3.12/site-packages/selenium/webdriver/support/wait.py:105: TimeoutException","flaky":false,"newFailed":false,"newBroken":false,"newPassed":false,"retriesCount":0,"retriesStatusChange":false,"beforeStages":[{"name":"driver","time":{"start":1762912545504,"stop":1762912545775,"duration":271},"status":"passed","steps":[],"attachments":[],"parameters":[],"stepsCount":0,"shouldDisplayMessage":false,"attachmentsCount":0,"hasContent":false,"attachmentStep":false},{"name":"authorization_user","time":{"start":1762912545775,"stop":1762912546284,"duration":509},"status":"passed","steps":[{"name":"Open page: https://oblache.areso.pro/register.html","time":{"start":1762912545775,"stop":1762912546083,"duration":308},"status":"passed","steps":[],"attachments":[],"parameters":[],"stepsCount":0,"shouldDisplayMessage":false,"attachmentsCount":0,"hasContent":false,"attachmentStep":false},{"name":"Login user","time":{"start":1762912546083,"stop":1762912546284,"duration":201},"status":"passed","steps":[{"name":"Enter email.","time":{"start":1762912546083,"stop":1762912546145,"duration":62},"status":"passed","steps":[],"attachments":[],"parameters":[],"stepsCount":0,"shouldDisplayMessage":false,"attachmentsCount":0,"hasContent":false,"attachmentStep":false},{"name":"Enter password.","time":{"start":1762912546146,"stop":1762912546191,"duration":45},"status":"passed","steps":[],"attachments":[],"parameters":[],"stepsCount":0,"shouldDisplayMessage":false,"attachmentsCount":0,"hasContent":false,"attachmentStep":false},{"name":"Click button \"Login\"","time":{"start":1762912546192,"stop":1762912546281,"duration":89},"status":"passed","steps":[],"attachments":[],"parameters":[],"stepsCount":0,"shouldDisplayMessage":false,"attachmentsCount":0,"hasContent":false,"attachmentStep":false},{"name":"Check url is present: https://oblache.areso.pro/register.html","time":{"start":1762912546281,"stop":1762912546284,"duration":3},"status":"passed","steps":[],"attachments":[],"parameters":[],"stepsCount":0,"shouldDisplayMessage":false,"attachmentsCount":0,"hasContent":false,"attachmentStep":false}],"attachments":[],"parameters":[],"stepsCount":4,"shouldDisplayMessage":false,"attachmentsCount":0,"hasContent":true,"attachmentStep":false}],"attachments":[],"parameters":[],"stepsCount":6,"shouldDisplayMessage":false,"attachmentsCount":0,"hasContent":true,"attachmentStep":false}],"testStage":{"status":"broken","statusMessage":"selenium.common.exceptions.TimeoutException: Message: Can't find element by locator ('xpath', '//select[@id=\"selectDBVersion\"] /option[@value=\"5\"]')\nStacktrace:\n#0 0x559db99faaea <unknown>\n#1 0x559db9446cdb <unknown>\n#2 0x559db94996c4 <unknown>\n#3 0x559db9499901 <unknown>\n#4 0x559db94e88b4 <unknown>\n#5 0x559db94e5c87 <unknown>\n#6 0x559db948baca <unknown>\n#7 0x559db948c7d1 <unknown>\n#8 0x559db99c1ab9 <unknown>\n#9 0x559db99c4a8c <unknown>\n#10 0x559db99aad49 <unknown>\n#11 0x559db99c5685 <unknown>\n#12 0x559db99926c3 <unknown>\n#13 0x559db99e77d8 <unknown>\n#14 0x559db99e79b3 <unknown>\n#15 0x559db99f9a83 <unknown>\n#16 0x7fb47a69caa4 <unknown>\n#17 0x7fb47a729c6c <unknown>","statusTrace":"self = <tests_ui.test_ui.TestProfilePage object at 0x7fd37db756d0>\ndriver = <selenium.webdriver.chrome.webdriver.WebDriver (session=\"a0b2b1f8b1a70fdee66bfec82b6d75dd\")>\nauthorization_user = None\n\n    @allure.title('Creating a mysql8 database with DB hosts region CIS')\n    def test_create_database(self, driver, authorization_user):\n        page = ProfilePage(driver, authorization_user)\n>       page.compare_database_status()\n\ntests_ui/test_ui.py:90: \n_ _ _ _ _ _ _ _ _ _ _ _ _ _ _ _ _ _ _ _ _ _ _ _ _ _ _ _ _ _ _ _ _ _ _ _ _ _ _ _ \ntests_ui/profile_page.py:173: in compare_database_status\n    self.select_db_version()  # Selected version msql8\ntests_ui/profile_page.py:76: in select_db_version\n    self.element_is_present_and_clickable(self.locators.DB_VERSION_MYSQL).click()\ntests_ui/base_page.py:28: in element_is_present_and_clickable\n    return (Wait(self.driver, self.timeout).until(\n_ _ _ _ _ _ _ _ _ _ _ _ _ _ _ _ _ _ _ _ _ _ _ _ _ _ _ _ _ _ _ _ _ _ _ _ _ _ _ _ \n\nself = <selenium.webdriver.support.wait.WebDriverWait (session=\"a0b2b1f8b1a70fdee66bfec82b6d75dd\")>\nmethod = <function visibility_of_element_located.<locals>._predicate at 0x7fd37d7c1a80>\nmessage = 'Can\\'t find element by locator (\\'xpath\\', \\'//select[@id=\"selectDBVersion\"] /option[@value=\"5\"]\\')'\n\n    def until(self, method: Callable[[D], Union[Literal[False], T]], message: str = \"\") -> T:\n        \"\"\"Calls the method provided with the driver as an argument until the \\\n        return value does not evaluate to ``False``.\n    \n        :param method: callable(WebDriver)\n        :param message: optional message for :exc:`TimeoutException`\n        :returns: the result of the last call to `method`\n        :raises: :exc:`selenium.common.exceptions.TimeoutException` if timeout occurs\n        \"\"\"\n        screen = None\n        stacktrace = None\n    \n        end_time = time.monotonic() + self._timeout\n        while True:\n            try:\n                value = method(self._driver)\n                if value:\n                    return value\n            except self._ignored_exceptions as exc:\n                screen = getattr(exc, \"screen\", None)\n                stacktrace = getattr(exc, \"stacktrace\", None)\n            time.sleep(self._poll)\n            if time.monotonic() > end_time:\n                break\n>       raise TimeoutException(message, screen, stacktrace)\nE       selenium.common.exceptions.TimeoutException: Message: Can't find element by locator ('xpath', '//select[@id=\"selectDBVersion\"] /option[@value=\"5\"]')\nE       Stacktrace:\nE       #0 0x559db99faaea <unknown>\nE       #1 0x559db9446cdb <unknown>\nE       #2 0x559db94996c4 <unknown>\nE       #3 0x559db9499901 <unknown>\nE       #4 0x559db94e88b4 <unknown>\nE       #5 0x559db94e5c87 <unknown>\nE       #6 0x559db948baca <unknown>\nE       #7 0x559db948c7d1 <unknown>\nE       #8 0x559db99c1ab9 <unknown>\nE       #9 0x559db99c4a8c <unknown>\nE       #10 0x559db99aad49 <unknown>\nE       #11 0x559db99c5685 <unknown>\nE       #12 0x559db99926c3 <unknown>\nE       #13 0x559db99e77d8 <unknown>\nE       #14 0x559db99e79b3 <unknown>\nE       #15 0x559db99f9a83 <unknown>\nE       #16 0x7fb47a69caa4 <unknown>\nE       #17 0x7fb47a729c6c <unknown>\n\n/opt/hostedtoolcache/Python/3.12.12/x64/lib/python3.12/site-packages/selenium/webdriver/support/wait.py:105: TimeoutException","steps":[{"name":"Click button Status.","time":{"start":1762912547285,"stop":1762912547359,"duration":74},"status":"passed","steps":[],"attachments":[],"parameters":[],"stepsCount":0,"shouldDisplayMessage":false,"attachmentsCount":0,"hasContent":false,"attachmentStep":false},{"name":"Save the number 'db qty used' from the Account Dashboard table to a variable","time":{"start":1762912547359,"stop":1762912547992,"duration":633},"status":"passed","steps":[{"name":"Get status data.","time":{"start":1762912547992,"stop":1762912547992,"duration":0},"status":"passed","steps":[{"name":"Status data is: {'Email:': 'test4@mail.com', 'is blocked?': '0', 'is db creation allowed?': '0', 'disk db quota, mb': '4', 'disk db used, mb': '9', 'db qty quota': '100', 'db qty used': '58', 'site qty quota': '5', 'site qty used': '0', 'site disk quota': '300', 'site disk usage': '0', 'is site deploy allowed?': '1', 'container qty quota': '1', 'container qty used': '1147', 'is container creation allowed': '0'}","time":{"start":1762912547992,"stop":1762912547992,"duration":0},"status":"passed","steps":[],"attachments":[],"parameters":[],"stepsCount":0,"shouldDisplayMessage":false,"attachmentsCount":0,"hasContent":false,"attachmentStep":false}],"attachments":[],"parameters":[],"stepsCount":1,"shouldDisplayMessage":false,"attachmentsCount":0,"hasContent":true,"attachmentStep":false}],"attachments":[],"parameters":[],"stepsCount":2,"shouldDisplayMessage":false,"attachmentsCount":0,"hasContent":true,"attachmentStep":false},{"name":"Click \"Databases\" button.","time":{"start":1762912547992,"stop":1762912548061,"duration":69},"status":"passed","steps":[],"attachments":[],"parameters":[],"stepsCount":0,"shouldDisplayMessage":false,"attachmentsCount":0,"hasContent":false,"attachmentStep":false},{"name":"Click \"Create new DB\" button.","time":{"start":1762912548061,"stop":1762912548133,"duration":72},"status":"passed","steps":[],"attachments":[],"parameters":[],"stepsCount":0,"shouldDisplayMessage":false,"attachmentsCount":0,"hasContent":false,"attachmentStep":false},{"name":"Select DB hosts region \"CIS\".","time":{"start":1762912548133,"stop":1762912549352,"duration":1219},"status":"passed","steps":[],"attachments":[],"parameters":[],"stepsCount":0,"shouldDisplayMessage":false,"attachmentsCount":0,"hasContent":false,"attachmentStep":false},{"name":"Select DB type mysql8.","time":{"start":1762912549352,"stop":1762912554530,"duration":5178},"status":"broken","statusMessage":"selenium.common.exceptions.TimeoutException: Message: Can't find element by locator ('xpath', '//select[@id=\"selectDBVersion\"] /option[@value=\"5\"]')\nStacktrace:\n#0 0x559db99faaea <unknown>\n#1 0x559db9446cdb <unknown>\n#2 0x559db94996c4 <unknown>\n#3 0x559db9499901 <unknown>\n#4 0x559db94e88b4 <unknown>\n#5 0x559db94e5c87 <unknown>\n#6 0x559db948baca <unknown>\n#7 0x559db948c7d1 <unknown>\n#8 0x559db99c1ab9 <unknown>\n#9 0x559db99c4a8c <unknown>\n#10 0x559db99aad49 <unknown>\n#11 0x559db99c5685 <unknown>\n#12 0x559db99926c3 <unknown>\n#13 0x559db99e77d8 <unknown>\n#14 0x559db99e79b3 <unknown>\n#15 0x559db99f9a83 <unknown>\n#16 0x7fb47a69caa4 <unknown>\n#17 0x7fb47a729c6c <unknown>\n\n","statusTrace":"  File \"/home/runner/work/Oblache/Oblache/tests_ui/profile_page.py\", line 76, in select_db_version\n    self.element_is_present_and_clickable(self.locators.DB_VERSION_MYSQL).click()\n    ^^^^^^^^^^^^^^^^^^^^^^^^^^^^^^^^^^^^^^^^^^^^^^^^^^^^^^^^^^^^^^^^^^^^^\n  File \"/home/runner/work/Oblache/Oblache/tests_ui/base_page.py\", line 28, in element_is_present_and_clickable\n    return (Wait(self.driver, self.timeout).until(\n            ^^^^^^^^^^^^^^^^^^^^^^^^^^^^^^^^^^^^^^\n  File \"/opt/hostedtoolcache/Python/3.12.12/x64/lib/python3.12/site-packages/selenium/webdriver/support/wait.py\", line 105, in until\n    raise TimeoutException(message, screen, stacktrace)\n","steps":[],"attachments":[],"parameters":[],"stepsCount":0,"shouldDisplayMessage":true,"attachmentsCount":0,"hasContent":true,"attachmentStep":false}],"attachments":[{"uid":"deb7f65e349c1ac7","name":"Screenshot 2025-11-12 01:55:54.661303","source":"deb7f65e349c1ac7.png","type":"image/png","size":27124}],"parameters":[],"stepsCount":8,"shouldDisplayMessage":true,"attachmentsCount":1,"hasContent":true,"attachmentStep":false},"afterStages":[{"name":"driver::0","time":{"start":1762912554662,"stop":1762912554724,"duration":62},"status":"passed","steps":[],"attachments":[],"parameters":[],"stepsCount":0,"shouldDisplayMessage":false,"attachmentsCount":0,"hasContent":false,"attachmentStep":false}],"labels":[{"name":"suite","value":"Test Profile Page."},{"name":"parentSuite","value":"tests_ui"},{"name":"subSuite","value":"TestProfilePage"},{"name":"host","value":"runnervmw9dnm"},{"name":"thread","value":"2620-MainThread"},{"name":"framework","value":"pytest"},{"name":"language","value":"cpython3"},{"name":"package","value":"tests_ui.test_ui"},{"name":"resultFormat","value":"allure2"}],"parameters":[],"links":[],"hidden":false,"retry":false,"extra":{"severity":"normal","retries":[],"categories":[{"name":"Test defects","matchedStatuses":[],"flaky":false}],"history":{"statistic":{"failed":0,"broken":7,"skipped":0,"passed":0,"unknown":0,"total":7},"items":[{"uid":"18eedd2b8b0c1708","reportUrl":"https://lambotik.github.io/Oblache/560/#testresult/18eedd2b8b0c1708","status":"broken","statusDetails":"selenium.common.exceptions.TimeoutException: Message: Can't find element by locator ('xpath', '//select[@id=\"selectDBVersion\"] /option[@value=\"5\"]')\nStacktrace:\n#0 0x55f714fe4aea <unknown>\n#1 0x55f714a30cdb <unknown>\n#2 0x55f714a836c4 <unknown>\n#3 0x55f714a83901 <unknown>\n#4 0x55f714ad28b4 <unknown>\n#5 0x55f714acfc87 <unknown>\n#6 0x55f714a75aca <unknown>\n#7 0x55f714a767d1 <unknown>\n#8 0x55f714fabab9 <unknown>\n#9 0x55f714faea8c <unknown>\n#10 0x55f714f94d49 <unknown>\n#11 0x55f714faf685 <unknown>\n#12 0x55f714f7c6c3 <unknown>\n#13 0x55f714fd17d8 <unknown>\n#14 0x55f714fd19b3 <unknown>\n#15 0x55f714fe3a83 <unknown>\n#16 0x7fd02bc9caa4 <unknown>\n#17 0x7fd02bd29c6c <unknown>","time":{"start":1762826188165,"stop":1762826196320,"duration":8155}},{"uid":"8dfd08ffeb48773f","reportUrl":"https://lambotik.github.io/Oblache/559/#testresult/8dfd08ffeb48773f","status":"broken","statusDetails":"selenium.common.exceptions.TimeoutException: Message: Can't find element by locator ('xpath', '//select[@id=\"selectDBVersion\"] /option[@value=\"5\"]')\nStacktrace:\n#0 0x55fb8aebeaea <unknown>\n#1 0x55fb8a90acdb <unknown>\n#2 0x55fb8a95d6c4 <unknown>\n#3 0x55fb8a95d901 <unknown>\n#4 0x55fb8a9ac8b4 <unknown>\n#5 0x55fb8a9a9c87 <unknown>\n#6 0x55fb8a94faca <unknown>\n#7 0x55fb8a9507d1 <unknown>\n#8 0x55fb8ae85ab9 <unknown>\n#9 0x55fb8ae88a8c <unknown>\n#10 0x55fb8ae6ed49 <unknown>\n#11 0x55fb8ae89685 <unknown>\n#12 0x55fb8ae566c3 <unknown>\n#13 0x55fb8aeab7d8 <unknown>\n#14 0x55fb8aeab9b3 <unknown>\n#15 0x55fb8aebda83 <unknown>\n#16 0x7fd89d89caa4 <unknown>\n#17 0x7fd89d929c6c <unknown>","time":{"start":1762740018774,"stop":1762740027660,"duration":8886}},{"uid":"168794e089da22a8","reportUrl":"https://lambotik.github.io/Oblache/558/#testresult/168794e089da22a8","status":"broken","statusDetails":"selenium.common.exceptions.TimeoutException: Message: Can't find element by locator ('xpath', '//button[@id=\"menu_button_status\"]')\nStacktrace:\n#0 0x55a47597daea <unknown>\n#1 0x55a4753c9cdb <unknown>\n#2 0x55a47541c6c4 <unknown>\n#3 0x55a47541c901 <unknown>\n#4 0x55a47546b8b4 <unknown>\n#5 0x55a475468c87 <unknown>\n#6 0x55a47540eaca <unknown>\n#7 0x55a47540f7d1 <unknown>\n#8 0x55a475944ab9 <unknown>\n#9 0x55a475947a8c <unknown>\n#10 0x55a47592dd49 <unknown>\n#11 0x55a475948685 <unknown>\n#12 0x55a4759156c3 <unknown>\n#13 0x55a47596a7d8 <unknown>\n#14 0x55a47596a9b3 <unknown>\n#15 0x55a47597ca83 <unknown>\n#16 0x7f3a8c69caa4 <unknown>\n#17 0x7f3a8c729c6c <unknown>","time":{"start":1762653529065,"stop":1762653535166,"duration":6101}},{"uid":"9f1edbb843e93e57","reportUrl":"https://lambotik.github.io/Oblache/557/#testresult/9f1edbb843e93e57","status":"broken","statusDetails":"selenium.common.exceptions.TimeoutException: Message: Can't find element by locator ('xpath', '//select[@id=\"selectDBVersion\"] /option[@value=\"5\"]')\nStacktrace:\n#0 0x56378fbdeaea <unknown>\n#1 0x56378f62acdb <unknown>\n#2 0x56378f67d6c4 <unknown>\n#3 0x56378f67d901 <unknown>\n#4 0x56378f6cc8b4 <unknown>\n#5 0x56378f6c9c87 <unknown>\n#6 0x56378f66faca <unknown>\n#7 0x56378f6707d1 <unknown>\n#8 0x56378fba5ab9 <unknown>\n#9 0x56378fba8a8c <unknown>\n#10 0x56378fb8ed49 <unknown>\n#11 0x56378fba9685 <unknown>\n#12 0x56378fb766c3 <unknown>\n#13 0x56378fbcb7d8 <unknown>\n#14 0x56378fbcb9b3 <unknown>\n#15 0x56378fbdda83 <unknown>\n#16 0x7f869ca9caa4 <unknown>\n#17 0x7f869cb29c6c <unknown>","time":{"start":1762566532753,"stop":1762566541535,"duration":8782}},{"uid":"c86bd01d74b84428","reportUrl":"https://lambotik.github.io/Oblache/556/#testresult/c86bd01d74b84428","status":"broken","statusDetails":"selenium.common.exceptions.TimeoutException: Message: Can't find element by locator ('xpath', '//select[@id=\"selectDBVersion\"] /option[@value=\"5\"]')\nStacktrace:\n#0 0x5612190fdaea <unknown>\n#1 0x561218b49cdb <unknown>\n#2 0x561218b9c6c4 <unknown>\n#3 0x561218b9c901 <unknown>\n#4 0x561218beb8b4 <unknown>\n#5 0x561218be8c87 <unknown>\n#6 0x561218b8eaca <unknown>\n#7 0x561218b8f7d1 <unknown>\n#8 0x5612190c4ab9 <unknown>\n#9 0x5612190c7a8c <unknown>\n#10 0x5612190add49 <unknown>\n#11 0x5612190c8685 <unknown>\n#12 0x5612190956c3 <unknown>\n#13 0x5612190ea7d8 <unknown>\n#14 0x5612190ea9b3 <unknown>\n#15 0x5612190fca83 <unknown>\n#16 0x7fba4d49caa4 <unknown>\n#17 0x7fba4d529c6c <unknown>","time":{"start":1762480528677,"stop":1762480537808,"duration":9131}},{"uid":"eeb91381c5413ecf","reportUrl":"https://lambotik.github.io/Oblache/555/#testresult/eeb91381c5413ecf","status":"broken","statusDetails":"selenium.common.exceptions.TimeoutException: Message: Can't find element by locator ('xpath', '//select[@id=\"selectDBVersion\"] /option[@value=\"5\"]')\nStacktrace:\n#0 0x55dab6c67aea <unknown>\n#1 0x55dab66b3cdb <unknown>\n#2 0x55dab67066c4 <unknown>\n#3 0x55dab6706901 <unknown>\n#4 0x55dab67558b4 <unknown>\n#5 0x55dab6752c87 <unknown>\n#6 0x55dab66f8aca <unknown>\n#7 0x55dab66f97d1 <unknown>\n#8 0x55dab6c2eab9 <unknown>\n#9 0x55dab6c31a8c <unknown>\n#10 0x55dab6c17d49 <unknown>\n#11 0x55dab6c32685 <unknown>\n#12 0x55dab6bff6c3 <unknown>\n#13 0x55dab6c547d8 <unknown>\n#14 0x55dab6c549b3 <unknown>\n#15 0x55dab6c66a83 <unknown>\n#16 0x7f9d09c9caa4 <unknown>\n#17 0x7f9d09d29c6c <unknown>","time":{"start":1762394165447,"stop":1762394173761,"duration":8314}}]},"tags":[]},"source":"5268e230b00edac0.json","parameterValues":[]}