{"uid":"c73d3de0d9bca74","name":"POST db_create_with_wrong_env.","fullName":"tests_api.test_db.TestPOST#test_post_db_create_with_wrong_values_env","historyId":"d7afd24235e6f746a986ab690b26b437","time":{"start":1762912434614,"stop":1762912435003,"duration":389},"status":"failed","statusMessage":"AssertionError: Incorrect status code: 403","statusTrace":"self = <tests_api.test_db.TestPOST object at 0x7fd37e441460>\n\n    @allure.title('POST db_create_with_wrong_env.')\n    def test_post_db_create_with_wrong_values_env(self):\n        response_db_list = API.post_db_create_wrong_value_env(token=TestPOST.token)\n>       Checking.check_status_code(response_db_list, 400)\n\ntests_api/test_db.py:56: \n_ _ _ _ _ _ _ _ _ _ _ _ _ _ _ _ _ _ _ _ _ _ _ _ _ _ _ _ _ _ _ _ _ _ _ _ _ _ _ _ \n\nresult = <Response [403]>, status_code = 400\n\n    @staticmethod\n    def check_status_code(result: requests.models.Response, status_code: int):\n        \"\"\"\n        Method check status code\n        :param result: Response\n        :param status_code:\n        \"\"\"\n        with allure.step(f'Assert status code: {status_code} == Response status code: {result.status_code}'):\n>           assert status_code == result.status_code, f'Incorrect status code: {result.status_code}'\nE           AssertionError: Incorrect status code: 403\n\ntests_api/utils/checking.py:16: AssertionError","flaky":false,"newFailed":false,"newBroken":false,"newPassed":false,"retriesCount":0,"retriesStatusChange":false,"beforeStages":[],"testStage":{"status":"failed","statusMessage":"AssertionError: Incorrect status code: 403","statusTrace":"self = <tests_api.test_db.TestPOST object at 0x7fd37e441460>\n\n    @allure.title('POST db_create_with_wrong_env.')\n    def test_post_db_create_with_wrong_values_env(self):\n        response_db_list = API.post_db_create_wrong_value_env(token=TestPOST.token)\n>       Checking.check_status_code(response_db_list, 400)\n\ntests_api/test_db.py:56: \n_ _ _ _ _ _ _ _ _ _ _ _ _ _ _ _ _ _ _ _ _ _ _ _ _ _ _ _ _ _ _ _ _ _ _ _ _ _ _ _ \n\nresult = <Response [403]>, status_code = 400\n\n    @staticmethod\n    def check_status_code(result: requests.models.Response, status_code: int):\n        \"\"\"\n        Method check status code\n        :param result: Response\n        :param status_code:\n        \"\"\"\n        with allure.step(f'Assert status code: {status_code} == Response status code: {result.status_code}'):\n>           assert status_code == result.status_code, f'Incorrect status code: {result.status_code}'\nE           AssertionError: Incorrect status code: 403\n\ntests_api/utils/checking.py:16: AssertionError","steps":[{"name":"post_db_create_wrong_value_env","time":{"start":1762912434614,"stop":1762912435002,"duration":388},"status":"passed","steps":[{"name":"Endpoint: /db_create","time":{"start":1762912435002,"stop":1762912435002,"duration":0},"status":"passed","steps":[],"attachments":[],"parameters":[],"stepsCount":0,"shouldDisplayMessage":false,"attachmentsCount":0,"hasContent":false,"attachmentStep":false},{"name":"Request:","time":{"start":1762912435002,"stop":1762912435002,"duration":0},"status":"passed","steps":[{"name":"Headers: {'Content-Type': 'application/json', 'Authorization': {'e80dfadf-c69e-4bc4-a1c0-b79063603913'}}","time":{"start":1762912435002,"stop":1762912435002,"duration":0},"status":"passed","steps":[],"attachments":[],"parameters":[],"stepsCount":0,"shouldDisplayMessage":false,"attachmentsCount":0,"hasContent":false,"attachmentStep":false},{"name":"Body: {\"dbtype\": 3, \"dbversion\": 5, \"env\": 15, \"region\": 3}","time":{"start":1762912435002,"stop":1762912435002,"duration":0},"status":"passed","steps":[],"attachments":[],"parameters":[],"stepsCount":0,"shouldDisplayMessage":false,"attachmentsCount":0,"hasContent":false,"attachmentStep":false}],"attachments":[],"parameters":[],"stepsCount":2,"shouldDisplayMessage":false,"attachmentsCount":0,"hasContent":true,"attachmentStep":false},{"name":"Response:","time":{"start":1762912435002,"stop":1762912435002,"duration":0},"status":"passed","steps":[{"name":"Status code: 403","time":{"start":1762912435002,"stop":1762912435002,"duration":0},"status":"passed","steps":[],"attachments":[],"parameters":[],"stepsCount":0,"shouldDisplayMessage":false,"attachmentsCount":0,"hasContent":false,"attachmentStep":false},{"name":"JSON: {\n    \"content\": \"you are not allowed to create new databases\"\n}\n","time":{"start":1762912435002,"stop":1762912435002,"duration":0},"status":"passed","steps":[],"attachments":[],"parameters":[],"stepsCount":0,"shouldDisplayMessage":false,"attachmentsCount":0,"hasContent":false,"attachmentStep":false}],"attachments":[],"parameters":[],"stepsCount":2,"shouldDisplayMessage":false,"attachmentsCount":0,"hasContent":true,"attachmentStep":false}],"attachments":[],"parameters":[],"stepsCount":7,"shouldDisplayMessage":false,"attachmentsCount":0,"hasContent":true,"attachmentStep":false},{"name":"Assert status code: 400 == Response status code: 403","time":{"start":1762912435002,"stop":1762912435003,"duration":1},"status":"failed","statusMessage":"AssertionError: Incorrect status code: 403\n","statusTrace":"  File \"/home/runner/work/Oblache/Oblache/tests_api/utils/checking.py\", line 16, in check_status_code\n    assert status_code == result.status_code, f'Incorrect status code: {result.status_code}'\n           ^^^^^^^^^^^^^^^^^^^^^^^^^^^^^^^^^\n","steps":[],"attachments":[],"parameters":[],"stepsCount":0,"shouldDisplayMessage":true,"attachmentsCount":0,"hasContent":true,"attachmentStep":false}],"attachments":[],"parameters":[],"stepsCount":9,"shouldDisplayMessage":true,"attachmentsCount":0,"hasContent":true,"attachmentStep":false},"afterStages":[],"labels":[{"name":"suite","value":"smoke_databases"},{"name":"parentSuite","value":"tests_api"},{"name":"subSuite","value":"TestPOST"},{"name":"host","value":"runnervmw9dnm"},{"name":"thread","value":"2620-MainThread"},{"name":"framework","value":"pytest"},{"name":"language","value":"cpython3"},{"name":"package","value":"tests_api.test_db"},{"name":"resultFormat","value":"allure2"}],"parameters":[],"links":[],"hidden":false,"retry":false,"extra":{"severity":"normal","retries":[],"categories":[{"name":"Product defects","matchedStatuses":[],"flaky":false}],"history":{"statistic":{"failed":7,"broken":0,"skipped":0,"passed":0,"unknown":0,"total":7},"items":[{"uid":"e6434474fbbaa18e","reportUrl":"https://lambotik.github.io/Oblache/560/#testresult/e6434474fbbaa18e","status":"failed","statusDetails":"AssertionError: Incorrect status code: 403","time":{"start":1762826091625,"stop":1762826091981,"duration":356}},{"uid":"807e2d0fcc38439a","reportUrl":"https://lambotik.github.io/Oblache/559/#testresult/807e2d0fcc38439a","status":"failed","statusDetails":"AssertionError: Incorrect status code: 403","time":{"start":1762739908450,"stop":1762739908958,"duration":508}},{"uid":"7795f2033ceba19d","reportUrl":"https://lambotik.github.io/Oblache/558/#testresult/7795f2033ceba19d","status":"failed","statusDetails":"AssertionError: Incorrect status code: 502","time":{"start":1762653411171,"stop":1762653411511,"duration":340}},{"uid":"853310ee4a8fbd07","reportUrl":"https://lambotik.github.io/Oblache/557/#testresult/853310ee4a8fbd07","status":"failed","statusDetails":"AssertionError: Incorrect status code: 403","time":{"start":1762566425130,"stop":1762566425544,"duration":414}},{"uid":"219f05f78f18ad86","reportUrl":"https://lambotik.github.io/Oblache/556/#testresult/219f05f78f18ad86","status":"failed","statusDetails":"AssertionError: Incorrect status code: 403","time":{"start":1762480392392,"stop":1762480392905,"duration":513}},{"uid":"f1f8210e820abce9","reportUrl":"https://lambotik.github.io/Oblache/555/#testresult/f1f8210e820abce9","status":"failed","statusDetails":"AssertionError: Incorrect status code: 403","time":{"start":1762394055312,"stop":1762394055671,"duration":359}}]},"tags":[]},"source":"c73d3de0d9bca74.json","parameterValues":[]}