{
  "uid" : "ba9a3bf70329f69e",
  "name" : "test order db create backup non-belonging db",
  "fullName" : "tests_api.test_bd.TestBackup#test_order_db_create_backup_non_belonging_db",
  "historyId" : "46162aec860d9e52ab8a1ce1fe9140b2",
  "time" : {
    "start" : 1756692255036,
    "stop" : 1756692255527,
    "duration" : 491
  },
  "status" : "failed",
  "statusMessage" : "AssertionError: Result is not equal expected value",
  "statusTrace" : "self = <tests_api.test_bd.TestBackup object at 0x7f576491d790>\nget_token_backup_1 = ('880d485b-a1cf-4f08-8466-4d2d7ef41a35', {'email': 'testbackup1@gmail.com', 'password': 'ZuOhK0WqZ3CJ8RPaf4dj'}, '066dc8a6-240f-701b-8000-a17ea063eafa')\nget_token_backup_2 = ('229c5a52-7b1e-47e3-ab0f-319e3bf62351', {'email': 'testbackup2@gmail.com', 'password': 'gwqldBUEoNGUiBrKFeVv'}, '066dc8d1-2d0a-753b-8000-ba69b49e1e8c')\n\n    @allure.title('test order db create backup non-belonging db')\n    def test_order_db_create_backup_non_belonging_db(self, get_token_backup_1, get_token_backup_2):\n        token, body, uuid = get_token_backup_1\n        token_2, body_2, uuid_2 = get_token_backup_2\n        response = API.post_db_backup_create(token=token, db_uuid=uuid_2)\n        Checking.check_status_code(response, 400)\n>       Checking.check_json_value(\n            response, 'content', \"db either not exist, not in good shape or not belong to the user\")\n\ntests_api/test_bd.py:483: \n_ _ _ _ _ _ _ _ _ _ _ _ _ _ _ _ _ _ _ _ _ _ _ _ _ _ _ _ _ _ _ _ _ _ _ _ _ _ _ _ \n\nresponse = <Response [400]>, field_name = 'content'\nexpected_value = 'db either not exist, not in good shape or not belong to the user'\n\n    @staticmethod\n    def check_json_value(response: requests.models.Response, field_name: str, expected_value):\n        \"\"\"\n        :param response: requests.models.Response\n        :param field_name:\n        :param expected_value:\n        \"\"\"\n        check = response.json()\n        check_info = check.get(field_name)\n        with allure.step(\n                f'Compare result request with expected value:'\n                f'\\nResponse: {response}\\nField name: {field_name}\\nValue: {expected_value}'):\n>           assert check_info == expected_value, 'Result is not equal expected value'\nE           AssertionError: Result is not equal expected value\n\ntests_api/utils/checking.py:57: AssertionError",
  "flaky" : false,
  "newFailed" : false,
  "beforeStages" : [ {
    "name" : "get_token_backup_2",
    "time" : {
      "start" : 1756692254571,
      "stop" : 1756692255036,
      "duration" : 465
    },
    "status" : "passed",
    "steps" : [ {
      "name" : "Assert status code: 200 == Response status code: 200",
      "time" : {
        "start" : 1756692255036,
        "stop" : 1756692255036,
        "duration" : 0
      },
      "status" : "passed",
      "steps" : [ ],
      "attachments" : [ ],
      "parameters" : [ ],
      "hasContent" : false,
      "stepsCount" : 0,
      "attachmentsCount" : 0,
      "shouldDisplayMessage" : false
    } ],
    "attachments" : [ ],
    "parameters" : [ ],
    "hasContent" : true,
    "stepsCount" : 1,
    "attachmentsCount" : 0,
    "shouldDisplayMessage" : false
  }, {
    "name" : "get_token_backup_1",
    "time" : {
      "start" : 1756692254084,
      "stop" : 1756692254571,
      "duration" : 487
    },
    "status" : "passed",
    "steps" : [ {
      "name" : "Assert status code: 200 == Response status code: 200",
      "time" : {
        "start" : 1756692254571,
        "stop" : 1756692254571,
        "duration" : 0
      },
      "status" : "passed",
      "steps" : [ ],
      "attachments" : [ ],
      "parameters" : [ ],
      "hasContent" : false,
      "stepsCount" : 0,
      "attachmentsCount" : 0,
      "shouldDisplayMessage" : false
    } ],
    "attachments" : [ ],
    "parameters" : [ ],
    "hasContent" : true,
    "stepsCount" : 1,
    "attachmentsCount" : 0,
    "shouldDisplayMessage" : false
  } ],
  "testStage" : {
    "status" : "failed",
    "statusMessage" : "AssertionError: Result is not equal expected value",
    "statusTrace" : "self = <tests_api.test_bd.TestBackup object at 0x7f576491d790>\nget_token_backup_1 = ('880d485b-a1cf-4f08-8466-4d2d7ef41a35', {'email': 'testbackup1@gmail.com', 'password': 'ZuOhK0WqZ3CJ8RPaf4dj'}, '066dc8a6-240f-701b-8000-a17ea063eafa')\nget_token_backup_2 = ('229c5a52-7b1e-47e3-ab0f-319e3bf62351', {'email': 'testbackup2@gmail.com', 'password': 'gwqldBUEoNGUiBrKFeVv'}, '066dc8d1-2d0a-753b-8000-ba69b49e1e8c')\n\n    @allure.title('test order db create backup non-belonging db')\n    def test_order_db_create_backup_non_belonging_db(self, get_token_backup_1, get_token_backup_2):\n        token, body, uuid = get_token_backup_1\n        token_2, body_2, uuid_2 = get_token_backup_2\n        response = API.post_db_backup_create(token=token, db_uuid=uuid_2)\n        Checking.check_status_code(response, 400)\n>       Checking.check_json_value(\n            response, 'content', \"db either not exist, not in good shape or not belong to the user\")\n\ntests_api/test_bd.py:483: \n_ _ _ _ _ _ _ _ _ _ _ _ _ _ _ _ _ _ _ _ _ _ _ _ _ _ _ _ _ _ _ _ _ _ _ _ _ _ _ _ \n\nresponse = <Response [400]>, field_name = 'content'\nexpected_value = 'db either not exist, not in good shape or not belong to the user'\n\n    @staticmethod\n    def check_json_value(response: requests.models.Response, field_name: str, expected_value):\n        \"\"\"\n        :param response: requests.models.Response\n        :param field_name:\n        :param expected_value:\n        \"\"\"\n        check = response.json()\n        check_info = check.get(field_name)\n        with allure.step(\n                f'Compare result request with expected value:'\n                f'\\nResponse: {response}\\nField name: {field_name}\\nValue: {expected_value}'):\n>           assert check_info == expected_value, 'Result is not equal expected value'\nE           AssertionError: Result is not equal expected value\n\ntests_api/utils/checking.py:57: AssertionError",
    "steps" : [ {
      "name" : "Endpoint: /db_backup_create",
      "time" : {
        "start" : 1756692255527,
        "stop" : 1756692255527,
        "duration" : 0
      },
      "status" : "passed",
      "steps" : [ ],
      "attachments" : [ ],
      "parameters" : [ ],
      "hasContent" : false,
      "stepsCount" : 0,
      "attachmentsCount" : 0,
      "shouldDisplayMessage" : false
    }, {
      "name" : "Request:",
      "time" : {
        "start" : 1756692255527,
        "stop" : 1756692255527,
        "duration" : 0
      },
      "status" : "passed",
      "steps" : [ {
        "name" : "Headers: {'Content-Type': 'application/json', 'Authorization': {'880d485b-a1cf-4f08-8466-4d2d7ef41a35'}}",
        "time" : {
          "start" : 1756692255527,
          "stop" : 1756692255527,
          "duration" : 0
        },
        "status" : "passed",
        "steps" : [ ],
        "attachments" : [ ],
        "parameters" : [ ],
        "hasContent" : false,
        "stepsCount" : 0,
        "attachmentsCount" : 0,
        "shouldDisplayMessage" : false
      } ],
      "attachments" : [ ],
      "parameters" : [ ],
      "hasContent" : true,
      "stepsCount" : 1,
      "attachmentsCount" : 0,
      "shouldDisplayMessage" : false
    }, {
      "name" : "Response:",
      "time" : {
        "start" : 1756692255527,
        "stop" : 1756692255527,
        "duration" : 0
      },
      "status" : "passed",
      "steps" : [ {
        "name" : "Status code: 400",
        "time" : {
          "start" : 1756692255527,
          "stop" : 1756692255527,
          "duration" : 0
        },
        "status" : "passed",
        "steps" : [ ],
        "attachments" : [ ],
        "parameters" : [ ],
        "hasContent" : false,
        "stepsCount" : 0,
        "attachmentsCount" : 0,
        "shouldDisplayMessage" : false
      }, {
        "name" : "JSON: {\n    \"content\": \"db either not exist, not in good shape, or does not belong to the user\"\n}\n",
        "time" : {
          "start" : 1756692255527,
          "stop" : 1756692255527,
          "duration" : 0
        },
        "status" : "passed",
        "steps" : [ ],
        "attachments" : [ ],
        "parameters" : [ ],
        "hasContent" : false,
        "stepsCount" : 0,
        "attachmentsCount" : 0,
        "shouldDisplayMessage" : false
      } ],
      "attachments" : [ ],
      "parameters" : [ ],
      "hasContent" : true,
      "stepsCount" : 2,
      "attachmentsCount" : 0,
      "shouldDisplayMessage" : false
    }, {
      "name" : "Assert status code: 400 == Response status code: 400",
      "time" : {
        "start" : 1756692255527,
        "stop" : 1756692255527,
        "duration" : 0
      },
      "status" : "passed",
      "steps" : [ ],
      "attachments" : [ ],
      "parameters" : [ ],
      "hasContent" : false,
      "stepsCount" : 0,
      "attachmentsCount" : 0,
      "shouldDisplayMessage" : false
    }, {
      "name" : "Compare result request with expected value:\nResponse: <Response [400]>\nField name: content\nValue: db either not exist, not in good shape or not belong to the user",
      "time" : {
        "start" : 1756692255527,
        "stop" : 1756692255527,
        "duration" : 0
      },
      "status" : "failed",
      "statusMessage" : "AssertionError: Result is not equal expected value\n",
      "statusTrace" : "  File \"/home/runner/work/Oblache/Oblache/tests_api/utils/checking.py\", line 57, in check_json_value\n    assert check_info == expected_value, 'Result is not equal expected value'\n           ^^^^^^^^^^^^^^^^^^^^^^^^^^^^\n",
      "steps" : [ ],
      "attachments" : [ ],
      "parameters" : [ ],
      "hasContent" : true,
      "stepsCount" : 0,
      "attachmentsCount" : 0,
      "shouldDisplayMessage" : true
    } ],
    "attachments" : [ ],
    "parameters" : [ ],
    "hasContent" : true,
    "stepsCount" : 8,
    "attachmentsCount" : 0,
    "shouldDisplayMessage" : true
  },
  "afterStages" : [ ],
  "labels" : [ {
    "name" : "suite",
    "value" : "Test Backup"
  }, {
    "name" : "parentSuite",
    "value" : "tests_api"
  }, {
    "name" : "subSuite",
    "value" : "TestBackup"
  }, {
    "name" : "host",
    "value" : "pkrvmccyg1gnepe"
  }, {
    "name" : "thread",
    "value" : "2574-MainThread"
  }, {
    "name" : "framework",
    "value" : "pytest"
  }, {
    "name" : "language",
    "value" : "cpython3"
  }, {
    "name" : "package",
    "value" : "tests_api.test_bd"
  }, {
    "name" : "resultFormat",
    "value" : "allure2"
  } ],
  "parameters" : [ ],
  "links" : [ ],
  "hidden" : false,
  "retry" : false,
  "extra" : {
    "severity" : "normal",
    "retries" : [ ],
    "categories" : [ {
      "name" : "Product defects",
      "matchedStatuses" : [ ],
      "flaky" : false
    } ],
    "history" : {
      "statistic" : {
        "failed" : 49,
        "broken" : 0,
        "skipped" : 0,
        "passed" : 225,
        "unknown" : 0,
        "total" : 274
      },
      "items" : [ {
        "uid" : "4e09075c1acc80be",
        "reportUrl" : "https://lambotik.github.io/Oblache/488//#testresult/4e09075c1acc80be",
        "status" : "failed",
        "statusDetails" : "AssertionError: Result is not equal expected value",
        "time" : {
          "start" : 1756605255979,
          "stop" : 1756605256479,
          "duration" : 500
        }
      }, {
        "uid" : "f967cbc06681c72e",
        "reportUrl" : "https://lambotik.github.io/Oblache/487//#testresult/f967cbc06681c72e",
        "status" : "failed",
        "statusDetails" : "AssertionError: Incorrect status code: 502",
        "time" : {
          "start" : 1756518161514,
          "stop" : 1756518161514,
          "duration" : 0
        }
      }, {
        "uid" : "479eba0af5c52642",
        "reportUrl" : "https://lambotik.github.io/Oblache/486//#testresult/479eba0af5c52642",
        "status" : "failed",
        "statusDetails" : "AssertionError: Incorrect status code: 500",
        "time" : {
          "start" : 1756432077665,
          "stop" : 1756432078040,
          "duration" : 375
        }
      }, {
        "uid" : "b6c0b3624684be0d",
        "reportUrl" : "https://lambotik.github.io/Oblache/485//#testresult/b6c0b3624684be0d",
        "status" : "failed",
        "statusDetails" : "AssertionError: Result is not equal expected value",
        "time" : {
          "start" : 1756345685800,
          "stop" : 1756345686114,
          "duration" : 314
        }
      }, {
        "uid" : "1034536f8f3280a4",
        "reportUrl" : "https://lambotik.github.io/Oblache/484//#testresult/1034536f8f3280a4",
        "status" : "failed",
        "statusDetails" : "AssertionError: Incorrect status code: 500",
        "time" : {
          "start" : 1756259330627,
          "stop" : 1756259330936,
          "duration" : 309
        }
      }, {
        "uid" : "cc9d442afd2adf25",
        "reportUrl" : "https://lambotik.github.io/Oblache/483//#testresult/cc9d442afd2adf25",
        "status" : "failed",
        "statusDetails" : "AssertionError: Incorrect status code: 500",
        "time" : {
          "start" : 1756173154793,
          "stop" : 1756173155259,
          "duration" : 466
        }
      }, {
        "uid" : "a1b038dbc920fadb",
        "reportUrl" : "https://lambotik.github.io/Oblache/482//#testresult/a1b038dbc920fadb",
        "status" : "failed",
        "statusDetails" : "AssertionError: Result is not equal expected value",
        "time" : {
          "start" : 1756086971458,
          "stop" : 1756086971836,
          "duration" : 378
        }
      }, {
        "uid" : "607e2c728a4d50e7",
        "reportUrl" : "https://lambotik.github.io/Oblache/481//#testresult/607e2c728a4d50e7",
        "status" : "failed",
        "statusDetails" : "AssertionError: Result is not equal expected value",
        "time" : {
          "start" : 1756000939326,
          "stop" : 1756000939808,
          "duration" : 482
        }
      }, {
        "uid" : "9113e55496e3b1",
        "reportUrl" : "https://lambotik.github.io/Oblache/480//#testresult/9113e55496e3b1",
        "status" : "failed",
        "statusDetails" : "AssertionError: Result is not equal expected value",
        "time" : {
          "start" : 1755913639394,
          "stop" : 1755913639709,
          "duration" : 315
        }
      }, {
        "uid" : "5060ac9d21659d02",
        "reportUrl" : "https://lambotik.github.io/Oblache/479//#testresult/5060ac9d21659d02",
        "status" : "failed",
        "statusDetails" : "AssertionError: Result is not equal expected value",
        "time" : {
          "start" : 1755827479632,
          "stop" : 1755827479955,
          "duration" : 323
        }
      }, {
        "uid" : "48419f1dab5ea133",
        "reportUrl" : "https://lambotik.github.io/Oblache/478//#testresult/48419f1dab5ea133",
        "status" : "failed",
        "statusDetails" : "AssertionError: Result is not equal expected value",
        "time" : {
          "start" : 1755741027536,
          "stop" : 1755741027896,
          "duration" : 360
        }
      }, {
        "uid" : "a4d40de9f0da186b",
        "reportUrl" : "https://lambotik.github.io/Oblache/477//#testresult/a4d40de9f0da186b",
        "status" : "failed",
        "statusDetails" : "AssertionError: Result is not equal expected value",
        "time" : {
          "start" : 1755654716795,
          "stop" : 1755654717101,
          "duration" : 306
        }
      }, {
        "uid" : "8d4fed9b42bf165",
        "reportUrl" : "https://lambotik.github.io/Oblache/476//#testresult/8d4fed9b42bf165",
        "status" : "failed",
        "statusDetails" : "AssertionError: Result is not equal expected value",
        "time" : {
          "start" : 1755568435820,
          "stop" : 1755568436130,
          "duration" : 310
        }
      }, {
        "uid" : "77bd5dd607499b17",
        "reportUrl" : "https://lambotik.github.io/Oblache/475//#testresult/77bd5dd607499b17",
        "status" : "failed",
        "statusDetails" : "AssertionError: Result is not equal expected value",
        "time" : {
          "start" : 1755482797434,
          "stop" : 1755482797797,
          "duration" : 363
        }
      }, {
        "uid" : "b61fcd1dd9afbd99",
        "reportUrl" : "https://lambotik.github.io/Oblache/474//#testresult/b61fcd1dd9afbd99",
        "status" : "failed",
        "statusDetails" : "AssertionError: Result is not equal expected value",
        "time" : {
          "start" : 1755396466883,
          "stop" : 1755396467390,
          "duration" : 507
        }
      }, {
        "uid" : "50de922bda8d0c69",
        "reportUrl" : "https://lambotik.github.io/Oblache/473//#testresult/50de922bda8d0c69",
        "status" : "failed",
        "statusDetails" : "AssertionError: Result is not equal expected value",
        "time" : {
          "start" : 1755309405304,
          "stop" : 1755309405788,
          "duration" : 484
        }
      }, {
        "uid" : "5b8bf6cb85878413",
        "reportUrl" : "https://lambotik.github.io/Oblache/472//#testresult/5b8bf6cb85878413",
        "status" : "failed",
        "statusDetails" : "AssertionError: Incorrect status code: 502",
        "time" : {
          "start" : 1755223214068,
          "stop" : 1755223214068,
          "duration" : 0
        }
      }, {
        "uid" : "fa79944387111057",
        "reportUrl" : "https://lambotik.github.io/Oblache/471//#testresult/fa79944387111057",
        "status" : "failed",
        "statusDetails" : "AssertionError: Result is not equal expected value",
        "time" : {
          "start" : 1755136905584,
          "stop" : 1755136905948,
          "duration" : 364
        }
      }, {
        "uid" : "b397a0c18d6c32d1",
        "reportUrl" : "https://lambotik.github.io/Oblache/470//#testresult/b397a0c18d6c32d1",
        "status" : "failed",
        "statusDetails" : "AssertionError: Result is not equal expected value",
        "time" : {
          "start" : 1755050441662,
          "stop" : 1755050442030,
          "duration" : 368
        }
      }, {
        "uid" : "dbe76d8d35586af4",
        "reportUrl" : "https://lambotik.github.io/Oblache/469//#testresult/dbe76d8d35586af4",
        "status" : "failed",
        "statusDetails" : "AssertionError: Result is not equal expected value",
        "time" : {
          "start" : 1754963919994,
          "stop" : 1754963920301,
          "duration" : 307
        }
      } ]
    },
    "tags" : [ ]
  },
  "source" : "ba9a3bf70329f69e.json",
  "parameterValues" : [ ]
}