{
  "uid" : "f58d3e386e9c1a04",
  "name" : "test_delete_database",
  "fullName" : "tests_ui.test_ui.TestProfilePage#test_delete_database",
  "historyId" : "79ccd4aa4a29c03ae3f72e89c73351ae",
  "time" : {
    "start" : 1756692302550,
    "stop" : 1756692327813,
    "duration" : 25263
  },
  "status" : "failed",
  "statusMessage" : "AssertionError: assert ('nodata' == '2'\n  - 2\n  + nodata or None == 'No database for deleting.')",
  "statusTrace" : "self = <tests_ui.test_ui.TestProfilePage object at 0x7f5764850440>\ndriver = <selenium.webdriver.chrome.webdriver.WebDriver (session=\"a00bc402f64c7878242ea3471d5f14c3\")>\nauthorization_user = None\n\n    @allure.title('test_delete_database')\n    def test_delete_database(self, driver, authorization_user):\n        page = ProfilePage(driver, authorization_user)\n        page.click_button_status()\n        amount_databases = page.get_status_data()['db qty used']\n        msg = page.delete_database()\n        page.click_button_status()\n        amount_after_create = page.get_status_data()['db qty used']\n>       assert amount_databases == amount_after_create or msg == 'No database for deleting.'\nE       AssertionError: assert ('nodata' == '2'\nE         - 2\nE         + nodata or None == 'No database for deleting.')\n\ntests_ui/test_ui.py:93: AssertionError",
  "flaky" : false,
  "newFailed" : false,
  "beforeStages" : [ {
    "name" : "driver",
    "time" : {
      "start" : 1756692301632,
      "stop" : 1756692301894,
      "duration" : 262
    },
    "status" : "passed",
    "steps" : [ ],
    "attachments" : [ ],
    "parameters" : [ ],
    "hasContent" : false,
    "stepsCount" : 0,
    "attachmentsCount" : 0,
    "shouldDisplayMessage" : false
  }, {
    "name" : "authorization_user",
    "time" : {
      "start" : 1756692301895,
      "stop" : 1756692302550,
      "duration" : 655
    },
    "status" : "passed",
    "steps" : [ {
      "name" : "Open page: https://oblache.areso.pro/register.html",
      "time" : {
        "start" : 1756692301895,
        "stop" : 1756692302357,
        "duration" : 462
      },
      "status" : "passed",
      "steps" : [ ],
      "attachments" : [ ],
      "parameters" : [ ],
      "hasContent" : false,
      "stepsCount" : 0,
      "attachmentsCount" : 0,
      "shouldDisplayMessage" : false
    }, {
      "name" : "Login user",
      "time" : {
        "start" : 1756692302357,
        "stop" : 1756692302550,
        "duration" : 193
      },
      "status" : "passed",
      "steps" : [ {
        "name" : "Enter email.",
        "time" : {
          "start" : 1756692302357,
          "stop" : 1756692302417,
          "duration" : 60
        },
        "status" : "passed",
        "steps" : [ ],
        "attachments" : [ ],
        "parameters" : [ ],
        "hasContent" : false,
        "stepsCount" : 0,
        "attachmentsCount" : 0,
        "shouldDisplayMessage" : false
      }, {
        "name" : "Enter password.",
        "time" : {
          "start" : 1756692302417,
          "stop" : 1756692302461,
          "duration" : 44
        },
        "status" : "passed",
        "steps" : [ ],
        "attachments" : [ ],
        "parameters" : [ ],
        "hasContent" : false,
        "stepsCount" : 0,
        "attachmentsCount" : 0,
        "shouldDisplayMessage" : false
      }, {
        "name" : "Click button \"Login\"",
        "time" : {
          "start" : 1756692302461,
          "stop" : 1756692302548,
          "duration" : 87
        },
        "status" : "passed",
        "steps" : [ ],
        "attachments" : [ ],
        "parameters" : [ ],
        "hasContent" : false,
        "stepsCount" : 0,
        "attachmentsCount" : 0,
        "shouldDisplayMessage" : false
      }, {
        "name" : "Check url is present: https://oblache.areso.pro/register.html",
        "time" : {
          "start" : 1756692302548,
          "stop" : 1756692302550,
          "duration" : 2
        },
        "status" : "passed",
        "steps" : [ ],
        "attachments" : [ ],
        "parameters" : [ ],
        "hasContent" : false,
        "stepsCount" : 0,
        "attachmentsCount" : 0,
        "shouldDisplayMessage" : false
      } ],
      "attachments" : [ ],
      "parameters" : [ ],
      "hasContent" : true,
      "stepsCount" : 4,
      "attachmentsCount" : 0,
      "shouldDisplayMessage" : false
    } ],
    "attachments" : [ ],
    "parameters" : [ ],
    "hasContent" : true,
    "stepsCount" : 6,
    "attachmentsCount" : 0,
    "shouldDisplayMessage" : false
  } ],
  "testStage" : {
    "status" : "failed",
    "statusMessage" : "AssertionError: assert ('nodata' == '2'\n  - 2\n  + nodata or None == 'No database for deleting.')",
    "statusTrace" : "self = <tests_ui.test_ui.TestProfilePage object at 0x7f5764850440>\ndriver = <selenium.webdriver.chrome.webdriver.WebDriver (session=\"a00bc402f64c7878242ea3471d5f14c3\")>\nauthorization_user = None\n\n    @allure.title('test_delete_database')\n    def test_delete_database(self, driver, authorization_user):\n        page = ProfilePage(driver, authorization_user)\n        page.click_button_status()\n        amount_databases = page.get_status_data()['db qty used']\n        msg = page.delete_database()\n        page.click_button_status()\n        amount_after_create = page.get_status_data()['db qty used']\n>       assert amount_databases == amount_after_create or msg == 'No database for deleting.'\nE       AssertionError: assert ('nodata' == '2'\nE         - 2\nE         + nodata or None == 'No database for deleting.')\n\ntests_ui/test_ui.py:93: AssertionError",
    "steps" : [ {
      "name" : "Click button Status.",
      "time" : {
        "start" : 1756692303551,
        "stop" : 1756692304008,
        "duration" : 457
      },
      "status" : "passed",
      "steps" : [ ],
      "attachments" : [ ],
      "parameters" : [ ],
      "hasContent" : false,
      "stepsCount" : 0,
      "attachmentsCount" : 0,
      "shouldDisplayMessage" : false
    }, {
      "name" : "Get status data.",
      "time" : {
        "start" : 1756692304501,
        "stop" : 1756692304501,
        "duration" : 0
      },
      "status" : "passed",
      "steps" : [ {
        "name" : "Status data is: {'Email:': 'nodata', 'is blocked?': 'nodata', 'is db creation allowed?': 'nodata', 'disk db quota, mb': 'nodata', 'disk db used, mb': 'nodata', 'db qty quota': 'nodata', 'db qty used': 'nodata', 'site qty quota': 'nodata', 'site qty used': 'nodata', 'site disk quota': 'nodata', 'site disk usage': 'nodata', 'is site deploy allowed?': 'nodata', 'container qty quota': 'nodata', 'container qty used': 'nodata', 'is container creation allowed': '0'}",
        "time" : {
          "start" : 1756692304501,
          "stop" : 1756692304501,
          "duration" : 0
        },
        "status" : "passed",
        "steps" : [ ],
        "attachments" : [ ],
        "parameters" : [ ],
        "hasContent" : false,
        "stepsCount" : 0,
        "attachmentsCount" : 0,
        "shouldDisplayMessage" : false
      } ],
      "attachments" : [ ],
      "parameters" : [ ],
      "hasContent" : true,
      "stepsCount" : 1,
      "attachmentsCount" : 0,
      "shouldDisplayMessage" : false
    }, {
      "name" : "Click \"Databases\" button.",
      "time" : {
        "start" : 1756692304501,
        "stop" : 1756692304568,
        "duration" : 67
      },
      "status" : "passed",
      "steps" : [ ],
      "attachments" : [ ],
      "parameters" : [ ],
      "hasContent" : false,
      "stepsCount" : 0,
      "attachmentsCount" : 0,
      "shouldDisplayMessage" : false
    }, {
      "name" : "Click \"Create new DB\" button.",
      "time" : {
        "start" : 1756692304568,
        "stop" : 1756692304639,
        "duration" : 71
      },
      "status" : "passed",
      "steps" : [ ],
      "attachments" : [ ],
      "parameters" : [ ],
      "hasContent" : false,
      "stepsCount" : 0,
      "attachmentsCount" : 0,
      "shouldDisplayMessage" : false
    }, {
      "name" : "Click \"Databases\" button.",
      "time" : {
        "start" : 1756692304639,
        "stop" : 1756692304702,
        "duration" : 63
      },
      "status" : "passed",
      "steps" : [ ],
      "attachments" : [ ],
      "parameters" : [ ],
      "hasContent" : false,
      "stepsCount" : 0,
      "attachmentsCount" : 0,
      "shouldDisplayMessage" : false
    }, {
      "name" : "Check server answer is: server is set for deleting",
      "time" : {
        "start" : 1756692306332,
        "stop" : 1756692306332,
        "duration" : 0
      },
      "status" : "passed",
      "steps" : [ ],
      "attachments" : [ ],
      "parameters" : [ ],
      "hasContent" : false,
      "stepsCount" : 0,
      "attachmentsCount" : 0,
      "shouldDisplayMessage" : false
    }, {
      "name" : "Clicked button: ‚ùå on the first database in the list.",
      "time" : {
        "start" : 1756692306337,
        "stop" : 1756692326338,
        "duration" : 20001
      },
      "status" : "passed",
      "steps" : [ ],
      "attachments" : [ ],
      "parameters" : [ ],
      "hasContent" : false,
      "stepsCount" : 0,
      "attachmentsCount" : 0,
      "shouldDisplayMessage" : false
    }, {
      "name" : "Click button Status.",
      "time" : {
        "start" : 1756692327338,
        "stop" : 1756692327403,
        "duration" : 65
      },
      "status" : "passed",
      "steps" : [ ],
      "attachments" : [ ],
      "parameters" : [ ],
      "hasContent" : false,
      "stepsCount" : 0,
      "attachmentsCount" : 0,
      "shouldDisplayMessage" : false
    }, {
      "name" : "Get status data.",
      "time" : {
        "start" : 1756692327812,
        "stop" : 1756692327812,
        "duration" : 0
      },
      "status" : "passed",
      "steps" : [ {
        "name" : "Status data is: {'Email:': 'test4@mail.com', 'is blocked?': '0', 'is db creation allowed?': '1', 'disk db quota, mb': '4', 'disk db used, mb': '9', 'db qty quota': '100', 'db qty used': '2', 'site qty quota': '5', 'site qty used': '0', 'site disk quota': '300', 'site disk usage': '0', 'is site deploy allowed?': '1', 'container qty quota': '1', 'container qty used': '1147', 'is container creation allowed': '0'}",
        "time" : {
          "start" : 1756692327812,
          "stop" : 1756692327812,
          "duration" : 0
        },
        "status" : "passed",
        "steps" : [ ],
        "attachments" : [ ],
        "parameters" : [ ],
        "hasContent" : false,
        "stepsCount" : 0,
        "attachmentsCount" : 0,
        "shouldDisplayMessage" : false
      } ],
      "attachments" : [ ],
      "parameters" : [ ],
      "hasContent" : true,
      "stepsCount" : 1,
      "attachmentsCount" : 0,
      "shouldDisplayMessage" : false
    } ],
    "attachments" : [ {
      "uid" : "3e9303167c9c360a",
      "name" : "Screenshot 2025-09-01 02:05:27.871746",
      "source" : "3e9303167c9c360a.png",
      "type" : "image/png",
      "size" : 50193
    } ],
    "parameters" : [ ],
    "hasContent" : true,
    "stepsCount" : 11,
    "attachmentsCount" : 1,
    "shouldDisplayMessage" : true
  },
  "afterStages" : [ {
    "name" : "driver::0",
    "time" : {
      "start" : 1756692327873,
      "stop" : 1756692327940,
      "duration" : 67
    },
    "status" : "passed",
    "steps" : [ ],
    "attachments" : [ ],
    "parameters" : [ ],
    "hasContent" : false,
    "stepsCount" : 0,
    "attachmentsCount" : 0,
    "shouldDisplayMessage" : false
  } ],
  "labels" : [ {
    "name" : "suite",
    "value" : "Test Profile Page."
  }, {
    "name" : "parentSuite",
    "value" : "tests_ui"
  }, {
    "name" : "subSuite",
    "value" : "TestProfilePage"
  }, {
    "name" : "host",
    "value" : "pkrvmccyg1gnepe"
  }, {
    "name" : "thread",
    "value" : "2574-MainThread"
  }, {
    "name" : "framework",
    "value" : "pytest"
  }, {
    "name" : "language",
    "value" : "cpython3"
  }, {
    "name" : "package",
    "value" : "tests_ui.test_ui"
  }, {
    "name" : "resultFormat",
    "value" : "allure2"
  } ],
  "parameters" : [ ],
  "links" : [ ],
  "hidden" : false,
  "retry" : false,
  "extra" : {
    "severity" : "normal",
    "retries" : [ ],
    "categories" : [ {
      "name" : "Product defects",
      "matchedStatuses" : [ ],
      "flaky" : false
    } ],
    "history" : {
      "statistic" : {
        "failed" : 219,
        "broken" : 49,
        "skipped" : 0,
        "passed" : 0,
        "unknown" : 0,
        "total" : 268
      },
      "items" : [ {
        "uid" : "4a7416e3d343d960",
        "reportUrl" : "https://lambotik.github.io/Oblache/488//#testresult/4a7416e3d343d960",
        "status" : "failed",
        "statusDetails" : "AssertionError: assert ('nodata' == '2'\n  - 2\n  + nodata or None == 'No database for deleting.')",
        "time" : {
          "start" : 1756605303391,
          "stop" : 1756605328545,
          "duration" : 25154
        }
      }, {
        "uid" : "e1867e86009e4076",
        "reportUrl" : "https://lambotik.github.io/Oblache/487//#testresult/e1867e86009e4076",
        "status" : "broken",
        "statusDetails" : "selenium.common.exceptions.TimeoutException: Message: Can't find element by locator ('xpath', '//button[@id=\"menu_button_status\"]')\nStacktrace:\n#0 0x563aa9c9c02a <unknown>\n#1 0x563aa973ba70 <unknown>\n#2 0x563aa978d907 <unknown>\n#3 0x563aa978db01 <unknown>\n#4 0x563aa97dbd54 <unknown>\n#5 0x563aa97b340d <unknown>\n#6 0x563aa97d914f <unknown>\n#7 0x563aa97b31b3 <unknown>\n#8 0x563aa977f59b <unknown>\n#9 0x563aa9780971 <unknown>\n#10 0x563aa9c611fb <unknown>\n#11 0x563aa9c64f49 <unknown>\n#12 0x563aa9c482d9 <unknown>\n#13 0x563aa9c65af8 <unknown>\n#14 0x563aa9c2cbbf <unknown>\n#15 0x563aa9c890b8 <unknown>\n#16 0x563aa9c89296 <unknown>\n#17 0x563aa9c9b006 <unknown>\n#18 0x7f193109caa4 <unknown>\n#19 0x7f1931129c3c <unknown>",
        "time" : {
          "start" : 1756518204004,
          "stop" : 1756518210130,
          "duration" : 6126
        }
      }, {
        "uid" : "1cdfd197cfa38a15",
        "reportUrl" : "https://lambotik.github.io/Oblache/486//#testresult/1cdfd197cfa38a15",
        "status" : "broken",
        "statusDetails" : "selenium.common.exceptions.TimeoutException: Message: Can't find elements by locator ('xpath', '//tbody[@id=\"tbody_dbs\"]/tr')",
        "time" : {
          "start" : 1756432121604,
          "stop" : 1756432129443,
          "duration" : 7839
        }
      }, {
        "uid" : "3b3542c90447542d",
        "reportUrl" : "https://lambotik.github.io/Oblache/485//#testresult/3b3542c90447542d",
        "status" : "broken",
        "statusDetails" : "selenium.common.exceptions.TimeoutException: Message: Can't find elements by locator ('xpath', '//tbody[@id=\"tbody_dbs\"]/tr')",
        "time" : {
          "start" : 1756345728783,
          "stop" : 1756345736612,
          "duration" : 7829
        }
      }, {
        "uid" : "6a4d03b21ea97c6",
        "reportUrl" : "https://lambotik.github.io/Oblache/484//#testresult/6a4d03b21ea97c6",
        "status" : "broken",
        "statusDetails" : "selenium.common.exceptions.TimeoutException: Message: Can't find elements by locator ('xpath', '//tbody[@id=\"tbody_dbs\"]/tr')",
        "time" : {
          "start" : 1756259372439,
          "stop" : 1756259380289,
          "duration" : 7850
        }
      }, {
        "uid" : "849b79a1ed6b9af0",
        "reportUrl" : "https://lambotik.github.io/Oblache/483//#testresult/849b79a1ed6b9af0",
        "status" : "broken",
        "statusDetails" : "selenium.common.exceptions.TimeoutException: Message: Can't find elements by locator ('xpath', '//tbody[@id=\"tbody_dbs\"]/tr')",
        "time" : {
          "start" : 1756173201051,
          "stop" : 1756173209142,
          "duration" : 8091
        }
      }, {
        "uid" : "a2bfe7c2bd4e1cd8",
        "reportUrl" : "https://lambotik.github.io/Oblache/482//#testresult/a2bfe7c2bd4e1cd8",
        "status" : "broken",
        "statusDetails" : "selenium.common.exceptions.TimeoutException: Message: Can't find elements by locator ('xpath', '//tbody[@id=\"tbody_dbs\"]/tr')",
        "time" : {
          "start" : 1756087019152,
          "stop" : 1756087027013,
          "duration" : 7861
        }
      }, {
        "uid" : "cbec52b451644df8",
        "reportUrl" : "https://lambotik.github.io/Oblache/481//#testresult/cbec52b451644df8",
        "status" : "broken",
        "statusDetails" : "selenium.common.exceptions.TimeoutException: Message: Can't find elements by locator ('xpath', '//tbody[@id=\"tbody_dbs\"]/tr')",
        "time" : {
          "start" : 1756000987591,
          "stop" : 1756000995709,
          "duration" : 8118
        }
      }, {
        "uid" : "ae523e5a10f08b88",
        "reportUrl" : "https://lambotik.github.io/Oblache/480//#testresult/ae523e5a10f08b88",
        "status" : "broken",
        "statusDetails" : "selenium.common.exceptions.TimeoutException: Message: Can't find elements by locator ('xpath', '//tbody[@id=\"tbody_dbs\"]/tr')",
        "time" : {
          "start" : 1755913681371,
          "stop" : 1755913689197,
          "duration" : 7826
        }
      }, {
        "uid" : "c975117ca622a0ff",
        "reportUrl" : "https://lambotik.github.io/Oblache/479//#testresult/c975117ca622a0ff",
        "status" : "broken",
        "statusDetails" : "selenium.common.exceptions.TimeoutException: Message: Can't find elements by locator ('xpath', '//tbody[@id=\"tbody_dbs\"]/tr')",
        "time" : {
          "start" : 1755827533744,
          "stop" : 1755827541554,
          "duration" : 7810
        }
      }, {
        "uid" : "809f19dba3b44752",
        "reportUrl" : "https://lambotik.github.io/Oblache/478//#testresult/809f19dba3b44752",
        "status" : "broken",
        "statusDetails" : "selenium.common.exceptions.TimeoutException: Message: Can't find element by locator ('xpath', '//button[@id=\"menu_button_status\"]')\nStacktrace:\n#0 0x563e9026a01a <unknown>\n#1 0x563e8fd09a70 <unknown>\n#2 0x563e8fd5b907 <unknown>\n#3 0x563e8fd5bb01 <unknown>\n#4 0x563e8fda9d54 <unknown>\n#5 0x563e8fd8140d <unknown>\n#6 0x563e8fda714f <unknown>\n#7 0x563e8fd811b3 <unknown>\n#8 0x563e8fd4d59b <unknown>\n#9 0x563e8fd4e971 <unknown>\n#10 0x563e9022f1eb <unknown>\n#11 0x563e90232f39 <unknown>\n#12 0x563e902162c9 <unknown>\n#13 0x563e90233ae8 <unknown>\n#14 0x563e901fabaf <unknown>\n#15 0x563e902570a8 <unknown>\n#16 0x563e90257286 <unknown>\n#17 0x563e90268ff6 <unknown>\n#18 0x7f0d6ee9caa4 <unknown>\n#19 0x7f0d6ef29c3c <unknown>",
        "time" : {
          "start" : 1755741076621,
          "stop" : 1755741082752,
          "duration" : 6131
        }
      }, {
        "uid" : "a6afd61e82cba6a7",
        "reportUrl" : "https://lambotik.github.io/Oblache/477//#testresult/a6afd61e82cba6a7",
        "status" : "broken",
        "statusDetails" : "selenium.common.exceptions.TimeoutException: Message: Can't find elements by locator ('xpath', '//tbody[@id=\"tbody_dbs\"]/tr')",
        "time" : {
          "start" : 1755654758070,
          "stop" : 1755654765909,
          "duration" : 7839
        }
      }, {
        "uid" : "e653ba0d9919961",
        "reportUrl" : "https://lambotik.github.io/Oblache/476//#testresult/e653ba0d9919961",
        "status" : "broken",
        "statusDetails" : "selenium.common.exceptions.TimeoutException: Message: Can't find elements by locator ('xpath', '//tbody[@id=\"tbody_dbs\"]/tr')",
        "time" : {
          "start" : 1755568476512,
          "stop" : 1755568484338,
          "duration" : 7826
        }
      }, {
        "uid" : "c10594b91f190b15",
        "reportUrl" : "https://lambotik.github.io/Oblache/475//#testresult/c10594b91f190b15",
        "status" : "broken",
        "statusDetails" : "selenium.common.exceptions.TimeoutException: Message: Can't find elements by locator ('xpath', '//tbody[@id=\"tbody_dbs\"]/tr')",
        "time" : {
          "start" : 1755482840400,
          "stop" : 1755482848244,
          "duration" : 7844
        }
      }, {
        "uid" : "a93bfac50b70d81",
        "reportUrl" : "https://lambotik.github.io/Oblache/474//#testresult/a93bfac50b70d81",
        "status" : "failed",
        "statusDetails" : "AssertionError: Wrong answer from server or need manual deleting!!!",
        "time" : {
          "start" : 1755396517070,
          "stop" : 1755396521002,
          "duration" : 3932
        }
      }, {
        "uid" : "44d67fda995e6d31",
        "reportUrl" : "https://lambotik.github.io/Oblache/473//#testresult/44d67fda995e6d31",
        "status" : "failed",
        "statusDetails" : "AssertionError: Wrong answer from server or need manual deleting!!!",
        "time" : {
          "start" : 1755309449942,
          "stop" : 1755309453714,
          "duration" : 3772
        }
      }, {
        "uid" : "50995824e9b0389f",
        "reportUrl" : "https://lambotik.github.io/Oblache/472//#testresult/50995824e9b0389f",
        "status" : "broken",
        "statusDetails" : "selenium.common.exceptions.TimeoutException: Message: Can't find element by locator ('xpath', '//button[@id=\"menu_button_status\"]')\nStacktrace:\n#0 0x55f8fff0a05a <unknown>\n#1 0x55f8ff9a9a70 <unknown>\n#2 0x55f8ff9fb907 <unknown>\n#3 0x55f8ff9fbb01 <unknown>\n#4 0x55f8ffa49d54 <unknown>\n#5 0x55f8ffa2140d <unknown>\n#6 0x55f8ffa4714f <unknown>\n#7 0x55f8ffa211b3 <unknown>\n#8 0x55f8ff9ed59b <unknown>\n#9 0x55f8ff9ee971 <unknown>\n#10 0x55f8ffecf22b <unknown>\n#11 0x55f8ffed2f79 <unknown>\n#12 0x55f8ffeb6309 <unknown>\n#13 0x55f8ffed3b28 <unknown>\n#14 0x55f8ffe9abef <unknown>\n#15 0x55f8ffef70e8 <unknown>\n#16 0x55f8ffef72c6 <unknown>\n#17 0x55f8fff09036 <unknown>\n#18 0x7fd3c4c9caa4 <unknown>\n#19 0x7fd3c4d29c3c <unknown>",
        "time" : {
          "start" : 1755223247300,
          "stop" : 1755223253431,
          "duration" : 6131
        }
      }, {
        "uid" : "7d1e040dfe08be36",
        "reportUrl" : "https://lambotik.github.io/Oblache/471//#testresult/7d1e040dfe08be36",
        "status" : "failed",
        "statusDetails" : "AssertionError: Wrong answer from server or need manual deleting!!!",
        "time" : {
          "start" : 1755136954329,
          "stop" : 1755136957816,
          "duration" : 3487
        }
      }, {
        "uid" : "11974b5ec5c0f7d",
        "reportUrl" : "https://lambotik.github.io/Oblache/470//#testresult/11974b5ec5c0f7d",
        "status" : "failed",
        "statusDetails" : "AssertionError: Wrong answer from server or need manual deleting!!!",
        "time" : {
          "start" : 1755050491984,
          "stop" : 1755050495417,
          "duration" : 3433
        }
      }, {
        "uid" : "1e64eef6aad2915f",
        "reportUrl" : "https://lambotik.github.io/Oblache/469//#testresult/1e64eef6aad2915f",
        "status" : "failed",
        "statusDetails" : "AssertionError: Wrong answer from server or need manual deleting!!!",
        "time" : {
          "start" : 1754963966098,
          "stop" : 1754963969537,
          "duration" : 3439
        }
      } ]
    },
    "tags" : [ ]
  },
  "source" : "f58d3e386e9c1a04.json",
  "parameterValues" : [ ]
}