{
  "uid" : "10471df6f4d2c9d6",
  "name" : "POST db_create_with_wrong_db_version.",
  "fullName" : "tests_api.test_bd.TestPOST#test_post_db_create_with_wrong_values_db_version",
  "historyId" : "bda6ac446aec42c036b6b747abee39c3",
  "time" : {
    "start" : 1727226127110,
    "stop" : 1727226127412,
    "duration" : 302
  },
  "status" : "failed",
  "statusMessage" : "AssertionError: Incorrect status code: 403",
  "statusTrace" : "self = <tests_api.test_bd.TestPOST object at 0x7f62cbb1d940>\n\n    @allure.title('POST db_create_with_wrong_db_version.')\n    def test_post_db_create_with_wrong_values_db_version(self):\n        response_db_list = API.post_db_create_wrong_value_db_version(token=TestPOST.token)\n>       Checking.check_status_code(response_db_list, 400)\n\ntests_api/test_bd.py:270: \n_ _ _ _ _ _ _ _ _ _ _ _ _ _ _ _ _ _ _ _ _ _ _ _ _ _ _ _ _ _ _ _ _ _ _ _ _ _ _ _ \n\nresult = <Response [403]>, status_code = 400\n\n    @staticmethod\n    def check_status_code(result: requests.models.Response, status_code: int):\n        \"\"\"\n        Method check status code\n        :param result: Response\n        :param status_code:\n        \"\"\"\n        with allure.step(f'Assert status code: {status_code} == Response status code: {result.status_code}'):\n>           assert status_code == result.status_code, f'Incorrect status code: {result.status_code}'\nE           AssertionError: Incorrect status code: 403\n\ntests_api/utils/checking.py:16: AssertionError",
  "flaky" : false,
  "newFailed" : false,
  "beforeStages" : [ ],
  "testStage" : {
    "status" : "failed",
    "statusMessage" : "AssertionError: Incorrect status code: 403",
    "statusTrace" : "self = <tests_api.test_bd.TestPOST object at 0x7f62cbb1d940>\n\n    @allure.title('POST db_create_with_wrong_db_version.')\n    def test_post_db_create_with_wrong_values_db_version(self):\n        response_db_list = API.post_db_create_wrong_value_db_version(token=TestPOST.token)\n>       Checking.check_status_code(response_db_list, 400)\n\ntests_api/test_bd.py:270: \n_ _ _ _ _ _ _ _ _ _ _ _ _ _ _ _ _ _ _ _ _ _ _ _ _ _ _ _ _ _ _ _ _ _ _ _ _ _ _ _ \n\nresult = <Response [403]>, status_code = 400\n\n    @staticmethod\n    def check_status_code(result: requests.models.Response, status_code: int):\n        \"\"\"\n        Method check status code\n        :param result: Response\n        :param status_code:\n        \"\"\"\n        with allure.step(f'Assert status code: {status_code} == Response status code: {result.status_code}'):\n>           assert status_code == result.status_code, f'Incorrect status code: {result.status_code}'\nE           AssertionError: Incorrect status code: 403\n\ntests_api/utils/checking.py:16: AssertionError",
    "steps" : [ {
      "name" : "post_db_create_wrong_value_db_version",
      "time" : {
        "start" : 1727226127110,
        "stop" : 1727226127411,
        "duration" : 301
      },
      "status" : "passed",
      "steps" : [ {
        "name" : "Endpoint: /db_create",
        "time" : {
          "start" : 1727226127411,
          "stop" : 1727226127411,
          "duration" : 0
        },
        "status" : "passed",
        "steps" : [ ],
        "attachments" : [ ],
        "parameters" : [ ],
        "stepsCount" : 0,
        "attachmentsCount" : 0,
        "shouldDisplayMessage" : false,
        "hasContent" : false
      }, {
        "name" : "Request:",
        "time" : {
          "start" : 1727226127411,
          "stop" : 1727226127411,
          "duration" : 0
        },
        "status" : "passed",
        "steps" : [ {
          "name" : "Url: https://dbend.areso.pro/db_create",
          "time" : {
            "start" : 1727226127411,
            "stop" : 1727226127411,
            "duration" : 0
          },
          "status" : "passed",
          "steps" : [ ],
          "attachments" : [ ],
          "parameters" : [ ],
          "stepsCount" : 0,
          "attachmentsCount" : 0,
          "shouldDisplayMessage" : false,
          "hasContent" : false
        }, {
          "name" : "Headers: {'Content-Type': 'application/json', 'Authorization': '1e72ec1c-4c40-492a-8dea-514556dfae20'}",
          "time" : {
            "start" : 1727226127411,
            "stop" : 1727226127411,
            "duration" : 0
          },
          "status" : "passed",
          "steps" : [ ],
          "attachments" : [ ],
          "parameters" : [ ],
          "stepsCount" : 0,
          "attachmentsCount" : 0,
          "shouldDisplayMessage" : false,
          "hasContent" : false
        }, {
          "name" : "Body: {\"dbtype\": 3, \"dbversion\": 55, \"env\": 3, \"region\": 3}",
          "time" : {
            "start" : 1727226127411,
            "stop" : 1727226127411,
            "duration" : 0
          },
          "status" : "passed",
          "steps" : [ ],
          "attachments" : [ ],
          "parameters" : [ ],
          "stepsCount" : 0,
          "attachmentsCount" : 0,
          "shouldDisplayMessage" : false,
          "hasContent" : false
        } ],
        "attachments" : [ ],
        "parameters" : [ ],
        "stepsCount" : 3,
        "attachmentsCount" : 0,
        "shouldDisplayMessage" : false,
        "hasContent" : true
      }, {
        "name" : "Response:",
        "time" : {
          "start" : 1727226127411,
          "stop" : 1727226127411,
          "duration" : 0
        },
        "status" : "passed",
        "steps" : [ {
          "name" : "Status code: 403",
          "time" : {
            "start" : 1727226127411,
            "stop" : 1727226127411,
            "duration" : 0
          },
          "status" : "passed",
          "steps" : [ ],
          "attachments" : [ ],
          "parameters" : [ ],
          "stepsCount" : 0,
          "attachmentsCount" : 0,
          "shouldDisplayMessage" : false,
          "hasContent" : false
        }, {
          "name" : "JSON: {\n    \"content\": \"you are not allowed to create new databases\"\n}\n",
          "time" : {
            "start" : 1727226127411,
            "stop" : 1727226127411,
            "duration" : 0
          },
          "status" : "passed",
          "steps" : [ ],
          "attachments" : [ ],
          "parameters" : [ ],
          "stepsCount" : 0,
          "attachmentsCount" : 0,
          "shouldDisplayMessage" : false,
          "hasContent" : false
        } ],
        "attachments" : [ ],
        "parameters" : [ ],
        "stepsCount" : 2,
        "attachmentsCount" : 0,
        "shouldDisplayMessage" : false,
        "hasContent" : true
      } ],
      "attachments" : [ ],
      "parameters" : [ ],
      "stepsCount" : 8,
      "attachmentsCount" : 0,
      "shouldDisplayMessage" : false,
      "hasContent" : true
    }, {
      "name" : "Assert status code: 400 == Response status code: 403",
      "time" : {
        "start" : 1727226127411,
        "stop" : 1727226127411,
        "duration" : 0
      },
      "status" : "failed",
      "statusMessage" : "AssertionError: Incorrect status code: 403\n",
      "statusTrace" : "  File \"/home/runner/work/Oblache/Oblache/tests_api/utils/checking.py\", line 16, in check_status_code\n    assert status_code == result.status_code, f'Incorrect status code: {result.status_code}'\n           ^^^^^^^^^^^^^^^^^^^^^^^^^^^^^^^^^\n",
      "steps" : [ ],
      "attachments" : [ ],
      "parameters" : [ ],
      "stepsCount" : 0,
      "attachmentsCount" : 0,
      "shouldDisplayMessage" : true,
      "hasContent" : true
    } ],
    "attachments" : [ ],
    "parameters" : [ ],
    "stepsCount" : 10,
    "attachmentsCount" : 0,
    "shouldDisplayMessage" : true,
    "hasContent" : true
  },
  "afterStages" : [ ],
  "labels" : [ {
    "name" : "suite",
    "value" : "POST"
  }, {
    "name" : "parentSuite",
    "value" : "tests_api"
  }, {
    "name" : "subSuite",
    "value" : "TestPOST"
  }, {
    "name" : "host",
    "value" : "fv-az740-959"
  }, {
    "name" : "thread",
    "value" : "2361-MainThread"
  }, {
    "name" : "framework",
    "value" : "pytest"
  }, {
    "name" : "language",
    "value" : "cpython3"
  }, {
    "name" : "package",
    "value" : "tests_api.test_bd"
  }, {
    "name" : "resultFormat",
    "value" : "allure2"
  } ],
  "parameters" : [ ],
  "links" : [ ],
  "hidden" : false,
  "retry" : false,
  "extra" : {
    "severity" : "normal",
    "retries" : [ ],
    "categories" : [ {
      "name" : "Product defects",
      "matchedStatuses" : [ ],
      "flaky" : false
    } ],
    "history" : {
      "statistic" : {
        "failed" : 6,
        "broken" : 0,
        "skipped" : 0,
        "passed" : 0,
        "unknown" : 0,
        "total" : 6
      },
      "items" : [ {
        "uid" : "ec0bd82950334d89",
        "reportUrl" : "https://lambotik.github.io/Oblache/170//#testresult/ec0bd82950334d89",
        "status" : "failed",
        "statusDetails" : "AssertionError: Incorrect status code: 403",
        "time" : {
          "start" : 1727139687843,
          "stop" : 1727139688312,
          "duration" : 469
        }
      }, {
        "uid" : "4d06c1e61090d05e",
        "reportUrl" : "https://lambotik.github.io/Oblache/169//#testresult/4d06c1e61090d05e",
        "status" : "failed",
        "statusDetails" : "AssertionError: Incorrect status code: 403",
        "time" : {
          "start" : 1727053282161,
          "stop" : 1727053282474,
          "duration" : 313
        }
      }, {
        "uid" : "9dcc1481c990bc5e",
        "reportUrl" : "https://lambotik.github.io/Oblache/168//#testresult/9dcc1481c990bc5e",
        "status" : "failed",
        "statusDetails" : "AssertionError: Incorrect status code: 403",
        "time" : {
          "start" : 1726967115822,
          "stop" : 1726967116189,
          "duration" : 367
        }
      }, {
        "uid" : "fa10f7367db03a33",
        "reportUrl" : "https://lambotik.github.io/Oblache/167//#testresult/fa10f7367db03a33",
        "status" : "failed",
        "statusDetails" : "AssertionError: Incorrect status code: 403",
        "time" : {
          "start" : 1726880329217,
          "stop" : 1726880329589,
          "duration" : 372
        }
      }, {
        "uid" : "82cedccad8fcd988",
        "reportUrl" : "https://lambotik.github.io/Oblache/166//#testresult/82cedccad8fcd988",
        "status" : "failed",
        "statusDetails" : "AssertionError: Incorrect status code: 403",
        "time" : {
          "start" : 1726793984666,
          "stop" : 1726793985164,
          "duration" : 498
        }
      } ]
    },
    "tags" : [ ]
  },
  "source" : "10471df6f4d2c9d6.json",
  "parameterValues" : [ ]
}