{
  "uid" : "a5581903cac2267e",
  "name" : "POST db_create_with_wrong_env.",
  "fullName" : "tests_api.test_bd.TestPOST#test_post_db_create_with_wrong_values_env",
  "historyId" : "7ce8359f9c0963d82ed82d33290818c9",
  "time" : {
    "start" : 1727226127427,
    "stop" : 1727226127726,
    "duration" : 299
  },
  "status" : "failed",
  "statusMessage" : "AssertionError: Incorrect status code: 403",
  "statusTrace" : "self = <tests_api.test_bd.TestPOST object at 0x7f62cbb1da60>\n\n    @allure.title('POST db_create_with_wrong_env.')\n    def test_post_db_create_with_wrong_values_env(self):\n        response_db_list = API.post_db_create_wrong_value_env(token=TestPOST.token)\n>       Checking.check_status_code(response_db_list, 400)\n\ntests_api/test_bd.py:278: \n_ _ _ _ _ _ _ _ _ _ _ _ _ _ _ _ _ _ _ _ _ _ _ _ _ _ _ _ _ _ _ _ _ _ _ _ _ _ _ _ \n\nresult = <Response [403]>, status_code = 400\n\n    @staticmethod\n    def check_status_code(result: requests.models.Response, status_code: int):\n        \"\"\"\n        Method check status code\n        :param result: Response\n        :param status_code:\n        \"\"\"\n        with allure.step(f'Assert status code: {status_code} == Response status code: {result.status_code}'):\n>           assert status_code == result.status_code, f'Incorrect status code: {result.status_code}'\nE           AssertionError: Incorrect status code: 403\n\ntests_api/utils/checking.py:16: AssertionError",
  "flaky" : false,
  "newFailed" : false,
  "beforeStages" : [ ],
  "testStage" : {
    "status" : "failed",
    "statusMessage" : "AssertionError: Incorrect status code: 403",
    "statusTrace" : "self = <tests_api.test_bd.TestPOST object at 0x7f62cbb1da60>\n\n    @allure.title('POST db_create_with_wrong_env.')\n    def test_post_db_create_with_wrong_values_env(self):\n        response_db_list = API.post_db_create_wrong_value_env(token=TestPOST.token)\n>       Checking.check_status_code(response_db_list, 400)\n\ntests_api/test_bd.py:278: \n_ _ _ _ _ _ _ _ _ _ _ _ _ _ _ _ _ _ _ _ _ _ _ _ _ _ _ _ _ _ _ _ _ _ _ _ _ _ _ _ \n\nresult = <Response [403]>, status_code = 400\n\n    @staticmethod\n    def check_status_code(result: requests.models.Response, status_code: int):\n        \"\"\"\n        Method check status code\n        :param result: Response\n        :param status_code:\n        \"\"\"\n        with allure.step(f'Assert status code: {status_code} == Response status code: {result.status_code}'):\n>           assert status_code == result.status_code, f'Incorrect status code: {result.status_code}'\nE           AssertionError: Incorrect status code: 403\n\ntests_api/utils/checking.py:16: AssertionError",
    "steps" : [ {
      "name" : "post_db_create_wrong_value_env",
      "time" : {
        "start" : 1727226127427,
        "stop" : 1727226127726,
        "duration" : 299
      },
      "status" : "passed",
      "steps" : [ {
        "name" : "Endpoint: /db_create",
        "time" : {
          "start" : 1727226127725,
          "stop" : 1727226127725,
          "duration" : 0
        },
        "status" : "passed",
        "steps" : [ ],
        "attachments" : [ ],
        "parameters" : [ ],
        "stepsCount" : 0,
        "attachmentsCount" : 0,
        "shouldDisplayMessage" : false,
        "hasContent" : false
      }, {
        "name" : "Request:",
        "time" : {
          "start" : 1727226127725,
          "stop" : 1727226127726,
          "duration" : 1
        },
        "status" : "passed",
        "steps" : [ {
          "name" : "Url: https://dbend.areso.pro/db_create",
          "time" : {
            "start" : 1727226127725,
            "stop" : 1727226127725,
            "duration" : 0
          },
          "status" : "passed",
          "steps" : [ ],
          "attachments" : [ ],
          "parameters" : [ ],
          "stepsCount" : 0,
          "attachmentsCount" : 0,
          "shouldDisplayMessage" : false,
          "hasContent" : false
        }, {
          "name" : "Headers: {'Content-Type': 'application/json', 'Authorization': '1e72ec1c-4c40-492a-8dea-514556dfae20'}",
          "time" : {
            "start" : 1727226127726,
            "stop" : 1727226127726,
            "duration" : 0
          },
          "status" : "passed",
          "steps" : [ ],
          "attachments" : [ ],
          "parameters" : [ ],
          "stepsCount" : 0,
          "attachmentsCount" : 0,
          "shouldDisplayMessage" : false,
          "hasContent" : false
        }, {
          "name" : "Body: {\"dbtype\": 3, \"dbversion\": 5, \"env\": 58, \"region\": 3}",
          "time" : {
            "start" : 1727226127726,
            "stop" : 1727226127726,
            "duration" : 0
          },
          "status" : "passed",
          "steps" : [ ],
          "attachments" : [ ],
          "parameters" : [ ],
          "stepsCount" : 0,
          "attachmentsCount" : 0,
          "shouldDisplayMessage" : false,
          "hasContent" : false
        } ],
        "attachments" : [ ],
        "parameters" : [ ],
        "stepsCount" : 3,
        "attachmentsCount" : 0,
        "shouldDisplayMessage" : false,
        "hasContent" : true
      }, {
        "name" : "Response:",
        "time" : {
          "start" : 1727226127726,
          "stop" : 1727226127726,
          "duration" : 0
        },
        "status" : "passed",
        "steps" : [ {
          "name" : "Status code: 403",
          "time" : {
            "start" : 1727226127726,
            "stop" : 1727226127726,
            "duration" : 0
          },
          "status" : "passed",
          "steps" : [ ],
          "attachments" : [ ],
          "parameters" : [ ],
          "stepsCount" : 0,
          "attachmentsCount" : 0,
          "shouldDisplayMessage" : false,
          "hasContent" : false
        }, {
          "name" : "JSON: {\n    \"content\": \"you are not allowed to create new databases\"\n}\n",
          "time" : {
            "start" : 1727226127726,
            "stop" : 1727226127726,
            "duration" : 0
          },
          "status" : "passed",
          "steps" : [ ],
          "attachments" : [ ],
          "parameters" : [ ],
          "stepsCount" : 0,
          "attachmentsCount" : 0,
          "shouldDisplayMessage" : false,
          "hasContent" : false
        } ],
        "attachments" : [ ],
        "parameters" : [ ],
        "stepsCount" : 2,
        "attachmentsCount" : 0,
        "shouldDisplayMessage" : false,
        "hasContent" : true
      } ],
      "attachments" : [ ],
      "parameters" : [ ],
      "stepsCount" : 8,
      "attachmentsCount" : 0,
      "shouldDisplayMessage" : false,
      "hasContent" : true
    }, {
      "name" : "Assert status code: 400 == Response status code: 403",
      "time" : {
        "start" : 1727226127726,
        "stop" : 1727226127726,
        "duration" : 0
      },
      "status" : "failed",
      "statusMessage" : "AssertionError: Incorrect status code: 403\n",
      "statusTrace" : "  File \"/home/runner/work/Oblache/Oblache/tests_api/utils/checking.py\", line 16, in check_status_code\n    assert status_code == result.status_code, f'Incorrect status code: {result.status_code}'\n           ^^^^^^^^^^^^^^^^^^^^^^^^^^^^^^^^^\n",
      "steps" : [ ],
      "attachments" : [ ],
      "parameters" : [ ],
      "stepsCount" : 0,
      "attachmentsCount" : 0,
      "shouldDisplayMessage" : true,
      "hasContent" : true
    } ],
    "attachments" : [ ],
    "parameters" : [ ],
    "stepsCount" : 10,
    "attachmentsCount" : 0,
    "shouldDisplayMessage" : true,
    "hasContent" : true
  },
  "afterStages" : [ ],
  "labels" : [ {
    "name" : "suite",
    "value" : "POST"
  }, {
    "name" : "parentSuite",
    "value" : "tests_api"
  }, {
    "name" : "subSuite",
    "value" : "TestPOST"
  }, {
    "name" : "host",
    "value" : "fv-az740-959"
  }, {
    "name" : "thread",
    "value" : "2361-MainThread"
  }, {
    "name" : "framework",
    "value" : "pytest"
  }, {
    "name" : "language",
    "value" : "cpython3"
  }, {
    "name" : "package",
    "value" : "tests_api.test_bd"
  }, {
    "name" : "resultFormat",
    "value" : "allure2"
  } ],
  "parameters" : [ ],
  "links" : [ ],
  "hidden" : false,
  "retry" : false,
  "extra" : {
    "severity" : "normal",
    "retries" : [ ],
    "categories" : [ {
      "name" : "Product defects",
      "matchedStatuses" : [ ],
      "flaky" : false
    } ],
    "history" : {
      "statistic" : {
        "failed" : 6,
        "broken" : 0,
        "skipped" : 0,
        "passed" : 0,
        "unknown" : 0,
        "total" : 6
      },
      "items" : [ {
        "uid" : "81189bcf7eb72c07",
        "reportUrl" : "https://lambotik.github.io/Oblache/170//#testresult/81189bcf7eb72c07",
        "status" : "failed",
        "statusDetails" : "AssertionError: Incorrect status code: 403",
        "time" : {
          "start" : 1727139688325,
          "stop" : 1727139688692,
          "duration" : 367
        }
      }, {
        "uid" : "9197b715ab2a1c45",
        "reportUrl" : "https://lambotik.github.io/Oblache/169//#testresult/9197b715ab2a1c45",
        "status" : "failed",
        "statusDetails" : "AssertionError: Incorrect status code: 403",
        "time" : {
          "start" : 1727053282486,
          "stop" : 1727053282810,
          "duration" : 324
        }
      }, {
        "uid" : "fc2ed1038745cd85",
        "reportUrl" : "https://lambotik.github.io/Oblache/168//#testresult/fc2ed1038745cd85",
        "status" : "failed",
        "statusDetails" : "AssertionError: Incorrect status code: 403",
        "time" : {
          "start" : 1726967116201,
          "stop" : 1726967116556,
          "duration" : 355
        }
      }, {
        "uid" : "ca22a02ae27f213a",
        "reportUrl" : "https://lambotik.github.io/Oblache/167//#testresult/ca22a02ae27f213a",
        "status" : "failed",
        "statusDetails" : "AssertionError: Incorrect status code: 403",
        "time" : {
          "start" : 1726880329602,
          "stop" : 1726880329958,
          "duration" : 356
        }
      }, {
        "uid" : "f10fa7f3870539ed",
        "reportUrl" : "https://lambotik.github.io/Oblache/166//#testresult/f10fa7f3870539ed",
        "status" : "failed",
        "statusDetails" : "AssertionError: Incorrect status code: 403",
        "time" : {
          "start" : 1726793985177,
          "stop" : 1726793985689,
          "duration" : 512
        }
      } ]
    },
    "tags" : [ ]
  },
  "source" : "a5581903cac2267e.json",
  "parameterValues" : [ ]
}