{
  "uid" : "34d3d059b2dba42e",
  "name" : "test order db create backup with wrong uuid",
  "fullName" : "tests_api.test_bd.TestBackup#test_order_db_create_backup_with_wrong_uuid",
  "historyId" : "bc5ef28400accd6488b5c9ca6e9589b9",
  "time" : {
    "start" : 1756863789100,
    "stop" : 1756863789480,
    "duration" : 380
  },
  "status" : "failed",
  "statusMessage" : "AssertionError: Incorrect status code: 500",
  "statusTrace" : "self = <tests_api.test_bd.TestBackup object at 0x7f85f887d310>\nget_token_backup_1 = ('687a3a0f-d895-44a6-9f62-718eb4552770', {'email': 'testbackup1@gmail.com', 'password': 'ZuOhK0WqZ3CJ8RPaf4dj'}, '066dc8a6-240f-701b-8000-a17ea063eafa')\n\n    @allure.title('test order db create backup with wrong uuid')\n    def test_order_db_create_backup_with_wrong_uuid(self, get_token_backup_1):\n        token, body, uuid = get_token_backup_1\n        response = API.post_db_backup_create(token=token, db_uuid='wrong uuid')\n>       Checking.check_status_code(response, 400)\n\ntests_api/test_bd.py:465: \n_ _ _ _ _ _ _ _ _ _ _ _ _ _ _ _ _ _ _ _ _ _ _ _ _ _ _ _ _ _ _ _ _ _ _ _ _ _ _ _ \n\nresult = <Response [500]>, status_code = 400\n\n    @staticmethod\n    def check_status_code(result: requests.models.Response, status_code: int):\n        \"\"\"\n        Method check status code\n        :param result: Response\n        :param status_code:\n        \"\"\"\n        with allure.step(f'Assert status code: {status_code} == Response status code: {result.status_code}'):\n>           assert status_code == result.status_code, f'Incorrect status code: {result.status_code}'\nE           AssertionError: Incorrect status code: 500\n\ntests_api/utils/checking.py:16: AssertionError",
  "flaky" : false,
  "newFailed" : false,
  "beforeStages" : [ {
    "name" : "get_token_backup_1",
    "time" : {
      "start" : 1756863788719,
      "stop" : 1756863789100,
      "duration" : 381
    },
    "status" : "passed",
    "steps" : [ {
      "name" : "Assert status code: 200 == Response status code: 200",
      "time" : {
        "start" : 1756863789099,
        "stop" : 1756863789099,
        "duration" : 0
      },
      "status" : "passed",
      "steps" : [ ],
      "attachments" : [ ],
      "parameters" : [ ],
      "stepsCount" : 0,
      "attachmentsCount" : 0,
      "shouldDisplayMessage" : false,
      "hasContent" : false
    } ],
    "attachments" : [ ],
    "parameters" : [ ],
    "stepsCount" : 1,
    "attachmentsCount" : 0,
    "shouldDisplayMessage" : false,
    "hasContent" : true
  } ],
  "testStage" : {
    "status" : "failed",
    "statusMessage" : "AssertionError: Incorrect status code: 500",
    "statusTrace" : "self = <tests_api.test_bd.TestBackup object at 0x7f85f887d310>\nget_token_backup_1 = ('687a3a0f-d895-44a6-9f62-718eb4552770', {'email': 'testbackup1@gmail.com', 'password': 'ZuOhK0WqZ3CJ8RPaf4dj'}, '066dc8a6-240f-701b-8000-a17ea063eafa')\n\n    @allure.title('test order db create backup with wrong uuid')\n    def test_order_db_create_backup_with_wrong_uuid(self, get_token_backup_1):\n        token, body, uuid = get_token_backup_1\n        response = API.post_db_backup_create(token=token, db_uuid='wrong uuid')\n>       Checking.check_status_code(response, 400)\n\ntests_api/test_bd.py:465: \n_ _ _ _ _ _ _ _ _ _ _ _ _ _ _ _ _ _ _ _ _ _ _ _ _ _ _ _ _ _ _ _ _ _ _ _ _ _ _ _ \n\nresult = <Response [500]>, status_code = 400\n\n    @staticmethod\n    def check_status_code(result: requests.models.Response, status_code: int):\n        \"\"\"\n        Method check status code\n        :param result: Response\n        :param status_code:\n        \"\"\"\n        with allure.step(f'Assert status code: {status_code} == Response status code: {result.status_code}'):\n>           assert status_code == result.status_code, f'Incorrect status code: {result.status_code}'\nE           AssertionError: Incorrect status code: 500\n\ntests_api/utils/checking.py:16: AssertionError",
    "steps" : [ {
      "name" : "Endpoint: /db_backup_create",
      "time" : {
        "start" : 1756863789479,
        "stop" : 1756863789479,
        "duration" : 0
      },
      "status" : "passed",
      "steps" : [ ],
      "attachments" : [ ],
      "parameters" : [ ],
      "stepsCount" : 0,
      "attachmentsCount" : 0,
      "shouldDisplayMessage" : false,
      "hasContent" : false
    }, {
      "name" : "Request:",
      "time" : {
        "start" : 1756863789479,
        "stop" : 1756863789480,
        "duration" : 1
      },
      "status" : "passed",
      "steps" : [ {
        "name" : "Headers: {'Content-Type': 'application/json', 'Authorization': {'687a3a0f-d895-44a6-9f62-718eb4552770'}}",
        "time" : {
          "start" : 1756863789479,
          "stop" : 1756863789479,
          "duration" : 0
        },
        "status" : "passed",
        "steps" : [ ],
        "attachments" : [ ],
        "parameters" : [ ],
        "stepsCount" : 0,
        "attachmentsCount" : 0,
        "shouldDisplayMessage" : false,
        "hasContent" : false
      } ],
      "attachments" : [ ],
      "parameters" : [ ],
      "stepsCount" : 1,
      "attachmentsCount" : 0,
      "shouldDisplayMessage" : false,
      "hasContent" : true
    }, {
      "name" : "Response:",
      "time" : {
        "start" : 1756863789480,
        "stop" : 1756863789480,
        "duration" : 0
      },
      "status" : "passed",
      "steps" : [ {
        "name" : "Status code: 500",
        "time" : {
          "start" : 1756863789480,
          "stop" : 1756863789480,
          "duration" : 0
        },
        "status" : "passed",
        "steps" : [ ],
        "attachments" : [ ],
        "parameters" : [ ],
        "stepsCount" : 0,
        "attachmentsCount" : 0,
        "shouldDisplayMessage" : false,
        "hasContent" : false
      }, {
        "name" : "JSON: Some general exception",
        "time" : {
          "start" : 1756863789480,
          "stop" : 1756863789480,
          "duration" : 0
        },
        "status" : "passed",
        "steps" : [ ],
        "attachments" : [ ],
        "parameters" : [ ],
        "stepsCount" : 0,
        "attachmentsCount" : 0,
        "shouldDisplayMessage" : false,
        "hasContent" : false
      } ],
      "attachments" : [ ],
      "parameters" : [ ],
      "stepsCount" : 2,
      "attachmentsCount" : 0,
      "shouldDisplayMessage" : false,
      "hasContent" : true
    }, {
      "name" : "Assert status code: 400 == Response status code: 500",
      "time" : {
        "start" : 1756863789480,
        "stop" : 1756863789480,
        "duration" : 0
      },
      "status" : "failed",
      "statusMessage" : "AssertionError: Incorrect status code: 500\n",
      "statusTrace" : "  File \"/home/runner/work/Oblache/Oblache/tests_api/utils/checking.py\", line 16, in check_status_code\n    assert status_code == result.status_code, f'Incorrect status code: {result.status_code}'\n           ^^^^^^^^^^^^^^^^^^^^^^^^^^^^^^^^^\n",
      "steps" : [ ],
      "attachments" : [ ],
      "parameters" : [ ],
      "stepsCount" : 0,
      "attachmentsCount" : 0,
      "shouldDisplayMessage" : true,
      "hasContent" : true
    } ],
    "attachments" : [ ],
    "parameters" : [ ],
    "stepsCount" : 7,
    "attachmentsCount" : 0,
    "shouldDisplayMessage" : true,
    "hasContent" : true
  },
  "afterStages" : [ ],
  "labels" : [ {
    "name" : "suite",
    "value" : "Test Backup"
  }, {
    "name" : "parentSuite",
    "value" : "tests_api"
  }, {
    "name" : "subSuite",
    "value" : "TestBackup"
  }, {
    "name" : "host",
    "value" : "pkrvm7jw40e0xgp"
  }, {
    "name" : "thread",
    "value" : "2629-MainThread"
  }, {
    "name" : "framework",
    "value" : "pytest"
  }, {
    "name" : "language",
    "value" : "cpython3"
  }, {
    "name" : "package",
    "value" : "tests_api.test_bd"
  }, {
    "name" : "resultFormat",
    "value" : "allure2"
  } ],
  "parameters" : [ ],
  "links" : [ ],
  "hidden" : false,
  "retry" : false,
  "extra" : {
    "severity" : "normal",
    "retries" : [ ],
    "categories" : [ {
      "name" : "Product defects",
      "matchedStatuses" : [ ],
      "flaky" : false
    } ],
    "history" : {
      "statistic" : {
        "failed" : 50,
        "broken" : 1,
        "skipped" : 0,
        "passed" : 225,
        "unknown" : 0,
        "total" : 276
      },
      "items" : [ {
        "uid" : "b6c3b789ec967275",
        "reportUrl" : "https://lambotik.github.io/Oblache/490//#testresult/b6c3b789ec967275",
        "status" : "failed",
        "statusDetails" : "AssertionError: Result is not equal expected value",
        "time" : {
          "start" : 1756777809805,
          "stop" : 1756777810114,
          "duration" : 309
        }
      }, {
        "uid" : "dd4ca357090758f9",
        "reportUrl" : "https://lambotik.github.io/Oblache/489//#testresult/dd4ca357090758f9",
        "status" : "failed",
        "statusDetails" : "AssertionError: Result is not equal expected value",
        "time" : {
          "start" : 1756692252671,
          "stop" : 1756692253140,
          "duration" : 469
        }
      }, {
        "uid" : "d34391942d23d4e5",
        "reportUrl" : "https://lambotik.github.io/Oblache/488//#testresult/d34391942d23d4e5",
        "status" : "failed",
        "statusDetails" : "AssertionError: Result is not equal expected value",
        "time" : {
          "start" : 1756605253517,
          "stop" : 1756605254009,
          "duration" : 492
        }
      }, {
        "uid" : "43fdf256a4481681",
        "reportUrl" : "https://lambotik.github.io/Oblache/487//#testresult/43fdf256a4481681",
        "status" : "failed",
        "statusDetails" : "AssertionError: Incorrect status code: 502",
        "time" : {
          "start" : 1756518160943,
          "stop" : 1756518160943,
          "duration" : 0
        }
      }, {
        "uid" : "9d43e418e351d5b9",
        "reportUrl" : "https://lambotik.github.io/Oblache/486//#testresult/9d43e418e351d5b9",
        "status" : "failed",
        "statusDetails" : "AssertionError: Incorrect status code: 500",
        "time" : {
          "start" : 1756432075787,
          "stop" : 1756432076159,
          "duration" : 372
        }
      }, {
        "uid" : "161fb624a6f2c929",
        "reportUrl" : "https://lambotik.github.io/Oblache/485//#testresult/161fb624a6f2c929",
        "status" : "failed",
        "statusDetails" : "AssertionError: Result is not equal expected value",
        "time" : {
          "start" : 1756345684141,
          "stop" : 1756345684450,
          "duration" : 309
        }
      }, {
        "uid" : "c05f0997e2d6302c",
        "reportUrl" : "https://lambotik.github.io/Oblache/484//#testresult/c05f0997e2d6302c",
        "status" : "failed",
        "statusDetails" : "AssertionError: Incorrect status code: 500",
        "time" : {
          "start" : 1756259329060,
          "stop" : 1756259329369,
          "duration" : 309
        }
      }, {
        "uid" : "13e1f27b886bfd35",
        "reportUrl" : "https://lambotik.github.io/Oblache/483//#testresult/13e1f27b886bfd35",
        "status" : "failed",
        "statusDetails" : "AssertionError: Incorrect status code: 500",
        "time" : {
          "start" : 1756173152350,
          "stop" : 1756173152835,
          "duration" : 485
        }
      }, {
        "uid" : "4fa4f06e7c5529c6",
        "reportUrl" : "https://lambotik.github.io/Oblache/482//#testresult/4fa4f06e7c5529c6",
        "status" : "failed",
        "statusDetails" : "AssertionError: Result is not equal expected value",
        "time" : {
          "start" : 1756086969596,
          "stop" : 1756086969957,
          "duration" : 361
        }
      }, {
        "uid" : "8f73d19017eef754",
        "reportUrl" : "https://lambotik.github.io/Oblache/481//#testresult/8f73d19017eef754",
        "status" : "failed",
        "statusDetails" : "AssertionError: Result is not equal expected value",
        "time" : {
          "start" : 1756000936865,
          "stop" : 1756000937344,
          "duration" : 479
        }
      }, {
        "uid" : "65346fcf3fc5ae36",
        "reportUrl" : "https://lambotik.github.io/Oblache/480//#testresult/65346fcf3fc5ae36",
        "status" : "failed",
        "statusDetails" : "AssertionError: Result is not equal expected value",
        "time" : {
          "start" : 1755913637837,
          "stop" : 1755913638157,
          "duration" : 320
        }
      }, {
        "uid" : "8c442fb037bf8402",
        "reportUrl" : "https://lambotik.github.io/Oblache/479//#testresult/8c442fb037bf8402",
        "status" : "failed",
        "statusDetails" : "AssertionError: Result is not equal expected value",
        "time" : {
          "start" : 1755827477937,
          "stop" : 1755827478296,
          "duration" : 359
        }
      }, {
        "uid" : "f239aeb044f3f9c0",
        "reportUrl" : "https://lambotik.github.io/Oblache/478//#testresult/f239aeb044f3f9c0",
        "status" : "failed",
        "statusDetails" : "AssertionError: Result is not equal expected value",
        "time" : {
          "start" : 1755741025496,
          "stop" : 1755741025857,
          "duration" : 361
        }
      }, {
        "uid" : "5382e905d0cc4fe5",
        "reportUrl" : "https://lambotik.github.io/Oblache/477//#testresult/5382e905d0cc4fe5",
        "status" : "failed",
        "statusDetails" : "AssertionError: Result is not equal expected value",
        "time" : {
          "start" : 1755654715230,
          "stop" : 1755654715541,
          "duration" : 311
        }
      }, {
        "uid" : "5b932eb8ea502885",
        "reportUrl" : "https://lambotik.github.io/Oblache/476//#testresult/5b932eb8ea502885",
        "status" : "failed",
        "statusDetails" : "AssertionError: Incorrect status code: 500",
        "time" : {
          "start" : 1755568434259,
          "stop" : 1755568434259,
          "duration" : 0
        }
      }, {
        "uid" : "61da31bb8e2439ce",
        "reportUrl" : "https://lambotik.github.io/Oblache/475//#testresult/61da31bb8e2439ce",
        "status" : "failed",
        "statusDetails" : "AssertionError: Result is not equal expected value",
        "time" : {
          "start" : 1755482795578,
          "stop" : 1755482795942,
          "duration" : 364
        }
      }, {
        "uid" : "ac5363533418dc8d",
        "reportUrl" : "https://lambotik.github.io/Oblache/474//#testresult/ac5363533418dc8d",
        "status" : "failed",
        "statusDetails" : "AssertionError: Result is not equal expected value",
        "time" : {
          "start" : 1755396464343,
          "stop" : 1755396464847,
          "duration" : 504
        }
      }, {
        "uid" : "743c9eb58275ea36",
        "reportUrl" : "https://lambotik.github.io/Oblache/473//#testresult/743c9eb58275ea36",
        "status" : "failed",
        "statusDetails" : "AssertionError: Result is not equal expected value",
        "time" : {
          "start" : 1755309402795,
          "stop" : 1755309403310,
          "duration" : 515
        }
      }, {
        "uid" : "a50a2f34b27e634e",
        "reportUrl" : "https://lambotik.github.io/Oblache/472//#testresult/a50a2f34b27e634e",
        "status" : "failed",
        "statusDetails" : "AssertionError: Incorrect status code: 502",
        "time" : {
          "start" : 1755223213463,
          "stop" : 1755223213463,
          "duration" : 0
        }
      }, {
        "uid" : "bd3bd6862befb392",
        "reportUrl" : "https://lambotik.github.io/Oblache/471//#testresult/bd3bd6862befb392",
        "status" : "failed",
        "statusDetails" : "AssertionError: Result is not equal expected value",
        "time" : {
          "start" : 1755136903729,
          "stop" : 1755136904093,
          "duration" : 364
        }
      } ]
    },
    "tags" : [ ]
  },
  "source" : "34d3d059b2dba42e.json",
  "parameterValues" : [ ]
}