{
  "uid" : "366470cf916e42ab",
  "name" : "POST check static webpages without toke.",
  "fullName" : "tests_api.test_bd.TestStaticWebPages#test_static_webpages",
  "historyId" : "5aa66f49aa13d6e685f905ac99d0c7bb",
  "time" : {
    "start" : 1756863791707,
    "stop" : 1756863792050,
    "duration" : 343
  },
  "status" : "failed",
  "statusMessage" : "AssertionError: Incorrect status code: 404",
  "statusTrace" : "self = <tests_api.test_bd.TestStaticWebPages object at 0x7f85f887d790>\n\n    @allure.title('POST check static webpages without toke.')\n    def test_static_webpages(self):\n        response = API.post_static_webpages(token=None)\n>       Checking.check_status_code(response, 401)\n\ntests_api/test_bd.py:509: \n_ _ _ _ _ _ _ _ _ _ _ _ _ _ _ _ _ _ _ _ _ _ _ _ _ _ _ _ _ _ _ _ _ _ _ _ _ _ _ _ \n\nresult = <Response [404]>, status_code = 401\n\n    @staticmethod\n    def check_status_code(result: requests.models.Response, status_code: int):\n        \"\"\"\n        Method check status code\n        :param result: Response\n        :param status_code:\n        \"\"\"\n        with allure.step(f'Assert status code: {status_code} == Response status code: {result.status_code}'):\n>           assert status_code == result.status_code, f'Incorrect status code: {result.status_code}'\nE           AssertionError: Incorrect status code: 404\n\ntests_api/utils/checking.py:16: AssertionError",
  "flaky" : false,
  "newFailed" : false,
  "beforeStages" : [ ],
  "testStage" : {
    "status" : "failed",
    "statusMessage" : "AssertionError: Incorrect status code: 404",
    "statusTrace" : "self = <tests_api.test_bd.TestStaticWebPages object at 0x7f85f887d790>\n\n    @allure.title('POST check static webpages without toke.')\n    def test_static_webpages(self):\n        response = API.post_static_webpages(token=None)\n>       Checking.check_status_code(response, 401)\n\ntests_api/test_bd.py:509: \n_ _ _ _ _ _ _ _ _ _ _ _ _ _ _ _ _ _ _ _ _ _ _ _ _ _ _ _ _ _ _ _ _ _ _ _ _ _ _ _ \n\nresult = <Response [404]>, status_code = 401\n\n    @staticmethod\n    def check_status_code(result: requests.models.Response, status_code: int):\n        \"\"\"\n        Method check status code\n        :param result: Response\n        :param status_code:\n        \"\"\"\n        with allure.step(f'Assert status code: {status_code} == Response status code: {result.status_code}'):\n>           assert status_code == result.status_code, f'Incorrect status code: {result.status_code}'\nE           AssertionError: Incorrect status code: 404\n\ntests_api/utils/checking.py:16: AssertionError",
    "steps" : [ {
      "name" : "webpage_list",
      "time" : {
        "start" : 1756863791707,
        "stop" : 1756863792049,
        "duration" : 342
      },
      "status" : "passed",
      "steps" : [ {
        "name" : "Endpoint: /webpage_list",
        "time" : {
          "start" : 1756863792049,
          "stop" : 1756863792049,
          "duration" : 0
        },
        "status" : "passed",
        "steps" : [ ],
        "attachments" : [ ],
        "parameters" : [ ],
        "stepsCount" : 0,
        "attachmentsCount" : 0,
        "shouldDisplayMessage" : false,
        "hasContent" : false
      }, {
        "name" : "Request:",
        "time" : {
          "start" : 1756863792049,
          "stop" : 1756863792049,
          "duration" : 0
        },
        "status" : "passed",
        "steps" : [ {
          "name" : "Headers: {'Content-Type': 'application/json', 'Authorization': 'None'}",
          "time" : {
            "start" : 1756863792049,
            "stop" : 1756863792049,
            "duration" : 0
          },
          "status" : "passed",
          "steps" : [ ],
          "attachments" : [ ],
          "parameters" : [ ],
          "stepsCount" : 0,
          "attachmentsCount" : 0,
          "shouldDisplayMessage" : false,
          "hasContent" : false
        } ],
        "attachments" : [ ],
        "parameters" : [ ],
        "stepsCount" : 1,
        "attachmentsCount" : 0,
        "shouldDisplayMessage" : false,
        "hasContent" : true
      }, {
        "name" : "Response:",
        "time" : {
          "start" : 1756863792049,
          "stop" : 1756863792049,
          "duration" : 0
        },
        "status" : "passed",
        "steps" : [ {
          "name" : "Status code: 404",
          "time" : {
            "start" : 1756863792049,
            "stop" : 1756863792049,
            "duration" : 0
          },
          "status" : "passed",
          "steps" : [ ],
          "attachments" : [ ],
          "parameters" : [ ],
          "stepsCount" : 0,
          "attachmentsCount" : 0,
          "shouldDisplayMessage" : false,
          "hasContent" : false
        }, {
          "name" : "JSON: Some general exception",
          "time" : {
            "start" : 1756863792049,
            "stop" : 1756863792049,
            "duration" : 0
          },
          "status" : "passed",
          "steps" : [ ],
          "attachments" : [ ],
          "parameters" : [ ],
          "stepsCount" : 0,
          "attachmentsCount" : 0,
          "shouldDisplayMessage" : false,
          "hasContent" : false
        } ],
        "attachments" : [ ],
        "parameters" : [ ],
        "stepsCount" : 2,
        "attachmentsCount" : 0,
        "shouldDisplayMessage" : false,
        "hasContent" : true
      } ],
      "attachments" : [ ],
      "parameters" : [ ],
      "stepsCount" : 6,
      "attachmentsCount" : 0,
      "shouldDisplayMessage" : false,
      "hasContent" : true
    }, {
      "name" : "Assert status code: 401 == Response status code: 404",
      "time" : {
        "start" : 1756863792049,
        "stop" : 1756863792049,
        "duration" : 0
      },
      "status" : "failed",
      "statusMessage" : "AssertionError: Incorrect status code: 404\n",
      "statusTrace" : "  File \"/home/runner/work/Oblache/Oblache/tests_api/utils/checking.py\", line 16, in check_status_code\n    assert status_code == result.status_code, f'Incorrect status code: {result.status_code}'\n           ^^^^^^^^^^^^^^^^^^^^^^^^^^^^^^^^^\n",
      "steps" : [ ],
      "attachments" : [ ],
      "parameters" : [ ],
      "stepsCount" : 0,
      "attachmentsCount" : 0,
      "shouldDisplayMessage" : true,
      "hasContent" : true
    } ],
    "attachments" : [ ],
    "parameters" : [ ],
    "stepsCount" : 8,
    "attachmentsCount" : 0,
    "shouldDisplayMessage" : true,
    "hasContent" : true
  },
  "afterStages" : [ ],
  "labels" : [ {
    "name" : "suite",
    "value" : "Test Static webpages"
  }, {
    "name" : "parentSuite",
    "value" : "tests_api"
  }, {
    "name" : "subSuite",
    "value" : "TestStaticWebPages"
  }, {
    "name" : "host",
    "value" : "pkrvm7jw40e0xgp"
  }, {
    "name" : "thread",
    "value" : "2629-MainThread"
  }, {
    "name" : "framework",
    "value" : "pytest"
  }, {
    "name" : "language",
    "value" : "cpython3"
  }, {
    "name" : "package",
    "value" : "tests_api.test_bd"
  }, {
    "name" : "resultFormat",
    "value" : "allure2"
  } ],
  "parameters" : [ ],
  "links" : [ ],
  "hidden" : false,
  "retry" : false,
  "extra" : {
    "severity" : "normal",
    "retries" : [ ],
    "categories" : [ {
      "name" : "Product defects",
      "matchedStatuses" : [ ],
      "flaky" : false
    } ],
    "history" : {
      "statistic" : {
        "failed" : 276,
        "broken" : 0,
        "skipped" : 0,
        "passed" : 0,
        "unknown" : 0,
        "total" : 276
      },
      "items" : [ {
        "uid" : "79cfe58a608a0b2b",
        "reportUrl" : "https://lambotik.github.io/Oblache/490//#testresult/79cfe58a608a0b2b",
        "status" : "failed",
        "statusDetails" : "AssertionError: Incorrect status code: 404",
        "time" : {
          "start" : 1756777811984,
          "stop" : 1756777812274,
          "duration" : 290
        }
      }, {
        "uid" : "d4c4fceacbae61aa",
        "reportUrl" : "https://lambotik.github.io/Oblache/489//#testresult/d4c4fceacbae61aa",
        "status" : "failed",
        "statusDetails" : "AssertionError: Incorrect status code: 404",
        "time" : {
          "start" : 1756692256014,
          "stop" : 1756692256460,
          "duration" : 446
        }
      }, {
        "uid" : "9249e208ab9e1261",
        "reportUrl" : "https://lambotik.github.io/Oblache/488//#testresult/9249e208ab9e1261",
        "status" : "failed",
        "statusDetails" : "AssertionError: Incorrect status code: 404",
        "time" : {
          "start" : 1756605256982,
          "stop" : 1756605257447,
          "duration" : 465
        }
      }, {
        "uid" : "64a01165811fc8d2",
        "reportUrl" : "https://lambotik.github.io/Oblache/487//#testresult/64a01165811fc8d2",
        "status" : "failed",
        "statusDetails" : "AssertionError: Incorrect status code: 502",
        "time" : {
          "start" : 1756518162402,
          "stop" : 1756518162681,
          "duration" : 279
        }
      }, {
        "uid" : "e39bc84bca0ee34b",
        "reportUrl" : "https://lambotik.github.io/Oblache/486//#testresult/e39bc84bca0ee34b",
        "status" : "failed",
        "statusDetails" : "AssertionError: Incorrect status code: 404",
        "time" : {
          "start" : 1756432078429,
          "stop" : 1756432078767,
          "duration" : 338
        }
      }, {
        "uid" : "4fd248a683cbc1cb",
        "reportUrl" : "https://lambotik.github.io/Oblache/485//#testresult/4fd248a683cbc1cb",
        "status" : "failed",
        "statusDetails" : "AssertionError: Incorrect status code: 404",
        "time" : {
          "start" : 1756345686450,
          "stop" : 1756345686739,
          "duration" : 289
        }
      }, {
        "uid" : "4c2093c1c39ed54d",
        "reportUrl" : "https://lambotik.github.io/Oblache/484//#testresult/4c2093c1c39ed54d",
        "status" : "failed",
        "statusDetails" : "AssertionError: Incorrect status code: 404",
        "time" : {
          "start" : 1756259331270,
          "stop" : 1756259331558,
          "duration" : 288
        }
      }, {
        "uid" : "76a7510725bc940a",
        "reportUrl" : "https://lambotik.github.io/Oblache/483//#testresult/76a7510725bc940a",
        "status" : "failed",
        "statusDetails" : "AssertionError: Incorrect status code: 404",
        "time" : {
          "start" : 1756173155755,
          "stop" : 1756173156199,
          "duration" : 444
        }
      }, {
        "uid" : "181e6f95f2b99a17",
        "reportUrl" : "https://lambotik.github.io/Oblache/482//#testresult/181e6f95f2b99a17",
        "status" : "failed",
        "statusDetails" : "AssertionError: Incorrect status code: 404",
        "time" : {
          "start" : 1756086972239,
          "stop" : 1756086972577,
          "duration" : 338
        }
      }, {
        "uid" : "95b7b71da422a3f4",
        "reportUrl" : "https://lambotik.github.io/Oblache/481//#testresult/95b7b71da422a3f4",
        "status" : "failed",
        "statusDetails" : "AssertionError: Incorrect status code: 404",
        "time" : {
          "start" : 1756000940314,
          "stop" : 1756000940777,
          "duration" : 463
        }
      }, {
        "uid" : "b08cd6785d8c4f32",
        "reportUrl" : "https://lambotik.github.io/Oblache/480//#testresult/b08cd6785d8c4f32",
        "status" : "failed",
        "statusDetails" : "AssertionError: Incorrect status code: 404",
        "time" : {
          "start" : 1755913640024,
          "stop" : 1755913640306,
          "duration" : 282
        }
      }, {
        "uid" : "c8a7da2dcb5b42eb",
        "reportUrl" : "https://lambotik.github.io/Oblache/479//#testresult/c8a7da2dcb5b42eb",
        "status" : "failed",
        "statusDetails" : "AssertionError: Incorrect status code: 404",
        "time" : {
          "start" : 1755827480287,
          "stop" : 1755827480582,
          "duration" : 295
        }
      }, {
        "uid" : "ccb45b63f3fed35c",
        "reportUrl" : "https://lambotik.github.io/Oblache/478//#testresult/ccb45b63f3fed35c",
        "status" : "failed",
        "statusDetails" : "AssertionError: Incorrect status code: 404",
        "time" : {
          "start" : 1755741028281,
          "stop" : 1755741028624,
          "duration" : 343
        }
      }, {
        "uid" : "cd8caa67c26baa64",
        "reportUrl" : "https://lambotik.github.io/Oblache/477//#testresult/cd8caa67c26baa64",
        "status" : "failed",
        "statusDetails" : "AssertionError: Incorrect status code: 404",
        "time" : {
          "start" : 1755654717441,
          "stop" : 1755654717724,
          "duration" : 283
        }
      }, {
        "uid" : "a57c1662b5d82dea",
        "reportUrl" : "https://lambotik.github.io/Oblache/476//#testresult/a57c1662b5d82dea",
        "status" : "failed",
        "statusDetails" : "AssertionError: Incorrect status code: 404",
        "time" : {
          "start" : 1755568436447,
          "stop" : 1755568436726,
          "duration" : 279
        }
      }, {
        "uid" : "9d9829dcd8751436",
        "reportUrl" : "https://lambotik.github.io/Oblache/475//#testresult/9d9829dcd8751436",
        "status" : "failed",
        "statusDetails" : "AssertionError: Incorrect status code: 404",
        "time" : {
          "start" : 1755482798185,
          "stop" : 1755482798541,
          "duration" : 356
        }
      }, {
        "uid" : "afec993c4afb0110",
        "reportUrl" : "https://lambotik.github.io/Oblache/474//#testresult/afec993c4afb0110",
        "status" : "failed",
        "statusDetails" : "AssertionError: Incorrect status code: 404",
        "time" : {
          "start" : 1755396467913,
          "stop" : 1755396468391,
          "duration" : 478
        }
      }, {
        "uid" : "76022679bbdd655b",
        "reportUrl" : "https://lambotik.github.io/Oblache/473//#testresult/76022679bbdd655b",
        "status" : "failed",
        "statusDetails" : "AssertionError: Incorrect status code: 404",
        "time" : {
          "start" : 1755309406303,
          "stop" : 1755309406782,
          "duration" : 479
        }
      }, {
        "uid" : "a556c60cf6015b4f",
        "reportUrl" : "https://lambotik.github.io/Oblache/472//#testresult/a556c60cf6015b4f",
        "status" : "failed",
        "statusDetails" : "AssertionError: Incorrect status code: 502",
        "time" : {
          "start" : 1755223214935,
          "stop" : 1755223215210,
          "duration" : 275
        }
      }, {
        "uid" : "3ef2314b6adb85fa",
        "reportUrl" : "https://lambotik.github.io/Oblache/471//#testresult/3ef2314b6adb85fa",
        "status" : "failed",
        "statusDetails" : "AssertionError: Incorrect status code: 404",
        "time" : {
          "start" : 1755136906332,
          "stop" : 1755136906665,
          "duration" : 333
        }
      } ]
    },
    "tags" : [ ]
  },
  "source" : "366470cf916e42ab.json",
  "parameterValues" : [ ]
}