{
  "uid" : "9b5595af73678d70",
  "name" : "test_clipboard_jdbc",
  "fullName" : "tests_ui.test_ui.TestProfilePage#test_clipboard_jdbc",
  "historyId" : "3c3bc2de59af179987e51569fc1d3309",
  "time" : {
    "start" : 1756863866420,
    "stop" : 1756863873600,
    "duration" : 7180
  },
  "status" : "broken",
  "statusMessage" : "selenium.common.exceptions.TimeoutException: Message: Can't find element by locator ('xpath', '//div[@id=\"msg_copypaste\"]')",
  "statusTrace" : "self = <tests_ui.test_ui.TestProfilePage object at 0x7f85f7f70650>\ndriver = <selenium.webdriver.chrome.webdriver.WebDriver (session=\"84b47a0bf45806ad8f4664429deff576\")>\nauthorization_user = None\n\n    @allure.title('test_clipboard_jdbc')\n    def test_clipboard_jdbc(self, driver, authorization_user):\n        page = ProfilePage(driver, authorization_user)\n        page.click_button_databases()\n>       page.check_clipboard_jdbc(token=TestProfilePage.token)\n\ntests_ui/test_ui.py:107: \n_ _ _ _ _ _ _ _ _ _ _ _ _ _ _ _ _ _ _ _ _ _ _ _ _ _ _ _ _ _ _ _ _ _ _ _ _ _ _ _ \ntests_ui/profile_page.py:134: in check_clipboard_jdbc\n    assert self.element_is_visible(self.locators.MSG_COPYPASTE)\ntests_ui/base_page.py:34: in element_is_visible\n    return Wait(self.driver, self.timeout).until(\n_ _ _ _ _ _ _ _ _ _ _ _ _ _ _ _ _ _ _ _ _ _ _ _ _ _ _ _ _ _ _ _ _ _ _ _ _ _ _ _ \n\nself = <selenium.webdriver.support.wait.WebDriverWait (session=\"84b47a0bf45806ad8f4664429deff576\")>\nmethod = <function visibility_of_element_located.<locals>._predicate at 0x7f85f7b40400>\nmessage = 'Can\\'t find element by locator (\\'xpath\\', \\'//div[@id=\"msg_copypaste\"]\\')'\n\n    def until(self, method: Callable[[D], Union[Literal[False], T]], message: str = \"\") -> T:\n        \"\"\"Calls the method provided with the driver as an argument until the \\\n        return value does not evaluate to ``False``.\n    \n        :param method: callable(WebDriver)\n        :param message: optional message for :exc:`TimeoutException`\n        :returns: the result of the last call to `method`\n        :raises: :exc:`selenium.common.exceptions.TimeoutException` if timeout occurs\n        \"\"\"\n        screen = None\n        stacktrace = None\n    \n        end_time = time.monotonic() + self._timeout\n        while True:\n            try:\n                value = method(self._driver)\n                if value:\n                    return value\n            except self._ignored_exceptions as exc:\n                screen = getattr(exc, \"screen\", None)\n                stacktrace = getattr(exc, \"stacktrace\", None)\n            time.sleep(self._poll)\n            if time.monotonic() > end_time:\n                break\n>       raise TimeoutException(message, screen, stacktrace)\nE       selenium.common.exceptions.TimeoutException: Message: Can't find element by locator ('xpath', '//div[@id=\"msg_copypaste\"]')\n\n/opt/hostedtoolcache/Python/3.12.11/x64/lib/python3.12/site-packages/selenium/webdriver/support/wait.py:105: TimeoutException",
  "flaky" : false,
  "newFailed" : false,
  "beforeStages" : [ {
    "name" : "authorization_user",
    "time" : {
      "start" : 1756863865827,
      "stop" : 1756863866419,
      "duration" : 592
    },
    "status" : "passed",
    "steps" : [ {
      "name" : "Open page: https://oblache.areso.pro/register.html",
      "time" : {
        "start" : 1756863865827,
        "stop" : 1756863866212,
        "duration" : 385
      },
      "status" : "passed",
      "steps" : [ ],
      "attachments" : [ ],
      "parameters" : [ ],
      "stepsCount" : 0,
      "attachmentsCount" : 0,
      "shouldDisplayMessage" : false,
      "hasContent" : false
    }, {
      "name" : "Login user",
      "time" : {
        "start" : 1756863866212,
        "stop" : 1756863866419,
        "duration" : 207
      },
      "status" : "passed",
      "steps" : [ {
        "name" : "Enter email.",
        "time" : {
          "start" : 1756863866212,
          "stop" : 1756863866279,
          "duration" : 67
        },
        "status" : "passed",
        "steps" : [ ],
        "attachments" : [ ],
        "parameters" : [ ],
        "stepsCount" : 0,
        "attachmentsCount" : 0,
        "shouldDisplayMessage" : false,
        "hasContent" : false
      }, {
        "name" : "Enter password.",
        "time" : {
          "start" : 1756863866279,
          "stop" : 1756863866325,
          "duration" : 46
        },
        "status" : "passed",
        "steps" : [ ],
        "attachments" : [ ],
        "parameters" : [ ],
        "stepsCount" : 0,
        "attachmentsCount" : 0,
        "shouldDisplayMessage" : false,
        "hasContent" : false
      }, {
        "name" : "Click button \"Login\"",
        "time" : {
          "start" : 1756863866325,
          "stop" : 1756863866417,
          "duration" : 92
        },
        "status" : "passed",
        "steps" : [ ],
        "attachments" : [ ],
        "parameters" : [ ],
        "stepsCount" : 0,
        "attachmentsCount" : 0,
        "shouldDisplayMessage" : false,
        "hasContent" : false
      }, {
        "name" : "Check url is present: https://oblache.areso.pro/register.html",
        "time" : {
          "start" : 1756863866417,
          "stop" : 1756863866419,
          "duration" : 2
        },
        "status" : "passed",
        "steps" : [ ],
        "attachments" : [ ],
        "parameters" : [ ],
        "stepsCount" : 0,
        "attachmentsCount" : 0,
        "shouldDisplayMessage" : false,
        "hasContent" : false
      } ],
      "attachments" : [ ],
      "parameters" : [ ],
      "stepsCount" : 4,
      "attachmentsCount" : 0,
      "shouldDisplayMessage" : false,
      "hasContent" : true
    } ],
    "attachments" : [ ],
    "parameters" : [ ],
    "stepsCount" : 6,
    "attachmentsCount" : 0,
    "shouldDisplayMessage" : false,
    "hasContent" : true
  }, {
    "name" : "driver",
    "time" : {
      "start" : 1756863865553,
      "stop" : 1756863865826,
      "duration" : 273
    },
    "status" : "passed",
    "steps" : [ ],
    "attachments" : [ ],
    "parameters" : [ ],
    "stepsCount" : 0,
    "attachmentsCount" : 0,
    "shouldDisplayMessage" : false,
    "hasContent" : false
  } ],
  "testStage" : {
    "status" : "broken",
    "statusMessage" : "selenium.common.exceptions.TimeoutException: Message: Can't find element by locator ('xpath', '//div[@id=\"msg_copypaste\"]')",
    "statusTrace" : "self = <tests_ui.test_ui.TestProfilePage object at 0x7f85f7f70650>\ndriver = <selenium.webdriver.chrome.webdriver.WebDriver (session=\"84b47a0bf45806ad8f4664429deff576\")>\nauthorization_user = None\n\n    @allure.title('test_clipboard_jdbc')\n    def test_clipboard_jdbc(self, driver, authorization_user):\n        page = ProfilePage(driver, authorization_user)\n        page.click_button_databases()\n>       page.check_clipboard_jdbc(token=TestProfilePage.token)\n\ntests_ui/test_ui.py:107: \n_ _ _ _ _ _ _ _ _ _ _ _ _ _ _ _ _ _ _ _ _ _ _ _ _ _ _ _ _ _ _ _ _ _ _ _ _ _ _ _ \ntests_ui/profile_page.py:134: in check_clipboard_jdbc\n    assert self.element_is_visible(self.locators.MSG_COPYPASTE)\ntests_ui/base_page.py:34: in element_is_visible\n    return Wait(self.driver, self.timeout).until(\n_ _ _ _ _ _ _ _ _ _ _ _ _ _ _ _ _ _ _ _ _ _ _ _ _ _ _ _ _ _ _ _ _ _ _ _ _ _ _ _ \n\nself = <selenium.webdriver.support.wait.WebDriverWait (session=\"84b47a0bf45806ad8f4664429deff576\")>\nmethod = <function visibility_of_element_located.<locals>._predicate at 0x7f85f7b40400>\nmessage = 'Can\\'t find element by locator (\\'xpath\\', \\'//div[@id=\"msg_copypaste\"]\\')'\n\n    def until(self, method: Callable[[D], Union[Literal[False], T]], message: str = \"\") -> T:\n        \"\"\"Calls the method provided with the driver as an argument until the \\\n        return value does not evaluate to ``False``.\n    \n        :param method: callable(WebDriver)\n        :param message: optional message for :exc:`TimeoutException`\n        :returns: the result of the last call to `method`\n        :raises: :exc:`selenium.common.exceptions.TimeoutException` if timeout occurs\n        \"\"\"\n        screen = None\n        stacktrace = None\n    \n        end_time = time.monotonic() + self._timeout\n        while True:\n            try:\n                value = method(self._driver)\n                if value:\n                    return value\n            except self._ignored_exceptions as exc:\n                screen = getattr(exc, \"screen\", None)\n                stacktrace = getattr(exc, \"stacktrace\", None)\n            time.sleep(self._poll)\n            if time.monotonic() > end_time:\n                break\n>       raise TimeoutException(message, screen, stacktrace)\nE       selenium.common.exceptions.TimeoutException: Message: Can't find element by locator ('xpath', '//div[@id=\"msg_copypaste\"]')\n\n/opt/hostedtoolcache/Python/3.12.11/x64/lib/python3.12/site-packages/selenium/webdriver/support/wait.py:105: TimeoutException",
    "steps" : [ {
      "name" : "Click \"Databases\" button.",
      "time" : {
        "start" : 1756863866420,
        "stop" : 1756863867443,
        "duration" : 1023
      },
      "status" : "passed",
      "steps" : [ ],
      "attachments" : [ ],
      "parameters" : [ ],
      "stepsCount" : 0,
      "attachmentsCount" : 0,
      "shouldDisplayMessage" : false,
      "hasContent" : false
    }, {
      "name" : "Clicked button \uD83D\uDD11 in database:0 f5b85e \uD83D\uDCCB my_tepci57l CIS created \uD83D\uDD11 2025-09-02 01:49:23 0 ‚ùå \uD83D\uDCBE, for copy uuid.",
      "time" : {
        "start" : 1756863868098,
        "stop" : 1756863868098,
        "duration" : 0
      },
      "status" : "passed",
      "steps" : [ ],
      "attachments" : [ ],
      "parameters" : [ ],
      "stepsCount" : 0,
      "attachmentsCount" : 0,
      "shouldDisplayMessage" : false,
      "hasContent" : false
    }, {
      "name" : "post_db_list",
      "time" : {
        "start" : 1756863868098,
        "stop" : 1756863868459,
        "duration" : 361
      },
      "status" : "passed",
      "steps" : [ {
        "name" : "Endpoint: /db_list",
        "time" : {
          "start" : 1756863868459,
          "stop" : 1756863868459,
          "duration" : 0
        },
        "status" : "passed",
        "steps" : [ ],
        "attachments" : [ ],
        "parameters" : [ ],
        "stepsCount" : 0,
        "attachmentsCount" : 0,
        "shouldDisplayMessage" : false,
        "hasContent" : false
      }, {
        "name" : "Request:",
        "time" : {
          "start" : 1756863868459,
          "stop" : 1756863868459,
          "duration" : 0
        },
        "status" : "passed",
        "steps" : [ {
          "name" : "Headers: {'Content-Type': 'application/json', 'Authorization': {'f613a71f-144e-469d-ac09-631b26eac160'}}",
          "time" : {
            "start" : 1756863868459,
            "stop" : 1756863868459,
            "duration" : 0
          },
          "status" : "passed",
          "steps" : [ ],
          "attachments" : [ ],
          "parameters" : [ ],
          "stepsCount" : 0,
          "attachmentsCount" : 0,
          "shouldDisplayMessage" : false,
          "hasContent" : false
        }, {
          "name" : "Body: None",
          "time" : {
            "start" : 1756863868459,
            "stop" : 1756863868459,
            "duration" : 0
          },
          "status" : "passed",
          "steps" : [ ],
          "attachments" : [ ],
          "parameters" : [ ],
          "stepsCount" : 0,
          "attachmentsCount" : 0,
          "shouldDisplayMessage" : false,
          "hasContent" : false
        } ],
        "attachments" : [ ],
        "parameters" : [ ],
        "stepsCount" : 2,
        "attachmentsCount" : 0,
        "shouldDisplayMessage" : false,
        "hasContent" : true
      }, {
        "name" : "Response:",
        "time" : {
          "start" : 1756863868459,
          "stop" : 1756863868459,
          "duration" : 0
        },
        "status" : "passed",
        "steps" : [ {
          "name" : "Status code: 200",
          "time" : {
            "start" : 1756863868459,
            "stop" : 1756863868459,
            "duration" : 0
          },
          "status" : "passed",
          "steps" : [ ],
          "attachments" : [ ],
          "parameters" : [ ],
          "stepsCount" : 0,
          "attachmentsCount" : 0,
          "shouldDisplayMessage" : false,
          "hasContent" : false
        }, {
          "name" : "JSON: {\n  \"data\": {\n    \"068b64d1-8c15-72d6-8000-dbaa19f5b85e\": [\n      \"my_tepci57l\",\n      \"CIS\",\n      \"created\",\n      \"mysql://user_87n2kjth:pwPW01__Z7zThB7KHPI59R@cis_db1.areso.pro:3306/my_tepci57l\",\n      \"2025-09-02 01:49:23\",\n      0\n    ],\n    \"068b64d2-460d-7c1c-8000-32aa98287ba5\": [\n      \"my_d9hkdrn6\",\n      \"CIS\",\n      \"created\",\n      \"mysql://user_pcp6h6q2:pwPW01__iPGRXeiGkTkaZ1@cis_db1.areso.pro:3306/my_d9hkdrn6\",\n      \"2025-09-02 01:49:34\",\n      0\n    ],\n    \"068b79d0-0da4-72be-8000-d8fdfabcd826\": [\n      \"my_x7gk66gu\",\n      \"CIS\",\n      \"created\",\n      \"mysql://user_30ejux7k:pwPW01__lvILjUd388DyTo@cis_db1.areso.pro:3306/my_x7gk66gu\",\n      \"2025-09-03 01:42:36\",\n      0\n    ],\n    \"068b79d0-e255-7ec8-8000-000490f2174e\": [\n      \"my_4541dspl\",\n      \"CIS\",\n      \"created\",\n      \"mysql://user_wab3vjio:pwPW01__plaHQ4nz01yPBQ@cis_db1.areso.pro:3306/my_4541dspl\",\n      \"2025-09-03 01:42:48\",\n      0\n    ]\n  },\n  \"headers\": {\n    \"Access-Control-Allow-Methods\": [\n      \"POST\",\n      \"OPTIONS\"\n    ],\n    \"Access-Control-Allow-Origin\": \"*\",\n    \"Access-Control-Expose-Headers\": \"*\",\n    \"Content-Type\": \"application/json; charset=utf-8\"\n  },\n  \"status\": 200\n}\n",
          "time" : {
            "start" : 1756863868459,
            "stop" : 1756863868459,
            "duration" : 0
          },
          "status" : "passed",
          "steps" : [ ],
          "attachments" : [ ],
          "parameters" : [ ],
          "stepsCount" : 0,
          "attachmentsCount" : 0,
          "shouldDisplayMessage" : false,
          "hasContent" : false
        } ],
        "attachments" : [ ],
        "parameters" : [ ],
        "stepsCount" : 2,
        "attachmentsCount" : 0,
        "shouldDisplayMessage" : false,
        "hasContent" : true
      } ],
      "attachments" : [ ],
      "parameters" : [ ],
      "stepsCount" : 7,
      "attachmentsCount" : 0,
      "shouldDisplayMessage" : false,
      "hasContent" : true
    } ],
    "attachments" : [ {
      "uid" : "886f6fabdbc0b11b",
      "name" : "Screenshot 2025-09-03 01:44:33.671447",
      "source" : "886f6fabdbc0b11b.png",
      "type" : "image/png",
      "size" : 63829
    } ],
    "parameters" : [ ],
    "stepsCount" : 10,
    "attachmentsCount" : 1,
    "shouldDisplayMessage" : true,
    "hasContent" : true
  },
  "afterStages" : [ {
    "name" : "driver::0",
    "time" : {
      "start" : 1756863873672,
      "stop" : 1756863873735,
      "duration" : 63
    },
    "status" : "passed",
    "steps" : [ ],
    "attachments" : [ ],
    "parameters" : [ ],
    "stepsCount" : 0,
    "attachmentsCount" : 0,
    "shouldDisplayMessage" : false,
    "hasContent" : false
  } ],
  "labels" : [ {
    "name" : "suite",
    "value" : "Test Profile Page."
  }, {
    "name" : "parentSuite",
    "value" : "tests_ui"
  }, {
    "name" : "subSuite",
    "value" : "TestProfilePage"
  }, {
    "name" : "host",
    "value" : "pkrvm7jw40e0xgp"
  }, {
    "name" : "thread",
    "value" : "2629-MainThread"
  }, {
    "name" : "framework",
    "value" : "pytest"
  }, {
    "name" : "language",
    "value" : "cpython3"
  }, {
    "name" : "package",
    "value" : "tests_ui.test_ui"
  }, {
    "name" : "resultFormat",
    "value" : "allure2"
  } ],
  "parameters" : [ ],
  "links" : [ ],
  "hidden" : false,
  "retry" : false,
  "extra" : {
    "severity" : "normal",
    "retries" : [ ],
    "categories" : [ {
      "name" : "Test defects",
      "matchedStatuses" : [ ],
      "flaky" : false
    } ],
    "history" : {
      "statistic" : {
        "failed" : 0,
        "broken" : 270,
        "skipped" : 0,
        "passed" : 0,
        "unknown" : 0,
        "total" : 270
      },
      "items" : [ {
        "uid" : "1bb8c72f06e34970",
        "reportUrl" : "https://lambotik.github.io/Oblache/490//#testresult/1bb8c72f06e34970",
        "status" : "broken",
        "statusDetails" : "selenium.common.exceptions.TimeoutException: Message: Can't find element by locator ('xpath', '//div[@id=\"msg_copypaste\"]')",
        "time" : {
          "start" : 1756777887340,
          "stop" : 1756777894275,
          "duration" : 6935
        }
      }, {
        "uid" : "ac9d6c6413a94739",
        "reportUrl" : "https://lambotik.github.io/Oblache/489//#testresult/ac9d6c6413a94739",
        "status" : "broken",
        "statusDetails" : "selenium.common.exceptions.TimeoutException: Message: Can't find element by locator ('xpath', '//div[@id=\"msg_copypaste\"]')",
        "time" : {
          "start" : 1756692338019,
          "stop" : 1756692346049,
          "duration" : 8030
        }
      }, {
        "uid" : "58b57d6bd3b0a131",
        "reportUrl" : "https://lambotik.github.io/Oblache/488//#testresult/58b57d6bd3b0a131",
        "status" : "broken",
        "statusDetails" : "selenium.common.exceptions.TimeoutException: Message: Can't find element by locator ('xpath', '//div[@id=\"msg_copypaste\"]')",
        "time" : {
          "start" : 1756605338318,
          "stop" : 1756605345914,
          "duration" : 7596
        }
      }, {
        "uid" : "a9b3b98fdf78b61d",
        "reportUrl" : "https://lambotik.github.io/Oblache/487//#testresult/a9b3b98fdf78b61d",
        "status" : "broken",
        "statusDetails" : "selenium.common.exceptions.TimeoutException: Message: Can't find element by locator ('xpath', '//button[@id = \"menu_button_databases\"]')\nStacktrace:\n#0 0x5606511b402a <unknown>\n#1 0x560650c53a70 <unknown>\n#2 0x560650ca5907 <unknown>\n#3 0x560650ca5b01 <unknown>\n#4 0x560650cf3d54 <unknown>\n#5 0x560650ccb40d <unknown>\n#6 0x560650cf114f <unknown>\n#7 0x560650ccb1b3 <unknown>\n#8 0x560650c9759b <unknown>\n#9 0x560650c98971 <unknown>\n#10 0x5606511791fb <unknown>\n#11 0x56065117cf49 <unknown>\n#12 0x5606511602d9 <unknown>\n#13 0x56065117daf8 <unknown>\n#14 0x560651144bbf <unknown>\n#15 0x5606511a10b8 <unknown>\n#16 0x5606511a1296 <unknown>\n#17 0x5606511b3006 <unknown>\n#18 0x7f8fff49caa4 <unknown>\n#19 0x7f8fff529c3c <unknown>",
        "time" : {
          "start" : 1756518217023,
          "stop" : 1756518222147,
          "duration" : 5124
        }
      }, {
        "uid" : "4d13595a732769c5",
        "reportUrl" : "https://lambotik.github.io/Oblache/486//#testresult/4d13595a732769c5",
        "status" : "broken",
        "statusDetails" : "selenium.common.exceptions.TimeoutException: Message: Can't find elements by locator ('xpath', '//tbody[@id=\"tbody_dbs\"]/tr')",
        "time" : {
          "start" : 1756432137416,
          "stop" : 1756432143457,
          "duration" : 6041
        }
      }, {
        "uid" : "febff90244bad41c",
        "reportUrl" : "https://lambotik.github.io/Oblache/485//#testresult/febff90244bad41c",
        "status" : "broken",
        "statusDetails" : "selenium.common.exceptions.TimeoutException: Message: Can't find elements by locator ('xpath', '//tbody[@id=\"tbody_dbs\"]/tr')",
        "time" : {
          "start" : 1756345744350,
          "stop" : 1756345750380,
          "duration" : 6030
        }
      }, {
        "uid" : "b05feb5ba2f0d13d",
        "reportUrl" : "https://lambotik.github.io/Oblache/484//#testresult/b05feb5ba2f0d13d",
        "status" : "broken",
        "statusDetails" : "selenium.common.exceptions.TimeoutException: Message: Can't find elements by locator ('xpath', '//tbody[@id=\"tbody_dbs\"]/tr')",
        "time" : {
          "start" : 1756259388038,
          "stop" : 1756259394200,
          "duration" : 6162
        }
      }, {
        "uid" : "de90b349c1719b57",
        "reportUrl" : "https://lambotik.github.io/Oblache/483//#testresult/de90b349c1719b57",
        "status" : "broken",
        "statusDetails" : "selenium.common.exceptions.TimeoutException: Message: Can't find elements by locator ('xpath', '//tbody[@id=\"tbody_dbs\"]/tr')",
        "time" : {
          "start" : 1756173217767,
          "stop" : 1756173224130,
          "duration" : 6363
        }
      }, {
        "uid" : "442adf71d5da06fc",
        "reportUrl" : "https://lambotik.github.io/Oblache/482//#testresult/442adf71d5da06fc",
        "status" : "broken",
        "statusDetails" : "selenium.common.exceptions.TimeoutException: Message: Can't find elements by locator ('xpath', '//tbody[@id=\"tbody_dbs\"]/tr')",
        "time" : {
          "start" : 1756087035065,
          "stop" : 1756087041143,
          "duration" : 6078
        }
      }, {
        "uid" : "6d8f27563a596f25",
        "reportUrl" : "https://lambotik.github.io/Oblache/481//#testresult/6d8f27563a596f25",
        "status" : "broken",
        "statusDetails" : "selenium.common.exceptions.TimeoutException: Message: Can't find elements by locator ('xpath', '//tbody[@id=\"tbody_dbs\"]/tr')",
        "time" : {
          "start" : 1756001004276,
          "stop" : 1756001010682,
          "duration" : 6406
        }
      }, {
        "uid" : "71f6bcf66bb4573",
        "reportUrl" : "https://lambotik.github.io/Oblache/480//#testresult/71f6bcf66bb4573",
        "status" : "broken",
        "statusDetails" : "selenium.common.exceptions.TimeoutException: Message: Can't find elements by locator ('xpath', '//tbody[@id=\"tbody_dbs\"]/tr')",
        "time" : {
          "start" : 1755913696888,
          "stop" : 1755913702796,
          "duration" : 5908
        }
      }, {
        "uid" : "4d9b8ade96c0ff9e",
        "reportUrl" : "https://lambotik.github.io/Oblache/479//#testresult/4d9b8ade96c0ff9e",
        "status" : "broken",
        "statusDetails" : "selenium.common.exceptions.TimeoutException: Message: Can't find elements by locator ('xpath', '//tbody[@id=\"tbody_dbs\"]/tr')",
        "time" : {
          "start" : 1755827549226,
          "stop" : 1755827555146,
          "duration" : 5920
        }
      }, {
        "uid" : "a59f5c0fec4c3488",
        "reportUrl" : "https://lambotik.github.io/Oblache/478//#testresult/a59f5c0fec4c3488",
        "status" : "broken",
        "statusDetails" : "selenium.common.exceptions.TimeoutException: Message: Can't find elements by locator ('xpath', '//tbody[@id=\"tbody_dbs\"]/tr')",
        "time" : {
          "start" : 1755741090742,
          "stop" : 1755741096804,
          "duration" : 6062
        }
      }, {
        "uid" : "c70800bee88d6ca4",
        "reportUrl" : "https://lambotik.github.io/Oblache/477//#testresult/c70800bee88d6ca4",
        "status" : "broken",
        "statusDetails" : "selenium.common.exceptions.TimeoutException: Message: Can't find elements by locator ('xpath', '//tbody[@id=\"tbody_dbs\"]/tr')",
        "time" : {
          "start" : 1755654773645,
          "stop" : 1755654779561,
          "duration" : 5916
        }
      }, {
        "uid" : "983b2098377ccb0f",
        "reportUrl" : "https://lambotik.github.io/Oblache/476//#testresult/983b2098377ccb0f",
        "status" : "broken",
        "statusDetails" : "selenium.common.exceptions.TimeoutException: Message: Can't find elements by locator ('xpath', '//tbody[@id=\"tbody_dbs\"]/tr')",
        "time" : {
          "start" : 1755568492025,
          "stop" : 1755568497931,
          "duration" : 5906
        }
      }, {
        "uid" : "577177048f0b9455",
        "reportUrl" : "https://lambotik.github.io/Oblache/475//#testresult/577177048f0b9455",
        "status" : "broken",
        "statusDetails" : "selenium.common.exceptions.TimeoutException: Message: Can't find elements by locator ('xpath', '//tbody[@id=\"tbody_dbs\"]/tr')",
        "time" : {
          "start" : 1755482856181,
          "stop" : 1755482862232,
          "duration" : 6051
        }
      }, {
        "uid" : "968607ae4b95674c",
        "reportUrl" : "https://lambotik.github.io/Oblache/474//#testresult/968607ae4b95674c",
        "status" : "broken",
        "statusDetails" : "selenium.common.exceptions.TimeoutException: Message: Can't find element by locator ('xpath', '//tbody[@id=\"tbody_dbs\"] /tr[1]/td[7] /button')\nStacktrace:\n#0 0x5561b845d05a <unknown>\n#1 0x5561b7efca70 <unknown>\n#2 0x5561b7f4e907 <unknown>\n#3 0x5561b7f4eb01 <unknown>\n#4 0x5561b7f9cd54 <unknown>\n#5 0x5561b7f7440d <unknown>\n#6 0x5561b7f9a14f <unknown>\n#7 0x5561b7f741b3 <unknown>\n#8 0x5561b7f4059b <unknown>\n#9 0x5561b7f41971 <unknown>\n#10 0x5561b842222b <unknown>\n#11 0x5561b8425f79 <unknown>\n#12 0x5561b8409309 <unknown>\n#13 0x5561b8426b28 <unknown>\n#14 0x5561b83edbef <unknown>\n#15 0x5561b844a0e8 <unknown>\n#16 0x5561b844a2c6 <unknown>\n#17 0x5561b845c036 <unknown>\n#18 0x7f4921a9caa4 <unknown>\n#19 0x7f4921b29c3c <unknown>",
        "time" : {
          "start" : 1755396525995,
          "stop" : 1755396533201,
          "duration" : 7206
        }
      }, {
        "uid" : "322f503b82b14461",
        "reportUrl" : "https://lambotik.github.io/Oblache/473//#testresult/322f503b82b14461",
        "status" : "broken",
        "statusDetails" : "selenium.common.exceptions.TimeoutException: Message: Can't find element by locator ('xpath', '//tbody[@id=\"tbody_dbs\"] /tr[1]/td[7] /button')\nStacktrace:\n#0 0x55b48cc0505a <unknown>\n#1 0x55b48c6a4a70 <unknown>\n#2 0x55b48c6f6907 <unknown>\n#3 0x55b48c6f6b01 <unknown>\n#4 0x55b48c744d54 <unknown>\n#5 0x55b48c71c40d <unknown>\n#6 0x55b48c74214f <unknown>\n#7 0x55b48c71c1b3 <unknown>\n#8 0x55b48c6e859b <unknown>\n#9 0x55b48c6e9971 <unknown>\n#10 0x55b48cbca22b <unknown>\n#11 0x55b48cbcdf79 <unknown>\n#12 0x55b48cbb1309 <unknown>\n#13 0x55b48cbceb28 <unknown>\n#14 0x55b48cb95bef <unknown>\n#15 0x55b48cbf20e8 <unknown>\n#16 0x55b48cbf22c6 <unknown>\n#17 0x55b48cc04036 <unknown>\n#18 0x7f2e0cc9caa4 <unknown>\n#19 0x7f2e0cd29c3c <unknown>",
        "time" : {
          "start" : 1755309458570,
          "stop" : 1755309465744,
          "duration" : 7174
        }
      }, {
        "uid" : "64fb500b41e0be89",
        "reportUrl" : "https://lambotik.github.io/Oblache/472//#testresult/64fb500b41e0be89",
        "status" : "broken",
        "statusDetails" : "selenium.common.exceptions.TimeoutException: Message: Can't find element by locator ('xpath', '//button[@id = \"menu_button_databases\"]')\nStacktrace:\n#0 0x55957e7e105a <unknown>\n#1 0x55957e280a70 <unknown>\n#2 0x55957e2d2907 <unknown>\n#3 0x55957e2d2b01 <unknown>\n#4 0x55957e320d54 <unknown>\n#5 0x55957e2f840d <unknown>\n#6 0x55957e31e14f <unknown>\n#7 0x55957e2f81b3 <unknown>\n#8 0x55957e2c459b <unknown>\n#9 0x55957e2c5971 <unknown>\n#10 0x55957e7a622b <unknown>\n#11 0x55957e7a9f79 <unknown>\n#12 0x55957e78d309 <unknown>\n#13 0x55957e7aab28 <unknown>\n#14 0x55957e771bef <unknown>\n#15 0x55957e7ce0e8 <unknown>\n#16 0x55957e7ce2c6 <unknown>\n#17 0x55957e7e0036 <unknown>\n#18 0x7f8c78c9caa4 <unknown>\n#19 0x7f8c78d29c3c <unknown>",
        "time" : {
          "start" : 1755223260357,
          "stop" : 1755223265484,
          "duration" : 5127
        }
      }, {
        "uid" : "e5553d58d469b6aa",
        "reportUrl" : "https://lambotik.github.io/Oblache/471//#testresult/e5553d58d469b6aa",
        "status" : "broken",
        "statusDetails" : "selenium.common.exceptions.TimeoutException: Message: Can't find element by locator ('xpath', '//tbody[@id=\"tbody_dbs\"] /tr[1]/td[7] /button')\nStacktrace:\n#0 0x561269db22ca <unknown>\n#1 0x561269859550 <unknown>\n#2 0x5612698ab0f0 <unknown>\n#3 0x5612698ab2e1 <unknown>\n#4 0x5612698f95e4 <unknown>\n#5 0x5612698d0bed <unknown>\n#6 0x5612698f69e6 <unknown>\n#7 0x5612698d0993 <unknown>\n#8 0x56126989cd6b <unknown>\n#9 0x56126989e141 <unknown>\n#10 0x561269d772ab <unknown>\n#11 0x561269d7b0b9 <unknown>\n#12 0x561269d5e139 <unknown>\n#13 0x561269d7bc68 <unknown>\n#14 0x561269d4260f <unknown>\n#15 0x561269da01f8 <unknown>\n#16 0x561269da03d6 <unknown>\n#17 0x561269db15e6 <unknown>\n#18 0x7f2a9f89caa4 <unknown>\n#19 0x7f2a9f929c3c <unknown>",
        "time" : {
          "start" : 1755136966077,
          "stop" : 1755136973014,
          "duration" : 6937
        }
      } ]
    },
    "tags" : [ ]
  },
  "source" : "9b5595af73678d70.json",
  "parameterValues" : [ ]
}