{
  "uid" : "4b4757e66a1912dae1a509f688f20b0f",
  "children" : [ {
    "name" : "Product defects",
    "children" : [ {
      "name" : "AssertionError: Incorrect status code: 400",
      "children" : [ {
        "name" : "Complex",
        "uid" : "af49b96ac2e7af28",
        "parentUid" : "ec1bdd9b3acf2f50888fb060bbbb524f",
        "status" : "failed",
        "time" : {
          "start" : 1756345659791,
          "stop" : 1756345660675,
          "duration" : 884
        },
        "flaky" : false,
        "newFailed" : false,
        "parameters" : [ ]
      }, {
        "name" : "POST db_create",
        "uid" : "244f14a7db32a4e3",
        "parentUid" : "ec1bdd9b3acf2f50888fb060bbbb524f",
        "status" : "failed",
        "time" : {
          "start" : 1756345671844,
          "stop" : 1756345672460,
          "duration" : 616
        },
        "flaky" : true,
        "newFailed" : false,
        "parameters" : [ ]
      }, {
        "name" : "test order db create backup",
        "uid" : "4d35fc933e76795f",
        "parentUid" : "ec1bdd9b3acf2f50888fb060bbbb524f",
        "status" : "failed",
        "time" : {
          "start" : 1756345682903,
          "stop" : 1756345683213,
          "duration" : 310
        },
        "flaky" : false,
        "newFailed" : false,
        "parameters" : [ ]
      } ],
      "uid" : "ec1bdd9b3acf2f50888fb060bbbb524f"
    }, {
      "name" : "AssertionError: Incorrect status code: 405",
      "children" : [ {
        "name" : "GET profile information.",
        "uid" : "9348d39d96ddcfe8",
        "parentUid" : "6ce48077ee434b83114021643b9f0289",
        "status" : "failed",
        "time" : {
          "start" : 1756345661851,
          "stop" : 1756345662306,
          "duration" : 455
        },
        "flaky" : false,
        "newFailed" : false,
        "parameters" : [ ]
      }, {
        "name" : "GET profile status.",
        "uid" : "f1c5642041e0573e",
        "parentUid" : "6ce48077ee434b83114021643b9f0289",
        "status" : "failed",
        "time" : {
          "start" : 1756345664036,
          "stop" : 1756345664332,
          "duration" : 296
        },
        "flaky" : false,
        "newFailed" : false,
        "parameters" : [ ]
      } ],
      "uid" : "6ce48077ee434b83114021643b9f0289"
    }, {
      "name" : "AssertionError: Incorrect status code: 403",
      "children" : [ {
        "name" : "POST create_docker_container",
        "uid" : "747415e680f0e457",
        "parentUid" : "dd07c1ccd1e26c576ac68eafee6c1c27",
        "status" : "failed",
        "time" : {
          "start" : 1756345676080,
          "stop" : 1756345677494,
          "duration" : 1414
        },
        "flaky" : true,
        "newFailed" : false,
        "parameters" : [ ]
      }, {
        "name" : "POST checking ports_len positive",
        "uid" : "3883135b9525c55",
        "parentUid" : "dd07c1ccd1e26c576ac68eafee6c1c27",
        "status" : "failed",
        "time" : {
          "start" : 1756345677505,
          "stop" : 1756345678291,
          "duration" : 786
        },
        "flaky" : true,
        "newFailed" : false,
        "parameters" : [ ]
      } ],
      "uid" : "dd07c1ccd1e26c576ac68eafee6c1c27"
    }, {
      "name" : "AssertionError: Result is not equal expected value",
      "children" : [ {
        "name" : "test order db create backup with wrong uuid",
        "uid" : "161fb624a6f2c929",
        "parentUid" : "eac86bbafedf046c6aeabf682ad8bd58",
        "status" : "failed",
        "time" : {
          "start" : 1756345684141,
          "stop" : 1756345684450,
          "duration" : 309
        },
        "flaky" : false,
        "newFailed" : false,
        "parameters" : [ ]
      }, {
        "name" : "test order db create backup non-belonging db",
        "uid" : "b6c0b3624684be0d",
        "parentUid" : "eac86bbafedf046c6aeabf682ad8bd58",
        "status" : "failed",
        "time" : {
          "start" : 1756345685800,
          "stop" : 1756345686114,
          "duration" : 314
        },
        "flaky" : false,
        "newFailed" : false,
        "parameters" : [ ]
      } ],
      "uid" : "eac86bbafedf046c6aeabf682ad8bd58"
    }, {
      "name" : "AssertionError: Incorrect status code: 404",
      "children" : [ {
        "name" : "POST check static webpages without toke.",
        "uid" : "4fd248a683cbc1cb",
        "parentUid" : "0d4e03b7d50c1c3952192a83346e780e",
        "status" : "failed",
        "time" : {
          "start" : 1756345686450,
          "stop" : 1756345686739,
          "duration" : 289
        },
        "flaky" : false,
        "newFailed" : false,
        "parameters" : [ ]
      } ],
      "uid" : "0d4e03b7d50c1c3952192a83346e780e"
    } ],
    "uid" : "8fb3a91ba5aaf9de24cc8a92edc82b5d"
  }, {
    "name" : "Test defects",
    "children" : [ {
      "name" : "KeyError: 'data'",
      "children" : [ {
        "name" : "Capacity_db",
        "uid" : "13e0316507fa463b",
        "parentUid" : "88ef35aeec016ef5066919761f4f2226",
        "status" : "broken",
        "time" : {
          "start" : 1756345660731,
          "stop" : 1756345661016,
          "duration" : 285
        },
        "flaky" : false,
        "newFailed" : false,
        "parameters" : [ ]
      } ],
      "uid" : "88ef35aeec016ef5066919761f4f2226"
    }, {
      "name" : "IndexError: list index out of range",
      "children" : [ {
        "name" : "POST delete_container",
        "uid" : "bb1ef5a9b1ee7285",
        "parentUid" : "cbf21ee610ffd376e0ce643a364ade80",
        "status" : "broken",
        "time" : {
          "start" : 1756345680393,
          "stop" : 1756345680701,
          "duration" : 308
        },
        "flaky" : false,
        "newFailed" : false,
        "parameters" : [ ]
      } ],
      "uid" : "cbf21ee610ffd376e0ce643a364ade80"
    }, {
      "name" : "selenium.common.exceptions.TimeoutException: Message: Can't find element by locator ('xpath', '//button[@id=\"menu_button_webpages\"]')\nStacktrace:\n#0 0x555d17b9f02a <unknown>\n#1 0x555d1763ea70 <unknown>\n#2 0x555d17690907 <unknown>\n#3 0x555d17690b01 <unknown>\n#4 0x555d176ded54 <unknown>\n#5 0x555d176b640d <unknown>\n#6 0x555d176dc14f <unknown>\n#7 0x555d176b61b3 <unknown>\n#8 0x555d1768259b <unknown>\n#9 0x555d17683971 <unknown>\n#10 0x555d17b641fb <unknown>\n#11 0x555d17b67f49 <unknown>\n#12 0x555d17b4b2d9 <unknown>\n#13 0x555d17b68af8 <unknown>\n#14 0x555d17b2fbbf <unknown>\n#15 0x555d17b8c0b8 <unknown>\n#16 0x555d17b8c296 <unknown>\n#17 0x555d17b9e006 <unknown>\n#18 0x7fe85fa9caa4 <unknown>\n#19 0x7fe85fb29c3c <unknown>",
      "children" : [ {
        "name" : "test_open_static_site_page",
        "uid" : "58664c38d80252e6",
        "parentUid" : "627c29fa5bd8d7a18673f2df0b7570a5",
        "status" : "broken",
        "time" : {
          "start" : 1756345707081,
          "stop" : 1756345712489,
          "duration" : 5408
        },
        "flaky" : false,
        "newFailed" : false,
        "parameters" : [ ]
      } ],
      "uid" : "627c29fa5bd8d7a18673f2df0b7570a5"
    }, {
      "name" : "selenium.common.exceptions.TimeoutException: Message: Can't find element by locator ('xpath', '//button[@id=\"menu_button_webpages\"]')\nStacktrace:\n#0 0x5616ffd2f02a <unknown>\n#1 0x5616ff7cea70 <unknown>\n#2 0x5616ff820907 <unknown>\n#3 0x5616ff820b01 <unknown>\n#4 0x5616ff86ed54 <unknown>\n#5 0x5616ff84640d <unknown>\n#6 0x5616ff86c14f <unknown>\n#7 0x5616ff8461b3 <unknown>\n#8 0x5616ff81259b <unknown>\n#9 0x5616ff813971 <unknown>\n#10 0x5616ffcf41fb <unknown>\n#11 0x5616ffcf7f49 <unknown>\n#12 0x5616ffcdb2d9 <unknown>\n#13 0x5616ffcf8af8 <unknown>\n#14 0x5616ffcbfbbf <unknown>\n#15 0x5616ffd1c0b8 <unknown>\n#16 0x5616ffd1c296 <unknown>\n#17 0x5616ffd2e006 <unknown>\n#18 0x7fd49f49caa4 <unknown>\n#19 0x7fd49f529c3c <unknown>",
      "children" : [ {
        "name" : "test_check_title_of_static_table",
        "uid" : "1d51e5d116cb05bd",
        "parentUid" : "5576802c9c345e93e1726d28c503bf8c",
        "status" : "broken",
        "time" : {
          "start" : 1756345713412,
          "stop" : 1756345718807,
          "duration" : 5395
        },
        "flaky" : false,
        "newFailed" : false,
        "parameters" : [ ]
      } ],
      "uid" : "5576802c9c345e93e1726d28c503bf8c"
    }, {
      "name" : "selenium.common.exceptions.TimeoutException: Message: Can't find element by locator ('xpath', '//div[@id=\"msg_from_server\"]')",
      "children" : [ {
        "name" : "test_create_database",
        "uid" : "531d1673b39291b9",
        "parentUid" : "3ade11a03a0ed1fd0050f9b450596951",
        "status" : "broken",
        "time" : {
          "start" : 1756345719732,
          "stop" : 1756345727879,
          "duration" : 8147
        },
        "flaky" : false,
        "newFailed" : false,
        "parameters" : [ ]
      } ],
      "uid" : "3ade11a03a0ed1fd0050f9b450596951"
    }, {
      "name" : "selenium.common.exceptions.TimeoutException: Message: Can't find elements by locator ('xpath', '//tbody[@id=\"tbody_dbs\"]/tr')",
      "children" : [ {
        "name" : "test_delete_database",
        "uid" : "3b3542c90447542d",
        "parentUid" : "e156df9511dbef675f6228c9996192c5",
        "status" : "broken",
        "time" : {
          "start" : 1756345728783,
          "stop" : 1756345736612,
          "duration" : 7829
        },
        "flaky" : false,
        "newFailed" : false,
        "parameters" : [ ]
      }, {
        "name" : "test_clipboard_jdbc",
        "uid" : "febff90244bad41c",
        "parentUid" : "e156df9511dbef675f6228c9996192c5",
        "status" : "broken",
        "time" : {
          "start" : 1756345744350,
          "stop" : 1756345750380,
          "duration" : 6030
        },
        "flaky" : false,
        "newFailed" : false,
        "parameters" : [ ]
      } ],
      "uid" : "e156df9511dbef675f6228c9996192c5"
    }, {
      "name" : "selenium.common.exceptions.TimeoutException: Message: Can't find elements by locator ('xpath', '//tbody[@id=\"tbody_dbs\"]//tr')",
      "children" : [ {
        "name" : "test_clipboard",
        "uid" : "30f2ec2211514c03",
        "parentUid" : "b942fddcb4d57cbcfa2fa615fa55900e",
        "status" : "broken",
        "time" : {
          "start" : 1756345737515,
          "stop" : 1756345743441,
          "duration" : 5926
        },
        "flaky" : false,
        "newFailed" : false,
        "parameters" : [ ]
      } ],
      "uid" : "b942fddcb4d57cbcfa2fa615fa55900e"
    }, {
      "name" : "selenium.common.exceptions.TimeoutException: Message: Can't find element by locator ('xpath', '//table[@id=\"table_containers\"] //tr[1]/td[3] /button')\nStacktrace:\n#0 0x55857ee3602a <unknown>\n#1 0x55857e8d5a70 <unknown>\n#2 0x55857e927907 <unknown>\n#3 0x55857e927b01 <unknown>\n#4 0x55857e975d54 <unknown>\n#5 0x55857e94d40d <unknown>\n#6 0x55857e97314f <unknown>\n#7 0x55857e94d1b3 <unknown>\n#8 0x55857e91959b <unknown>\n#9 0x55857e91a971 <unknown>\n#10 0x55857edfb1fb <unknown>\n#11 0x55857edfef49 <unknown>\n#12 0x55857ede22d9 <unknown>\n#13 0x55857edffaf8 <unknown>\n#14 0x55857edc6bbf <unknown>\n#15 0x55857ee230b8 <unknown>\n#16 0x55857ee23296 <unknown>\n#17 0x55857ee35006 <unknown>\n#18 0x7fe77fc9caa4 <unknown>\n#19 0x7fe77fd29c3c <unknown>",
      "children" : [ {
        "name" : "test_clipboard_uuid_docker",
        "uid" : "d1d8459189f343eb",
        "parentUid" : "62b1a5a53b23fdce17f9251b364185ed",
        "status" : "broken",
        "time" : {
          "start" : 1756345751274,
          "stop" : 1756345757389,
          "duration" : 6115
        },
        "flaky" : false,
        "newFailed" : false,
        "parameters" : [ ]
      } ],
      "uid" : "62b1a5a53b23fdce17f9251b364185ed"
    } ],
    "uid" : "bdbf199525818fae7a8651db9eafe741"
  } ],
  "name" : "categories"
}