{
  "uid" : "d8c96f4157d29574",
  "name" : "POST checking ports_len negative symbols",
  "fullName" : "tests_api.test_bd.TestPOST#test_post_checking_ports_len_negative_symbols",
  "historyId" : "381cac88cc6f55198cae5b20cb94989e",
  "time" : {
    "start" : 1748826914565,
    "stop" : 1748826914882,
    "duration" : 317
  },
  "status" : "failed",
  "statusMessage" : "AssertionError: Result is not equal expected value",
  "statusTrace" : "self = <tests_api.test_bd.TestPOST object at 0x7f524c114500>\n\n    @allure.title('POST checking ports_len negative symbols')\n    def test_post_checking_ports_len_negative_symbols(self):\n        result = API.post_create_docker_container_checking_ports(\n            token=TestPOST.token,\n            port_len=\"qwert\")\n        Checking.check_status_code(result, 400)\n>       Checking.check_json_value(result, 'msg', \"msg[]: ports range isn't accepted\")\n\ntests_api/test_bd.py:399: \n_ _ _ _ _ _ _ _ _ _ _ _ _ _ _ _ _ _ _ _ _ _ _ _ _ _ _ _ _ _ _ _ _ _ _ _ _ _ _ _ \n\nresponse = <Response [400]>, field_name = 'msg'\nexpected_value = \"msg[]: ports range isn't accepted\"\n\n    @staticmethod\n    def check_json_value(response: requests.models.Response, field_name: str, expected_value):\n        \"\"\"\n        :param response: requests.models.Response\n        :param field_name:\n        :param expected_value:\n        \"\"\"\n        check = response.json()\n        check_info = check.get(field_name)\n        with allure.step(\n                f'Compare result request with expected value:'\n                f'\\nResponse: {response}\\nField name: {field_name}\\nValue: {expected_value}'):\n>           assert check_info == expected_value, 'Result is not equal expected value'\nE           AssertionError: Result is not equal expected value\n\ntests_api/utils/checking.py:57: AssertionError",
  "flaky" : false,
  "newFailed" : false,
  "beforeStages" : [ ],
  "testStage" : {
    "status" : "failed",
    "statusMessage" : "AssertionError: Result is not equal expected value",
    "statusTrace" : "self = <tests_api.test_bd.TestPOST object at 0x7f524c114500>\n\n    @allure.title('POST checking ports_len negative symbols')\n    def test_post_checking_ports_len_negative_symbols(self):\n        result = API.post_create_docker_container_checking_ports(\n            token=TestPOST.token,\n            port_len=\"qwert\")\n        Checking.check_status_code(result, 400)\n>       Checking.check_json_value(result, 'msg', \"msg[]: ports range isn't accepted\")\n\ntests_api/test_bd.py:399: \n_ _ _ _ _ _ _ _ _ _ _ _ _ _ _ _ _ _ _ _ _ _ _ _ _ _ _ _ _ _ _ _ _ _ _ _ _ _ _ _ \n\nresponse = <Response [400]>, field_name = 'msg'\nexpected_value = \"msg[]: ports range isn't accepted\"\n\n    @staticmethod\n    def check_json_value(response: requests.models.Response, field_name: str, expected_value):\n        \"\"\"\n        :param response: requests.models.Response\n        :param field_name:\n        :param expected_value:\n        \"\"\"\n        check = response.json()\n        check_info = check.get(field_name)\n        with allure.step(\n                f'Compare result request with expected value:'\n                f'\\nResponse: {response}\\nField name: {field_name}\\nValue: {expected_value}'):\n>           assert check_info == expected_value, 'Result is not equal expected value'\nE           AssertionError: Result is not equal expected value\n\ntests_api/utils/checking.py:57: AssertionError",
    "steps" : [ {
      "name" : "post_create_docker_container",
      "time" : {
        "start" : 1748826914565,
        "stop" : 1748826914881,
        "duration" : 316
      },
      "status" : "passed",
      "steps" : [ {
        "name" : "Endpoint: /container_create",
        "time" : {
          "start" : 1748826914881,
          "stop" : 1748826914881,
          "duration" : 0
        },
        "status" : "passed",
        "steps" : [ ],
        "attachments" : [ ],
        "parameters" : [ ],
        "stepsCount" : 0,
        "attachmentsCount" : 0,
        "shouldDisplayMessage" : false,
        "hasContent" : false
      }, {
        "name" : "Request:",
        "time" : {
          "start" : 1748826914881,
          "stop" : 1748826914881,
          "duration" : 0
        },
        "status" : "passed",
        "steps" : [ {
          "name" : "Headers: {'Content-Type': 'application/json', 'Authorization': {'fd738a43-cdb4-49c3-9c8b-408005d74585'}}",
          "time" : {
            "start" : 1748826914881,
            "stop" : 1748826914881,
            "duration" : 0
          },
          "status" : "passed",
          "steps" : [ ],
          "attachments" : [ ],
          "parameters" : [ ],
          "stepsCount" : 0,
          "attachmentsCount" : 0,
          "shouldDisplayMessage" : false,
          "hasContent" : false
        }, {
          "name" : "Body: {\"docker_image\": \"nginx\", \"int_ports\": f\"qwert\", \"env\": 3, \"region\": 3}",
          "time" : {
            "start" : 1748826914881,
            "stop" : 1748826914881,
            "duration" : 0
          },
          "status" : "passed",
          "steps" : [ ],
          "attachments" : [ ],
          "parameters" : [ ],
          "stepsCount" : 0,
          "attachmentsCount" : 0,
          "shouldDisplayMessage" : false,
          "hasContent" : false
        } ],
        "attachments" : [ ],
        "parameters" : [ ],
        "stepsCount" : 2,
        "attachmentsCount" : 0,
        "shouldDisplayMessage" : false,
        "hasContent" : true
      }, {
        "name" : "Response:",
        "time" : {
          "start" : 1748826914881,
          "stop" : 1748826914881,
          "duration" : 0
        },
        "status" : "passed",
        "steps" : [ {
          "name" : "Status code: 400",
          "time" : {
            "start" : 1748826914881,
            "stop" : 1748826914881,
            "duration" : 0
          },
          "status" : "passed",
          "steps" : [ ],
          "attachments" : [ ],
          "parameters" : [ ],
          "stepsCount" : 0,
          "attachmentsCount" : 0,
          "shouldDisplayMessage" : false,
          "hasContent" : false
        }, {
          "name" : "JSON: {\n    \"msg_code\": -1,\n    \"msg\": \"endpoint is disabled\"\n}\n",
          "time" : {
            "start" : 1748826914881,
            "stop" : 1748826914881,
            "duration" : 0
          },
          "status" : "passed",
          "steps" : [ ],
          "attachments" : [ ],
          "parameters" : [ ],
          "stepsCount" : 0,
          "attachmentsCount" : 0,
          "shouldDisplayMessage" : false,
          "hasContent" : false
        } ],
        "attachments" : [ ],
        "parameters" : [ ],
        "stepsCount" : 2,
        "attachmentsCount" : 0,
        "shouldDisplayMessage" : false,
        "hasContent" : true
      } ],
      "attachments" : [ ],
      "parameters" : [ ],
      "stepsCount" : 7,
      "attachmentsCount" : 0,
      "shouldDisplayMessage" : false,
      "hasContent" : true
    }, {
      "name" : "Assert status code: 400 == Response status code: 400",
      "time" : {
        "start" : 1748826914881,
        "stop" : 1748826914881,
        "duration" : 0
      },
      "status" : "passed",
      "steps" : [ ],
      "attachments" : [ ],
      "parameters" : [ ],
      "stepsCount" : 0,
      "attachmentsCount" : 0,
      "shouldDisplayMessage" : false,
      "hasContent" : false
    }, {
      "name" : "Compare result request with expected value:\nResponse: <Response [400]>\nField name: msg\nValue: msg[]: ports range isn't accepted",
      "time" : {
        "start" : 1748826914881,
        "stop" : 1748826914881,
        "duration" : 0
      },
      "status" : "failed",
      "statusMessage" : "AssertionError: Result is not equal expected value\n",
      "statusTrace" : "  File \"/home/runner/work/Oblache/Oblache/tests_api/utils/checking.py\", line 57, in check_json_value\n    assert check_info == expected_value, 'Result is not equal expected value'\n           ^^^^^^^^^^^^^^^^^^^^^^^^^^^^\n",
      "steps" : [ ],
      "attachments" : [ ],
      "parameters" : [ ],
      "stepsCount" : 0,
      "attachmentsCount" : 0,
      "shouldDisplayMessage" : true,
      "hasContent" : true
    } ],
    "attachments" : [ ],
    "parameters" : [ ],
    "stepsCount" : 10,
    "attachmentsCount" : 0,
    "shouldDisplayMessage" : true,
    "hasContent" : true
  },
  "afterStages" : [ ],
  "labels" : [ {
    "name" : "suite",
    "value" : "POST"
  }, {
    "name" : "parentSuite",
    "value" : "tests_api"
  }, {
    "name" : "subSuite",
    "value" : "TestPOST"
  }, {
    "name" : "host",
    "value" : "pkrvmf6wy0o8zjz"
  }, {
    "name" : "thread",
    "value" : "2567-MainThread"
  }, {
    "name" : "framework",
    "value" : "pytest"
  }, {
    "name" : "language",
    "value" : "cpython3"
  }, {
    "name" : "package",
    "value" : "tests_api.test_bd"
  }, {
    "name" : "resultFormat",
    "value" : "allure2"
  } ],
  "parameters" : [ ],
  "links" : [ ],
  "hidden" : false,
  "retry" : false,
  "extra" : {
    "severity" : "normal",
    "retries" : [ ],
    "categories" : [ {
      "name" : "Product defects",
      "matchedStatuses" : [ ],
      "flaky" : false
    } ],
    "history" : {
      "statistic" : {
        "failed" : 170,
        "broken" : 0,
        "skipped" : 0,
        "passed" : 36,
        "unknown" : 0,
        "total" : 206
      },
      "items" : [ {
        "uid" : "d7828ca7b0c69d64",
        "reportUrl" : "https://lambotik.github.io/Oblache/420//#testresult/d7828ca7b0c69d64",
        "status" : "failed",
        "statusDetails" : "AssertionError: Incorrect status code: 504",
        "time" : {
          "start" : 1748744122979,
          "stop" : 1748744183387,
          "duration" : 60408
        }
      }, {
        "uid" : "25fca62399f1d20f",
        "reportUrl" : "https://lambotik.github.io/Oblache/419//#testresult/25fca62399f1d20f",
        "status" : "failed",
        "statusDetails" : "AssertionError: Incorrect status code: 504",
        "time" : {
          "start" : 1748656832947,
          "stop" : 1748656893339,
          "duration" : 60392
        }
      }, {
        "uid" : "a0f6614e620f33dc",
        "reportUrl" : "https://lambotik.github.io/Oblache/418//#testresult/a0f6614e620f33dc",
        "status" : "failed",
        "statusDetails" : "AssertionError: Incorrect status code: 504",
        "time" : {
          "start" : 1748570423173,
          "stop" : 1748570483571,
          "duration" : 60398
        }
      }, {
        "uid" : "eabd61cfb2fd4e1b",
        "reportUrl" : "https://lambotik.github.io/Oblache/417//#testresult/eabd61cfb2fd4e1b",
        "status" : "failed",
        "statusDetails" : "AssertionError: Result is not equal expected value",
        "time" : {
          "start" : 1748481142965,
          "stop" : 1748481143329,
          "duration" : 364
        }
      }, {
        "uid" : "260e751332e0437e",
        "reportUrl" : "https://lambotik.github.io/Oblache/416//#testresult/260e751332e0437e",
        "status" : "failed",
        "statusDetails" : "AssertionError: Result is not equal expected value",
        "time" : {
          "start" : 1748394750684,
          "stop" : 1748394750998,
          "duration" : 314
        }
      }, {
        "uid" : "d30f20017a430765",
        "reportUrl" : "https://lambotik.github.io/Oblache/415//#testresult/d30f20017a430765",
        "status" : "failed",
        "statusDetails" : "AssertionError: Result is not equal expected value",
        "time" : {
          "start" : 1748308260896,
          "stop" : 1748308261202,
          "duration" : 306
        }
      }, {
        "uid" : "bb27111b4ca4d4b9",
        "reportUrl" : "https://lambotik.github.io/Oblache/414//#testresult/bb27111b4ca4d4b9",
        "status" : "failed",
        "statusDetails" : "AssertionError: Result is not equal expected value",
        "time" : {
          "start" : 1748222013305,
          "stop" : 1748222013607,
          "duration" : 302
        }
      }, {
        "uid" : "61508136ea37912b",
        "reportUrl" : "https://lambotik.github.io/Oblache/413//#testresult/61508136ea37912b",
        "status" : "failed",
        "statusDetails" : "AssertionError: Result is not equal expected value",
        "time" : {
          "start" : 1748135892440,
          "stop" : 1748135892799,
          "duration" : 359
        }
      }, {
        "uid" : "c3d6203e2a732a03",
        "reportUrl" : "https://lambotik.github.io/Oblache/412//#testresult/c3d6203e2a732a03",
        "status" : "failed",
        "statusDetails" : "AssertionError: Result is not equal expected value",
        "time" : {
          "start" : 1748048949197,
          "stop" : 1748048949695,
          "duration" : 498
        }
      }, {
        "uid" : "901179d633e933f0",
        "reportUrl" : "https://lambotik.github.io/Oblache/411//#testresult/901179d633e933f0",
        "status" : "failed",
        "statusDetails" : "AssertionError: Result is not equal expected value",
        "time" : {
          "start" : 1747962690553,
          "stop" : 1747962690926,
          "duration" : 373
        }
      }, {
        "uid" : "cc3427bffe15a0e0",
        "reportUrl" : "https://lambotik.github.io/Oblache/410//#testresult/cc3427bffe15a0e0",
        "status" : "failed",
        "statusDetails" : "AssertionError: Result is not equal expected value",
        "time" : {
          "start" : 1747876298639,
          "stop" : 1747876298998,
          "duration" : 359
        }
      }, {
        "uid" : "7c9879b9cdd62f7a",
        "reportUrl" : "https://lambotik.github.io/Oblache/409//#testresult/7c9879b9cdd62f7a",
        "status" : "failed",
        "statusDetails" : "AssertionError: Result is not equal expected value",
        "time" : {
          "start" : 1747789935967,
          "stop" : 1747789936330,
          "duration" : 363
        }
      }, {
        "uid" : "6b8f129ac47a7ef6",
        "reportUrl" : "https://lambotik.github.io/Oblache/408//#testresult/6b8f129ac47a7ef6",
        "status" : "failed",
        "statusDetails" : "AssertionError: Result is not equal expected value",
        "time" : {
          "start" : 1747703566350,
          "stop" : 1747703566653,
          "duration" : 303
        }
      }, {
        "uid" : "5774be0af08e6002",
        "reportUrl" : "https://lambotik.github.io/Oblache/407//#testresult/5774be0af08e6002",
        "status" : "failed",
        "statusDetails" : "AssertionError: Result is not equal expected value",
        "time" : {
          "start" : 1747617280502,
          "stop" : 1747617280820,
          "duration" : 318
        }
      }, {
        "uid" : "1561458f812e74cf",
        "reportUrl" : "https://lambotik.github.io/Oblache/406//#testresult/1561458f812e74cf",
        "status" : "failed",
        "statusDetails" : "AssertionError: Result is not equal expected value",
        "time" : {
          "start" : 1747530976608,
          "stop" : 1747530976964,
          "duration" : 356
        }
      }, {
        "uid" : "f7f645615c9ec21e",
        "reportUrl" : "https://lambotik.github.io/Oblache/405//#testresult/f7f645615c9ec21e",
        "status" : "failed",
        "statusDetails" : "AssertionError: Result is not equal expected value",
        "time" : {
          "start" : 1747444220527,
          "stop" : 1747444220883,
          "duration" : 356
        }
      }, {
        "uid" : "eeb4b3780406c1f6",
        "reportUrl" : "https://lambotik.github.io/Oblache/404//#testresult/eeb4b3780406c1f6",
        "status" : "failed",
        "statusDetails" : "AssertionError: Result is not equal expected value",
        "time" : {
          "start" : 1747357921081,
          "stop" : 1747357921411,
          "duration" : 330
        }
      }, {
        "uid" : "842fc0220d638a30",
        "reportUrl" : "https://lambotik.github.io/Oblache/403//#testresult/842fc0220d638a30",
        "status" : "failed",
        "statusDetails" : "AssertionError: Result is not equal expected value",
        "time" : {
          "start" : 1747271315644,
          "stop" : 1747271315945,
          "duration" : 301
        }
      }, {
        "uid" : "ad878fd97c5661f9",
        "reportUrl" : "https://lambotik.github.io/Oblache/402//#testresult/ad878fd97c5661f9",
        "status" : "failed",
        "statusDetails" : "AssertionError: Result is not equal expected value",
        "time" : {
          "start" : 1747185060555,
          "stop" : 1747185061083,
          "duration" : 528
        }
      }, {
        "uid" : "207432cb0549db85",
        "reportUrl" : "https://lambotik.github.io/Oblache/401//#testresult/207432cb0549db85",
        "status" : "failed",
        "statusDetails" : "AssertionError: Result is not equal expected value",
        "time" : {
          "start" : 1747098728270,
          "stop" : 1747098728644,
          "duration" : 374
        }
      } ]
    },
    "tags" : [ ]
  },
  "source" : "d8c96f4157d29574.json",
  "parameterValues" : [ ]
}