{
  "uid" : "389ccf25c44e84d3",
  "name" : "test order db create backup",
  "fullName" : "tests_api.test_bd.TestBackup#test_order_db_create_backup",
  "historyId" : "bbc51bc9e59c2f7de52280f53d30e264",
  "time" : {
    "start" : 1761011403066,
    "stop" : 1761011403066,
    "duration" : 0
  },
  "status" : "failed",
  "statusMessage" : "AssertionError: Incorrect status code: 502",
  "statusTrace" : "@pytest.fixture()\n    def get_token_backup_2():\n        \"\"\"\n        Method return:\\n\n        token: str\\n\n        body: dict\\n\n        uuid: str\n        \"\"\"\n        load_dotenv()\n        email = os.getenv('BACKUP2_MAIL')\n        old_password = os.getenv('BACKUP2_PASSWORD')\n        uuid = os.getenv('BACKUP2_UUID')\n        body = {\"email\": email, \"password\": old_password}\n        result = requests.post('https://dbend.areso.pro/login', json=body)\n>       Checking.check_status_code(result, 200)\n\nconftest.py:113: \n_ _ _ _ _ _ _ _ _ _ _ _ _ _ _ _ _ _ _ _ _ _ _ _ _ _ _ _ _ _ _ _ _ _ _ _ _ _ _ _ \n\nresult = <Response [502]>, status_code = 200\n\n    @staticmethod\n    def check_status_code(result: requests.models.Response, status_code: int):\n        \"\"\"\n        Method check status code\n        :param result: Response\n        :param status_code:\n        \"\"\"\n        with allure.step(f'Assert status code: {status_code} == Response status code: {result.status_code}'):\n>           assert status_code == result.status_code, f'Incorrect status code: {result.status_code}'\nE           AssertionError: Incorrect status code: 502\n\ntests_api/utils/checking.py:16: AssertionError",
  "flaky" : false,
  "newFailed" : false,
  "beforeStages" : [ {
    "name" : "get_token_backup_2",
    "time" : {
      "start" : 1761011403066,
      "stop" : 1761011403517,
      "duration" : 451
    },
    "status" : "failed",
    "statusMessage" : "AssertionError: Incorrect status code: 502\n",
    "statusTrace" : "  File \"/opt/hostedtoolcache/Python/3.12.11/x64/lib/python3.12/site-packages/pluggy/_callers.py\", line 38, in run_old_style_hookwrapper\n    res = yield\n          ^^^^^\n  File \"/opt/hostedtoolcache/Python/3.12.11/x64/lib/python3.12/site-packages/pluggy/_callers.py\", line 139, in _multicall\n    teardown.throw(exception)\n  File \"/opt/hostedtoolcache/Python/3.12.11/x64/lib/python3.12/site-packages/pluggy/_callers.py\", line 53, in run_old_style_hookwrapper\n    return result.get_result()\n           ^^^^^^^^^^^^^^^^^^^\n  File \"/opt/hostedtoolcache/Python/3.12.11/x64/lib/python3.12/site-packages/pluggy/_result.py\", line 103, in get_result\n    raise exc.with_traceback(tb)\n  File \"/opt/hostedtoolcache/Python/3.12.11/x64/lib/python3.12/site-packages/pluggy/_callers.py\", line 38, in run_old_style_hookwrapper\n    res = yield\n          ^^^^^\n  File \"/opt/hostedtoolcache/Python/3.12.11/x64/lib/python3.12/site-packages/pluggy/_callers.py\", line 121, in _multicall\n    res = hook_impl.function(*args)\n          ^^^^^^^^^^^^^^^^^^^^^^^^^\n  File \"/opt/hostedtoolcache/Python/3.12.11/x64/lib/python3.12/site-packages/_pytest/fixtures.py\", line 1123, in pytest_fixture_setup\n    result = call_fixture_func(fixturefunc, request, kwargs)\n             ^^^^^^^^^^^^^^^^^^^^^^^^^^^^^^^^^^^^^^^^^^^^^^^\n  File \"/opt/hostedtoolcache/Python/3.12.11/x64/lib/python3.12/site-packages/_pytest/fixtures.py\", line 902, in call_fixture_func\n    fixture_result = fixturefunc(**kwargs)\n                     ^^^^^^^^^^^^^^^^^^^^^\n  File \"/home/runner/work/Oblache/Oblache/conftest.py\", line 113, in get_token_backup_2\n    Checking.check_status_code(result, 200)\n  File \"/home/runner/work/Oblache/Oblache/tests_api/utils/checking.py\", line 16, in check_status_code\n    assert status_code == result.status_code, f'Incorrect status code: {result.status_code}'\n           ^^^^^^^^^^^^^^^^^^^^^^^^^^^^^^^^^\n",
    "steps" : [ {
      "name" : "Assert status code: 200 == Response status code: 502",
      "time" : {
        "start" : 1761011403517,
        "stop" : 1761011403517,
        "duration" : 0
      },
      "status" : "failed",
      "statusMessage" : "AssertionError: Incorrect status code: 502\n",
      "statusTrace" : "  File \"/home/runner/work/Oblache/Oblache/tests_api/utils/checking.py\", line 16, in check_status_code\n    assert status_code == result.status_code, f'Incorrect status code: {result.status_code}'\n           ^^^^^^^^^^^^^^^^^^^^^^^^^^^^^^^^^\n",
      "steps" : [ ],
      "attachments" : [ ],
      "parameters" : [ ],
      "stepsCount" : 0,
      "attachmentsCount" : 0,
      "shouldDisplayMessage" : true,
      "hasContent" : true
    } ],
    "attachments" : [ ],
    "parameters" : [ ],
    "stepsCount" : 1,
    "attachmentsCount" : 0,
    "shouldDisplayMessage" : false,
    "hasContent" : true
  } ],
  "afterStages" : [ ],
  "labels" : [ {
    "name" : "suite",
    "value" : "Test Backup"
  }, {
    "name" : "parentSuite",
    "value" : "tests_api"
  }, {
    "name" : "subSuite",
    "value" : "TestBackup"
  }, {
    "name" : "host",
    "value" : "runnervmwhb2z"
  }, {
    "name" : "thread",
    "value" : "2623-MainThread"
  }, {
    "name" : "framework",
    "value" : "pytest"
  }, {
    "name" : "language",
    "value" : "cpython3"
  }, {
    "name" : "package",
    "value" : "tests_api.test_bd"
  }, {
    "name" : "resultFormat",
    "value" : "allure2"
  } ],
  "parameters" : [ ],
  "links" : [ ],
  "hidden" : false,
  "retry" : false,
  "extra" : {
    "severity" : "normal",
    "retries" : [ ],
    "categories" : [ {
      "name" : "Product defects",
      "matchedStatuses" : [ ],
      "flaky" : false
    } ],
    "history" : {
      "statistic" : {
        "failed" : 101,
        "broken" : 127,
        "skipped" : 0,
        "passed" : 96,
        "unknown" : 0,
        "total" : 324
      },
      "items" : [ {
        "uid" : "dd02b6109ae4c9a5",
        "reportUrl" : "https://lambotik.github.io/Oblache/538//#testresult/dd02b6109ae4c9a5",
        "status" : "failed",
        "statusDetails" : "AssertionError: Incorrect status code: 400",
        "time" : {
          "start" : 1760925367707,
          "stop" : 1760925368017,
          "duration" : 310
        }
      }, {
        "uid" : "1d9291782a042061",
        "reportUrl" : "https://lambotik.github.io/Oblache/537//#testresult/1d9291782a042061",
        "status" : "failed",
        "statusDetails" : "AssertionError: Incorrect status code: 500",
        "time" : {
          "start" : 1760839148677,
          "stop" : 1760839148987,
          "duration" : 310
        }
      }, {
        "uid" : "3e98a85b64303dda",
        "reportUrl" : "https://lambotik.github.io/Oblache/536//#testresult/3e98a85b64303dda",
        "status" : "failed",
        "statusDetails" : "AssertionError: Incorrect status code: 500",
        "time" : {
          "start" : 1760751791187,
          "stop" : 1760751791610,
          "duration" : 423
        }
      }, {
        "uid" : "a9b4108d03f4a0b7",
        "reportUrl" : "https://lambotik.github.io/Oblache/535//#testresult/a9b4108d03f4a0b7",
        "status" : "failed",
        "statusDetails" : "AssertionError: Incorrect status code: 500",
        "time" : {
          "start" : 1760665631241,
          "stop" : 1760665631677,
          "duration" : 436
        }
      }, {
        "uid" : "5f6efbeda41110fc",
        "reportUrl" : "https://lambotik.github.io/Oblache/534//#testresult/5f6efbeda41110fc",
        "status" : "failed",
        "statusDetails" : "AssertionError: Incorrect status code: 500",
        "time" : {
          "start" : 1760579288059,
          "stop" : 1760579288436,
          "duration" : 377
        }
      }, {
        "uid" : "6fb5b0a9f23898bd",
        "reportUrl" : "https://lambotik.github.io/Oblache/533//#testresult/6fb5b0a9f23898bd",
        "status" : "failed",
        "statusDetails" : "AssertionError: Incorrect status code: 500",
        "time" : {
          "start" : 1760493011497,
          "stop" : 1760493011995,
          "duration" : 498
        }
      }, {
        "uid" : "52f2118a37d8c7f0",
        "reportUrl" : "https://lambotik.github.io/Oblache/532//#testresult/52f2118a37d8c7f0",
        "status" : "failed",
        "statusDetails" : "AssertionError: Incorrect status code: 500",
        "time" : {
          "start" : 1760406431813,
          "stop" : 1760406432121,
          "duration" : 308
        }
      }, {
        "uid" : "4bca8879be071890",
        "reportUrl" : "https://lambotik.github.io/Oblache/531//#testresult/4bca8879be071890",
        "status" : "failed",
        "statusDetails" : "AssertionError: Incorrect status code: 400",
        "time" : {
          "start" : 1760320392024,
          "stop" : 1760320392337,
          "duration" : 313
        }
      }, {
        "uid" : "46df945354f40ff6",
        "reportUrl" : "https://lambotik.github.io/Oblache/530//#testresult/46df945354f40ff6",
        "status" : "failed",
        "statusDetails" : "AssertionError: Incorrect status code: 500",
        "time" : {
          "start" : 1760233813068,
          "stop" : 1760233813578,
          "duration" : 510
        }
      }, {
        "uid" : "be22997636351e76",
        "reportUrl" : "https://lambotik.github.io/Oblache/529//#testresult/be22997636351e76",
        "status" : "failed",
        "statusDetails" : "AssertionError: Incorrect status code: 500",
        "time" : {
          "start" : 1760146929854,
          "stop" : 1760146930221,
          "duration" : 367
        }
      }, {
        "uid" : "6e13aab1e42b7a5e",
        "reportUrl" : "https://lambotik.github.io/Oblache/528//#testresult/6e13aab1e42b7a5e",
        "status" : "failed",
        "statusDetails" : "AssertionError: Incorrect status code: 502",
        "time" : {
          "start" : 1760060770715,
          "stop" : 1760060770715,
          "duration" : 0
        }
      }, {
        "uid" : "9e32e5d8d57ca502",
        "reportUrl" : "https://lambotik.github.io/Oblache/527//#testresult/9e32e5d8d57ca502",
        "status" : "failed",
        "statusDetails" : "AssertionError: Incorrect status code: 502",
        "time" : {
          "start" : 1759974311136,
          "stop" : 1759974311136,
          "duration" : 0
        }
      }, {
        "uid" : "89661d6d87b4f626",
        "reportUrl" : "https://lambotik.github.io/Oblache/526//#testresult/89661d6d87b4f626",
        "status" : "failed",
        "statusDetails" : "AssertionError: Incorrect status code: 502",
        "time" : {
          "start" : 1759887872441,
          "stop" : 1759887872441,
          "duration" : 0
        }
      }, {
        "uid" : "b2bcf31a9b611315",
        "reportUrl" : "https://lambotik.github.io/Oblache/525//#testresult/b2bcf31a9b611315",
        "status" : "failed",
        "statusDetails" : "AssertionError: Incorrect status code: 502",
        "time" : {
          "start" : 1759801449228,
          "stop" : 1759801449228,
          "duration" : 0
        }
      }, {
        "uid" : "9074e415574137c0",
        "reportUrl" : "https://lambotik.github.io/Oblache/524//#testresult/9074e415574137c0",
        "status" : "failed",
        "statusDetails" : "AssertionError: Incorrect status code: 502",
        "time" : {
          "start" : 1759715238440,
          "stop" : 1759715238440,
          "duration" : 0
        }
      }, {
        "uid" : "6bffeca7d66ca1f9",
        "reportUrl" : "https://lambotik.github.io/Oblache/523//#testresult/6bffeca7d66ca1f9",
        "status" : "failed",
        "statusDetails" : "AssertionError: Incorrect status code: 500",
        "time" : {
          "start" : 1759629249734,
          "stop" : 1759629250172,
          "duration" : 438
        }
      }, {
        "uid" : "46d7f51815842aa8",
        "reportUrl" : "https://lambotik.github.io/Oblache/522//#testresult/46d7f51815842aa8",
        "status" : "failed",
        "statusDetails" : "AssertionError: Incorrect status code: 500",
        "time" : {
          "start" : 1759542073096,
          "stop" : 1759542073528,
          "duration" : 432
        }
      }, {
        "uid" : "fe600b7ad4a47c3",
        "reportUrl" : "https://lambotik.github.io/Oblache/521//#testresult/fe600b7ad4a47c3",
        "status" : "failed",
        "statusDetails" : "AssertionError: Incorrect status code: 400",
        "time" : {
          "start" : 1759455851696,
          "stop" : 1759455852106,
          "duration" : 410
        }
      }, {
        "uid" : "8fdd569810be6d43",
        "reportUrl" : "https://lambotik.github.io/Oblache/520//#testresult/8fdd569810be6d43",
        "status" : "failed",
        "statusDetails" : "AssertionError: Incorrect status code: 400",
        "time" : {
          "start" : 1759369447829,
          "stop" : 1759369448187,
          "duration" : 358
        }
      }, {
        "uid" : "82191b221dcfa0d9",
        "reportUrl" : "https://lambotik.github.io/Oblache/519//#testresult/82191b221dcfa0d9",
        "status" : "failed",
        "statusDetails" : "AssertionError: Incorrect status code: 500",
        "time" : {
          "start" : 1759283769373,
          "stop" : 1759283769881,
          "duration" : 508
        }
      } ]
    },
    "tags" : [ ]
  },
  "source" : "389ccf25c44e84d3.json",
  "parameterValues" : [ ]
}