{
  "uid" : "561836a279cf8fe2",
  "name" : "test_clipboard_jdbc",
  "fullName" : "tests_ui.test_ui.TestProfilePage#test_clipboard_jdbc",
  "historyId" : "3c3bc2de59af179987e51569fc1d3309",
  "time" : {
    "start" : 1761011458681,
    "stop" : 1761011463776,
    "duration" : 5095
  },
  "status" : "broken",
  "statusMessage" : "selenium.common.exceptions.TimeoutException: Message: Can't find element by locator ('xpath', '//button[@id = \"menu_button_databases\"]')\nStacktrace:\n#0 0x55d104c91fba <unknown>\n#1 0x55d1047166d0 <unknown>\n#2 0x55d1047682aa <unknown>\n#3 0x55d104768541 <unknown>\n#4 0x55d1047b66c4 <unknown>\n#5 0x55d10478de5d <unknown>\n#6 0x55d1047b3b54 <unknown>\n#7 0x55d10478dc03 <unknown>\n#8 0x55d10475a7a8 <unknown>\n#9 0x55d10475b421 <unknown>\n#10 0x55d104c56b28 <unknown>\n#11 0x55d104c5a87f <unknown>\n#12 0x55d104c3ec49 <unknown>\n#13 0x55d104c5b405 <unknown>\n#14 0x55d104c244ff <unknown>\n#15 0x55d104c7f258 <unknown>\n#16 0x55d104c7f432 <unknown>\n#17 0x55d104c90fa3 <unknown>\n#18 0x7ff16a09caa4 <unknown>\n#19 0x7ff16a129c6c <unknown>",
  "statusTrace" : "self = <tests_ui.test_ui.TestProfilePage object at 0x7efe3f2a9190>\ndriver = <selenium.webdriver.chrome.webdriver.WebDriver (session=\"df4358286c15db146c3368cb1842fc61\")>\nauthorization_user = None\n\n    @allure.title('test_clipboard_jdbc')\n    def test_clipboard_jdbc(self, driver, authorization_user):\n        page = ProfilePage(driver, authorization_user)\n>       page.click_button_databases()\n\ntests_ui/test_ui.py:106: \n_ _ _ _ _ _ _ _ _ _ _ _ _ _ _ _ _ _ _ _ _ _ _ _ _ _ _ _ _ _ _ _ _ _ _ _ _ _ _ _ \ntests_ui/profile_page.py:36: in click_button_databases\n    return self.element_is_present_and_clickable(self.locators.DATABASE_BUTTON).click()\ntests_ui/base_page.py:28: in element_is_present_and_clickable\n    return (Wait(self.driver, self.timeout).until(\n_ _ _ _ _ _ _ _ _ _ _ _ _ _ _ _ _ _ _ _ _ _ _ _ _ _ _ _ _ _ _ _ _ _ _ _ _ _ _ _ \n\nself = <selenium.webdriver.support.wait.WebDriverWait (session=\"df4358286c15db146c3368cb1842fc61\")>\nmethod = <function visibility_of_element_located.<locals>._predicate at 0x7efe3e9c7880>\nmessage = 'Can\\'t find element by locator (\\'xpath\\', \\'//button[@id = \"menu_button_databases\"]\\')'\n\n    def until(self, method: Callable[[D], Union[Literal[False], T]], message: str = \"\") -> T:\n        \"\"\"Calls the method provided with the driver as an argument until the \\\n        return value does not evaluate to ``False``.\n    \n        :param method: callable(WebDriver)\n        :param message: optional message for :exc:`TimeoutException`\n        :returns: the result of the last call to `method`\n        :raises: :exc:`selenium.common.exceptions.TimeoutException` if timeout occurs\n        \"\"\"\n        screen = None\n        stacktrace = None\n    \n        end_time = time.monotonic() + self._timeout\n        while True:\n            try:\n                value = method(self._driver)\n                if value:\n                    return value\n            except self._ignored_exceptions as exc:\n                screen = getattr(exc, \"screen\", None)\n                stacktrace = getattr(exc, \"stacktrace\", None)\n            time.sleep(self._poll)\n            if time.monotonic() > end_time:\n                break\n>       raise TimeoutException(message, screen, stacktrace)\nE       selenium.common.exceptions.TimeoutException: Message: Can't find element by locator ('xpath', '//button[@id = \"menu_button_databases\"]')\nE       Stacktrace:\nE       #0 0x55d104c91fba <unknown>\nE       #1 0x55d1047166d0 <unknown>\nE       #2 0x55d1047682aa <unknown>\nE       #3 0x55d104768541 <unknown>\nE       #4 0x55d1047b66c4 <unknown>\nE       #5 0x55d10478de5d <unknown>\nE       #6 0x55d1047b3b54 <unknown>\nE       #7 0x55d10478dc03 <unknown>\nE       #8 0x55d10475a7a8 <unknown>\nE       #9 0x55d10475b421 <unknown>\nE       #10 0x55d104c56b28 <unknown>\nE       #11 0x55d104c5a87f <unknown>\nE       #12 0x55d104c3ec49 <unknown>\nE       #13 0x55d104c5b405 <unknown>\nE       #14 0x55d104c244ff <unknown>\nE       #15 0x55d104c7f258 <unknown>\nE       #16 0x55d104c7f432 <unknown>\nE       #17 0x55d104c90fa3 <unknown>\nE       #18 0x7ff16a09caa4 <unknown>\nE       #19 0x7ff16a129c6c <unknown>\n\n/opt/hostedtoolcache/Python/3.12.11/x64/lib/python3.12/site-packages/selenium/webdriver/support/wait.py:105: TimeoutException",
  "flaky" : false,
  "newFailed" : false,
  "beforeStages" : [ {
    "name" : "authorization_user",
    "time" : {
      "start" : 1761011458017,
      "stop" : 1761011458680,
      "duration" : 663
    },
    "status" : "passed",
    "steps" : [ {
      "name" : "Open page: https://oblache.areso.pro/register.html",
      "time" : {
        "start" : 1761011458017,
        "stop" : 1761011458486,
        "duration" : 469
      },
      "status" : "passed",
      "steps" : [ ],
      "attachments" : [ ],
      "parameters" : [ ],
      "stepsCount" : 0,
      "attachmentsCount" : 0,
      "shouldDisplayMessage" : false,
      "hasContent" : false
    }, {
      "name" : "Login user",
      "time" : {
        "start" : 1761011458486,
        "stop" : 1761011458680,
        "duration" : 194
      },
      "status" : "passed",
      "steps" : [ {
        "name" : "Enter email.",
        "time" : {
          "start" : 1761011458486,
          "stop" : 1761011458544,
          "duration" : 58
        },
        "status" : "passed",
        "steps" : [ ],
        "attachments" : [ ],
        "parameters" : [ ],
        "stepsCount" : 0,
        "attachmentsCount" : 0,
        "shouldDisplayMessage" : false,
        "hasContent" : false
      }, {
        "name" : "Enter password.",
        "time" : {
          "start" : 1761011458544,
          "stop" : 1761011458587,
          "duration" : 43
        },
        "status" : "passed",
        "steps" : [ ],
        "attachments" : [ ],
        "parameters" : [ ],
        "stepsCount" : 0,
        "attachmentsCount" : 0,
        "shouldDisplayMessage" : false,
        "hasContent" : false
      }, {
        "name" : "Click button \"Login\"",
        "time" : {
          "start" : 1761011458587,
          "stop" : 1761011458677,
          "duration" : 90
        },
        "status" : "passed",
        "steps" : [ ],
        "attachments" : [ ],
        "parameters" : [ ],
        "stepsCount" : 0,
        "attachmentsCount" : 0,
        "shouldDisplayMessage" : false,
        "hasContent" : false
      }, {
        "name" : "Check url is present: https://oblache.areso.pro/register.html",
        "time" : {
          "start" : 1761011458677,
          "stop" : 1761011458680,
          "duration" : 3
        },
        "status" : "passed",
        "steps" : [ ],
        "attachments" : [ ],
        "parameters" : [ ],
        "stepsCount" : 0,
        "attachmentsCount" : 0,
        "shouldDisplayMessage" : false,
        "hasContent" : false
      } ],
      "attachments" : [ ],
      "parameters" : [ ],
      "stepsCount" : 4,
      "attachmentsCount" : 0,
      "shouldDisplayMessage" : false,
      "hasContent" : true
    } ],
    "attachments" : [ ],
    "parameters" : [ ],
    "stepsCount" : 6,
    "attachmentsCount" : 0,
    "shouldDisplayMessage" : false,
    "hasContent" : true
  }, {
    "name" : "driver",
    "time" : {
      "start" : 1761011457758,
      "stop" : 1761011458016,
      "duration" : 258
    },
    "status" : "passed",
    "steps" : [ ],
    "attachments" : [ ],
    "parameters" : [ ],
    "stepsCount" : 0,
    "attachmentsCount" : 0,
    "shouldDisplayMessage" : false,
    "hasContent" : false
  } ],
  "testStage" : {
    "status" : "broken",
    "statusMessage" : "selenium.common.exceptions.TimeoutException: Message: Can't find element by locator ('xpath', '//button[@id = \"menu_button_databases\"]')\nStacktrace:\n#0 0x55d104c91fba <unknown>\n#1 0x55d1047166d0 <unknown>\n#2 0x55d1047682aa <unknown>\n#3 0x55d104768541 <unknown>\n#4 0x55d1047b66c4 <unknown>\n#5 0x55d10478de5d <unknown>\n#6 0x55d1047b3b54 <unknown>\n#7 0x55d10478dc03 <unknown>\n#8 0x55d10475a7a8 <unknown>\n#9 0x55d10475b421 <unknown>\n#10 0x55d104c56b28 <unknown>\n#11 0x55d104c5a87f <unknown>\n#12 0x55d104c3ec49 <unknown>\n#13 0x55d104c5b405 <unknown>\n#14 0x55d104c244ff <unknown>\n#15 0x55d104c7f258 <unknown>\n#16 0x55d104c7f432 <unknown>\n#17 0x55d104c90fa3 <unknown>\n#18 0x7ff16a09caa4 <unknown>\n#19 0x7ff16a129c6c <unknown>",
    "statusTrace" : "self = <tests_ui.test_ui.TestProfilePage object at 0x7efe3f2a9190>\ndriver = <selenium.webdriver.chrome.webdriver.WebDriver (session=\"df4358286c15db146c3368cb1842fc61\")>\nauthorization_user = None\n\n    @allure.title('test_clipboard_jdbc')\n    def test_clipboard_jdbc(self, driver, authorization_user):\n        page = ProfilePage(driver, authorization_user)\n>       page.click_button_databases()\n\ntests_ui/test_ui.py:106: \n_ _ _ _ _ _ _ _ _ _ _ _ _ _ _ _ _ _ _ _ _ _ _ _ _ _ _ _ _ _ _ _ _ _ _ _ _ _ _ _ \ntests_ui/profile_page.py:36: in click_button_databases\n    return self.element_is_present_and_clickable(self.locators.DATABASE_BUTTON).click()\ntests_ui/base_page.py:28: in element_is_present_and_clickable\n    return (Wait(self.driver, self.timeout).until(\n_ _ _ _ _ _ _ _ _ _ _ _ _ _ _ _ _ _ _ _ _ _ _ _ _ _ _ _ _ _ _ _ _ _ _ _ _ _ _ _ \n\nself = <selenium.webdriver.support.wait.WebDriverWait (session=\"df4358286c15db146c3368cb1842fc61\")>\nmethod = <function visibility_of_element_located.<locals>._predicate at 0x7efe3e9c7880>\nmessage = 'Can\\'t find element by locator (\\'xpath\\', \\'//button[@id = \"menu_button_databases\"]\\')'\n\n    def until(self, method: Callable[[D], Union[Literal[False], T]], message: str = \"\") -> T:\n        \"\"\"Calls the method provided with the driver as an argument until the \\\n        return value does not evaluate to ``False``.\n    \n        :param method: callable(WebDriver)\n        :param message: optional message for :exc:`TimeoutException`\n        :returns: the result of the last call to `method`\n        :raises: :exc:`selenium.common.exceptions.TimeoutException` if timeout occurs\n        \"\"\"\n        screen = None\n        stacktrace = None\n    \n        end_time = time.monotonic() + self._timeout\n        while True:\n            try:\n                value = method(self._driver)\n                if value:\n                    return value\n            except self._ignored_exceptions as exc:\n                screen = getattr(exc, \"screen\", None)\n                stacktrace = getattr(exc, \"stacktrace\", None)\n            time.sleep(self._poll)\n            if time.monotonic() > end_time:\n                break\n>       raise TimeoutException(message, screen, stacktrace)\nE       selenium.common.exceptions.TimeoutException: Message: Can't find element by locator ('xpath', '//button[@id = \"menu_button_databases\"]')\nE       Stacktrace:\nE       #0 0x55d104c91fba <unknown>\nE       #1 0x55d1047166d0 <unknown>\nE       #2 0x55d1047682aa <unknown>\nE       #3 0x55d104768541 <unknown>\nE       #4 0x55d1047b66c4 <unknown>\nE       #5 0x55d10478de5d <unknown>\nE       #6 0x55d1047b3b54 <unknown>\nE       #7 0x55d10478dc03 <unknown>\nE       #8 0x55d10475a7a8 <unknown>\nE       #9 0x55d10475b421 <unknown>\nE       #10 0x55d104c56b28 <unknown>\nE       #11 0x55d104c5a87f <unknown>\nE       #12 0x55d104c3ec49 <unknown>\nE       #13 0x55d104c5b405 <unknown>\nE       #14 0x55d104c244ff <unknown>\nE       #15 0x55d104c7f258 <unknown>\nE       #16 0x55d104c7f432 <unknown>\nE       #17 0x55d104c90fa3 <unknown>\nE       #18 0x7ff16a09caa4 <unknown>\nE       #19 0x7ff16a129c6c <unknown>\n\n/opt/hostedtoolcache/Python/3.12.11/x64/lib/python3.12/site-packages/selenium/webdriver/support/wait.py:105: TimeoutException",
    "steps" : [ {
      "name" : "Click \"Databases\" button.",
      "time" : {
        "start" : 1761011458681,
        "stop" : 1761011463775,
        "duration" : 5094
      },
      "status" : "broken",
      "statusMessage" : "selenium.common.exceptions.TimeoutException: Message: Can't find element by locator ('xpath', '//button[@id = \"menu_button_databases\"]')\nStacktrace:\n#0 0x55d104c91fba <unknown>\n#1 0x55d1047166d0 <unknown>\n#2 0x55d1047682aa <unknown>\n#3 0x55d104768541 <unknown>\n#4 0x55d1047b66c4 <unknown>\n#5 0x55d10478de5d <unknown>\n#6 0x55d1047b3b54 <unknown>\n#7 0x55d10478dc03 <unknown>\n#8 0x55d10475a7a8 <unknown>\n#9 0x55d10475b421 <unknown>\n#10 0x55d104c56b28 <unknown>\n#11 0x55d104c5a87f <unknown>\n#12 0x55d104c3ec49 <unknown>\n#13 0x55d104c5b405 <unknown>\n#14 0x55d104c244ff <unknown>\n#15 0x55d104c7f258 <unknown>\n#16 0x55d104c7f432 <unknown>\n#17 0x55d104c90fa3 <unknown>\n#18 0x7ff16a09caa4 <unknown>\n#19 0x7ff16a129c6c <unknown>\n\n",
      "statusTrace" : "  File \"/home/runner/work/Oblache/Oblache/tests_ui/profile_page.py\", line 36, in click_button_databases\n    return self.element_is_present_and_clickable(self.locators.DATABASE_BUTTON).click()\n           ^^^^^^^^^^^^^^^^^^^^^^^^^^^^^^^^^^^^^^^^^^^^^^^^^^^^^^^^^^^^^^^^^^^^\n  File \"/home/runner/work/Oblache/Oblache/tests_ui/base_page.py\", line 28, in element_is_present_and_clickable\n    return (Wait(self.driver, self.timeout).until(\n            ^^^^^^^^^^^^^^^^^^^^^^^^^^^^^^^^^^^^^^\n  File \"/opt/hostedtoolcache/Python/3.12.11/x64/lib/python3.12/site-packages/selenium/webdriver/support/wait.py\", line 105, in until\n    raise TimeoutException(message, screen, stacktrace)\n",
      "steps" : [ ],
      "attachments" : [ ],
      "parameters" : [ ],
      "stepsCount" : 0,
      "attachmentsCount" : 0,
      "shouldDisplayMessage" : true,
      "hasContent" : true
    } ],
    "attachments" : [ {
      "uid" : "e155cb473c43f64c",
      "name" : "Screenshot 2025-10-21 01:51:03.828101",
      "source" : "e155cb473c43f64c.png",
      "type" : "image/png",
      "size" : 15433
    } ],
    "parameters" : [ ],
    "stepsCount" : 1,
    "attachmentsCount" : 1,
    "shouldDisplayMessage" : true,
    "hasContent" : true
  },
  "afterStages" : [ {
    "name" : "driver::0",
    "time" : {
      "start" : 1761011463829,
      "stop" : 1761011463889,
      "duration" : 60
    },
    "status" : "passed",
    "steps" : [ ],
    "attachments" : [ ],
    "parameters" : [ ],
    "stepsCount" : 0,
    "attachmentsCount" : 0,
    "shouldDisplayMessage" : false,
    "hasContent" : false
  } ],
  "labels" : [ {
    "name" : "suite",
    "value" : "Test Profile Page."
  }, {
    "name" : "parentSuite",
    "value" : "tests_ui"
  }, {
    "name" : "subSuite",
    "value" : "TestProfilePage"
  }, {
    "name" : "host",
    "value" : "runnervmwhb2z"
  }, {
    "name" : "thread",
    "value" : "2623-MainThread"
  }, {
    "name" : "framework",
    "value" : "pytest"
  }, {
    "name" : "language",
    "value" : "cpython3"
  }, {
    "name" : "package",
    "value" : "tests_ui.test_ui"
  }, {
    "name" : "resultFormat",
    "value" : "allure2"
  } ],
  "parameters" : [ ],
  "links" : [ ],
  "hidden" : false,
  "retry" : false,
  "extra" : {
    "severity" : "normal",
    "retries" : [ ],
    "categories" : [ {
      "name" : "Test defects",
      "matchedStatuses" : [ ],
      "flaky" : false
    } ],
    "history" : {
      "statistic" : {
        "failed" : 0,
        "broken" : 318,
        "skipped" : 0,
        "passed" : 0,
        "unknown" : 0,
        "total" : 318
      },
      "items" : [ {
        "uid" : "f0ddaeae3b147734",
        "reportUrl" : "https://lambotik.github.io/Oblache/538//#testresult/f0ddaeae3b147734",
        "status" : "broken",
        "statusDetails" : "selenium.common.exceptions.TimeoutException: Message: Can't find element by locator ('xpath', '//div[@id=\"msg_copypaste\"]')",
        "time" : {
          "start" : 1760925426134,
          "stop" : 1760925433691,
          "duration" : 7557
        }
      }, {
        "uid" : "8fd1b6ab7f95339",
        "reportUrl" : "https://lambotik.github.io/Oblache/537//#testresult/8fd1b6ab7f95339",
        "status" : "broken",
        "statusDetails" : "selenium.common.exceptions.TimeoutException: Message: Can't find element by locator ('xpath', '//div[@id=\"msg_copypaste\"]')",
        "time" : {
          "start" : 1760839218203,
          "stop" : 1760839225595,
          "duration" : 7392
        }
      }, {
        "uid" : "4e04c9e8d0f28ae5",
        "reportUrl" : "https://lambotik.github.io/Oblache/536//#testresult/4e04c9e8d0f28ae5",
        "status" : "broken",
        "statusDetails" : "selenium.common.exceptions.TimeoutException: Message: Can't find element by locator ('xpath', '//div[@id=\"msg_copypaste\"]')",
        "time" : {
          "start" : 1760751868378,
          "stop" : 1760751876876,
          "duration" : 8498
        }
      }, {
        "uid" : "549422db577b8138",
        "reportUrl" : "https://lambotik.github.io/Oblache/535//#testresult/549422db577b8138",
        "status" : "broken",
        "statusDetails" : "selenium.common.exceptions.TimeoutException: Message: Can't find element by locator ('xpath', '//div[@id=\"msg_copypaste\"]')",
        "time" : {
          "start" : 1760665692975,
          "stop" : 1760665701371,
          "duration" : 8396
        }
      }, {
        "uid" : "191f3b1f6151b2be",
        "reportUrl" : "https://lambotik.github.io/Oblache/534//#testresult/191f3b1f6151b2be",
        "status" : "broken",
        "statusDetails" : "selenium.common.exceptions.TimeoutException: Message: Can't find element by locator ('xpath', '//div[@id=\"msg_copypaste\"]')",
        "time" : {
          "start" : 1760579344753,
          "stop" : 1760579352959,
          "duration" : 8206
        }
      }, {
        "uid" : "f6ad703c8e13230d",
        "reportUrl" : "https://lambotik.github.io/Oblache/533//#testresult/f6ad703c8e13230d",
        "status" : "broken",
        "statusDetails" : "selenium.common.exceptions.TimeoutException: Message: Can't find element by locator ('xpath', '//div[@id=\"msg_copypaste\"]')",
        "time" : {
          "start" : 1760493076161,
          "stop" : 1760493084745,
          "duration" : 8584
        }
      }, {
        "uid" : "8536e4c280754168",
        "reportUrl" : "https://lambotik.github.io/Oblache/532//#testresult/8536e4c280754168",
        "status" : "broken",
        "statusDetails" : "selenium.common.exceptions.TimeoutException: Message: Can't find element by locator ('xpath', '//div[@id=\"msg_copypaste\"]')",
        "time" : {
          "start" : 1760406489978,
          "stop" : 1760406497702,
          "duration" : 7724
        }
      }, {
        "uid" : "f52fd9d0161892f2",
        "reportUrl" : "https://lambotik.github.io/Oblache/531//#testresult/f52fd9d0161892f2",
        "status" : "broken",
        "statusDetails" : "selenium.common.exceptions.TimeoutException: Message: Can't find element by locator ('xpath', '//div[@id=\"msg_copypaste\"]')",
        "time" : {
          "start" : 1760320438961,
          "stop" : 1760320446511,
          "duration" : 7550
        }
      }, {
        "uid" : "2cd8dcd8ca48271a",
        "reportUrl" : "https://lambotik.github.io/Oblache/530//#testresult/2cd8dcd8ca48271a",
        "status" : "broken",
        "statusDetails" : "selenium.common.exceptions.TimeoutException: Message: Can't find element by locator ('xpath', '//div[@id=\"msg_copypaste\"]')",
        "time" : {
          "start" : 1760233878311,
          "stop" : 1760233886538,
          "duration" : 8227
        }
      }, {
        "uid" : "41607db9de7ca17c",
        "reportUrl" : "https://lambotik.github.io/Oblache/529//#testresult/41607db9de7ca17c",
        "status" : "broken",
        "statusDetails" : "selenium.common.exceptions.TimeoutException: Message: Can't find element by locator ('xpath', '//div[@id=\"msg_copypaste\"]')",
        "time" : {
          "start" : 1760146989405,
          "stop" : 1760146997530,
          "duration" : 8125
        }
      }, {
        "uid" : "d25bb5c6754238dd",
        "reportUrl" : "https://lambotik.github.io/Oblache/528//#testresult/d25bb5c6754238dd",
        "status" : "broken",
        "statusDetails" : "selenium.common.exceptions.TimeoutException: Message: Can't find element by locator ('xpath', '//button[@id = \"menu_button_databases\"]')\nStacktrace:\n#0 0x55c7c9090fba <unknown>\n#1 0x55c7c8b156d0 <unknown>\n#2 0x55c7c8b672aa <unknown>\n#3 0x55c7c8b67541 <unknown>\n#4 0x55c7c8bb56c4 <unknown>\n#5 0x55c7c8b8ce5d <unknown>\n#6 0x55c7c8bb2b54 <unknown>\n#7 0x55c7c8b8cc03 <unknown>\n#8 0x55c7c8b597a8 <unknown>\n#9 0x55c7c8b5a421 <unknown>\n#10 0x55c7c9055b28 <unknown>\n#11 0x55c7c905987f <unknown>\n#12 0x55c7c903dc49 <unknown>\n#13 0x55c7c905a405 <unknown>\n#14 0x55c7c90234ff <unknown>\n#15 0x55c7c907e258 <unknown>\n#16 0x55c7c907e432 <unknown>\n#17 0x55c7c908ffa3 <unknown>\n#18 0x7f2fb6e9caa4 <unknown>\n#19 0x7f2fb6f29c6c <unknown>",
        "time" : {
          "start" : 1760060828840,
          "stop" : 1760060833941,
          "duration" : 5101
        }
      }, {
        "uid" : "fe51887a6ced45f2",
        "reportUrl" : "https://lambotik.github.io/Oblache/527//#testresult/fe51887a6ced45f2",
        "status" : "broken",
        "statusDetails" : "selenium.common.exceptions.TimeoutException: Message: Can't find element by locator ('xpath', '//button[@id = \"menu_button_databases\"]')\nStacktrace:\n#0 0x55e418207fba <unknown>\n#1 0x55e417c8c6d0 <unknown>\n#2 0x55e417cde2aa <unknown>\n#3 0x55e417cde541 <unknown>\n#4 0x55e417d2c6c4 <unknown>\n#5 0x55e417d03e5d <unknown>\n#6 0x55e417d29b54 <unknown>\n#7 0x55e417d03c03 <unknown>\n#8 0x55e417cd07a8 <unknown>\n#9 0x55e417cd1421 <unknown>\n#10 0x55e4181ccb28 <unknown>\n#11 0x55e4181d087f <unknown>\n#12 0x55e4181b4c49 <unknown>\n#13 0x55e4181d1405 <unknown>\n#14 0x55e41819a4ff <unknown>\n#15 0x55e4181f5258 <unknown>\n#16 0x55e4181f5432 <unknown>\n#17 0x55e418206fa3 <unknown>\n#18 0x7f3507c9caa4 <unknown>\n#19 0x7f3507d29c6c <unknown>",
        "time" : {
          "start" : 1759974367335,
          "stop" : 1759974372433,
          "duration" : 5098
        }
      }, {
        "uid" : "9f2da3fe0076d60e",
        "reportUrl" : "https://lambotik.github.io/Oblache/526//#testresult/9f2da3fe0076d60e",
        "status" : "broken",
        "statusDetails" : "selenium.common.exceptions.TimeoutException: Message: Can't find element by locator ('xpath', '//button[@id = \"menu_button_databases\"]')\nStacktrace:\n#0 0x55909d0e2fba <unknown>\n#1 0x55909cb676d0 <unknown>\n#2 0x55909cbb92aa <unknown>\n#3 0x55909cbb9541 <unknown>\n#4 0x55909cc076c4 <unknown>\n#5 0x55909cbdee5d <unknown>\n#6 0x55909cc04b54 <unknown>\n#7 0x55909cbdec03 <unknown>\n#8 0x55909cbab7a8 <unknown>\n#9 0x55909cbac421 <unknown>\n#10 0x55909d0a7b28 <unknown>\n#11 0x55909d0ab87f <unknown>\n#12 0x55909d08fc49 <unknown>\n#13 0x55909d0ac405 <unknown>\n#14 0x55909d0754ff <unknown>\n#15 0x55909d0d0258 <unknown>\n#16 0x55909d0d0432 <unknown>\n#17 0x55909d0e1fa3 <unknown>\n#18 0x7f5d4fe9caa4 <unknown>\n#19 0x7f5d4ff29c6c <unknown>",
        "time" : {
          "start" : 1759887932331,
          "stop" : 1759887937429,
          "duration" : 5098
        }
      }, {
        "uid" : "a0f337bad958d664",
        "reportUrl" : "https://lambotik.github.io/Oblache/525//#testresult/a0f337bad958d664",
        "status" : "broken",
        "statusDetails" : "selenium.common.exceptions.TimeoutException: Message: Can't find element by locator ('xpath', '//button[@id = \"menu_button_databases\"]')\nStacktrace:\n#0 0x5567f0faafba <unknown>\n#1 0x5567f0a2f6d0 <unknown>\n#2 0x5567f0a812aa <unknown>\n#3 0x5567f0a81541 <unknown>\n#4 0x5567f0acf6c4 <unknown>\n#5 0x5567f0aa6e5d <unknown>\n#6 0x5567f0accb54 <unknown>\n#7 0x5567f0aa6c03 <unknown>\n#8 0x5567f0a737a8 <unknown>\n#9 0x5567f0a74421 <unknown>\n#10 0x5567f0f6fb28 <unknown>\n#11 0x5567f0f7387f <unknown>\n#12 0x5567f0f57c49 <unknown>\n#13 0x5567f0f74405 <unknown>\n#14 0x5567f0f3d4ff <unknown>\n#15 0x5567f0f98258 <unknown>\n#16 0x5567f0f98432 <unknown>\n#17 0x5567f0fa9fa3 <unknown>\n#18 0x7f4c8b49caa4 <unknown>\n#19 0x7f4c8b529c6c <unknown>",
        "time" : {
          "start" : 1759801505084,
          "stop" : 1759801510180,
          "duration" : 5096
        }
      }, {
        "uid" : "db9cf7b8a7d48893",
        "reportUrl" : "https://lambotik.github.io/Oblache/524//#testresult/db9cf7b8a7d48893",
        "status" : "broken",
        "statusDetails" : "selenium.common.exceptions.TimeoutException: Message: Can't find element by locator ('xpath', '//button[@id = \"menu_button_databases\"]')\nStacktrace:\n#0 0x55afa6800fba <unknown>\n#1 0x55afa62856d0 <unknown>\n#2 0x55afa62d72aa <unknown>\n#3 0x55afa62d7541 <unknown>\n#4 0x55afa63256c4 <unknown>\n#5 0x55afa62fce5d <unknown>\n#6 0x55afa6322b54 <unknown>\n#7 0x55afa62fcc03 <unknown>\n#8 0x55afa62c97a8 <unknown>\n#9 0x55afa62ca421 <unknown>\n#10 0x55afa67c5b28 <unknown>\n#11 0x55afa67c987f <unknown>\n#12 0x55afa67adc49 <unknown>\n#13 0x55afa67ca405 <unknown>\n#14 0x55afa67934ff <unknown>\n#15 0x55afa67ee258 <unknown>\n#16 0x55afa67ee432 <unknown>\n#17 0x55afa67fffa3 <unknown>\n#18 0x7f90e2e9caa4 <unknown>\n#19 0x7f90e2f29c6c <unknown>",
        "time" : {
          "start" : 1759715310635,
          "stop" : 1759715315746,
          "duration" : 5111
        }
      }, {
        "uid" : "48a9faad6851173f",
        "reportUrl" : "https://lambotik.github.io/Oblache/523//#testresult/48a9faad6851173f",
        "status" : "broken",
        "statusDetails" : "selenium.common.exceptions.TimeoutException: Message: Can't find element by locator ('xpath', '//div[@id=\"msg_copypaste\"]')",
        "time" : {
          "start" : 1759629308962,
          "stop" : 1759629317420,
          "duration" : 8458
        }
      }, {
        "uid" : "5d8710bd5fb45a47",
        "reportUrl" : "https://lambotik.github.io/Oblache/522//#testresult/5d8710bd5fb45a47",
        "status" : "broken",
        "statusDetails" : "selenium.common.exceptions.TimeoutException: Message: Can't find element by locator ('xpath', '//div[@id=\"msg_copypaste\"]')",
        "time" : {
          "start" : 1759542132403,
          "stop" : 1759542140622,
          "duration" : 8219
        }
      }, {
        "uid" : "6e0d7e3e5cc9d08e",
        "reportUrl" : "https://lambotik.github.io/Oblache/521//#testresult/6e0d7e3e5cc9d08e",
        "status" : "broken",
        "statusDetails" : "selenium.common.exceptions.TimeoutException: Message: Can't find element by locator ('xpath', '//div[@id=\"msg_copypaste\"]')",
        "time" : {
          "start" : 1759455930377,
          "stop" : 1759455938471,
          "duration" : 8094
        }
      }, {
        "uid" : "4ab881f2e2e6af3a",
        "reportUrl" : "https://lambotik.github.io/Oblache/520//#testresult/4ab881f2e2e6af3a",
        "status" : "broken",
        "statusDetails" : "selenium.common.exceptions.TimeoutException: Message: Can't find element by locator ('xpath', '//div[@id=\"msg_copypaste\"]')",
        "time" : {
          "start" : 1759369506777,
          "stop" : 1759369514391,
          "duration" : 7614
        }
      }, {
        "uid" : "2fe5f42c7a549030",
        "reportUrl" : "https://lambotik.github.io/Oblache/519//#testresult/2fe5f42c7a549030",
        "status" : "broken",
        "statusDetails" : "selenium.common.exceptions.TimeoutException: Message: Can't find element by locator ('xpath', '//div[@id=\"msg_copypaste\"]')",
        "time" : {
          "start" : 1759283835257,
          "stop" : 1759283843428,
          "duration" : 8171
        }
      } ]
    },
    "tags" : [ ]
  },
  "source" : "561836a279cf8fe2.json",
  "parameterValues" : [ ]
}