{"uid":"e85fed5bbbd09d33","name":"test_clipboard_uuid_docker","fullName":"tests_ui.test_ui.TestProfilePage#test_clipboard_uuid_docker","historyId":"11f91f43cfea2a231aececf29c7ed302","time":{"start":1762826207145,"stop":1762826213295,"duration":6150},"status":"broken","statusMessage":"selenium.common.exceptions.TimeoutException: Message: Can't find element by locator ('xpath', '//table[@id=\"table_containers\"] //tr[1]/td[3] /button')\nStacktrace:\n#0 0x55c274560aea <unknown>\n#1 0x55c273faccdb <unknown>\n#2 0x55c273fff6c4 <unknown>\n#3 0x55c273fff901 <unknown>\n#4 0x55c27404e8b4 <unknown>\n#5 0x55c27404bc87 <unknown>\n#6 0x55c273ff1aca <unknown>\n#7 0x55c273ff27d1 <unknown>\n#8 0x55c274527ab9 <unknown>\n#9 0x55c27452aa8c <unknown>\n#10 0x55c274510d49 <unknown>\n#11 0x55c27452b685 <unknown>\n#12 0x55c2744f86c3 <unknown>\n#13 0x55c27454d7d8 <unknown>\n#14 0x55c27454d9b3 <unknown>\n#15 0x55c27455fa83 <unknown>\n#16 0x7fd16aa9caa4 <unknown>\n#17 0x7fd16ab29c6c <unknown>","statusTrace":"self = <tests_ui.test_ui.TestProfilePage object at 0x7f69e6c762a0>\ndriver = <selenium.webdriver.chrome.webdriver.WebDriver (session=\"7f1c5fa2dd6609f45f4cc28fec0fa272\")>\nauthorization_user = None\nget_token = ('6b1afe59-4f51-43b1-9383-212f9e346a81', {'email': 'test4@mail.com', 'password': 'testpassword'}, 'testpassword', '123456789', 'test4@mail.com')\n\n    @allure.title('test_clipboard_uuid_docker')\n    def test_clipboard_uuid_docker(self, driver, authorization_user, get_token):\n        page = ProfilePage(driver, authorization_user)\n        page.click_button_docker_containers()\n>       page.check_clipboard(\n            table_xpath='//table[@id=\"table_containers\"]',\n            token=get_token[0])\n\ntests_ui/test_ui.py:120: \n_ _ _ _ _ _ _ _ _ _ _ _ _ _ _ _ _ _ _ _ _ _ _ _ _ _ _ _ _ _ _ _ _ _ _ _ _ _ _ _ \ntests_ui/profile_page.py:111: in check_clipboard\n    button = self.element_is_visible((By.XPATH, f'{table_xpath} //tr[1]/td[3] /button'))\ntests_ui/base_page.py:33: in element_is_visible\n    self.go_to_element(self.element_is_present(locator))\ntests_ui/base_page.py:46: in element_is_present\n    return Wait(self.driver, self.timeout).until(\n_ _ _ _ _ _ _ _ _ _ _ _ _ _ _ _ _ _ _ _ _ _ _ _ _ _ _ _ _ _ _ _ _ _ _ _ _ _ _ _ \n\nself = <selenium.webdriver.support.wait.WebDriverWait (session=\"7f1c5fa2dd6609f45f4cc28fec0fa272\")>\nmethod = <function presence_of_element_located.<locals>._predicate at 0x7f69e5d4bf60>\nmessage = 'Can\\'t find element by locator (\\'xpath\\', \\'//table[@id=\"table_containers\"] //tr[1]/td[3] /button\\')'\n\n    def until(self, method: Callable[[D], Union[Literal[False], T]], message: str = \"\") -> T:\n        \"\"\"Calls the method provided with the driver as an argument until the \\\n        return value does not evaluate to ``False``.\n    \n        :param method: callable(WebDriver)\n        :param message: optional message for :exc:`TimeoutException`\n        :returns: the result of the last call to `method`\n        :raises: :exc:`selenium.common.exceptions.TimeoutException` if timeout occurs\n        \"\"\"\n        screen = None\n        stacktrace = None\n    \n        end_time = time.monotonic() + self._timeout\n        while True:\n            try:\n                value = method(self._driver)\n                if value:\n                    return value\n            except self._ignored_exceptions as exc:\n                screen = getattr(exc, \"screen\", None)\n                stacktrace = getattr(exc, \"stacktrace\", None)\n            time.sleep(self._poll)\n            if time.monotonic() > end_time:\n                break\n>       raise TimeoutException(message, screen, stacktrace)\nE       selenium.common.exceptions.TimeoutException: Message: Can't find element by locator ('xpath', '//table[@id=\"table_containers\"] //tr[1]/td[3] /button')\nE       Stacktrace:\nE       #0 0x55c274560aea <unknown>\nE       #1 0x55c273faccdb <unknown>\nE       #2 0x55c273fff6c4 <unknown>\nE       #3 0x55c273fff901 <unknown>\nE       #4 0x55c27404e8b4 <unknown>\nE       #5 0x55c27404bc87 <unknown>\nE       #6 0x55c273ff1aca <unknown>\nE       #7 0x55c273ff27d1 <unknown>\nE       #8 0x55c274527ab9 <unknown>\nE       #9 0x55c27452aa8c <unknown>\nE       #10 0x55c274510d49 <unknown>\nE       #11 0x55c27452b685 <unknown>\nE       #12 0x55c2744f86c3 <unknown>\nE       #13 0x55c27454d7d8 <unknown>\nE       #14 0x55c27454d9b3 <unknown>\nE       #15 0x55c27455fa83 <unknown>\nE       #16 0x7fd16aa9caa4 <unknown>\nE       #17 0x7fd16ab29c6c <unknown>\n\n/opt/hostedtoolcache/Python/3.12.12/x64/lib/python3.12/site-packages/selenium/webdriver/support/wait.py:105: TimeoutException","flaky":false,"newFailed":false,"newBroken":false,"newPassed":false,"retriesCount":0,"retriesStatusChange":false,"beforeStages":[{"name":"get_token","time":{"start":1762826181452,"stop":1762826181827,"duration":375},"status":"passed","steps":[{"name":"Assert status code: 200 == Response status code: 200","time":{"start":1762826181827,"stop":1762826181827,"duration":0},"status":"passed","steps":[],"attachments":[],"parameters":[],"stepsCount":0,"shouldDisplayMessage":false,"attachmentsCount":0,"hasContent":false,"attachmentStep":false}],"attachments":[],"parameters":[],"stepsCount":1,"shouldDisplayMessage":false,"attachmentsCount":0,"hasContent":true,"attachmentStep":false},{"name":"driver","time":{"start":1762826206277,"stop":1762826206562,"duration":285},"status":"passed","steps":[],"attachments":[],"parameters":[],"stepsCount":0,"shouldDisplayMessage":false,"attachmentsCount":0,"hasContent":false,"attachmentStep":false},{"name":"authorization_user","time":{"start":1762826206562,"stop":1762826207145,"duration":583},"status":"passed","steps":[{"name":"Open page: https://oblache.areso.pro/register.html","time":{"start":1762826206562,"stop":1762826206929,"duration":367},"status":"passed","steps":[],"attachments":[],"parameters":[],"stepsCount":0,"shouldDisplayMessage":false,"attachmentsCount":0,"hasContent":false,"attachmentStep":false},{"name":"Login user","time":{"start":1762826206930,"stop":1762826207145,"duration":215},"status":"passed","steps":[{"name":"Enter email.","time":{"start":1762826206930,"stop":1762826206994,"duration":64},"status":"passed","steps":[],"attachments":[],"parameters":[],"stepsCount":0,"shouldDisplayMessage":false,"attachmentsCount":0,"hasContent":false,"attachmentStep":false},{"name":"Enter password.","time":{"start":1762826206994,"stop":1762826207043,"duration":49},"status":"passed","steps":[],"attachments":[],"parameters":[],"stepsCount":0,"shouldDisplayMessage":false,"attachmentsCount":0,"hasContent":false,"attachmentStep":false},{"name":"Click button \"Login\"","time":{"start":1762826207044,"stop":1762826207142,"duration":98},"status":"passed","steps":[],"attachments":[],"parameters":[],"stepsCount":0,"shouldDisplayMessage":false,"attachmentsCount":0,"hasContent":false,"attachmentStep":false},{"name":"Check url is present: https://oblache.areso.pro/register.html","time":{"start":1762826207142,"stop":1762826207145,"duration":3},"status":"passed","steps":[],"attachments":[],"parameters":[],"stepsCount":0,"shouldDisplayMessage":false,"attachmentsCount":0,"hasContent":false,"attachmentStep":false}],"attachments":[],"parameters":[],"stepsCount":4,"shouldDisplayMessage":false,"attachmentsCount":0,"hasContent":true,"attachmentStep":false}],"attachments":[],"parameters":[],"stepsCount":6,"shouldDisplayMessage":false,"attachmentsCount":0,"hasContent":true,"attachmentStep":false}],"testStage":{"status":"broken","statusMessage":"selenium.common.exceptions.TimeoutException: Message: Can't find element by locator ('xpath', '//table[@id=\"table_containers\"] //tr[1]/td[3] /button')\nStacktrace:\n#0 0x55c274560aea <unknown>\n#1 0x55c273faccdb <unknown>\n#2 0x55c273fff6c4 <unknown>\n#3 0x55c273fff901 <unknown>\n#4 0x55c27404e8b4 <unknown>\n#5 0x55c27404bc87 <unknown>\n#6 0x55c273ff1aca <unknown>\n#7 0x55c273ff27d1 <unknown>\n#8 0x55c274527ab9 <unknown>\n#9 0x55c27452aa8c <unknown>\n#10 0x55c274510d49 <unknown>\n#11 0x55c27452b685 <unknown>\n#12 0x55c2744f86c3 <unknown>\n#13 0x55c27454d7d8 <unknown>\n#14 0x55c27454d9b3 <unknown>\n#15 0x55c27455fa83 <unknown>\n#16 0x7fd16aa9caa4 <unknown>\n#17 0x7fd16ab29c6c <unknown>","statusTrace":"self = <tests_ui.test_ui.TestProfilePage object at 0x7f69e6c762a0>\ndriver = <selenium.webdriver.chrome.webdriver.WebDriver (session=\"7f1c5fa2dd6609f45f4cc28fec0fa272\")>\nauthorization_user = None\nget_token = ('6b1afe59-4f51-43b1-9383-212f9e346a81', {'email': 'test4@mail.com', 'password': 'testpassword'}, 'testpassword', '123456789', 'test4@mail.com')\n\n    @allure.title('test_clipboard_uuid_docker')\n    def test_clipboard_uuid_docker(self, driver, authorization_user, get_token):\n        page = ProfilePage(driver, authorization_user)\n        page.click_button_docker_containers()\n>       page.check_clipboard(\n            table_xpath='//table[@id=\"table_containers\"]',\n            token=get_token[0])\n\ntests_ui/test_ui.py:120: \n_ _ _ _ _ _ _ _ _ _ _ _ _ _ _ _ _ _ _ _ _ _ _ _ _ _ _ _ _ _ _ _ _ _ _ _ _ _ _ _ \ntests_ui/profile_page.py:111: in check_clipboard\n    button = self.element_is_visible((By.XPATH, f'{table_xpath} //tr[1]/td[3] /button'))\ntests_ui/base_page.py:33: in element_is_visible\n    self.go_to_element(self.element_is_present(locator))\ntests_ui/base_page.py:46: in element_is_present\n    return Wait(self.driver, self.timeout).until(\n_ _ _ _ _ _ _ _ _ _ _ _ _ _ _ _ _ _ _ _ _ _ _ _ _ _ _ _ _ _ _ _ _ _ _ _ _ _ _ _ \n\nself = <selenium.webdriver.support.wait.WebDriverWait (session=\"7f1c5fa2dd6609f45f4cc28fec0fa272\")>\nmethod = <function presence_of_element_located.<locals>._predicate at 0x7f69e5d4bf60>\nmessage = 'Can\\'t find element by locator (\\'xpath\\', \\'//table[@id=\"table_containers\"] //tr[1]/td[3] /button\\')'\n\n    def until(self, method: Callable[[D], Union[Literal[False], T]], message: str = \"\") -> T:\n        \"\"\"Calls the method provided with the driver as an argument until the \\\n        return value does not evaluate to ``False``.\n    \n        :param method: callable(WebDriver)\n        :param message: optional message for :exc:`TimeoutException`\n        :returns: the result of the last call to `method`\n        :raises: :exc:`selenium.common.exceptions.TimeoutException` if timeout occurs\n        \"\"\"\n        screen = None\n        stacktrace = None\n    \n        end_time = time.monotonic() + self._timeout\n        while True:\n            try:\n                value = method(self._driver)\n                if value:\n                    return value\n            except self._ignored_exceptions as exc:\n                screen = getattr(exc, \"screen\", None)\n                stacktrace = getattr(exc, \"stacktrace\", None)\n            time.sleep(self._poll)\n            if time.monotonic() > end_time:\n                break\n>       raise TimeoutException(message, screen, stacktrace)\nE       selenium.common.exceptions.TimeoutException: Message: Can't find element by locator ('xpath', '//table[@id=\"table_containers\"] //tr[1]/td[3] /button')\nE       Stacktrace:\nE       #0 0x55c274560aea <unknown>\nE       #1 0x55c273faccdb <unknown>\nE       #2 0x55c273fff6c4 <unknown>\nE       #3 0x55c273fff901 <unknown>\nE       #4 0x55c27404e8b4 <unknown>\nE       #5 0x55c27404bc87 <unknown>\nE       #6 0x55c273ff1aca <unknown>\nE       #7 0x55c273ff27d1 <unknown>\nE       #8 0x55c274527ab9 <unknown>\nE       #9 0x55c27452aa8c <unknown>\nE       #10 0x55c274510d49 <unknown>\nE       #11 0x55c27452b685 <unknown>\nE       #12 0x55c2744f86c3 <unknown>\nE       #13 0x55c27454d7d8 <unknown>\nE       #14 0x55c27454d9b3 <unknown>\nE       #15 0x55c27455fa83 <unknown>\nE       #16 0x7fd16aa9caa4 <unknown>\nE       #17 0x7fd16ab29c6c <unknown>\n\n/opt/hostedtoolcache/Python/3.12.12/x64/lib/python3.12/site-packages/selenium/webdriver/support/wait.py:105: TimeoutException","steps":[{"name":"Click \"Docker containers\" button.","time":{"start":1762826207145,"stop":1762826208169,"duration":1024},"status":"passed","steps":[],"attachments":[],"parameters":[],"stepsCount":0,"shouldDisplayMessage":false,"attachmentsCount":0,"hasContent":false,"attachmentStep":false},{"name":"Check clipboard","time":{"start":1762826208170,"stop":1762826213294,"duration":5124},"status":"broken","statusMessage":"selenium.common.exceptions.TimeoutException: Message: Can't find element by locator ('xpath', '//table[@id=\"table_containers\"] //tr[1]/td[3] /button')\nStacktrace:\n#0 0x55c274560aea <unknown>\n#1 0x55c273faccdb <unknown>\n#2 0x55c273fff6c4 <unknown>\n#3 0x55c273fff901 <unknown>\n#4 0x55c27404e8b4 <unknown>\n#5 0x55c27404bc87 <unknown>\n#6 0x55c273ff1aca <unknown>\n#7 0x55c273ff27d1 <unknown>\n#8 0x55c274527ab9 <unknown>\n#9 0x55c27452aa8c <unknown>\n#10 0x55c274510d49 <unknown>\n#11 0x55c27452b685 <unknown>\n#12 0x55c2744f86c3 <unknown>\n#13 0x55c27454d7d8 <unknown>\n#14 0x55c27454d9b3 <unknown>\n#15 0x55c27455fa83 <unknown>\n#16 0x7fd16aa9caa4 <unknown>\n#17 0x7fd16ab29c6c <unknown>\n\n","statusTrace":"  File \"/opt/hostedtoolcache/Python/3.12.12/x64/lib/python3.12/site-packages/allure_commons/_allure.py\", line 192, in impl\n    return func(*a, **kw)\n           ^^^^^^^^^^^^^^\n  File \"/home/runner/work/Oblache/Oblache/tests_ui/profile_page.py\", line 111, in check_clipboard\n    button = self.element_is_visible((By.XPATH, f'{table_xpath} //tr[1]/td[3] /button'))\n             ^^^^^^^^^^^^^^^^^^^^^^^^^^^^^^^^^^^^^^^^^^^^^^^^^^^^^^^^^^^^^^^^^^^^^^^^^^^\n  File \"/home/runner/work/Oblache/Oblache/tests_ui/base_page.py\", line 33, in element_is_visible\n    self.go_to_element(self.element_is_present(locator))\n                       ^^^^^^^^^^^^^^^^^^^^^^^^^^^^^^^^\n  File \"/home/runner/work/Oblache/Oblache/tests_ui/base_page.py\", line 46, in element_is_present\n    return Wait(self.driver, self.timeout).until(\n           ^^^^^^^^^^^^^^^^^^^^^^^^^^^^^^^^^^^^^^\n  File \"/opt/hostedtoolcache/Python/3.12.12/x64/lib/python3.12/site-packages/selenium/webdriver/support/wait.py\", line 105, in until\n    raise TimeoutException(message, screen, stacktrace)\n","steps":[],"attachments":[],"parameters":[{"name":"table_xpath","value":"'//table[@id=\"table_containers\"]'"},{"name":"token","value":"'6b1afe59-4f51-43b1-9383-212f9e346a81'"}],"stepsCount":0,"shouldDisplayMessage":true,"attachmentsCount":0,"hasContent":true,"attachmentStep":false}],"attachments":[{"uid":"ea423970381a5b4a","name":"Screenshot 2025-11-11 01:56:53.359197","source":"ea423970381a5b4a.png","type":"image/png","size":31410}],"parameters":[],"stepsCount":2,"shouldDisplayMessage":true,"attachmentsCount":1,"hasContent":true,"attachmentStep":false},"afterStages":[{"name":"driver::0","time":{"start":1762826213360,"stop":1762826213423,"duration":63},"status":"passed","steps":[],"attachments":[],"parameters":[],"stepsCount":0,"shouldDisplayMessage":false,"attachmentsCount":0,"hasContent":false,"attachmentStep":false}],"labels":[{"name":"suite","value":"Test Profile Page."},{"name":"parentSuite","value":"tests_ui"},{"name":"subSuite","value":"TestProfilePage"},{"name":"host","value":"runnervmw9dnm"},{"name":"thread","value":"2607-MainThread"},{"name":"framework","value":"pytest"},{"name":"language","value":"cpython3"},{"name":"package","value":"tests_ui.test_ui"},{"name":"resultFormat","value":"allure2"}],"parameters":[],"links":[],"hidden":false,"retry":false,"extra":{"severity":"normal","retries":[],"categories":[{"name":"Test defects","matchedStatuses":[],"flaky":false}],"history":{"statistic":{"failed":0,"broken":6,"skipped":0,"passed":0,"unknown":0,"total":6},"items":[{"uid":"a40505d3155b215f","reportUrl":"https://lambotik.github.io/Oblache/559/#testresult/a40505d3155b215f","status":"broken","statusDetails":"selenium.common.exceptions.TimeoutException: Message: Can't find element by locator ('xpath', '//table[@id=\"table_containers\"] //tr[1]/td[3] /button')\nStacktrace:\n#0 0x55db63508aea <unknown>\n#1 0x55db62f54cdb <unknown>\n#2 0x55db62fa76c4 <unknown>\n#3 0x55db62fa7901 <unknown>\n#4 0x55db62ff68b4 <unknown>\n#5 0x55db62ff3c87 <unknown>\n#6 0x55db62f99aca <unknown>\n#7 0x55db62f9a7d1 <unknown>\n#8 0x55db634cfab9 <unknown>\n#9 0x55db634d2a8c <unknown>\n#10 0x55db634b8d49 <unknown>\n#11 0x55db634d3685 <unknown>\n#12 0x55db634a06c3 <unknown>\n#13 0x55db634f57d8 <unknown>\n#14 0x55db634f59b3 <unknown>\n#15 0x55db63507a83 <unknown>\n#16 0x7f6193c9caa4 <unknown>\n#17 0x7f6193d29c6c <unknown>","time":{"start":1762740040114,"stop":1762740046616,"duration":6502}},{"uid":"8075210be389e557","reportUrl":"https://lambotik.github.io/Oblache/558/#testresult/8075210be389e557","status":"broken","statusDetails":"requests.exceptions.JSONDecodeError: Expecting value: line 1 column 1 (char 0)","time":{"start":1762653542390,"stop":1762653542390,"duration":0}},{"uid":"3f4bd07ec0a229da","reportUrl":"https://lambotik.github.io/Oblache/557/#testresult/3f4bd07ec0a229da","status":"broken","statusDetails":"selenium.common.exceptions.TimeoutException: Message: Can't find element by locator ('xpath', '//table[@id=\"table_containers\"] //tr[1]/td[3] /button')\nStacktrace:\n#0 0x5558652feaea <unknown>\n#1 0x555864d4acdb <unknown>\n#2 0x555864d9d6c4 <unknown>\n#3 0x555864d9d901 <unknown>\n#4 0x555864dec8b4 <unknown>\n#5 0x555864de9c87 <unknown>\n#6 0x555864d8faca <unknown>\n#7 0x555864d907d1 <unknown>\n#8 0x5558652c5ab9 <unknown>\n#9 0x5558652c8a8c <unknown>\n#10 0x5558652aed49 <unknown>\n#11 0x5558652c9685 <unknown>\n#12 0x5558652966c3 <unknown>\n#13 0x5558652eb7d8 <unknown>\n#14 0x5558652eb9b3 <unknown>\n#15 0x5558652fda83 <unknown>\n#16 0x7f733e09caa4 <unknown>\n#17 0x7f733e129c6c <unknown>","time":{"start":1762566553615,"stop":1762566559851,"duration":6236}},{"uid":"814840618a981fd9","reportUrl":"https://lambotik.github.io/Oblache/556/#testresult/814840618a981fd9","status":"broken","statusDetails":"selenium.common.exceptions.TimeoutException: Message: Can't find element by locator ('xpath', '//table[@id=\"table_containers\"] //tr[1]/td[3] /button')\nStacktrace:\n#0 0x555593824aea <unknown>\n#1 0x555593270cdb <unknown>\n#2 0x5555932c36c4 <unknown>\n#3 0x5555932c3901 <unknown>\n#4 0x5555933128b4 <unknown>\n#5 0x55559330fc87 <unknown>\n#6 0x5555932b5aca <unknown>\n#7 0x5555932b67d1 <unknown>\n#8 0x5555937ebab9 <unknown>\n#9 0x5555937eea8c <unknown>\n#10 0x5555937d4d49 <unknown>\n#11 0x5555937ef685 <unknown>\n#12 0x5555937bc6c3 <unknown>\n#13 0x5555938117d8 <unknown>\n#14 0x5555938119b3 <unknown>\n#15 0x555593823a83 <unknown>\n#16 0x7fcef149caa4 <unknown>\n#17 0x7fcef1529c6c <unknown>","time":{"start":1762480552607,"stop":1762480559107,"duration":6500}},{"uid":"ac7a6f1b9c18a97f","reportUrl":"https://lambotik.github.io/Oblache/555/#testresult/ac7a6f1b9c18a97f","status":"broken","statusDetails":"selenium.common.exceptions.TimeoutException: Message: Can't find element by locator ('xpath', '//table[@id=\"table_containers\"] //tr[1]/td[3] /button')\nStacktrace:\n#0 0x561067cb0aea <unknown>\n#1 0x5610676fccdb <unknown>\n#2 0x56106774f6c4 <unknown>\n#3 0x56106774f901 <unknown>\n#4 0x56106779e8b4 <unknown>\n#5 0x56106779bc87 <unknown>\n#6 0x561067741aca <unknown>\n#7 0x5610677427d1 <unknown>\n#8 0x561067c77ab9 <unknown>\n#9 0x561067c7aa8c <unknown>\n#10 0x561067c60d49 <unknown>\n#11 0x561067c7b685 <unknown>\n#12 0x561067c486c3 <unknown>\n#13 0x561067c9d7d8 <unknown>\n#14 0x561067c9d9b3 <unknown>\n#15 0x561067cafa83 <unknown>\n#16 0x7f133649caa4 <unknown>\n#17 0x7f1336529c6c <unknown>","time":{"start":1762394185288,"stop":1762394191490,"duration":6202}}]},"tags":[]},"source":"e85fed5bbbd09d33.json","parameterValues":[]}