{"uid":"a510a5815d393e28","name":"POST checking ports_len positive","fullName":"tests_api.test_bd.TestPOST#test_post_checking_ports_len_positive","historyId":"c6f631852f230d7f46e21d1143ab0d56","time":{"start":1763603505059,"stop":1763603505628,"duration":569},"status":"failed","statusMessage":"AssertionError: Incorrect status code: 403","statusTrace":"self = <tests_api.test_bd.TestPOST object at 0x7ff65dddcf20>\n\n    @allure.title('POST checking ports_len positive')\n    def test_post_checking_ports_len_positive(self):\n        result = API.post_create_docker_container_checking_ports(\n            token=TestPOST.token,\n            port_len=\"80-89\")\n>       Checking.check_status_code(result, 201)\n\ntests_api/test_bd.py:369: \n_ _ _ _ _ _ _ _ _ _ _ _ _ _ _ _ _ _ _ _ _ _ _ _ _ _ _ _ _ _ _ _ _ _ _ _ _ _ _ _ \n\nresult = <Response [403]>, status_code = 201\n\n    @staticmethod\n    def check_status_code(result: requests.models.Response, status_code: int):\n        \"\"\"\n        Method check status code\n        :param result: Response\n        :param status_code:\n        \"\"\"\n        with allure.step(f'Assert status code: {status_code} == Response status code: {result.status_code}'):\n>           assert status_code == result.status_code, f'Incorrect status code: {result.status_code}'\nE           AssertionError: Incorrect status code: 403\n\ntests_api/utils/checking.py:16: AssertionError","flaky":false,"newFailed":false,"newBroken":false,"newPassed":false,"retriesCount":0,"retriesStatusChange":false,"beforeStages":[],"testStage":{"status":"failed","statusMessage":"AssertionError: Incorrect status code: 403","statusTrace":"self = <tests_api.test_bd.TestPOST object at 0x7ff65dddcf20>\n\n    @allure.title('POST checking ports_len positive')\n    def test_post_checking_ports_len_positive(self):\n        result = API.post_create_docker_container_checking_ports(\n            token=TestPOST.token,\n            port_len=\"80-89\")\n>       Checking.check_status_code(result, 201)\n\ntests_api/test_bd.py:369: \n_ _ _ _ _ _ _ _ _ _ _ _ _ _ _ _ _ _ _ _ _ _ _ _ _ _ _ _ _ _ _ _ _ _ _ _ _ _ _ _ \n\nresult = <Response [403]>, status_code = 201\n\n    @staticmethod\n    def check_status_code(result: requests.models.Response, status_code: int):\n        \"\"\"\n        Method check status code\n        :param result: Response\n        :param status_code:\n        \"\"\"\n        with allure.step(f'Assert status code: {status_code} == Response status code: {result.status_code}'):\n>           assert status_code == result.status_code, f'Incorrect status code: {result.status_code}'\nE           AssertionError: Incorrect status code: 403\n\ntests_api/utils/checking.py:16: AssertionError","steps":[{"name":"post_create_docker_container","time":{"start":1763603505059,"stop":1763603505627,"duration":568},"status":"passed","steps":[{"name":"Endpoint: /container_create","time":{"start":1763603505627,"stop":1763603505627,"duration":0},"status":"passed","steps":[],"attachments":[],"parameters":[],"stepsCount":0,"shouldDisplayMessage":false,"attachmentsCount":0,"hasContent":false,"attachmentStep":false},{"name":"Request:","time":{"start":1763603505627,"stop":1763603505627,"duration":0},"status":"passed","steps":[{"name":"Headers: {'Content-Type': 'application/json', 'Authorization': {'50993a99-a815-4abe-a05c-1a8d0cb0a0ab'}}","time":{"start":1763603505627,"stop":1763603505627,"duration":0},"status":"passed","steps":[],"attachments":[],"parameters":[],"stepsCount":0,"shouldDisplayMessage":false,"attachmentsCount":0,"hasContent":false,"attachmentStep":false},{"name":"Body: {\"docker_image\": \"nginx\", \"int_ports\": f\"80-89\", \"env\": 3, \"region\": 3}","time":{"start":1763603505627,"stop":1763603505627,"duration":0},"status":"passed","steps":[],"attachments":[],"parameters":[],"stepsCount":0,"shouldDisplayMessage":false,"attachmentsCount":0,"hasContent":false,"attachmentStep":false}],"attachments":[],"parameters":[],"stepsCount":2,"shouldDisplayMessage":false,"attachmentsCount":0,"hasContent":true,"attachmentStep":false},{"name":"Response:","time":{"start":1763603505627,"stop":1763603505627,"duration":0},"status":"passed","steps":[{"name":"Status code: 403","time":{"start":1763603505627,"stop":1763603505627,"duration":0},"status":"passed","steps":[],"attachments":[],"parameters":[],"stepsCount":0,"shouldDisplayMessage":false,"attachmentsCount":0,"hasContent":false,"attachmentStep":false},{"name":"JSON: {\n    \"msg\": \"you are not allowed to create new container\"\n}\n","time":{"start":1763603505627,"stop":1763603505627,"duration":0},"status":"passed","steps":[],"attachments":[],"parameters":[],"stepsCount":0,"shouldDisplayMessage":false,"attachmentsCount":0,"hasContent":false,"attachmentStep":false}],"attachments":[],"parameters":[],"stepsCount":2,"shouldDisplayMessage":false,"attachmentsCount":0,"hasContent":true,"attachmentStep":false}],"attachments":[],"parameters":[],"stepsCount":7,"shouldDisplayMessage":false,"attachmentsCount":0,"hasContent":true,"attachmentStep":false},{"name":"Assert status code: 201 == Response status code: 403","time":{"start":1763603505627,"stop":1763603505627,"duration":0},"status":"failed","statusMessage":"AssertionError: Incorrect status code: 403\n","statusTrace":"  File \"/home/runner/work/Oblache/Oblache/tests_api/utils/checking.py\", line 16, in check_status_code\n    assert status_code == result.status_code, f'Incorrect status code: {result.status_code}'\n           ^^^^^^^^^^^^^^^^^^^^^^^^^^^^^^^^^\n","steps":[],"attachments":[],"parameters":[],"stepsCount":0,"shouldDisplayMessage":true,"attachmentsCount":0,"hasContent":true,"attachmentStep":false}],"attachments":[],"parameters":[],"stepsCount":9,"shouldDisplayMessage":true,"attachmentsCount":0,"hasContent":true,"attachmentStep":false},"afterStages":[],"labels":[{"name":"suite","value":"POST"},{"name":"parentSuite","value":"tests_api"},{"name":"subSuite","value":"TestPOST"},{"name":"host","value":"runnervmg1sw1"},{"name":"thread","value":"2614-MainThread"},{"name":"framework","value":"pytest"},{"name":"language","value":"cpython3"},{"name":"package","value":"tests_api.test_bd"},{"name":"resultFormat","value":"allure2"}],"parameters":[],"links":[],"hidden":false,"retry":false,"extra":{"severity":"normal","retries":[],"categories":[{"name":"Product defects","matchedStatuses":[],"flaky":false}],"history":{"statistic":{"failed":17,"broken":0,"skipped":0,"passed":0,"unknown":0,"total":17},"items":[{"uid":"cd03ba440c072d98","reportUrl":"https://lambotik.github.io/Oblache/568/#testresult/cd03ba440c072d98","status":"failed","statusDetails":"AssertionError: Incorrect status code: 403","time":{"start":1763517213802,"stop":1763517214363,"duration":561}},{"uid":"ff52b7245d1eb7d5","reportUrl":"https://lambotik.github.io/Oblache/567/#testresult/ff52b7245d1eb7d5","status":"failed","statusDetails":"AssertionError: Incorrect status code: 403","time":{"start":1763430835874,"stop":1763430836654,"duration":780}},{"uid":"e61c717eb789e9c9","reportUrl":"https://lambotik.github.io/Oblache/566/#testresult/e61c717eb789e9c9","status":"failed","statusDetails":"AssertionError: Incorrect status code: 403","time":{"start":1763344523629,"stop":1763344524372,"duration":743}},{"uid":"7d5065f7505533aa","reportUrl":"https://lambotik.github.io/Oblache/565/#testresult/7d5065f7505533aa","status":"failed","statusDetails":"AssertionError: Incorrect status code: 403","time":{"start":1763258398008,"stop":1763258398755,"duration":747}},{"uid":"68e4202fd5ebdc4a","reportUrl":"https://lambotik.github.io/Oblache/564/#testresult/68e4202fd5ebdc4a","status":"failed","statusDetails":"AssertionError: Incorrect status code: 403","time":{"start":1763171411308,"stop":1763171411891,"duration":583}},{"uid":"f77ce325677f2a7","reportUrl":"https://lambotik.github.io/Oblache/563/#testresult/f77ce325677f2a7","status":"failed","statusDetails":"AssertionError: Incorrect status code: 403","time":{"start":1763085277995,"stop":1763085278645,"duration":650}},{"uid":"30454a5631eb0658","reportUrl":"https://lambotik.github.io/Oblache/562/#testresult/30454a5631eb0658","status":"failed","statusDetails":"AssertionError: Incorrect status code: 403","time":{"start":1762998929431,"stop":1762998930267,"duration":836}},{"uid":"901dadaeaf41038a","reportUrl":"https://lambotik.github.io/Oblache/561/#testresult/901dadaeaf41038a","status":"failed","statusDetails":"AssertionError: Incorrect status code: 403","time":{"start":1762912424132,"stop":1762912424872,"duration":740}},{"uid":"2b6a6a3b94841dc4","reportUrl":"https://lambotik.github.io/Oblache/560/#testresult/2b6a6a3b94841dc4","status":"failed","statusDetails":"AssertionError: Incorrect status code: 403","time":{"start":1762826079477,"stop":1762826080291,"duration":814}},{"uid":"dcc94b8c3bf75e22","reportUrl":"https://lambotik.github.io/Oblache/559/#testresult/dcc94b8c3bf75e22","status":"failed","statusDetails":"AssertionError: Incorrect status code: 403","time":{"start":1762739892090,"stop":1762739893015,"duration":925}},{"uid":"3424f8074c733772","reportUrl":"https://lambotik.github.io/Oblache/558/#testresult/3424f8074c733772","status":"failed","statusDetails":"AssertionError: Incorrect status code: 502","time":{"start":1762653402459,"stop":1762653402795,"duration":336}},{"uid":"ff7adaf8a32499bb","reportUrl":"https://lambotik.github.io/Oblache/557/#testresult/ff7adaf8a32499bb","status":"failed","statusDetails":"AssertionError: Incorrect status code: 403","time":{"start":1762566411186,"stop":1762566412020,"duration":834}},{"uid":"bc26fbe4ff699979","reportUrl":"https://lambotik.github.io/Oblache/556/#testresult/bc26fbe4ff699979","status":"failed","statusDetails":"AssertionError: Incorrect status code: 403","time":{"start":1762480376182,"stop":1762480377085,"duration":903}},{"uid":"4f7498a15063c259","reportUrl":"https://lambotik.github.io/Oblache/555/#testresult/4f7498a15063c259","status":"failed","statusDetails":"AssertionError: Incorrect status code: 403","time":{"start":1762394043265,"stop":1762394044035,"duration":770}},{"uid":"64b15899f91b78ae","reportUrl":"https://lambotik.github.io/Oblache/25/#testresult/64b15899f91b78ae","status":"failed","statusDetails":"AssertionError: Incorrect status code: 403","time":{"start":1762342839954,"stop":1762342840865,"duration":911}},{"uid":"2f8a4270d4ae54bb","reportUrl":"https://lambotik.github.io/Oblache/24/#testresult/2f8a4270d4ae54bb","status":"failed","statusDetails":"AssertionError: Incorrect status code: 403","time":{"start":1762342477160,"stop":1762342477880,"duration":720}}]},"tags":[]},"source":"a510a5815d393e28.json","parameterValues":[]}