{
  "uid" : "4dc5dab571190b1f",
  "name" : "GET profile status.",
  "fullName" : "tests_api.test_bd.TestGET#test_get_status",
  "historyId" : "1db526b86e70a0d5647421e92bf453b9",
  "time" : {
    "start" : 1760320349866,
    "stop" : 1760320350146,
    "duration" : 280
  },
  "status" : "failed",
  "statusMessage" : "AssertionError: Incorrect status code: 405",
  "statusTrace" : "self = <tests_api.test_bd.TestGET object at 0x7ff50061f8c0>\n\n    @allure.title('GET profile status.')\n    def test_get_status(self):\n        response = API.get_status(token=TestGET.token)\n>       Checking.check_status_code(response, 200)\n\ntests_api/test_bd.py:103: \n_ _ _ _ _ _ _ _ _ _ _ _ _ _ _ _ _ _ _ _ _ _ _ _ _ _ _ _ _ _ _ _ _ _ _ _ _ _ _ _ \n\nresult = <Response [405]>, status_code = 200\n\n    @staticmethod\n    def check_status_code(result: requests.models.Response, status_code: int):\n        \"\"\"\n        Method check status code\n        :param result: Response\n        :param status_code:\n        \"\"\"\n        with allure.step(f'Assert status code: {status_code} == Response status code: {result.status_code}'):\n>           assert status_code == result.status_code, f'Incorrect status code: {result.status_code}'\nE           AssertionError: Incorrect status code: 405\n\ntests_api/utils/checking.py:16: AssertionError",
  "flaky" : false,
  "newFailed" : false,
  "beforeStages" : [ ],
  "testStage" : {
    "status" : "failed",
    "statusMessage" : "AssertionError: Incorrect status code: 405",
    "statusTrace" : "self = <tests_api.test_bd.TestGET object at 0x7ff50061f8c0>\n\n    @allure.title('GET profile status.')\n    def test_get_status(self):\n        response = API.get_status(token=TestGET.token)\n>       Checking.check_status_code(response, 200)\n\ntests_api/test_bd.py:103: \n_ _ _ _ _ _ _ _ _ _ _ _ _ _ _ _ _ _ _ _ _ _ _ _ _ _ _ _ _ _ _ _ _ _ _ _ _ _ _ _ \n\nresult = <Response [405]>, status_code = 200\n\n    @staticmethod\n    def check_status_code(result: requests.models.Response, status_code: int):\n        \"\"\"\n        Method check status code\n        :param result: Response\n        :param status_code:\n        \"\"\"\n        with allure.step(f'Assert status code: {status_code} == Response status code: {result.status_code}'):\n>           assert status_code == result.status_code, f'Incorrect status code: {result.status_code}'\nE           AssertionError: Incorrect status code: 405\n\ntests_api/utils/checking.py:16: AssertionError",
    "steps" : [ {
      "name" : "Endpoint: /get_profile",
      "time" : {
        "start" : 1760320350145,
        "stop" : 1760320350145,
        "duration" : 0
      },
      "status" : "passed",
      "steps" : [ ],
      "attachments" : [ ],
      "parameters" : [ ],
      "attachmentsCount" : 0,
      "shouldDisplayMessage" : false,
      "hasContent" : false,
      "stepsCount" : 0
    }, {
      "name" : "Request:",
      "time" : {
        "start" : 1760320350145,
        "stop" : 1760320350145,
        "duration" : 0
      },
      "status" : "passed",
      "steps" : [ {
        "name" : "Headers: {'Content-Type': 'application/json', 'Authorization': 'c87770a8-a534-467e-8963-f54cebdbb02c'}",
        "time" : {
          "start" : 1760320350145,
          "stop" : 1760320350145,
          "duration" : 0
        },
        "status" : "passed",
        "steps" : [ ],
        "attachments" : [ ],
        "parameters" : [ ],
        "attachmentsCount" : 0,
        "shouldDisplayMessage" : false,
        "hasContent" : false,
        "stepsCount" : 0
      }, {
        "name" : "\n            Body: {\n            \"queue_db_create_orders\": 3,\n            \"queue_db_delete_orders\": 1,\n            \"number_of_stuck_tasks\": 0\n           }",
        "time" : {
          "start" : 1760320350145,
          "stop" : 1760320350145,
          "duration" : 0
        },
        "status" : "passed",
        "steps" : [ ],
        "attachments" : [ ],
        "parameters" : [ ],
        "attachmentsCount" : 0,
        "shouldDisplayMessage" : false,
        "hasContent" : false,
        "stepsCount" : 0
      } ],
      "attachments" : [ ],
      "parameters" : [ ],
      "attachmentsCount" : 0,
      "shouldDisplayMessage" : false,
      "hasContent" : true,
      "stepsCount" : 2
    }, {
      "name" : "Response:",
      "time" : {
        "start" : 1760320350145,
        "stop" : 1760320350145,
        "duration" : 0
      },
      "status" : "passed",
      "steps" : [ {
        "name" : "Status code: 405",
        "time" : {
          "start" : 1760320350145,
          "stop" : 1760320350145,
          "duration" : 0
        },
        "status" : "passed",
        "steps" : [ ],
        "attachments" : [ ],
        "parameters" : [ ],
        "attachmentsCount" : 0,
        "shouldDisplayMessage" : false,
        "hasContent" : false,
        "stepsCount" : 0
      }, {
        "name" : "JSON: {\n    \"message\": \"The method is not allowed for the requested URL.\"\n}\n",
        "time" : {
          "start" : 1760320350145,
          "stop" : 1760320350145,
          "duration" : 0
        },
        "status" : "passed",
        "steps" : [ ],
        "attachments" : [ ],
        "parameters" : [ ],
        "attachmentsCount" : 0,
        "shouldDisplayMessage" : false,
        "hasContent" : false,
        "stepsCount" : 0
      } ],
      "attachments" : [ ],
      "parameters" : [ ],
      "attachmentsCount" : 0,
      "shouldDisplayMessage" : false,
      "hasContent" : true,
      "stepsCount" : 2
    }, {
      "name" : "Assert status code: 200 == Response status code: 405",
      "time" : {
        "start" : 1760320350145,
        "stop" : 1760320350145,
        "duration" : 0
      },
      "status" : "failed",
      "statusMessage" : "AssertionError: Incorrect status code: 405\n",
      "statusTrace" : "  File \"/home/runner/work/Oblache/Oblache/tests_api/utils/checking.py\", line 16, in check_status_code\n    assert status_code == result.status_code, f'Incorrect status code: {result.status_code}'\n           ^^^^^^^^^^^^^^^^^^^^^^^^^^^^^^^^^\n",
      "steps" : [ ],
      "attachments" : [ ],
      "parameters" : [ ],
      "attachmentsCount" : 0,
      "shouldDisplayMessage" : true,
      "hasContent" : true,
      "stepsCount" : 0
    } ],
    "attachments" : [ ],
    "parameters" : [ ],
    "attachmentsCount" : 0,
    "shouldDisplayMessage" : true,
    "hasContent" : true,
    "stepsCount" : 8
  },
  "afterStages" : [ ],
  "labels" : [ {
    "name" : "suite",
    "value" : "GET"
  }, {
    "name" : "parentSuite",
    "value" : "tests_api"
  }, {
    "name" : "subSuite",
    "value" : "TestGET"
  }, {
    "name" : "host",
    "value" : "runnervmwhb2z"
  }, {
    "name" : "thread",
    "value" : "2583-MainThread"
  }, {
    "name" : "framework",
    "value" : "pytest"
  }, {
    "name" : "language",
    "value" : "cpython3"
  }, {
    "name" : "package",
    "value" : "tests_api.test_bd"
  }, {
    "name" : "resultFormat",
    "value" : "allure2"
  } ],
  "parameters" : [ ],
  "links" : [ ],
  "hidden" : false,
  "retry" : false,
  "extra" : {
    "severity" : "normal",
    "retries" : [ ],
    "categories" : [ {
      "name" : "Product defects",
      "matchedStatuses" : [ ],
      "flaky" : false
    } ],
    "history" : {
      "statistic" : {
        "failed" : 295,
        "broken" : 0,
        "skipped" : 0,
        "passed" : 21,
        "unknown" : 0,
        "total" : 316
      },
      "items" : [ {
        "uid" : "24812649a1162b65",
        "reportUrl" : "https://lambotik.github.io/Oblache/530//#testresult/24812649a1162b65",
        "status" : "failed",
        "statusDetails" : "AssertionError: Incorrect status code: 405",
        "time" : {
          "start" : 1760233746415,
          "stop" : 1760233746897,
          "duration" : 482
        }
      }, {
        "uid" : "784ba172bbfee50d",
        "reportUrl" : "https://lambotik.github.io/Oblache/529//#testresult/784ba172bbfee50d",
        "status" : "failed",
        "statusDetails" : "AssertionError: Incorrect status code: 405",
        "time" : {
          "start" : 1760146867369,
          "stop" : 1760146867716,
          "duration" : 347
        }
      }, {
        "uid" : "a75fcc42d7d3e9ac",
        "reportUrl" : "https://lambotik.github.io/Oblache/528//#testresult/a75fcc42d7d3e9ac",
        "status" : "failed",
        "statusDetails" : "AssertionError: Incorrect status code: 502",
        "time" : {
          "start" : 1760060755100,
          "stop" : 1760060755435,
          "duration" : 335
        }
      }, {
        "uid" : "42fe3c5ea240947f",
        "reportUrl" : "https://lambotik.github.io/Oblache/527//#testresult/42fe3c5ea240947f",
        "status" : "failed",
        "statusDetails" : "AssertionError: Incorrect status code: 502",
        "time" : {
          "start" : 1759974298071,
          "stop" : 1759974298352,
          "duration" : 281
        }
      }, {
        "uid" : "887b983211b43b7d",
        "reportUrl" : "https://lambotik.github.io/Oblache/526//#testresult/887b983211b43b7d",
        "status" : "failed",
        "statusDetails" : "AssertionError: Incorrect status code: 502",
        "time" : {
          "start" : 1759887856946,
          "stop" : 1759887857294,
          "duration" : 348
        }
      }, {
        "uid" : "4cf6f3cd305d037b",
        "reportUrl" : "https://lambotik.github.io/Oblache/525//#testresult/4cf6f3cd305d037b",
        "status" : "failed",
        "statusDetails" : "AssertionError: Incorrect status code: 502",
        "time" : {
          "start" : 1759801435537,
          "stop" : 1759801435920,
          "duration" : 383
        }
      }, {
        "uid" : "1b91c862d2918ed1",
        "reportUrl" : "https://lambotik.github.io/Oblache/524//#testresult/1b91c862d2918ed1",
        "status" : "failed",
        "statusDetails" : "AssertionError: Incorrect status code: 502",
        "time" : {
          "start" : 1759715222904,
          "stop" : 1759715223239,
          "duration" : 335
        }
      }, {
        "uid" : "c5373850ccd33f1",
        "reportUrl" : "https://lambotik.github.io/Oblache/523//#testresult/c5373850ccd33f1",
        "status" : "failed",
        "statusDetails" : "AssertionError: Incorrect status code: 405",
        "time" : {
          "start" : 1759629195143,
          "stop" : 1759629195548,
          "duration" : 405
        }
      }, {
        "uid" : "8356d6f61b1fe87a",
        "reportUrl" : "https://lambotik.github.io/Oblache/522//#testresult/8356d6f61b1fe87a",
        "status" : "failed",
        "statusDetails" : "AssertionError: Incorrect status code: 405",
        "time" : {
          "start" : 1759541983394,
          "stop" : 1759541983753,
          "duration" : 359
        }
      }, {
        "uid" : "8949e8433b0e119",
        "reportUrl" : "https://lambotik.github.io/Oblache/521//#testresult/8949e8433b0e119",
        "status" : "failed",
        "statusDetails" : "AssertionError: Incorrect status code: 405",
        "time" : {
          "start" : 1759455794883,
          "stop" : 1759455795273,
          "duration" : 390
        }
      }, {
        "uid" : "45b1352a2b74c8f9",
        "reportUrl" : "https://lambotik.github.io/Oblache/520//#testresult/45b1352a2b74c8f9",
        "status" : "failed",
        "statusDetails" : "AssertionError: Incorrect status code: 405",
        "time" : {
          "start" : 1759369397804,
          "stop" : 1759369398125,
          "duration" : 321
        }
      }, {
        "uid" : "99cd67a72d12355e",
        "reportUrl" : "https://lambotik.github.io/Oblache/519//#testresult/99cd67a72d12355e",
        "status" : "failed",
        "statusDetails" : "AssertionError: Incorrect status code: 405",
        "time" : {
          "start" : 1759283721311,
          "stop" : 1759283721805,
          "duration" : 494
        }
      }, {
        "uid" : "db9041c6d535ec21",
        "reportUrl" : "https://lambotik.github.io/Oblache/518//#testresult/db9041c6d535ec21",
        "status" : "failed",
        "statusDetails" : "AssertionError: Incorrect status code: 405",
        "time" : {
          "start" : 1759196592858,
          "stop" : 1759196593204,
          "duration" : 346
        }
      }, {
        "uid" : "93bd06975ee6e017",
        "reportUrl" : "https://lambotik.github.io/Oblache/517//#testresult/93bd06975ee6e017",
        "status" : "failed",
        "statusDetails" : "AssertionError: Incorrect status code: 405",
        "time" : {
          "start" : 1759110492077,
          "stop" : 1759110492430,
          "duration" : 353
        }
      }, {
        "uid" : "f84ce944ee075e7a",
        "reportUrl" : "https://lambotik.github.io/Oblache/516//#testresult/f84ce944ee075e7a",
        "status" : "failed",
        "statusDetails" : "AssertionError: Incorrect status code: 405",
        "time" : {
          "start" : 1759024449891,
          "stop" : 1759024450291,
          "duration" : 400
        }
      }, {
        "uid" : "8d6efc2b31820b72",
        "reportUrl" : "https://lambotik.github.io/Oblache/515//#testresult/8d6efc2b31820b72",
        "status" : "failed",
        "statusDetails" : "AssertionError: Incorrect status code: 405",
        "time" : {
          "start" : 1758937258292,
          "stop" : 1758937258730,
          "duration" : 438
        }
      }, {
        "uid" : "d728c3d7cf5a2343",
        "reportUrl" : "https://lambotik.github.io/Oblache/514//#testresult/d728c3d7cf5a2343",
        "status" : "failed",
        "statusDetails" : "AssertionError: Incorrect status code: 405",
        "time" : {
          "start" : 1758851114510,
          "stop" : 1758851114858,
          "duration" : 348
        }
      }, {
        "uid" : "5dbf7d46362affc3",
        "reportUrl" : "https://lambotik.github.io/Oblache/513//#testresult/5dbf7d46362affc3",
        "status" : "failed",
        "statusDetails" : "AssertionError: Incorrect status code: 405",
        "time" : {
          "start" : 1758764773526,
          "stop" : 1758764773875,
          "duration" : 349
        }
      }, {
        "uid" : "64ca8b95bad47c43",
        "reportUrl" : "https://lambotik.github.io/Oblache/512//#testresult/64ca8b95bad47c43",
        "status" : "failed",
        "statusDetails" : "AssertionError: Incorrect status code: 405",
        "time" : {
          "start" : 1758678306714,
          "stop" : 1758678307034,
          "duration" : 320
        }
      }, {
        "uid" : "3db53a80496c2a17",
        "reportUrl" : "https://lambotik.github.io/Oblache/511//#testresult/3db53a80496c2a17",
        "status" : "failed",
        "statusDetails" : "AssertionError: Incorrect status code: 405",
        "time" : {
          "start" : 1758591836109,
          "stop" : 1758591836686,
          "duration" : 577
        }
      } ]
    },
    "tags" : [ ]
  },
  "source" : "4dc5dab571190b1f.json",
  "parameterValues" : [ ]
}