{
  "uid" : "e30163e8b4c26a97",
  "name" : "POST create_docker_container_without_token",
  "fullName" : "tests_api.test_bd.TestPOST#test_post_create_docker_with_defunct_image",
  "historyId" : "346493b9ad20460bc067ba466e60ac88",
  "time" : {
    "start" : 1735520643340,
    "stop" : 1735520643665,
    "duration" : 325
  },
  "status" : "failed",
  "statusMessage" : "AssertionError: Result is not equal expected value",
  "statusTrace" : "self = <tests_api.test_bd.TestPOST object at 0x7f58d630e0f0>\n\n    @allure.title('POST create_docker_container_without_token')\n    def test_post_create_docker_with_defunct_image(self):\n        result = API.post_create_docker_container_with_defunct_image(token=TestPOST.token)\n        Checking.check_status_code(result, 400)\n>       Checking.check_json_value(result, 'msg', \"msg[]: the image doesn't found in the DockerHub\")\n\ntests_api/test_bd.py:411: \n_ _ _ _ _ _ _ _ _ _ _ _ _ _ _ _ _ _ _ _ _ _ _ _ _ _ _ _ _ _ _ _ _ _ _ _ _ _ _ _ \n\nresponse = <Response [400]>, field_name = 'msg'\nexpected_value = \"msg[]: the image doesn't found in the DockerHub\"\n\n    @staticmethod\n    def check_json_value(response: requests.models.Response, field_name: str, expected_value):\n        \"\"\"\n        :param response: requests.models.Response\n        :param field_name:\n        :param expected_value:\n        \"\"\"\n        check = response.json()\n        check_info = check.get(field_name)\n        with allure.step(\n                f'Compare result request with expected value:'\n                f'\\nResponse: {response}\\nField name: {field_name}\\nValue: {expected_value}'):\n>           assert check_info == expected_value, 'Result is not equal expected value'\nE           AssertionError: Result is not equal expected value\n\ntests_api/utils/checking.py:57: AssertionError",
  "flaky" : false,
  "newFailed" : false,
  "beforeStages" : [ ],
  "testStage" : {
    "status" : "failed",
    "statusMessage" : "AssertionError: Result is not equal expected value",
    "statusTrace" : "self = <tests_api.test_bd.TestPOST object at 0x7f58d630e0f0>\n\n    @allure.title('POST create_docker_container_without_token')\n    def test_post_create_docker_with_defunct_image(self):\n        result = API.post_create_docker_container_with_defunct_image(token=TestPOST.token)\n        Checking.check_status_code(result, 400)\n>       Checking.check_json_value(result, 'msg', \"msg[]: the image doesn't found in the DockerHub\")\n\ntests_api/test_bd.py:411: \n_ _ _ _ _ _ _ _ _ _ _ _ _ _ _ _ _ _ _ _ _ _ _ _ _ _ _ _ _ _ _ _ _ _ _ _ _ _ _ _ \n\nresponse = <Response [400]>, field_name = 'msg'\nexpected_value = \"msg[]: the image doesn't found in the DockerHub\"\n\n    @staticmethod\n    def check_json_value(response: requests.models.Response, field_name: str, expected_value):\n        \"\"\"\n        :param response: requests.models.Response\n        :param field_name:\n        :param expected_value:\n        \"\"\"\n        check = response.json()\n        check_info = check.get(field_name)\n        with allure.step(\n                f'Compare result request with expected value:'\n                f'\\nResponse: {response}\\nField name: {field_name}\\nValue: {expected_value}'):\n>           assert check_info == expected_value, 'Result is not equal expected value'\nE           AssertionError: Result is not equal expected value\n\ntests_api/utils/checking.py:57: AssertionError",
    "steps" : [ {
      "name" : "post_create_docker_container_with_defunct_image",
      "time" : {
        "start" : 1735520643340,
        "stop" : 1735520643665,
        "duration" : 325
      },
      "status" : "passed",
      "steps" : [ {
        "name" : "Endpoint: /container_create",
        "time" : {
          "start" : 1735520643665,
          "stop" : 1735520643665,
          "duration" : 0
        },
        "status" : "passed",
        "steps" : [ ],
        "attachments" : [ ],
        "parameters" : [ ],
        "stepsCount" : 0,
        "attachmentsCount" : 0,
        "shouldDisplayMessage" : false,
        "hasContent" : false
      }, {
        "name" : "Request:",
        "time" : {
          "start" : 1735520643665,
          "stop" : 1735520643665,
          "duration" : 0
        },
        "status" : "passed",
        "steps" : [ {
          "name" : "Url: https://dbend.areso.pro/container_create",
          "time" : {
            "start" : 1735520643665,
            "stop" : 1735520643665,
            "duration" : 0
          },
          "status" : "passed",
          "steps" : [ ],
          "attachments" : [ ],
          "parameters" : [ ],
          "stepsCount" : 0,
          "attachmentsCount" : 0,
          "shouldDisplayMessage" : false,
          "hasContent" : false
        }, {
          "name" : "Headers: {'Content-Type': 'application/json', 'Authorization': 'd227f053-3d6b-44be-89ec-0dfd7d247ac3'}",
          "time" : {
            "start" : 1735520643665,
            "stop" : 1735520643665,
            "duration" : 0
          },
          "status" : "passed",
          "steps" : [ ],
          "attachments" : [ ],
          "parameters" : [ ],
          "stepsCount" : 0,
          "attachmentsCount" : 0,
          "shouldDisplayMessage" : false,
          "hasContent" : false
        }, {
          "name" : "Body: {\"docker_image\": \"\", \"int_ports\": \"80\", \"env\": 3, \"region\": 3}",
          "time" : {
            "start" : 1735520643665,
            "stop" : 1735520643665,
            "duration" : 0
          },
          "status" : "passed",
          "steps" : [ ],
          "attachments" : [ ],
          "parameters" : [ ],
          "stepsCount" : 0,
          "attachmentsCount" : 0,
          "shouldDisplayMessage" : false,
          "hasContent" : false
        } ],
        "attachments" : [ ],
        "parameters" : [ ],
        "stepsCount" : 3,
        "attachmentsCount" : 0,
        "shouldDisplayMessage" : false,
        "hasContent" : true
      }, {
        "name" : "Response:",
        "time" : {
          "start" : 1735520643665,
          "stop" : 1735520643665,
          "duration" : 0
        },
        "status" : "passed",
        "steps" : [ {
          "name" : "Status code: 400",
          "time" : {
            "start" : 1735520643665,
            "stop" : 1735520643665,
            "duration" : 0
          },
          "status" : "passed",
          "steps" : [ ],
          "attachments" : [ ],
          "parameters" : [ ],
          "stepsCount" : 0,
          "attachmentsCount" : 0,
          "shouldDisplayMessage" : false,
          "hasContent" : false
        }, {
          "name" : "JSON: {\n    \"msg_code\": -1,\n    \"msg\": \"endpoint is disabled\"\n}\n",
          "time" : {
            "start" : 1735520643665,
            "stop" : 1735520643665,
            "duration" : 0
          },
          "status" : "passed",
          "steps" : [ ],
          "attachments" : [ ],
          "parameters" : [ ],
          "stepsCount" : 0,
          "attachmentsCount" : 0,
          "shouldDisplayMessage" : false,
          "hasContent" : false
        } ],
        "attachments" : [ ],
        "parameters" : [ ],
        "stepsCount" : 2,
        "attachmentsCount" : 0,
        "shouldDisplayMessage" : false,
        "hasContent" : true
      } ],
      "attachments" : [ ],
      "parameters" : [ ],
      "stepsCount" : 8,
      "attachmentsCount" : 0,
      "shouldDisplayMessage" : false,
      "hasContent" : true
    }, {
      "name" : "Assert status code: 400 == Response status code: 400",
      "time" : {
        "start" : 1735520643665,
        "stop" : 1735520643665,
        "duration" : 0
      },
      "status" : "passed",
      "steps" : [ ],
      "attachments" : [ ],
      "parameters" : [ ],
      "stepsCount" : 0,
      "attachmentsCount" : 0,
      "shouldDisplayMessage" : false,
      "hasContent" : false
    }, {
      "name" : "Compare result request with expected value:\nResponse: <Response [400]>\nField name: msg\nValue: msg[]: the image doesn't found in the DockerHub",
      "time" : {
        "start" : 1735520643665,
        "stop" : 1735520643665,
        "duration" : 0
      },
      "status" : "failed",
      "statusMessage" : "AssertionError: Result is not equal expected value\n",
      "statusTrace" : "  File \"/home/runner/work/Oblache/Oblache/tests_api/utils/checking.py\", line 57, in check_json_value\n    assert check_info == expected_value, 'Result is not equal expected value'\n           ^^^^^^^^^^^^^^^^^^^^^^^^^^^^\n",
      "steps" : [ ],
      "attachments" : [ ],
      "parameters" : [ ],
      "stepsCount" : 0,
      "attachmentsCount" : 0,
      "shouldDisplayMessage" : true,
      "hasContent" : true
    } ],
    "attachments" : [ ],
    "parameters" : [ ],
    "stepsCount" : 11,
    "attachmentsCount" : 0,
    "shouldDisplayMessage" : true,
    "hasContent" : true
  },
  "afterStages" : [ ],
  "labels" : [ {
    "name" : "suite",
    "value" : "POST"
  }, {
    "name" : "parentSuite",
    "value" : "tests_api"
  }, {
    "name" : "subSuite",
    "value" : "TestPOST"
  }, {
    "name" : "host",
    "value" : "fv-az1307-152"
  }, {
    "name" : "thread",
    "value" : "2425-MainThread"
  }, {
    "name" : "framework",
    "value" : "pytest"
  }, {
    "name" : "language",
    "value" : "cpython3"
  }, {
    "name" : "package",
    "value" : "tests_api.test_bd"
  }, {
    "name" : "resultFormat",
    "value" : "allure2"
  } ],
  "parameters" : [ ],
  "links" : [ ],
  "hidden" : false,
  "retry" : false,
  "extra" : {
    "severity" : "normal",
    "retries" : [ ],
    "categories" : [ {
      "name" : "Product defects",
      "matchedStatuses" : [ ],
      "flaky" : false
    } ],
    "history" : {
      "statistic" : {
        "failed" : 14,
        "broken" : 0,
        "skipped" : 0,
        "passed" : 36,
        "unknown" : 0,
        "total" : 50
      },
      "items" : [ {
        "uid" : "8621273c82d6c683",
        "reportUrl" : "https://lambotik.github.io/Oblache/266//#testresult/8621273c82d6c683",
        "status" : "failed",
        "statusDetails" : "AssertionError: Result is not equal expected value",
        "time" : {
          "start" : 1735434464677,
          "stop" : 1735434464995,
          "duration" : 318
        }
      }, {
        "uid" : "d3edc4fcef9e560d",
        "reportUrl" : "https://lambotik.github.io/Oblache/265//#testresult/d3edc4fcef9e560d",
        "status" : "failed",
        "statusDetails" : "AssertionError: Result is not equal expected value",
        "time" : {
          "start" : 1735347648092,
          "stop" : 1735347648399,
          "duration" : 307
        }
      }, {
        "uid" : "cc95c3d9229951ea",
        "reportUrl" : "https://lambotik.github.io/Oblache/264//#testresult/cc95c3d9229951ea",
        "status" : "failed",
        "statusDetails" : "AssertionError: Result is not equal expected value",
        "time" : {
          "start" : 1735261327758,
          "stop" : 1735261328272,
          "duration" : 514
        }
      }, {
        "uid" : "7b1556f46c537314",
        "reportUrl" : "https://lambotik.github.io/Oblache/209//#testresult/7b1556f46c537314",
        "status" : "failed",
        "statusDetails" : "AssertionError: Result is not equal expected value",
        "time" : {
          "start" : 1730509261531,
          "stop" : 1730509261839,
          "duration" : 308
        }
      }, {
        "uid" : "a5eecbe8bada8935",
        "reportUrl" : "https://lambotik.github.io/Oblache/208//#testresult/a5eecbe8bada8935",
        "status" : "failed",
        "statusDetails" : "AssertionError: Result is not equal expected value",
        "time" : {
          "start" : 1730423219975,
          "stop" : 1730423220287,
          "duration" : 312
        }
      }, {
        "uid" : "bd1232f979c5e2d8",
        "reportUrl" : "https://lambotik.github.io/Oblache/207//#testresult/bd1232f979c5e2d8",
        "status" : "failed",
        "statusDetails" : "AssertionError: Result is not equal expected value",
        "time" : {
          "start" : 1730336573188,
          "stop" : 1730336573490,
          "duration" : 302
        }
      }, {
        "uid" : "a19d3a012e652edc",
        "reportUrl" : "https://lambotik.github.io/Oblache/206//#testresult/a19d3a012e652edc",
        "status" : "failed",
        "statusDetails" : "AssertionError: Result is not equal expected value",
        "time" : {
          "start" : 1730250155169,
          "stop" : 1730250155521,
          "duration" : 352
        }
      }, {
        "uid" : "2cba642bc51e00ea",
        "reportUrl" : "https://lambotik.github.io/Oblache/205//#testresult/2cba642bc51e00ea",
        "status" : "failed",
        "statusDetails" : "AssertionError: Result is not equal expected value",
        "time" : {
          "start" : 1730163799005,
          "stop" : 1730163799306,
          "duration" : 301
        }
      }, {
        "uid" : "32f6915771519166",
        "reportUrl" : "https://lambotik.github.io/Oblache/204//#testresult/32f6915771519166",
        "status" : "failed",
        "statusDetails" : "AssertionError: Result is not equal expected value",
        "time" : {
          "start" : 1730077483722,
          "stop" : 1730077484027,
          "duration" : 305
        }
      }, {
        "uid" : "5c98d7476f9023c2",
        "reportUrl" : "https://lambotik.github.io/Oblache/203//#testresult/5c98d7476f9023c2",
        "status" : "failed",
        "statusDetails" : "AssertionError: Result is not equal expected value",
        "time" : {
          "start" : 1729991206203,
          "stop" : 1729991206563,
          "duration" : 360
        }
      }, {
        "uid" : "12c815f4b3bd1696",
        "reportUrl" : "https://lambotik.github.io/Oblache/202//#testresult/12c815f4b3bd1696",
        "status" : "failed",
        "statusDetails" : "AssertionError: Result is not equal expected value",
        "time" : {
          "start" : 1729904405513,
          "stop" : 1729904405819,
          "duration" : 306
        }
      }, {
        "uid" : "13ca66ef561cb439",
        "reportUrl" : "https://lambotik.github.io/Oblache/201//#testresult/13ca66ef561cb439",
        "status" : "failed",
        "statusDetails" : "AssertionError: Result is not equal expected value",
        "time" : {
          "start" : 1729818178386,
          "stop" : 1729818178880,
          "duration" : 494
        }
      }, {
        "uid" : "43cb9ae92bf99833",
        "reportUrl" : "https://lambotik.github.io/Oblache/200//#testresult/43cb9ae92bf99833",
        "status" : "failed",
        "statusDetails" : "AssertionError: Result is not equal expected value",
        "time" : {
          "start" : 1729731690557,
          "stop" : 1729731690882,
          "duration" : 325
        }
      }, {
        "uid" : "ed203a57cb793840",
        "reportUrl" : "https://lambotik.github.io/Oblache/199//#testresult/ed203a57cb793840",
        "status" : "passed",
        "time" : {
          "start" : 1729645277453,
          "stop" : 1729645278276,
          "duration" : 823
        }
      }, {
        "uid" : "40dfc8138b9faa4a",
        "reportUrl" : "https://lambotik.github.io/Oblache/198//#testresult/40dfc8138b9faa4a",
        "status" : "passed",
        "time" : {
          "start" : 1729558973450,
          "stop" : 1729558974451,
          "duration" : 1001
        }
      }, {
        "uid" : "8641399026d4c8f4",
        "reportUrl" : "https://lambotik.github.io/Oblache/197//#testresult/8641399026d4c8f4",
        "status" : "passed",
        "time" : {
          "start" : 1729472615900,
          "stop" : 1729472616770,
          "duration" : 870
        }
      }, {
        "uid" : "3ed06a4a71cf7cd1",
        "reportUrl" : "https://lambotik.github.io/Oblache/196//#testresult/3ed06a4a71cf7cd1",
        "status" : "passed",
        "time" : {
          "start" : 1729386413848,
          "stop" : 1729386414631,
          "duration" : 783
        }
      }, {
        "uid" : "3e9b9afb2c2d448e",
        "reportUrl" : "https://lambotik.github.io/Oblache/195//#testresult/3e9b9afb2c2d448e",
        "status" : "passed",
        "time" : {
          "start" : 1729299674008,
          "stop" : 1729299674794,
          "duration" : 786
        }
      }, {
        "uid" : "feb546fd3ad39c78",
        "reportUrl" : "https://lambotik.github.io/Oblache/194//#testresult/feb546fd3ad39c78",
        "status" : "passed",
        "time" : {
          "start" : 1729213295263,
          "stop" : 1729213296133,
          "duration" : 870
        }
      }, {
        "uid" : "df9806bfc83e0e8f",
        "reportUrl" : "https://lambotik.github.io/Oblache/193//#testresult/df9806bfc83e0e8f",
        "status" : "passed",
        "time" : {
          "start" : 1729126916403,
          "stop" : 1729126917437,
          "duration" : 1034
        }
      } ]
    },
    "tags" : [ ]
  },
  "source" : "e30163e8b4c26a97.json",
  "parameterValues" : [ ]
}