{"uid":"b9ec4b62f199d476","name":"POST db_create","fullName":"tests_api.test_db.TestPOST#test_post_db_create","historyId":"1b13e37b89dfdb7d341d294814ce9795","time":{"start":1763430849881,"stop":1763430850879,"duration":998},"status":"failed","statusMessage":"AssertionError: Incorrect status code: 403","statusTrace":"self = <tests_api.test_db.TestPOST object at 0x7fbebbcddc10>\nget_token = ('f268b9a5-fc64-4cb3-80cd-06598f8c2bc8', {'email': 'test4@mail.com', 'password': 'testpassword'}, 'testpassword', '123456789', 'test4@mail.com')\n\n    @allure.title('POST db_create')\n    def test_post_db_create(self, get_token):\n        TestPOST.token, TestPOST.body = get_token[0], get_token[1]\n        response_login = API.post_login(body=TestPOST.body)\n        Checking.check_status_code(response_login, 200)\n        response = API.post_db_create(token=TestPOST.token)\n        print(response.text)\n>       Checking.check_status_code(response, 201)\n\ntests_api/test_db.py:35: \n_ _ _ _ _ _ _ _ _ _ _ _ _ _ _ _ _ _ _ _ _ _ _ _ _ _ _ _ _ _ _ _ _ _ _ _ _ _ _ _ \n\nresult = <Response [403]>, status_code = 201\n\n    @staticmethod\n    def check_status_code(result: requests.models.Response, status_code: int):\n        \"\"\"\n        Method check status code\n        :param result: Response\n        :param status_code:\n        \"\"\"\n        with allure.step(f'Assert status code: {status_code} == Response status code: {result.status_code}'):\n>           assert status_code == result.status_code, f'Incorrect status code: {result.status_code}'\nE           AssertionError: Incorrect status code: 403\n\ntests_api/utils/checking.py:16: AssertionError","flaky":false,"newFailed":false,"newBroken":false,"newPassed":false,"retriesCount":0,"retriesStatusChange":false,"beforeStages":[{"name":"get_token","time":{"start":1763430849381,"stop":1763430849881,"duration":500},"status":"passed","steps":[{"name":"Assert status code: 200 == Response status code: 200","time":{"start":1763430849881,"stop":1763430849881,"duration":0},"status":"passed","steps":[],"attachments":[],"parameters":[],"stepsCount":0,"shouldDisplayMessage":false,"attachmentsCount":0,"hasContent":false,"attachmentStep":false}],"attachments":[],"parameters":[],"stepsCount":1,"shouldDisplayMessage":false,"attachmentsCount":0,"hasContent":true,"attachmentStep":false}],"testStage":{"status":"failed","statusMessage":"AssertionError: Incorrect status code: 403","statusTrace":"self = <tests_api.test_db.TestPOST object at 0x7fbebbcddc10>\nget_token = ('f268b9a5-fc64-4cb3-80cd-06598f8c2bc8', {'email': 'test4@mail.com', 'password': 'testpassword'}, 'testpassword', '123456789', 'test4@mail.com')\n\n    @allure.title('POST db_create')\n    def test_post_db_create(self, get_token):\n        TestPOST.token, TestPOST.body = get_token[0], get_token[1]\n        response_login = API.post_login(body=TestPOST.body)\n        Checking.check_status_code(response_login, 200)\n        response = API.post_db_create(token=TestPOST.token)\n        print(response.text)\n>       Checking.check_status_code(response, 201)\n\ntests_api/test_db.py:35: \n_ _ _ _ _ _ _ _ _ _ _ _ _ _ _ _ _ _ _ _ _ _ _ _ _ _ _ _ _ _ _ _ _ _ _ _ _ _ _ _ \n\nresult = <Response [403]>, status_code = 201\n\n    @staticmethod\n    def check_status_code(result: requests.models.Response, status_code: int):\n        \"\"\"\n        Method check status code\n        :param result: Response\n        :param status_code:\n        \"\"\"\n        with allure.step(f'Assert status code: {status_code} == Response status code: {result.status_code}'):\n>           assert status_code == result.status_code, f'Incorrect status code: {result.status_code}'\nE           AssertionError: Incorrect status code: 403\n\ntests_api/utils/checking.py:16: AssertionError","steps":[{"name":"post_login","time":{"start":1763430849881,"stop":1763430850376,"duration":495},"status":"passed","steps":[{"name":"Endpoint: /login","time":{"start":1763430850376,"stop":1763430850376,"duration":0},"status":"passed","steps":[],"attachments":[],"parameters":[],"stepsCount":0,"shouldDisplayMessage":false,"attachmentsCount":0,"hasContent":false,"attachmentStep":false},{"name":"Request:","time":{"start":1763430850376,"stop":1763430850376,"duration":0},"status":"passed","steps":[{"name":"Headers: {'Content-Type': 'application/json', 'Authorization': ''}","time":{"start":1763430850376,"stop":1763430850376,"duration":0},"status":"passed","steps":[],"attachments":[],"parameters":[],"stepsCount":0,"shouldDisplayMessage":false,"attachmentsCount":0,"hasContent":false,"attachmentStep":false},{"name":"Body: {\"email\": email, \"password\": password}","time":{"start":1763430850376,"stop":1763430850376,"duration":0},"status":"passed","steps":[],"attachments":[],"parameters":[],"stepsCount":0,"shouldDisplayMessage":false,"attachmentsCount":0,"hasContent":false,"attachmentStep":false}],"attachments":[],"parameters":[],"stepsCount":2,"shouldDisplayMessage":false,"attachmentsCount":0,"hasContent":true,"attachmentStep":false},{"name":"Response:","time":{"start":1763430850376,"stop":1763430850376,"duration":0},"status":"passed","steps":[{"name":"Status code: 200","time":{"start":1763430850376,"stop":1763430850376,"duration":0},"status":"passed","steps":[],"attachments":[],"parameters":[],"stepsCount":0,"shouldDisplayMessage":false,"attachmentsCount":0,"hasContent":false,"attachmentStep":false},{"name":"JSON: {\n    \"token\": \"de6aed1d-3bd4-461e-ae55-579ac45e7e28\",\n    \"msg\": \"msg[6]: login successful\"\n}\n","time":{"start":1763430850376,"stop":1763430850376,"duration":0},"status":"passed","steps":[],"attachments":[],"parameters":[],"stepsCount":0,"shouldDisplayMessage":false,"attachmentsCount":0,"hasContent":false,"attachmentStep":false}],"attachments":[],"parameters":[],"stepsCount":2,"shouldDisplayMessage":false,"attachmentsCount":0,"hasContent":true,"attachmentStep":false}],"attachments":[],"parameters":[],"stepsCount":7,"shouldDisplayMessage":false,"attachmentsCount":0,"hasContent":true,"attachmentStep":false},{"name":"Assert status code: 200 == Response status code: 200","time":{"start":1763430850376,"stop":1763430850376,"duration":0},"status":"passed","steps":[],"attachments":[],"parameters":[],"stepsCount":0,"shouldDisplayMessage":false,"attachmentsCount":0,"hasContent":false,"attachmentStep":false},{"name":"post_db_create","time":{"start":1763430850376,"stop":1763430850879,"duration":503},"status":"passed","steps":[{"name":"Endpoint: /db_create","time":{"start":1763430850878,"stop":1763430850879,"duration":1},"status":"passed","steps":[],"attachments":[],"parameters":[],"stepsCount":0,"shouldDisplayMessage":false,"attachmentsCount":0,"hasContent":false,"attachmentStep":false},{"name":"Request:","time":{"start":1763430850879,"stop":1763430850879,"duration":0},"status":"passed","steps":[{"name":"Headers: {'Content-Type': 'application/json', 'Authorization': {'f268b9a5-fc64-4cb3-80cd-06598f8c2bc8'}}","time":{"start":1763430850879,"stop":1763430850879,"duration":0},"status":"passed","steps":[],"attachments":[],"parameters":[],"stepsCount":0,"shouldDisplayMessage":false,"attachmentsCount":0,"hasContent":false,"attachmentStep":false},{"name":"Body: {\"dbtype\": 3, \"dbversion\": 5, \"env\": 3, \"region\": 3}","time":{"start":1763430850879,"stop":1763430850879,"duration":0},"status":"passed","steps":[],"attachments":[],"parameters":[],"stepsCount":0,"shouldDisplayMessage":false,"attachmentsCount":0,"hasContent":false,"attachmentStep":false}],"attachments":[],"parameters":[],"stepsCount":2,"shouldDisplayMessage":false,"attachmentsCount":0,"hasContent":true,"attachmentStep":false},{"name":"Response:","time":{"start":1763430850879,"stop":1763430850879,"duration":0},"status":"passed","steps":[{"name":"Status code: 403","time":{"start":1763430850879,"stop":1763430850879,"duration":0},"status":"passed","steps":[],"attachments":[],"parameters":[],"stepsCount":0,"shouldDisplayMessage":false,"attachmentsCount":0,"hasContent":false,"attachmentStep":false},{"name":"JSON: {\n    \"content\": \"you are not allowed to create new databases\"\n}\n","time":{"start":1763430850879,"stop":1763430850879,"duration":0},"status":"passed","steps":[],"attachments":[],"parameters":[],"stepsCount":0,"shouldDisplayMessage":false,"attachmentsCount":0,"hasContent":false,"attachmentStep":false}],"attachments":[],"parameters":[],"stepsCount":2,"shouldDisplayMessage":false,"attachmentsCount":0,"hasContent":true,"attachmentStep":false}],"attachments":[],"parameters":[],"stepsCount":7,"shouldDisplayMessage":false,"attachmentsCount":0,"hasContent":true,"attachmentStep":false},{"name":"Assert status code: 201 == Response status code: 403","time":{"start":1763430850879,"stop":1763430850879,"duration":0},"status":"failed","statusMessage":"AssertionError: Incorrect status code: 403\n","statusTrace":"  File \"/home/runner/work/Oblache/Oblache/tests_api/utils/checking.py\", line 16, in check_status_code\n    assert status_code == result.status_code, f'Incorrect status code: {result.status_code}'\n           ^^^^^^^^^^^^^^^^^^^^^^^^^^^^^^^^^\n","steps":[],"attachments":[],"parameters":[],"stepsCount":0,"shouldDisplayMessage":true,"attachmentsCount":0,"hasContent":true,"attachmentStep":false}],"attachments":[],"parameters":[],"stepsCount":18,"shouldDisplayMessage":true,"attachmentsCount":0,"hasContent":true,"attachmentStep":false},"afterStages":[],"labels":[{"name":"suite","value":"smoke_databases"},{"name":"parentSuite","value":"tests_api"},{"name":"subSuite","value":"TestPOST"},{"name":"host","value":"runnervmg1sw1"},{"name":"thread","value":"2612-MainThread"},{"name":"framework","value":"pytest"},{"name":"language","value":"cpython3"},{"name":"package","value":"tests_api.test_db"},{"name":"resultFormat","value":"allure2"}],"parameters":[],"links":[],"hidden":false,"retry":false,"extra":{"severity":"normal","retries":[],"categories":[{"name":"Product defects","matchedStatuses":[],"flaky":false}],"history":{"statistic":{"failed":12,"broken":1,"skipped":0,"passed":0,"unknown":0,"total":13},"items":[{"uid":"22abdd8484fe8ac1","reportUrl":"https://lambotik.github.io/Oblache/566/#testresult/22abdd8484fe8ac1","status":"failed","statusDetails":"AssertionError: Incorrect status code: 403","time":{"start":1763344537041,"stop":1763344538013,"duration":972}},{"uid":"593d52bf4cec0434","reportUrl":"https://lambotik.github.io/Oblache/565/#testresult/593d52bf4cec0434","status":"failed","statusDetails":"AssertionError: Incorrect status code: 403","time":{"start":1763258412057,"stop":1763258413060,"duration":1003}},{"uid":"c3b4381295adf73","reportUrl":"https://lambotik.github.io/Oblache/564/#testresult/c3b4381295adf73","status":"failed","statusDetails":"AssertionError: Incorrect status code: 403","time":{"start":1763171420256,"stop":1763171420899,"duration":643}},{"uid":"752c535f3368d75c","reportUrl":"https://lambotik.github.io/Oblache/563/#testresult/752c535f3368d75c","status":"failed","statusDetails":"AssertionError: Incorrect status code: 403","time":{"start":1763085289903,"stop":1763085290790,"duration":887}},{"uid":"ab1b8ba3c0b9ebdb","reportUrl":"https://lambotik.github.io/Oblache/562/#testresult/ab1b8ba3c0b9ebdb","status":"failed","statusDetails":"AssertionError: Incorrect status code: 403","time":{"start":1762998941750,"stop":1762998942605,"duration":855}},{"uid":"70f8006230e132f1","reportUrl":"https://lambotik.github.io/Oblache/561/#testresult/70f8006230e132f1","status":"failed","statusDetails":"AssertionError: Incorrect status code: 403","time":{"start":1762912433265,"stop":1762912433891,"duration":626}},{"uid":"9cb7ba60e4368e82","reportUrl":"https://lambotik.github.io/Oblache/560/#testresult/9cb7ba60e4368e82","status":"failed","statusDetails":"AssertionError: Incorrect status code: 403","time":{"start":1762826090132,"stop":1762826090863,"duration":731}},{"uid":"11685273722c3c4b","reportUrl":"https://lambotik.github.io/Oblache/559/#testresult/11685273722c3c4b","status":"failed","statusDetails":"AssertionError: Incorrect status code: 403","time":{"start":1762739906418,"stop":1762739907445,"duration":1027}},{"uid":"1f7ef598c1673d29","reportUrl":"https://lambotik.github.io/Oblache/558/#testresult/1f7ef598c1673d29","status":"broken","statusDetails":"requests.exceptions.JSONDecodeError: Expecting value: line 1 column 1 (char 0)","time":{"start":1762653409810,"stop":1762653409810,"duration":0}},{"uid":"213a454d15ee3ad2","reportUrl":"https://lambotik.github.io/Oblache/557/#testresult/213a454d15ee3ad2","status":"failed","statusDetails":"AssertionError: Incorrect status code: 403","time":{"start":1762566423414,"stop":1762566424270,"duration":856}},{"uid":"c782eea1e179a741","reportUrl":"https://lambotik.github.io/Oblache/556/#testresult/c782eea1e179a741","status":"failed","statusDetails":"AssertionError: Incorrect status code: 403","time":{"start":1762480390363,"stop":1762480391366,"duration":1003}},{"uid":"f5696c6507f5889f","reportUrl":"https://lambotik.github.io/Oblache/555/#testresult/f5696c6507f5889f","status":"failed","statusDetails":"AssertionError: Incorrect status code: 403","time":{"start":1762394053867,"stop":1762394054583,"duration":716}}]},"tags":[]},"source":"b9ec4b62f199d476.json","parameterValues":[]}