{
  "uid" : "24312130197ed2fb",
  "name" : "test_clipboard_uuid_docker",
  "fullName" : "tests_ui.test_ui.TestProfilePage#test_clipboard_uuid_docker",
  "historyId" : "11f91f43cfea2a231aececf29c7ed302",
  "time" : {
    "start" : 1758159917434,
    "stop" : 1758159923400,
    "duration" : 5966
  },
  "status" : "broken",
  "statusMessage" : "selenium.common.exceptions.TimeoutException: Message: Can't find element by locator ('xpath', '//table[@id=\"table_containers\"] //tr[1]/td[3] /button')\nStacktrace:\n#0 0x557f32eb594a <unknown>\n#1 0x557f3292a8a0 <unknown>\n#2 0x557f3297c540 <unknown>\n#3 0x557f3297c731 <unknown>\n#4 0x557f329ca824 <unknown>\n#5 0x557f329a205d <unknown>\n#6 0x557f329c7c23 <unknown>\n#7 0x557f329a1e03 <unknown>\n#8 0x557f3296e968 <unknown>\n#9 0x557f3296f5e1 <unknown>\n#10 0x557f32e79548 <unknown>\n#11 0x557f32e7d272 <unknown>\n#12 0x557f32e60313 <unknown>\n#13 0x557f32e7ddc5 <unknown>\n#14 0x557f32e4549f <unknown>\n#15 0x557f32ea2158 <unknown>\n#16 0x557f32ea2332 <unknown>\n#17 0x557f32eb4a53 <unknown>\n#18 0x7f57fec9caa4 <unknown>\n#19 0x7f57fed29c3c <unknown>",
  "statusTrace" : "self = <tests_ui.test_ui.TestProfilePage object at 0x7f9e644046e0>\ndriver = <selenium.webdriver.chrome.webdriver.WebDriver (session=\"e2b9d917b0eb4505f102e6b4b48c42ed\")>\nauthorization_user = None\n\n    @allure.title('test_clipboard_uuid_docker')\n    def test_clipboard_uuid_docker(self, driver, authorization_user):\n        page = ProfilePage(driver, authorization_user)\n        page.click_button_docker_containers()\n>       page.check_clipboard(\n            table_xpath='//table[@id=\"table_containers\"]',\n            token=TestProfilePage.token)\n\ntests_ui/test_ui.py:113: \n_ _ _ _ _ _ _ _ _ _ _ _ _ _ _ _ _ _ _ _ _ _ _ _ _ _ _ _ _ _ _ _ _ _ _ _ _ _ _ _ \ntests_ui/profile_page.py:100: in check_clipboard\n    button = self.element_is_visible((By.XPATH, f'{table_xpath} //tr[1]/td[3] /button'))\ntests_ui/base_page.py:33: in element_is_visible\n    self.go_to_element(self.element_is_present(locator))\ntests_ui/base_page.py:46: in element_is_present\n    return Wait(self.driver, self.timeout).until(\n_ _ _ _ _ _ _ _ _ _ _ _ _ _ _ _ _ _ _ _ _ _ _ _ _ _ _ _ _ _ _ _ _ _ _ _ _ _ _ _ \n\nself = <selenium.webdriver.support.wait.WebDriverWait (session=\"e2b9d917b0eb4505f102e6b4b48c42ed\")>\nmethod = <function presence_of_element_located.<locals>._predicate at 0x7f9e63bd8cc0>\nmessage = 'Can\\'t find element by locator (\\'xpath\\', \\'//table[@id=\"table_containers\"] //tr[1]/td[3] /button\\')'\n\n    def until(self, method: Callable[[D], Union[Literal[False], T]], message: str = \"\") -> T:\n        \"\"\"Calls the method provided with the driver as an argument until the \\\n        return value does not evaluate to ``False``.\n    \n        :param method: callable(WebDriver)\n        :param message: optional message for :exc:`TimeoutException`\n        :returns: the result of the last call to `method`\n        :raises: :exc:`selenium.common.exceptions.TimeoutException` if timeout occurs\n        \"\"\"\n        screen = None\n        stacktrace = None\n    \n        end_time = time.monotonic() + self._timeout\n        while True:\n            try:\n                value = method(self._driver)\n                if value:\n                    return value\n            except self._ignored_exceptions as exc:\n                screen = getattr(exc, \"screen\", None)\n                stacktrace = getattr(exc, \"stacktrace\", None)\n            time.sleep(self._poll)\n            if time.monotonic() > end_time:\n                break\n>       raise TimeoutException(message, screen, stacktrace)\nE       selenium.common.exceptions.TimeoutException: Message: Can't find element by locator ('xpath', '//table[@id=\"table_containers\"] //tr[1]/td[3] /button')\nE       Stacktrace:\nE       #0 0x557f32eb594a <unknown>\nE       #1 0x557f3292a8a0 <unknown>\nE       #2 0x557f3297c540 <unknown>\nE       #3 0x557f3297c731 <unknown>\nE       #4 0x557f329ca824 <unknown>\nE       #5 0x557f329a205d <unknown>\nE       #6 0x557f329c7c23 <unknown>\nE       #7 0x557f329a1e03 <unknown>\nE       #8 0x557f3296e968 <unknown>\nE       #9 0x557f3296f5e1 <unknown>\nE       #10 0x557f32e79548 <unknown>\nE       #11 0x557f32e7d272 <unknown>\nE       #12 0x557f32e60313 <unknown>\nE       #13 0x557f32e7ddc5 <unknown>\nE       #14 0x557f32e4549f <unknown>\nE       #15 0x557f32ea2158 <unknown>\nE       #16 0x557f32ea2332 <unknown>\nE       #17 0x557f32eb4a53 <unknown>\nE       #18 0x7f57fec9caa4 <unknown>\nE       #19 0x7f57fed29c3c <unknown>\n\n/opt/hostedtoolcache/Python/3.12.11/x64/lib/python3.12/site-packages/selenium/webdriver/support/wait.py:105: TimeoutException",
  "flaky" : false,
  "newFailed" : false,
  "beforeStages" : [ {
    "name" : "driver",
    "time" : {
      "start" : 1758159916688,
      "stop" : 1758159916942,
      "duration" : 254
    },
    "status" : "passed",
    "steps" : [ ],
    "attachments" : [ ],
    "parameters" : [ ],
    "stepsCount" : 0,
    "attachmentsCount" : 0,
    "shouldDisplayMessage" : false,
    "hasContent" : false
  }, {
    "name" : "authorization_user",
    "time" : {
      "start" : 1758159916942,
      "stop" : 1758159917434,
      "duration" : 492
    },
    "status" : "passed",
    "steps" : [ {
      "name" : "Open page: https://oblache.areso.pro/register.html",
      "time" : {
        "start" : 1758159916942,
        "stop" : 1758159917246,
        "duration" : 304
      },
      "status" : "passed",
      "steps" : [ ],
      "attachments" : [ ],
      "parameters" : [ ],
      "stepsCount" : 0,
      "attachmentsCount" : 0,
      "shouldDisplayMessage" : false,
      "hasContent" : false
    }, {
      "name" : "Login user",
      "time" : {
        "start" : 1758159917246,
        "stop" : 1758159917434,
        "duration" : 188
      },
      "status" : "passed",
      "steps" : [ {
        "name" : "Enter email.",
        "time" : {
          "start" : 1758159917246,
          "stop" : 1758159917305,
          "duration" : 59
        },
        "status" : "passed",
        "steps" : [ ],
        "attachments" : [ ],
        "parameters" : [ ],
        "stepsCount" : 0,
        "attachmentsCount" : 0,
        "shouldDisplayMessage" : false,
        "hasContent" : false
      }, {
        "name" : "Enter password.",
        "time" : {
          "start" : 1758159917305,
          "stop" : 1758159917347,
          "duration" : 42
        },
        "status" : "passed",
        "steps" : [ ],
        "attachments" : [ ],
        "parameters" : [ ],
        "stepsCount" : 0,
        "attachmentsCount" : 0,
        "shouldDisplayMessage" : false,
        "hasContent" : false
      }, {
        "name" : "Click button \"Login\"",
        "time" : {
          "start" : 1758159917347,
          "stop" : 1758159917431,
          "duration" : 84
        },
        "status" : "passed",
        "steps" : [ ],
        "attachments" : [ ],
        "parameters" : [ ],
        "stepsCount" : 0,
        "attachmentsCount" : 0,
        "shouldDisplayMessage" : false,
        "hasContent" : false
      }, {
        "name" : "Check url is present: https://oblache.areso.pro/register.html",
        "time" : {
          "start" : 1758159917431,
          "stop" : 1758159917434,
          "duration" : 3
        },
        "status" : "passed",
        "steps" : [ ],
        "attachments" : [ ],
        "parameters" : [ ],
        "stepsCount" : 0,
        "attachmentsCount" : 0,
        "shouldDisplayMessage" : false,
        "hasContent" : false
      } ],
      "attachments" : [ ],
      "parameters" : [ ],
      "stepsCount" : 4,
      "attachmentsCount" : 0,
      "shouldDisplayMessage" : false,
      "hasContent" : true
    } ],
    "attachments" : [ ],
    "parameters" : [ ],
    "stepsCount" : 6,
    "attachmentsCount" : 0,
    "shouldDisplayMessage" : false,
    "hasContent" : true
  } ],
  "testStage" : {
    "status" : "broken",
    "statusMessage" : "selenium.common.exceptions.TimeoutException: Message: Can't find element by locator ('xpath', '//table[@id=\"table_containers\"] //tr[1]/td[3] /button')\nStacktrace:\n#0 0x557f32eb594a <unknown>\n#1 0x557f3292a8a0 <unknown>\n#2 0x557f3297c540 <unknown>\n#3 0x557f3297c731 <unknown>\n#4 0x557f329ca824 <unknown>\n#5 0x557f329a205d <unknown>\n#6 0x557f329c7c23 <unknown>\n#7 0x557f329a1e03 <unknown>\n#8 0x557f3296e968 <unknown>\n#9 0x557f3296f5e1 <unknown>\n#10 0x557f32e79548 <unknown>\n#11 0x557f32e7d272 <unknown>\n#12 0x557f32e60313 <unknown>\n#13 0x557f32e7ddc5 <unknown>\n#14 0x557f32e4549f <unknown>\n#15 0x557f32ea2158 <unknown>\n#16 0x557f32ea2332 <unknown>\n#17 0x557f32eb4a53 <unknown>\n#18 0x7f57fec9caa4 <unknown>\n#19 0x7f57fed29c3c <unknown>",
    "statusTrace" : "self = <tests_ui.test_ui.TestProfilePage object at 0x7f9e644046e0>\ndriver = <selenium.webdriver.chrome.webdriver.WebDriver (session=\"e2b9d917b0eb4505f102e6b4b48c42ed\")>\nauthorization_user = None\n\n    @allure.title('test_clipboard_uuid_docker')\n    def test_clipboard_uuid_docker(self, driver, authorization_user):\n        page = ProfilePage(driver, authorization_user)\n        page.click_button_docker_containers()\n>       page.check_clipboard(\n            table_xpath='//table[@id=\"table_containers\"]',\n            token=TestProfilePage.token)\n\ntests_ui/test_ui.py:113: \n_ _ _ _ _ _ _ _ _ _ _ _ _ _ _ _ _ _ _ _ _ _ _ _ _ _ _ _ _ _ _ _ _ _ _ _ _ _ _ _ \ntests_ui/profile_page.py:100: in check_clipboard\n    button = self.element_is_visible((By.XPATH, f'{table_xpath} //tr[1]/td[3] /button'))\ntests_ui/base_page.py:33: in element_is_visible\n    self.go_to_element(self.element_is_present(locator))\ntests_ui/base_page.py:46: in element_is_present\n    return Wait(self.driver, self.timeout).until(\n_ _ _ _ _ _ _ _ _ _ _ _ _ _ _ _ _ _ _ _ _ _ _ _ _ _ _ _ _ _ _ _ _ _ _ _ _ _ _ _ \n\nself = <selenium.webdriver.support.wait.WebDriverWait (session=\"e2b9d917b0eb4505f102e6b4b48c42ed\")>\nmethod = <function presence_of_element_located.<locals>._predicate at 0x7f9e63bd8cc0>\nmessage = 'Can\\'t find element by locator (\\'xpath\\', \\'//table[@id=\"table_containers\"] //tr[1]/td[3] /button\\')'\n\n    def until(self, method: Callable[[D], Union[Literal[False], T]], message: str = \"\") -> T:\n        \"\"\"Calls the method provided with the driver as an argument until the \\\n        return value does not evaluate to ``False``.\n    \n        :param method: callable(WebDriver)\n        :param message: optional message for :exc:`TimeoutException`\n        :returns: the result of the last call to `method`\n        :raises: :exc:`selenium.common.exceptions.TimeoutException` if timeout occurs\n        \"\"\"\n        screen = None\n        stacktrace = None\n    \n        end_time = time.monotonic() + self._timeout\n        while True:\n            try:\n                value = method(self._driver)\n                if value:\n                    return value\n            except self._ignored_exceptions as exc:\n                screen = getattr(exc, \"screen\", None)\n                stacktrace = getattr(exc, \"stacktrace\", None)\n            time.sleep(self._poll)\n            if time.monotonic() > end_time:\n                break\n>       raise TimeoutException(message, screen, stacktrace)\nE       selenium.common.exceptions.TimeoutException: Message: Can't find element by locator ('xpath', '//table[@id=\"table_containers\"] //tr[1]/td[3] /button')\nE       Stacktrace:\nE       #0 0x557f32eb594a <unknown>\nE       #1 0x557f3292a8a0 <unknown>\nE       #2 0x557f3297c540 <unknown>\nE       #3 0x557f3297c731 <unknown>\nE       #4 0x557f329ca824 <unknown>\nE       #5 0x557f329a205d <unknown>\nE       #6 0x557f329c7c23 <unknown>\nE       #7 0x557f329a1e03 <unknown>\nE       #8 0x557f3296e968 <unknown>\nE       #9 0x557f3296f5e1 <unknown>\nE       #10 0x557f32e79548 <unknown>\nE       #11 0x557f32e7d272 <unknown>\nE       #12 0x557f32e60313 <unknown>\nE       #13 0x557f32e7ddc5 <unknown>\nE       #14 0x557f32e4549f <unknown>\nE       #15 0x557f32ea2158 <unknown>\nE       #16 0x557f32ea2332 <unknown>\nE       #17 0x557f32eb4a53 <unknown>\nE       #18 0x7f57fec9caa4 <unknown>\nE       #19 0x7f57fed29c3c <unknown>\n\n/opt/hostedtoolcache/Python/3.12.11/x64/lib/python3.12/site-packages/selenium/webdriver/support/wait.py:105: TimeoutException",
    "steps" : [ {
      "name" : "Click \"Docker containers\" button.",
      "time" : {
        "start" : 1758159917434,
        "stop" : 1758159918290,
        "duration" : 856
      },
      "status" : "passed",
      "steps" : [ ],
      "attachments" : [ ],
      "parameters" : [ ],
      "stepsCount" : 0,
      "attachmentsCount" : 0,
      "shouldDisplayMessage" : false,
      "hasContent" : false
    }, {
      "name" : "Check clipboard",
      "time" : {
        "start" : 1758159918291,
        "stop" : 1758159923400,
        "duration" : 5109
      },
      "status" : "broken",
      "statusMessage" : "selenium.common.exceptions.TimeoutException: Message: Can't find element by locator ('xpath', '//table[@id=\"table_containers\"] //tr[1]/td[3] /button')\nStacktrace:\n#0 0x557f32eb594a <unknown>\n#1 0x557f3292a8a0 <unknown>\n#2 0x557f3297c540 <unknown>\n#3 0x557f3297c731 <unknown>\n#4 0x557f329ca824 <unknown>\n#5 0x557f329a205d <unknown>\n#6 0x557f329c7c23 <unknown>\n#7 0x557f329a1e03 <unknown>\n#8 0x557f3296e968 <unknown>\n#9 0x557f3296f5e1 <unknown>\n#10 0x557f32e79548 <unknown>\n#11 0x557f32e7d272 <unknown>\n#12 0x557f32e60313 <unknown>\n#13 0x557f32e7ddc5 <unknown>\n#14 0x557f32e4549f <unknown>\n#15 0x557f32ea2158 <unknown>\n#16 0x557f32ea2332 <unknown>\n#17 0x557f32eb4a53 <unknown>\n#18 0x7f57fec9caa4 <unknown>\n#19 0x7f57fed29c3c <unknown>\n\n",
      "statusTrace" : "  File \"/opt/hostedtoolcache/Python/3.12.11/x64/lib/python3.12/site-packages/allure_commons/_allure.py\", line 192, in impl\n    return func(*a, **kw)\n           ^^^^^^^^^^^^^^\n  File \"/home/runner/work/Oblache/Oblache/tests_ui/profile_page.py\", line 100, in check_clipboard\n    button = self.element_is_visible((By.XPATH, f'{table_xpath} //tr[1]/td[3] /button'))\n             ^^^^^^^^^^^^^^^^^^^^^^^^^^^^^^^^^^^^^^^^^^^^^^^^^^^^^^^^^^^^^^^^^^^^^^^^^^^\n  File \"/home/runner/work/Oblache/Oblache/tests_ui/base_page.py\", line 33, in element_is_visible\n    self.go_to_element(self.element_is_present(locator))\n                       ^^^^^^^^^^^^^^^^^^^^^^^^^^^^^^^^\n  File \"/home/runner/work/Oblache/Oblache/tests_ui/base_page.py\", line 46, in element_is_present\n    return Wait(self.driver, self.timeout).until(\n           ^^^^^^^^^^^^^^^^^^^^^^^^^^^^^^^^^^^^^^\n  File \"/opt/hostedtoolcache/Python/3.12.11/x64/lib/python3.12/site-packages/selenium/webdriver/support/wait.py\", line 105, in until\n    raise TimeoutException(message, screen, stacktrace)\n",
      "steps" : [ ],
      "attachments" : [ ],
      "parameters" : [ {
        "name" : "table_xpath",
        "value" : "'//table[@id=\"table_containers\"]'"
      }, {
        "name" : "token",
        "value" : "'0b81a20f-3993-4fb4-9d29-fd33071a5e0e'"
      } ],
      "stepsCount" : 0,
      "attachmentsCount" : 0,
      "shouldDisplayMessage" : true,
      "hasContent" : true
    } ],
    "attachments" : [ {
      "uid" : "a1cd34c909c1eeef",
      "name" : "Screenshot 2025-09-18 01:45:23.457077",
      "source" : "a1cd34c909c1eeef.png",
      "type" : "image/png",
      "size" : 31410
    } ],
    "parameters" : [ ],
    "stepsCount" : 2,
    "attachmentsCount" : 1,
    "shouldDisplayMessage" : true,
    "hasContent" : true
  },
  "afterStages" : [ {
    "name" : "driver::0",
    "time" : {
      "start" : 1758159923458,
      "stop" : 1758159923517,
      "duration" : 59
    },
    "status" : "passed",
    "steps" : [ ],
    "attachments" : [ ],
    "parameters" : [ ],
    "stepsCount" : 0,
    "attachmentsCount" : 0,
    "shouldDisplayMessage" : false,
    "hasContent" : false
  } ],
  "labels" : [ {
    "name" : "suite",
    "value" : "Test Profile Page."
  }, {
    "name" : "parentSuite",
    "value" : "tests_ui"
  }, {
    "name" : "subSuite",
    "value" : "TestProfilePage"
  }, {
    "name" : "host",
    "value" : "runnervmf4ws1"
  }, {
    "name" : "thread",
    "value" : "2551-MainThread"
  }, {
    "name" : "framework",
    "value" : "pytest"
  }, {
    "name" : "language",
    "value" : "cpython3"
  }, {
    "name" : "package",
    "value" : "tests_ui.test_ui"
  }, {
    "name" : "resultFormat",
    "value" : "allure2"
  } ],
  "parameters" : [ ],
  "links" : [ ],
  "hidden" : false,
  "retry" : false,
  "extra" : {
    "severity" : "normal",
    "retries" : [ ],
    "categories" : [ {
      "name" : "Test defects",
      "matchedStatuses" : [ ],
      "flaky" : false
    } ],
    "history" : {
      "statistic" : {
        "failed" : 0,
        "broken" : 82,
        "skipped" : 0,
        "passed" : 203,
        "unknown" : 0,
        "total" : 285
      },
      "items" : [ {
        "uid" : "f046f379cefa98b3",
        "reportUrl" : "https://lambotik.github.io/Oblache/505//#testresult/f046f379cefa98b3",
        "status" : "broken",
        "statusDetails" : "selenium.common.exceptions.TimeoutException: Message: Can't find element by locator ('xpath', '//table[@id=\"table_containers\"] //tr[1]/td[3] /button')\nStacktrace:\n#0 0x55e9936ce94a <unknown>\n#1 0x55e9931438a0 <unknown>\n#2 0x55e993195540 <unknown>\n#3 0x55e993195731 <unknown>\n#4 0x55e9931e3824 <unknown>\n#5 0x55e9931bb05d <unknown>\n#6 0x55e9931e0c23 <unknown>\n#7 0x55e9931bae03 <unknown>\n#8 0x55e993187968 <unknown>\n#9 0x55e9931885e1 <unknown>\n#10 0x55e993692548 <unknown>\n#11 0x55e993696272 <unknown>\n#12 0x55e993679313 <unknown>\n#13 0x55e993696dc5 <unknown>\n#14 0x55e99365e49f <unknown>\n#15 0x55e9936bb158 <unknown>\n#16 0x55e9936bb332 <unknown>\n#17 0x55e9936cda53 <unknown>\n#18 0x7f4a9129caa4 <unknown>\n#19 0x7f4a91329c3c <unknown>",
        "time" : {
          "start" : 1758073520234,
          "stop" : 1758073526201,
          "duration" : 5967
        }
      }, {
        "uid" : "bb8af969514ac04a",
        "reportUrl" : "https://lambotik.github.io/Oblache/504//#testresult/bb8af969514ac04a",
        "status" : "broken",
        "statusDetails" : "selenium.common.exceptions.TimeoutException: Message: Can't find element by locator ('xpath', '//table[@id=\"table_containers\"] //tr[1]/td[3] /button')\nStacktrace:\n#0 0x55999591194a <unknown>\n#1 0x5599953868a0 <unknown>\n#2 0x5599953d8540 <unknown>\n#3 0x5599953d8731 <unknown>\n#4 0x559995426824 <unknown>\n#5 0x5599953fe05d <unknown>\n#6 0x559995423c23 <unknown>\n#7 0x5599953fde03 <unknown>\n#8 0x5599953ca968 <unknown>\n#9 0x5599953cb5e1 <unknown>\n#10 0x5599958d5548 <unknown>\n#11 0x5599958d9272 <unknown>\n#12 0x5599958bc313 <unknown>\n#13 0x5599958d9dc5 <unknown>\n#14 0x5599958a149f <unknown>\n#15 0x5599958fe158 <unknown>\n#16 0x5599958fe332 <unknown>\n#17 0x559995910a53 <unknown>\n#18 0x7f936ea9caa4 <unknown>\n#19 0x7f936eb29c3c <unknown>",
        "time" : {
          "start" : 1757987117616,
          "stop" : 1757987123594,
          "duration" : 5978
        }
      }, {
        "uid" : "825b089f0b37a57b",
        "reportUrl" : "https://lambotik.github.io/Oblache/503//#testresult/825b089f0b37a57b",
        "status" : "broken",
        "statusDetails" : "selenium.common.exceptions.TimeoutException: Message: Can't find element by locator ('xpath', '//table[@id=\"table_containers\"] //tr[1]/td[3] /button')\nStacktrace:\n#0 0x562470fe794a <unknown>\n#1 0x562470a5c8a0 <unknown>\n#2 0x562470aae540 <unknown>\n#3 0x562470aae731 <unknown>\n#4 0x562470afc824 <unknown>\n#5 0x562470ad405d <unknown>\n#6 0x562470af9c23 <unknown>\n#7 0x562470ad3e03 <unknown>\n#8 0x562470aa0968 <unknown>\n#9 0x562470aa15e1 <unknown>\n#10 0x562470fab548 <unknown>\n#11 0x562470faf272 <unknown>\n#12 0x562470f92313 <unknown>\n#13 0x562470fafdc5 <unknown>\n#14 0x562470f7749f <unknown>\n#15 0x562470fd4158 <unknown>\n#16 0x562470fd4332 <unknown>\n#17 0x562470fe6a53 <unknown>\n#18 0x7f7f48e9caa4 <unknown>\n#19 0x7f7f48f29c3c <unknown>",
        "time" : {
          "start" : 1757901266007,
          "stop" : 1757901272289,
          "duration" : 6282
        }
      }, {
        "uid" : "f3c1fb71213d76df",
        "reportUrl" : "https://lambotik.github.io/Oblache/502//#testresult/f3c1fb71213d76df",
        "status" : "broken",
        "statusDetails" : "selenium.common.exceptions.TimeoutException: Message: Can't find element by locator ('xpath', '//table[@id=\"table_containers\"] //tr[1]/td[3] /button')\nStacktrace:\n#0 0x55a7df12394a <unknown>\n#1 0x55a7deb988a0 <unknown>\n#2 0x55a7debea540 <unknown>\n#3 0x55a7debea731 <unknown>\n#4 0x55a7dec38824 <unknown>\n#5 0x55a7dec1005d <unknown>\n#6 0x55a7dec35c23 <unknown>\n#7 0x55a7dec0fe03 <unknown>\n#8 0x55a7debdc968 <unknown>\n#9 0x55a7debdd5e1 <unknown>\n#10 0x55a7df0e7548 <unknown>\n#11 0x55a7df0eb272 <unknown>\n#12 0x55a7df0ce313 <unknown>\n#13 0x55a7df0ebdc5 <unknown>\n#14 0x55a7df0b349f <unknown>\n#15 0x55a7df110158 <unknown>\n#16 0x55a7df110332 <unknown>\n#17 0x55a7df122a53 <unknown>\n#18 0x7f01c729caa4 <unknown>\n#19 0x7f01c7329c3c <unknown>",
        "time" : {
          "start" : 1757814747380,
          "stop" : 1757814753873,
          "duration" : 6493
        }
      }, {
        "uid" : "b22dd645b3fc8d67",
        "reportUrl" : "https://lambotik.github.io/Oblache/501//#testresult/b22dd645b3fc8d67",
        "status" : "broken",
        "statusDetails" : "selenium.common.exceptions.TimeoutException: Message: Can't find element by locator ('xpath', '//table[@id=\"table_containers\"] //tr[1]/td[3] /button')\nStacktrace:\n#0 0x55d59b10094a <unknown>\n#1 0x55d59ab758a0 <unknown>\n#2 0x55d59abc7540 <unknown>\n#3 0x55d59abc7731 <unknown>\n#4 0x55d59ac15824 <unknown>\n#5 0x55d59abed05d <unknown>\n#6 0x55d59ac12c23 <unknown>\n#7 0x55d59abece03 <unknown>\n#8 0x55d59abb9968 <unknown>\n#9 0x55d59abba5e1 <unknown>\n#10 0x55d59b0c4548 <unknown>\n#11 0x55d59b0c8272 <unknown>\n#12 0x55d59b0ab313 <unknown>\n#13 0x55d59b0c8dc5 <unknown>\n#14 0x55d59b09049f <unknown>\n#15 0x55d59b0ed158 <unknown>\n#16 0x55d59b0ed332 <unknown>\n#17 0x55d59b0ffa53 <unknown>\n#18 0x7fc5ba09caa4 <unknown>\n#19 0x7fc5ba129c3c <unknown>",
        "time" : {
          "start" : 1757727618145,
          "stop" : 1757727624118,
          "duration" : 5973
        }
      }, {
        "uid" : "b7b440af5bd5fb9a",
        "reportUrl" : "https://lambotik.github.io/Oblache/500//#testresult/b7b440af5bd5fb9a",
        "status" : "broken",
        "statusDetails" : "selenium.common.exceptions.TimeoutException: Message: Can't find element by locator ('xpath', '//table[@id=\"table_containers\"] //tr[1]/td[3] /button')\nStacktrace:\n#0 0x55db7660694a <unknown>\n#1 0x55db7607b8a0 <unknown>\n#2 0x55db760cd540 <unknown>\n#3 0x55db760cd731 <unknown>\n#4 0x55db7611b824 <unknown>\n#5 0x55db760f305d <unknown>\n#6 0x55db76118c23 <unknown>\n#7 0x55db760f2e03 <unknown>\n#8 0x55db760bf968 <unknown>\n#9 0x55db760c05e1 <unknown>\n#10 0x55db765ca548 <unknown>\n#11 0x55db765ce272 <unknown>\n#12 0x55db765b1313 <unknown>\n#13 0x55db765cedc5 <unknown>\n#14 0x55db7659649f <unknown>\n#15 0x55db765f3158 <unknown>\n#16 0x55db765f3332 <unknown>\n#17 0x55db76605a53 <unknown>\n#18 0x7f6fe989caa4 <unknown>\n#19 0x7f6fe9929c3c <unknown>",
        "time" : {
          "start" : 1757641455730,
          "stop" : 1757641461702,
          "duration" : 5972
        }
      }, {
        "uid" : "67b0cd5b58260445",
        "reportUrl" : "https://lambotik.github.io/Oblache/499//#testresult/67b0cd5b58260445",
        "status" : "broken",
        "statusDetails" : "selenium.common.exceptions.TimeoutException: Message: Can't find element by locator ('xpath', '//table[@id=\"table_containers\"] //tr[1]/td[3] /button')\nStacktrace:\n#0 0x5563dfe4594a <unknown>\n#1 0x5563df8ba8a0 <unknown>\n#2 0x5563df90c540 <unknown>\n#3 0x5563df90c731 <unknown>\n#4 0x5563df95a824 <unknown>\n#5 0x5563df93205d <unknown>\n#6 0x5563df957c23 <unknown>\n#7 0x5563df931e03 <unknown>\n#8 0x5563df8fe968 <unknown>\n#9 0x5563df8ff5e1 <unknown>\n#10 0x5563dfe09548 <unknown>\n#11 0x5563dfe0d272 <unknown>\n#12 0x5563dfdf0313 <unknown>\n#13 0x5563dfe0ddc5 <unknown>\n#14 0x5563dfdd549f <unknown>\n#15 0x5563dfe32158 <unknown>\n#16 0x5563dfe32332 <unknown>\n#17 0x5563dfe44a53 <unknown>\n#18 0x7f9cba49caa4 <unknown>\n#19 0x7f9cba529c3c <unknown>",
        "time" : {
          "start" : 1757555300330,
          "stop" : 1757555306301,
          "duration" : 5971
        }
      }, {
        "uid" : "32c3bb0f202b1d57",
        "reportUrl" : "https://lambotik.github.io/Oblache/498//#testresult/32c3bb0f202b1d57",
        "status" : "broken",
        "statusDetails" : "selenium.common.exceptions.TimeoutException: Message: Can't find element by locator ('xpath', '//table[@id=\"table_containers\"] //tr[1]/td[3] /button')\nStacktrace:\n#0 0x5623e0ec994a <unknown>\n#1 0x5623e093e8a0 <unknown>\n#2 0x5623e0990540 <unknown>\n#3 0x5623e0990731 <unknown>\n#4 0x5623e09de824 <unknown>\n#5 0x5623e09b605d <unknown>\n#6 0x5623e09dbc23 <unknown>\n#7 0x5623e09b5e03 <unknown>\n#8 0x5623e0982968 <unknown>\n#9 0x5623e09835e1 <unknown>\n#10 0x5623e0e8d548 <unknown>\n#11 0x5623e0e91272 <unknown>\n#12 0x5623e0e74313 <unknown>\n#13 0x5623e0e91dc5 <unknown>\n#14 0x5623e0e5949f <unknown>\n#15 0x5623e0eb6158 <unknown>\n#16 0x5623e0eb6332 <unknown>\n#17 0x5623e0ec8a53 <unknown>\n#18 0x7f1e2889caa4 <unknown>\n#19 0x7f1e28929c3c <unknown>",
        "time" : {
          "start" : 1757468728198,
          "stop" : 1757468734478,
          "duration" : 6280
        }
      }, {
        "uid" : "20b06b80a402d2b5",
        "reportUrl" : "https://lambotik.github.io/Oblache/497//#testresult/20b06b80a402d2b5",
        "status" : "broken",
        "statusDetails" : "selenium.common.exceptions.TimeoutException: Message: Can't find element by locator ('xpath', '//button[@id=\"menu_button_containers\"]')\nStacktrace:\n#0 0x555932b4c08a <unknown>\n#1 0x5559325eba70 <unknown>\n#2 0x55593263d907 <unknown>\n#3 0x55593263db01 <unknown>\n#4 0x55593268bd54 <unknown>\n#5 0x55593266340d <unknown>\n#6 0x55593268914f <unknown>\n#7 0x5559326631b3 <unknown>\n#8 0x55593262f59b <unknown>\n#9 0x555932630971 <unknown>\n#10 0x555932b1125b <unknown>\n#11 0x555932b14fa9 <unknown>\n#12 0x555932af8339 <unknown>\n#13 0x555932b15b58 <unknown>\n#14 0x555932adcc1f <unknown>\n#15 0x555932b39118 <unknown>\n#16 0x555932b392f6 <unknown>\n#17 0x555932b4b066 <unknown>\n#18 0x7f58f169caa4 <unknown>\n#19 0x7f58f1729c3c <unknown>",
        "time" : {
          "start" : 1757382485766,
          "stop" : 1757382490897,
          "duration" : 5131
        }
      }, {
        "uid" : "c79abce7c686c485",
        "reportUrl" : "https://lambotik.github.io/Oblache/496//#testresult/c79abce7c686c485",
        "status" : "broken",
        "statusDetails" : "selenium.common.exceptions.TimeoutException: Message: Can't find element by locator ('xpath', '//button[@id=\"menu_button_containers\"]')\nStacktrace:\n#0 0x562c3b4ad08a <unknown>\n#1 0x562c3af4ca70 <unknown>\n#2 0x562c3af9e907 <unknown>\n#3 0x562c3af9eb01 <unknown>\n#4 0x562c3afecd54 <unknown>\n#5 0x562c3afc440d <unknown>\n#6 0x562c3afea14f <unknown>\n#7 0x562c3afc41b3 <unknown>\n#8 0x562c3af9059b <unknown>\n#9 0x562c3af91971 <unknown>\n#10 0x562c3b47225b <unknown>\n#11 0x562c3b475fa9 <unknown>\n#12 0x562c3b459339 <unknown>\n#13 0x562c3b476b58 <unknown>\n#14 0x562c3b43dc1f <unknown>\n#15 0x562c3b49a118 <unknown>\n#16 0x562c3b49a2f6 <unknown>\n#17 0x562c3b4ac066 <unknown>\n#18 0x7f890969caa4 <unknown>\n#19 0x7f8909729c3c <unknown>",
        "time" : {
          "start" : 1757296341342,
          "stop" : 1757296346467,
          "duration" : 5125
        }
      }, {
        "uid" : "8a5e565e1f6dc4eb",
        "reportUrl" : "https://lambotik.github.io/Oblache/495//#testresult/8a5e565e1f6dc4eb",
        "status" : "broken",
        "statusDetails" : "selenium.common.exceptions.TimeoutException: Message: Can't find element by locator ('xpath', '//table[@id=\"table_containers\"] //tr[1]/td[3] /button')\nStacktrace:\n#0 0x56550012208a <unknown>\n#1 0x5654ffbc1a70 <unknown>\n#2 0x5654ffc13907 <unknown>\n#3 0x5654ffc13b01 <unknown>\n#4 0x5654ffc61d54 <unknown>\n#5 0x5654ffc3940d <unknown>\n#6 0x5654ffc5f14f <unknown>\n#7 0x5654ffc391b3 <unknown>\n#8 0x5654ffc0559b <unknown>\n#9 0x5654ffc06971 <unknown>\n#10 0x5655000e725b <unknown>\n#11 0x5655000eafa9 <unknown>\n#12 0x5655000ce339 <unknown>\n#13 0x5655000ebb58 <unknown>\n#14 0x5655000b2c1f <unknown>\n#15 0x56550010f118 <unknown>\n#16 0x56550010f2f6 <unknown>\n#17 0x565500121066 <unknown>\n#18 0x7ff4f2c9caa4 <unknown>\n#19 0x7ff4f2d29c3c <unknown>",
        "time" : {
          "start" : 1757209955788,
          "stop" : 1757209961982,
          "duration" : 6194
        }
      }, {
        "uid" : "8983c6f4ba0a4958",
        "reportUrl" : "https://lambotik.github.io/Oblache/494//#testresult/8983c6f4ba0a4958",
        "status" : "broken",
        "statusDetails" : "selenium.common.exceptions.TimeoutException: Message: Can't find element by locator ('xpath', '//table[@id=\"table_containers\"] //tr[1]/td[3] /button')\nStacktrace:\n#0 0x55b05fe7308a <unknown>\n#1 0x55b05f912a70 <unknown>\n#2 0x55b05f964907 <unknown>\n#3 0x55b05f964b01 <unknown>\n#4 0x55b05f9b2d54 <unknown>\n#5 0x55b05f98a40d <unknown>\n#6 0x55b05f9b014f <unknown>\n#7 0x55b05f98a1b3 <unknown>\n#8 0x55b05f95659b <unknown>\n#9 0x55b05f957971 <unknown>\n#10 0x55b05fe3825b <unknown>\n#11 0x55b05fe3bfa9 <unknown>\n#12 0x55b05fe1f339 <unknown>\n#13 0x55b05fe3cb58 <unknown>\n#14 0x55b05fe03c1f <unknown>\n#15 0x55b05fe60118 <unknown>\n#16 0x55b05fe602f6 <unknown>\n#17 0x55b05fe72066 <unknown>\n#18 0x7f9e8ac9caa4 <unknown>\n#19 0x7f9e8ad29c3c <unknown>",
        "time" : {
          "start" : 1757123057901,
          "stop" : 1757123063933,
          "duration" : 6032
        }
      }, {
        "uid" : "2c00069f0271bbe",
        "reportUrl" : "https://lambotik.github.io/Oblache/493//#testresult/2c00069f0271bbe",
        "status" : "broken",
        "statusDetails" : "selenium.common.exceptions.TimeoutException: Message: Can't find element by locator ('xpath', '//table[@id=\"table_containers\"] //tr[1]/td[3] /button')\nStacktrace:\n#0 0x555e0d4d008a <unknown>\n#1 0x555e0cf6fa70 <unknown>\n#2 0x555e0cfc1907 <unknown>\n#3 0x555e0cfc1b01 <unknown>\n#4 0x555e0d00fd54 <unknown>\n#5 0x555e0cfe740d <unknown>\n#6 0x555e0d00d14f <unknown>\n#7 0x555e0cfe71b3 <unknown>\n#8 0x555e0cfb359b <unknown>\n#9 0x555e0cfb4971 <unknown>\n#10 0x555e0d49525b <unknown>\n#11 0x555e0d498fa9 <unknown>\n#12 0x555e0d47c339 <unknown>\n#13 0x555e0d499b58 <unknown>\n#14 0x555e0d460c1f <unknown>\n#15 0x555e0d4bd118 <unknown>\n#16 0x555e0d4bd2f6 <unknown>\n#17 0x555e0d4cf066 <unknown>\n#18 0x7f681209caa4 <unknown>\n#19 0x7f6812129c3c <unknown>",
        "time" : {
          "start" : 1757036843000,
          "stop" : 1757036849520,
          "duration" : 6520
        }
      }, {
        "uid" : "e120daa7043590cb",
        "reportUrl" : "https://lambotik.github.io/Oblache/492//#testresult/e120daa7043590cb",
        "status" : "broken",
        "statusDetails" : "selenium.common.exceptions.TimeoutException: Message: Can't find element by locator ('xpath', '//table[@id=\"table_containers\"] //tr[1]/td[3] /button')\nStacktrace:\n#0 0x5650037c708a <unknown>\n#1 0x565003266a70 <unknown>\n#2 0x5650032b8907 <unknown>\n#3 0x5650032b8b01 <unknown>\n#4 0x565003306d54 <unknown>\n#5 0x5650032de40d <unknown>\n#6 0x56500330414f <unknown>\n#7 0x5650032de1b3 <unknown>\n#8 0x5650032aa59b <unknown>\n#9 0x5650032ab971 <unknown>\n#10 0x56500378c25b <unknown>\n#11 0x56500378ffa9 <unknown>\n#12 0x565003773339 <unknown>\n#13 0x565003790b58 <unknown>\n#14 0x565003757c1f <unknown>\n#15 0x5650037b4118 <unknown>\n#16 0x5650037b42f6 <unknown>\n#17 0x5650037c6066 <unknown>\n#18 0x7ff4a8e9caa4 <unknown>\n#19 0x7ff4a8f29c3c <unknown>",
        "time" : {
          "start" : 1756950327685,
          "stop" : 1756950334186,
          "duration" : 6501
        }
      }, {
        "uid" : "20b6d1fbb52c62a",
        "reportUrl" : "https://lambotik.github.io/Oblache/491//#testresult/20b6d1fbb52c62a",
        "status" : "broken",
        "statusDetails" : "selenium.common.exceptions.TimeoutException: Message: Can't find element by locator ('xpath', '//table[@id=\"table_containers\"] //tr[1]/td[3] /button')\nStacktrace:\n#0 0x562dde03208a <unknown>\n#1 0x562dddad1a70 <unknown>\n#2 0x562dddb23907 <unknown>\n#3 0x562dddb23b01 <unknown>\n#4 0x562dddb71d54 <unknown>\n#5 0x562dddb4940d <unknown>\n#6 0x562dddb6f14f <unknown>\n#7 0x562dddb491b3 <unknown>\n#8 0x562dddb1559b <unknown>\n#9 0x562dddb16971 <unknown>\n#10 0x562dddff725b <unknown>\n#11 0x562dddffafa9 <unknown>\n#12 0x562dddfde339 <unknown>\n#13 0x562dddffbb58 <unknown>\n#14 0x562dddfc2c1f <unknown>\n#15 0x562dde01f118 <unknown>\n#16 0x562dde01f2f6 <unknown>\n#17 0x562dde031066 <unknown>\n#18 0x7fbe4ba9caa4 <unknown>\n#19 0x7fbe4bb29c3c <unknown>",
        "time" : {
          "start" : 1756863874591,
          "stop" : 1756863880746,
          "duration" : 6155
        }
      }, {
        "uid" : "8d88fc5907c00fd1",
        "reportUrl" : "https://lambotik.github.io/Oblache/490//#testresult/8d88fc5907c00fd1",
        "status" : "broken",
        "statusDetails" : "selenium.common.exceptions.TimeoutException: Message: Can't find element by locator ('xpath', '//table[@id=\"table_containers\"] //tr[1]/td[3] /button')\nStacktrace:\n#0 0x557a17aa002a <unknown>\n#1 0x557a1753fa70 <unknown>\n#2 0x557a17591907 <unknown>\n#3 0x557a17591b01 <unknown>\n#4 0x557a175dfd54 <unknown>\n#5 0x557a175b740d <unknown>\n#6 0x557a175dd14f <unknown>\n#7 0x557a175b71b3 <unknown>\n#8 0x557a1758359b <unknown>\n#9 0x557a17584971 <unknown>\n#10 0x557a17a651fb <unknown>\n#11 0x557a17a68f49 <unknown>\n#12 0x557a17a4c2d9 <unknown>\n#13 0x557a17a69af8 <unknown>\n#14 0x557a17a30bbf <unknown>\n#15 0x557a17a8d0b8 <unknown>\n#16 0x557a17a8d296 <unknown>\n#17 0x557a17a9f006 <unknown>\n#18 0x7f639ee9caa4 <unknown>\n#19 0x7f639ef29c3c <unknown>",
        "time" : {
          "start" : 1756777895192,
          "stop" : 1756777901194,
          "duration" : 6002
        }
      }, {
        "uid" : "8ece507a3f1bea04",
        "reportUrl" : "https://lambotik.github.io/Oblache/489//#testresult/8ece507a3f1bea04",
        "status" : "broken",
        "statusDetails" : "selenium.common.exceptions.TimeoutException: Message: Can't find element by locator ('xpath', '//table[@id=\"table_containers\"] //tr[1]/td[3] /button')\nStacktrace:\n#0 0x5654c560402a <unknown>\n#1 0x5654c50a3a70 <unknown>\n#2 0x5654c50f5907 <unknown>\n#3 0x5654c50f5b01 <unknown>\n#4 0x5654c5143d54 <unknown>\n#5 0x5654c511b40d <unknown>\n#6 0x5654c514114f <unknown>\n#7 0x5654c511b1b3 <unknown>\n#8 0x5654c50e759b <unknown>\n#9 0x5654c50e8971 <unknown>\n#10 0x5654c55c91fb <unknown>\n#11 0x5654c55ccf49 <unknown>\n#12 0x5654c55b02d9 <unknown>\n#13 0x5654c55cdaf8 <unknown>\n#14 0x5654c5594bbf <unknown>\n#15 0x5654c55f10b8 <unknown>\n#16 0x5654c55f1296 <unknown>\n#17 0x5654c5603006 <unknown>\n#18 0x7fc87369caa4 <unknown>\n#19 0x7fc873729c3c <unknown>",
        "time" : {
          "start" : 1756692347113,
          "stop" : 1756692353543,
          "duration" : 6430
        }
      }, {
        "uid" : "9d7fc5d3977635f",
        "reportUrl" : "https://lambotik.github.io/Oblache/488//#testresult/9d7fc5d3977635f",
        "status" : "broken",
        "statusDetails" : "selenium.common.exceptions.TimeoutException: Message: Can't find element by locator ('xpath', '//table[@id=\"table_containers\"] //tr[1]/td[3] /button')\nStacktrace:\n#0 0x55d459f5902a <unknown>\n#1 0x55d4599f8a70 <unknown>\n#2 0x55d459a4a907 <unknown>\n#3 0x55d459a4ab01 <unknown>\n#4 0x55d459a98d54 <unknown>\n#5 0x55d459a7040d <unknown>\n#6 0x55d459a9614f <unknown>\n#7 0x55d459a701b3 <unknown>\n#8 0x55d459a3c59b <unknown>\n#9 0x55d459a3d971 <unknown>\n#10 0x55d459f1e1fb <unknown>\n#11 0x55d459f21f49 <unknown>\n#12 0x55d459f052d9 <unknown>\n#13 0x55d459f22af8 <unknown>\n#14 0x55d459ee9bbf <unknown>\n#15 0x55d459f460b8 <unknown>\n#16 0x55d459f46296 <unknown>\n#17 0x55d459f58006 <unknown>\n#18 0x7fde6829caa4 <unknown>\n#19 0x7fde68329c3c <unknown>",
        "time" : {
          "start" : 1756605346980,
          "stop" : 1756605353464,
          "duration" : 6484
        }
      }, {
        "uid" : "a109066ba1798519",
        "reportUrl" : "https://lambotik.github.io/Oblache/487//#testresult/a109066ba1798519",
        "status" : "broken",
        "statusDetails" : "selenium.common.exceptions.TimeoutException: Message: Can't find element by locator ('xpath', '//button[@id=\"menu_button_containers\"]')\nStacktrace:\n#0 0x55be8013802a <unknown>\n#1 0x55be7fbd7a70 <unknown>\n#2 0x55be7fc29907 <unknown>\n#3 0x55be7fc29b01 <unknown>\n#4 0x55be7fc77d54 <unknown>\n#5 0x55be7fc4f40d <unknown>\n#6 0x55be7fc7514f <unknown>\n#7 0x55be7fc4f1b3 <unknown>\n#8 0x55be7fc1b59b <unknown>\n#9 0x55be7fc1c971 <unknown>\n#10 0x55be800fd1fb <unknown>\n#11 0x55be80100f49 <unknown>\n#12 0x55be800e42d9 <unknown>\n#13 0x55be80101af8 <unknown>\n#14 0x55be800c8bbf <unknown>\n#15 0x55be801250b8 <unknown>\n#16 0x55be80125296 <unknown>\n#17 0x55be80137006 <unknown>\n#18 0x7f037d29caa4 <unknown>\n#19 0x7f037d329c3c <unknown>",
        "time" : {
          "start" : 1756518223032,
          "stop" : 1756518228157,
          "duration" : 5125
        }
      }, {
        "uid" : "c407f021fd360eb7",
        "reportUrl" : "https://lambotik.github.io/Oblache/486//#testresult/c407f021fd360eb7",
        "status" : "broken",
        "statusDetails" : "selenium.common.exceptions.TimeoutException: Message: Can't find element by locator ('xpath', '//table[@id=\"table_containers\"] //tr[1]/td[3] /button')\nStacktrace:\n#0 0x55d24f23202a <unknown>\n#1 0x55d24ecd1a70 <unknown>\n#2 0x55d24ed23907 <unknown>\n#3 0x55d24ed23b01 <unknown>\n#4 0x55d24ed71d54 <unknown>\n#5 0x55d24ed4940d <unknown>\n#6 0x55d24ed6f14f <unknown>\n#7 0x55d24ed491b3 <unknown>\n#8 0x55d24ed1559b <unknown>\n#9 0x55d24ed16971 <unknown>\n#10 0x55d24f1f71fb <unknown>\n#11 0x55d24f1faf49 <unknown>\n#12 0x55d24f1de2d9 <unknown>\n#13 0x55d24f1fbaf8 <unknown>\n#14 0x55d24f1c2bbf <unknown>\n#15 0x55d24f21f0b8 <unknown>\n#16 0x55d24f21f296 <unknown>\n#17 0x55d24f231006 <unknown>\n#18 0x7ff410e9caa4 <unknown>\n#19 0x7ff410f29c3c <unknown>",
        "time" : {
          "start" : 1756432144384,
          "stop" : 1756432150564,
          "duration" : 6180
        }
      } ]
    },
    "tags" : [ ]
  },
  "source" : "24312130197ed2fb.json",
  "parameterValues" : [ ]
}