{
  "uid" : "3187575c9cb47f50",
  "name" : "test_create_database",
  "fullName" : "tests_ui.test_ui.TestProfilePage#test_create_database",
  "historyId" : "4762f7b87391625d86f9ea8dbdd3b406",
  "time" : {
    "start" : 1758159887668,
    "stop" : 1758159895722,
    "duration" : 8054
  },
  "status" : "broken",
  "statusMessage" : "selenium.common.exceptions.TimeoutException: Message: Can't find element by locator ('xpath', '//div[@id=\"msg_from_server\"]')",
  "statusTrace" : "self = <tests_ui.test_ui.TestProfilePage object at 0x7f9e64404110>\ndriver = <selenium.webdriver.chrome.webdriver.WebDriver (session=\"7228181b1105bbe92d53e007bdb82d18\")>\nauthorization_user = None\n\n    @allure.title('test_create_database')\n    def test_create_database(self, driver, authorization_user):\n        page = ProfilePage(driver, authorization_user)\n>       page.compare_database_status()\n\ntests_ui/test_ui.py:83: \n_ _ _ _ _ _ _ _ _ _ _ _ _ _ _ _ _ _ _ _ _ _ _ _ _ _ _ _ _ _ _ _ _ _ _ _ _ _ _ _ \ntests_ui/profile_page.py:150: in compare_database_status\n    msg = self.element_is_visible(self.locators.MSG_FROM_SERVER).text\ntests_ui/base_page.py:34: in element_is_visible\n    return Wait(self.driver, self.timeout).until(\n_ _ _ _ _ _ _ _ _ _ _ _ _ _ _ _ _ _ _ _ _ _ _ _ _ _ _ _ _ _ _ _ _ _ _ _ _ _ _ _ \n\nself = <selenium.webdriver.support.wait.WebDriverWait (session=\"7228181b1105bbe92d53e007bdb82d18\")>\nmethod = <function visibility_of_element_located.<locals>._predicate at 0x7f9e644858a0>\nmessage = 'Can\\'t find element by locator (\\'xpath\\', \\'//div[@id=\"msg_from_server\"]\\')'\n\n    def until(self, method: Callable[[D], Union[Literal[False], T]], message: str = \"\") -> T:\n        \"\"\"Calls the method provided with the driver as an argument until the \\\n        return value does not evaluate to ``False``.\n    \n        :param method: callable(WebDriver)\n        :param message: optional message for :exc:`TimeoutException`\n        :returns: the result of the last call to `method`\n        :raises: :exc:`selenium.common.exceptions.TimeoutException` if timeout occurs\n        \"\"\"\n        screen = None\n        stacktrace = None\n    \n        end_time = time.monotonic() + self._timeout\n        while True:\n            try:\n                value = method(self._driver)\n                if value:\n                    return value\n            except self._ignored_exceptions as exc:\n                screen = getattr(exc, \"screen\", None)\n                stacktrace = getattr(exc, \"stacktrace\", None)\n            time.sleep(self._poll)\n            if time.monotonic() > end_time:\n                break\n>       raise TimeoutException(message, screen, stacktrace)\nE       selenium.common.exceptions.TimeoutException: Message: Can't find element by locator ('xpath', '//div[@id=\"msg_from_server\"]')\n\n/opt/hostedtoolcache/Python/3.12.11/x64/lib/python3.12/site-packages/selenium/webdriver/support/wait.py:105: TimeoutException",
  "flaky" : false,
  "newFailed" : false,
  "beforeStages" : [ {
    "name" : "driver",
    "time" : {
      "start" : 1758159886924,
      "stop" : 1758159887178,
      "duration" : 254
    },
    "status" : "passed",
    "steps" : [ ],
    "attachments" : [ ],
    "parameters" : [ ],
    "stepsCount" : 0,
    "attachmentsCount" : 0,
    "shouldDisplayMessage" : false,
    "hasContent" : false
  }, {
    "name" : "authorization_user",
    "time" : {
      "start" : 1758159887179,
      "stop" : 1758159887667,
      "duration" : 488
    },
    "status" : "passed",
    "steps" : [ {
      "name" : "Open page: https://oblache.areso.pro/register.html",
      "time" : {
        "start" : 1758159887179,
        "stop" : 1758159887480,
        "duration" : 301
      },
      "status" : "passed",
      "steps" : [ ],
      "attachments" : [ ],
      "parameters" : [ ],
      "stepsCount" : 0,
      "attachmentsCount" : 0,
      "shouldDisplayMessage" : false,
      "hasContent" : false
    }, {
      "name" : "Login user",
      "time" : {
        "start" : 1758159887480,
        "stop" : 1758159887667,
        "duration" : 187
      },
      "status" : "passed",
      "steps" : [ {
        "name" : "Enter email.",
        "time" : {
          "start" : 1758159887480,
          "stop" : 1758159887538,
          "duration" : 58
        },
        "status" : "passed",
        "steps" : [ ],
        "attachments" : [ ],
        "parameters" : [ ],
        "stepsCount" : 0,
        "attachmentsCount" : 0,
        "shouldDisplayMessage" : false,
        "hasContent" : false
      }, {
        "name" : "Enter password.",
        "time" : {
          "start" : 1758159887538,
          "stop" : 1758159887581,
          "duration" : 43
        },
        "status" : "passed",
        "steps" : [ ],
        "attachments" : [ ],
        "parameters" : [ ],
        "stepsCount" : 0,
        "attachmentsCount" : 0,
        "shouldDisplayMessage" : false,
        "hasContent" : false
      }, {
        "name" : "Click button \"Login\"",
        "time" : {
          "start" : 1758159887581,
          "stop" : 1758159887665,
          "duration" : 84
        },
        "status" : "passed",
        "steps" : [ ],
        "attachments" : [ ],
        "parameters" : [ ],
        "stepsCount" : 0,
        "attachmentsCount" : 0,
        "shouldDisplayMessage" : false,
        "hasContent" : false
      }, {
        "name" : "Check url is present: https://oblache.areso.pro/register.html",
        "time" : {
          "start" : 1758159887665,
          "stop" : 1758159887667,
          "duration" : 2
        },
        "status" : "passed",
        "steps" : [ ],
        "attachments" : [ ],
        "parameters" : [ ],
        "stepsCount" : 0,
        "attachmentsCount" : 0,
        "shouldDisplayMessage" : false,
        "hasContent" : false
      } ],
      "attachments" : [ ],
      "parameters" : [ ],
      "stepsCount" : 4,
      "attachmentsCount" : 0,
      "shouldDisplayMessage" : false,
      "hasContent" : true
    } ],
    "attachments" : [ ],
    "parameters" : [ ],
    "stepsCount" : 6,
    "attachmentsCount" : 0,
    "shouldDisplayMessage" : false,
    "hasContent" : true
  } ],
  "testStage" : {
    "status" : "broken",
    "statusMessage" : "selenium.common.exceptions.TimeoutException: Message: Can't find element by locator ('xpath', '//div[@id=\"msg_from_server\"]')",
    "statusTrace" : "self = <tests_ui.test_ui.TestProfilePage object at 0x7f9e64404110>\ndriver = <selenium.webdriver.chrome.webdriver.WebDriver (session=\"7228181b1105bbe92d53e007bdb82d18\")>\nauthorization_user = None\n\n    @allure.title('test_create_database')\n    def test_create_database(self, driver, authorization_user):\n        page = ProfilePage(driver, authorization_user)\n>       page.compare_database_status()\n\ntests_ui/test_ui.py:83: \n_ _ _ _ _ _ _ _ _ _ _ _ _ _ _ _ _ _ _ _ _ _ _ _ _ _ _ _ _ _ _ _ _ _ _ _ _ _ _ _ \ntests_ui/profile_page.py:150: in compare_database_status\n    msg = self.element_is_visible(self.locators.MSG_FROM_SERVER).text\ntests_ui/base_page.py:34: in element_is_visible\n    return Wait(self.driver, self.timeout).until(\n_ _ _ _ _ _ _ _ _ _ _ _ _ _ _ _ _ _ _ _ _ _ _ _ _ _ _ _ _ _ _ _ _ _ _ _ _ _ _ _ \n\nself = <selenium.webdriver.support.wait.WebDriverWait (session=\"7228181b1105bbe92d53e007bdb82d18\")>\nmethod = <function visibility_of_element_located.<locals>._predicate at 0x7f9e644858a0>\nmessage = 'Can\\'t find element by locator (\\'xpath\\', \\'//div[@id=\"msg_from_server\"]\\')'\n\n    def until(self, method: Callable[[D], Union[Literal[False], T]], message: str = \"\") -> T:\n        \"\"\"Calls the method provided with the driver as an argument until the \\\n        return value does not evaluate to ``False``.\n    \n        :param method: callable(WebDriver)\n        :param message: optional message for :exc:`TimeoutException`\n        :returns: the result of the last call to `method`\n        :raises: :exc:`selenium.common.exceptions.TimeoutException` if timeout occurs\n        \"\"\"\n        screen = None\n        stacktrace = None\n    \n        end_time = time.monotonic() + self._timeout\n        while True:\n            try:\n                value = method(self._driver)\n                if value:\n                    return value\n            except self._ignored_exceptions as exc:\n                screen = getattr(exc, \"screen\", None)\n                stacktrace = getattr(exc, \"stacktrace\", None)\n            time.sleep(self._poll)\n            if time.monotonic() > end_time:\n                break\n>       raise TimeoutException(message, screen, stacktrace)\nE       selenium.common.exceptions.TimeoutException: Message: Can't find element by locator ('xpath', '//div[@id=\"msg_from_server\"]')\n\n/opt/hostedtoolcache/Python/3.12.11/x64/lib/python3.12/site-packages/selenium/webdriver/support/wait.py:105: TimeoutException",
    "steps" : [ {
      "name" : "Click button Status.",
      "time" : {
        "start" : 1758159888668,
        "stop" : 1758159888738,
        "duration" : 70
      },
      "status" : "passed",
      "steps" : [ ],
      "attachments" : [ ],
      "parameters" : [ ],
      "stepsCount" : 0,
      "attachmentsCount" : 0,
      "shouldDisplayMessage" : false,
      "hasContent" : false
    }, {
      "name" : "Get status data.",
      "time" : {
        "start" : 1758159889247,
        "stop" : 1758159889247,
        "duration" : 0
      },
      "status" : "passed",
      "steps" : [ {
        "name" : "Status data is: {'Email:': 'test4@mail.com', 'is blocked?': '0', 'is db creation allowed?': '1', 'disk db quota, mb': '4', 'disk db used, mb': '9', 'db qty quota': '100', 'db qty used': '43', 'site qty quota': '5', 'site qty used': '0', 'site disk quota': '300', 'site disk usage': '0', 'is site deploy allowed?': '1', 'container qty quota': '1', 'container qty used': '1147', 'is container creation allowed': '0'}",
        "time" : {
          "start" : 1758159889247,
          "stop" : 1758159889247,
          "duration" : 0
        },
        "status" : "passed",
        "steps" : [ ],
        "attachments" : [ ],
        "parameters" : [ ],
        "stepsCount" : 0,
        "attachmentsCount" : 0,
        "shouldDisplayMessage" : false,
        "hasContent" : false
      } ],
      "attachments" : [ ],
      "parameters" : [ ],
      "stepsCount" : 1,
      "attachmentsCount" : 0,
      "shouldDisplayMessage" : false,
      "hasContent" : true
    }, {
      "name" : "Click \"Databases\" button.",
      "time" : {
        "start" : 1758159889247,
        "stop" : 1758159889312,
        "duration" : 65
      },
      "status" : "passed",
      "steps" : [ ],
      "attachments" : [ ],
      "parameters" : [ ],
      "stepsCount" : 0,
      "attachmentsCount" : 0,
      "shouldDisplayMessage" : false,
      "hasContent" : false
    }, {
      "name" : "Click \"Create new DB\" button.",
      "time" : {
        "start" : 1758159889312,
        "stop" : 1758159889383,
        "duration" : 71
      },
      "status" : "passed",
      "steps" : [ ],
      "attachments" : [ ],
      "parameters" : [ ],
      "stepsCount" : 0,
      "attachmentsCount" : 0,
      "shouldDisplayMessage" : false,
      "hasContent" : false
    }, {
      "name" : "Select region \"CIS\".",
      "time" : {
        "start" : 1758159889383,
        "stop" : 1758159890525,
        "duration" : 1142
      },
      "status" : "passed",
      "steps" : [ ],
      "attachments" : [ ],
      "parameters" : [ ],
      "stepsCount" : 0,
      "attachmentsCount" : 0,
      "shouldDisplayMessage" : false,
      "hasContent" : false
    }, {
      "name" : "Click \"Create\" button.",
      "time" : {
        "start" : 1758159890525,
        "stop" : 1758159890586,
        "duration" : 61
      },
      "status" : "passed",
      "steps" : [ ],
      "attachments" : [ ],
      "parameters" : [ ],
      "stepsCount" : 0,
      "attachmentsCount" : 0,
      "shouldDisplayMessage" : false,
      "hasContent" : false
    } ],
    "attachments" : [ {
      "uid" : "245297c11d32de27",
      "name" : "Screenshot 2025-09-18 01:44:55.774571",
      "source" : "245297c11d32de27.png",
      "type" : "image/png",
      "size" : 28304
    } ],
    "parameters" : [ ],
    "stepsCount" : 7,
    "attachmentsCount" : 1,
    "shouldDisplayMessage" : true,
    "hasContent" : true
  },
  "afterStages" : [ {
    "name" : "driver::0",
    "time" : {
      "start" : 1758159895776,
      "stop" : 1758159895835,
      "duration" : 59
    },
    "status" : "passed",
    "steps" : [ ],
    "attachments" : [ ],
    "parameters" : [ ],
    "stepsCount" : 0,
    "attachmentsCount" : 0,
    "shouldDisplayMessage" : false,
    "hasContent" : false
  } ],
  "labels" : [ {
    "name" : "suite",
    "value" : "Test Profile Page."
  }, {
    "name" : "parentSuite",
    "value" : "tests_ui"
  }, {
    "name" : "subSuite",
    "value" : "TestProfilePage"
  }, {
    "name" : "host",
    "value" : "runnervmf4ws1"
  }, {
    "name" : "thread",
    "value" : "2551-MainThread"
  }, {
    "name" : "framework",
    "value" : "pytest"
  }, {
    "name" : "language",
    "value" : "cpython3"
  }, {
    "name" : "package",
    "value" : "tests_ui.test_ui"
  }, {
    "name" : "resultFormat",
    "value" : "allure2"
  } ],
  "parameters" : [ ],
  "links" : [ ],
  "hidden" : false,
  "retry" : false,
  "extra" : {
    "severity" : "normal",
    "retries" : [ ],
    "categories" : [ {
      "name" : "Test defects",
      "matchedStatuses" : [ ],
      "flaky" : false
    } ],
    "history" : {
      "statistic" : {
        "failed" : 0,
        "broken" : 282,
        "skipped" : 0,
        "passed" : 3,
        "unknown" : 0,
        "total" : 285
      },
      "items" : [ {
        "uid" : "ebed1cbed1a4aa04",
        "reportUrl" : "https://lambotik.github.io/Oblache/505//#testresult/ebed1cbed1a4aa04",
        "status" : "broken",
        "statusDetails" : "selenium.common.exceptions.TimeoutException: Message: Can't find element by locator ('xpath', '//div[@id=\"msg_from_server\"]')",
        "time" : {
          "start" : 1758073491282,
          "stop" : 1758073499428,
          "duration" : 8146
        }
      }, {
        "uid" : "79b3f96df16bbcd2",
        "reportUrl" : "https://lambotik.github.io/Oblache/504//#testresult/79b3f96df16bbcd2",
        "status" : "broken",
        "statusDetails" : "selenium.common.exceptions.TimeoutException: Message: Can't find element by locator ('xpath', '//div[@id=\"msg_from_server\"]')",
        "time" : {
          "start" : 1757987087781,
          "stop" : 1757987095922,
          "duration" : 8141
        }
      }, {
        "uid" : "66434ce1fa839c44",
        "reportUrl" : "https://lambotik.github.io/Oblache/503//#testresult/66434ce1fa839c44",
        "status" : "broken",
        "statusDetails" : "selenium.common.exceptions.TimeoutException: Message: Can't find element by locator ('xpath', '//div[@id=\"msg_from_server\"]')",
        "time" : {
          "start" : 1757901233988,
          "stop" : 1757901242720,
          "duration" : 8732
        }
      }, {
        "uid" : "c8c41e96e5cff4ac",
        "reportUrl" : "https://lambotik.github.io/Oblache/502//#testresult/c8c41e96e5cff4ac",
        "status" : "broken",
        "statusDetails" : "selenium.common.exceptions.TimeoutException: Message: Can't find element by locator ('xpath', '//div[@id=\"msg_from_server\"]')",
        "time" : {
          "start" : 1757814714285,
          "stop" : 1757814723298,
          "duration" : 9013
        }
      }, {
        "uid" : "5f8276be9332ca8d",
        "reportUrl" : "https://lambotik.github.io/Oblache/501//#testresult/5f8276be9332ca8d",
        "status" : "broken",
        "statusDetails" : "selenium.common.exceptions.TimeoutException: Message: Can't find element by locator ('xpath', '//div[@id=\"msg_from_server\"]')",
        "time" : {
          "start" : 1757727588317,
          "stop" : 1757727596516,
          "duration" : 8199
        }
      }, {
        "uid" : "b1bbb2ffa0552181",
        "reportUrl" : "https://lambotik.github.io/Oblache/500//#testresult/b1bbb2ffa0552181",
        "status" : "broken",
        "statusDetails" : "selenium.common.exceptions.TimeoutException: Message: Can't find element by locator ('xpath', '//div[@id=\"msg_from_server\"]')",
        "time" : {
          "start" : 1757641427363,
          "stop" : 1757641435427,
          "duration" : 8064
        }
      }, {
        "uid" : "f36535cc475553d9",
        "reportUrl" : "https://lambotik.github.io/Oblache/499//#testresult/f36535cc475553d9",
        "status" : "broken",
        "statusDetails" : "selenium.common.exceptions.TimeoutException: Message: Can't find element by locator ('xpath', '//div[@id=\"msg_from_server\"]')",
        "time" : {
          "start" : 1757555270734,
          "stop" : 1757555278842,
          "duration" : 8108
        }
      }, {
        "uid" : "41891ac25daf90a2",
        "reportUrl" : "https://lambotik.github.io/Oblache/498//#testresult/41891ac25daf90a2",
        "status" : "broken",
        "statusDetails" : "selenium.common.exceptions.TimeoutException: Message: Can't find element by locator ('xpath', '//div[@id=\"msg_from_server\"]')",
        "time" : {
          "start" : 1757468696504,
          "stop" : 1757468705287,
          "duration" : 8783
        }
      }, {
        "uid" : "80508152140912df",
        "reportUrl" : "https://lambotik.github.io/Oblache/497//#testresult/80508152140912df",
        "status" : "broken",
        "statusDetails" : "selenium.common.exceptions.TimeoutException: Message: Can't find element by locator ('xpath', '//button[@id=\"menu_button_status\"]')\nStacktrace:\n#0 0x55c54214308a <unknown>\n#1 0x55c541be2a70 <unknown>\n#2 0x55c541c34907 <unknown>\n#3 0x55c541c34b01 <unknown>\n#4 0x55c541c82d54 <unknown>\n#5 0x55c541c5a40d <unknown>\n#6 0x55c541c8014f <unknown>\n#7 0x55c541c5a1b3 <unknown>\n#8 0x55c541c2659b <unknown>\n#9 0x55c541c27971 <unknown>\n#10 0x55c54210825b <unknown>\n#11 0x55c54210bfa9 <unknown>\n#12 0x55c5420ef339 <unknown>\n#13 0x55c54210cb58 <unknown>\n#14 0x55c5420d3c1f <unknown>\n#15 0x55c542130118 <unknown>\n#16 0x55c5421302f6 <unknown>\n#17 0x55c542142066 <unknown>\n#18 0x7fefee69caa4 <unknown>\n#19 0x7fefee729c3c <unknown>",
        "time" : {
          "start" : 1757382459602,
          "stop" : 1757382465734,
          "duration" : 6132
        }
      }, {
        "uid" : "d8ffa8a905d16c9b",
        "reportUrl" : "https://lambotik.github.io/Oblache/496//#testresult/d8ffa8a905d16c9b",
        "status" : "broken",
        "statusDetails" : "selenium.common.exceptions.TimeoutException: Message: Can't find element by locator ('xpath', '//button[@id=\"menu_button_status\"]')\nStacktrace:\n#0 0x55b76913508a <unknown>\n#1 0x55b768bd4a70 <unknown>\n#2 0x55b768c26907 <unknown>\n#3 0x55b768c26b01 <unknown>\n#4 0x55b768c74d54 <unknown>\n#5 0x55b768c4c40d <unknown>\n#6 0x55b768c7214f <unknown>\n#7 0x55b768c4c1b3 <unknown>\n#8 0x55b768c1859b <unknown>\n#9 0x55b768c19971 <unknown>\n#10 0x55b7690fa25b <unknown>\n#11 0x55b7690fdfa9 <unknown>\n#12 0x55b7690e1339 <unknown>\n#13 0x55b7690feb58 <unknown>\n#14 0x55b7690c5c1f <unknown>\n#15 0x55b769122118 <unknown>\n#16 0x55b7691222f6 <unknown>\n#17 0x55b769134066 <unknown>\n#18 0x7f33a569caa4 <unknown>\n#19 0x7f33a5729c3c <unknown>",
        "time" : {
          "start" : 1757296314634,
          "stop" : 1757296320759,
          "duration" : 6125
        }
      }, {
        "uid" : "c17920ab54a88775",
        "reportUrl" : "https://lambotik.github.io/Oblache/495//#testresult/c17920ab54a88775",
        "status" : "broken",
        "statusDetails" : "selenium.common.exceptions.TimeoutException: Message: Can't find element by locator ('xpath', '//div[@id=\"msg_from_server\"]')",
        "time" : {
          "start" : 1757209905464,
          "stop" : 1757209913627,
          "duration" : 8163
        }
      }, {
        "uid" : "b6f17b62c9f8ca67",
        "reportUrl" : "https://lambotik.github.io/Oblache/494//#testresult/b6f17b62c9f8ca67",
        "status" : "broken",
        "statusDetails" : "selenium.common.exceptions.TimeoutException: Message: Can't find element by locator ('xpath', '//div[@id=\"msg_from_server\"]')",
        "time" : {
          "start" : 1757123028481,
          "stop" : 1757123036688,
          "duration" : 8207
        }
      }, {
        "uid" : "f937e66b1827392f",
        "reportUrl" : "https://lambotik.github.io/Oblache/493//#testresult/f937e66b1827392f",
        "status" : "broken",
        "statusDetails" : "selenium.common.exceptions.TimeoutException: Message: Can't find element by locator ('xpath', '//div[@id=\"msg_from_server\"]')",
        "time" : {
          "start" : 1757036810501,
          "stop" : 1757036819433,
          "duration" : 8932
        }
      }, {
        "uid" : "fb50696edac19860",
        "reportUrl" : "https://lambotik.github.io/Oblache/492//#testresult/fb50696edac19860",
        "status" : "broken",
        "statusDetails" : "selenium.common.exceptions.TimeoutException: Message: Can't find element by locator ('xpath', '//div[@id=\"msg_from_server\"]')",
        "time" : {
          "start" : 1756950295261,
          "stop" : 1756950304316,
          "duration" : 9055
        }
      }, {
        "uid" : "986dd5f096073bd4",
        "reportUrl" : "https://lambotik.github.io/Oblache/491//#testresult/986dd5f096073bd4",
        "status" : "broken",
        "statusDetails" : "selenium.common.exceptions.TimeoutException: Message: Can't find element by locator ('xpath', '//div[@id=\"msg_from_server\"]')",
        "time" : {
          "start" : 1756863844264,
          "stop" : 1756863852624,
          "duration" : 8360
        }
      }, {
        "uid" : "236b539b0764102b",
        "reportUrl" : "https://lambotik.github.io/Oblache/490//#testresult/236b539b0764102b",
        "status" : "broken",
        "statusDetails" : "selenium.common.exceptions.TimeoutException: Message: Can't find element by locator ('xpath', '//div[@id=\"msg_from_server\"]')",
        "time" : {
          "start" : 1756777844441,
          "stop" : 1756777852614,
          "duration" : 8173
        }
      }, {
        "uid" : "99148550f55225e6",
        "reportUrl" : "https://lambotik.github.io/Oblache/489//#testresult/99148550f55225e6",
        "status" : "broken",
        "statusDetails" : "selenium.common.exceptions.TimeoutException: Message: Can't find element by locator ('xpath', '//div[@id=\"msg_from_server\"]')",
        "time" : {
          "start" : 1756692292480,
          "stop" : 1756692301493,
          "duration" : 9013
        }
      }, {
        "uid" : "4947717f7f48b10b",
        "reportUrl" : "https://lambotik.github.io/Oblache/488//#testresult/4947717f7f48b10b",
        "status" : "broken",
        "statusDetails" : "selenium.common.exceptions.TimeoutException: Message: Can't find element by locator ('xpath', '//div[@id=\"msg_from_server\"]')",
        "time" : {
          "start" : 1756605293405,
          "stop" : 1756605302311,
          "duration" : 8906
        }
      }, {
        "uid" : "ebc6b1f1399c85b8",
        "reportUrl" : "https://lambotik.github.io/Oblache/487//#testresult/ebc6b1f1399c85b8",
        "status" : "broken",
        "statusDetails" : "selenium.common.exceptions.TimeoutException: Message: Can't find element by locator ('xpath', '//button[@id=\"menu_button_status\"]')\nStacktrace:\n#0 0x556db515e02a <unknown>\n#1 0x556db4bfda70 <unknown>\n#2 0x556db4c4f907 <unknown>\n#3 0x556db4c4fb01 <unknown>\n#4 0x556db4c9dd54 <unknown>\n#5 0x556db4c7540d <unknown>\n#6 0x556db4c9b14f <unknown>\n#7 0x556db4c751b3 <unknown>\n#8 0x556db4c4159b <unknown>\n#9 0x556db4c42971 <unknown>\n#10 0x556db51231fb <unknown>\n#11 0x556db5126f49 <unknown>\n#12 0x556db510a2d9 <unknown>\n#13 0x556db5127af8 <unknown>\n#14 0x556db50eebbf <unknown>\n#15 0x556db514b0b8 <unknown>\n#16 0x556db514b296 <unknown>\n#17 0x556db515d006 <unknown>\n#18 0x7fd63509caa4 <unknown>\n#19 0x7fd635129c3c <unknown>",
        "time" : {
          "start" : 1756518197000,
          "stop" : 1756518203124,
          "duration" : 6124
        }
      }, {
        "uid" : "be823f1765e2e31a",
        "reportUrl" : "https://lambotik.github.io/Oblache/486//#testresult/be823f1765e2e31a",
        "status" : "broken",
        "statusDetails" : "selenium.common.exceptions.TimeoutException: Message: Can't find element by locator ('xpath', '//div[@id=\"msg_from_server\"]')",
        "time" : {
          "start" : 1756432112527,
          "stop" : 1756432120661,
          "duration" : 8134
        }
      } ]
    },
    "tags" : [ ]
  },
  "source" : "3187575c9cb47f50.json",
  "parameterValues" : [ ]
}