{
  "uid" : "466184b4a2769382",
  "name" : "POST create_docker_container_without_token",
  "fullName" : "tests_api.test_bd.TestPOST#test_post_create_docker_with_defunct_image",
  "historyId" : "346493b9ad20460bc067ba466e60ac88",
  "time" : {
    "start" : 1743470108441,
    "stop" : 1743470108743,
    "duration" : 302
  },
  "status" : "failed",
  "statusMessage" : "AssertionError: Result is not equal expected value",
  "statusTrace" : "self = <tests_api.test_bd.TestPOST object at 0x7f6ae93fc9e0>\n\n    @allure.title('POST create_docker_container_without_token')\n    def test_post_create_docker_with_defunct_image(self):\n        result = API.post_create_docker_container_with_defunct_image(token=TestPOST.token)\n        Checking.check_status_code(result, 400)\n>       Checking.check_json_value(result, 'msg', \"msg[]: the image doesn't found in the DockerHub\")\n\ntests_api/test_bd.py:411: \n_ _ _ _ _ _ _ _ _ _ _ _ _ _ _ _ _ _ _ _ _ _ _ _ _ _ _ _ _ _ _ _ _ _ _ _ _ _ _ _ \n\nresponse = <Response [400]>, field_name = 'msg'\nexpected_value = \"msg[]: the image doesn't found in the DockerHub\"\n\n    @staticmethod\n    def check_json_value(response: requests.models.Response, field_name: str, expected_value):\n        \"\"\"\n        :param response: requests.models.Response\n        :param field_name:\n        :param expected_value:\n        \"\"\"\n        check = response.json()\n        check_info = check.get(field_name)\n        with allure.step(\n                f'Compare result request with expected value:'\n                f'\\nResponse: {response}\\nField name: {field_name}\\nValue: {expected_value}'):\n>           assert check_info == expected_value, 'Result is not equal expected value'\nE           AssertionError: Result is not equal expected value\n\ntests_api/utils/checking.py:57: AssertionError",
  "flaky" : false,
  "newFailed" : false,
  "beforeStages" : [ ],
  "testStage" : {
    "status" : "failed",
    "statusMessage" : "AssertionError: Result is not equal expected value",
    "statusTrace" : "self = <tests_api.test_bd.TestPOST object at 0x7f6ae93fc9e0>\n\n    @allure.title('POST create_docker_container_without_token')\n    def test_post_create_docker_with_defunct_image(self):\n        result = API.post_create_docker_container_with_defunct_image(token=TestPOST.token)\n        Checking.check_status_code(result, 400)\n>       Checking.check_json_value(result, 'msg', \"msg[]: the image doesn't found in the DockerHub\")\n\ntests_api/test_bd.py:411: \n_ _ _ _ _ _ _ _ _ _ _ _ _ _ _ _ _ _ _ _ _ _ _ _ _ _ _ _ _ _ _ _ _ _ _ _ _ _ _ _ \n\nresponse = <Response [400]>, field_name = 'msg'\nexpected_value = \"msg[]: the image doesn't found in the DockerHub\"\n\n    @staticmethod\n    def check_json_value(response: requests.models.Response, field_name: str, expected_value):\n        \"\"\"\n        :param response: requests.models.Response\n        :param field_name:\n        :param expected_value:\n        \"\"\"\n        check = response.json()\n        check_info = check.get(field_name)\n        with allure.step(\n                f'Compare result request with expected value:'\n                f'\\nResponse: {response}\\nField name: {field_name}\\nValue: {expected_value}'):\n>           assert check_info == expected_value, 'Result is not equal expected value'\nE           AssertionError: Result is not equal expected value\n\ntests_api/utils/checking.py:57: AssertionError",
    "steps" : [ {
      "name" : "post_create_docker_container_with_defunct_image",
      "time" : {
        "start" : 1743470108441,
        "stop" : 1743470108742,
        "duration" : 301
      },
      "status" : "passed",
      "steps" : [ {
        "name" : "Endpoint: /container_create",
        "time" : {
          "start" : 1743470108742,
          "stop" : 1743470108742,
          "duration" : 0
        },
        "status" : "passed",
        "steps" : [ ],
        "attachments" : [ ],
        "parameters" : [ ],
        "stepsCount" : 0,
        "attachmentsCount" : 0,
        "shouldDisplayMessage" : false,
        "hasContent" : false
      }, {
        "name" : "Request:",
        "time" : {
          "start" : 1743470108742,
          "stop" : 1743470108742,
          "duration" : 0
        },
        "status" : "passed",
        "steps" : [ {
          "name" : "Headers: {'Content-Type': 'application/json', 'Authorization': 'e02b1f22-12ca-40ca-a3de-dbc83f5c69ff'}",
          "time" : {
            "start" : 1743470108742,
            "stop" : 1743470108742,
            "duration" : 0
          },
          "status" : "passed",
          "steps" : [ ],
          "attachments" : [ ],
          "parameters" : [ ],
          "stepsCount" : 0,
          "attachmentsCount" : 0,
          "shouldDisplayMessage" : false,
          "hasContent" : false
        }, {
          "name" : "Body: {\"docker_image\": \"\", \"int_ports\": \"80\", \"env\": 3, \"region\": 3}",
          "time" : {
            "start" : 1743470108742,
            "stop" : 1743470108742,
            "duration" : 0
          },
          "status" : "passed",
          "steps" : [ ],
          "attachments" : [ ],
          "parameters" : [ ],
          "stepsCount" : 0,
          "attachmentsCount" : 0,
          "shouldDisplayMessage" : false,
          "hasContent" : false
        } ],
        "attachments" : [ ],
        "parameters" : [ ],
        "stepsCount" : 2,
        "attachmentsCount" : 0,
        "shouldDisplayMessage" : false,
        "hasContent" : true
      }, {
        "name" : "Response:",
        "time" : {
          "start" : 1743470108742,
          "stop" : 1743470108742,
          "duration" : 0
        },
        "status" : "passed",
        "steps" : [ {
          "name" : "Status code: 400",
          "time" : {
            "start" : 1743470108742,
            "stop" : 1743470108742,
            "duration" : 0
          },
          "status" : "passed",
          "steps" : [ ],
          "attachments" : [ ],
          "parameters" : [ ],
          "stepsCount" : 0,
          "attachmentsCount" : 0,
          "shouldDisplayMessage" : false,
          "hasContent" : false
        }, {
          "name" : "JSON: {\n    \"msg_code\": -1,\n    \"msg\": \"endpoint is disabled\"\n}\n",
          "time" : {
            "start" : 1743470108742,
            "stop" : 1743470108742,
            "duration" : 0
          },
          "status" : "passed",
          "steps" : [ ],
          "attachments" : [ ],
          "parameters" : [ ],
          "stepsCount" : 0,
          "attachmentsCount" : 0,
          "shouldDisplayMessage" : false,
          "hasContent" : false
        } ],
        "attachments" : [ ],
        "parameters" : [ ],
        "stepsCount" : 2,
        "attachmentsCount" : 0,
        "shouldDisplayMessage" : false,
        "hasContent" : true
      } ],
      "attachments" : [ ],
      "parameters" : [ ],
      "stepsCount" : 7,
      "attachmentsCount" : 0,
      "shouldDisplayMessage" : false,
      "hasContent" : true
    }, {
      "name" : "Assert status code: 400 == Response status code: 400",
      "time" : {
        "start" : 1743470108742,
        "stop" : 1743470108742,
        "duration" : 0
      },
      "status" : "passed",
      "steps" : [ ],
      "attachments" : [ ],
      "parameters" : [ ],
      "stepsCount" : 0,
      "attachmentsCount" : 0,
      "shouldDisplayMessage" : false,
      "hasContent" : false
    }, {
      "name" : "Compare result request with expected value:\nResponse: <Response [400]>\nField name: msg\nValue: msg[]: the image doesn't found in the DockerHub",
      "time" : {
        "start" : 1743470108742,
        "stop" : 1743470108742,
        "duration" : 0
      },
      "status" : "failed",
      "statusMessage" : "AssertionError: Result is not equal expected value\n",
      "statusTrace" : "  File \"/home/runner/work/Oblache/Oblache/tests_api/utils/checking.py\", line 57, in check_json_value\n    assert check_info == expected_value, 'Result is not equal expected value'\n           ^^^^^^^^^^^^^^^^^^^^^^^^^^^^\n",
      "steps" : [ ],
      "attachments" : [ ],
      "parameters" : [ ],
      "stepsCount" : 0,
      "attachmentsCount" : 0,
      "shouldDisplayMessage" : true,
      "hasContent" : true
    } ],
    "attachments" : [ ],
    "parameters" : [ ],
    "stepsCount" : 10,
    "attachmentsCount" : 0,
    "shouldDisplayMessage" : true,
    "hasContent" : true
  },
  "afterStages" : [ ],
  "labels" : [ {
    "name" : "suite",
    "value" : "POST"
  }, {
    "name" : "parentSuite",
    "value" : "tests_api"
  }, {
    "name" : "subSuite",
    "value" : "TestPOST"
  }, {
    "name" : "host",
    "value" : "fv-az1931-53"
  }, {
    "name" : "thread",
    "value" : "2575-MainThread"
  }, {
    "name" : "framework",
    "value" : "pytest"
  }, {
    "name" : "language",
    "value" : "cpython3"
  }, {
    "name" : "package",
    "value" : "tests_api.test_bd"
  }, {
    "name" : "resultFormat",
    "value" : "allure2"
  } ],
  "parameters" : [ ],
  "links" : [ ],
  "hidden" : false,
  "retry" : false,
  "extra" : {
    "severity" : "normal",
    "retries" : [ ],
    "categories" : [ {
      "name" : "Product defects",
      "matchedStatuses" : [ ],
      "flaky" : false
    } ],
    "history" : {
      "statistic" : {
        "failed" : 111,
        "broken" : 0,
        "skipped" : 0,
        "passed" : 36,
        "unknown" : 0,
        "total" : 147
      },
      "items" : [ {
        "uid" : "eba1318c42c9138c",
        "reportUrl" : "https://lambotik.github.io/Oblache/358//#testresult/eba1318c42c9138c",
        "status" : "failed",
        "statusDetails" : "AssertionError: Result is not equal expected value",
        "time" : {
          "start" : 1743383447904,
          "stop" : 1743383448406,
          "duration" : 502
        }
      }, {
        "uid" : "262e6d43a0063f7a",
        "reportUrl" : "https://lambotik.github.io/Oblache/357//#testresult/262e6d43a0063f7a",
        "status" : "failed",
        "statusDetails" : "AssertionError: Result is not equal expected value",
        "time" : {
          "start" : 1743297110537,
          "stop" : 1743297110858,
          "duration" : 321
        }
      }, {
        "uid" : "5a3de4d31be0e689",
        "reportUrl" : "https://lambotik.github.io/Oblache/356//#testresult/5a3de4d31be0e689",
        "status" : "failed",
        "statusDetails" : "AssertionError: Result is not equal expected value",
        "time" : {
          "start" : 1743210334898,
          "stop" : 1743210335210,
          "duration" : 312
        }
      }, {
        "uid" : "65152e5f43ca9edf",
        "reportUrl" : "https://lambotik.github.io/Oblache/355//#testresult/65152e5f43ca9edf",
        "status" : "failed",
        "statusDetails" : "AssertionError: Result is not equal expected value",
        "time" : {
          "start" : 1743123970527,
          "stop" : 1743123970906,
          "duration" : 379
        }
      }, {
        "uid" : "bc0fb80fc25f7f72",
        "reportUrl" : "https://lambotik.github.io/Oblache/354//#testresult/bc0fb80fc25f7f72",
        "status" : "failed",
        "statusDetails" : "AssertionError: Result is not equal expected value",
        "time" : {
          "start" : 1743037578047,
          "stop" : 1743037578417,
          "duration" : 370
        }
      }, {
        "uid" : "260abaafd317032e",
        "reportUrl" : "https://lambotik.github.io/Oblache/353//#testresult/260abaafd317032e",
        "status" : "failed",
        "statusDetails" : "AssertionError: Result is not equal expected value",
        "time" : {
          "start" : 1742951186369,
          "stop" : 1742951186751,
          "duration" : 382
        }
      }, {
        "uid" : "edbe024decaa13b7",
        "reportUrl" : "https://lambotik.github.io/Oblache/352//#testresult/edbe024decaa13b7",
        "status" : "failed",
        "statusDetails" : "AssertionError: Result is not equal expected value",
        "time" : {
          "start" : 1742864801274,
          "stop" : 1742864801650,
          "duration" : 376
        }
      }, {
        "uid" : "8f9e4fac8b4df732",
        "reportUrl" : "https://lambotik.github.io/Oblache/351//#testresult/8f9e4fac8b4df732",
        "status" : "failed",
        "statusDetails" : "AssertionError: Result is not equal expected value",
        "time" : {
          "start" : 1742778505945,
          "stop" : 1742778506445,
          "duration" : 500
        }
      }, {
        "uid" : "1f457074790daa86",
        "reportUrl" : "https://lambotik.github.io/Oblache/350//#testresult/1f457074790daa86",
        "status" : "failed",
        "statusDetails" : "AssertionError: Result is not equal expected value",
        "time" : {
          "start" : 1742692250547,
          "stop" : 1742692250910,
          "duration" : 363
        }
      }, {
        "uid" : "391ce031f972c841",
        "reportUrl" : "https://lambotik.github.io/Oblache/349//#testresult/391ce031f972c841",
        "status" : "failed",
        "statusDetails" : "AssertionError: Result is not equal expected value",
        "time" : {
          "start" : 1742605487163,
          "stop" : 1742605487475,
          "duration" : 312
        }
      }, {
        "uid" : "88fef77974ba54cb",
        "reportUrl" : "https://lambotik.github.io/Oblache/348//#testresult/88fef77974ba54cb",
        "status" : "failed",
        "statusDetails" : "AssertionError: Result is not equal expected value",
        "time" : {
          "start" : 1742519188315,
          "stop" : 1742519188818,
          "duration" : 503
        }
      }, {
        "uid" : "44f5e9447f341dba",
        "reportUrl" : "https://lambotik.github.io/Oblache/347//#testresult/44f5e9447f341dba",
        "status" : "failed",
        "statusDetails" : "AssertionError: Result is not equal expected value",
        "time" : {
          "start" : 1742432690575,
          "stop" : 1742432690943,
          "duration" : 368
        }
      }, {
        "uid" : "986e9e3310239ddd",
        "reportUrl" : "https://lambotik.github.io/Oblache/346//#testresult/986e9e3310239ddd",
        "status" : "failed",
        "statusDetails" : "AssertionError: Result is not equal expected value",
        "time" : {
          "start" : 1742346378030,
          "stop" : 1742346378335,
          "duration" : 305
        }
      }, {
        "uid" : "e946b6d75ec73a16",
        "reportUrl" : "https://lambotik.github.io/Oblache/345//#testresult/e946b6d75ec73a16",
        "status" : "failed",
        "statusDetails" : "AssertionError: Result is not equal expected value",
        "time" : {
          "start" : 1742259935806,
          "stop" : 1742259936310,
          "duration" : 504
        }
      }, {
        "uid" : "2d9dd1fa2f3b53c",
        "reportUrl" : "https://lambotik.github.io/Oblache/344//#testresult/2d9dd1fa2f3b53c",
        "status" : "failed",
        "statusDetails" : "AssertionError: Result is not equal expected value",
        "time" : {
          "start" : 1742173653548,
          "stop" : 1742173653850,
          "duration" : 302
        }
      }, {
        "uid" : "810ee62ccad67b95",
        "reportUrl" : "https://lambotik.github.io/Oblache/343//#testresult/810ee62ccad67b95",
        "status" : "failed",
        "statusDetails" : "AssertionError: Result is not equal expected value",
        "time" : {
          "start" : 1742087464934,
          "stop" : 1742087465444,
          "duration" : 510
        }
      }, {
        "uid" : "e8d76710381750bb",
        "reportUrl" : "https://lambotik.github.io/Oblache/342//#testresult/e8d76710381750bb",
        "status" : "failed",
        "statusDetails" : "AssertionError: Result is not equal expected value",
        "time" : {
          "start" : 1742000637442,
          "stop" : 1742000637757,
          "duration" : 315
        }
      }, {
        "uid" : "dcba89ea5741096a",
        "reportUrl" : "https://lambotik.github.io/Oblache/341//#testresult/dcba89ea5741096a",
        "status" : "failed",
        "statusDetails" : "AssertionError: Result is not equal expected value",
        "time" : {
          "start" : 1741914278113,
          "stop" : 1741914278427,
          "duration" : 314
        }
      }, {
        "uid" : "81472286bcb6a662",
        "reportUrl" : "https://lambotik.github.io/Oblache/340//#testresult/81472286bcb6a662",
        "status" : "failed",
        "statusDetails" : "AssertionError: Result is not equal expected value",
        "time" : {
          "start" : 1741827946252,
          "stop" : 1741827946773,
          "duration" : 521
        }
      }, {
        "uid" : "5c4eb6236c40e353",
        "reportUrl" : "https://lambotik.github.io/Oblache/339//#testresult/5c4eb6236c40e353",
        "status" : "failed",
        "statusDetails" : "AssertionError: Result is not equal expected value",
        "time" : {
          "start" : 1741741484533,
          "stop" : 1741741485041,
          "duration" : 508
        }
      } ]
    },
    "tags" : [ ]
  },
  "source" : "466184b4a2769382.json",
  "parameterValues" : [ ]
}