{
  "uid" : "52f2118a37d8c7f0",
  "name" : "test order db create backup",
  "fullName" : "tests_api.test_bd.TestBackup#test_order_db_create_backup",
  "historyId" : "bbc51bc9e59c2f7de52280f53d30e264",
  "time" : {
    "start" : 1760406431813,
    "stop" : 1760406432121,
    "duration" : 308
  },
  "status" : "failed",
  "statusMessage" : "AssertionError: Incorrect status code: 500",
  "statusTrace" : "self = <tests_api.test_bd.TestBackup object at 0x7f3997b0d8e0>\nget_token_backup_2 = ('a3889556-67e4-4eb3-9c29-167d1cfff9c5', {'email': 'testbackup2@gmail.com', 'password': 'gwqldBUEoNGUiBrKFeVv'}, '066dc8d1-2d0a-753b-8000-ba69b49e1e8c')\n\n    @allure.title('test order db create backup')\n    def test_order_db_create_backup(self, get_token_backup_2):\n        token, body, uuid = get_token_backup_2\n        response = API.post_db_backup_create(token=token, db_uuid=uuid)\n>       Checking.check_status_code(response, 200)\n\ntests_api/test_bd.py:448: \n_ _ _ _ _ _ _ _ _ _ _ _ _ _ _ _ _ _ _ _ _ _ _ _ _ _ _ _ _ _ _ _ _ _ _ _ _ _ _ _ \n\nresult = <Response [500]>, status_code = 200\n\n    @staticmethod\n    def check_status_code(result: requests.models.Response, status_code: int):\n        \"\"\"\n        Method check status code\n        :param result: Response\n        :param status_code:\n        \"\"\"\n        with allure.step(f'Assert status code: {status_code} == Response status code: {result.status_code}'):\n>           assert status_code == result.status_code, f'Incorrect status code: {result.status_code}'\nE           AssertionError: Incorrect status code: 500\n\ntests_api/utils/checking.py:16: AssertionError",
  "flaky" : false,
  "newFailed" : false,
  "beforeStages" : [ {
    "name" : "get_token_backup_2",
    "time" : {
      "start" : 1760406431481,
      "stop" : 1760406431812,
      "duration" : 331
    },
    "status" : "passed",
    "steps" : [ {
      "name" : "Assert status code: 200 == Response status code: 200",
      "time" : {
        "start" : 1760406431812,
        "stop" : 1760406431812,
        "duration" : 0
      },
      "status" : "passed",
      "steps" : [ ],
      "attachments" : [ ],
      "parameters" : [ ],
      "stepsCount" : 0,
      "attachmentsCount" : 0,
      "shouldDisplayMessage" : false,
      "hasContent" : false
    } ],
    "attachments" : [ ],
    "parameters" : [ ],
    "stepsCount" : 1,
    "attachmentsCount" : 0,
    "shouldDisplayMessage" : false,
    "hasContent" : true
  } ],
  "testStage" : {
    "status" : "failed",
    "statusMessage" : "AssertionError: Incorrect status code: 500",
    "statusTrace" : "self = <tests_api.test_bd.TestBackup object at 0x7f3997b0d8e0>\nget_token_backup_2 = ('a3889556-67e4-4eb3-9c29-167d1cfff9c5', {'email': 'testbackup2@gmail.com', 'password': 'gwqldBUEoNGUiBrKFeVv'}, '066dc8d1-2d0a-753b-8000-ba69b49e1e8c')\n\n    @allure.title('test order db create backup')\n    def test_order_db_create_backup(self, get_token_backup_2):\n        token, body, uuid = get_token_backup_2\n        response = API.post_db_backup_create(token=token, db_uuid=uuid)\n>       Checking.check_status_code(response, 200)\n\ntests_api/test_bd.py:448: \n_ _ _ _ _ _ _ _ _ _ _ _ _ _ _ _ _ _ _ _ _ _ _ _ _ _ _ _ _ _ _ _ _ _ _ _ _ _ _ _ \n\nresult = <Response [500]>, status_code = 200\n\n    @staticmethod\n    def check_status_code(result: requests.models.Response, status_code: int):\n        \"\"\"\n        Method check status code\n        :param result: Response\n        :param status_code:\n        \"\"\"\n        with allure.step(f'Assert status code: {status_code} == Response status code: {result.status_code}'):\n>           assert status_code == result.status_code, f'Incorrect status code: {result.status_code}'\nE           AssertionError: Incorrect status code: 500\n\ntests_api/utils/checking.py:16: AssertionError",
    "steps" : [ {
      "name" : "Endpoint: /db_backup_create",
      "time" : {
        "start" : 1760406432121,
        "stop" : 1760406432121,
        "duration" : 0
      },
      "status" : "passed",
      "steps" : [ ],
      "attachments" : [ ],
      "parameters" : [ ],
      "stepsCount" : 0,
      "attachmentsCount" : 0,
      "shouldDisplayMessage" : false,
      "hasContent" : false
    }, {
      "name" : "Request:",
      "time" : {
        "start" : 1760406432121,
        "stop" : 1760406432121,
        "duration" : 0
      },
      "status" : "passed",
      "steps" : [ {
        "name" : "Headers: {'Content-Type': 'application/json', 'Authorization': {'a3889556-67e4-4eb3-9c29-167d1cfff9c5'}}",
        "time" : {
          "start" : 1760406432121,
          "stop" : 1760406432121,
          "duration" : 0
        },
        "status" : "passed",
        "steps" : [ ],
        "attachments" : [ ],
        "parameters" : [ ],
        "stepsCount" : 0,
        "attachmentsCount" : 0,
        "shouldDisplayMessage" : false,
        "hasContent" : false
      } ],
      "attachments" : [ ],
      "parameters" : [ ],
      "stepsCount" : 1,
      "attachmentsCount" : 0,
      "shouldDisplayMessage" : false,
      "hasContent" : true
    }, {
      "name" : "Response:",
      "time" : {
        "start" : 1760406432121,
        "stop" : 1760406432121,
        "duration" : 0
      },
      "status" : "passed",
      "steps" : [ {
        "name" : "Status code: 500",
        "time" : {
          "start" : 1760406432121,
          "stop" : 1760406432121,
          "duration" : 0
        },
        "status" : "passed",
        "steps" : [ ],
        "attachments" : [ ],
        "parameters" : [ ],
        "stepsCount" : 0,
        "attachmentsCount" : 0,
        "shouldDisplayMessage" : false,
        "hasContent" : false
      }, {
        "name" : "JSON: Some general exception",
        "time" : {
          "start" : 1760406432121,
          "stop" : 1760406432121,
          "duration" : 0
        },
        "status" : "passed",
        "steps" : [ ],
        "attachments" : [ ],
        "parameters" : [ ],
        "stepsCount" : 0,
        "attachmentsCount" : 0,
        "shouldDisplayMessage" : false,
        "hasContent" : false
      } ],
      "attachments" : [ ],
      "parameters" : [ ],
      "stepsCount" : 2,
      "attachmentsCount" : 0,
      "shouldDisplayMessage" : false,
      "hasContent" : true
    }, {
      "name" : "Assert status code: 200 == Response status code: 500",
      "time" : {
        "start" : 1760406432121,
        "stop" : 1760406432121,
        "duration" : 0
      },
      "status" : "failed",
      "statusMessage" : "AssertionError: Incorrect status code: 500\n",
      "statusTrace" : "  File \"/home/runner/work/Oblache/Oblache/tests_api/utils/checking.py\", line 16, in check_status_code\n    assert status_code == result.status_code, f'Incorrect status code: {result.status_code}'\n           ^^^^^^^^^^^^^^^^^^^^^^^^^^^^^^^^^\n",
      "steps" : [ ],
      "attachments" : [ ],
      "parameters" : [ ],
      "stepsCount" : 0,
      "attachmentsCount" : 0,
      "shouldDisplayMessage" : true,
      "hasContent" : true
    } ],
    "attachments" : [ ],
    "parameters" : [ ],
    "stepsCount" : 7,
    "attachmentsCount" : 0,
    "shouldDisplayMessage" : true,
    "hasContent" : true
  },
  "afterStages" : [ ],
  "labels" : [ {
    "name" : "suite",
    "value" : "Test Backup"
  }, {
    "name" : "parentSuite",
    "value" : "tests_api"
  }, {
    "name" : "subSuite",
    "value" : "TestBackup"
  }, {
    "name" : "host",
    "value" : "runnervmwhb2z"
  }, {
    "name" : "thread",
    "value" : "2608-MainThread"
  }, {
    "name" : "framework",
    "value" : "pytest"
  }, {
    "name" : "language",
    "value" : "cpython3"
  }, {
    "name" : "package",
    "value" : "tests_api.test_bd"
  }, {
    "name" : "resultFormat",
    "value" : "allure2"
  } ],
  "parameters" : [ ],
  "links" : [ ],
  "hidden" : false,
  "retry" : false,
  "extra" : {
    "severity" : "normal",
    "retries" : [ ],
    "categories" : [ {
      "name" : "Product defects",
      "matchedStatuses" : [ ],
      "flaky" : false
    } ],
    "history" : {
      "statistic" : {
        "failed" : 94,
        "broken" : 127,
        "skipped" : 0,
        "passed" : 96,
        "unknown" : 0,
        "total" : 317
      },
      "items" : [ {
        "uid" : "4bca8879be071890",
        "reportUrl" : "https://lambotik.github.io/Oblache/531//#testresult/4bca8879be071890",
        "status" : "failed",
        "statusDetails" : "AssertionError: Incorrect status code: 400",
        "time" : {
          "start" : 1760320392024,
          "stop" : 1760320392337,
          "duration" : 313
        }
      }, {
        "uid" : "46df945354f40ff6",
        "reportUrl" : "https://lambotik.github.io/Oblache/530//#testresult/46df945354f40ff6",
        "status" : "failed",
        "statusDetails" : "AssertionError: Incorrect status code: 500",
        "time" : {
          "start" : 1760233813068,
          "stop" : 1760233813578,
          "duration" : 510
        }
      }, {
        "uid" : "be22997636351e76",
        "reportUrl" : "https://lambotik.github.io/Oblache/529//#testresult/be22997636351e76",
        "status" : "failed",
        "statusDetails" : "AssertionError: Incorrect status code: 500",
        "time" : {
          "start" : 1760146929854,
          "stop" : 1760146930221,
          "duration" : 367
        }
      }, {
        "uid" : "6e13aab1e42b7a5e",
        "reportUrl" : "https://lambotik.github.io/Oblache/528//#testresult/6e13aab1e42b7a5e",
        "status" : "failed",
        "statusDetails" : "AssertionError: Incorrect status code: 502",
        "time" : {
          "start" : 1760060770715,
          "stop" : 1760060770715,
          "duration" : 0
        }
      }, {
        "uid" : "9e32e5d8d57ca502",
        "reportUrl" : "https://lambotik.github.io/Oblache/527//#testresult/9e32e5d8d57ca502",
        "status" : "failed",
        "statusDetails" : "AssertionError: Incorrect status code: 502",
        "time" : {
          "start" : 1759974311136,
          "stop" : 1759974311136,
          "duration" : 0
        }
      }, {
        "uid" : "89661d6d87b4f626",
        "reportUrl" : "https://lambotik.github.io/Oblache/526//#testresult/89661d6d87b4f626",
        "status" : "failed",
        "statusDetails" : "AssertionError: Incorrect status code: 502",
        "time" : {
          "start" : 1759887872441,
          "stop" : 1759887872441,
          "duration" : 0
        }
      }, {
        "uid" : "b2bcf31a9b611315",
        "reportUrl" : "https://lambotik.github.io/Oblache/525//#testresult/b2bcf31a9b611315",
        "status" : "failed",
        "statusDetails" : "AssertionError: Incorrect status code: 502",
        "time" : {
          "start" : 1759801449228,
          "stop" : 1759801449228,
          "duration" : 0
        }
      }, {
        "uid" : "9074e415574137c0",
        "reportUrl" : "https://lambotik.github.io/Oblache/524//#testresult/9074e415574137c0",
        "status" : "failed",
        "statusDetails" : "AssertionError: Incorrect status code: 502",
        "time" : {
          "start" : 1759715238440,
          "stop" : 1759715238440,
          "duration" : 0
        }
      }, {
        "uid" : "6bffeca7d66ca1f9",
        "reportUrl" : "https://lambotik.github.io/Oblache/523//#testresult/6bffeca7d66ca1f9",
        "status" : "failed",
        "statusDetails" : "AssertionError: Incorrect status code: 500",
        "time" : {
          "start" : 1759629249734,
          "stop" : 1759629250172,
          "duration" : 438
        }
      }, {
        "uid" : "46d7f51815842aa8",
        "reportUrl" : "https://lambotik.github.io/Oblache/522//#testresult/46d7f51815842aa8",
        "status" : "failed",
        "statusDetails" : "AssertionError: Incorrect status code: 500",
        "time" : {
          "start" : 1759542073096,
          "stop" : 1759542073528,
          "duration" : 432
        }
      }, {
        "uid" : "fe600b7ad4a47c3",
        "reportUrl" : "https://lambotik.github.io/Oblache/521//#testresult/fe600b7ad4a47c3",
        "status" : "failed",
        "statusDetails" : "AssertionError: Incorrect status code: 400",
        "time" : {
          "start" : 1759455851696,
          "stop" : 1759455852106,
          "duration" : 410
        }
      }, {
        "uid" : "8fdd569810be6d43",
        "reportUrl" : "https://lambotik.github.io/Oblache/520//#testresult/8fdd569810be6d43",
        "status" : "failed",
        "statusDetails" : "AssertionError: Incorrect status code: 400",
        "time" : {
          "start" : 1759369447829,
          "stop" : 1759369448187,
          "duration" : 358
        }
      }, {
        "uid" : "82191b221dcfa0d9",
        "reportUrl" : "https://lambotik.github.io/Oblache/519//#testresult/82191b221dcfa0d9",
        "status" : "failed",
        "statusDetails" : "AssertionError: Incorrect status code: 500",
        "time" : {
          "start" : 1759283769373,
          "stop" : 1759283769881,
          "duration" : 508
        }
      }, {
        "uid" : "3e64d7d847de4564",
        "reportUrl" : "https://lambotik.github.io/Oblache/518//#testresult/3e64d7d847de4564",
        "status" : "failed",
        "statusDetails" : "AssertionError: Incorrect status code: 400",
        "time" : {
          "start" : 1759196649262,
          "stop" : 1759196649633,
          "duration" : 371
        }
      }, {
        "uid" : "da1d164e3b3b67c5",
        "reportUrl" : "https://lambotik.github.io/Oblache/517//#testresult/da1d164e3b3b67c5",
        "status" : "failed",
        "statusDetails" : "AssertionError: Incorrect status code: 400",
        "time" : {
          "start" : 1759110530684,
          "stop" : 1759110531053,
          "duration" : 369
        }
      }, {
        "uid" : "1d2956ca10f681ad",
        "reportUrl" : "https://lambotik.github.io/Oblache/516//#testresult/1d2956ca10f681ad",
        "status" : "failed",
        "statusDetails" : "AssertionError: Incorrect status code: 500",
        "time" : {
          "start" : 1759024511001,
          "stop" : 1759024511444,
          "duration" : 443
        }
      }, {
        "uid" : "b03e11a37885c6ac",
        "reportUrl" : "https://lambotik.github.io/Oblache/515//#testresult/b03e11a37885c6ac",
        "status" : "failed",
        "statusDetails" : "AssertionError: Incorrect status code: 400",
        "time" : {
          "start" : 1758937331407,
          "stop" : 1758937331830,
          "duration" : 423
        }
      }, {
        "uid" : "2aaf4b9f26db2f52",
        "reportUrl" : "https://lambotik.github.io/Oblache/514//#testresult/2aaf4b9f26db2f52",
        "status" : "failed",
        "statusDetails" : "AssertionError: Incorrect status code: 400",
        "time" : {
          "start" : 1758851171181,
          "stop" : 1758851171551,
          "duration" : 370
        }
      }, {
        "uid" : "6480c87643bd35e4",
        "reportUrl" : "https://lambotik.github.io/Oblache/513//#testresult/6480c87643bd35e4",
        "status" : "failed",
        "statusDetails" : "AssertionError: Incorrect status code: 400",
        "time" : {
          "start" : 1758764829528,
          "stop" : 1758764829883,
          "duration" : 355
        }
      }, {
        "uid" : "c06faf1e88ccc056",
        "reportUrl" : "https://lambotik.github.io/Oblache/512//#testresult/c06faf1e88ccc056",
        "status" : "failed",
        "statusDetails" : "AssertionError: Incorrect status code: 400",
        "time" : {
          "start" : 1758678372245,
          "stop" : 1758678372564,
          "duration" : 319
        }
      } ]
    },
    "tags" : [ ]
  },
  "source" : "52f2118a37d8c7f0.json",
  "parameterValues" : [ ]
}