{
  "uid" : "1df3f9eefea5bac3",
  "name" : "GET profile status.",
  "fullName" : "tests_api.test_bd.TestGET#test_get_status",
  "historyId" : "1db526b86e70a0d5647421e92bf453b9",
  "time" : {
    "start" : 1760751706589,
    "stop" : 1760751706993,
    "duration" : 404
  },
  "status" : "failed",
  "statusMessage" : "AssertionError: Incorrect status code: 405",
  "statusTrace" : "self = <tests_api.test_bd.TestGET object at 0x7f2f4b563830>\n\n    @allure.title('GET profile status.')\n    def test_get_status(self):\n        response = API.get_status(token=TestGET.token)\n>       Checking.check_status_code(response, 200)\n\ntests_api/test_bd.py:103: \n_ _ _ _ _ _ _ _ _ _ _ _ _ _ _ _ _ _ _ _ _ _ _ _ _ _ _ _ _ _ _ _ _ _ _ _ _ _ _ _ \n\nresult = <Response [405]>, status_code = 200\n\n    @staticmethod\n    def check_status_code(result: requests.models.Response, status_code: int):\n        \"\"\"\n        Method check status code\n        :param result: Response\n        :param status_code:\n        \"\"\"\n        with allure.step(f'Assert status code: {status_code} == Response status code: {result.status_code}'):\n>           assert status_code == result.status_code, f'Incorrect status code: {result.status_code}'\nE           AssertionError: Incorrect status code: 405\n\ntests_api/utils/checking.py:16: AssertionError",
  "flaky" : false,
  "newFailed" : false,
  "beforeStages" : [ ],
  "testStage" : {
    "status" : "failed",
    "statusMessage" : "AssertionError: Incorrect status code: 405",
    "statusTrace" : "self = <tests_api.test_bd.TestGET object at 0x7f2f4b563830>\n\n    @allure.title('GET profile status.')\n    def test_get_status(self):\n        response = API.get_status(token=TestGET.token)\n>       Checking.check_status_code(response, 200)\n\ntests_api/test_bd.py:103: \n_ _ _ _ _ _ _ _ _ _ _ _ _ _ _ _ _ _ _ _ _ _ _ _ _ _ _ _ _ _ _ _ _ _ _ _ _ _ _ _ \n\nresult = <Response [405]>, status_code = 200\n\n    @staticmethod\n    def check_status_code(result: requests.models.Response, status_code: int):\n        \"\"\"\n        Method check status code\n        :param result: Response\n        :param status_code:\n        \"\"\"\n        with allure.step(f'Assert status code: {status_code} == Response status code: {result.status_code}'):\n>           assert status_code == result.status_code, f'Incorrect status code: {result.status_code}'\nE           AssertionError: Incorrect status code: 405\n\ntests_api/utils/checking.py:16: AssertionError",
    "steps" : [ {
      "name" : "Endpoint: /get_profile",
      "time" : {
        "start" : 1760751706992,
        "stop" : 1760751706992,
        "duration" : 0
      },
      "status" : "passed",
      "steps" : [ ],
      "attachments" : [ ],
      "parameters" : [ ],
      "stepsCount" : 0,
      "attachmentsCount" : 0,
      "shouldDisplayMessage" : false,
      "hasContent" : false
    }, {
      "name" : "Request:",
      "time" : {
        "start" : 1760751706992,
        "stop" : 1760751706992,
        "duration" : 0
      },
      "status" : "passed",
      "steps" : [ {
        "name" : "Headers: {'Content-Type': 'application/json', 'Authorization': 'fc89d2e3-9948-4f4c-9f15-5a3cdfe26f21'}",
        "time" : {
          "start" : 1760751706992,
          "stop" : 1760751706992,
          "duration" : 0
        },
        "status" : "passed",
        "steps" : [ ],
        "attachments" : [ ],
        "parameters" : [ ],
        "stepsCount" : 0,
        "attachmentsCount" : 0,
        "shouldDisplayMessage" : false,
        "hasContent" : false
      }, {
        "name" : "\n            Body: {\n            \"queue_db_create_orders\": 3,\n            \"queue_db_delete_orders\": 1,\n            \"number_of_stuck_tasks\": 0\n           }",
        "time" : {
          "start" : 1760751706992,
          "stop" : 1760751706992,
          "duration" : 0
        },
        "status" : "passed",
        "steps" : [ ],
        "attachments" : [ ],
        "parameters" : [ ],
        "stepsCount" : 0,
        "attachmentsCount" : 0,
        "shouldDisplayMessage" : false,
        "hasContent" : false
      } ],
      "attachments" : [ ],
      "parameters" : [ ],
      "stepsCount" : 2,
      "attachmentsCount" : 0,
      "shouldDisplayMessage" : false,
      "hasContent" : true
    }, {
      "name" : "Response:",
      "time" : {
        "start" : 1760751706992,
        "stop" : 1760751706992,
        "duration" : 0
      },
      "status" : "passed",
      "steps" : [ {
        "name" : "Status code: 405",
        "time" : {
          "start" : 1760751706992,
          "stop" : 1760751706992,
          "duration" : 0
        },
        "status" : "passed",
        "steps" : [ ],
        "attachments" : [ ],
        "parameters" : [ ],
        "stepsCount" : 0,
        "attachmentsCount" : 0,
        "shouldDisplayMessage" : false,
        "hasContent" : false
      }, {
        "name" : "JSON: {\n    \"message\": \"The method is not allowed for the requested URL.\"\n}\n",
        "time" : {
          "start" : 1760751706992,
          "stop" : 1760751706992,
          "duration" : 0
        },
        "status" : "passed",
        "steps" : [ ],
        "attachments" : [ ],
        "parameters" : [ ],
        "stepsCount" : 0,
        "attachmentsCount" : 0,
        "shouldDisplayMessage" : false,
        "hasContent" : false
      } ],
      "attachments" : [ ],
      "parameters" : [ ],
      "stepsCount" : 2,
      "attachmentsCount" : 0,
      "shouldDisplayMessage" : false,
      "hasContent" : true
    }, {
      "name" : "Assert status code: 200 == Response status code: 405",
      "time" : {
        "start" : 1760751706992,
        "stop" : 1760751706992,
        "duration" : 0
      },
      "status" : "failed",
      "statusMessage" : "AssertionError: Incorrect status code: 405\n",
      "statusTrace" : "  File \"/home/runner/work/Oblache/Oblache/tests_api/utils/checking.py\", line 16, in check_status_code\n    assert status_code == result.status_code, f'Incorrect status code: {result.status_code}'\n           ^^^^^^^^^^^^^^^^^^^^^^^^^^^^^^^^^\n",
      "steps" : [ ],
      "attachments" : [ ],
      "parameters" : [ ],
      "stepsCount" : 0,
      "attachmentsCount" : 0,
      "shouldDisplayMessage" : true,
      "hasContent" : true
    } ],
    "attachments" : [ ],
    "parameters" : [ ],
    "stepsCount" : 8,
    "attachmentsCount" : 0,
    "shouldDisplayMessage" : true,
    "hasContent" : true
  },
  "afterStages" : [ ],
  "labels" : [ {
    "name" : "suite",
    "value" : "GET"
  }, {
    "name" : "parentSuite",
    "value" : "tests_api"
  }, {
    "name" : "subSuite",
    "value" : "TestGET"
  }, {
    "name" : "host",
    "value" : "runnervmzdgdc"
  }, {
    "name" : "thread",
    "value" : "2649-MainThread"
  }, {
    "name" : "framework",
    "value" : "pytest"
  }, {
    "name" : "language",
    "value" : "cpython3"
  }, {
    "name" : "package",
    "value" : "tests_api.test_bd"
  }, {
    "name" : "resultFormat",
    "value" : "allure2"
  } ],
  "parameters" : [ ],
  "links" : [ ],
  "hidden" : false,
  "retry" : false,
  "extra" : {
    "severity" : "normal",
    "retries" : [ ],
    "categories" : [ {
      "name" : "Product defects",
      "matchedStatuses" : [ ],
      "flaky" : false
    } ],
    "history" : {
      "statistic" : {
        "failed" : 300,
        "broken" : 0,
        "skipped" : 0,
        "passed" : 21,
        "unknown" : 0,
        "total" : 321
      },
      "items" : [ {
        "uid" : "2ce407ae1f194286",
        "reportUrl" : "https://lambotik.github.io/Oblache/535//#testresult/2ce407ae1f194286",
        "status" : "failed",
        "statusDetails" : "AssertionError: Incorrect status code: 405",
        "time" : {
          "start" : 1760665593961,
          "stop" : 1760665594358,
          "duration" : 397
        }
      }, {
        "uid" : "e41b8502606d5a6c",
        "reportUrl" : "https://lambotik.github.io/Oblache/534//#testresult/e41b8502606d5a6c",
        "status" : "failed",
        "statusDetails" : "AssertionError: Incorrect status code: 405",
        "time" : {
          "start" : 1760579254711,
          "stop" : 1760579255057,
          "duration" : 346
        }
      }, {
        "uid" : "a9d4de0f8bfd3b09",
        "reportUrl" : "https://lambotik.github.io/Oblache/533//#testresult/a9d4de0f8bfd3b09",
        "status" : "failed",
        "statusDetails" : "AssertionError: Incorrect status code: 405",
        "time" : {
          "start" : 1760492927065,
          "stop" : 1760492927532,
          "duration" : 467
        }
      }, {
        "uid" : "24260b658fa16d50",
        "reportUrl" : "https://lambotik.github.io/Oblache/532//#testresult/24260b658fa16d50",
        "status" : "failed",
        "statusDetails" : "AssertionError: Incorrect status code: 405",
        "time" : {
          "start" : 1760406366963,
          "stop" : 1760406367254,
          "duration" : 291
        }
      }, {
        "uid" : "4dc5dab571190b1f",
        "reportUrl" : "https://lambotik.github.io/Oblache/531//#testresult/4dc5dab571190b1f",
        "status" : "failed",
        "statusDetails" : "AssertionError: Incorrect status code: 405",
        "time" : {
          "start" : 1760320349866,
          "stop" : 1760320350146,
          "duration" : 280
        }
      }, {
        "uid" : "24812649a1162b65",
        "reportUrl" : "https://lambotik.github.io/Oblache/530//#testresult/24812649a1162b65",
        "status" : "failed",
        "statusDetails" : "AssertionError: Incorrect status code: 405",
        "time" : {
          "start" : 1760233746415,
          "stop" : 1760233746897,
          "duration" : 482
        }
      }, {
        "uid" : "784ba172bbfee50d",
        "reportUrl" : "https://lambotik.github.io/Oblache/529//#testresult/784ba172bbfee50d",
        "status" : "failed",
        "statusDetails" : "AssertionError: Incorrect status code: 405",
        "time" : {
          "start" : 1760146867369,
          "stop" : 1760146867716,
          "duration" : 347
        }
      }, {
        "uid" : "a75fcc42d7d3e9ac",
        "reportUrl" : "https://lambotik.github.io/Oblache/528//#testresult/a75fcc42d7d3e9ac",
        "status" : "failed",
        "statusDetails" : "AssertionError: Incorrect status code: 502",
        "time" : {
          "start" : 1760060755100,
          "stop" : 1760060755435,
          "duration" : 335
        }
      }, {
        "uid" : "42fe3c5ea240947f",
        "reportUrl" : "https://lambotik.github.io/Oblache/527//#testresult/42fe3c5ea240947f",
        "status" : "failed",
        "statusDetails" : "AssertionError: Incorrect status code: 502",
        "time" : {
          "start" : 1759974298071,
          "stop" : 1759974298352,
          "duration" : 281
        }
      }, {
        "uid" : "887b983211b43b7d",
        "reportUrl" : "https://lambotik.github.io/Oblache/526//#testresult/887b983211b43b7d",
        "status" : "failed",
        "statusDetails" : "AssertionError: Incorrect status code: 502",
        "time" : {
          "start" : 1759887856946,
          "stop" : 1759887857294,
          "duration" : 348
        }
      }, {
        "uid" : "4cf6f3cd305d037b",
        "reportUrl" : "https://lambotik.github.io/Oblache/525//#testresult/4cf6f3cd305d037b",
        "status" : "failed",
        "statusDetails" : "AssertionError: Incorrect status code: 502",
        "time" : {
          "start" : 1759801435537,
          "stop" : 1759801435920,
          "duration" : 383
        }
      }, {
        "uid" : "1b91c862d2918ed1",
        "reportUrl" : "https://lambotik.github.io/Oblache/524//#testresult/1b91c862d2918ed1",
        "status" : "failed",
        "statusDetails" : "AssertionError: Incorrect status code: 502",
        "time" : {
          "start" : 1759715222904,
          "stop" : 1759715223239,
          "duration" : 335
        }
      }, {
        "uid" : "c5373850ccd33f1",
        "reportUrl" : "https://lambotik.github.io/Oblache/523//#testresult/c5373850ccd33f1",
        "status" : "failed",
        "statusDetails" : "AssertionError: Incorrect status code: 405",
        "time" : {
          "start" : 1759629195143,
          "stop" : 1759629195548,
          "duration" : 405
        }
      }, {
        "uid" : "8356d6f61b1fe87a",
        "reportUrl" : "https://lambotik.github.io/Oblache/522//#testresult/8356d6f61b1fe87a",
        "status" : "failed",
        "statusDetails" : "AssertionError: Incorrect status code: 405",
        "time" : {
          "start" : 1759541983394,
          "stop" : 1759541983753,
          "duration" : 359
        }
      }, {
        "uid" : "8949e8433b0e119",
        "reportUrl" : "https://lambotik.github.io/Oblache/521//#testresult/8949e8433b0e119",
        "status" : "failed",
        "statusDetails" : "AssertionError: Incorrect status code: 405",
        "time" : {
          "start" : 1759455794883,
          "stop" : 1759455795273,
          "duration" : 390
        }
      }, {
        "uid" : "45b1352a2b74c8f9",
        "reportUrl" : "https://lambotik.github.io/Oblache/520//#testresult/45b1352a2b74c8f9",
        "status" : "failed",
        "statusDetails" : "AssertionError: Incorrect status code: 405",
        "time" : {
          "start" : 1759369397804,
          "stop" : 1759369398125,
          "duration" : 321
        }
      }, {
        "uid" : "99cd67a72d12355e",
        "reportUrl" : "https://lambotik.github.io/Oblache/519//#testresult/99cd67a72d12355e",
        "status" : "failed",
        "statusDetails" : "AssertionError: Incorrect status code: 405",
        "time" : {
          "start" : 1759283721311,
          "stop" : 1759283721805,
          "duration" : 494
        }
      }, {
        "uid" : "db9041c6d535ec21",
        "reportUrl" : "https://lambotik.github.io/Oblache/518//#testresult/db9041c6d535ec21",
        "status" : "failed",
        "statusDetails" : "AssertionError: Incorrect status code: 405",
        "time" : {
          "start" : 1759196592858,
          "stop" : 1759196593204,
          "duration" : 346
        }
      }, {
        "uid" : "93bd06975ee6e017",
        "reportUrl" : "https://lambotik.github.io/Oblache/517//#testresult/93bd06975ee6e017",
        "status" : "failed",
        "statusDetails" : "AssertionError: Incorrect status code: 405",
        "time" : {
          "start" : 1759110492077,
          "stop" : 1759110492430,
          "duration" : 353
        }
      }, {
        "uid" : "f84ce944ee075e7a",
        "reportUrl" : "https://lambotik.github.io/Oblache/516//#testresult/f84ce944ee075e7a",
        "status" : "failed",
        "statusDetails" : "AssertionError: Incorrect status code: 405",
        "time" : {
          "start" : 1759024449891,
          "stop" : 1759024450291,
          "duration" : 400
        }
      } ]
    },
    "tags" : [ ]
  },
  "source" : "1df3f9eefea5bac3.json",
  "parameterValues" : [ ]
}