{
  "uid" : "93c1ceac12d24b8b",
  "name" : "POST checking ports_len negative symbols",
  "fullName" : "tests_api.test_bd.TestPOST#test_post_checking_ports_len_negative_symbols",
  "historyId" : "381cac88cc6f55198cae5b20cb94989e",
  "time" : {
    "start" : 1751073116292,
    "stop" : 1751073116600,
    "duration" : 308
  },
  "status" : "failed",
  "statusMessage" : "AssertionError: Result is not equal expected value",
  "statusTrace" : "self = <tests_api.test_bd.TestPOST object at 0x7fd88aa7cd40>\n\n    @allure.title('POST checking ports_len negative symbols')\n    def test_post_checking_ports_len_negative_symbols(self):\n        result = API.post_create_docker_container_checking_ports(\n            token=TestPOST.token,\n            port_len=\"qwert\")\n        Checking.check_status_code(result, 400)\n>       Checking.check_json_value(result, 'msg', \"msg[]: ports range isn't accepted\")\n\ntests_api/test_bd.py:399: \n_ _ _ _ _ _ _ _ _ _ _ _ _ _ _ _ _ _ _ _ _ _ _ _ _ _ _ _ _ _ _ _ _ _ _ _ _ _ _ _ \n\nresponse = <Response [400]>, field_name = 'msg'\nexpected_value = \"msg[]: ports range isn't accepted\"\n\n    @staticmethod\n    def check_json_value(response: requests.models.Response, field_name: str, expected_value):\n        \"\"\"\n        :param response: requests.models.Response\n        :param field_name:\n        :param expected_value:\n        \"\"\"\n        check = response.json()\n        check_info = check.get(field_name)\n        with allure.step(\n                f'Compare result request with expected value:'\n                f'\\nResponse: {response}\\nField name: {field_name}\\nValue: {expected_value}'):\n>           assert check_info == expected_value, 'Result is not equal expected value'\nE           AssertionError: Result is not equal expected value\n\ntests_api/utils/checking.py:57: AssertionError",
  "flaky" : false,
  "newFailed" : false,
  "beforeStages" : [ ],
  "testStage" : {
    "status" : "failed",
    "statusMessage" : "AssertionError: Result is not equal expected value",
    "statusTrace" : "self = <tests_api.test_bd.TestPOST object at 0x7fd88aa7cd40>\n\n    @allure.title('POST checking ports_len negative symbols')\n    def test_post_checking_ports_len_negative_symbols(self):\n        result = API.post_create_docker_container_checking_ports(\n            token=TestPOST.token,\n            port_len=\"qwert\")\n        Checking.check_status_code(result, 400)\n>       Checking.check_json_value(result, 'msg', \"msg[]: ports range isn't accepted\")\n\ntests_api/test_bd.py:399: \n_ _ _ _ _ _ _ _ _ _ _ _ _ _ _ _ _ _ _ _ _ _ _ _ _ _ _ _ _ _ _ _ _ _ _ _ _ _ _ _ \n\nresponse = <Response [400]>, field_name = 'msg'\nexpected_value = \"msg[]: ports range isn't accepted\"\n\n    @staticmethod\n    def check_json_value(response: requests.models.Response, field_name: str, expected_value):\n        \"\"\"\n        :param response: requests.models.Response\n        :param field_name:\n        :param expected_value:\n        \"\"\"\n        check = response.json()\n        check_info = check.get(field_name)\n        with allure.step(\n                f'Compare result request with expected value:'\n                f'\\nResponse: {response}\\nField name: {field_name}\\nValue: {expected_value}'):\n>           assert check_info == expected_value, 'Result is not equal expected value'\nE           AssertionError: Result is not equal expected value\n\ntests_api/utils/checking.py:57: AssertionError",
    "steps" : [ {
      "name" : "post_create_docker_container",
      "time" : {
        "start" : 1751073116292,
        "stop" : 1751073116600,
        "duration" : 308
      },
      "status" : "passed",
      "steps" : [ {
        "name" : "Endpoint: /container_create",
        "time" : {
          "start" : 1751073116600,
          "stop" : 1751073116600,
          "duration" : 0
        },
        "status" : "passed",
        "steps" : [ ],
        "attachments" : [ ],
        "parameters" : [ ],
        "stepsCount" : 0,
        "attachmentsCount" : 0,
        "shouldDisplayMessage" : false,
        "hasContent" : false
      }, {
        "name" : "Request:",
        "time" : {
          "start" : 1751073116600,
          "stop" : 1751073116600,
          "duration" : 0
        },
        "status" : "passed",
        "steps" : [ {
          "name" : "Headers: {'Content-Type': 'application/json', 'Authorization': {'2a3df4b6-e9a4-47d9-aae6-8e90b052a90d'}}",
          "time" : {
            "start" : 1751073116600,
            "stop" : 1751073116600,
            "duration" : 0
          },
          "status" : "passed",
          "steps" : [ ],
          "attachments" : [ ],
          "parameters" : [ ],
          "stepsCount" : 0,
          "attachmentsCount" : 0,
          "shouldDisplayMessage" : false,
          "hasContent" : false
        }, {
          "name" : "Body: {\"docker_image\": \"nginx\", \"int_ports\": f\"qwert\", \"env\": 3, \"region\": 3}",
          "time" : {
            "start" : 1751073116600,
            "stop" : 1751073116600,
            "duration" : 0
          },
          "status" : "passed",
          "steps" : [ ],
          "attachments" : [ ],
          "parameters" : [ ],
          "stepsCount" : 0,
          "attachmentsCount" : 0,
          "shouldDisplayMessage" : false,
          "hasContent" : false
        } ],
        "attachments" : [ ],
        "parameters" : [ ],
        "stepsCount" : 2,
        "attachmentsCount" : 0,
        "shouldDisplayMessage" : false,
        "hasContent" : true
      }, {
        "name" : "Response:",
        "time" : {
          "start" : 1751073116600,
          "stop" : 1751073116600,
          "duration" : 0
        },
        "status" : "passed",
        "steps" : [ {
          "name" : "Status code: 400",
          "time" : {
            "start" : 1751073116600,
            "stop" : 1751073116600,
            "duration" : 0
          },
          "status" : "passed",
          "steps" : [ ],
          "attachments" : [ ],
          "parameters" : [ ],
          "stepsCount" : 0,
          "attachmentsCount" : 0,
          "shouldDisplayMessage" : false,
          "hasContent" : false
        }, {
          "name" : "JSON: {\n    \"msg_code\": -1,\n    \"msg\": \"endpoint is disabled\"\n}\n",
          "time" : {
            "start" : 1751073116600,
            "stop" : 1751073116600,
            "duration" : 0
          },
          "status" : "passed",
          "steps" : [ ],
          "attachments" : [ ],
          "parameters" : [ ],
          "stepsCount" : 0,
          "attachmentsCount" : 0,
          "shouldDisplayMessage" : false,
          "hasContent" : false
        } ],
        "attachments" : [ ],
        "parameters" : [ ],
        "stepsCount" : 2,
        "attachmentsCount" : 0,
        "shouldDisplayMessage" : false,
        "hasContent" : true
      } ],
      "attachments" : [ ],
      "parameters" : [ ],
      "stepsCount" : 7,
      "attachmentsCount" : 0,
      "shouldDisplayMessage" : false,
      "hasContent" : true
    }, {
      "name" : "Assert status code: 400 == Response status code: 400",
      "time" : {
        "start" : 1751073116600,
        "stop" : 1751073116600,
        "duration" : 0
      },
      "status" : "passed",
      "steps" : [ ],
      "attachments" : [ ],
      "parameters" : [ ],
      "stepsCount" : 0,
      "attachmentsCount" : 0,
      "shouldDisplayMessage" : false,
      "hasContent" : false
    }, {
      "name" : "Compare result request with expected value:\nResponse: <Response [400]>\nField name: msg\nValue: msg[]: ports range isn't accepted",
      "time" : {
        "start" : 1751073116600,
        "stop" : 1751073116600,
        "duration" : 0
      },
      "status" : "failed",
      "statusMessage" : "AssertionError: Result is not equal expected value\n",
      "statusTrace" : "  File \"/home/runner/work/Oblache/Oblache/tests_api/utils/checking.py\", line 57, in check_json_value\n    assert check_info == expected_value, 'Result is not equal expected value'\n           ^^^^^^^^^^^^^^^^^^^^^^^^^^^^\n",
      "steps" : [ ],
      "attachments" : [ ],
      "parameters" : [ ],
      "stepsCount" : 0,
      "attachmentsCount" : 0,
      "shouldDisplayMessage" : true,
      "hasContent" : true
    } ],
    "attachments" : [ ],
    "parameters" : [ ],
    "stepsCount" : 10,
    "attachmentsCount" : 0,
    "shouldDisplayMessage" : true,
    "hasContent" : true
  },
  "afterStages" : [ ],
  "labels" : [ {
    "name" : "suite",
    "value" : "POST"
  }, {
    "name" : "parentSuite",
    "value" : "tests_api"
  }, {
    "name" : "subSuite",
    "value" : "TestPOST"
  }, {
    "name" : "host",
    "value" : "pkrvmbietmlfzoi"
  }, {
    "name" : "thread",
    "value" : "2567-MainThread"
  }, {
    "name" : "framework",
    "value" : "pytest"
  }, {
    "name" : "language",
    "value" : "cpython3"
  }, {
    "name" : "package",
    "value" : "tests_api.test_bd"
  }, {
    "name" : "resultFormat",
    "value" : "allure2"
  } ],
  "parameters" : [ ],
  "links" : [ ],
  "hidden" : false,
  "retry" : false,
  "extra" : {
    "severity" : "normal",
    "retries" : [ ],
    "categories" : [ {
      "name" : "Product defects",
      "matchedStatuses" : [ ],
      "flaky" : false
    } ],
    "history" : {
      "statistic" : {
        "failed" : 196,
        "broken" : 0,
        "skipped" : 0,
        "passed" : 36,
        "unknown" : 0,
        "total" : 232
      },
      "items" : [ {
        "uid" : "95966b66c768489f",
        "reportUrl" : "https://lambotik.github.io/Oblache/446//#testresult/95966b66c768489f",
        "status" : "failed",
        "statusDetails" : "AssertionError: Result is not equal expected value",
        "time" : {
          "start" : 1750986889030,
          "stop" : 1750986889556,
          "duration" : 526
        }
      }, {
        "uid" : "1640c477fd9d80af",
        "reportUrl" : "https://lambotik.github.io/Oblache/445//#testresult/1640c477fd9d80af",
        "status" : "failed",
        "statusDetails" : "AssertionError: Result is not equal expected value",
        "time" : {
          "start" : 1750900423737,
          "stop" : 1750900424107,
          "duration" : 370
        }
      }, {
        "uid" : "97536a1eaa030519",
        "reportUrl" : "https://lambotik.github.io/Oblache/444//#testresult/97536a1eaa030519",
        "status" : "failed",
        "statusDetails" : "AssertionError: Result is not equal expected value",
        "time" : {
          "start" : 1750814101986,
          "stop" : 1750814102484,
          "duration" : 498
        }
      }, {
        "uid" : "31ad85d65e5bd407",
        "reportUrl" : "https://lambotik.github.io/Oblache/443//#testresult/31ad85d65e5bd407",
        "status" : "failed",
        "statusDetails" : "AssertionError: Result is not equal expected value",
        "time" : {
          "start" : 1750727657515,
          "stop" : 1750727658023,
          "duration" : 508
        }
      }, {
        "uid" : "c5b55f0d71ac71ac",
        "reportUrl" : "https://lambotik.github.io/Oblache/442//#testresult/c5b55f0d71ac71ac",
        "status" : "failed",
        "statusDetails" : "AssertionError: Result is not equal expected value",
        "time" : {
          "start" : 1750641506035,
          "stop" : 1750641506544,
          "duration" : 509
        }
      }, {
        "uid" : "42df09bd947dba9c",
        "reportUrl" : "https://lambotik.github.io/Oblache/441//#testresult/42df09bd947dba9c",
        "status" : "failed",
        "statusDetails" : "AssertionError: Result is not equal expected value",
        "time" : {
          "start" : 1750555235773,
          "stop" : 1750555236277,
          "duration" : 504
        }
      }, {
        "uid" : "f45ef667ead7a460",
        "reportUrl" : "https://lambotik.github.io/Oblache/440//#testresult/f45ef667ead7a460",
        "status" : "failed",
        "statusDetails" : "AssertionError: Result is not equal expected value",
        "time" : {
          "start" : 1750468355893,
          "stop" : 1750468356426,
          "duration" : 533
        }
      }, {
        "uid" : "9c4de49a4406c7ee",
        "reportUrl" : "https://lambotik.github.io/Oblache/439//#testresult/9c4de49a4406c7ee",
        "status" : "failed",
        "statusDetails" : "AssertionError: Result is not equal expected value",
        "time" : {
          "start" : 1750382009043,
          "stop" : 1750382009530,
          "duration" : 487
        }
      }, {
        "uid" : "a0e1e542e12e9ae1",
        "reportUrl" : "https://lambotik.github.io/Oblache/438//#testresult/a0e1e542e12e9ae1",
        "status" : "failed",
        "statusDetails" : "AssertionError: Result is not equal expected value",
        "time" : {
          "start" : 1750295647050,
          "stop" : 1750295647558,
          "duration" : 508
        }
      }, {
        "uid" : "e800d0baddaa2098",
        "reportUrl" : "https://lambotik.github.io/Oblache/437//#testresult/e800d0baddaa2098",
        "status" : "failed",
        "statusDetails" : "AssertionError: Result is not equal expected value",
        "time" : {
          "start" : 1750209213530,
          "stop" : 1750209213843,
          "duration" : 313
        }
      }, {
        "uid" : "638dabe49c635e63",
        "reportUrl" : "https://lambotik.github.io/Oblache/436//#testresult/638dabe49c635e63",
        "status" : "failed",
        "statusDetails" : "AssertionError: Result is not equal expected value",
        "time" : {
          "start" : 1750122849558,
          "stop" : 1750122849914,
          "duration" : 356
        }
      }, {
        "uid" : "4bdff885cc692783",
        "reportUrl" : "https://lambotik.github.io/Oblache/435//#testresult/4bdff885cc692783",
        "status" : "failed",
        "statusDetails" : "AssertionError: Result is not equal expected value",
        "time" : {
          "start" : 1750036552208,
          "stop" : 1750036552506,
          "duration" : 298
        }
      }, {
        "uid" : "a22ba04f27ee5bfc",
        "reportUrl" : "https://lambotik.github.io/Oblache/434//#testresult/a22ba04f27ee5bfc",
        "status" : "failed",
        "statusDetails" : "AssertionError: Result is not equal expected value",
        "time" : {
          "start" : 1749950474472,
          "stop" : 1749950474787,
          "duration" : 315
        }
      }, {
        "uid" : "b1a9577a77d1a968",
        "reportUrl" : "https://lambotik.github.io/Oblache/433//#testresult/b1a9577a77d1a968",
        "status" : "failed",
        "statusDetails" : "AssertionError: Incorrect status code: 502",
        "time" : {
          "start" : 1749863469063,
          "stop" : 1749863469554,
          "duration" : 491
        }
      }, {
        "uid" : "83ff85c83fce36cd",
        "reportUrl" : "https://lambotik.github.io/Oblache/432//#testresult/83ff85c83fce36cd",
        "status" : "failed",
        "statusDetails" : "AssertionError: Incorrect status code: 502",
        "time" : {
          "start" : 1749777234368,
          "stop" : 1749777234702,
          "duration" : 334
        }
      }, {
        "uid" : "dc23079c395ca3e7",
        "reportUrl" : "https://lambotik.github.io/Oblache/431//#testresult/dc23079c395ca3e7",
        "status" : "failed",
        "statusDetails" : "AssertionError: Incorrect status code: 502",
        "time" : {
          "start" : 1749690774086,
          "stop" : 1749690774429,
          "duration" : 343
        }
      }, {
        "uid" : "a22ca9160ac2d9a5",
        "reportUrl" : "https://lambotik.github.io/Oblache/430//#testresult/a22ca9160ac2d9a5",
        "status" : "failed",
        "statusDetails" : "AssertionError: Incorrect status code: 502",
        "time" : {
          "start" : 1749604427958,
          "stop" : 1749604428303,
          "duration" : 345
        }
      }, {
        "uid" : "c85418f52b724a50",
        "reportUrl" : "https://lambotik.github.io/Oblache/429//#testresult/c85418f52b724a50",
        "status" : "failed",
        "statusDetails" : "AssertionError: Incorrect status code: 502",
        "time" : {
          "start" : 1749518065763,
          "stop" : 1749518066259,
          "duration" : 496
        }
      }, {
        "uid" : "62fb0516d84017f8",
        "reportUrl" : "https://lambotik.github.io/Oblache/428//#testresult/62fb0516d84017f8",
        "status" : "failed",
        "statusDetails" : "AssertionError: Incorrect status code: 502",
        "time" : {
          "start" : 1749431820056,
          "stop" : 1749431820397,
          "duration" : 341
        }
      }, {
        "uid" : "d616d32487ed86ef",
        "reportUrl" : "https://lambotik.github.io/Oblache/427//#testresult/d616d32487ed86ef",
        "status" : "failed",
        "statusDetails" : "AssertionError: Result is not equal expected value",
        "time" : {
          "start" : 1749345572570,
          "stop" : 1749345572883,
          "duration" : 313
        }
      } ]
    },
    "tags" : [ ]
  },
  "source" : "93c1ceac12d24b8b.json",
  "parameterValues" : [ ]
}