{
  "uid" : "e4a49b69e2bf812",
  "name" : "GET profile status.",
  "fullName" : "tests_api.test_bd.TestGET#test_get_status",
  "historyId" : "1db526b86e70a0d5647421e92bf453b9",
  "time" : {
    "start" : 1757296238112,
    "stop" : 1757296238694,
    "duration" : 582
  },
  "status" : "failed",
  "statusMessage" : "AssertionError: Incorrect status code: 502",
  "statusTrace" : "self = <tests_api.test_bd.TestGET object at 0x7fb1ef15b6b0>\n\n    @allure.title('GET profile status.')\n    def test_get_status(self):\n        response = API.get_status(token=TestGET.token)\n>       Checking.check_status_code(response, 200)\n\ntests_api/test_bd.py:103: \n_ _ _ _ _ _ _ _ _ _ _ _ _ _ _ _ _ _ _ _ _ _ _ _ _ _ _ _ _ _ _ _ _ _ _ _ _ _ _ _ \n\nresult = <Response [502]>, status_code = 200\n\n    @staticmethod\n    def check_status_code(result: requests.models.Response, status_code: int):\n        \"\"\"\n        Method check status code\n        :param result: Response\n        :param status_code:\n        \"\"\"\n        with allure.step(f'Assert status code: {status_code} == Response status code: {result.status_code}'):\n>           assert status_code == result.status_code, f'Incorrect status code: {result.status_code}'\nE           AssertionError: Incorrect status code: 502\n\ntests_api/utils/checking.py:16: AssertionError",
  "flaky" : false,
  "newFailed" : false,
  "beforeStages" : [ ],
  "testStage" : {
    "status" : "failed",
    "statusMessage" : "AssertionError: Incorrect status code: 502",
    "statusTrace" : "self = <tests_api.test_bd.TestGET object at 0x7fb1ef15b6b0>\n\n    @allure.title('GET profile status.')\n    def test_get_status(self):\n        response = API.get_status(token=TestGET.token)\n>       Checking.check_status_code(response, 200)\n\ntests_api/test_bd.py:103: \n_ _ _ _ _ _ _ _ _ _ _ _ _ _ _ _ _ _ _ _ _ _ _ _ _ _ _ _ _ _ _ _ _ _ _ _ _ _ _ _ \n\nresult = <Response [502]>, status_code = 200\n\n    @staticmethod\n    def check_status_code(result: requests.models.Response, status_code: int):\n        \"\"\"\n        Method check status code\n        :param result: Response\n        :param status_code:\n        \"\"\"\n        with allure.step(f'Assert status code: {status_code} == Response status code: {result.status_code}'):\n>           assert status_code == result.status_code, f'Incorrect status code: {result.status_code}'\nE           AssertionError: Incorrect status code: 502\n\ntests_api/utils/checking.py:16: AssertionError",
    "steps" : [ {
      "name" : "Endpoint: /get_profile",
      "time" : {
        "start" : 1757296238694,
        "stop" : 1757296238694,
        "duration" : 0
      },
      "status" : "passed",
      "steps" : [ ],
      "attachments" : [ ],
      "parameters" : [ ],
      "stepsCount" : 0,
      "attachmentsCount" : 0,
      "shouldDisplayMessage" : false,
      "hasContent" : false
    }, {
      "name" : "Request:",
      "time" : {
        "start" : 1757296238694,
        "stop" : 1757296238694,
        "duration" : 0
      },
      "status" : "passed",
      "steps" : [ {
        "name" : "Headers: {'Content-Type': 'application/json', 'Authorization': 'None'}",
        "time" : {
          "start" : 1757296238694,
          "stop" : 1757296238694,
          "duration" : 0
        },
        "status" : "passed",
        "steps" : [ ],
        "attachments" : [ ],
        "parameters" : [ ],
        "stepsCount" : 0,
        "attachmentsCount" : 0,
        "shouldDisplayMessage" : false,
        "hasContent" : false
      }, {
        "name" : "\n            Body: {\n            \"queue_db_create_orders\": 3,\n            \"queue_db_delete_orders\": 1,\n            \"number_of_stuck_tasks\": 0\n           }",
        "time" : {
          "start" : 1757296238694,
          "stop" : 1757296238694,
          "duration" : 0
        },
        "status" : "passed",
        "steps" : [ ],
        "attachments" : [ ],
        "parameters" : [ ],
        "stepsCount" : 0,
        "attachmentsCount" : 0,
        "shouldDisplayMessage" : false,
        "hasContent" : false
      } ],
      "attachments" : [ ],
      "parameters" : [ ],
      "stepsCount" : 2,
      "attachmentsCount" : 0,
      "shouldDisplayMessage" : false,
      "hasContent" : true
    }, {
      "name" : "Response:",
      "time" : {
        "start" : 1757296238694,
        "stop" : 1757296238694,
        "duration" : 0
      },
      "status" : "passed",
      "steps" : [ {
        "name" : "Status code: 502",
        "time" : {
          "start" : 1757296238694,
          "stop" : 1757296238694,
          "duration" : 0
        },
        "status" : "passed",
        "steps" : [ ],
        "attachments" : [ ],
        "parameters" : [ ],
        "stepsCount" : 0,
        "attachmentsCount" : 0,
        "shouldDisplayMessage" : false,
        "hasContent" : false
      }, {
        "name" : "JSON: <html>\r\n<head><title>502 Bad Gateway</title></head>\r\n<body>\r\n<center><h1>502 Bad Gateway</h1></center>\r\n<hr><center>nginx/1.18.0 (Ubuntu)</center>\r\n</body>\r\n</html>\r\n",
        "time" : {
          "start" : 1757296238694,
          "stop" : 1757296238694,
          "duration" : 0
        },
        "status" : "passed",
        "steps" : [ ],
        "attachments" : [ ],
        "parameters" : [ ],
        "stepsCount" : 0,
        "attachmentsCount" : 0,
        "shouldDisplayMessage" : false,
        "hasContent" : false
      } ],
      "attachments" : [ ],
      "parameters" : [ ],
      "stepsCount" : 2,
      "attachmentsCount" : 0,
      "shouldDisplayMessage" : false,
      "hasContent" : true
    }, {
      "name" : "Assert status code: 200 == Response status code: 502",
      "time" : {
        "start" : 1757296238694,
        "stop" : 1757296238694,
        "duration" : 0
      },
      "status" : "failed",
      "statusMessage" : "AssertionError: Incorrect status code: 502\n",
      "statusTrace" : "  File \"/home/runner/work/Oblache/Oblache/tests_api/utils/checking.py\", line 16, in check_status_code\n    assert status_code == result.status_code, f'Incorrect status code: {result.status_code}'\n           ^^^^^^^^^^^^^^^^^^^^^^^^^^^^^^^^^\n",
      "steps" : [ ],
      "attachments" : [ ],
      "parameters" : [ ],
      "stepsCount" : 0,
      "attachmentsCount" : 0,
      "shouldDisplayMessage" : true,
      "hasContent" : true
    } ],
    "attachments" : [ ],
    "parameters" : [ ],
    "stepsCount" : 8,
    "attachmentsCount" : 0,
    "shouldDisplayMessage" : true,
    "hasContent" : true
  },
  "afterStages" : [ ],
  "labels" : [ {
    "name" : "suite",
    "value" : "GET"
  }, {
    "name" : "parentSuite",
    "value" : "tests_api"
  }, {
    "name" : "subSuite",
    "value" : "TestGET"
  }, {
    "name" : "host",
    "value" : "pkrvm7jw40e0xgp"
  }, {
    "name" : "thread",
    "value" : "2573-MainThread"
  }, {
    "name" : "framework",
    "value" : "pytest"
  }, {
    "name" : "language",
    "value" : "cpython3"
  }, {
    "name" : "package",
    "value" : "tests_api.test_bd"
  }, {
    "name" : "resultFormat",
    "value" : "allure2"
  } ],
  "parameters" : [ ],
  "links" : [ ],
  "hidden" : false,
  "retry" : false,
  "extra" : {
    "severity" : "normal",
    "retries" : [ ],
    "categories" : [ {
      "name" : "Product defects",
      "matchedStatuses" : [ ],
      "flaky" : false
    } ],
    "history" : {
      "statistic" : {
        "failed" : 260,
        "broken" : 0,
        "skipped" : 0,
        "passed" : 21,
        "unknown" : 0,
        "total" : 281
      },
      "items" : [ {
        "uid" : "2de49076dc35c006",
        "reportUrl" : "https://lambotik.github.io/Oblache/495//#testresult/2de49076dc35c006",
        "status" : "failed",
        "statusDetails" : "AssertionError: Incorrect status code: 405",
        "time" : {
          "start" : 1757209834197,
          "stop" : 1757209834530,
          "duration" : 333
        }
      }, {
        "uid" : "3cb701e7073a4c5f",
        "reportUrl" : "https://lambotik.github.io/Oblache/494//#testresult/3cb701e7073a4c5f",
        "status" : "failed",
        "statusDetails" : "AssertionError: Incorrect status code: 405",
        "time" : {
          "start" : 1757122916229,
          "stop" : 1757122916617,
          "duration" : 388
        }
      }, {
        "uid" : "a25490a175b0aca9",
        "reportUrl" : "https://lambotik.github.io/Oblache/493//#testresult/a25490a175b0aca9",
        "status" : "failed",
        "statusDetails" : "AssertionError: Incorrect status code: 405",
        "time" : {
          "start" : 1757036714869,
          "stop" : 1757036715362,
          "duration" : 493
        }
      }, {
        "uid" : "359eabf4607e0e49",
        "reportUrl" : "https://lambotik.github.io/Oblache/492//#testresult/359eabf4607e0e49",
        "status" : "failed",
        "statusDetails" : "AssertionError: Incorrect status code: 405",
        "time" : {
          "start" : 1756950170592,
          "stop" : 1756950171080,
          "duration" : 488
        }
      }, {
        "uid" : "12bb45fc2692d8f7",
        "reportUrl" : "https://lambotik.github.io/Oblache/491//#testresult/12bb45fc2692d8f7",
        "status" : "failed",
        "statusDetails" : "AssertionError: Incorrect status code: 405",
        "time" : {
          "start" : 1756863748797,
          "stop" : 1756863749172,
          "duration" : 375
        }
      }, {
        "uid" : "c81f3fbbfdf04a11",
        "reportUrl" : "https://lambotik.github.io/Oblache/490//#testresult/c81f3fbbfdf04a11",
        "status" : "failed",
        "statusDetails" : "AssertionError: Incorrect status code: 405",
        "time" : {
          "start" : 1756777756024,
          "stop" : 1756777756395,
          "duration" : 371
        }
      }, {
        "uid" : "417e5d3cc2db5e96",
        "reportUrl" : "https://lambotik.github.io/Oblache/489//#testresult/417e5d3cc2db5e96",
        "status" : "failed",
        "statusDetails" : "AssertionError: Incorrect status code: 405",
        "time" : {
          "start" : 1756692187734,
          "stop" : 1756692188178,
          "duration" : 444
        }
      }, {
        "uid" : "95dc7e0f55473e5e",
        "reportUrl" : "https://lambotik.github.io/Oblache/488//#testresult/95dc7e0f55473e5e",
        "status" : "failed",
        "statusDetails" : "AssertionError: Incorrect status code: 405",
        "time" : {
          "start" : 1756605178114,
          "stop" : 1756605178574,
          "duration" : 460
        }
      }, {
        "uid" : "6b6f0e78e621ced9",
        "reportUrl" : "https://lambotik.github.io/Oblache/487//#testresult/6b6f0e78e621ced9",
        "status" : "failed",
        "statusDetails" : "AssertionError: Incorrect status code: 502",
        "time" : {
          "start" : 1756518146867,
          "stop" : 1756518147146,
          "duration" : 279
        }
      }, {
        "uid" : "bccdbfa211201ea6",
        "reportUrl" : "https://lambotik.github.io/Oblache/486//#testresult/bccdbfa211201ea6",
        "status" : "failed",
        "statusDetails" : "AssertionError: Incorrect status code: 405",
        "time" : {
          "start" : 1756432052913,
          "stop" : 1756432053258,
          "duration" : 345
        }
      }, {
        "uid" : "f1c5642041e0573e",
        "reportUrl" : "https://lambotik.github.io/Oblache/485//#testresult/f1c5642041e0573e",
        "status" : "failed",
        "statusDetails" : "AssertionError: Incorrect status code: 405",
        "time" : {
          "start" : 1756345664036,
          "stop" : 1756345664332,
          "duration" : 296
        }
      }, {
        "uid" : "d8b732e7a8e5134b",
        "reportUrl" : "https://lambotik.github.io/Oblache/484//#testresult/d8b732e7a8e5134b",
        "status" : "failed",
        "statusDetails" : "AssertionError: Incorrect status code: 405",
        "time" : {
          "start" : 1756259308903,
          "stop" : 1756259309186,
          "duration" : 283
        }
      }, {
        "uid" : "8b8d2038a92f2120",
        "reportUrl" : "https://lambotik.github.io/Oblache/483//#testresult/8b8d2038a92f2120",
        "status" : "failed",
        "statusDetails" : "AssertionError: Incorrect status code: 405",
        "time" : {
          "start" : 1756173123568,
          "stop" : 1756173124026,
          "duration" : 458
        }
      }, {
        "uid" : "cbb08bdeb26b924b",
        "reportUrl" : "https://lambotik.github.io/Oblache/482//#testresult/cbb08bdeb26b924b",
        "status" : "failed",
        "statusDetails" : "AssertionError: Incorrect status code: 405",
        "time" : {
          "start" : 1756086948059,
          "stop" : 1756086948533,
          "duration" : 474
        }
      }, {
        "uid" : "9fb54a9ff5e3e275",
        "reportUrl" : "https://lambotik.github.io/Oblache/481//#testresult/9fb54a9ff5e3e275",
        "status" : "failed",
        "statusDetails" : "AssertionError: Incorrect status code: 405",
        "time" : {
          "start" : 1756000907474,
          "stop" : 1756000907933,
          "duration" : 459
        }
      }, {
        "uid" : "4b1fdb9da3617ce1",
        "reportUrl" : "https://lambotik.github.io/Oblache/480//#testresult/4b1fdb9da3617ce1",
        "status" : "failed",
        "statusDetails" : "AssertionError: Incorrect status code: 405",
        "time" : {
          "start" : 1755913617597,
          "stop" : 1755913617877,
          "duration" : 280
        }
      }, {
        "uid" : "8de9b39f6a5ebc25",
        "reportUrl" : "https://lambotik.github.io/Oblache/479//#testresult/8de9b39f6a5ebc25",
        "status" : "failed",
        "statusDetails" : "AssertionError: Incorrect status code: 405",
        "time" : {
          "start" : 1755827457819,
          "stop" : 1755827458109,
          "duration" : 290
        }
      }, {
        "uid" : "6562a953e215e86f",
        "reportUrl" : "https://lambotik.github.io/Oblache/478//#testresult/6562a953e215e86f",
        "status" : "failed",
        "statusDetails" : "AssertionError: Incorrect status code: 405",
        "time" : {
          "start" : 1755741002336,
          "stop" : 1755741002698,
          "duration" : 362
        }
      }, {
        "uid" : "b9dd35b834ee3aac",
        "reportUrl" : "https://lambotik.github.io/Oblache/477//#testresult/b9dd35b834ee3aac",
        "status" : "failed",
        "statusDetails" : "AssertionError: Incorrect status code: 405",
        "time" : {
          "start" : 1755654695771,
          "stop" : 1755654696049,
          "duration" : 278
        }
      }, {
        "uid" : "4abd6fc788df84bd",
        "reportUrl" : "https://lambotik.github.io/Oblache/476//#testresult/4abd6fc788df84bd",
        "status" : "failed",
        "statusDetails" : "AssertionError: Incorrect status code: 405",
        "time" : {
          "start" : 1755568415348,
          "stop" : 1755568415724,
          "duration" : 376
        }
      } ]
    },
    "tags" : [ ]
  },
  "source" : "e4a49b69e2bf812.json",
  "parameterValues" : [ ]
}