{
  "uid" : "64bf90c72252e57a",
  "name" : "POST checking ports_len negative symbols",
  "fullName" : "tests_api.test_bd.TestPOST#test_post_checking_ports_len_negative_symbols",
  "historyId" : "381cac88cc6f55198cae5b20cb94989e",
  "time" : {
    "start" : 1742346377229,
    "stop" : 1742346377701,
    "duration" : 472
  },
  "status" : "failed",
  "statusMessage" : "AssertionError: Result is not equal expected value",
  "statusTrace" : "self = <tests_api.test_bd.TestPOST object at 0x7f3382e17530>\n\n    @allure.title('POST checking ports_len negative symbols')\n    def test_post_checking_ports_len_negative_symbols(self):\n        result = API.post_create_docker_container_checking_ports(\n            token=TestPOST.token,\n            port_len=\"qwert\")\n        Checking.check_status_code(result, 400)\n>       Checking.check_json_value(result, 'msg', \"msg[]: ports range isn't accepted\")\n\ntests_api/test_bd.py:399: \n_ _ _ _ _ _ _ _ _ _ _ _ _ _ _ _ _ _ _ _ _ _ _ _ _ _ _ _ _ _ _ _ _ _ _ _ _ _ _ _ \n\nresponse = <Response [400]>, field_name = 'msg'\nexpected_value = \"msg[]: ports range isn't accepted\"\n\n    @staticmethod\n    def check_json_value(response: requests.models.Response, field_name: str, expected_value):\n        \"\"\"\n        :param response: requests.models.Response\n        :param field_name:\n        :param expected_value:\n        \"\"\"\n        check = response.json()\n        check_info = check.get(field_name)\n        with allure.step(\n                f'Compare result request with expected value:'\n                f'\\nResponse: {response}\\nField name: {field_name}\\nValue: {expected_value}'):\n>           assert check_info == expected_value, 'Result is not equal expected value'\nE           AssertionError: Result is not equal expected value\n\ntests_api/utils/checking.py:57: AssertionError",
  "flaky" : false,
  "newFailed" : false,
  "beforeStages" : [ ],
  "testStage" : {
    "status" : "failed",
    "statusMessage" : "AssertionError: Result is not equal expected value",
    "statusTrace" : "self = <tests_api.test_bd.TestPOST object at 0x7f3382e17530>\n\n    @allure.title('POST checking ports_len negative symbols')\n    def test_post_checking_ports_len_negative_symbols(self):\n        result = API.post_create_docker_container_checking_ports(\n            token=TestPOST.token,\n            port_len=\"qwert\")\n        Checking.check_status_code(result, 400)\n>       Checking.check_json_value(result, 'msg', \"msg[]: ports range isn't accepted\")\n\ntests_api/test_bd.py:399: \n_ _ _ _ _ _ _ _ _ _ _ _ _ _ _ _ _ _ _ _ _ _ _ _ _ _ _ _ _ _ _ _ _ _ _ _ _ _ _ _ \n\nresponse = <Response [400]>, field_name = 'msg'\nexpected_value = \"msg[]: ports range isn't accepted\"\n\n    @staticmethod\n    def check_json_value(response: requests.models.Response, field_name: str, expected_value):\n        \"\"\"\n        :param response: requests.models.Response\n        :param field_name:\n        :param expected_value:\n        \"\"\"\n        check = response.json()\n        check_info = check.get(field_name)\n        with allure.step(\n                f'Compare result request with expected value:'\n                f'\\nResponse: {response}\\nField name: {field_name}\\nValue: {expected_value}'):\n>           assert check_info == expected_value, 'Result is not equal expected value'\nE           AssertionError: Result is not equal expected value\n\ntests_api/utils/checking.py:57: AssertionError",
    "steps" : [ {
      "name" : "post_create_docker_container",
      "time" : {
        "start" : 1742346377229,
        "stop" : 1742346377701,
        "duration" : 472
      },
      "status" : "passed",
      "steps" : [ {
        "name" : "Endpoint: /container_create",
        "time" : {
          "start" : 1742346377701,
          "stop" : 1742346377701,
          "duration" : 0
        },
        "status" : "passed",
        "steps" : [ ],
        "attachments" : [ ],
        "parameters" : [ ],
        "stepsCount" : 0,
        "attachmentsCount" : 0,
        "shouldDisplayMessage" : false,
        "hasContent" : false
      }, {
        "name" : "Request:",
        "time" : {
          "start" : 1742346377701,
          "stop" : 1742346377701,
          "duration" : 0
        },
        "status" : "passed",
        "steps" : [ {
          "name" : "Headers: {'Content-Type': 'application/json', 'Authorization': '5cd68cd3-b6ed-4377-b028-fce8bb10cadd'}",
          "time" : {
            "start" : 1742346377701,
            "stop" : 1742346377701,
            "duration" : 0
          },
          "status" : "passed",
          "steps" : [ ],
          "attachments" : [ ],
          "parameters" : [ ],
          "stepsCount" : 0,
          "attachmentsCount" : 0,
          "shouldDisplayMessage" : false,
          "hasContent" : false
        }, {
          "name" : "Body: {\"docker_image\": \"nginx\", \"int_ports\": f\"qwert\", \"env\": 3, \"region\": 3}",
          "time" : {
            "start" : 1742346377701,
            "stop" : 1742346377701,
            "duration" : 0
          },
          "status" : "passed",
          "steps" : [ ],
          "attachments" : [ ],
          "parameters" : [ ],
          "stepsCount" : 0,
          "attachmentsCount" : 0,
          "shouldDisplayMessage" : false,
          "hasContent" : false
        } ],
        "attachments" : [ ],
        "parameters" : [ ],
        "stepsCount" : 2,
        "attachmentsCount" : 0,
        "shouldDisplayMessage" : false,
        "hasContent" : true
      }, {
        "name" : "Response:",
        "time" : {
          "start" : 1742346377701,
          "stop" : 1742346377701,
          "duration" : 0
        },
        "status" : "passed",
        "steps" : [ {
          "name" : "Status code: 400",
          "time" : {
            "start" : 1742346377701,
            "stop" : 1742346377701,
            "duration" : 0
          },
          "status" : "passed",
          "steps" : [ ],
          "attachments" : [ ],
          "parameters" : [ ],
          "stepsCount" : 0,
          "attachmentsCount" : 0,
          "shouldDisplayMessage" : false,
          "hasContent" : false
        }, {
          "name" : "JSON: {\n    \"msg_code\": -1,\n    \"msg\": \"endpoint is disabled\"\n}\n",
          "time" : {
            "start" : 1742346377701,
            "stop" : 1742346377701,
            "duration" : 0
          },
          "status" : "passed",
          "steps" : [ ],
          "attachments" : [ ],
          "parameters" : [ ],
          "stepsCount" : 0,
          "attachmentsCount" : 0,
          "shouldDisplayMessage" : false,
          "hasContent" : false
        } ],
        "attachments" : [ ],
        "parameters" : [ ],
        "stepsCount" : 2,
        "attachmentsCount" : 0,
        "shouldDisplayMessage" : false,
        "hasContent" : true
      } ],
      "attachments" : [ ],
      "parameters" : [ ],
      "stepsCount" : 7,
      "attachmentsCount" : 0,
      "shouldDisplayMessage" : false,
      "hasContent" : true
    }, {
      "name" : "Assert status code: 400 == Response status code: 400",
      "time" : {
        "start" : 1742346377701,
        "stop" : 1742346377701,
        "duration" : 0
      },
      "status" : "passed",
      "steps" : [ ],
      "attachments" : [ ],
      "parameters" : [ ],
      "stepsCount" : 0,
      "attachmentsCount" : 0,
      "shouldDisplayMessage" : false,
      "hasContent" : false
    }, {
      "name" : "Compare result request with expected value:\nResponse: <Response [400]>\nField name: msg\nValue: msg[]: ports range isn't accepted",
      "time" : {
        "start" : 1742346377701,
        "stop" : 1742346377701,
        "duration" : 0
      },
      "status" : "failed",
      "statusMessage" : "AssertionError: Result is not equal expected value\n",
      "statusTrace" : "  File \"/home/runner/work/Oblache/Oblache/tests_api/utils/checking.py\", line 57, in check_json_value\n    assert check_info == expected_value, 'Result is not equal expected value'\n           ^^^^^^^^^^^^^^^^^^^^^^^^^^^^\n",
      "steps" : [ ],
      "attachments" : [ ],
      "parameters" : [ ],
      "stepsCount" : 0,
      "attachmentsCount" : 0,
      "shouldDisplayMessage" : true,
      "hasContent" : true
    } ],
    "attachments" : [ ],
    "parameters" : [ ],
    "stepsCount" : 10,
    "attachmentsCount" : 0,
    "shouldDisplayMessage" : true,
    "hasContent" : true
  },
  "afterStages" : [ ],
  "labels" : [ {
    "name" : "suite",
    "value" : "POST"
  }, {
    "name" : "parentSuite",
    "value" : "tests_api"
  }, {
    "name" : "subSuite",
    "value" : "TestPOST"
  }, {
    "name" : "host",
    "value" : "fv-az1068-32"
  }, {
    "name" : "thread",
    "value" : "2531-MainThread"
  }, {
    "name" : "framework",
    "value" : "pytest"
  }, {
    "name" : "language",
    "value" : "cpython3"
  }, {
    "name" : "package",
    "value" : "tests_api.test_bd"
  }, {
    "name" : "resultFormat",
    "value" : "allure2"
  } ],
  "parameters" : [ ],
  "links" : [ ],
  "hidden" : false,
  "retry" : false,
  "extra" : {
    "severity" : "normal",
    "retries" : [ ],
    "categories" : [ {
      "name" : "Product defects",
      "matchedStatuses" : [ ],
      "flaky" : false
    } ],
    "history" : {
      "statistic" : {
        "failed" : 98,
        "broken" : 0,
        "skipped" : 0,
        "passed" : 36,
        "unknown" : 0,
        "total" : 134
      },
      "items" : [ {
        "uid" : "acd6771b4a0965da",
        "reportUrl" : "https://lambotik.github.io/Oblache/345//#testresult/acd6771b4a0965da",
        "status" : "failed",
        "statusDetails" : "AssertionError: Result is not equal expected value",
        "time" : {
          "start" : 1742259934785,
          "stop" : 1742259935278,
          "duration" : 493
        }
      }, {
        "uid" : "6e846480e0fdee2",
        "reportUrl" : "https://lambotik.github.io/Oblache/344//#testresult/6e846480e0fdee2",
        "status" : "failed",
        "statusDetails" : "AssertionError: Result is not equal expected value",
        "time" : {
          "start" : 1742173652917,
          "stop" : 1742173653219,
          "duration" : 302
        }
      }, {
        "uid" : "770a4d164375cd5d",
        "reportUrl" : "https://lambotik.github.io/Oblache/343//#testresult/770a4d164375cd5d",
        "status" : "failed",
        "statusDetails" : "AssertionError: Result is not equal expected value",
        "time" : {
          "start" : 1742087463904,
          "stop" : 1742087464398,
          "duration" : 494
        }
      }, {
        "uid" : "80ccbea33d5cc723",
        "reportUrl" : "https://lambotik.github.io/Oblache/342//#testresult/80ccbea33d5cc723",
        "status" : "failed",
        "statusDetails" : "AssertionError: Result is not equal expected value",
        "time" : {
          "start" : 1742000636779,
          "stop" : 1742000637101,
          "duration" : 322
        }
      }, {
        "uid" : "e57ae20112817ba9",
        "reportUrl" : "https://lambotik.github.io/Oblache/341//#testresult/e57ae20112817ba9",
        "status" : "failed",
        "statusDetails" : "AssertionError: Result is not equal expected value",
        "time" : {
          "start" : 1741914277466,
          "stop" : 1741914277777,
          "duration" : 311
        }
      }, {
        "uid" : "12e8fb2d654de6f9",
        "reportUrl" : "https://lambotik.github.io/Oblache/340//#testresult/12e8fb2d654de6f9",
        "status" : "failed",
        "statusDetails" : "AssertionError: Result is not equal expected value",
        "time" : {
          "start" : 1741827945215,
          "stop" : 1741827945716,
          "duration" : 501
        }
      }, {
        "uid" : "378cb2e96c0c831c",
        "reportUrl" : "https://lambotik.github.io/Oblache/339//#testresult/378cb2e96c0c831c",
        "status" : "failed",
        "statusDetails" : "AssertionError: Result is not equal expected value",
        "time" : {
          "start" : 1741741483528,
          "stop" : 1741741484016,
          "duration" : 488
        }
      }, {
        "uid" : "7a843cf3d643a38f",
        "reportUrl" : "https://lambotik.github.io/Oblache/338//#testresult/7a843cf3d643a38f",
        "status" : "failed",
        "statusDetails" : "AssertionError: Result is not equal expected value",
        "time" : {
          "start" : 1741655116197,
          "stop" : 1741655116500,
          "duration" : 303
        }
      }, {
        "uid" : "c6dd6ac6e12c41de",
        "reportUrl" : "https://lambotik.github.io/Oblache/337//#testresult/c6dd6ac6e12c41de",
        "status" : "failed",
        "statusDetails" : "AssertionError: Result is not equal expected value",
        "time" : {
          "start" : 1741568142549,
          "stop" : 1741568143064,
          "duration" : 515
        }
      }, {
        "uid" : "f6a4d0005d4e2b1c",
        "reportUrl" : "https://lambotik.github.io/Oblache/336//#testresult/f6a4d0005d4e2b1c",
        "status" : "failed",
        "statusDetails" : "AssertionError: Result is not equal expected value",
        "time" : {
          "start" : 1741481800664,
          "stop" : 1741481800968,
          "duration" : 304
        }
      }, {
        "uid" : "c4e64c0ae32efce7",
        "reportUrl" : "https://lambotik.github.io/Oblache/335//#testresult/c4e64c0ae32efce7",
        "status" : "failed",
        "statusDetails" : "AssertionError: Result is not equal expected value",
        "time" : {
          "start" : 1741395125675,
          "stop" : 1741395125992,
          "duration" : 317
        }
      }, {
        "uid" : "9833b85794e1688c",
        "reportUrl" : "https://lambotik.github.io/Oblache/334//#testresult/9833b85794e1688c",
        "status" : "failed",
        "statusDetails" : "AssertionError: Result is not equal expected value",
        "time" : {
          "start" : 1741309528857,
          "stop" : 1741309529391,
          "duration" : 534
        }
      }, {
        "uid" : "4a5602310d18fd81",
        "reportUrl" : "https://lambotik.github.io/Oblache/23//#testresult/4a5602310d18fd81",
        "status" : "failed",
        "statusDetails" : "AssertionError: Result is not equal expected value",
        "time" : {
          "start" : 1741273264709,
          "stop" : 1741273265227,
          "duration" : 518
        }
      }, {
        "uid" : "61019424066d7c3e",
        "reportUrl" : "https://lambotik.github.io/Oblache/22//#testresult/61019424066d7c3e",
        "status" : "failed",
        "statusDetails" : "AssertionError: Result is not equal expected value",
        "time" : {
          "start" : 1741273016668,
          "stop" : 1741273016985,
          "duration" : 317
        }
      }, {
        "uid" : "5076efe25a13a430",
        "reportUrl" : "https://lambotik.github.io/Oblache/21//#testresult/5076efe25a13a430",
        "status" : "failed",
        "statusDetails" : "AssertionError: Result is not equal expected value",
        "time" : {
          "start" : 1741272404039,
          "stop" : 1741272404355,
          "duration" : 316
        }
      }, {
        "uid" : "2c66589e3a541673",
        "reportUrl" : "https://lambotik.github.io/Oblache/20//#testresult/2c66589e3a541673",
        "status" : "failed",
        "statusDetails" : "AssertionError: Result is not equal expected value",
        "time" : {
          "start" : 1741271081317,
          "stop" : 1741271081836,
          "duration" : 519
        }
      }, {
        "uid" : "31e89b0d8268d0d",
        "reportUrl" : "https://lambotik.github.io/Oblache/19//#testresult/31e89b0d8268d0d",
        "status" : "failed",
        "statusDetails" : "AssertionError: Result is not equal expected value",
        "time" : {
          "start" : 1741270262798,
          "stop" : 1741270263328,
          "duration" : 530
        }
      }, {
        "uid" : "25998654d29c68c3",
        "reportUrl" : "https://lambotik.github.io/Oblache/333//#testresult/25998654d29c68c3",
        "status" : "failed",
        "statusDetails" : "AssertionError: Result is not equal expected value",
        "time" : {
          "start" : 1741223078995,
          "stop" : 1741223079298,
          "duration" : 303
        }
      }, {
        "uid" : "b49af8b1da281cb3",
        "reportUrl" : "https://lambotik.github.io/Oblache/332//#testresult/b49af8b1da281cb3",
        "status" : "failed",
        "statusDetails" : "AssertionError: Result is not equal expected value",
        "time" : {
          "start" : 1741136679597,
          "stop" : 1741136679980,
          "duration" : 383
        }
      }, {
        "uid" : "b381b097eb09b35c",
        "reportUrl" : "https://lambotik.github.io/Oblache/331//#testresult/b381b097eb09b35c",
        "status" : "failed",
        "statusDetails" : "AssertionError: Result is not equal expected value",
        "time" : {
          "start" : 1741050276151,
          "stop" : 1741050276485,
          "duration" : 334
        }
      } ]
    },
    "tags" : [ ]
  },
  "source" : "64bf90c72252e57a.json",
  "parameterValues" : [ ]
}