{
  "uid" : "7a37291e58a32e11",
  "name" : "test_open_static_site_page",
  "fullName" : "tests_ui.test_ui.TestProfilePage#test_open_statistic_page",
  "historyId" : "d5ae1e2d5dedc1997262906d6ec2db80",
  "time" : {
    "start" : 1756173178262,
    "stop" : 1756173183617,
    "duration" : 5355
  },
  "status" : "broken",
  "statusMessage" : "selenium.common.exceptions.TimeoutException: Message: Can't find element by locator ('xpath', '//button[@id=\"menu_button_webpages\"]')\nStacktrace:\n#0 0x5564202a401a <unknown>\n#1 0x55641fd43a70 <unknown>\n#2 0x55641fd95907 <unknown>\n#3 0x55641fd95b01 <unknown>\n#4 0x55641fde3d54 <unknown>\n#5 0x55641fdbb40d <unknown>\n#6 0x55641fde114f <unknown>\n#7 0x55641fdbb1b3 <unknown>\n#8 0x55641fd8759b <unknown>\n#9 0x55641fd88971 <unknown>\n#10 0x5564202691eb <unknown>\n#11 0x55642026cf39 <unknown>\n#12 0x5564202502c9 <unknown>\n#13 0x55642026dae8 <unknown>\n#14 0x556420234baf <unknown>\n#15 0x5564202910a8 <unknown>\n#16 0x556420291286 <unknown>\n#17 0x5564202a2ff6 <unknown>\n#18 0x7fdbf1e9caa4 <unknown>\n#19 0x7fdbf1f29c3c <unknown>",
  "statusTrace" : "self = <tests_ui.test_ui.TestProfilePage object at 0x7fa64f3684a0>\ndriver = <selenium.webdriver.chrome.webdriver.WebDriver (session=\"53fcd152e57bbd140503e18756cd3564\")>\nauthorization_user = None\n\n    @allure.title('test_open_static_site_page')\n    def test_open_statistic_page(self, driver, authorization_user):\n        page = ProfilePage(driver)\n>       page.click_static_site_button()\n\ntests_ui/test_ui.py:69: \n_ _ _ _ _ _ _ _ _ _ _ _ _ _ _ _ _ _ _ _ _ _ _ _ _ _ _ _ _ _ _ _ _ _ _ _ _ _ _ _ \ntests_ui/profile_page.py:40: in click_static_site_button\n    return self.element_is_present_and_clickable(self.locators.STATIC_BUTTON).click()\ntests_ui/base_page.py:28: in element_is_present_and_clickable\n    return (Wait(self.driver, self.timeout).until(\n_ _ _ _ _ _ _ _ _ _ _ _ _ _ _ _ _ _ _ _ _ _ _ _ _ _ _ _ _ _ _ _ _ _ _ _ _ _ _ _ \n\nself = <selenium.webdriver.support.wait.WebDriverWait (session=\"53fcd152e57bbd140503e18756cd3564\")>\nmethod = <function visibility_of_element_located.<locals>._predicate at 0x7fa64f3fbc40>\nmessage = 'Can\\'t find element by locator (\\'xpath\\', \\'//button[@id=\"menu_button_webpages\"]\\')'\n\n    def until(self, method: Callable[[D], Union[Literal[False], T]], message: str = \"\") -> T:\n        \"\"\"Calls the method provided with the driver as an argument until the \\\n        return value does not evaluate to ``False``.\n    \n        :param method: callable(WebDriver)\n        :param message: optional message for :exc:`TimeoutException`\n        :returns: the result of the last call to `method`\n        :raises: :exc:`selenium.common.exceptions.TimeoutException` if timeout occurs\n        \"\"\"\n        screen = None\n        stacktrace = None\n    \n        end_time = time.monotonic() + self._timeout\n        while True:\n            try:\n                value = method(self._driver)\n                if value:\n                    return value\n            except self._ignored_exceptions as exc:\n                screen = getattr(exc, \"screen\", None)\n                stacktrace = getattr(exc, \"stacktrace\", None)\n            time.sleep(self._poll)\n            if time.monotonic() > end_time:\n                break\n>       raise TimeoutException(message, screen, stacktrace)\nE       selenium.common.exceptions.TimeoutException: Message: Can't find element by locator ('xpath', '//button[@id=\"menu_button_webpages\"]')\nE       Stacktrace:\nE       #0 0x5564202a401a <unknown>\nE       #1 0x55641fd43a70 <unknown>\nE       #2 0x55641fd95907 <unknown>\nE       #3 0x55641fd95b01 <unknown>\nE       #4 0x55641fde3d54 <unknown>\nE       #5 0x55641fdbb40d <unknown>\nE       #6 0x55641fde114f <unknown>\nE       #7 0x55641fdbb1b3 <unknown>\nE       #8 0x55641fd8759b <unknown>\nE       #9 0x55641fd88971 <unknown>\nE       #10 0x5564202691eb <unknown>\nE       #11 0x55642026cf39 <unknown>\nE       #12 0x5564202502c9 <unknown>\nE       #13 0x55642026dae8 <unknown>\nE       #14 0x556420234baf <unknown>\nE       #15 0x5564202910a8 <unknown>\nE       #16 0x556420291286 <unknown>\nE       #17 0x5564202a2ff6 <unknown>\nE       #18 0x7fdbf1e9caa4 <unknown>\nE       #19 0x7fdbf1f29c3c <unknown>\n\n/opt/hostedtoolcache/Python/3.12.11/x64/lib/python3.12/site-packages/selenium/webdriver/support/wait.py:105: TimeoutException",
  "flaky" : false,
  "newFailed" : false,
  "beforeStages" : [ {
    "name" : "authorization_user",
    "time" : {
      "start" : 1756173177582,
      "stop" : 1756173178261,
      "duration" : 679
    },
    "status" : "passed",
    "steps" : [ {
      "name" : "Open page: https://oblache.areso.pro/register.html",
      "time" : {
        "start" : 1756173177582,
        "stop" : 1756173178060,
        "duration" : 478
      },
      "status" : "passed",
      "steps" : [ ],
      "attachments" : [ ],
      "parameters" : [ ],
      "stepsCount" : 0,
      "attachmentsCount" : 0,
      "shouldDisplayMessage" : false,
      "hasContent" : false
    }, {
      "name" : "Login user",
      "time" : {
        "start" : 1756173178060,
        "stop" : 1756173178261,
        "duration" : 201
      },
      "status" : "passed",
      "steps" : [ {
        "name" : "Enter email.",
        "time" : {
          "start" : 1756173178060,
          "stop" : 1756173178123,
          "duration" : 63
        },
        "status" : "passed",
        "steps" : [ ],
        "attachments" : [ ],
        "parameters" : [ ],
        "stepsCount" : 0,
        "attachmentsCount" : 0,
        "shouldDisplayMessage" : false,
        "hasContent" : false
      }, {
        "name" : "Enter password.",
        "time" : {
          "start" : 1756173178123,
          "stop" : 1756173178167,
          "duration" : 44
        },
        "status" : "passed",
        "steps" : [ ],
        "attachments" : [ ],
        "parameters" : [ ],
        "stepsCount" : 0,
        "attachmentsCount" : 0,
        "shouldDisplayMessage" : false,
        "hasContent" : false
      }, {
        "name" : "Click button \"Login\"",
        "time" : {
          "start" : 1756173178167,
          "stop" : 1756173178258,
          "duration" : 91
        },
        "status" : "passed",
        "steps" : [ ],
        "attachments" : [ ],
        "parameters" : [ ],
        "stepsCount" : 0,
        "attachmentsCount" : 0,
        "shouldDisplayMessage" : false,
        "hasContent" : false
      }, {
        "name" : "Check url is present: https://oblache.areso.pro/register.html",
        "time" : {
          "start" : 1756173178258,
          "stop" : 1756173178261,
          "duration" : 3
        },
        "status" : "passed",
        "steps" : [ ],
        "attachments" : [ ],
        "parameters" : [ ],
        "stepsCount" : 0,
        "attachmentsCount" : 0,
        "shouldDisplayMessage" : false,
        "hasContent" : false
      } ],
      "attachments" : [ ],
      "parameters" : [ ],
      "stepsCount" : 4,
      "attachmentsCount" : 0,
      "shouldDisplayMessage" : false,
      "hasContent" : true
    } ],
    "attachments" : [ ],
    "parameters" : [ ],
    "stepsCount" : 6,
    "attachmentsCount" : 0,
    "shouldDisplayMessage" : false,
    "hasContent" : true
  }, {
    "name" : "driver",
    "time" : {
      "start" : 1756173177309,
      "stop" : 1756173177582,
      "duration" : 273
    },
    "status" : "passed",
    "steps" : [ ],
    "attachments" : [ ],
    "parameters" : [ ],
    "stepsCount" : 0,
    "attachmentsCount" : 0,
    "shouldDisplayMessage" : false,
    "hasContent" : false
  } ],
  "testStage" : {
    "status" : "broken",
    "statusMessage" : "selenium.common.exceptions.TimeoutException: Message: Can't find element by locator ('xpath', '//button[@id=\"menu_button_webpages\"]')\nStacktrace:\n#0 0x5564202a401a <unknown>\n#1 0x55641fd43a70 <unknown>\n#2 0x55641fd95907 <unknown>\n#3 0x55641fd95b01 <unknown>\n#4 0x55641fde3d54 <unknown>\n#5 0x55641fdbb40d <unknown>\n#6 0x55641fde114f <unknown>\n#7 0x55641fdbb1b3 <unknown>\n#8 0x55641fd8759b <unknown>\n#9 0x55641fd88971 <unknown>\n#10 0x5564202691eb <unknown>\n#11 0x55642026cf39 <unknown>\n#12 0x5564202502c9 <unknown>\n#13 0x55642026dae8 <unknown>\n#14 0x556420234baf <unknown>\n#15 0x5564202910a8 <unknown>\n#16 0x556420291286 <unknown>\n#17 0x5564202a2ff6 <unknown>\n#18 0x7fdbf1e9caa4 <unknown>\n#19 0x7fdbf1f29c3c <unknown>",
    "statusTrace" : "self = <tests_ui.test_ui.TestProfilePage object at 0x7fa64f3684a0>\ndriver = <selenium.webdriver.chrome.webdriver.WebDriver (session=\"53fcd152e57bbd140503e18756cd3564\")>\nauthorization_user = None\n\n    @allure.title('test_open_static_site_page')\n    def test_open_statistic_page(self, driver, authorization_user):\n        page = ProfilePage(driver)\n>       page.click_static_site_button()\n\ntests_ui/test_ui.py:69: \n_ _ _ _ _ _ _ _ _ _ _ _ _ _ _ _ _ _ _ _ _ _ _ _ _ _ _ _ _ _ _ _ _ _ _ _ _ _ _ _ \ntests_ui/profile_page.py:40: in click_static_site_button\n    return self.element_is_present_and_clickable(self.locators.STATIC_BUTTON).click()\ntests_ui/base_page.py:28: in element_is_present_and_clickable\n    return (Wait(self.driver, self.timeout).until(\n_ _ _ _ _ _ _ _ _ _ _ _ _ _ _ _ _ _ _ _ _ _ _ _ _ _ _ _ _ _ _ _ _ _ _ _ _ _ _ _ \n\nself = <selenium.webdriver.support.wait.WebDriverWait (session=\"53fcd152e57bbd140503e18756cd3564\")>\nmethod = <function visibility_of_element_located.<locals>._predicate at 0x7fa64f3fbc40>\nmessage = 'Can\\'t find element by locator (\\'xpath\\', \\'//button[@id=\"menu_button_webpages\"]\\')'\n\n    def until(self, method: Callable[[D], Union[Literal[False], T]], message: str = \"\") -> T:\n        \"\"\"Calls the method provided with the driver as an argument until the \\\n        return value does not evaluate to ``False``.\n    \n        :param method: callable(WebDriver)\n        :param message: optional message for :exc:`TimeoutException`\n        :returns: the result of the last call to `method`\n        :raises: :exc:`selenium.common.exceptions.TimeoutException` if timeout occurs\n        \"\"\"\n        screen = None\n        stacktrace = None\n    \n        end_time = time.monotonic() + self._timeout\n        while True:\n            try:\n                value = method(self._driver)\n                if value:\n                    return value\n            except self._ignored_exceptions as exc:\n                screen = getattr(exc, \"screen\", None)\n                stacktrace = getattr(exc, \"stacktrace\", None)\n            time.sleep(self._poll)\n            if time.monotonic() > end_time:\n                break\n>       raise TimeoutException(message, screen, stacktrace)\nE       selenium.common.exceptions.TimeoutException: Message: Can't find element by locator ('xpath', '//button[@id=\"menu_button_webpages\"]')\nE       Stacktrace:\nE       #0 0x5564202a401a <unknown>\nE       #1 0x55641fd43a70 <unknown>\nE       #2 0x55641fd95907 <unknown>\nE       #3 0x55641fd95b01 <unknown>\nE       #4 0x55641fde3d54 <unknown>\nE       #5 0x55641fdbb40d <unknown>\nE       #6 0x55641fde114f <unknown>\nE       #7 0x55641fdbb1b3 <unknown>\nE       #8 0x55641fd8759b <unknown>\nE       #9 0x55641fd88971 <unknown>\nE       #10 0x5564202691eb <unknown>\nE       #11 0x55642026cf39 <unknown>\nE       #12 0x5564202502c9 <unknown>\nE       #13 0x55642026dae8 <unknown>\nE       #14 0x556420234baf <unknown>\nE       #15 0x5564202910a8 <unknown>\nE       #16 0x556420291286 <unknown>\nE       #17 0x5564202a2ff6 <unknown>\nE       #18 0x7fdbf1e9caa4 <unknown>\nE       #19 0x7fdbf1f29c3c <unknown>\n\n/opt/hostedtoolcache/Python/3.12.11/x64/lib/python3.12/site-packages/selenium/webdriver/support/wait.py:105: TimeoutException",
    "steps" : [ {
      "name" : "Click \"Static site\" button.",
      "time" : {
        "start" : 1756173178262,
        "stop" : 1756173183616,
        "duration" : 5354
      },
      "status" : "broken",
      "statusMessage" : "selenium.common.exceptions.TimeoutException: Message: Can't find element by locator ('xpath', '//button[@id=\"menu_button_webpages\"]')\nStacktrace:\n#0 0x5564202a401a <unknown>\n#1 0x55641fd43a70 <unknown>\n#2 0x55641fd95907 <unknown>\n#3 0x55641fd95b01 <unknown>\n#4 0x55641fde3d54 <unknown>\n#5 0x55641fdbb40d <unknown>\n#6 0x55641fde114f <unknown>\n#7 0x55641fdbb1b3 <unknown>\n#8 0x55641fd8759b <unknown>\n#9 0x55641fd88971 <unknown>\n#10 0x5564202691eb <unknown>\n#11 0x55642026cf39 <unknown>\n#12 0x5564202502c9 <unknown>\n#13 0x55642026dae8 <unknown>\n#14 0x556420234baf <unknown>\n#15 0x5564202910a8 <unknown>\n#16 0x556420291286 <unknown>\n#17 0x5564202a2ff6 <unknown>\n#18 0x7fdbf1e9caa4 <unknown>\n#19 0x7fdbf1f29c3c <unknown>\n\n",
      "statusTrace" : "  File \"/home/runner/work/Oblache/Oblache/tests_ui/profile_page.py\", line 40, in click_static_site_button\n    return self.element_is_present_and_clickable(self.locators.STATIC_BUTTON).click()\n           ^^^^^^^^^^^^^^^^^^^^^^^^^^^^^^^^^^^^^^^^^^^^^^^^^^^^^^^^^^^^^^^^^^\n  File \"/home/runner/work/Oblache/Oblache/tests_ui/base_page.py\", line 28, in element_is_present_and_clickable\n    return (Wait(self.driver, self.timeout).until(\n            ^^^^^^^^^^^^^^^^^^^^^^^^^^^^^^^^^^^^^^\n  File \"/opt/hostedtoolcache/Python/3.12.11/x64/lib/python3.12/site-packages/selenium/webdriver/support/wait.py\", line 105, in until\n    raise TimeoutException(message, screen, stacktrace)\n",
      "steps" : [ ],
      "attachments" : [ ],
      "parameters" : [ ],
      "stepsCount" : 0,
      "attachmentsCount" : 0,
      "shouldDisplayMessage" : true,
      "hasContent" : true
    } ],
    "attachments" : [ {
      "uid" : "7121e0bbaef8946",
      "name" : "Screenshot 2025-08-26 01:53:03.698344",
      "source" : "7121e0bbaef8946.png",
      "type" : "image/png",
      "size" : 50217
    } ],
    "parameters" : [ ],
    "stepsCount" : 1,
    "attachmentsCount" : 1,
    "shouldDisplayMessage" : true,
    "hasContent" : true
  },
  "afterStages" : [ {
    "name" : "driver::0",
    "time" : {
      "start" : 1756173183699,
      "stop" : 1756173183762,
      "duration" : 63
    },
    "status" : "passed",
    "steps" : [ ],
    "attachments" : [ ],
    "parameters" : [ ],
    "stepsCount" : 0,
    "attachmentsCount" : 0,
    "shouldDisplayMessage" : false,
    "hasContent" : false
  } ],
  "labels" : [ {
    "name" : "suite",
    "value" : "Test Profile Page."
  }, {
    "name" : "parentSuite",
    "value" : "tests_ui"
  }, {
    "name" : "subSuite",
    "value" : "TestProfilePage"
  }, {
    "name" : "host",
    "value" : "pkrvmqc4gcfdwos"
  }, {
    "name" : "thread",
    "value" : "2607-MainThread"
  }, {
    "name" : "framework",
    "value" : "pytest"
  }, {
    "name" : "language",
    "value" : "cpython3"
  }, {
    "name" : "package",
    "value" : "tests_ui.test_ui"
  }, {
    "name" : "resultFormat",
    "value" : "allure2"
  } ],
  "parameters" : [ ],
  "links" : [ ],
  "hidden" : false,
  "retry" : false,
  "extra" : {
    "severity" : "normal",
    "retries" : [ ],
    "categories" : [ {
      "name" : "Test defects",
      "matchedStatuses" : [ ],
      "flaky" : false
    } ],
    "history" : {
      "statistic" : {
        "failed" : 0,
        "broken" : 262,
        "skipped" : 0,
        "passed" : 0,
        "unknown" : 0,
        "total" : 262
      },
      "items" : [ {
        "uid" : "85a9897ff1c55a09",
        "reportUrl" : "https://lambotik.github.io/Oblache/482//#testresult/85a9897ff1c55a09",
        "status" : "broken",
        "statusDetails" : "selenium.common.exceptions.TimeoutException: Message: Can't find element by locator ('xpath', '//button[@id=\"menu_button_webpages\"]')\nStacktrace:\n#0 0x55bae7cd801a <unknown>\n#1 0x55bae7777a70 <unknown>\n#2 0x55bae77c9907 <unknown>\n#3 0x55bae77c9b01 <unknown>\n#4 0x55bae7817d54 <unknown>\n#5 0x55bae77ef40d <unknown>\n#6 0x55bae781514f <unknown>\n#7 0x55bae77ef1b3 <unknown>\n#8 0x55bae77bb59b <unknown>\n#9 0x55bae77bc971 <unknown>\n#10 0x55bae7c9d1eb <unknown>\n#11 0x55bae7ca0f39 <unknown>\n#12 0x55bae7c842c9 <unknown>\n#13 0x55bae7ca1ae8 <unknown>\n#14 0x55bae7c68baf <unknown>\n#15 0x55bae7cc50a8 <unknown>\n#16 0x55bae7cc5286 <unknown>\n#17 0x55bae7cd6ff6 <unknown>\n#18 0x7f9cba49caa4 <unknown>\n#19 0x7f9cba529c3c <unknown>",
        "time" : {
          "start" : 1756086997948,
          "stop" : 1756087002980,
          "duration" : 5032
        }
      }, {
        "uid" : "f2a29c1f2e26e63a",
        "reportUrl" : "https://lambotik.github.io/Oblache/481//#testresult/f2a29c1f2e26e63a",
        "status" : "broken",
        "statusDetails" : "selenium.common.exceptions.TimeoutException: Message: Can't find element by locator ('xpath', '//button[@id=\"menu_button_webpages\"]')\nStacktrace:\n#0 0x55a4d120f01a <unknown>\n#1 0x55a4d0caea70 <unknown>\n#2 0x55a4d0d00907 <unknown>\n#3 0x55a4d0d00b01 <unknown>\n#4 0x55a4d0d4ed54 <unknown>\n#5 0x55a4d0d2640d <unknown>\n#6 0x55a4d0d4c14f <unknown>\n#7 0x55a4d0d261b3 <unknown>\n#8 0x55a4d0cf259b <unknown>\n#9 0x55a4d0cf3971 <unknown>\n#10 0x55a4d11d41eb <unknown>\n#11 0x55a4d11d7f39 <unknown>\n#12 0x55a4d11bb2c9 <unknown>\n#13 0x55a4d11d8ae8 <unknown>\n#14 0x55a4d119fbaf <unknown>\n#15 0x55a4d11fc0a8 <unknown>\n#16 0x55a4d11fc286 <unknown>\n#17 0x55a4d120dff6 <unknown>\n#18 0x7f892c09caa4 <unknown>\n#19 0x7f892c129c3c <unknown>",
        "time" : {
          "start" : 1756000964671,
          "stop" : 1756000970042,
          "duration" : 5371
        }
      }, {
        "uid" : "2364b0bad78924b5",
        "reportUrl" : "https://lambotik.github.io/Oblache/480//#testresult/2364b0bad78924b5",
        "status" : "broken",
        "statusDetails" : "selenium.common.exceptions.TimeoutException: Message: Can't find element by locator ('xpath', '//button[@id=\"menu_button_webpages\"]')\nStacktrace:\n#0 0x55a37915901a <unknown>\n#1 0x55a378bf8a70 <unknown>\n#2 0x55a378c4a907 <unknown>\n#3 0x55a378c4ab01 <unknown>\n#4 0x55a378c98d54 <unknown>\n#5 0x55a378c7040d <unknown>\n#6 0x55a378c9614f <unknown>\n#7 0x55a378c701b3 <unknown>\n#8 0x55a378c3c59b <unknown>\n#9 0x55a378c3d971 <unknown>\n#10 0x55a37911e1eb <unknown>\n#11 0x55a379121f39 <unknown>\n#12 0x55a3791052c9 <unknown>\n#13 0x55a379122ae8 <unknown>\n#14 0x55a3790e9baf <unknown>\n#15 0x55a3791460a8 <unknown>\n#16 0x55a379146286 <unknown>\n#17 0x55a379157ff6 <unknown>\n#18 0x7fabd8e9caa4 <unknown>\n#19 0x7fabd8f29c3c <unknown>",
        "time" : {
          "start" : 1755913659776,
          "stop" : 1755913665178,
          "duration" : 5402
        }
      }, {
        "uid" : "9da7a82bac58900d",
        "reportUrl" : "https://lambotik.github.io/Oblache/479//#testresult/9da7a82bac58900d",
        "status" : "broken",
        "statusDetails" : "selenium.common.exceptions.TimeoutException: Message: Can't find element by locator ('xpath', '//button[@id=\"menu_button_webpages\"]')\nStacktrace:\n#0 0x55b85d16901a <unknown>\n#1 0x55b85cc08a70 <unknown>\n#2 0x55b85cc5a907 <unknown>\n#3 0x55b85cc5ab01 <unknown>\n#4 0x55b85cca8d54 <unknown>\n#5 0x55b85cc8040d <unknown>\n#6 0x55b85cca614f <unknown>\n#7 0x55b85cc801b3 <unknown>\n#8 0x55b85cc4c59b <unknown>\n#9 0x55b85cc4d971 <unknown>\n#10 0x55b85d12e1eb <unknown>\n#11 0x55b85d131f39 <unknown>\n#12 0x55b85d1152c9 <unknown>\n#13 0x55b85d132ae8 <unknown>\n#14 0x55b85d0f9baf <unknown>\n#15 0x55b85d1560a8 <unknown>\n#16 0x55b85d156286 <unknown>\n#17 0x55b85d167ff6 <unknown>\n#18 0x7fe240e9caa4 <unknown>\n#19 0x7fe240f29c3c <unknown>",
        "time" : {
          "start" : 1755827511929,
          "stop" : 1755827517351,
          "duration" : 5422
        }
      }, {
        "uid" : "831cf857cd4de631",
        "reportUrl" : "https://lambotik.github.io/Oblache/478//#testresult/831cf857cd4de631",
        "status" : "broken",
        "statusDetails" : "selenium.common.exceptions.TimeoutException: Message: Can't find element by locator ('xpath', '//button[@id=\"menu_button_webpages\"]')\nStacktrace:\n#0 0x55f76fe7e01a <unknown>\n#1 0x55f76f91da70 <unknown>\n#2 0x55f76f96f907 <unknown>\n#3 0x55f76f96fb01 <unknown>\n#4 0x55f76f9bdd54 <unknown>\n#5 0x55f76f99540d <unknown>\n#6 0x55f76f9bb14f <unknown>\n#7 0x55f76f9951b3 <unknown>\n#8 0x55f76f96159b <unknown>\n#9 0x55f76f962971 <unknown>\n#10 0x55f76fe431eb <unknown>\n#11 0x55f76fe46f39 <unknown>\n#12 0x55f76fe2a2c9 <unknown>\n#13 0x55f76fe47ae8 <unknown>\n#14 0x55f76fe0ebaf <unknown>\n#15 0x55f76fe6b0a8 <unknown>\n#16 0x55f76fe6b286 <unknown>\n#17 0x55f76fe7cff6 <unknown>\n#18 0x7fc6bf49caa4 <unknown>\n#19 0x7fc6bf529c3c <unknown>",
        "time" : {
          "start" : 1755741055333,
          "stop" : 1755741060400,
          "duration" : 5067
        }
      }, {
        "uid" : "e163096b65ea8f9a",
        "reportUrl" : "https://lambotik.github.io/Oblache/477//#testresult/e163096b65ea8f9a",
        "status" : "broken",
        "statusDetails" : "selenium.common.exceptions.TimeoutException: Message: Can't find element by locator ('xpath', '//button[@id=\"menu_button_webpages\"]')\nStacktrace:\n#0 0x55f13808d05a <unknown>\n#1 0x55f137b2ca70 <unknown>\n#2 0x55f137b7e907 <unknown>\n#3 0x55f137b7eb01 <unknown>\n#4 0x55f137bccd54 <unknown>\n#5 0x55f137ba440d <unknown>\n#6 0x55f137bca14f <unknown>\n#7 0x55f137ba41b3 <unknown>\n#8 0x55f137b7059b <unknown>\n#9 0x55f137b71971 <unknown>\n#10 0x55f13805222b <unknown>\n#11 0x55f138055f79 <unknown>\n#12 0x55f138039309 <unknown>\n#13 0x55f138056b28 <unknown>\n#14 0x55f13801dbef <unknown>\n#15 0x55f13807a0e8 <unknown>\n#16 0x55f13807a2c6 <unknown>\n#17 0x55f13808c036 <unknown>\n#18 0x7f9b8769caa4 <unknown>\n#19 0x7f9b87729c3c <unknown>",
        "time" : {
          "start" : 1755654736360,
          "stop" : 1755654741776,
          "duration" : 5416
        }
      }, {
        "uid" : "b70d47cfa9f430ce",
        "reportUrl" : "https://lambotik.github.io/Oblache/476//#testresult/b70d47cfa9f430ce",
        "status" : "broken",
        "statusDetails" : "selenium.common.exceptions.TimeoutException: Message: Can't find element by locator ('xpath', '//button[@id=\"menu_button_webpages\"]')\nStacktrace:\n#0 0x5647d0f7a05a <unknown>\n#1 0x5647d0a19a70 <unknown>\n#2 0x5647d0a6b907 <unknown>\n#3 0x5647d0a6bb01 <unknown>\n#4 0x5647d0ab9d54 <unknown>\n#5 0x5647d0a9140d <unknown>\n#6 0x5647d0ab714f <unknown>\n#7 0x5647d0a911b3 <unknown>\n#8 0x5647d0a5d59b <unknown>\n#9 0x5647d0a5e971 <unknown>\n#10 0x5647d0f3f22b <unknown>\n#11 0x5647d0f42f79 <unknown>\n#12 0x5647d0f26309 <unknown>\n#13 0x5647d0f43b28 <unknown>\n#14 0x5647d0f0abef <unknown>\n#15 0x5647d0f670e8 <unknown>\n#16 0x5647d0f672c6 <unknown>\n#17 0x5647d0f79036 <unknown>\n#18 0x7fe0ec89caa4 <unknown>\n#19 0x7fe0ec929c3c <unknown>",
        "time" : {
          "start" : 1755568454893,
          "stop" : 1755568460292,
          "duration" : 5399
        }
      }, {
        "uid" : "c5a7d3439ec599db",
        "reportUrl" : "https://lambotik.github.io/Oblache/475//#testresult/c5a7d3439ec599db",
        "status" : "broken",
        "statusDetails" : "selenium.common.exceptions.TimeoutException: Message: Can't find element by locator ('xpath', '//button[@id=\"menu_button_webpages\"]')\nStacktrace:\n#0 0x55721572705a <unknown>\n#1 0x5572151c6a70 <unknown>\n#2 0x557215218907 <unknown>\n#3 0x557215218b01 <unknown>\n#4 0x557215266d54 <unknown>\n#5 0x55721523e40d <unknown>\n#6 0x55721526414f <unknown>\n#7 0x55721523e1b3 <unknown>\n#8 0x55721520a59b <unknown>\n#9 0x55721520b971 <unknown>\n#10 0x5572156ec22b <unknown>\n#11 0x5572156eff79 <unknown>\n#12 0x5572156d3309 <unknown>\n#13 0x5572156f0b28 <unknown>\n#14 0x5572156b7bef <unknown>\n#15 0x5572157140e8 <unknown>\n#16 0x5572157142c6 <unknown>\n#17 0x557215726036 <unknown>\n#18 0x7f58b869caa4 <unknown>\n#19 0x7f58b8729c3c <unknown>",
        "time" : {
          "start" : 1755482819300,
          "stop" : 1755482824344,
          "duration" : 5044
        }
      }, {
        "uid" : "d121f3d0523c3dbc",
        "reportUrl" : "https://lambotik.github.io/Oblache/474//#testresult/d121f3d0523c3dbc",
        "status" : "broken",
        "statusDetails" : "selenium.common.exceptions.TimeoutException: Message: Can't find element by locator ('xpath', '//button[@id=\"menu_button_webpages\"]')\nStacktrace:\n#0 0x562538be505a <unknown>\n#1 0x562538684a70 <unknown>\n#2 0x5625386d6907 <unknown>\n#3 0x5625386d6b01 <unknown>\n#4 0x562538724d54 <unknown>\n#5 0x5625386fc40d <unknown>\n#6 0x56253872214f <unknown>\n#7 0x5625386fc1b3 <unknown>\n#8 0x5625386c859b <unknown>\n#9 0x5625386c9971 <unknown>\n#10 0x562538baa22b <unknown>\n#11 0x562538badf79 <unknown>\n#12 0x562538b91309 <unknown>\n#13 0x562538baeb28 <unknown>\n#14 0x562538b75bef <unknown>\n#15 0x562538bd20e8 <unknown>\n#16 0x562538bd22c6 <unknown>\n#17 0x562538be4036 <unknown>\n#18 0x7f2c1e09caa4 <unknown>\n#19 0x7f2c1e129c3c <unknown>",
        "time" : {
          "start" : 1755396497049,
          "stop" : 1755396502489,
          "duration" : 5440
        }
      }, {
        "uid" : "1ca373626fb13465",
        "reportUrl" : "https://lambotik.github.io/Oblache/473//#testresult/1ca373626fb13465",
        "status" : "broken",
        "statusDetails" : "selenium.common.exceptions.TimeoutException: Message: Can't find element by locator ('xpath', '//button[@id=\"menu_button_webpages\"]')\nStacktrace:\n#0 0x55654010705a <unknown>\n#1 0x55653fba6a70 <unknown>\n#2 0x55653fbf8907 <unknown>\n#3 0x55653fbf8b01 <unknown>\n#4 0x55653fc46d54 <unknown>\n#5 0x55653fc1e40d <unknown>\n#6 0x55653fc4414f <unknown>\n#7 0x55653fc1e1b3 <unknown>\n#8 0x55653fbea59b <unknown>\n#9 0x55653fbeb971 <unknown>\n#10 0x5565400cc22b <unknown>\n#11 0x5565400cff79 <unknown>\n#12 0x5565400b3309 <unknown>\n#13 0x5565400d0b28 <unknown>\n#14 0x556540097bef <unknown>\n#15 0x5565400f40e8 <unknown>\n#16 0x5565400f42c6 <unknown>\n#17 0x556540106036 <unknown>\n#18 0x7f219149caa4 <unknown>\n#19 0x7f2191529c3c <unknown>",
        "time" : {
          "start" : 1755309430242,
          "stop" : 1755309435665,
          "duration" : 5423
        }
      }, {
        "uid" : "5b0a02168de71635",
        "reportUrl" : "https://lambotik.github.io/Oblache/472//#testresult/5b0a02168de71635",
        "status" : "broken",
        "statusDetails" : "selenium.common.exceptions.TimeoutException: Message: Can't find element by locator ('xpath', '//button[@id=\"menu_button_webpages\"]')\nStacktrace:\n#0 0x55dee01b905a <unknown>\n#1 0x55dedfc58a70 <unknown>\n#2 0x55dedfcaa907 <unknown>\n#3 0x55dedfcaab01 <unknown>\n#4 0x55dedfcf8d54 <unknown>\n#5 0x55dedfcd040d <unknown>\n#6 0x55dedfcf614f <unknown>\n#7 0x55dedfcd01b3 <unknown>\n#8 0x55dedfc9c59b <unknown>\n#9 0x55dedfc9d971 <unknown>\n#10 0x55dee017e22b <unknown>\n#11 0x55dee0181f79 <unknown>\n#12 0x55dee0165309 <unknown>\n#13 0x55dee0182b28 <unknown>\n#14 0x55dee0149bef <unknown>\n#15 0x55dee01a60e8 <unknown>\n#16 0x55dee01a62c6 <unknown>\n#17 0x55dee01b8036 <unknown>\n#18 0x7f235c69caa4 <unknown>\n#19 0x7f235c729c3c <unknown>",
        "time" : {
          "start" : 1755223228220,
          "stop" : 1755223233349,
          "duration" : 5129
        }
      }, {
        "uid" : "b82a7cfd21f98ad2",
        "reportUrl" : "https://lambotik.github.io/Oblache/471//#testresult/b82a7cfd21f98ad2",
        "status" : "broken",
        "statusDetails" : "selenium.common.exceptions.TimeoutException: Message: Can't find element by locator ('xpath', '//button[@id=\"menu_button_webpages\"]')\nStacktrace:\n#0 0x556d2b9862ca <unknown>\n#1 0x556d2b42d550 <unknown>\n#2 0x556d2b47f0f0 <unknown>\n#3 0x556d2b47f2e1 <unknown>\n#4 0x556d2b4cd5e4 <unknown>\n#5 0x556d2b4a4bed <unknown>\n#6 0x556d2b4ca9e6 <unknown>\n#7 0x556d2b4a4993 <unknown>\n#8 0x556d2b470d6b <unknown>\n#9 0x556d2b472141 <unknown>\n#10 0x556d2b94b2ab <unknown>\n#11 0x556d2b94f0b9 <unknown>\n#12 0x556d2b932139 <unknown>\n#13 0x556d2b94fc68 <unknown>\n#14 0x556d2b91660f <unknown>\n#15 0x556d2b9741f8 <unknown>\n#16 0x556d2b9743d6 <unknown>\n#17 0x556d2b9855e6 <unknown>\n#18 0x7fd7d629caa4 <unknown>\n#19 0x7fd7d6329c3c <unknown>",
        "time" : {
          "start" : 1755136932957,
          "stop" : 1755136938012,
          "duration" : 5055
        }
      }, {
        "uid" : "c28de4f30c0906a4",
        "reportUrl" : "https://lambotik.github.io/Oblache/470//#testresult/c28de4f30c0906a4",
        "status" : "broken",
        "statusDetails" : "selenium.common.exceptions.TimeoutException: Message: Can't find element by locator ('xpath', '//button[@id=\"menu_button_webpages\"]')\nStacktrace:\n#0 0x56064fb1d2ca <unknown>\n#1 0x56064f5c4550 <unknown>\n#2 0x56064f6160f0 <unknown>\n#3 0x56064f6162e1 <unknown>\n#4 0x56064f6645e4 <unknown>\n#5 0x56064f63bbed <unknown>\n#6 0x56064f6619e6 <unknown>\n#7 0x56064f63b993 <unknown>\n#8 0x56064f607d6b <unknown>\n#9 0x56064f609141 <unknown>\n#10 0x56064fae22ab <unknown>\n#11 0x56064fae60b9 <unknown>\n#12 0x56064fac9139 <unknown>\n#13 0x56064fae6c68 <unknown>\n#14 0x56064faad60f <unknown>\n#15 0x56064fb0b1f8 <unknown>\n#16 0x56064fb0b3d6 <unknown>\n#17 0x56064fb1c5e6 <unknown>\n#18 0x7fe6bee9caa4 <unknown>\n#19 0x7fe6bef29c3c <unknown>",
        "time" : {
          "start" : 1755050470709,
          "stop" : 1755050475756,
          "duration" : 5047
        }
      }, {
        "uid" : "53709a31aeb1a6ea",
        "reportUrl" : "https://lambotik.github.io/Oblache/469//#testresult/53709a31aeb1a6ea",
        "status" : "broken",
        "statusDetails" : "selenium.common.exceptions.TimeoutException: Message: Can't find element by locator ('xpath', '//button[@id=\"menu_button_webpages\"]')\nStacktrace:\n#0 0x5612fe0ed2ca <unknown>\n#1 0x5612fdb94550 <unknown>\n#2 0x5612fdbe60f0 <unknown>\n#3 0x5612fdbe62e1 <unknown>\n#4 0x5612fdc345e4 <unknown>\n#5 0x5612fdc0bbed <unknown>\n#6 0x5612fdc319e6 <unknown>\n#7 0x5612fdc0b993 <unknown>\n#8 0x5612fdbd7d6b <unknown>\n#9 0x5612fdbd9141 <unknown>\n#10 0x5612fe0b22ab <unknown>\n#11 0x5612fe0b60b9 <unknown>\n#12 0x5612fe099139 <unknown>\n#13 0x5612fe0b6c68 <unknown>\n#14 0x5612fe07d60f <unknown>\n#15 0x5612fe0db1f8 <unknown>\n#16 0x5612fe0db3d6 <unknown>\n#17 0x5612fe0ec5e6 <unknown>\n#18 0x7f406c49caa4 <unknown>\n#19 0x7f406c529c3c <unknown>",
        "time" : {
          "start" : 1754963943851,
          "stop" : 1754963949253,
          "duration" : 5402
        }
      }, {
        "uid" : "33245d418b8a9635",
        "reportUrl" : "https://lambotik.github.io/Oblache/468//#testresult/33245d418b8a9635",
        "status" : "broken",
        "statusDetails" : "selenium.common.exceptions.TimeoutException: Message: Can't find element by locator ('xpath', '//button[@id=\"menu_button_webpages\"]')\nStacktrace:\n#0 0x55694c9282ca <unknown>\n#1 0x55694c3cf550 <unknown>\n#2 0x55694c4210f0 <unknown>\n#3 0x55694c4212e1 <unknown>\n#4 0x55694c46f5e4 <unknown>\n#5 0x55694c446bed <unknown>\n#6 0x55694c46c9e6 <unknown>\n#7 0x55694c446993 <unknown>\n#8 0x55694c412d6b <unknown>\n#9 0x55694c414141 <unknown>\n#10 0x55694c8ed2ab <unknown>\n#11 0x55694c8f10b9 <unknown>\n#12 0x55694c8d4139 <unknown>\n#13 0x55694c8f1c68 <unknown>\n#14 0x55694c8b860f <unknown>\n#15 0x55694c9161f8 <unknown>\n#16 0x55694c9163d6 <unknown>\n#17 0x55694c9275e6 <unknown>\n#18 0x7f506509caa4 <unknown>\n#19 0x7f5065129c3c <unknown>",
        "time" : {
          "start" : 1754878280882,
          "stop" : 1754878286279,
          "duration" : 5397
        }
      }, {
        "uid" : "eded0c82af699a4e",
        "reportUrl" : "https://lambotik.github.io/Oblache/467//#testresult/eded0c82af699a4e",
        "status" : "broken",
        "statusDetails" : "selenium.common.exceptions.TimeoutException: Message: Can't find element by locator ('xpath', '//button[@id=\"menu_button_webpages\"]')\nStacktrace:\n#0 0x561b612982ca <unknown>\n#1 0x561b60d3f550 <unknown>\n#2 0x561b60d910f0 <unknown>\n#3 0x561b60d912e1 <unknown>\n#4 0x561b60ddf5e4 <unknown>\n#5 0x561b60db6bed <unknown>\n#6 0x561b60ddc9e6 <unknown>\n#7 0x561b60db6993 <unknown>\n#8 0x561b60d82d6b <unknown>\n#9 0x561b60d84141 <unknown>\n#10 0x561b6125d2ab <unknown>\n#11 0x561b612610b9 <unknown>\n#12 0x561b61244139 <unknown>\n#13 0x561b61261c68 <unknown>\n#14 0x561b6122860f <unknown>\n#15 0x561b612861f8 <unknown>\n#16 0x561b612863d6 <unknown>\n#17 0x561b612975e6 <unknown>\n#18 0x7fd3eb29caa4 <unknown>\n#19 0x7fd3eb329c3c <unknown>",
        "time" : {
          "start" : 1754792025023,
          "stop" : 1754792030156,
          "duration" : 5133
        }
      }, {
        "uid" : "cc53ee57fca8438f",
        "reportUrl" : "https://lambotik.github.io/Oblache/466//#testresult/cc53ee57fca8438f",
        "status" : "broken",
        "statusDetails" : "selenium.common.exceptions.TimeoutException: Message: Can't find element by locator ('xpath', '//button[@id=\"menu_button_webpages\"]')\nStacktrace:\n#0 0x55b44afb12ca <unknown>\n#1 0x55b44aa58550 <unknown>\n#2 0x55b44aaaa0f0 <unknown>\n#3 0x55b44aaaa2e1 <unknown>\n#4 0x55b44aaf85e4 <unknown>\n#5 0x55b44aacfbed <unknown>\n#6 0x55b44aaf59e6 <unknown>\n#7 0x55b44aacf993 <unknown>\n#8 0x55b44aa9bd6b <unknown>\n#9 0x55b44aa9d141 <unknown>\n#10 0x55b44af762ab <unknown>\n#11 0x55b44af7a0b9 <unknown>\n#12 0x55b44af5d139 <unknown>\n#13 0x55b44af7ac68 <unknown>\n#14 0x55b44af4160f <unknown>\n#15 0x55b44af9f1f8 <unknown>\n#16 0x55b44af9f3d6 <unknown>\n#17 0x55b44afb05e6 <unknown>\n#18 0x7f3dcc09caa4 <unknown>\n#19 0x7f3dcc129c3c <unknown>",
        "time" : {
          "start" : 1754704803811,
          "stop" : 1754704809236,
          "duration" : 5425
        }
      }, {
        "uid" : "29ace7927f82b7a9",
        "reportUrl" : "https://lambotik.github.io/Oblache/465//#testresult/29ace7927f82b7a9",
        "status" : "broken",
        "statusDetails" : "selenium.common.exceptions.TimeoutException: Message: Can't find element by locator ('xpath', '//button[@id=\"menu_button_webpages\"]')\nStacktrace:\n#0 0x5591cf42f87a <unknown>\n#1 0x5591ceed42e0 <unknown>\n#2 0x5591cef25e00 <unknown>\n#3 0x5591cef25ff1 <unknown>\n#4 0x5591cef74324 <unknown>\n#5 0x5591cef4b8dd <unknown>\n#6 0x5591cef7171c <unknown>\n#7 0x5591cef4b683 <unknown>\n#8 0x5591cef17b5b <unknown>\n#9 0x5591cef18f31 <unknown>\n#10 0x5591cf3f47cb <unknown>\n#11 0x5591cf3f85d4 <unknown>\n#12 0x5591cf3db2c9 <unknown>\n#13 0x5591cf3f9178 <unknown>\n#14 0x5591cf3bf6bf <unknown>\n#15 0x5591cf41ce78 <unknown>\n#16 0x5591cf41d056 <unknown>\n#17 0x5591cf42eb96 <unknown>\n#18 0x7fb44d09caa4 <unknown>\n#19 0x7fb44d129c3c <unknown>",
        "time" : {
          "start" : 1754618979588,
          "stop" : 1754618984713,
          "duration" : 5125
        }
      }, {
        "uid" : "1d71f4f449934aac",
        "reportUrl" : "https://lambotik.github.io/Oblache/464//#testresult/1d71f4f449934aac",
        "status" : "broken",
        "statusDetails" : "selenium.common.exceptions.TimeoutException: Message: Can't find element by locator ('xpath', '//button[@id=\"menu_button_webpages\"]')\nStacktrace:\n#0 0x55c8236cc87a <unknown>\n#1 0x55c8231712e0 <unknown>\n#2 0x55c8231c2e00 <unknown>\n#3 0x55c8231c2ff1 <unknown>\n#4 0x55c823211324 <unknown>\n#5 0x55c8231e88dd <unknown>\n#6 0x55c82320e71c <unknown>\n#7 0x55c8231e8683 <unknown>\n#8 0x55c8231b4b5b <unknown>\n#9 0x55c8231b5f31 <unknown>\n#10 0x55c8236917cb <unknown>\n#11 0x55c8236955d4 <unknown>\n#12 0x55c8236782c9 <unknown>\n#13 0x55c823696178 <unknown>\n#14 0x55c82365c6bf <unknown>\n#15 0x55c8236b9e78 <unknown>\n#16 0x55c8236ba056 <unknown>\n#17 0x55c8236cbb96 <unknown>\n#18 0x7f09de49caa4 <unknown>\n#19 0x7f09de529c3c <unknown>",
        "time" : {
          "start" : 1754532736304,
          "stop" : 1754532741711,
          "duration" : 5407
        }
      }, {
        "uid" : "db1134be6a774e16",
        "reportUrl" : "https://lambotik.github.io/Oblache/463//#testresult/db1134be6a774e16",
        "status" : "broken",
        "statusDetails" : "selenium.common.exceptions.TimeoutException: Message: Can't find element by locator ('xpath', '//button[@id=\"menu_button_webpages\"]')\nStacktrace:\n#0 0x55bda945887a <unknown>\n#1 0x55bda8efd2e0 <unknown>\n#2 0x55bda8f4ee00 <unknown>\n#3 0x55bda8f4eff1 <unknown>\n#4 0x55bda8f9d324 <unknown>\n#5 0x55bda8f748dd <unknown>\n#6 0x55bda8f9a71c <unknown>\n#7 0x55bda8f74683 <unknown>\n#8 0x55bda8f40b5b <unknown>\n#9 0x55bda8f41f31 <unknown>\n#10 0x55bda941d7cb <unknown>\n#11 0x55bda94215d4 <unknown>\n#12 0x55bda94042c9 <unknown>\n#13 0x55bda9422178 <unknown>\n#14 0x55bda93e86bf <unknown>\n#15 0x55bda9445e78 <unknown>\n#16 0x55bda9446056 <unknown>\n#17 0x55bda9457b96 <unknown>\n#18 0x7fb2c7c9caa4 <unknown>\n#19 0x7fb2c7d29c3c <unknown>",
        "time" : {
          "start" : 1754446197722,
          "stop" : 1754446202852,
          "duration" : 5130
        }
      } ]
    },
    "tags" : [ ]
  },
  "source" : "7a37291e58a32e11.json",
  "parameterValues" : [ ]
}