{
  "uid" : "bcfbd94e71ba60d1",
  "name" : "POST create_docker_container_without_token",
  "fullName" : "tests_api.test_bd.TestPOST#test_post_create_docker_with_defunct_image",
  "historyId" : "346493b9ad20460bc067ba466e60ac88",
  "time" : {
    "start" : 1747962691319,
    "stop" : 1747962691681,
    "duration" : 362
  },
  "status" : "failed",
  "statusMessage" : "AssertionError: Result is not equal expected value",
  "statusTrace" : "self = <tests_api.test_bd.TestPOST object at 0x7f8fd9d64380>\n\n    @allure.title('POST create_docker_container_without_token')\n    def test_post_create_docker_with_defunct_image(self):\n        result = API.post_create_docker_container_with_defunct_image(token=TestPOST.token)\n        Checking.check_status_code(result, 400)\n>       Checking.check_json_value(result, 'msg', \"msg[]: the image doesn't found in the DockerHub\")\n\ntests_api/test_bd.py:411: \n_ _ _ _ _ _ _ _ _ _ _ _ _ _ _ _ _ _ _ _ _ _ _ _ _ _ _ _ _ _ _ _ _ _ _ _ _ _ _ _ \n\nresponse = <Response [400]>, field_name = 'msg'\nexpected_value = \"msg[]: the image doesn't found in the DockerHub\"\n\n    @staticmethod\n    def check_json_value(response: requests.models.Response, field_name: str, expected_value):\n        \"\"\"\n        :param response: requests.models.Response\n        :param field_name:\n        :param expected_value:\n        \"\"\"\n        check = response.json()\n        check_info = check.get(field_name)\n        with allure.step(\n                f'Compare result request with expected value:'\n                f'\\nResponse: {response}\\nField name: {field_name}\\nValue: {expected_value}'):\n>           assert check_info == expected_value, 'Result is not equal expected value'\nE           AssertionError: Result is not equal expected value\n\ntests_api/utils/checking.py:57: AssertionError",
  "flaky" : false,
  "newFailed" : false,
  "beforeStages" : [ ],
  "testStage" : {
    "status" : "failed",
    "statusMessage" : "AssertionError: Result is not equal expected value",
    "statusTrace" : "self = <tests_api.test_bd.TestPOST object at 0x7f8fd9d64380>\n\n    @allure.title('POST create_docker_container_without_token')\n    def test_post_create_docker_with_defunct_image(self):\n        result = API.post_create_docker_container_with_defunct_image(token=TestPOST.token)\n        Checking.check_status_code(result, 400)\n>       Checking.check_json_value(result, 'msg', \"msg[]: the image doesn't found in the DockerHub\")\n\ntests_api/test_bd.py:411: \n_ _ _ _ _ _ _ _ _ _ _ _ _ _ _ _ _ _ _ _ _ _ _ _ _ _ _ _ _ _ _ _ _ _ _ _ _ _ _ _ \n\nresponse = <Response [400]>, field_name = 'msg'\nexpected_value = \"msg[]: the image doesn't found in the DockerHub\"\n\n    @staticmethod\n    def check_json_value(response: requests.models.Response, field_name: str, expected_value):\n        \"\"\"\n        :param response: requests.models.Response\n        :param field_name:\n        :param expected_value:\n        \"\"\"\n        check = response.json()\n        check_info = check.get(field_name)\n        with allure.step(\n                f'Compare result request with expected value:'\n                f'\\nResponse: {response}\\nField name: {field_name}\\nValue: {expected_value}'):\n>           assert check_info == expected_value, 'Result is not equal expected value'\nE           AssertionError: Result is not equal expected value\n\ntests_api/utils/checking.py:57: AssertionError",
    "steps" : [ {
      "name" : "post_create_docker_container_with_defunct_image",
      "time" : {
        "start" : 1747962691319,
        "stop" : 1747962691681,
        "duration" : 362
      },
      "status" : "passed",
      "steps" : [ {
        "name" : "Endpoint: /container_create",
        "time" : {
          "start" : 1747962691681,
          "stop" : 1747962691681,
          "duration" : 0
        },
        "status" : "passed",
        "steps" : [ ],
        "attachments" : [ ],
        "parameters" : [ ],
        "stepsCount" : 0,
        "attachmentsCount" : 0,
        "shouldDisplayMessage" : false,
        "hasContent" : false
      }, {
        "name" : "Request:",
        "time" : {
          "start" : 1747962691681,
          "stop" : 1747962691681,
          "duration" : 0
        },
        "status" : "passed",
        "steps" : [ {
          "name" : "Headers: {'Content-Type': 'application/json', 'Authorization': {'0b203c67-1d22-485a-8841-658e5a29c29d'}}",
          "time" : {
            "start" : 1747962691681,
            "stop" : 1747962691681,
            "duration" : 0
          },
          "status" : "passed",
          "steps" : [ ],
          "attachments" : [ ],
          "parameters" : [ ],
          "stepsCount" : 0,
          "attachmentsCount" : 0,
          "shouldDisplayMessage" : false,
          "hasContent" : false
        }, {
          "name" : "Body: {\"docker_image\": \"\", \"int_ports\": \"80\", \"env\": 3, \"region\": 3}",
          "time" : {
            "start" : 1747962691681,
            "stop" : 1747962691681,
            "duration" : 0
          },
          "status" : "passed",
          "steps" : [ ],
          "attachments" : [ ],
          "parameters" : [ ],
          "stepsCount" : 0,
          "attachmentsCount" : 0,
          "shouldDisplayMessage" : false,
          "hasContent" : false
        } ],
        "attachments" : [ ],
        "parameters" : [ ],
        "stepsCount" : 2,
        "attachmentsCount" : 0,
        "shouldDisplayMessage" : false,
        "hasContent" : true
      }, {
        "name" : "Response:",
        "time" : {
          "start" : 1747962691681,
          "stop" : 1747962691681,
          "duration" : 0
        },
        "status" : "passed",
        "steps" : [ {
          "name" : "Status code: 400",
          "time" : {
            "start" : 1747962691681,
            "stop" : 1747962691681,
            "duration" : 0
          },
          "status" : "passed",
          "steps" : [ ],
          "attachments" : [ ],
          "parameters" : [ ],
          "stepsCount" : 0,
          "attachmentsCount" : 0,
          "shouldDisplayMessage" : false,
          "hasContent" : false
        }, {
          "name" : "JSON: {\n    \"msg_code\": -1,\n    \"msg\": \"endpoint is disabled\"\n}\n",
          "time" : {
            "start" : 1747962691681,
            "stop" : 1747962691681,
            "duration" : 0
          },
          "status" : "passed",
          "steps" : [ ],
          "attachments" : [ ],
          "parameters" : [ ],
          "stepsCount" : 0,
          "attachmentsCount" : 0,
          "shouldDisplayMessage" : false,
          "hasContent" : false
        } ],
        "attachments" : [ ],
        "parameters" : [ ],
        "stepsCount" : 2,
        "attachmentsCount" : 0,
        "shouldDisplayMessage" : false,
        "hasContent" : true
      } ],
      "attachments" : [ ],
      "parameters" : [ ],
      "stepsCount" : 7,
      "attachmentsCount" : 0,
      "shouldDisplayMessage" : false,
      "hasContent" : true
    }, {
      "name" : "Assert status code: 400 == Response status code: 400",
      "time" : {
        "start" : 1747962691681,
        "stop" : 1747962691681,
        "duration" : 0
      },
      "status" : "passed",
      "steps" : [ ],
      "attachments" : [ ],
      "parameters" : [ ],
      "stepsCount" : 0,
      "attachmentsCount" : 0,
      "shouldDisplayMessage" : false,
      "hasContent" : false
    }, {
      "name" : "Compare result request with expected value:\nResponse: <Response [400]>\nField name: msg\nValue: msg[]: the image doesn't found in the DockerHub",
      "time" : {
        "start" : 1747962691681,
        "stop" : 1747962691681,
        "duration" : 0
      },
      "status" : "failed",
      "statusMessage" : "AssertionError: Result is not equal expected value\n",
      "statusTrace" : "  File \"/home/runner/work/Oblache/Oblache/tests_api/utils/checking.py\", line 57, in check_json_value\n    assert check_info == expected_value, 'Result is not equal expected value'\n           ^^^^^^^^^^^^^^^^^^^^^^^^^^^^\n",
      "steps" : [ ],
      "attachments" : [ ],
      "parameters" : [ ],
      "stepsCount" : 0,
      "attachmentsCount" : 0,
      "shouldDisplayMessage" : true,
      "hasContent" : true
    } ],
    "attachments" : [ ],
    "parameters" : [ ],
    "stepsCount" : 10,
    "attachmentsCount" : 0,
    "shouldDisplayMessage" : true,
    "hasContent" : true
  },
  "afterStages" : [ ],
  "labels" : [ {
    "name" : "suite",
    "value" : "POST"
  }, {
    "name" : "parentSuite",
    "value" : "tests_api"
  }, {
    "name" : "subSuite",
    "value" : "TestPOST"
  }, {
    "name" : "host",
    "value" : "pkrvmf6wy0o8zjz"
  }, {
    "name" : "thread",
    "value" : "2572-MainThread"
  }, {
    "name" : "framework",
    "value" : "pytest"
  }, {
    "name" : "language",
    "value" : "cpython3"
  }, {
    "name" : "package",
    "value" : "tests_api.test_bd"
  }, {
    "name" : "resultFormat",
    "value" : "allure2"
  } ],
  "parameters" : [ ],
  "links" : [ ],
  "hidden" : false,
  "retry" : false,
  "extra" : {
    "severity" : "normal",
    "retries" : [ ],
    "categories" : [ {
      "name" : "Product defects",
      "matchedStatuses" : [ ],
      "flaky" : false
    } ],
    "history" : {
      "statistic" : {
        "failed" : 160,
        "broken" : 0,
        "skipped" : 0,
        "passed" : 36,
        "unknown" : 0,
        "total" : 196
      },
      "items" : [ {
        "uid" : "c0afcf1626948659",
        "reportUrl" : "https://lambotik.github.io/Oblache/410//#testresult/c0afcf1626948659",
        "status" : "failed",
        "statusDetails" : "AssertionError: Result is not equal expected value",
        "time" : {
          "start" : 1747876299373,
          "stop" : 1747876299727,
          "duration" : 354
        }
      }, {
        "uid" : "a4af40324251bb72",
        "reportUrl" : "https://lambotik.github.io/Oblache/409//#testresult/a4af40324251bb72",
        "status" : "failed",
        "statusDetails" : "AssertionError: Result is not equal expected value",
        "time" : {
          "start" : 1747789936717,
          "stop" : 1747789937076,
          "duration" : 359
        }
      }, {
        "uid" : "7e5be3dfffe03df5",
        "reportUrl" : "https://lambotik.github.io/Oblache/408//#testresult/7e5be3dfffe03df5",
        "status" : "failed",
        "statusDetails" : "AssertionError: Result is not equal expected value",
        "time" : {
          "start" : 1747703566983,
          "stop" : 1747703567298,
          "duration" : 315
        }
      }, {
        "uid" : "f6dcf45188e442a0",
        "reportUrl" : "https://lambotik.github.io/Oblache/407//#testresult/f6dcf45188e442a0",
        "status" : "failed",
        "statusDetails" : "AssertionError: Result is not equal expected value",
        "time" : {
          "start" : 1747617281197,
          "stop" : 1747617281508,
          "duration" : 311
        }
      }, {
        "uid" : "21684dfbe8227c67",
        "reportUrl" : "https://lambotik.github.io/Oblache/406//#testresult/21684dfbe8227c67",
        "status" : "failed",
        "statusDetails" : "AssertionError: Result is not equal expected value",
        "time" : {
          "start" : 1747530977356,
          "stop" : 1747530977712,
          "duration" : 356
        }
      }, {
        "uid" : "1ab01d99da395012",
        "reportUrl" : "https://lambotik.github.io/Oblache/405//#testresult/1ab01d99da395012",
        "status" : "failed",
        "statusDetails" : "AssertionError: Result is not equal expected value",
        "time" : {
          "start" : 1747444221269,
          "stop" : 1747444221632,
          "duration" : 363
        }
      }, {
        "uid" : "2e180fad5d9e2787",
        "reportUrl" : "https://lambotik.github.io/Oblache/404//#testresult/2e180fad5d9e2787",
        "status" : "failed",
        "statusDetails" : "AssertionError: Result is not equal expected value",
        "time" : {
          "start" : 1747357921766,
          "stop" : 1747357922087,
          "duration" : 321
        }
      }, {
        "uid" : "237ac414d7738018",
        "reportUrl" : "https://lambotik.github.io/Oblache/403//#testresult/237ac414d7738018",
        "status" : "failed",
        "statusDetails" : "AssertionError: Result is not equal expected value",
        "time" : {
          "start" : 1747271316278,
          "stop" : 1747271316595,
          "duration" : 317
        }
      }, {
        "uid" : "6e67c32207f11e4e",
        "reportUrl" : "https://lambotik.github.io/Oblache/402//#testresult/6e67c32207f11e4e",
        "status" : "failed",
        "statusDetails" : "AssertionError: Result is not equal expected value",
        "time" : {
          "start" : 1747185061608,
          "stop" : 1747185062112,
          "duration" : 504
        }
      }, {
        "uid" : "190824c14a05353a",
        "reportUrl" : "https://lambotik.github.io/Oblache/401//#testresult/190824c14a05353a",
        "status" : "failed",
        "statusDetails" : "AssertionError: Result is not equal expected value",
        "time" : {
          "start" : 1747098729024,
          "stop" : 1747098729386,
          "duration" : 362
        }
      }, {
        "uid" : "97a9ce4d9f6166dd",
        "reportUrl" : "https://lambotik.github.io/Oblache/400//#testresult/97a9ce4d9f6166dd",
        "status" : "failed",
        "statusDetails" : "AssertionError: Result is not equal expected value",
        "time" : {
          "start" : 1747012433120,
          "stop" : 1747012433531,
          "duration" : 411
        }
      }, {
        "uid" : "9cc17eb27afae19e",
        "reportUrl" : "https://lambotik.github.io/Oblache/399//#testresult/9cc17eb27afae19e",
        "status" : "failed",
        "statusDetails" : "AssertionError: Result is not equal expected value",
        "time" : {
          "start" : 1746926133249,
          "stop" : 1746926133748,
          "duration" : 499
        }
      }, {
        "uid" : "acdbe802b880429e",
        "reportUrl" : "https://lambotik.github.io/Oblache/398//#testresult/acdbe802b880429e",
        "status" : "failed",
        "statusDetails" : "AssertionError: Result is not equal expected value",
        "time" : {
          "start" : 1746839290323,
          "stop" : 1746839290626,
          "duration" : 303
        }
      }, {
        "uid" : "fee7694e37c27367",
        "reportUrl" : "https://lambotik.github.io/Oblache/397//#testresult/fee7694e37c27367",
        "status" : "failed",
        "statusDetails" : "AssertionError: Result is not equal expected value",
        "time" : {
          "start" : 1746753043769,
          "stop" : 1746753044081,
          "duration" : 312
        }
      }, {
        "uid" : "c980a942a61d0f2b",
        "reportUrl" : "https://lambotik.github.io/Oblache/396//#testresult/c980a942a61d0f2b",
        "status" : "failed",
        "statusDetails" : "AssertionError: Result is not equal expected value",
        "time" : {
          "start" : 1746666698175,
          "stop" : 1746666698673,
          "duration" : 498
        }
      }, {
        "uid" : "ea7d8df178ef3534",
        "reportUrl" : "https://lambotik.github.io/Oblache/395//#testresult/ea7d8df178ef3534",
        "status" : "failed",
        "statusDetails" : "AssertionError: Result is not equal expected value",
        "time" : {
          "start" : 1746580268167,
          "stop" : 1746580268681,
          "duration" : 514
        }
      }, {
        "uid" : "8b4eca1412cd3b95",
        "reportUrl" : "https://lambotik.github.io/Oblache/394//#testresult/8b4eca1412cd3b95",
        "status" : "failed",
        "statusDetails" : "AssertionError: Result is not equal expected value",
        "time" : {
          "start" : 1746493835196,
          "stop" : 1746493835685,
          "duration" : 489
        }
      }, {
        "uid" : "5d4fea04c80cddce",
        "reportUrl" : "https://lambotik.github.io/Oblache/393//#testresult/5d4fea04c80cddce",
        "status" : "failed",
        "statusDetails" : "AssertionError: Result is not equal expected value",
        "time" : {
          "start" : 1746407589898,
          "stop" : 1746407590258,
          "duration" : 360
        }
      }, {
        "uid" : "86dfadf074d01eb0",
        "reportUrl" : "https://lambotik.github.io/Oblache/389//#testresult/86dfadf074d01eb0",
        "status" : "failed",
        "statusDetails" : "AssertionError: Result is not equal expected value",
        "time" : {
          "start" : 1746062152739,
          "stop" : 1746062153059,
          "duration" : 320
        }
      }, {
        "uid" : "124e8054ee81f6ff",
        "reportUrl" : "https://lambotik.github.io/Oblache/388//#testresult/124e8054ee81f6ff",
        "status" : "failed",
        "statusDetails" : "AssertionError: Result is not equal expected value",
        "time" : {
          "start" : 1745975385855,
          "stop" : 1745975386166,
          "duration" : 311
        }
      } ]
    },
    "tags" : [ ]
  },
  "source" : "bcfbd94e71ba60d1.json",
  "parameterValues" : [ ]
}