{
  "uid" : "fde1916f0b7c7c82",
  "name" : "POST checking ports_len negative len",
  "fullName" : "tests_api.test_bd.TestPOST#test_post_checking_ports_len_negative_len",
  "historyId" : "9489e2633e96acb1f0103e85b89d7a6f",
  "time" : {
    "start" : 1747962690181,
    "stop" : 1747962690541,
    "duration" : 360
  },
  "status" : "failed",
  "statusMessage" : "AssertionError: Result is not equal expected value",
  "statusTrace" : "self = <tests_api.test_bd.TestPOST object at 0x7f8fd9d7a4e0>\n\n    @allure.title('POST checking ports_len negative len')\n    def test_post_checking_ports_len_negative_len(self):\n        result = API.post_create_docker_container_checking_ports(\n            token=TestPOST.token,\n            port_len=\"80,81,82,83,84,85,86,87,88,89,90\")\n        Checking.check_status_code(result, 400)\n>       Checking.check_json_value(result, 'msg', 'msg[]: ports range is too wide')\n\ntests_api/test_bd.py:391: \n_ _ _ _ _ _ _ _ _ _ _ _ _ _ _ _ _ _ _ _ _ _ _ _ _ _ _ _ _ _ _ _ _ _ _ _ _ _ _ _ \n\nresponse = <Response [400]>, field_name = 'msg'\nexpected_value = 'msg[]: ports range is too wide'\n\n    @staticmethod\n    def check_json_value(response: requests.models.Response, field_name: str, expected_value):\n        \"\"\"\n        :param response: requests.models.Response\n        :param field_name:\n        :param expected_value:\n        \"\"\"\n        check = response.json()\n        check_info = check.get(field_name)\n        with allure.step(\n                f'Compare result request with expected value:'\n                f'\\nResponse: {response}\\nField name: {field_name}\\nValue: {expected_value}'):\n>           assert check_info == expected_value, 'Result is not equal expected value'\nE           AssertionError: Result is not equal expected value\n\ntests_api/utils/checking.py:57: AssertionError",
  "flaky" : false,
  "newFailed" : false,
  "beforeStages" : [ ],
  "testStage" : {
    "status" : "failed",
    "statusMessage" : "AssertionError: Result is not equal expected value",
    "statusTrace" : "self = <tests_api.test_bd.TestPOST object at 0x7f8fd9d7a4e0>\n\n    @allure.title('POST checking ports_len negative len')\n    def test_post_checking_ports_len_negative_len(self):\n        result = API.post_create_docker_container_checking_ports(\n            token=TestPOST.token,\n            port_len=\"80,81,82,83,84,85,86,87,88,89,90\")\n        Checking.check_status_code(result, 400)\n>       Checking.check_json_value(result, 'msg', 'msg[]: ports range is too wide')\n\ntests_api/test_bd.py:391: \n_ _ _ _ _ _ _ _ _ _ _ _ _ _ _ _ _ _ _ _ _ _ _ _ _ _ _ _ _ _ _ _ _ _ _ _ _ _ _ _ \n\nresponse = <Response [400]>, field_name = 'msg'\nexpected_value = 'msg[]: ports range is too wide'\n\n    @staticmethod\n    def check_json_value(response: requests.models.Response, field_name: str, expected_value):\n        \"\"\"\n        :param response: requests.models.Response\n        :param field_name:\n        :param expected_value:\n        \"\"\"\n        check = response.json()\n        check_info = check.get(field_name)\n        with allure.step(\n                f'Compare result request with expected value:'\n                f'\\nResponse: {response}\\nField name: {field_name}\\nValue: {expected_value}'):\n>           assert check_info == expected_value, 'Result is not equal expected value'\nE           AssertionError: Result is not equal expected value\n\ntests_api/utils/checking.py:57: AssertionError",
    "steps" : [ {
      "name" : "post_create_docker_container",
      "time" : {
        "start" : 1747962690181,
        "stop" : 1747962690541,
        "duration" : 360
      },
      "status" : "passed",
      "steps" : [ {
        "name" : "Endpoint: /container_create",
        "time" : {
          "start" : 1747962690541,
          "stop" : 1747962690541,
          "duration" : 0
        },
        "status" : "passed",
        "steps" : [ ],
        "attachments" : [ ],
        "parameters" : [ ],
        "stepsCount" : 0,
        "attachmentsCount" : 0,
        "shouldDisplayMessage" : false,
        "hasContent" : false
      }, {
        "name" : "Request:",
        "time" : {
          "start" : 1747962690541,
          "stop" : 1747962690541,
          "duration" : 0
        },
        "status" : "passed",
        "steps" : [ {
          "name" : "Headers: {'Content-Type': 'application/json', 'Authorization': {'0b203c67-1d22-485a-8841-658e5a29c29d'}}",
          "time" : {
            "start" : 1747962690541,
            "stop" : 1747962690541,
            "duration" : 0
          },
          "status" : "passed",
          "steps" : [ ],
          "attachments" : [ ],
          "parameters" : [ ],
          "stepsCount" : 0,
          "attachmentsCount" : 0,
          "shouldDisplayMessage" : false,
          "hasContent" : false
        }, {
          "name" : "Body: {\"docker_image\": \"nginx\", \"int_ports\": f\"80,81,82,83,84,85,86,87,88,89,90\", \"env\": 3, \"region\": 3}",
          "time" : {
            "start" : 1747962690541,
            "stop" : 1747962690541,
            "duration" : 0
          },
          "status" : "passed",
          "steps" : [ ],
          "attachments" : [ ],
          "parameters" : [ ],
          "stepsCount" : 0,
          "attachmentsCount" : 0,
          "shouldDisplayMessage" : false,
          "hasContent" : false
        } ],
        "attachments" : [ ],
        "parameters" : [ ],
        "stepsCount" : 2,
        "attachmentsCount" : 0,
        "shouldDisplayMessage" : false,
        "hasContent" : true
      }, {
        "name" : "Response:",
        "time" : {
          "start" : 1747962690541,
          "stop" : 1747962690541,
          "duration" : 0
        },
        "status" : "passed",
        "steps" : [ {
          "name" : "Status code: 400",
          "time" : {
            "start" : 1747962690541,
            "stop" : 1747962690541,
            "duration" : 0
          },
          "status" : "passed",
          "steps" : [ ],
          "attachments" : [ ],
          "parameters" : [ ],
          "stepsCount" : 0,
          "attachmentsCount" : 0,
          "shouldDisplayMessage" : false,
          "hasContent" : false
        }, {
          "name" : "JSON: {\n    \"msg_code\": -1,\n    \"msg\": \"endpoint is disabled\"\n}\n",
          "time" : {
            "start" : 1747962690541,
            "stop" : 1747962690541,
            "duration" : 0
          },
          "status" : "passed",
          "steps" : [ ],
          "attachments" : [ ],
          "parameters" : [ ],
          "stepsCount" : 0,
          "attachmentsCount" : 0,
          "shouldDisplayMessage" : false,
          "hasContent" : false
        } ],
        "attachments" : [ ],
        "parameters" : [ ],
        "stepsCount" : 2,
        "attachmentsCount" : 0,
        "shouldDisplayMessage" : false,
        "hasContent" : true
      } ],
      "attachments" : [ ],
      "parameters" : [ ],
      "stepsCount" : 7,
      "attachmentsCount" : 0,
      "shouldDisplayMessage" : false,
      "hasContent" : true
    }, {
      "name" : "Assert status code: 400 == Response status code: 400",
      "time" : {
        "start" : 1747962690541,
        "stop" : 1747962690541,
        "duration" : 0
      },
      "status" : "passed",
      "steps" : [ ],
      "attachments" : [ ],
      "parameters" : [ ],
      "stepsCount" : 0,
      "attachmentsCount" : 0,
      "shouldDisplayMessage" : false,
      "hasContent" : false
    }, {
      "name" : "Compare result request with expected value:\nResponse: <Response [400]>\nField name: msg\nValue: msg[]: ports range is too wide",
      "time" : {
        "start" : 1747962690541,
        "stop" : 1747962690541,
        "duration" : 0
      },
      "status" : "failed",
      "statusMessage" : "AssertionError: Result is not equal expected value\n",
      "statusTrace" : "  File \"/home/runner/work/Oblache/Oblache/tests_api/utils/checking.py\", line 57, in check_json_value\n    assert check_info == expected_value, 'Result is not equal expected value'\n           ^^^^^^^^^^^^^^^^^^^^^^^^^^^^\n",
      "steps" : [ ],
      "attachments" : [ ],
      "parameters" : [ ],
      "stepsCount" : 0,
      "attachmentsCount" : 0,
      "shouldDisplayMessage" : true,
      "hasContent" : true
    } ],
    "attachments" : [ ],
    "parameters" : [ ],
    "stepsCount" : 10,
    "attachmentsCount" : 0,
    "shouldDisplayMessage" : true,
    "hasContent" : true
  },
  "afterStages" : [ ],
  "labels" : [ {
    "name" : "suite",
    "value" : "POST"
  }, {
    "name" : "parentSuite",
    "value" : "tests_api"
  }, {
    "name" : "subSuite",
    "value" : "TestPOST"
  }, {
    "name" : "host",
    "value" : "pkrvmf6wy0o8zjz"
  }, {
    "name" : "thread",
    "value" : "2572-MainThread"
  }, {
    "name" : "framework",
    "value" : "pytest"
  }, {
    "name" : "language",
    "value" : "cpython3"
  }, {
    "name" : "package",
    "value" : "tests_api.test_bd"
  }, {
    "name" : "resultFormat",
    "value" : "allure2"
  } ],
  "parameters" : [ ],
  "links" : [ ],
  "hidden" : false,
  "retry" : false,
  "extra" : {
    "severity" : "normal",
    "retries" : [ ],
    "categories" : [ {
      "name" : "Product defects",
      "matchedStatuses" : [ ],
      "flaky" : false
    } ],
    "history" : {
      "statistic" : {
        "failed" : 160,
        "broken" : 0,
        "skipped" : 0,
        "passed" : 36,
        "unknown" : 0,
        "total" : 196
      },
      "items" : [ {
        "uid" : "cdbbd84202a6cec7",
        "reportUrl" : "https://lambotik.github.io/Oblache/410//#testresult/cdbbd84202a6cec7",
        "status" : "failed",
        "statusDetails" : "AssertionError: Result is not equal expected value",
        "time" : {
          "start" : 1747876298270,
          "stop" : 1747876298628,
          "duration" : 358
        }
      }, {
        "uid" : "1bac687e2b7728c4",
        "reportUrl" : "https://lambotik.github.io/Oblache/409//#testresult/1bac687e2b7728c4",
        "status" : "failed",
        "statusDetails" : "AssertionError: Result is not equal expected value",
        "time" : {
          "start" : 1747789935597,
          "stop" : 1747789935954,
          "duration" : 357
        }
      }, {
        "uid" : "aaaefd5c4d6ebcc9",
        "reportUrl" : "https://lambotik.github.io/Oblache/408//#testresult/aaaefd5c4d6ebcc9",
        "status" : "failed",
        "statusDetails" : "AssertionError: Result is not equal expected value",
        "time" : {
          "start" : 1747703566032,
          "stop" : 1747703566338,
          "duration" : 306
        }
      }, {
        "uid" : "a1674fb3546e8c5c",
        "reportUrl" : "https://lambotik.github.io/Oblache/407//#testresult/a1674fb3546e8c5c",
        "status" : "failed",
        "statusDetails" : "AssertionError: Result is not equal expected value",
        "time" : {
          "start" : 1747617280175,
          "stop" : 1747617280491,
          "duration" : 316
        }
      }, {
        "uid" : "5c44074bf4bbd8eb",
        "reportUrl" : "https://lambotik.github.io/Oblache/406//#testresult/5c44074bf4bbd8eb",
        "status" : "failed",
        "statusDetails" : "AssertionError: Result is not equal expected value",
        "time" : {
          "start" : 1747530976233,
          "stop" : 1747530976596,
          "duration" : 363
        }
      }, {
        "uid" : "4fd4bc51d16aba1",
        "reportUrl" : "https://lambotik.github.io/Oblache/405//#testresult/4fd4bc51d16aba1",
        "status" : "failed",
        "statusDetails" : "AssertionError: Result is not equal expected value",
        "time" : {
          "start" : 1747444220155,
          "stop" : 1747444220516,
          "duration" : 361
        }
      }, {
        "uid" : "a2daeda1961ebc00",
        "reportUrl" : "https://lambotik.github.io/Oblache/404//#testresult/a2daeda1961ebc00",
        "status" : "failed",
        "statusDetails" : "AssertionError: Result is not equal expected value",
        "time" : {
          "start" : 1747357920754,
          "stop" : 1747357921069,
          "duration" : 315
        }
      }, {
        "uid" : "9bdf9ba7154b45f9",
        "reportUrl" : "https://lambotik.github.io/Oblache/403//#testresult/9bdf9ba7154b45f9",
        "status" : "failed",
        "statusDetails" : "AssertionError: Result is not equal expected value",
        "time" : {
          "start" : 1747271315330,
          "stop" : 1747271315632,
          "duration" : 302
        }
      }, {
        "uid" : "65d6ce672567a5f5",
        "reportUrl" : "https://lambotik.github.io/Oblache/402//#testresult/65d6ce672567a5f5",
        "status" : "failed",
        "statusDetails" : "AssertionError: Result is not equal expected value",
        "time" : {
          "start" : 1747185060038,
          "stop" : 1747185060544,
          "duration" : 506
        }
      }, {
        "uid" : "1c68348d7be3432d",
        "reportUrl" : "https://lambotik.github.io/Oblache/401//#testresult/1c68348d7be3432d",
        "status" : "failed",
        "statusDetails" : "AssertionError: Result is not equal expected value",
        "time" : {
          "start" : 1747098727879,
          "stop" : 1747098728259,
          "duration" : 380
        }
      }, {
        "uid" : "759cebf2e66e9f2c",
        "reportUrl" : "https://lambotik.github.io/Oblache/400//#testresult/759cebf2e66e9f2c",
        "status" : "failed",
        "statusDetails" : "AssertionError: Result is not equal expected value",
        "time" : {
          "start" : 1747012431847,
          "stop" : 1747012432259,
          "duration" : 412
        }
      }, {
        "uid" : "ef4f77ca90b7c012",
        "reportUrl" : "https://lambotik.github.io/Oblache/399//#testresult/ef4f77ca90b7c012",
        "status" : "failed",
        "statusDetails" : "AssertionError: Result is not equal expected value",
        "time" : {
          "start" : 1746926131708,
          "stop" : 1746926132215,
          "duration" : 507
        }
      }, {
        "uid" : "483739bb9a83caa6",
        "reportUrl" : "https://lambotik.github.io/Oblache/398//#testresult/483739bb9a83caa6",
        "status" : "failed",
        "statusDetails" : "AssertionError: Result is not equal expected value",
        "time" : {
          "start" : 1746839289340,
          "stop" : 1746839289648,
          "duration" : 308
        }
      }, {
        "uid" : "14efde18b84dccc6",
        "reportUrl" : "https://lambotik.github.io/Oblache/397//#testresult/14efde18b84dccc6",
        "status" : "failed",
        "statusDetails" : "AssertionError: Result is not equal expected value",
        "time" : {
          "start" : 1746753042797,
          "stop" : 1746753043108,
          "duration" : 311
        }
      }, {
        "uid" : "d4d2fa532aff51b5",
        "reportUrl" : "https://lambotik.github.io/Oblache/396//#testresult/d4d2fa532aff51b5",
        "status" : "failed",
        "statusDetails" : "AssertionError: Result is not equal expected value",
        "time" : {
          "start" : 1746666696604,
          "stop" : 1746666697102,
          "duration" : 498
        }
      }, {
        "uid" : "755e0ba8045164f0",
        "reportUrl" : "https://lambotik.github.io/Oblache/395//#testresult/755e0ba8045164f0",
        "status" : "failed",
        "statusDetails" : "AssertionError: Result is not equal expected value",
        "time" : {
          "start" : 1746580266620,
          "stop" : 1746580267125,
          "duration" : 505
        }
      }, {
        "uid" : "ddf5cf35e423aefb",
        "reportUrl" : "https://lambotik.github.io/Oblache/394//#testresult/ddf5cf35e423aefb",
        "status" : "failed",
        "statusDetails" : "AssertionError: Result is not equal expected value",
        "time" : {
          "start" : 1746493834216,
          "stop" : 1746493834530,
          "duration" : 314
        }
      }, {
        "uid" : "1c0ce8cd61c2ed20",
        "reportUrl" : "https://lambotik.github.io/Oblache/393//#testresult/1c0ce8cd61c2ed20",
        "status" : "failed",
        "statusDetails" : "AssertionError: Result is not equal expected value",
        "time" : {
          "start" : 1746407588786,
          "stop" : 1746407589150,
          "duration" : 364
        }
      }, {
        "uid" : "6168f27a300c7706",
        "reportUrl" : "https://lambotik.github.io/Oblache/389//#testresult/6168f27a300c7706",
        "status" : "failed",
        "statusDetails" : "AssertionError: Result is not equal expected value",
        "time" : {
          "start" : 1746062151760,
          "stop" : 1746062152076,
          "duration" : 316
        }
      }, {
        "uid" : "ae392dad109ed0f5",
        "reportUrl" : "https://lambotik.github.io/Oblache/388//#testresult/ae392dad109ed0f5",
        "status" : "failed",
        "statusDetails" : "AssertionError: Result is not equal expected value",
        "time" : {
          "start" : 1745975384882,
          "stop" : 1745975385197,
          "duration" : 315
        }
      } ]
    },
    "tags" : [ ]
  },
  "source" : "fde1916f0b7c7c82.json",
  "parameterValues" : [ ]
}