{
  "uid" : "ca22a02ae27f213a",
  "name" : "POST db_create_with_wrong_env.",
  "fullName" : "tests_api.test_bd.TestPOST#test_post_db_create_with_wrong_values_env",
  "historyId" : "7ce8359f9c0963d82ed82d33290818c9",
  "time" : {
    "start" : 1726880329602,
    "stop" : 1726880329958,
    "duration" : 356
  },
  "status" : "failed",
  "statusMessage" : "AssertionError: Incorrect status code: 403",
  "statusTrace" : "self = <tests_api.test_bd.TestPOST object at 0x7fd641be5e50>\n\n    @allure.title('POST db_create_with_wrong_env.')\n    def test_post_db_create_with_wrong_values_env(self):\n        response_db_list = API.post_db_create_wrong_value_env(token=TestPOST.token)\n>       Checking.check_status_code(response_db_list, 400)\n\ntests_api/test_bd.py:278: \n_ _ _ _ _ _ _ _ _ _ _ _ _ _ _ _ _ _ _ _ _ _ _ _ _ _ _ _ _ _ _ _ _ _ _ _ _ _ _ _ \n\nresult = <Response [403]>, status_code = 400\n\n    @staticmethod\n    def check_status_code(result: requests.models.Response, status_code: int):\n        \"\"\"\n        Method check status code\n        :param result: Response\n        :param status_code:\n        \"\"\"\n        with allure.step(f'Assert status code: {status_code} == Response status code: {result.status_code}'):\n>           assert status_code == result.status_code, f'Incorrect status code: {result.status_code}'\nE           AssertionError: Incorrect status code: 403\n\ntests_api/utils/checking.py:16: AssertionError",
  "flaky" : false,
  "newFailed" : false,
  "beforeStages" : [ ],
  "testStage" : {
    "status" : "failed",
    "statusMessage" : "AssertionError: Incorrect status code: 403",
    "statusTrace" : "self = <tests_api.test_bd.TestPOST object at 0x7fd641be5e50>\n\n    @allure.title('POST db_create_with_wrong_env.')\n    def test_post_db_create_with_wrong_values_env(self):\n        response_db_list = API.post_db_create_wrong_value_env(token=TestPOST.token)\n>       Checking.check_status_code(response_db_list, 400)\n\ntests_api/test_bd.py:278: \n_ _ _ _ _ _ _ _ _ _ _ _ _ _ _ _ _ _ _ _ _ _ _ _ _ _ _ _ _ _ _ _ _ _ _ _ _ _ _ _ \n\nresult = <Response [403]>, status_code = 400\n\n    @staticmethod\n    def check_status_code(result: requests.models.Response, status_code: int):\n        \"\"\"\n        Method check status code\n        :param result: Response\n        :param status_code:\n        \"\"\"\n        with allure.step(f'Assert status code: {status_code} == Response status code: {result.status_code}'):\n>           assert status_code == result.status_code, f'Incorrect status code: {result.status_code}'\nE           AssertionError: Incorrect status code: 403\n\ntests_api/utils/checking.py:16: AssertionError",
    "steps" : [ {
      "name" : "post_db_create_wrong_value_env",
      "time" : {
        "start" : 1726880329602,
        "stop" : 1726880329958,
        "duration" : 356
      },
      "status" : "passed",
      "steps" : [ {
        "name" : "Endpoint: /db_create",
        "time" : {
          "start" : 1726880329957,
          "stop" : 1726880329957,
          "duration" : 0
        },
        "status" : "passed",
        "steps" : [ ],
        "attachments" : [ ],
        "parameters" : [ ],
        "attachmentsCount" : 0,
        "shouldDisplayMessage" : false,
        "hasContent" : false,
        "stepsCount" : 0
      }, {
        "name" : "Request:",
        "time" : {
          "start" : 1726880329957,
          "stop" : 1726880329958,
          "duration" : 1
        },
        "status" : "passed",
        "steps" : [ {
          "name" : "Url: https://dbend.areso.pro/db_create",
          "time" : {
            "start" : 1726880329958,
            "stop" : 1726880329958,
            "duration" : 0
          },
          "status" : "passed",
          "steps" : [ ],
          "attachments" : [ ],
          "parameters" : [ ],
          "attachmentsCount" : 0,
          "shouldDisplayMessage" : false,
          "hasContent" : false,
          "stepsCount" : 0
        }, {
          "name" : "Headers: {'Content-Type': 'application/json', 'Authorization': '71e8146f-d5bb-446d-a310-13bf9a05545b'}",
          "time" : {
            "start" : 1726880329958,
            "stop" : 1726880329958,
            "duration" : 0
          },
          "status" : "passed",
          "steps" : [ ],
          "attachments" : [ ],
          "parameters" : [ ],
          "attachmentsCount" : 0,
          "shouldDisplayMessage" : false,
          "hasContent" : false,
          "stepsCount" : 0
        }, {
          "name" : "Body: {\"dbtype\": 3, \"dbversion\": 5, \"env\": 26, \"region\": 3}",
          "time" : {
            "start" : 1726880329958,
            "stop" : 1726880329958,
            "duration" : 0
          },
          "status" : "passed",
          "steps" : [ ],
          "attachments" : [ ],
          "parameters" : [ ],
          "attachmentsCount" : 0,
          "shouldDisplayMessage" : false,
          "hasContent" : false,
          "stepsCount" : 0
        } ],
        "attachments" : [ ],
        "parameters" : [ ],
        "attachmentsCount" : 0,
        "shouldDisplayMessage" : false,
        "hasContent" : true,
        "stepsCount" : 3
      }, {
        "name" : "Response:",
        "time" : {
          "start" : 1726880329958,
          "stop" : 1726880329958,
          "duration" : 0
        },
        "status" : "passed",
        "steps" : [ {
          "name" : "Status code: 403",
          "time" : {
            "start" : 1726880329958,
            "stop" : 1726880329958,
            "duration" : 0
          },
          "status" : "passed",
          "steps" : [ ],
          "attachments" : [ ],
          "parameters" : [ ],
          "attachmentsCount" : 0,
          "shouldDisplayMessage" : false,
          "hasContent" : false,
          "stepsCount" : 0
        }, {
          "name" : "JSON: {\n    \"content\": \"you are not allowed to create new databases\"\n}\n",
          "time" : {
            "start" : 1726880329958,
            "stop" : 1726880329958,
            "duration" : 0
          },
          "status" : "passed",
          "steps" : [ ],
          "attachments" : [ ],
          "parameters" : [ ],
          "attachmentsCount" : 0,
          "shouldDisplayMessage" : false,
          "hasContent" : false,
          "stepsCount" : 0
        } ],
        "attachments" : [ ],
        "parameters" : [ ],
        "attachmentsCount" : 0,
        "shouldDisplayMessage" : false,
        "hasContent" : true,
        "stepsCount" : 2
      } ],
      "attachments" : [ ],
      "parameters" : [ ],
      "attachmentsCount" : 0,
      "shouldDisplayMessage" : false,
      "hasContent" : true,
      "stepsCount" : 8
    }, {
      "name" : "Assert status code: 400 == Response status code: 403",
      "time" : {
        "start" : 1726880329958,
        "stop" : 1726880329958,
        "duration" : 0
      },
      "status" : "failed",
      "statusMessage" : "AssertionError: Incorrect status code: 403\n",
      "statusTrace" : "  File \"/home/runner/work/Oblache/Oblache/tests_api/utils/checking.py\", line 16, in check_status_code\n    assert status_code == result.status_code, f'Incorrect status code: {result.status_code}'\n           ^^^^^^^^^^^^^^^^^^^^^^^^^^^^^^^^^\n",
      "steps" : [ ],
      "attachments" : [ ],
      "parameters" : [ ],
      "attachmentsCount" : 0,
      "shouldDisplayMessage" : true,
      "hasContent" : true,
      "stepsCount" : 0
    } ],
    "attachments" : [ ],
    "parameters" : [ ],
    "attachmentsCount" : 0,
    "shouldDisplayMessage" : true,
    "hasContent" : true,
    "stepsCount" : 10
  },
  "afterStages" : [ ],
  "labels" : [ {
    "name" : "suite",
    "value" : "POST"
  }, {
    "name" : "parentSuite",
    "value" : "tests_api"
  }, {
    "name" : "subSuite",
    "value" : "TestPOST"
  }, {
    "name" : "host",
    "value" : "fv-az692-270"
  }, {
    "name" : "thread",
    "value" : "2267-MainThread"
  }, {
    "name" : "framework",
    "value" : "pytest"
  }, {
    "name" : "language",
    "value" : "cpython3"
  }, {
    "name" : "package",
    "value" : "tests_api.test_bd"
  }, {
    "name" : "resultFormat",
    "value" : "allure2"
  } ],
  "parameters" : [ ],
  "links" : [ ],
  "hidden" : false,
  "retry" : false,
  "extra" : {
    "severity" : "normal",
    "retries" : [ ],
    "categories" : [ {
      "name" : "Product defects",
      "matchedStatuses" : [ ],
      "flaky" : false
    } ],
    "history" : {
      "statistic" : {
        "failed" : 2,
        "broken" : 0,
        "skipped" : 0,
        "passed" : 0,
        "unknown" : 0,
        "total" : 2
      },
      "items" : [ {
        "uid" : "f10fa7f3870539ed",
        "reportUrl" : "https://lambotik.github.io/Oblache/166//#testresult/f10fa7f3870539ed",
        "status" : "failed",
        "statusDetails" : "AssertionError: Incorrect status code: 403",
        "time" : {
          "start" : 1726793985177,
          "stop" : 1726793985689,
          "duration" : 512
        }
      } ]
    },
    "tags" : [ ]
  },
  "source" : "ca22a02ae27f213a.json",
  "parameterValues" : [ ]
}