{
  "uid" : "69419a49ffe98884",
  "name" : "POST checking ports_len negative len",
  "fullName" : "tests_api.test_bd.TestPOST#test_post_checking_ports_len_negative_len",
  "historyId" : "9489e2633e96acb1f0103e85b89d7a6f",
  "time" : {
    "start" : 1753582883961,
    "stop" : 1753582884466,
    "duration" : 505
  },
  "status" : "failed",
  "statusMessage" : "AssertionError: Result is not equal expected value",
  "statusTrace" : "self = <tests_api.test_bd.TestPOST object at 0x7f326875c170>\n\n    @allure.title('POST checking ports_len negative len')\n    def test_post_checking_ports_len_negative_len(self):\n        result = API.post_create_docker_container_checking_ports(\n            token=TestPOST.token,\n            port_len=\"80,81,82,83,84,85,86,87,88,89,90\")\n        Checking.check_status_code(result, 400)\n>       Checking.check_json_value(result, 'msg', 'msg[]: ports range is too wide')\n\ntests_api/test_bd.py:391: \n_ _ _ _ _ _ _ _ _ _ _ _ _ _ _ _ _ _ _ _ _ _ _ _ _ _ _ _ _ _ _ _ _ _ _ _ _ _ _ _ \n\nresponse = <Response [400]>, field_name = 'msg'\nexpected_value = 'msg[]: ports range is too wide'\n\n    @staticmethod\n    def check_json_value(response: requests.models.Response, field_name: str, expected_value):\n        \"\"\"\n        :param response: requests.models.Response\n        :param field_name:\n        :param expected_value:\n        \"\"\"\n        check = response.json()\n        check_info = check.get(field_name)\n        with allure.step(\n                f'Compare result request with expected value:'\n                f'\\nResponse: {response}\\nField name: {field_name}\\nValue: {expected_value}'):\n>           assert check_info == expected_value, 'Result is not equal expected value'\nE           AssertionError: Result is not equal expected value\n\ntests_api/utils/checking.py:57: AssertionError",
  "flaky" : false,
  "newFailed" : false,
  "beforeStages" : [ ],
  "testStage" : {
    "status" : "failed",
    "statusMessage" : "AssertionError: Result is not equal expected value",
    "statusTrace" : "self = <tests_api.test_bd.TestPOST object at 0x7f326875c170>\n\n    @allure.title('POST checking ports_len negative len')\n    def test_post_checking_ports_len_negative_len(self):\n        result = API.post_create_docker_container_checking_ports(\n            token=TestPOST.token,\n            port_len=\"80,81,82,83,84,85,86,87,88,89,90\")\n        Checking.check_status_code(result, 400)\n>       Checking.check_json_value(result, 'msg', 'msg[]: ports range is too wide')\n\ntests_api/test_bd.py:391: \n_ _ _ _ _ _ _ _ _ _ _ _ _ _ _ _ _ _ _ _ _ _ _ _ _ _ _ _ _ _ _ _ _ _ _ _ _ _ _ _ \n\nresponse = <Response [400]>, field_name = 'msg'\nexpected_value = 'msg[]: ports range is too wide'\n\n    @staticmethod\n    def check_json_value(response: requests.models.Response, field_name: str, expected_value):\n        \"\"\"\n        :param response: requests.models.Response\n        :param field_name:\n        :param expected_value:\n        \"\"\"\n        check = response.json()\n        check_info = check.get(field_name)\n        with allure.step(\n                f'Compare result request with expected value:'\n                f'\\nResponse: {response}\\nField name: {field_name}\\nValue: {expected_value}'):\n>           assert check_info == expected_value, 'Result is not equal expected value'\nE           AssertionError: Result is not equal expected value\n\ntests_api/utils/checking.py:57: AssertionError",
    "steps" : [ {
      "name" : "post_create_docker_container",
      "time" : {
        "start" : 1753582883961,
        "stop" : 1753582884465,
        "duration" : 504
      },
      "status" : "passed",
      "steps" : [ {
        "name" : "Endpoint: /container_create",
        "time" : {
          "start" : 1753582884465,
          "stop" : 1753582884465,
          "duration" : 0
        },
        "status" : "passed",
        "steps" : [ ],
        "attachments" : [ ],
        "parameters" : [ ],
        "stepsCount" : 0,
        "attachmentsCount" : 0,
        "shouldDisplayMessage" : false,
        "hasContent" : false
      }, {
        "name" : "Request:",
        "time" : {
          "start" : 1753582884465,
          "stop" : 1753582884465,
          "duration" : 0
        },
        "status" : "passed",
        "steps" : [ {
          "name" : "Headers: {'Content-Type': 'application/json', 'Authorization': {'05a7347d-7568-4ef3-b895-ba5a4ba6e84c'}}",
          "time" : {
            "start" : 1753582884465,
            "stop" : 1753582884465,
            "duration" : 0
          },
          "status" : "passed",
          "steps" : [ ],
          "attachments" : [ ],
          "parameters" : [ ],
          "stepsCount" : 0,
          "attachmentsCount" : 0,
          "shouldDisplayMessage" : false,
          "hasContent" : false
        }, {
          "name" : "Body: {\"docker_image\": \"nginx\", \"int_ports\": f\"80,81,82,83,84,85,86,87,88,89,90\", \"env\": 3, \"region\": 3}",
          "time" : {
            "start" : 1753582884465,
            "stop" : 1753582884465,
            "duration" : 0
          },
          "status" : "passed",
          "steps" : [ ],
          "attachments" : [ ],
          "parameters" : [ ],
          "stepsCount" : 0,
          "attachmentsCount" : 0,
          "shouldDisplayMessage" : false,
          "hasContent" : false
        } ],
        "attachments" : [ ],
        "parameters" : [ ],
        "stepsCount" : 2,
        "attachmentsCount" : 0,
        "shouldDisplayMessage" : false,
        "hasContent" : true
      }, {
        "name" : "Response:",
        "time" : {
          "start" : 1753582884465,
          "stop" : 1753582884465,
          "duration" : 0
        },
        "status" : "passed",
        "steps" : [ {
          "name" : "Status code: 400",
          "time" : {
            "start" : 1753582884465,
            "stop" : 1753582884465,
            "duration" : 0
          },
          "status" : "passed",
          "steps" : [ ],
          "attachments" : [ ],
          "parameters" : [ ],
          "stepsCount" : 0,
          "attachmentsCount" : 0,
          "shouldDisplayMessage" : false,
          "hasContent" : false
        }, {
          "name" : "JSON: {\n    \"msg_code\": -1,\n    \"msg\": \"endpoint is disabled\"\n}\n",
          "time" : {
            "start" : 1753582884465,
            "stop" : 1753582884465,
            "duration" : 0
          },
          "status" : "passed",
          "steps" : [ ],
          "attachments" : [ ],
          "parameters" : [ ],
          "stepsCount" : 0,
          "attachmentsCount" : 0,
          "shouldDisplayMessage" : false,
          "hasContent" : false
        } ],
        "attachments" : [ ],
        "parameters" : [ ],
        "stepsCount" : 2,
        "attachmentsCount" : 0,
        "shouldDisplayMessage" : false,
        "hasContent" : true
      } ],
      "attachments" : [ ],
      "parameters" : [ ],
      "stepsCount" : 7,
      "attachmentsCount" : 0,
      "shouldDisplayMessage" : false,
      "hasContent" : true
    }, {
      "name" : "Assert status code: 400 == Response status code: 400",
      "time" : {
        "start" : 1753582884465,
        "stop" : 1753582884465,
        "duration" : 0
      },
      "status" : "passed",
      "steps" : [ ],
      "attachments" : [ ],
      "parameters" : [ ],
      "stepsCount" : 0,
      "attachmentsCount" : 0,
      "shouldDisplayMessage" : false,
      "hasContent" : false
    }, {
      "name" : "Compare result request with expected value:\nResponse: <Response [400]>\nField name: msg\nValue: msg[]: ports range is too wide",
      "time" : {
        "start" : 1753582884466,
        "stop" : 1753582884466,
        "duration" : 0
      },
      "status" : "failed",
      "statusMessage" : "AssertionError: Result is not equal expected value\n",
      "statusTrace" : "  File \"/home/runner/work/Oblache/Oblache/tests_api/utils/checking.py\", line 57, in check_json_value\n    assert check_info == expected_value, 'Result is not equal expected value'\n           ^^^^^^^^^^^^^^^^^^^^^^^^^^^^\n",
      "steps" : [ ],
      "attachments" : [ ],
      "parameters" : [ ],
      "stepsCount" : 0,
      "attachmentsCount" : 0,
      "shouldDisplayMessage" : true,
      "hasContent" : true
    } ],
    "attachments" : [ ],
    "parameters" : [ ],
    "stepsCount" : 10,
    "attachmentsCount" : 0,
    "shouldDisplayMessage" : true,
    "hasContent" : true
  },
  "afterStages" : [ ],
  "labels" : [ {
    "name" : "suite",
    "value" : "POST"
  }, {
    "name" : "parentSuite",
    "value" : "tests_api"
  }, {
    "name" : "subSuite",
    "value" : "TestPOST"
  }, {
    "name" : "host",
    "value" : "pkrvmpptgkbjq6m"
  }, {
    "name" : "thread",
    "value" : "2588-MainThread"
  }, {
    "name" : "framework",
    "value" : "pytest"
  }, {
    "name" : "language",
    "value" : "cpython3"
  }, {
    "name" : "package",
    "value" : "tests_api.test_bd"
  }, {
    "name" : "resultFormat",
    "value" : "allure2"
  } ],
  "parameters" : [ ],
  "links" : [ ],
  "hidden" : false,
  "retry" : false,
  "extra" : {
    "severity" : "normal",
    "retries" : [ ],
    "categories" : [ {
      "name" : "Product defects",
      "matchedStatuses" : [ ],
      "flaky" : false
    } ],
    "history" : {
      "statistic" : {
        "failed" : 202,
        "broken" : 0,
        "skipped" : 0,
        "passed" : 36,
        "unknown" : 0,
        "total" : 238
      },
      "items" : [ {
        "uid" : "dd035dc760baa4b",
        "reportUrl" : "https://lambotik.github.io/Oblache/452//#testresult/dd035dc760baa4b",
        "status" : "failed",
        "statusDetails" : "AssertionError: Result is not equal expected value",
        "time" : {
          "start" : 1753495283024,
          "stop" : 1753495283342,
          "duration" : 318
        }
      }, {
        "uid" : "558f7a699607a98f",
        "reportUrl" : "https://lambotik.github.io/Oblache/451//#testresult/558f7a699607a98f",
        "status" : "failed",
        "statusDetails" : "AssertionError: Result is not equal expected value",
        "time" : {
          "start" : 1753409121610,
          "stop" : 1753409121977,
          "duration" : 367
        }
      }, {
        "uid" : "c458cf6048fac759",
        "reportUrl" : "https://lambotik.github.io/Oblache/450//#testresult/c458cf6048fac759",
        "status" : "failed",
        "statusDetails" : "AssertionError: Result is not equal expected value",
        "time" : {
          "start" : 1751332920851,
          "stop" : 1751332921151,
          "duration" : 300
        }
      }, {
        "uid" : "b86c9f66890561df",
        "reportUrl" : "https://lambotik.github.io/Oblache/449//#testresult/b86c9f66890561df",
        "status" : "failed",
        "statusDetails" : "AssertionError: Result is not equal expected value",
        "time" : {
          "start" : 1751246321358,
          "stop" : 1751246321664,
          "duration" : 306
        }
      }, {
        "uid" : "1575c473b9a3593e",
        "reportUrl" : "https://lambotik.github.io/Oblache/448//#testresult/1575c473b9a3593e",
        "status" : "failed",
        "statusDetails" : "AssertionError: Result is not equal expected value",
        "time" : {
          "start" : 1751160121138,
          "stop" : 1751160121577,
          "duration" : 439
        }
      }, {
        "uid" : "339e25a4df06c1c1",
        "reportUrl" : "https://lambotik.github.io/Oblache/447//#testresult/339e25a4df06c1c1",
        "status" : "failed",
        "statusDetails" : "AssertionError: Result is not equal expected value",
        "time" : {
          "start" : 1751073115964,
          "stop" : 1751073116278,
          "duration" : 314
        }
      }, {
        "uid" : "a4905f18948c1a80",
        "reportUrl" : "https://lambotik.github.io/Oblache/446//#testresult/a4905f18948c1a80",
        "status" : "failed",
        "statusDetails" : "AssertionError: Result is not equal expected value",
        "time" : {
          "start" : 1750986888501,
          "stop" : 1750986889018,
          "duration" : 517
        }
      }, {
        "uid" : "98d055315fb4cfba",
        "reportUrl" : "https://lambotik.github.io/Oblache/445//#testresult/98d055315fb4cfba",
        "status" : "failed",
        "statusDetails" : "AssertionError: Result is not equal expected value",
        "time" : {
          "start" : 1750900423223,
          "stop" : 1750900423726,
          "duration" : 503
        }
      }, {
        "uid" : "bbba80d231b155a6",
        "reportUrl" : "https://lambotik.github.io/Oblache/444//#testresult/bbba80d231b155a6",
        "status" : "failed",
        "statusDetails" : "AssertionError: Result is not equal expected value",
        "time" : {
          "start" : 1750814101477,
          "stop" : 1750814101974,
          "duration" : 497
        }
      }, {
        "uid" : "18ae16279bb80499",
        "reportUrl" : "https://lambotik.github.io/Oblache/443//#testresult/18ae16279bb80499",
        "status" : "failed",
        "statusDetails" : "AssertionError: Result is not equal expected value",
        "time" : {
          "start" : 1750727657012,
          "stop" : 1750727657503,
          "duration" : 491
        }
      }, {
        "uid" : "bdbe278b736c8eaf",
        "reportUrl" : "https://lambotik.github.io/Oblache/442//#testresult/bdbe278b736c8eaf",
        "status" : "failed",
        "statusDetails" : "AssertionError: Result is not equal expected value",
        "time" : {
          "start" : 1750641505499,
          "stop" : 1750641506023,
          "duration" : 524
        }
      }, {
        "uid" : "9f808d3e36f3191b",
        "reportUrl" : "https://lambotik.github.io/Oblache/441//#testresult/9f808d3e36f3191b",
        "status" : "failed",
        "statusDetails" : "AssertionError: Result is not equal expected value",
        "time" : {
          "start" : 1750555235229,
          "stop" : 1750555235762,
          "duration" : 533
        }
      }, {
        "uid" : "5b179e160010003a",
        "reportUrl" : "https://lambotik.github.io/Oblache/440//#testresult/5b179e160010003a",
        "status" : "failed",
        "statusDetails" : "AssertionError: Result is not equal expected value",
        "time" : {
          "start" : 1750468355352,
          "stop" : 1750468355881,
          "duration" : 529
        }
      }, {
        "uid" : "3c356b5c95382335",
        "reportUrl" : "https://lambotik.github.io/Oblache/439//#testresult/3c356b5c95382335",
        "status" : "failed",
        "statusDetails" : "AssertionError: Result is not equal expected value",
        "time" : {
          "start" : 1750382008542,
          "stop" : 1750382009031,
          "duration" : 489
        }
      }, {
        "uid" : "cf49632b3f0d79dc",
        "reportUrl" : "https://lambotik.github.io/Oblache/438//#testresult/cf49632b3f0d79dc",
        "status" : "failed",
        "statusDetails" : "AssertionError: Result is not equal expected value",
        "time" : {
          "start" : 1750295646514,
          "stop" : 1750295647038,
          "duration" : 524
        }
      }, {
        "uid" : "f961cf26001455b",
        "reportUrl" : "https://lambotik.github.io/Oblache/437//#testresult/f961cf26001455b",
        "status" : "failed",
        "statusDetails" : "AssertionError: Result is not equal expected value",
        "time" : {
          "start" : 1750209213211,
          "stop" : 1750209213518,
          "duration" : 307
        }
      }, {
        "uid" : "bf79e404579f237c",
        "reportUrl" : "https://lambotik.github.io/Oblache/436//#testresult/bf79e404579f237c",
        "status" : "failed",
        "statusDetails" : "AssertionError: Result is not equal expected value",
        "time" : {
          "start" : 1750122849184,
          "stop" : 1750122849546,
          "duration" : 362
        }
      }, {
        "uid" : "33bb5f623ceeed76",
        "reportUrl" : "https://lambotik.github.io/Oblache/435//#testresult/33bb5f623ceeed76",
        "status" : "failed",
        "statusDetails" : "AssertionError: Result is not equal expected value",
        "time" : {
          "start" : 1750036551898,
          "stop" : 1750036552197,
          "duration" : 299
        }
      }, {
        "uid" : "b09d72dff263355d",
        "reportUrl" : "https://lambotik.github.io/Oblache/434//#testresult/b09d72dff263355d",
        "status" : "failed",
        "statusDetails" : "AssertionError: Result is not equal expected value",
        "time" : {
          "start" : 1749950474149,
          "stop" : 1749950474461,
          "duration" : 312
        }
      }, {
        "uid" : "27a44bdcd564dda0",
        "reportUrl" : "https://lambotik.github.io/Oblache/433//#testresult/27a44bdcd564dda0",
        "status" : "failed",
        "statusDetails" : "AssertionError: Incorrect status code: 502",
        "time" : {
          "start" : 1749863468568,
          "stop" : 1749863469052,
          "duration" : 484
        }
      } ]
    },
    "tags" : [ ]
  },
  "source" : "69419a49ffe98884.json",
  "parameterValues" : [ ]
}