{
  "uid" : "759cebf2e66e9f2c",
  "name" : "POST checking ports_len negative len",
  "fullName" : "tests_api.test_bd.TestPOST#test_post_checking_ports_len_negative_len",
  "historyId" : "9489e2633e96acb1f0103e85b89d7a6f",
  "time" : {
    "start" : 1747012431847,
    "stop" : 1747012432259,
    "duration" : 412
  },
  "status" : "failed",
  "statusMessage" : "AssertionError: Result is not equal expected value",
  "statusTrace" : "self = <tests_api.test_bd.TestPOST object at 0x7fd028ff2ba0>\n\n    @allure.title('POST checking ports_len negative len')\n    def test_post_checking_ports_len_negative_len(self):\n        result = API.post_create_docker_container_checking_ports(\n            token=TestPOST.token,\n            port_len=\"80,81,82,83,84,85,86,87,88,89,90\")\n        Checking.check_status_code(result, 400)\n>       Checking.check_json_value(result, 'msg', 'msg[]: ports range is too wide')\n\ntests_api/test_bd.py:391: \n_ _ _ _ _ _ _ _ _ _ _ _ _ _ _ _ _ _ _ _ _ _ _ _ _ _ _ _ _ _ _ _ _ _ _ _ _ _ _ _ \n\nresponse = <Response [400]>, field_name = 'msg'\nexpected_value = 'msg[]: ports range is too wide'\n\n    @staticmethod\n    def check_json_value(response: requests.models.Response, field_name: str, expected_value):\n        \"\"\"\n        :param response: requests.models.Response\n        :param field_name:\n        :param expected_value:\n        \"\"\"\n        check = response.json()\n        check_info = check.get(field_name)\n        with allure.step(\n                f'Compare result request with expected value:'\n                f'\\nResponse: {response}\\nField name: {field_name}\\nValue: {expected_value}'):\n>           assert check_info == expected_value, 'Result is not equal expected value'\nE           AssertionError: Result is not equal expected value\n\ntests_api/utils/checking.py:57: AssertionError",
  "flaky" : false,
  "newFailed" : false,
  "beforeStages" : [ ],
  "testStage" : {
    "status" : "failed",
    "statusMessage" : "AssertionError: Result is not equal expected value",
    "statusTrace" : "self = <tests_api.test_bd.TestPOST object at 0x7fd028ff2ba0>\n\n    @allure.title('POST checking ports_len negative len')\n    def test_post_checking_ports_len_negative_len(self):\n        result = API.post_create_docker_container_checking_ports(\n            token=TestPOST.token,\n            port_len=\"80,81,82,83,84,85,86,87,88,89,90\")\n        Checking.check_status_code(result, 400)\n>       Checking.check_json_value(result, 'msg', 'msg[]: ports range is too wide')\n\ntests_api/test_bd.py:391: \n_ _ _ _ _ _ _ _ _ _ _ _ _ _ _ _ _ _ _ _ _ _ _ _ _ _ _ _ _ _ _ _ _ _ _ _ _ _ _ _ \n\nresponse = <Response [400]>, field_name = 'msg'\nexpected_value = 'msg[]: ports range is too wide'\n\n    @staticmethod\n    def check_json_value(response: requests.models.Response, field_name: str, expected_value):\n        \"\"\"\n        :param response: requests.models.Response\n        :param field_name:\n        :param expected_value:\n        \"\"\"\n        check = response.json()\n        check_info = check.get(field_name)\n        with allure.step(\n                f'Compare result request with expected value:'\n                f'\\nResponse: {response}\\nField name: {field_name}\\nValue: {expected_value}'):\n>           assert check_info == expected_value, 'Result is not equal expected value'\nE           AssertionError: Result is not equal expected value\n\ntests_api/utils/checking.py:57: AssertionError",
    "steps" : [ {
      "name" : "post_create_docker_container",
      "time" : {
        "start" : 1747012431847,
        "stop" : 1747012432259,
        "duration" : 412
      },
      "status" : "passed",
      "steps" : [ {
        "name" : "Endpoint: /container_create",
        "time" : {
          "start" : 1747012432259,
          "stop" : 1747012432259,
          "duration" : 0
        },
        "status" : "passed",
        "steps" : [ ],
        "attachments" : [ ],
        "parameters" : [ ],
        "stepsCount" : 0,
        "attachmentsCount" : 0,
        "shouldDisplayMessage" : false,
        "hasContent" : false
      }, {
        "name" : "Request:",
        "time" : {
          "start" : 1747012432259,
          "stop" : 1747012432259,
          "duration" : 0
        },
        "status" : "passed",
        "steps" : [ {
          "name" : "Headers: {'Content-Type': 'application/json', 'Authorization': '5c09c5e4-21f3-47eb-9a7a-b06e3e6cad89'}",
          "time" : {
            "start" : 1747012432259,
            "stop" : 1747012432259,
            "duration" : 0
          },
          "status" : "passed",
          "steps" : [ ],
          "attachments" : [ ],
          "parameters" : [ ],
          "stepsCount" : 0,
          "attachmentsCount" : 0,
          "shouldDisplayMessage" : false,
          "hasContent" : false
        }, {
          "name" : "Body: {\"docker_image\": \"nginx\", \"int_ports\": f\"80,81,82,83,84,85,86,87,88,89,90\", \"env\": 3, \"region\": 3}",
          "time" : {
            "start" : 1747012432259,
            "stop" : 1747012432259,
            "duration" : 0
          },
          "status" : "passed",
          "steps" : [ ],
          "attachments" : [ ],
          "parameters" : [ ],
          "stepsCount" : 0,
          "attachmentsCount" : 0,
          "shouldDisplayMessage" : false,
          "hasContent" : false
        } ],
        "attachments" : [ ],
        "parameters" : [ ],
        "stepsCount" : 2,
        "attachmentsCount" : 0,
        "shouldDisplayMessage" : false,
        "hasContent" : true
      }, {
        "name" : "Response:",
        "time" : {
          "start" : 1747012432259,
          "stop" : 1747012432259,
          "duration" : 0
        },
        "status" : "passed",
        "steps" : [ {
          "name" : "Status code: 400",
          "time" : {
            "start" : 1747012432259,
            "stop" : 1747012432259,
            "duration" : 0
          },
          "status" : "passed",
          "steps" : [ ],
          "attachments" : [ ],
          "parameters" : [ ],
          "stepsCount" : 0,
          "attachmentsCount" : 0,
          "shouldDisplayMessage" : false,
          "hasContent" : false
        }, {
          "name" : "JSON: {\n    \"msg_code\": -1,\n    \"msg\": \"endpoint is disabled\"\n}\n",
          "time" : {
            "start" : 1747012432259,
            "stop" : 1747012432259,
            "duration" : 0
          },
          "status" : "passed",
          "steps" : [ ],
          "attachments" : [ ],
          "parameters" : [ ],
          "stepsCount" : 0,
          "attachmentsCount" : 0,
          "shouldDisplayMessage" : false,
          "hasContent" : false
        } ],
        "attachments" : [ ],
        "parameters" : [ ],
        "stepsCount" : 2,
        "attachmentsCount" : 0,
        "shouldDisplayMessage" : false,
        "hasContent" : true
      } ],
      "attachments" : [ ],
      "parameters" : [ ],
      "stepsCount" : 7,
      "attachmentsCount" : 0,
      "shouldDisplayMessage" : false,
      "hasContent" : true
    }, {
      "name" : "Assert status code: 400 == Response status code: 400",
      "time" : {
        "start" : 1747012432259,
        "stop" : 1747012432259,
        "duration" : 0
      },
      "status" : "passed",
      "steps" : [ ],
      "attachments" : [ ],
      "parameters" : [ ],
      "stepsCount" : 0,
      "attachmentsCount" : 0,
      "shouldDisplayMessage" : false,
      "hasContent" : false
    }, {
      "name" : "Compare result request with expected value:\nResponse: <Response [400]>\nField name: msg\nValue: msg[]: ports range is too wide",
      "time" : {
        "start" : 1747012432259,
        "stop" : 1747012432259,
        "duration" : 0
      },
      "status" : "failed",
      "statusMessage" : "AssertionError: Result is not equal expected value\n",
      "statusTrace" : "  File \"/home/runner/work/Oblache/Oblache/tests_api/utils/checking.py\", line 57, in check_json_value\n    assert check_info == expected_value, 'Result is not equal expected value'\n           ^^^^^^^^^^^^^^^^^^^^^^^^^^^^\n",
      "steps" : [ ],
      "attachments" : [ ],
      "parameters" : [ ],
      "stepsCount" : 0,
      "attachmentsCount" : 0,
      "shouldDisplayMessage" : true,
      "hasContent" : true
    } ],
    "attachments" : [ ],
    "parameters" : [ ],
    "stepsCount" : 10,
    "attachmentsCount" : 0,
    "shouldDisplayMessage" : true,
    "hasContent" : true
  },
  "afterStages" : [ ],
  "labels" : [ {
    "name" : "suite",
    "value" : "POST"
  }, {
    "name" : "parentSuite",
    "value" : "tests_api"
  }, {
    "name" : "subSuite",
    "value" : "TestPOST"
  }, {
    "name" : "host",
    "value" : "pkrvmberfyhpb9w"
  }, {
    "name" : "thread",
    "value" : "2567-MainThread"
  }, {
    "name" : "framework",
    "value" : "pytest"
  }, {
    "name" : "language",
    "value" : "cpython3"
  }, {
    "name" : "package",
    "value" : "tests_api.test_bd"
  }, {
    "name" : "resultFormat",
    "value" : "allure2"
  } ],
  "parameters" : [ ],
  "links" : [ ],
  "hidden" : false,
  "retry" : false,
  "extra" : {
    "severity" : "normal",
    "retries" : [ ],
    "categories" : [ {
      "name" : "Product defects",
      "matchedStatuses" : [ ],
      "flaky" : false
    } ],
    "history" : {
      "statistic" : {
        "failed" : 149,
        "broken" : 0,
        "skipped" : 0,
        "passed" : 36,
        "unknown" : 0,
        "total" : 185
      },
      "items" : [ {
        "uid" : "ef4f77ca90b7c012",
        "reportUrl" : "https://lambotik.github.io/Oblache/399//#testresult/ef4f77ca90b7c012",
        "status" : "failed",
        "statusDetails" : "AssertionError: Result is not equal expected value",
        "time" : {
          "start" : 1746926131708,
          "stop" : 1746926132215,
          "duration" : 507
        }
      }, {
        "uid" : "483739bb9a83caa6",
        "reportUrl" : "https://lambotik.github.io/Oblache/398//#testresult/483739bb9a83caa6",
        "status" : "failed",
        "statusDetails" : "AssertionError: Result is not equal expected value",
        "time" : {
          "start" : 1746839289340,
          "stop" : 1746839289648,
          "duration" : 308
        }
      }, {
        "uid" : "14efde18b84dccc6",
        "reportUrl" : "https://lambotik.github.io/Oblache/397//#testresult/14efde18b84dccc6",
        "status" : "failed",
        "statusDetails" : "AssertionError: Result is not equal expected value",
        "time" : {
          "start" : 1746753042797,
          "stop" : 1746753043108,
          "duration" : 311
        }
      }, {
        "uid" : "d4d2fa532aff51b5",
        "reportUrl" : "https://lambotik.github.io/Oblache/396//#testresult/d4d2fa532aff51b5",
        "status" : "failed",
        "statusDetails" : "AssertionError: Result is not equal expected value",
        "time" : {
          "start" : 1746666696604,
          "stop" : 1746666697102,
          "duration" : 498
        }
      }, {
        "uid" : "755e0ba8045164f0",
        "reportUrl" : "https://lambotik.github.io/Oblache/395//#testresult/755e0ba8045164f0",
        "status" : "failed",
        "statusDetails" : "AssertionError: Result is not equal expected value",
        "time" : {
          "start" : 1746580266620,
          "stop" : 1746580267125,
          "duration" : 505
        }
      }, {
        "uid" : "ddf5cf35e423aefb",
        "reportUrl" : "https://lambotik.github.io/Oblache/394//#testresult/ddf5cf35e423aefb",
        "status" : "failed",
        "statusDetails" : "AssertionError: Result is not equal expected value",
        "time" : {
          "start" : 1746493834216,
          "stop" : 1746493834530,
          "duration" : 314
        }
      }, {
        "uid" : "1c0ce8cd61c2ed20",
        "reportUrl" : "https://lambotik.github.io/Oblache/393//#testresult/1c0ce8cd61c2ed20",
        "status" : "failed",
        "statusDetails" : "AssertionError: Result is not equal expected value",
        "time" : {
          "start" : 1746407588786,
          "stop" : 1746407589150,
          "duration" : 364
        }
      }, {
        "uid" : "6168f27a300c7706",
        "reportUrl" : "https://lambotik.github.io/Oblache/389//#testresult/6168f27a300c7706",
        "status" : "failed",
        "statusDetails" : "AssertionError: Result is not equal expected value",
        "time" : {
          "start" : 1746062151760,
          "stop" : 1746062152076,
          "duration" : 316
        }
      }, {
        "uid" : "ae392dad109ed0f5",
        "reportUrl" : "https://lambotik.github.io/Oblache/388//#testresult/ae392dad109ed0f5",
        "status" : "failed",
        "statusDetails" : "AssertionError: Result is not equal expected value",
        "time" : {
          "start" : 1745975384882,
          "stop" : 1745975385197,
          "duration" : 315
        }
      }, {
        "uid" : "a4b11f1309cc5909",
        "reportUrl" : "https://lambotik.github.io/Oblache/387//#testresult/a4b11f1309cc5909",
        "status" : "failed",
        "statusDetails" : "AssertionError: Result is not equal expected value",
        "time" : {
          "start" : 1745888961361,
          "stop" : 1745888961727,
          "duration" : 366
        }
      }, {
        "uid" : "11191c4b675a40fd",
        "reportUrl" : "https://lambotik.github.io/Oblache/386//#testresult/11191c4b675a40fd",
        "status" : "failed",
        "statusDetails" : "AssertionError: Result is not equal expected value",
        "time" : {
          "start" : 1745802691452,
          "stop" : 1745802691986,
          "duration" : 534
        }
      }, {
        "uid" : "343f384dc069b007",
        "reportUrl" : "https://lambotik.github.io/Oblache/385//#testresult/343f384dc069b007",
        "status" : "failed",
        "statusDetails" : "AssertionError: Result is not equal expected value",
        "time" : {
          "start" : 1745716415134,
          "stop" : 1745716415644,
          "duration" : 510
        }
      }, {
        "uid" : "e4012ab52b933cd5",
        "reportUrl" : "https://lambotik.github.io/Oblache/384//#testresult/e4012ab52b933cd5",
        "status" : "failed",
        "statusDetails" : "AssertionError: Result is not equal expected value",
        "time" : {
          "start" : 1745629608995,
          "stop" : 1745629609397,
          "duration" : 402
        }
      }, {
        "uid" : "b4d8b2d132a0dd9f",
        "reportUrl" : "https://lambotik.github.io/Oblache/383//#testresult/b4d8b2d132a0dd9f",
        "status" : "failed",
        "statusDetails" : "AssertionError: Result is not equal expected value",
        "time" : {
          "start" : 1745543365338,
          "stop" : 1745543365862,
          "duration" : 524
        }
      }, {
        "uid" : "1b19187840ee6915",
        "reportUrl" : "https://lambotik.github.io/Oblache/382//#testresult/1b19187840ee6915",
        "status" : "failed",
        "statusDetails" : "AssertionError: Result is not equal expected value",
        "time" : {
          "start" : 1745456954739,
          "stop" : 1745456955118,
          "duration" : 379
        }
      }, {
        "uid" : "a124e04f88bfc35e",
        "reportUrl" : "https://lambotik.github.io/Oblache/381//#testresult/a124e04f88bfc35e",
        "status" : "failed",
        "statusDetails" : "AssertionError: Result is not equal expected value",
        "time" : {
          "start" : 1745370562167,
          "stop" : 1745370562634,
          "duration" : 467
        }
      }, {
        "uid" : "115f62cd2b399913",
        "reportUrl" : "https://lambotik.github.io/Oblache/380//#testresult/115f62cd2b399913",
        "status" : "failed",
        "statusDetails" : "AssertionError: Result is not equal expected value",
        "time" : {
          "start" : 1745284134219,
          "stop" : 1745284134725,
          "duration" : 506
        }
      }, {
        "uid" : "2ca97d07bea2e3d6",
        "reportUrl" : "https://lambotik.github.io/Oblache/379//#testresult/2ca97d07bea2e3d6",
        "status" : "failed",
        "statusDetails" : "AssertionError: Result is not equal expected value",
        "time" : {
          "start" : 1745197951692,
          "stop" : 1745197952211,
          "duration" : 519
        }
      }, {
        "uid" : "4135cb1491df6d45",
        "reportUrl" : "https://lambotik.github.io/Oblache/378//#testresult/4135cb1491df6d45",
        "status" : "failed",
        "statusDetails" : "AssertionError: Result is not equal expected value",
        "time" : {
          "start" : 1745111588523,
          "stop" : 1745111588828,
          "duration" : 305
        }
      }, {
        "uid" : "4705e3a13ac73b7d",
        "reportUrl" : "https://lambotik.github.io/Oblache/377//#testresult/4705e3a13ac73b7d",
        "status" : "failed",
        "statusDetails" : "AssertionError: Result is not equal expected value",
        "time" : {
          "start" : 1745024736505,
          "stop" : 1745024736995,
          "duration" : 490
        }
      } ]
    },
    "tags" : [ ]
  },
  "source" : "759cebf2e66e9f2c.json",
  "parameterValues" : [ ]
}