{
  "uid" : "bf9579717ba01840",
  "name" : "POST checking ports_len negative len",
  "fullName" : "tests_api.test_bd.TestPOST#test_post_checking_ports_len_negative_len",
  "historyId" : "9489e2633e96acb1f0103e85b89d7a6f",
  "time" : {
    "start" : 1744852101183,
    "stop" : 1744852101593,
    "duration" : 410
  },
  "status" : "failed",
  "statusMessage" : "AssertionError: Result is not equal expected value",
  "statusTrace" : "self = <tests_api.test_bd.TestPOST object at 0x7f3d701d86e0>\n\n    @allure.title('POST checking ports_len negative len')\n    def test_post_checking_ports_len_negative_len(self):\n        result = API.post_create_docker_container_checking_ports(\n            token=TestPOST.token,\n            port_len=\"80,81,82,83,84,85,86,87,88,89,90\")\n        Checking.check_status_code(result, 400)\n>       Checking.check_json_value(result, 'msg', 'msg[]: ports range is too wide')\n\ntests_api/test_bd.py:391: \n_ _ _ _ _ _ _ _ _ _ _ _ _ _ _ _ _ _ _ _ _ _ _ _ _ _ _ _ _ _ _ _ _ _ _ _ _ _ _ _ \n\nresponse = <Response [400]>, field_name = 'msg'\nexpected_value = 'msg[]: ports range is too wide'\n\n    @staticmethod\n    def check_json_value(response: requests.models.Response, field_name: str, expected_value):\n        \"\"\"\n        :param response: requests.models.Response\n        :param field_name:\n        :param expected_value:\n        \"\"\"\n        check = response.json()\n        check_info = check.get(field_name)\n        with allure.step(\n                f'Compare result request with expected value:'\n                f'\\nResponse: {response}\\nField name: {field_name}\\nValue: {expected_value}'):\n>           assert check_info == expected_value, 'Result is not equal expected value'\nE           AssertionError: Result is not equal expected value\n\ntests_api/utils/checking.py:57: AssertionError",
  "flaky" : false,
  "newFailed" : false,
  "beforeStages" : [ ],
  "testStage" : {
    "status" : "failed",
    "statusMessage" : "AssertionError: Result is not equal expected value",
    "statusTrace" : "self = <tests_api.test_bd.TestPOST object at 0x7f3d701d86e0>\n\n    @allure.title('POST checking ports_len negative len')\n    def test_post_checking_ports_len_negative_len(self):\n        result = API.post_create_docker_container_checking_ports(\n            token=TestPOST.token,\n            port_len=\"80,81,82,83,84,85,86,87,88,89,90\")\n        Checking.check_status_code(result, 400)\n>       Checking.check_json_value(result, 'msg', 'msg[]: ports range is too wide')\n\ntests_api/test_bd.py:391: \n_ _ _ _ _ _ _ _ _ _ _ _ _ _ _ _ _ _ _ _ _ _ _ _ _ _ _ _ _ _ _ _ _ _ _ _ _ _ _ _ \n\nresponse = <Response [400]>, field_name = 'msg'\nexpected_value = 'msg[]: ports range is too wide'\n\n    @staticmethod\n    def check_json_value(response: requests.models.Response, field_name: str, expected_value):\n        \"\"\"\n        :param response: requests.models.Response\n        :param field_name:\n        :param expected_value:\n        \"\"\"\n        check = response.json()\n        check_info = check.get(field_name)\n        with allure.step(\n                f'Compare result request with expected value:'\n                f'\\nResponse: {response}\\nField name: {field_name}\\nValue: {expected_value}'):\n>           assert check_info == expected_value, 'Result is not equal expected value'\nE           AssertionError: Result is not equal expected value\n\ntests_api/utils/checking.py:57: AssertionError",
    "steps" : [ {
      "name" : "post_create_docker_container",
      "time" : {
        "start" : 1744852101183,
        "stop" : 1744852101593,
        "duration" : 410
      },
      "status" : "passed",
      "steps" : [ {
        "name" : "Endpoint: /container_create",
        "time" : {
          "start" : 1744852101592,
          "stop" : 1744852101592,
          "duration" : 0
        },
        "status" : "passed",
        "steps" : [ ],
        "attachments" : [ ],
        "parameters" : [ ],
        "stepsCount" : 0,
        "attachmentsCount" : 0,
        "shouldDisplayMessage" : false,
        "hasContent" : false
      }, {
        "name" : "Request:",
        "time" : {
          "start" : 1744852101592,
          "stop" : 1744852101592,
          "duration" : 0
        },
        "status" : "passed",
        "steps" : [ {
          "name" : "Headers: {'Content-Type': 'application/json', 'Authorization': '8edeecf8-9dbb-479d-861e-c37bcb8a0552'}",
          "time" : {
            "start" : 1744852101592,
            "stop" : 1744852101592,
            "duration" : 0
          },
          "status" : "passed",
          "steps" : [ ],
          "attachments" : [ ],
          "parameters" : [ ],
          "stepsCount" : 0,
          "attachmentsCount" : 0,
          "shouldDisplayMessage" : false,
          "hasContent" : false
        }, {
          "name" : "Body: {\"docker_image\": \"nginx\", \"int_ports\": f\"80,81,82,83,84,85,86,87,88,89,90\", \"env\": 3, \"region\": 3}",
          "time" : {
            "start" : 1744852101592,
            "stop" : 1744852101592,
            "duration" : 0
          },
          "status" : "passed",
          "steps" : [ ],
          "attachments" : [ ],
          "parameters" : [ ],
          "stepsCount" : 0,
          "attachmentsCount" : 0,
          "shouldDisplayMessage" : false,
          "hasContent" : false
        } ],
        "attachments" : [ ],
        "parameters" : [ ],
        "stepsCount" : 2,
        "attachmentsCount" : 0,
        "shouldDisplayMessage" : false,
        "hasContent" : true
      }, {
        "name" : "Response:",
        "time" : {
          "start" : 1744852101592,
          "stop" : 1744852101593,
          "duration" : 1
        },
        "status" : "passed",
        "steps" : [ {
          "name" : "Status code: 400",
          "time" : {
            "start" : 1744852101592,
            "stop" : 1744852101592,
            "duration" : 0
          },
          "status" : "passed",
          "steps" : [ ],
          "attachments" : [ ],
          "parameters" : [ ],
          "stepsCount" : 0,
          "attachmentsCount" : 0,
          "shouldDisplayMessage" : false,
          "hasContent" : false
        }, {
          "name" : "JSON: {\n    \"msg_code\": -1,\n    \"msg\": \"endpoint is disabled\"\n}\n",
          "time" : {
            "start" : 1744852101593,
            "stop" : 1744852101593,
            "duration" : 0
          },
          "status" : "passed",
          "steps" : [ ],
          "attachments" : [ ],
          "parameters" : [ ],
          "stepsCount" : 0,
          "attachmentsCount" : 0,
          "shouldDisplayMessage" : false,
          "hasContent" : false
        } ],
        "attachments" : [ ],
        "parameters" : [ ],
        "stepsCount" : 2,
        "attachmentsCount" : 0,
        "shouldDisplayMessage" : false,
        "hasContent" : true
      } ],
      "attachments" : [ ],
      "parameters" : [ ],
      "stepsCount" : 7,
      "attachmentsCount" : 0,
      "shouldDisplayMessage" : false,
      "hasContent" : true
    }, {
      "name" : "Assert status code: 400 == Response status code: 400",
      "time" : {
        "start" : 1744852101593,
        "stop" : 1744852101593,
        "duration" : 0
      },
      "status" : "passed",
      "steps" : [ ],
      "attachments" : [ ],
      "parameters" : [ ],
      "stepsCount" : 0,
      "attachmentsCount" : 0,
      "shouldDisplayMessage" : false,
      "hasContent" : false
    }, {
      "name" : "Compare result request with expected value:\nResponse: <Response [400]>\nField name: msg\nValue: msg[]: ports range is too wide",
      "time" : {
        "start" : 1744852101593,
        "stop" : 1744852101593,
        "duration" : 0
      },
      "status" : "failed",
      "statusMessage" : "AssertionError: Result is not equal expected value\n",
      "statusTrace" : "  File \"/home/runner/work/Oblache/Oblache/tests_api/utils/checking.py\", line 57, in check_json_value\n    assert check_info == expected_value, 'Result is not equal expected value'\n           ^^^^^^^^^^^^^^^^^^^^^^^^^^^^\n",
      "steps" : [ ],
      "attachments" : [ ],
      "parameters" : [ ],
      "stepsCount" : 0,
      "attachmentsCount" : 0,
      "shouldDisplayMessage" : true,
      "hasContent" : true
    } ],
    "attachments" : [ ],
    "parameters" : [ ],
    "stepsCount" : 10,
    "attachmentsCount" : 0,
    "shouldDisplayMessage" : true,
    "hasContent" : true
  },
  "afterStages" : [ ],
  "labels" : [ {
    "name" : "suite",
    "value" : "POST"
  }, {
    "name" : "parentSuite",
    "value" : "tests_api"
  }, {
    "name" : "subSuite",
    "value" : "TestPOST"
  }, {
    "name" : "host",
    "value" : "fv-az1988-35"
  }, {
    "name" : "thread",
    "value" : "2471-MainThread"
  }, {
    "name" : "framework",
    "value" : "pytest"
  }, {
    "name" : "language",
    "value" : "cpython3"
  }, {
    "name" : "package",
    "value" : "tests_api.test_bd"
  }, {
    "name" : "resultFormat",
    "value" : "allure2"
  } ],
  "parameters" : [ ],
  "links" : [ ],
  "hidden" : false,
  "retry" : false,
  "extra" : {
    "severity" : "normal",
    "retries" : [ ],
    "categories" : [ {
      "name" : "Product defects",
      "matchedStatuses" : [ ],
      "flaky" : false
    } ],
    "history" : {
      "statistic" : {
        "failed" : 127,
        "broken" : 0,
        "skipped" : 0,
        "passed" : 36,
        "unknown" : 0,
        "total" : 163
      },
      "items" : [ {
        "uid" : "fed49b16563ea9d1",
        "reportUrl" : "https://lambotik.github.io/Oblache/374//#testresult/fed49b16563ea9d1",
        "status" : "failed",
        "statusDetails" : "AssertionError: Result is not equal expected value",
        "time" : {
          "start" : 1744765746781,
          "stop" : 1744765747082,
          "duration" : 301
        }
      }, {
        "uid" : "92d4863d1135f72c",
        "reportUrl" : "https://lambotik.github.io/Oblache/373//#testresult/92d4863d1135f72c",
        "status" : "failed",
        "statusDetails" : "AssertionError: Result is not equal expected value",
        "time" : {
          "start" : 1744679387236,
          "stop" : 1744679387546,
          "duration" : 310
        }
      }, {
        "uid" : "c5786f5fadc877fd",
        "reportUrl" : "https://lambotik.github.io/Oblache/372//#testresult/c5786f5fadc877fd",
        "status" : "failed",
        "statusDetails" : "AssertionError: Result is not equal expected value",
        "time" : {
          "start" : 1744593053533,
          "stop" : 1744593053852,
          "duration" : 319
        }
      }, {
        "uid" : "be548d125775874a",
        "reportUrl" : "https://lambotik.github.io/Oblache/371//#testresult/be548d125775874a",
        "status" : "failed",
        "statusDetails" : "AssertionError: Result is not equal expected value",
        "time" : {
          "start" : 1744511803760,
          "stop" : 1744511804073,
          "duration" : 313
        }
      }, {
        "uid" : "448cfa7c8918575b",
        "reportUrl" : "https://lambotik.github.io/Oblache/370//#testresult/448cfa7c8918575b",
        "status" : "failed",
        "statusDetails" : "AssertionError: Result is not equal expected value",
        "time" : {
          "start" : 1744419986679,
          "stop" : 1744419986994,
          "duration" : 315
        }
      }, {
        "uid" : "14d3e2969da110e4",
        "reportUrl" : "https://lambotik.github.io/Oblache/369//#testresult/14d3e2969da110e4",
        "status" : "failed",
        "statusDetails" : "AssertionError: Result is not equal expected value",
        "time" : {
          "start" : 1744333698787,
          "stop" : 1744333699101,
          "duration" : 314
        }
      }, {
        "uid" : "c0bf6e2becf75549",
        "reportUrl" : "https://lambotik.github.io/Oblache/368//#testresult/c0bf6e2becf75549",
        "status" : "failed",
        "statusDetails" : "AssertionError: Result is not equal expected value",
        "time" : {
          "start" : 1744247246253,
          "stop" : 1744247246768,
          "duration" : 515
        }
      }, {
        "uid" : "2db284ae8f7f509c",
        "reportUrl" : "https://lambotik.github.io/Oblache/367//#testresult/2db284ae8f7f509c",
        "status" : "failed",
        "statusDetails" : "AssertionError: Result is not equal expected value",
        "time" : {
          "start" : 1744160851474,
          "stop" : 1744160851976,
          "duration" : 502
        }
      }, {
        "uid" : "adb9fe95c9e3354c",
        "reportUrl" : "https://lambotik.github.io/Oblache/366//#testresult/adb9fe95c9e3354c",
        "status" : "failed",
        "statusDetails" : "AssertionError: Result is not equal expected value",
        "time" : {
          "start" : 1744074433741,
          "stop" : 1744074434231,
          "duration" : 490
        }
      }, {
        "uid" : "ec3e80fad99284e",
        "reportUrl" : "https://lambotik.github.io/Oblache/365//#testresult/ec3e80fad99284e",
        "status" : "failed",
        "statusDetails" : "AssertionError: Incorrect status code: 502",
        "time" : {
          "start" : 1743988162167,
          "stop" : 1743988162656,
          "duration" : 489
        }
      }, {
        "uid" : "173b5f93807bd095",
        "reportUrl" : "https://lambotik.github.io/Oblache/364//#testresult/173b5f93807bd095",
        "status" : "failed",
        "statusDetails" : "AssertionError: Incorrect status code: 502",
        "time" : {
          "start" : 1743901871695,
          "stop" : 1743901871972,
          "duration" : 277
        }
      }, {
        "uid" : "e806063ce23e3683",
        "reportUrl" : "https://lambotik.github.io/Oblache/363//#testresult/e806063ce23e3683",
        "status" : "failed",
        "statusDetails" : "AssertionError: Result is not equal expected value",
        "time" : {
          "start" : 1743815147192,
          "stop" : 1743815147522,
          "duration" : 330
        }
      }, {
        "uid" : "25b2502e5fe2b890",
        "reportUrl" : "https://lambotik.github.io/Oblache/362//#testresult/25b2502e5fe2b890",
        "status" : "failed",
        "statusDetails" : "AssertionError: Result is not equal expected value",
        "time" : {
          "start" : 1743728808110,
          "stop" : 1743728808617,
          "duration" : 507
        }
      }, {
        "uid" : "79b4619a7e8a0563",
        "reportUrl" : "https://lambotik.github.io/Oblache/361//#testresult/79b4619a7e8a0563",
        "status" : "failed",
        "statusDetails" : "AssertionError: Result is not equal expected value",
        "time" : {
          "start" : 1743642418751,
          "stop" : 1743642419122,
          "duration" : 371
        }
      }, {
        "uid" : "4e57fba0d83b856f",
        "reportUrl" : "https://lambotik.github.io/Oblache/360//#testresult/4e57fba0d83b856f",
        "status" : "failed",
        "statusDetails" : "AssertionError: Result is not equal expected value",
        "time" : {
          "start" : 1743556075345,
          "stop" : 1743556075713,
          "duration" : 368
        }
      }, {
        "uid" : "d8cb58c562f0c16e",
        "reportUrl" : "https://lambotik.github.io/Oblache/359//#testresult/d8cb58c562f0c16e",
        "status" : "failed",
        "statusDetails" : "AssertionError: Result is not equal expected value",
        "time" : {
          "start" : 1743470107442,
          "stop" : 1743470107810,
          "duration" : 368
        }
      }, {
        "uid" : "9de79cda5146f2c2",
        "reportUrl" : "https://lambotik.github.io/Oblache/358//#testresult/9de79cda5146f2c2",
        "status" : "failed",
        "statusDetails" : "AssertionError: Result is not equal expected value",
        "time" : {
          "start" : 1743383446358,
          "stop" : 1743383446853,
          "duration" : 495
        }
      }, {
        "uid" : "87d6a70ddfaa8367",
        "reportUrl" : "https://lambotik.github.io/Oblache/357//#testresult/87d6a70ddfaa8367",
        "status" : "failed",
        "statusDetails" : "AssertionError: Result is not equal expected value",
        "time" : {
          "start" : 1743297109545,
          "stop" : 1743297109872,
          "duration" : 327
        }
      }, {
        "uid" : "87eb839957383ee5",
        "reportUrl" : "https://lambotik.github.io/Oblache/356//#testresult/87eb839957383ee5",
        "status" : "failed",
        "statusDetails" : "AssertionError: Result is not equal expected value",
        "time" : {
          "start" : 1743210333914,
          "stop" : 1743210334227,
          "duration" : 313
        }
      }, {
        "uid" : "e1bb168e866d6c0b",
        "reportUrl" : "https://lambotik.github.io/Oblache/355//#testresult/e1bb168e866d6c0b",
        "status" : "failed",
        "statusDetails" : "AssertionError: Result is not equal expected value",
        "time" : {
          "start" : 1743123969390,
          "stop" : 1743123969752,
          "duration" : 362
        }
      } ]
    },
    "tags" : [ ]
  },
  "source" : "bf9579717ba01840.json",
  "parameterValues" : [ ]
}