{
  "uid" : "20df59d0fd6857e",
  "name" : "POST checking ports_len negative range",
  "fullName" : "tests_api.test_bd.TestPOST#test_post_checking_ports_len_negative_range",
  "historyId" : "6a5e2b3a0040caf8e74db064b01d1684",
  "time" : {
    "start" : 1748222012677,
    "stop" : 1748222012981,
    "duration" : 304
  },
  "status" : "failed",
  "statusMessage" : "AssertionError: Result is not equal expected value",
  "statusTrace" : "self = <tests_api.test_bd.TestPOST object at 0x7fd6c18904a0>\n\n    @allure.title('POST checking ports_len negative range')\n    def test_post_checking_ports_len_negative_range(self):\n        result = API.post_create_docker_container_checking_ports(\n            token=TestPOST.token,\n            port_len=\"80-90\")\n        Checking.check_status_code(result, 400)\n>       Checking.check_json_value(result, 'msg', 'msg[]: ports range is too wide')\n\ntests_api/test_bd.py:383: \n_ _ _ _ _ _ _ _ _ _ _ _ _ _ _ _ _ _ _ _ _ _ _ _ _ _ _ _ _ _ _ _ _ _ _ _ _ _ _ _ \n\nresponse = <Response [400]>, field_name = 'msg'\nexpected_value = 'msg[]: ports range is too wide'\n\n    @staticmethod\n    def check_json_value(response: requests.models.Response, field_name: str, expected_value):\n        \"\"\"\n        :param response: requests.models.Response\n        :param field_name:\n        :param expected_value:\n        \"\"\"\n        check = response.json()\n        check_info = check.get(field_name)\n        with allure.step(\n                f'Compare result request with expected value:'\n                f'\\nResponse: {response}\\nField name: {field_name}\\nValue: {expected_value}'):\n>           assert check_info == expected_value, 'Result is not equal expected value'\nE           AssertionError: Result is not equal expected value\n\ntests_api/utils/checking.py:57: AssertionError",
  "flaky" : false,
  "newFailed" : false,
  "beforeStages" : [ ],
  "testStage" : {
    "status" : "failed",
    "statusMessage" : "AssertionError: Result is not equal expected value",
    "statusTrace" : "self = <tests_api.test_bd.TestPOST object at 0x7fd6c18904a0>\n\n    @allure.title('POST checking ports_len negative range')\n    def test_post_checking_ports_len_negative_range(self):\n        result = API.post_create_docker_container_checking_ports(\n            token=TestPOST.token,\n            port_len=\"80-90\")\n        Checking.check_status_code(result, 400)\n>       Checking.check_json_value(result, 'msg', 'msg[]: ports range is too wide')\n\ntests_api/test_bd.py:383: \n_ _ _ _ _ _ _ _ _ _ _ _ _ _ _ _ _ _ _ _ _ _ _ _ _ _ _ _ _ _ _ _ _ _ _ _ _ _ _ _ \n\nresponse = <Response [400]>, field_name = 'msg'\nexpected_value = 'msg[]: ports range is too wide'\n\n    @staticmethod\n    def check_json_value(response: requests.models.Response, field_name: str, expected_value):\n        \"\"\"\n        :param response: requests.models.Response\n        :param field_name:\n        :param expected_value:\n        \"\"\"\n        check = response.json()\n        check_info = check.get(field_name)\n        with allure.step(\n                f'Compare result request with expected value:'\n                f'\\nResponse: {response}\\nField name: {field_name}\\nValue: {expected_value}'):\n>           assert check_info == expected_value, 'Result is not equal expected value'\nE           AssertionError: Result is not equal expected value\n\ntests_api/utils/checking.py:57: AssertionError",
    "steps" : [ {
      "name" : "post_create_docker_container",
      "time" : {
        "start" : 1748222012677,
        "stop" : 1748222012980,
        "duration" : 303
      },
      "status" : "passed",
      "steps" : [ {
        "name" : "Endpoint: /container_create",
        "time" : {
          "start" : 1748222012980,
          "stop" : 1748222012980,
          "duration" : 0
        },
        "status" : "passed",
        "steps" : [ ],
        "attachments" : [ ],
        "parameters" : [ ],
        "stepsCount" : 0,
        "attachmentsCount" : 0,
        "shouldDisplayMessage" : false,
        "hasContent" : false
      }, {
        "name" : "Request:",
        "time" : {
          "start" : 1748222012980,
          "stop" : 1748222012980,
          "duration" : 0
        },
        "status" : "passed",
        "steps" : [ {
          "name" : "Headers: {'Content-Type': 'application/json', 'Authorization': {'168950a7-8bf3-4de4-a704-dd747d9a2bee'}}",
          "time" : {
            "start" : 1748222012980,
            "stop" : 1748222012980,
            "duration" : 0
          },
          "status" : "passed",
          "steps" : [ ],
          "attachments" : [ ],
          "parameters" : [ ],
          "stepsCount" : 0,
          "attachmentsCount" : 0,
          "shouldDisplayMessage" : false,
          "hasContent" : false
        }, {
          "name" : "Body: {\"docker_image\": \"nginx\", \"int_ports\": f\"80-90\", \"env\": 3, \"region\": 3}",
          "time" : {
            "start" : 1748222012980,
            "stop" : 1748222012980,
            "duration" : 0
          },
          "status" : "passed",
          "steps" : [ ],
          "attachments" : [ ],
          "parameters" : [ ],
          "stepsCount" : 0,
          "attachmentsCount" : 0,
          "shouldDisplayMessage" : false,
          "hasContent" : false
        } ],
        "attachments" : [ ],
        "parameters" : [ ],
        "stepsCount" : 2,
        "attachmentsCount" : 0,
        "shouldDisplayMessage" : false,
        "hasContent" : true
      }, {
        "name" : "Response:",
        "time" : {
          "start" : 1748222012980,
          "stop" : 1748222012980,
          "duration" : 0
        },
        "status" : "passed",
        "steps" : [ {
          "name" : "Status code: 400",
          "time" : {
            "start" : 1748222012980,
            "stop" : 1748222012980,
            "duration" : 0
          },
          "status" : "passed",
          "steps" : [ ],
          "attachments" : [ ],
          "parameters" : [ ],
          "stepsCount" : 0,
          "attachmentsCount" : 0,
          "shouldDisplayMessage" : false,
          "hasContent" : false
        }, {
          "name" : "JSON: {\n    \"msg_code\": -1,\n    \"msg\": \"endpoint is disabled\"\n}\n",
          "time" : {
            "start" : 1748222012980,
            "stop" : 1748222012980,
            "duration" : 0
          },
          "status" : "passed",
          "steps" : [ ],
          "attachments" : [ ],
          "parameters" : [ ],
          "stepsCount" : 0,
          "attachmentsCount" : 0,
          "shouldDisplayMessage" : false,
          "hasContent" : false
        } ],
        "attachments" : [ ],
        "parameters" : [ ],
        "stepsCount" : 2,
        "attachmentsCount" : 0,
        "shouldDisplayMessage" : false,
        "hasContent" : true
      } ],
      "attachments" : [ ],
      "parameters" : [ ],
      "stepsCount" : 7,
      "attachmentsCount" : 0,
      "shouldDisplayMessage" : false,
      "hasContent" : true
    }, {
      "name" : "Assert status code: 400 == Response status code: 400",
      "time" : {
        "start" : 1748222012980,
        "stop" : 1748222012980,
        "duration" : 0
      },
      "status" : "passed",
      "steps" : [ ],
      "attachments" : [ ],
      "parameters" : [ ],
      "stepsCount" : 0,
      "attachmentsCount" : 0,
      "shouldDisplayMessage" : false,
      "hasContent" : false
    }, {
      "name" : "Compare result request with expected value:\nResponse: <Response [400]>\nField name: msg\nValue: msg[]: ports range is too wide",
      "time" : {
        "start" : 1748222012981,
        "stop" : 1748222012981,
        "duration" : 0
      },
      "status" : "failed",
      "statusMessage" : "AssertionError: Result is not equal expected value\n",
      "statusTrace" : "  File \"/home/runner/work/Oblache/Oblache/tests_api/utils/checking.py\", line 57, in check_json_value\n    assert check_info == expected_value, 'Result is not equal expected value'\n           ^^^^^^^^^^^^^^^^^^^^^^^^^^^^\n",
      "steps" : [ ],
      "attachments" : [ ],
      "parameters" : [ ],
      "stepsCount" : 0,
      "attachmentsCount" : 0,
      "shouldDisplayMessage" : true,
      "hasContent" : true
    } ],
    "attachments" : [ ],
    "parameters" : [ ],
    "stepsCount" : 10,
    "attachmentsCount" : 0,
    "shouldDisplayMessage" : true,
    "hasContent" : true
  },
  "afterStages" : [ ],
  "labels" : [ {
    "name" : "suite",
    "value" : "POST"
  }, {
    "name" : "parentSuite",
    "value" : "tests_api"
  }, {
    "name" : "subSuite",
    "value" : "TestPOST"
  }, {
    "name" : "host",
    "value" : "pkrvmf6wy0o8zjz"
  }, {
    "name" : "thread",
    "value" : "2581-MainThread"
  }, {
    "name" : "framework",
    "value" : "pytest"
  }, {
    "name" : "language",
    "value" : "cpython3"
  }, {
    "name" : "package",
    "value" : "tests_api.test_bd"
  }, {
    "name" : "resultFormat",
    "value" : "allure2"
  } ],
  "parameters" : [ ],
  "links" : [ ],
  "hidden" : false,
  "retry" : false,
  "extra" : {
    "severity" : "normal",
    "retries" : [ ],
    "categories" : [ {
      "name" : "Product defects",
      "matchedStatuses" : [ ],
      "flaky" : false
    } ],
    "history" : {
      "statistic" : {
        "failed" : 163,
        "broken" : 0,
        "skipped" : 0,
        "passed" : 36,
        "unknown" : 0,
        "total" : 199
      },
      "items" : [ {
        "uid" : "877cd0bba52f49a5",
        "reportUrl" : "https://lambotik.github.io/Oblache/413//#testresult/877cd0bba52f49a5",
        "status" : "failed",
        "statusDetails" : "AssertionError: Result is not equal expected value",
        "time" : {
          "start" : 1748135891694,
          "stop" : 1748135892047,
          "duration" : 353
        }
      }, {
        "uid" : "fdd7ff31b1f110ba",
        "reportUrl" : "https://lambotik.github.io/Oblache/412//#testresult/fdd7ff31b1f110ba",
        "status" : "failed",
        "statusDetails" : "AssertionError: Result is not equal expected value",
        "time" : {
          "start" : 1748048948159,
          "stop" : 1748048948672,
          "duration" : 513
        }
      }, {
        "uid" : "b81f68d5155a05c2",
        "reportUrl" : "https://lambotik.github.io/Oblache/411//#testresult/b81f68d5155a05c2",
        "status" : "failed",
        "statusDetails" : "AssertionError: Result is not equal expected value",
        "time" : {
          "start" : 1747962689806,
          "stop" : 1747962690170,
          "duration" : 364
        }
      }, {
        "uid" : "3afd9c6ecfd0dc2",
        "reportUrl" : "https://lambotik.github.io/Oblache/410//#testresult/3afd9c6ecfd0dc2",
        "status" : "failed",
        "statusDetails" : "AssertionError: Result is not equal expected value",
        "time" : {
          "start" : 1747876297903,
          "stop" : 1747876298259,
          "duration" : 356
        }
      }, {
        "uid" : "b714a1621dc6eb1e",
        "reportUrl" : "https://lambotik.github.io/Oblache/409//#testresult/b714a1621dc6eb1e",
        "status" : "failed",
        "statusDetails" : "AssertionError: Result is not equal expected value",
        "time" : {
          "start" : 1747789935211,
          "stop" : 1747789935585,
          "duration" : 374
        }
      }, {
        "uid" : "cfe35c253c74c6b8",
        "reportUrl" : "https://lambotik.github.io/Oblache/408//#testresult/cfe35c253c74c6b8",
        "status" : "failed",
        "statusDetails" : "AssertionError: Result is not equal expected value",
        "time" : {
          "start" : 1747703565716,
          "stop" : 1747703566021,
          "duration" : 305
        }
      }, {
        "uid" : "d40f8e52a6034fae",
        "reportUrl" : "https://lambotik.github.io/Oblache/407//#testresult/d40f8e52a6034fae",
        "status" : "failed",
        "statusDetails" : "AssertionError: Result is not equal expected value",
        "time" : {
          "start" : 1747617279848,
          "stop" : 1747617280164,
          "duration" : 316
        }
      }, {
        "uid" : "2c91b9d8928b9db",
        "reportUrl" : "https://lambotik.github.io/Oblache/406//#testresult/2c91b9d8928b9db",
        "status" : "failed",
        "statusDetails" : "AssertionError: Result is not equal expected value",
        "time" : {
          "start" : 1747530975853,
          "stop" : 1747530976221,
          "duration" : 368
        }
      }, {
        "uid" : "4d31132f1e234b78",
        "reportUrl" : "https://lambotik.github.io/Oblache/405//#testresult/4d31132f1e234b78",
        "status" : "failed",
        "statusDetails" : "AssertionError: Result is not equal expected value",
        "time" : {
          "start" : 1747444219774,
          "stop" : 1747444220144,
          "duration" : 370
        }
      }, {
        "uid" : "df232e4964900638",
        "reportUrl" : "https://lambotik.github.io/Oblache/404//#testresult/df232e4964900638",
        "status" : "failed",
        "statusDetails" : "AssertionError: Result is not equal expected value",
        "time" : {
          "start" : 1747357920429,
          "stop" : 1747357920742,
          "duration" : 313
        }
      }, {
        "uid" : "65cc8b54594b6e66",
        "reportUrl" : "https://lambotik.github.io/Oblache/403//#testresult/65cc8b54594b6e66",
        "status" : "failed",
        "statusDetails" : "AssertionError: Result is not equal expected value",
        "time" : {
          "start" : 1747271315011,
          "stop" : 1747271315317,
          "duration" : 306
        }
      }, {
        "uid" : "ff88028e39cfdd94",
        "reportUrl" : "https://lambotik.github.io/Oblache/402//#testresult/ff88028e39cfdd94",
        "status" : "failed",
        "statusDetails" : "AssertionError: Result is not equal expected value",
        "time" : {
          "start" : 1747185059509,
          "stop" : 1747185060025,
          "duration" : 516
        }
      }, {
        "uid" : "fb6260b3438ba330",
        "reportUrl" : "https://lambotik.github.io/Oblache/401//#testresult/fb6260b3438ba330",
        "status" : "failed",
        "statusDetails" : "AssertionError: Result is not equal expected value",
        "time" : {
          "start" : 1747098727490,
          "stop" : 1747098727866,
          "duration" : 376
        }
      }, {
        "uid" : "b1704ed42b4051c5",
        "reportUrl" : "https://lambotik.github.io/Oblache/400//#testresult/b1704ed42b4051c5",
        "status" : "failed",
        "statusDetails" : "AssertionError: Result is not equal expected value",
        "time" : {
          "start" : 1747012431421,
          "stop" : 1747012431833,
          "duration" : 412
        }
      }, {
        "uid" : "9e0e5b492074b137",
        "reportUrl" : "https://lambotik.github.io/Oblache/399//#testresult/9e0e5b492074b137",
        "status" : "failed",
        "statusDetails" : "AssertionError: Result is not equal expected value",
        "time" : {
          "start" : 1746926131188,
          "stop" : 1746926131696,
          "duration" : 508
        }
      }, {
        "uid" : "b835ba4abe32d2d4",
        "reportUrl" : "https://lambotik.github.io/Oblache/398//#testresult/b835ba4abe32d2d4",
        "status" : "failed",
        "statusDetails" : "AssertionError: Result is not equal expected value",
        "time" : {
          "start" : 1746839289027,
          "stop" : 1746839289328,
          "duration" : 301
        }
      }, {
        "uid" : "29df5604380559c3",
        "reportUrl" : "https://lambotik.github.io/Oblache/397//#testresult/29df5604380559c3",
        "status" : "failed",
        "statusDetails" : "AssertionError: Result is not equal expected value",
        "time" : {
          "start" : 1746753042473,
          "stop" : 1746753042785,
          "duration" : 312
        }
      }, {
        "uid" : "dffe0b6603865090",
        "reportUrl" : "https://lambotik.github.io/Oblache/396//#testresult/dffe0b6603865090",
        "status" : "failed",
        "statusDetails" : "AssertionError: Result is not equal expected value",
        "time" : {
          "start" : 1746666696087,
          "stop" : 1746666696591,
          "duration" : 504
        }
      }, {
        "uid" : "79da706a6411344d",
        "reportUrl" : "https://lambotik.github.io/Oblache/395//#testresult/79da706a6411344d",
        "status" : "failed",
        "statusDetails" : "AssertionError: Result is not equal expected value",
        "time" : {
          "start" : 1746580266093,
          "stop" : 1746580266607,
          "duration" : 514
        }
      }, {
        "uid" : "63ee75ef0c2b1639",
        "reportUrl" : "https://lambotik.github.io/Oblache/394//#testresult/63ee75ef0c2b1639",
        "status" : "failed",
        "statusDetails" : "AssertionError: Result is not equal expected value",
        "time" : {
          "start" : 1746493833887,
          "stop" : 1746493834204,
          "duration" : 317
        }
      } ]
    },
    "tags" : [ ]
  },
  "source" : "20df59d0fd6857e.json",
  "parameterValues" : [ ]
}