{
  "uid" : "54f01b99f3ad84aa",
  "name" : "test_create_database",
  "fullName" : "tests_ui.test_ui.TestProfilePage#test_create_database",
  "historyId" : "4762f7b87391625d86f9ea8dbdd3b406",
  "time" : {
    "start" : 1759801485101,
    "stop" : 1759801491197,
    "duration" : 6096
  },
  "status" : "broken",
  "statusMessage" : "selenium.common.exceptions.TimeoutException: Message: Can't find element by locator ('xpath', '//button[@id=\"menu_button_status\"]')\nStacktrace:\n#0 0x5603051b2fba <unknown>\n#1 0x560304c376d0 <unknown>\n#2 0x560304c892aa <unknown>\n#3 0x560304c89541 <unknown>\n#4 0x560304cd76c4 <unknown>\n#5 0x560304caee5d <unknown>\n#6 0x560304cd4b54 <unknown>\n#7 0x560304caec03 <unknown>\n#8 0x560304c7b7a8 <unknown>\n#9 0x560304c7c421 <unknown>\n#10 0x560305177b28 <unknown>\n#11 0x56030517b87f <unknown>\n#12 0x56030515fc49 <unknown>\n#13 0x56030517c405 <unknown>\n#14 0x5603051454ff <unknown>\n#15 0x5603051a0258 <unknown>\n#16 0x5603051a0432 <unknown>\n#17 0x5603051b1fa3 <unknown>\n#18 0x7fcfd769caa4 <unknown>\n#19 0x7fcfd7729c6c <unknown>",
  "statusTrace" : "self = <tests_ui.test_ui.TestProfilePage object at 0x7f45ab8fcb30>\ndriver = <selenium.webdriver.chrome.webdriver.WebDriver (session=\"a0f6725132dd1384207d6291331ed67d\")>\nauthorization_user = None\n\n    @allure.title('test_create_database')\n    def test_create_database(self, driver, authorization_user):\n        page = ProfilePage(driver, authorization_user)\n>       page.compare_database_status()\n\ntests_ui/test_ui.py:83: \n_ _ _ _ _ _ _ _ _ _ _ _ _ _ _ _ _ _ _ _ _ _ _ _ _ _ _ _ _ _ _ _ _ _ _ _ _ _ _ _ \ntests_ui/profile_page.py:144: in compare_database_status\n    self.click_button_status()\ntests_ui/profile_page.py:18: in click_button_status\n    return self.element_is_present_and_clickable(self.locators.STATUS_BUTTON).click()\ntests_ui/base_page.py:28: in element_is_present_and_clickable\n    return (Wait(self.driver, self.timeout).until(\n_ _ _ _ _ _ _ _ _ _ _ _ _ _ _ _ _ _ _ _ _ _ _ _ _ _ _ _ _ _ _ _ _ _ _ _ _ _ _ _ \n\nself = <selenium.webdriver.support.wait.WebDriverWait (session=\"a0f6725132dd1384207d6291331ed67d\")>\nmethod = <function visibility_of_element_located.<locals>._predicate at 0x7f45ab8727a0>\nmessage = 'Can\\'t find element by locator (\\'xpath\\', \\'//button[@id=\"menu_button_status\"]\\')'\n\n    def until(self, method: Callable[[D], Union[Literal[False], T]], message: str = \"\") -> T:\n        \"\"\"Calls the method provided with the driver as an argument until the \\\n        return value does not evaluate to ``False``.\n    \n        :param method: callable(WebDriver)\n        :param message: optional message for :exc:`TimeoutException`\n        :returns: the result of the last call to `method`\n        :raises: :exc:`selenium.common.exceptions.TimeoutException` if timeout occurs\n        \"\"\"\n        screen = None\n        stacktrace = None\n    \n        end_time = time.monotonic() + self._timeout\n        while True:\n            try:\n                value = method(self._driver)\n                if value:\n                    return value\n            except self._ignored_exceptions as exc:\n                screen = getattr(exc, \"screen\", None)\n                stacktrace = getattr(exc, \"stacktrace\", None)\n            time.sleep(self._poll)\n            if time.monotonic() > end_time:\n                break\n>       raise TimeoutException(message, screen, stacktrace)\nE       selenium.common.exceptions.TimeoutException: Message: Can't find element by locator ('xpath', '//button[@id=\"menu_button_status\"]')\nE       Stacktrace:\nE       #0 0x5603051b2fba <unknown>\nE       #1 0x560304c376d0 <unknown>\nE       #2 0x560304c892aa <unknown>\nE       #3 0x560304c89541 <unknown>\nE       #4 0x560304cd76c4 <unknown>\nE       #5 0x560304caee5d <unknown>\nE       #6 0x560304cd4b54 <unknown>\nE       #7 0x560304caec03 <unknown>\nE       #8 0x560304c7b7a8 <unknown>\nE       #9 0x560304c7c421 <unknown>\nE       #10 0x560305177b28 <unknown>\nE       #11 0x56030517b87f <unknown>\nE       #12 0x56030515fc49 <unknown>\nE       #13 0x56030517c405 <unknown>\nE       #14 0x5603051454ff <unknown>\nE       #15 0x5603051a0258 <unknown>\nE       #16 0x5603051a0432 <unknown>\nE       #17 0x5603051b1fa3 <unknown>\nE       #18 0x7fcfd769caa4 <unknown>\nE       #19 0x7fcfd7729c6c <unknown>\n\n/opt/hostedtoolcache/Python/3.12.11/x64/lib/python3.12/site-packages/selenium/webdriver/support/wait.py:105: TimeoutException",
  "flaky" : false,
  "newFailed" : false,
  "beforeStages" : [ {
    "name" : "authorization_user",
    "time" : {
      "start" : 1759801484582,
      "stop" : 1759801485101,
      "duration" : 519
    },
    "status" : "passed",
    "steps" : [ {
      "name" : "Open page: https://oblache.areso.pro/register.html",
      "time" : {
        "start" : 1759801484582,
        "stop" : 1759801484903,
        "duration" : 321
      },
      "status" : "passed",
      "steps" : [ ],
      "attachments" : [ ],
      "parameters" : [ ],
      "stepsCount" : 0,
      "attachmentsCount" : 0,
      "shouldDisplayMessage" : false,
      "hasContent" : false
    }, {
      "name" : "Login user",
      "time" : {
        "start" : 1759801484903,
        "stop" : 1759801485101,
        "duration" : 198
      },
      "status" : "passed",
      "steps" : [ {
        "name" : "Enter email.",
        "time" : {
          "start" : 1759801484904,
          "stop" : 1759801484965,
          "duration" : 61
        },
        "status" : "passed",
        "steps" : [ ],
        "attachments" : [ ],
        "parameters" : [ ],
        "stepsCount" : 0,
        "attachmentsCount" : 0,
        "shouldDisplayMessage" : false,
        "hasContent" : false
      }, {
        "name" : "Enter password.",
        "time" : {
          "start" : 1759801484965,
          "stop" : 1759801485012,
          "duration" : 47
        },
        "status" : "passed",
        "steps" : [ ],
        "attachments" : [ ],
        "parameters" : [ ],
        "stepsCount" : 0,
        "attachmentsCount" : 0,
        "shouldDisplayMessage" : false,
        "hasContent" : false
      }, {
        "name" : "Click button \"Login\"",
        "time" : {
          "start" : 1759801485012,
          "stop" : 1759801485098,
          "duration" : 86
        },
        "status" : "passed",
        "steps" : [ ],
        "attachments" : [ ],
        "parameters" : [ ],
        "stepsCount" : 0,
        "attachmentsCount" : 0,
        "shouldDisplayMessage" : false,
        "hasContent" : false
      }, {
        "name" : "Check url is present: https://oblache.areso.pro/register.html",
        "time" : {
          "start" : 1759801485098,
          "stop" : 1759801485101,
          "duration" : 3
        },
        "status" : "passed",
        "steps" : [ ],
        "attachments" : [ ],
        "parameters" : [ ],
        "stepsCount" : 0,
        "attachmentsCount" : 0,
        "shouldDisplayMessage" : false,
        "hasContent" : false
      } ],
      "attachments" : [ ],
      "parameters" : [ ],
      "stepsCount" : 4,
      "attachmentsCount" : 0,
      "shouldDisplayMessage" : false,
      "hasContent" : true
    } ],
    "attachments" : [ ],
    "parameters" : [ ],
    "stepsCount" : 6,
    "attachmentsCount" : 0,
    "shouldDisplayMessage" : false,
    "hasContent" : true
  }, {
    "name" : "driver",
    "time" : {
      "start" : 1759801484324,
      "stop" : 1759801484582,
      "duration" : 258
    },
    "status" : "passed",
    "steps" : [ ],
    "attachments" : [ ],
    "parameters" : [ ],
    "stepsCount" : 0,
    "attachmentsCount" : 0,
    "shouldDisplayMessage" : false,
    "hasContent" : false
  } ],
  "testStage" : {
    "status" : "broken",
    "statusMessage" : "selenium.common.exceptions.TimeoutException: Message: Can't find element by locator ('xpath', '//button[@id=\"menu_button_status\"]')\nStacktrace:\n#0 0x5603051b2fba <unknown>\n#1 0x560304c376d0 <unknown>\n#2 0x560304c892aa <unknown>\n#3 0x560304c89541 <unknown>\n#4 0x560304cd76c4 <unknown>\n#5 0x560304caee5d <unknown>\n#6 0x560304cd4b54 <unknown>\n#7 0x560304caec03 <unknown>\n#8 0x560304c7b7a8 <unknown>\n#9 0x560304c7c421 <unknown>\n#10 0x560305177b28 <unknown>\n#11 0x56030517b87f <unknown>\n#12 0x56030515fc49 <unknown>\n#13 0x56030517c405 <unknown>\n#14 0x5603051454ff <unknown>\n#15 0x5603051a0258 <unknown>\n#16 0x5603051a0432 <unknown>\n#17 0x5603051b1fa3 <unknown>\n#18 0x7fcfd769caa4 <unknown>\n#19 0x7fcfd7729c6c <unknown>",
    "statusTrace" : "self = <tests_ui.test_ui.TestProfilePage object at 0x7f45ab8fcb30>\ndriver = <selenium.webdriver.chrome.webdriver.WebDriver (session=\"a0f6725132dd1384207d6291331ed67d\")>\nauthorization_user = None\n\n    @allure.title('test_create_database')\n    def test_create_database(self, driver, authorization_user):\n        page = ProfilePage(driver, authorization_user)\n>       page.compare_database_status()\n\ntests_ui/test_ui.py:83: \n_ _ _ _ _ _ _ _ _ _ _ _ _ _ _ _ _ _ _ _ _ _ _ _ _ _ _ _ _ _ _ _ _ _ _ _ _ _ _ _ \ntests_ui/profile_page.py:144: in compare_database_status\n    self.click_button_status()\ntests_ui/profile_page.py:18: in click_button_status\n    return self.element_is_present_and_clickable(self.locators.STATUS_BUTTON).click()\ntests_ui/base_page.py:28: in element_is_present_and_clickable\n    return (Wait(self.driver, self.timeout).until(\n_ _ _ _ _ _ _ _ _ _ _ _ _ _ _ _ _ _ _ _ _ _ _ _ _ _ _ _ _ _ _ _ _ _ _ _ _ _ _ _ \n\nself = <selenium.webdriver.support.wait.WebDriverWait (session=\"a0f6725132dd1384207d6291331ed67d\")>\nmethod = <function visibility_of_element_located.<locals>._predicate at 0x7f45ab8727a0>\nmessage = 'Can\\'t find element by locator (\\'xpath\\', \\'//button[@id=\"menu_button_status\"]\\')'\n\n    def until(self, method: Callable[[D], Union[Literal[False], T]], message: str = \"\") -> T:\n        \"\"\"Calls the method provided with the driver as an argument until the \\\n        return value does not evaluate to ``False``.\n    \n        :param method: callable(WebDriver)\n        :param message: optional message for :exc:`TimeoutException`\n        :returns: the result of the last call to `method`\n        :raises: :exc:`selenium.common.exceptions.TimeoutException` if timeout occurs\n        \"\"\"\n        screen = None\n        stacktrace = None\n    \n        end_time = time.monotonic() + self._timeout\n        while True:\n            try:\n                value = method(self._driver)\n                if value:\n                    return value\n            except self._ignored_exceptions as exc:\n                screen = getattr(exc, \"screen\", None)\n                stacktrace = getattr(exc, \"stacktrace\", None)\n            time.sleep(self._poll)\n            if time.monotonic() > end_time:\n                break\n>       raise TimeoutException(message, screen, stacktrace)\nE       selenium.common.exceptions.TimeoutException: Message: Can't find element by locator ('xpath', '//button[@id=\"menu_button_status\"]')\nE       Stacktrace:\nE       #0 0x5603051b2fba <unknown>\nE       #1 0x560304c376d0 <unknown>\nE       #2 0x560304c892aa <unknown>\nE       #3 0x560304c89541 <unknown>\nE       #4 0x560304cd76c4 <unknown>\nE       #5 0x560304caee5d <unknown>\nE       #6 0x560304cd4b54 <unknown>\nE       #7 0x560304caec03 <unknown>\nE       #8 0x560304c7b7a8 <unknown>\nE       #9 0x560304c7c421 <unknown>\nE       #10 0x560305177b28 <unknown>\nE       #11 0x56030517b87f <unknown>\nE       #12 0x56030515fc49 <unknown>\nE       #13 0x56030517c405 <unknown>\nE       #14 0x5603051454ff <unknown>\nE       #15 0x5603051a0258 <unknown>\nE       #16 0x5603051a0432 <unknown>\nE       #17 0x5603051b1fa3 <unknown>\nE       #18 0x7fcfd769caa4 <unknown>\nE       #19 0x7fcfd7729c6c <unknown>\n\n/opt/hostedtoolcache/Python/3.12.11/x64/lib/python3.12/site-packages/selenium/webdriver/support/wait.py:105: TimeoutException",
    "steps" : [ {
      "name" : "Click button Status.",
      "time" : {
        "start" : 1759801486101,
        "stop" : 1759801491197,
        "duration" : 5096
      },
      "status" : "broken",
      "statusMessage" : "selenium.common.exceptions.TimeoutException: Message: Can't find element by locator ('xpath', '//button[@id=\"menu_button_status\"]')\nStacktrace:\n#0 0x5603051b2fba <unknown>\n#1 0x560304c376d0 <unknown>\n#2 0x560304c892aa <unknown>\n#3 0x560304c89541 <unknown>\n#4 0x560304cd76c4 <unknown>\n#5 0x560304caee5d <unknown>\n#6 0x560304cd4b54 <unknown>\n#7 0x560304caec03 <unknown>\n#8 0x560304c7b7a8 <unknown>\n#9 0x560304c7c421 <unknown>\n#10 0x560305177b28 <unknown>\n#11 0x56030517b87f <unknown>\n#12 0x56030515fc49 <unknown>\n#13 0x56030517c405 <unknown>\n#14 0x5603051454ff <unknown>\n#15 0x5603051a0258 <unknown>\n#16 0x5603051a0432 <unknown>\n#17 0x5603051b1fa3 <unknown>\n#18 0x7fcfd769caa4 <unknown>\n#19 0x7fcfd7729c6c <unknown>\n\n",
      "statusTrace" : "  File \"/home/runner/work/Oblache/Oblache/tests_ui/profile_page.py\", line 18, in click_button_status\n    return self.element_is_present_and_clickable(self.locators.STATUS_BUTTON).click()\n           ^^^^^^^^^^^^^^^^^^^^^^^^^^^^^^^^^^^^^^^^^^^^^^^^^^^^^^^^^^^^^^^^^^\n  File \"/home/runner/work/Oblache/Oblache/tests_ui/base_page.py\", line 28, in element_is_present_and_clickable\n    return (Wait(self.driver, self.timeout).until(\n            ^^^^^^^^^^^^^^^^^^^^^^^^^^^^^^^^^^^^^^\n  File \"/opt/hostedtoolcache/Python/3.12.11/x64/lib/python3.12/site-packages/selenium/webdriver/support/wait.py\", line 105, in until\n    raise TimeoutException(message, screen, stacktrace)\n",
      "steps" : [ ],
      "attachments" : [ ],
      "parameters" : [ ],
      "stepsCount" : 0,
      "attachmentsCount" : 0,
      "shouldDisplayMessage" : true,
      "hasContent" : true
    } ],
    "attachments" : [ {
      "uid" : "f2aa85e564e24d49",
      "name" : "Screenshot 2025-10-07 01:44:51.260955",
      "source" : "f2aa85e564e24d49.png",
      "type" : "image/png",
      "size" : 15433
    } ],
    "parameters" : [ ],
    "stepsCount" : 1,
    "attachmentsCount" : 1,
    "shouldDisplayMessage" : true,
    "hasContent" : true
  },
  "afterStages" : [ {
    "name" : "driver::0",
    "time" : {
      "start" : 1759801491262,
      "stop" : 1759801491322,
      "duration" : 60
    },
    "status" : "passed",
    "steps" : [ ],
    "attachments" : [ ],
    "parameters" : [ ],
    "stepsCount" : 0,
    "attachmentsCount" : 0,
    "shouldDisplayMessage" : false,
    "hasContent" : false
  } ],
  "labels" : [ {
    "name" : "suite",
    "value" : "Test Profile Page."
  }, {
    "name" : "parentSuite",
    "value" : "tests_ui"
  }, {
    "name" : "subSuite",
    "value" : "TestProfilePage"
  }, {
    "name" : "host",
    "value" : "runnervmwhb2z"
  }, {
    "name" : "thread",
    "value" : "2578-MainThread"
  }, {
    "name" : "framework",
    "value" : "pytest"
  }, {
    "name" : "language",
    "value" : "cpython3"
  }, {
    "name" : "package",
    "value" : "tests_ui.test_ui"
  }, {
    "name" : "resultFormat",
    "value" : "allure2"
  } ],
  "parameters" : [ ],
  "links" : [ ],
  "hidden" : false,
  "retry" : false,
  "extra" : {
    "severity" : "normal",
    "retries" : [ ],
    "categories" : [ {
      "name" : "Test defects",
      "matchedStatuses" : [ ],
      "flaky" : false
    } ],
    "history" : {
      "statistic" : {
        "failed" : 5,
        "broken" : 296,
        "skipped" : 0,
        "passed" : 3,
        "unknown" : 0,
        "total" : 304
      },
      "items" : [ {
        "uid" : "8b756eae41e11ba5",
        "reportUrl" : "https://lambotik.github.io/Oblache/524//#testresult/8b756eae41e11ba5",
        "status" : "broken",
        "statusDetails" : "selenium.common.exceptions.TimeoutException: Message: Can't find element by locator ('xpath', '//button[@id=\"menu_button_status\"]')\nStacktrace:\n#0 0x558ff65bcfba <unknown>\n#1 0x558ff60416d0 <unknown>\n#2 0x558ff60932aa <unknown>\n#3 0x558ff6093541 <unknown>\n#4 0x558ff60e16c4 <unknown>\n#5 0x558ff60b8e5d <unknown>\n#6 0x558ff60deb54 <unknown>\n#7 0x558ff60b8c03 <unknown>\n#8 0x558ff60857a8 <unknown>\n#9 0x558ff6086421 <unknown>\n#10 0x558ff6581b28 <unknown>\n#11 0x558ff658587f <unknown>\n#12 0x558ff6569c49 <unknown>\n#13 0x558ff6586405 <unknown>\n#14 0x558ff654f4ff <unknown>\n#15 0x558ff65aa258 <unknown>\n#16 0x558ff65aa432 <unknown>\n#17 0x558ff65bbfa3 <unknown>\n#18 0x7f7d4c09caa4 <unknown>\n#19 0x7f7d4c129c6c <unknown>",
        "time" : {
          "start" : 1759715290238,
          "stop" : 1759715296345,
          "duration" : 6107
        }
      }, {
        "uid" : "25cde0e05058537",
        "reportUrl" : "https://lambotik.github.io/Oblache/523//#testresult/25cde0e05058537",
        "status" : "failed",
        "statusDetails" : "AssertionError: Message is not present.",
        "time" : {
          "start" : 1759629289307,
          "stop" : 1759629293535,
          "duration" : 4228
        }
      }, {
        "uid" : "9f233abb061eec51",
        "reportUrl" : "https://lambotik.github.io/Oblache/522//#testresult/9f233abb061eec51",
        "status" : "failed",
        "statusDetails" : "AssertionError: Message is not present.",
        "time" : {
          "start" : 1759542113500,
          "stop" : 1759542117086,
          "duration" : 3586
        }
      }, {
        "uid" : "1cbc9f5893f821bc",
        "reportUrl" : "https://lambotik.github.io/Oblache/521//#testresult/1cbc9f5893f821bc",
        "status" : "failed",
        "statusDetails" : "AssertionError: Message is not present.",
        "time" : {
          "start" : 1759455911675,
          "stop" : 1759455915354,
          "duration" : 3679
        }
      }, {
        "uid" : "31ff9b249f55408d",
        "reportUrl" : "https://lambotik.github.io/Oblache/520//#testresult/31ff9b249f55408d",
        "status" : "failed",
        "statusDetails" : "AssertionError: Message is not present.",
        "time" : {
          "start" : 1759369488643,
          "stop" : 1759369492251,
          "duration" : 3608
        }
      }, {
        "uid" : "7f3ce32ba2026d63",
        "reportUrl" : "https://lambotik.github.io/Oblache/519//#testresult/7f3ce32ba2026d63",
        "status" : "failed",
        "statusDetails" : "AssertionError: Message is not present.",
        "time" : {
          "start" : 1759283814793,
          "stop" : 1759283819125,
          "duration" : 4332
        }
      }, {
        "uid" : "ae30fcbf1d1ae1bc",
        "reportUrl" : "https://lambotik.github.io/Oblache/518//#testresult/ae30fcbf1d1ae1bc",
        "status" : "broken",
        "statusDetails" : "selenium.common.exceptions.TimeoutException: Message: Can't find element by locator ('xpath', '//div[@id=\"msg_from_server\"]')",
        "time" : {
          "start" : 1759196689333,
          "stop" : 1759196697427,
          "duration" : 8094
        }
      }, {
        "uid" : "526b34719f1560de",
        "reportUrl" : "https://lambotik.github.io/Oblache/517//#testresult/526b34719f1560de",
        "status" : "broken",
        "statusDetails" : "selenium.common.exceptions.TimeoutException: Message: Can't find element by locator ('xpath', '//div[@id=\"msg_from_server\"]')",
        "time" : {
          "start" : 1759110572798,
          "stop" : 1759110581001,
          "duration" : 8203
        }
      }, {
        "uid" : "cdd8a8e9b5aaf8d4",
        "reportUrl" : "https://lambotik.github.io/Oblache/516//#testresult/cdd8a8e9b5aaf8d4",
        "status" : "broken",
        "statusDetails" : "selenium.common.exceptions.TimeoutException: Message: Can't find element by locator ('xpath', '//div[@id=\"msg_from_server\"]')",
        "time" : {
          "start" : 1759024551597,
          "stop" : 1759024560411,
          "duration" : 8814
        }
      }, {
        "uid" : "9f72cb4346ff1af1",
        "reportUrl" : "https://lambotik.github.io/Oblache/515//#testresult/9f72cb4346ff1af1",
        "status" : "broken",
        "statusDetails" : "selenium.common.exceptions.TimeoutException: Message: Can't find element by locator ('xpath', '//div[@id=\"msg_from_server\"]')",
        "time" : {
          "start" : 1758937390243,
          "stop" : 1758937399041,
          "duration" : 8798
        }
      }, {
        "uid" : "47a6fb71a6fa40d",
        "reportUrl" : "https://lambotik.github.io/Oblache/514//#testresult/47a6fb71a6fa40d",
        "status" : "broken",
        "statusDetails" : "selenium.common.exceptions.TimeoutException: Message: Can't find element by locator ('xpath', '//div[@id=\"msg_from_server\"]')",
        "time" : {
          "start" : 1758851234859,
          "stop" : 1758851242984,
          "duration" : 8125
        }
      }, {
        "uid" : "acbcaef49add686e",
        "reportUrl" : "https://lambotik.github.io/Oblache/513//#testresult/acbcaef49add686e",
        "status" : "broken",
        "statusDetails" : "selenium.common.exceptions.TimeoutException: Message: Can't find element by locator ('xpath', '//div[@id=\"msg_from_server\"]')",
        "time" : {
          "start" : 1758764896939,
          "stop" : 1758764905273,
          "duration" : 8334
        }
      }, {
        "uid" : "67738e558980d34f",
        "reportUrl" : "https://lambotik.github.io/Oblache/512//#testresult/67738e558980d34f",
        "status" : "broken",
        "statusDetails" : "selenium.common.exceptions.TimeoutException: Message: Can't find element by locator ('xpath', '//div[@id=\"msg_from_server\"]')",
        "time" : {
          "start" : 1758678409181,
          "stop" : 1758678417249,
          "duration" : 8068
        }
      }, {
        "uid" : "281325000ef5d46f",
        "reportUrl" : "https://lambotik.github.io/Oblache/511//#testresult/281325000ef5d46f",
        "status" : "broken",
        "statusDetails" : "selenium.common.exceptions.TimeoutException: Message: Can't find element by locator ('xpath', '//div[@id=\"msg_from_server\"]')",
        "time" : {
          "start" : 1758591950929,
          "stop" : 1758591959795,
          "duration" : 8866
        }
      }, {
        "uid" : "7ded6e30092f8d13",
        "reportUrl" : "https://lambotik.github.io/Oblache/510//#testresult/7ded6e30092f8d13",
        "status" : "broken",
        "statusDetails" : "selenium.common.exceptions.TimeoutException: Message: Can't find element by locator ('xpath', '//div[@id=\"msg_from_server\"]')",
        "time" : {
          "start" : 1758506093829,
          "stop" : 1758506102770,
          "duration" : 8941
        }
      }, {
        "uid" : "6658d5636f21f762",
        "reportUrl" : "https://lambotik.github.io/Oblache/509//#testresult/6658d5636f21f762",
        "status" : "broken",
        "statusDetails" : "selenium.common.exceptions.TimeoutException: Message: Can't find element by locator ('xpath', '//div[@id=\"msg_from_server\"]')",
        "time" : {
          "start" : 1758419692714,
          "stop" : 1758419701477,
          "duration" : 8763
        }
      }, {
        "uid" : "f55d32c7afaeed7a",
        "reportUrl" : "https://lambotik.github.io/Oblache/508//#testresult/f55d32c7afaeed7a",
        "status" : "broken",
        "statusDetails" : "selenium.common.exceptions.TimeoutException: Message: Can't find element by locator ('xpath', '//div[@id=\"msg_from_server\"]')",
        "time" : {
          "start" : 1758332568278,
          "stop" : 1758332576372,
          "duration" : 8094
        }
      }, {
        "uid" : "911665167b811fb1",
        "reportUrl" : "https://lambotik.github.io/Oblache/507//#testresult/911665167b811fb1",
        "status" : "broken",
        "statusDetails" : "selenium.common.exceptions.TimeoutException: Message: Can't find element by locator ('xpath', '//div[@id=\"msg_from_server\"]')",
        "time" : {
          "start" : 1758246464081,
          "stop" : 1758246472995,
          "duration" : 8914
        }
      }, {
        "uid" : "3187575c9cb47f50",
        "reportUrl" : "https://lambotik.github.io/Oblache/506//#testresult/3187575c9cb47f50",
        "status" : "broken",
        "statusDetails" : "selenium.common.exceptions.TimeoutException: Message: Can't find element by locator ('xpath', '//div[@id=\"msg_from_server\"]')",
        "time" : {
          "start" : 1758159887668,
          "stop" : 1758159895722,
          "duration" : 8054
        }
      }, {
        "uid" : "ebed1cbed1a4aa04",
        "reportUrl" : "https://lambotik.github.io/Oblache/505//#testresult/ebed1cbed1a4aa04",
        "status" : "broken",
        "statusDetails" : "selenium.common.exceptions.TimeoutException: Message: Can't find element by locator ('xpath', '//div[@id=\"msg_from_server\"]')",
        "time" : {
          "start" : 1758073491282,
          "stop" : 1758073499428,
          "duration" : 8146
        }
      } ]
    },
    "tags" : [ ]
  },
  "source" : "54f01b99f3ad84aa.json",
  "parameterValues" : [ ]
}