{
  "uid" : "6d92c344582fc4f2",
  "name" : "test_open_static_site_page",
  "fullName" : "tests_ui.test_ui.TestProfilePage#test_open_statistic_page",
  "historyId" : "d5ae1e2d5dedc1997262906d6ec2db80",
  "time" : {
    "start" : 1759283801848,
    "stop" : 1759283807227,
    "duration" : 5379
  },
  "status" : "broken",
  "statusMessage" : "selenium.common.exceptions.TimeoutException: Message: Can't find element by locator ('xpath', '//button[@id=\"menu_button_webpages\"]')\nStacktrace:\n#0 0x555c1d11acba <unknown>\n#1 0x555c1cb8f8e0 <unknown>\n#2 0x555c1cbe1580 <unknown>\n#3 0x555c1cbe1771 <unknown>\n#4 0x555c1cc2f864 <unknown>\n#5 0x555c1cc0709d <unknown>\n#6 0x555c1cc2cc63 <unknown>\n#7 0x555c1cc06e43 <unknown>\n#8 0x555c1cbd39a8 <unknown>\n#9 0x555c1cbd4621 <unknown>\n#10 0x555c1d0de8b8 <unknown>\n#11 0x555c1d0e25e2 <unknown>\n#12 0x555c1d0c5683 <unknown>\n#13 0x555c1d0e3135 <unknown>\n#14 0x555c1d0aa80f <unknown>\n#15 0x555c1d1074c8 <unknown>\n#16 0x555c1d1076a2 <unknown>\n#17 0x555c1d119dc3 <unknown>\n#18 0x7fe9bc89caa4 <unknown>\n#19 0x7fe9bc929c6c <unknown>",
  "statusTrace" : "self = <tests_ui.test_ui.TestProfilePage object at 0x7f51a5859550>\ndriver = <selenium.webdriver.chrome.webdriver.WebDriver (session=\"2b1fa87c448a897059598c28fd05e762\")>\nauthorization_user = None\n\n    @allure.title('test_open_static_site_page')\n    def test_open_statistic_page(self, driver, authorization_user):\n        page = ProfilePage(driver)\n>       page.click_static_site_button()\n\ntests_ui/test_ui.py:69: \n_ _ _ _ _ _ _ _ _ _ _ _ _ _ _ _ _ _ _ _ _ _ _ _ _ _ _ _ _ _ _ _ _ _ _ _ _ _ _ _ \ntests_ui/profile_page.py:40: in click_static_site_button\n    return self.element_is_present_and_clickable(self.locators.STATIC_BUTTON).click()\ntests_ui/base_page.py:28: in element_is_present_and_clickable\n    return (Wait(self.driver, self.timeout).until(\n_ _ _ _ _ _ _ _ _ _ _ _ _ _ _ _ _ _ _ _ _ _ _ _ _ _ _ _ _ _ _ _ _ _ _ _ _ _ _ _ \n\nself = <selenium.webdriver.support.wait.WebDriverWait (session=\"2b1fa87c448a897059598c28fd05e762\")>\nmethod = <function visibility_of_element_located.<locals>._predicate at 0x7f51a4df6020>\nmessage = 'Can\\'t find element by locator (\\'xpath\\', \\'//button[@id=\"menu_button_webpages\"]\\')'\n\n    def until(self, method: Callable[[D], Union[Literal[False], T]], message: str = \"\") -> T:\n        \"\"\"Calls the method provided with the driver as an argument until the \\\n        return value does not evaluate to ``False``.\n    \n        :param method: callable(WebDriver)\n        :param message: optional message for :exc:`TimeoutException`\n        :returns: the result of the last call to `method`\n        :raises: :exc:`selenium.common.exceptions.TimeoutException` if timeout occurs\n        \"\"\"\n        screen = None\n        stacktrace = None\n    \n        end_time = time.monotonic() + self._timeout\n        while True:\n            try:\n                value = method(self._driver)\n                if value:\n                    return value\n            except self._ignored_exceptions as exc:\n                screen = getattr(exc, \"screen\", None)\n                stacktrace = getattr(exc, \"stacktrace\", None)\n            time.sleep(self._poll)\n            if time.monotonic() > end_time:\n                break\n>       raise TimeoutException(message, screen, stacktrace)\nE       selenium.common.exceptions.TimeoutException: Message: Can't find element by locator ('xpath', '//button[@id=\"menu_button_webpages\"]')\nE       Stacktrace:\nE       #0 0x555c1d11acba <unknown>\nE       #1 0x555c1cb8f8e0 <unknown>\nE       #2 0x555c1cbe1580 <unknown>\nE       #3 0x555c1cbe1771 <unknown>\nE       #4 0x555c1cc2f864 <unknown>\nE       #5 0x555c1cc0709d <unknown>\nE       #6 0x555c1cc2cc63 <unknown>\nE       #7 0x555c1cc06e43 <unknown>\nE       #8 0x555c1cbd39a8 <unknown>\nE       #9 0x555c1cbd4621 <unknown>\nE       #10 0x555c1d0de8b8 <unknown>\nE       #11 0x555c1d0e25e2 <unknown>\nE       #12 0x555c1d0c5683 <unknown>\nE       #13 0x555c1d0e3135 <unknown>\nE       #14 0x555c1d0aa80f <unknown>\nE       #15 0x555c1d1074c8 <unknown>\nE       #16 0x555c1d1076a2 <unknown>\nE       #17 0x555c1d119dc3 <unknown>\nE       #18 0x7fe9bc89caa4 <unknown>\nE       #19 0x7fe9bc929c6c <unknown>\n\n/opt/hostedtoolcache/Python/3.12.11/x64/lib/python3.12/site-packages/selenium/webdriver/support/wait.py:105: TimeoutException",
  "flaky" : false,
  "newFailed" : false,
  "beforeStages" : [ {
    "name" : "authorization_user",
    "time" : {
      "start" : 1759283801149,
      "stop" : 1759283801848,
      "duration" : 699
    },
    "status" : "passed",
    "steps" : [ {
      "name" : "Open page: https://oblache.areso.pro/register.html",
      "time" : {
        "start" : 1759283801149,
        "stop" : 1759283801658,
        "duration" : 509
      },
      "status" : "passed",
      "steps" : [ ],
      "attachments" : [ ],
      "parameters" : [ ],
      "stepsCount" : 0,
      "attachmentsCount" : 0,
      "shouldDisplayMessage" : false,
      "hasContent" : false
    }, {
      "name" : "Login user",
      "time" : {
        "start" : 1759283801658,
        "stop" : 1759283801848,
        "duration" : 190
      },
      "status" : "passed",
      "steps" : [ {
        "name" : "Enter email.",
        "time" : {
          "start" : 1759283801658,
          "stop" : 1759283801717,
          "duration" : 59
        },
        "status" : "passed",
        "steps" : [ ],
        "attachments" : [ ],
        "parameters" : [ ],
        "stepsCount" : 0,
        "attachmentsCount" : 0,
        "shouldDisplayMessage" : false,
        "hasContent" : false
      }, {
        "name" : "Enter password.",
        "time" : {
          "start" : 1759283801717,
          "stop" : 1759283801759,
          "duration" : 42
        },
        "status" : "passed",
        "steps" : [ ],
        "attachments" : [ ],
        "parameters" : [ ],
        "stepsCount" : 0,
        "attachmentsCount" : 0,
        "shouldDisplayMessage" : false,
        "hasContent" : false
      }, {
        "name" : "Click button \"Login\"",
        "time" : {
          "start" : 1759283801759,
          "stop" : 1759283801845,
          "duration" : 86
        },
        "status" : "passed",
        "steps" : [ ],
        "attachments" : [ ],
        "parameters" : [ ],
        "stepsCount" : 0,
        "attachmentsCount" : 0,
        "shouldDisplayMessage" : false,
        "hasContent" : false
      }, {
        "name" : "Check url is present: https://oblache.areso.pro/register.html",
        "time" : {
          "start" : 1759283801845,
          "stop" : 1759283801848,
          "duration" : 3
        },
        "status" : "passed",
        "steps" : [ ],
        "attachments" : [ ],
        "parameters" : [ ],
        "stepsCount" : 0,
        "attachmentsCount" : 0,
        "shouldDisplayMessage" : false,
        "hasContent" : false
      } ],
      "attachments" : [ ],
      "parameters" : [ ],
      "stepsCount" : 4,
      "attachmentsCount" : 0,
      "shouldDisplayMessage" : false,
      "hasContent" : true
    } ],
    "attachments" : [ ],
    "parameters" : [ ],
    "stepsCount" : 6,
    "attachmentsCount" : 0,
    "shouldDisplayMessage" : false,
    "hasContent" : true
  }, {
    "name" : "driver",
    "time" : {
      "start" : 1759283800885,
      "stop" : 1759283801149,
      "duration" : 264
    },
    "status" : "passed",
    "steps" : [ ],
    "attachments" : [ ],
    "parameters" : [ ],
    "stepsCount" : 0,
    "attachmentsCount" : 0,
    "shouldDisplayMessage" : false,
    "hasContent" : false
  } ],
  "testStage" : {
    "status" : "broken",
    "statusMessage" : "selenium.common.exceptions.TimeoutException: Message: Can't find element by locator ('xpath', '//button[@id=\"menu_button_webpages\"]')\nStacktrace:\n#0 0x555c1d11acba <unknown>\n#1 0x555c1cb8f8e0 <unknown>\n#2 0x555c1cbe1580 <unknown>\n#3 0x555c1cbe1771 <unknown>\n#4 0x555c1cc2f864 <unknown>\n#5 0x555c1cc0709d <unknown>\n#6 0x555c1cc2cc63 <unknown>\n#7 0x555c1cc06e43 <unknown>\n#8 0x555c1cbd39a8 <unknown>\n#9 0x555c1cbd4621 <unknown>\n#10 0x555c1d0de8b8 <unknown>\n#11 0x555c1d0e25e2 <unknown>\n#12 0x555c1d0c5683 <unknown>\n#13 0x555c1d0e3135 <unknown>\n#14 0x555c1d0aa80f <unknown>\n#15 0x555c1d1074c8 <unknown>\n#16 0x555c1d1076a2 <unknown>\n#17 0x555c1d119dc3 <unknown>\n#18 0x7fe9bc89caa4 <unknown>\n#19 0x7fe9bc929c6c <unknown>",
    "statusTrace" : "self = <tests_ui.test_ui.TestProfilePage object at 0x7f51a5859550>\ndriver = <selenium.webdriver.chrome.webdriver.WebDriver (session=\"2b1fa87c448a897059598c28fd05e762\")>\nauthorization_user = None\n\n    @allure.title('test_open_static_site_page')\n    def test_open_statistic_page(self, driver, authorization_user):\n        page = ProfilePage(driver)\n>       page.click_static_site_button()\n\ntests_ui/test_ui.py:69: \n_ _ _ _ _ _ _ _ _ _ _ _ _ _ _ _ _ _ _ _ _ _ _ _ _ _ _ _ _ _ _ _ _ _ _ _ _ _ _ _ \ntests_ui/profile_page.py:40: in click_static_site_button\n    return self.element_is_present_and_clickable(self.locators.STATIC_BUTTON).click()\ntests_ui/base_page.py:28: in element_is_present_and_clickable\n    return (Wait(self.driver, self.timeout).until(\n_ _ _ _ _ _ _ _ _ _ _ _ _ _ _ _ _ _ _ _ _ _ _ _ _ _ _ _ _ _ _ _ _ _ _ _ _ _ _ _ \n\nself = <selenium.webdriver.support.wait.WebDriverWait (session=\"2b1fa87c448a897059598c28fd05e762\")>\nmethod = <function visibility_of_element_located.<locals>._predicate at 0x7f51a4df6020>\nmessage = 'Can\\'t find element by locator (\\'xpath\\', \\'//button[@id=\"menu_button_webpages\"]\\')'\n\n    def until(self, method: Callable[[D], Union[Literal[False], T]], message: str = \"\") -> T:\n        \"\"\"Calls the method provided with the driver as an argument until the \\\n        return value does not evaluate to ``False``.\n    \n        :param method: callable(WebDriver)\n        :param message: optional message for :exc:`TimeoutException`\n        :returns: the result of the last call to `method`\n        :raises: :exc:`selenium.common.exceptions.TimeoutException` if timeout occurs\n        \"\"\"\n        screen = None\n        stacktrace = None\n    \n        end_time = time.monotonic() + self._timeout\n        while True:\n            try:\n                value = method(self._driver)\n                if value:\n                    return value\n            except self._ignored_exceptions as exc:\n                screen = getattr(exc, \"screen\", None)\n                stacktrace = getattr(exc, \"stacktrace\", None)\n            time.sleep(self._poll)\n            if time.monotonic() > end_time:\n                break\n>       raise TimeoutException(message, screen, stacktrace)\nE       selenium.common.exceptions.TimeoutException: Message: Can't find element by locator ('xpath', '//button[@id=\"menu_button_webpages\"]')\nE       Stacktrace:\nE       #0 0x555c1d11acba <unknown>\nE       #1 0x555c1cb8f8e0 <unknown>\nE       #2 0x555c1cbe1580 <unknown>\nE       #3 0x555c1cbe1771 <unknown>\nE       #4 0x555c1cc2f864 <unknown>\nE       #5 0x555c1cc0709d <unknown>\nE       #6 0x555c1cc2cc63 <unknown>\nE       #7 0x555c1cc06e43 <unknown>\nE       #8 0x555c1cbd39a8 <unknown>\nE       #9 0x555c1cbd4621 <unknown>\nE       #10 0x555c1d0de8b8 <unknown>\nE       #11 0x555c1d0e25e2 <unknown>\nE       #12 0x555c1d0c5683 <unknown>\nE       #13 0x555c1d0e3135 <unknown>\nE       #14 0x555c1d0aa80f <unknown>\nE       #15 0x555c1d1074c8 <unknown>\nE       #16 0x555c1d1076a2 <unknown>\nE       #17 0x555c1d119dc3 <unknown>\nE       #18 0x7fe9bc89caa4 <unknown>\nE       #19 0x7fe9bc929c6c <unknown>\n\n/opt/hostedtoolcache/Python/3.12.11/x64/lib/python3.12/site-packages/selenium/webdriver/support/wait.py:105: TimeoutException",
    "steps" : [ {
      "name" : "Click \"Static site\" button.",
      "time" : {
        "start" : 1759283801848,
        "stop" : 1759283807227,
        "duration" : 5379
      },
      "status" : "broken",
      "statusMessage" : "selenium.common.exceptions.TimeoutException: Message: Can't find element by locator ('xpath', '//button[@id=\"menu_button_webpages\"]')\nStacktrace:\n#0 0x555c1d11acba <unknown>\n#1 0x555c1cb8f8e0 <unknown>\n#2 0x555c1cbe1580 <unknown>\n#3 0x555c1cbe1771 <unknown>\n#4 0x555c1cc2f864 <unknown>\n#5 0x555c1cc0709d <unknown>\n#6 0x555c1cc2cc63 <unknown>\n#7 0x555c1cc06e43 <unknown>\n#8 0x555c1cbd39a8 <unknown>\n#9 0x555c1cbd4621 <unknown>\n#10 0x555c1d0de8b8 <unknown>\n#11 0x555c1d0e25e2 <unknown>\n#12 0x555c1d0c5683 <unknown>\n#13 0x555c1d0e3135 <unknown>\n#14 0x555c1d0aa80f <unknown>\n#15 0x555c1d1074c8 <unknown>\n#16 0x555c1d1076a2 <unknown>\n#17 0x555c1d119dc3 <unknown>\n#18 0x7fe9bc89caa4 <unknown>\n#19 0x7fe9bc929c6c <unknown>\n\n",
      "statusTrace" : "  File \"/home/runner/work/Oblache/Oblache/tests_ui/profile_page.py\", line 40, in click_static_site_button\n    return self.element_is_present_and_clickable(self.locators.STATIC_BUTTON).click()\n           ^^^^^^^^^^^^^^^^^^^^^^^^^^^^^^^^^^^^^^^^^^^^^^^^^^^^^^^^^^^^^^^^^^\n  File \"/home/runner/work/Oblache/Oblache/tests_ui/base_page.py\", line 28, in element_is_present_and_clickable\n    return (Wait(self.driver, self.timeout).until(\n            ^^^^^^^^^^^^^^^^^^^^^^^^^^^^^^^^^^^^^^\n  File \"/opt/hostedtoolcache/Python/3.12.11/x64/lib/python3.12/site-packages/selenium/webdriver/support/wait.py\", line 105, in until\n    raise TimeoutException(message, screen, stacktrace)\n",
      "steps" : [ ],
      "attachments" : [ ],
      "parameters" : [ ],
      "stepsCount" : 0,
      "attachmentsCount" : 0,
      "shouldDisplayMessage" : true,
      "hasContent" : true
    } ],
    "attachments" : [ {
      "uid" : "26648b509d8fe54",
      "name" : "Screenshot 2025-10-01 01:56:47.295469",
      "source" : "26648b509d8fe54.png",
      "type" : "image/png",
      "size" : 50510
    } ],
    "parameters" : [ ],
    "stepsCount" : 1,
    "attachmentsCount" : 1,
    "shouldDisplayMessage" : true,
    "hasContent" : true
  },
  "afterStages" : [ {
    "name" : "driver::0",
    "time" : {
      "start" : 1759283807296,
      "stop" : 1759283807358,
      "duration" : 62
    },
    "status" : "passed",
    "steps" : [ ],
    "attachments" : [ ],
    "parameters" : [ ],
    "stepsCount" : 0,
    "attachmentsCount" : 0,
    "shouldDisplayMessage" : false,
    "hasContent" : false
  } ],
  "labels" : [ {
    "name" : "suite",
    "value" : "Test Profile Page."
  }, {
    "name" : "parentSuite",
    "value" : "tests_ui"
  }, {
    "name" : "subSuite",
    "value" : "TestProfilePage"
  }, {
    "name" : "host",
    "value" : "runnervm3ublj"
  }, {
    "name" : "thread",
    "value" : "2634-MainThread"
  }, {
    "name" : "framework",
    "value" : "pytest"
  }, {
    "name" : "language",
    "value" : "cpython3"
  }, {
    "name" : "package",
    "value" : "tests_ui.test_ui"
  }, {
    "name" : "resultFormat",
    "value" : "allure2"
  } ],
  "parameters" : [ ],
  "links" : [ ],
  "hidden" : false,
  "retry" : false,
  "extra" : {
    "severity" : "normal",
    "retries" : [ ],
    "categories" : [ {
      "name" : "Test defects",
      "matchedStatuses" : [ ],
      "flaky" : false
    } ],
    "history" : {
      "statistic" : {
        "failed" : 0,
        "broken" : 298,
        "skipped" : 0,
        "passed" : 0,
        "unknown" : 0,
        "total" : 298
      },
      "items" : [ {
        "uid" : "1c7f77b2fe483dfa",
        "reportUrl" : "https://lambotik.github.io/Oblache/518//#testresult/1c7f77b2fe483dfa",
        "status" : "broken",
        "statusDetails" : "selenium.common.exceptions.TimeoutException: Message: Can't find element by locator ('xpath', '//button[@id=\"menu_button_webpages\"]')\nStacktrace:\n#0 0x55d9da965cba <unknown>\n#1 0x55d9da3da8e0 <unknown>\n#2 0x55d9da42c580 <unknown>\n#3 0x55d9da42c771 <unknown>\n#4 0x55d9da47a864 <unknown>\n#5 0x55d9da45209d <unknown>\n#6 0x55d9da477c63 <unknown>\n#7 0x55d9da451e43 <unknown>\n#8 0x55d9da41e9a8 <unknown>\n#9 0x55d9da41f621 <unknown>\n#10 0x55d9da9298b8 <unknown>\n#11 0x55d9da92d5e2 <unknown>\n#12 0x55d9da910683 <unknown>\n#13 0x55d9da92e135 <unknown>\n#14 0x55d9da8f580f <unknown>\n#15 0x55d9da9524c8 <unknown>\n#16 0x55d9da9526a2 <unknown>\n#17 0x55d9da964dc3 <unknown>\n#18 0x7fc9da49caa4 <unknown>\n#19 0x7fc9da529c6c <unknown>",
        "time" : {
          "start" : 1759196676438,
          "stop" : 1759196681942,
          "duration" : 5504
        }
      }, {
        "uid" : "17999ad0479b1a1d",
        "reportUrl" : "https://lambotik.github.io/Oblache/517//#testresult/17999ad0479b1a1d",
        "status" : "broken",
        "statusDetails" : "selenium.common.exceptions.TimeoutException: Message: Can't find element by locator ('xpath', '//button[@id=\"menu_button_webpages\"]')\nStacktrace:\n#0 0x561c2cd82cba <unknown>\n#1 0x561c2c7f78e0 <unknown>\n#2 0x561c2c849580 <unknown>\n#3 0x561c2c849771 <unknown>\n#4 0x561c2c897864 <unknown>\n#5 0x561c2c86f09d <unknown>\n#6 0x561c2c894c63 <unknown>\n#7 0x561c2c86ee43 <unknown>\n#8 0x561c2c83b9a8 <unknown>\n#9 0x561c2c83c621 <unknown>\n#10 0x561c2cd468b8 <unknown>\n#11 0x561c2cd4a5e2 <unknown>\n#12 0x561c2cd2d683 <unknown>\n#13 0x561c2cd4b135 <unknown>\n#14 0x561c2cd1280f <unknown>\n#15 0x561c2cd6f4c8 <unknown>\n#16 0x561c2cd6f6a2 <unknown>\n#17 0x561c2cd81dc3 <unknown>\n#18 0x7f31c529caa4 <unknown>\n#19 0x7f31c5329c6c <unknown>",
        "time" : {
          "start" : 1759110560727,
          "stop" : 1759110565780,
          "duration" : 5053
        }
      }, {
        "uid" : "7af8cab3bb3ed319",
        "reportUrl" : "https://lambotik.github.io/Oblache/516//#testresult/7af8cab3bb3ed319",
        "status" : "broken",
        "statusDetails" : "selenium.common.exceptions.TimeoutException: Message: Can't find element by locator ('xpath', '//button[@id=\"menu_button_webpages\"]')\nStacktrace:\n#0 0x56119a9b2cba <unknown>\n#1 0x56119a4278e0 <unknown>\n#2 0x56119a479580 <unknown>\n#3 0x56119a479771 <unknown>\n#4 0x56119a4c7864 <unknown>\n#5 0x56119a49f09d <unknown>\n#6 0x56119a4c4c63 <unknown>\n#7 0x56119a49ee43 <unknown>\n#8 0x56119a46b9a8 <unknown>\n#9 0x56119a46c621 <unknown>\n#10 0x56119a9768b8 <unknown>\n#11 0x56119a97a5e2 <unknown>\n#12 0x56119a95d683 <unknown>\n#13 0x56119a97b135 <unknown>\n#14 0x56119a94280f <unknown>\n#15 0x56119a99f4c8 <unknown>\n#16 0x56119a99f6a2 <unknown>\n#17 0x56119a9b1dc3 <unknown>\n#18 0x7f4327a9caa4 <unknown>\n#19 0x7f4327b29c6c <unknown>",
        "time" : {
          "start" : 1759024539106,
          "stop" : 1759024544302,
          "duration" : 5196
        }
      }, {
        "uid" : "a83320c915bde2e9",
        "reportUrl" : "https://lambotik.github.io/Oblache/515//#testresult/a83320c915bde2e9",
        "status" : "broken",
        "statusDetails" : "selenium.common.exceptions.TimeoutException: Message: Can't find element by locator ('xpath', '//button[@id=\"menu_button_webpages\"]')\nStacktrace:\n#0 0x5627d1cfbcba <unknown>\n#1 0x5627d17708e0 <unknown>\n#2 0x5627d17c2580 <unknown>\n#3 0x5627d17c2771 <unknown>\n#4 0x5627d1810864 <unknown>\n#5 0x5627d17e809d <unknown>\n#6 0x5627d180dc63 <unknown>\n#7 0x5627d17e7e43 <unknown>\n#8 0x5627d17b49a8 <unknown>\n#9 0x5627d17b5621 <unknown>\n#10 0x5627d1cbf8b8 <unknown>\n#11 0x5627d1cc35e2 <unknown>\n#12 0x5627d1ca6683 <unknown>\n#13 0x5627d1cc4135 <unknown>\n#14 0x5627d1c8b80f <unknown>\n#15 0x5627d1ce84c8 <unknown>\n#16 0x5627d1ce86a2 <unknown>\n#17 0x5627d1cfadc3 <unknown>\n#18 0x7f1ce689caa4 <unknown>\n#19 0x7f1ce6929c6c <unknown>",
        "time" : {
          "start" : 1758937377706,
          "stop" : 1758937382936,
          "duration" : 5230
        }
      }, {
        "uid" : "3babeced01e274ce",
        "reportUrl" : "https://lambotik.github.io/Oblache/514//#testresult/3babeced01e274ce",
        "status" : "broken",
        "statusDetails" : "selenium.common.exceptions.TimeoutException: Message: Can't find element by locator ('xpath', '//button[@id=\"menu_button_webpages\"]')\nStacktrace:\n#0 0x5614376b2cba <unknown>\n#1 0x5614371278e0 <unknown>\n#2 0x561437179580 <unknown>\n#3 0x561437179771 <unknown>\n#4 0x5614371c7864 <unknown>\n#5 0x56143719f09d <unknown>\n#6 0x5614371c4c63 <unknown>\n#7 0x56143719ee43 <unknown>\n#8 0x56143716b9a8 <unknown>\n#9 0x56143716c621 <unknown>\n#10 0x5614376768b8 <unknown>\n#11 0x56143767a5e2 <unknown>\n#12 0x56143765d683 <unknown>\n#13 0x56143767b135 <unknown>\n#14 0x56143764280f <unknown>\n#15 0x56143769f4c8 <unknown>\n#16 0x56143769f6a2 <unknown>\n#17 0x5614376b1dc3 <unknown>\n#18 0x7f0e4ec9caa4 <unknown>\n#19 0x7f0e4ed29c6c <unknown>",
        "time" : {
          "start" : 1758851222477,
          "stop" : 1758851227498,
          "duration" : 5021
        }
      }, {
        "uid" : "6fd1ff1c5d7137d0",
        "reportUrl" : "https://lambotik.github.io/Oblache/513//#testresult/6fd1ff1c5d7137d0",
        "status" : "broken",
        "statusDetails" : "selenium.common.exceptions.TimeoutException: Message: Can't find element by locator ('xpath', '//button[@id=\"menu_button_webpages\"]')\nStacktrace:\n#0 0x5604baa73cba <unknown>\n#1 0x5604ba4e88e0 <unknown>\n#2 0x5604ba53a580 <unknown>\n#3 0x5604ba53a771 <unknown>\n#4 0x5604ba588864 <unknown>\n#5 0x5604ba56009d <unknown>\n#6 0x5604ba585c63 <unknown>\n#7 0x5604ba55fe43 <unknown>\n#8 0x5604ba52c9a8 <unknown>\n#9 0x5604ba52d621 <unknown>\n#10 0x5604baa378b8 <unknown>\n#11 0x5604baa3b5e2 <unknown>\n#12 0x5604baa1e683 <unknown>\n#13 0x5604baa3c135 <unknown>\n#14 0x5604baa0380f <unknown>\n#15 0x5604baa604c8 <unknown>\n#16 0x5604baa606a2 <unknown>\n#17 0x5604baa72dc3 <unknown>\n#18 0x7f678389caa4 <unknown>\n#19 0x7f6783929c6c <unknown>",
        "time" : {
          "start" : 1758764884492,
          "stop" : 1758764889522,
          "duration" : 5030
        }
      }, {
        "uid" : "38aa71f734c1fa9b",
        "reportUrl" : "https://lambotik.github.io/Oblache/512//#testresult/38aa71f734c1fa9b",
        "status" : "broken",
        "statusDetails" : "selenium.common.exceptions.TimeoutException: Message: Can't find element by locator ('xpath', '//button[@id=\"menu_button_webpages\"]')\nStacktrace:\n#0 0x55a6440bc94a <unknown>\n#1 0x55a643b318a0 <unknown>\n#2 0x55a643b83540 <unknown>\n#3 0x55a643b83731 <unknown>\n#4 0x55a643bd1824 <unknown>\n#5 0x55a643ba905d <unknown>\n#6 0x55a643bcec23 <unknown>\n#7 0x55a643ba8e03 <unknown>\n#8 0x55a643b75968 <unknown>\n#9 0x55a643b765e1 <unknown>\n#10 0x55a644080548 <unknown>\n#11 0x55a644084272 <unknown>\n#12 0x55a644067313 <unknown>\n#13 0x55a644084dc5 <unknown>\n#14 0x55a64404c49f <unknown>\n#15 0x55a6440a9158 <unknown>\n#16 0x55a6440a9332 <unknown>\n#17 0x55a6440bba53 <unknown>\n#18 0x7f78da09caa4 <unknown>\n#19 0x7f78da129c3c <unknown>",
        "time" : {
          "start" : 1758678396556,
          "stop" : 1758678401927,
          "duration" : 5371
        }
      }, {
        "uid" : "6955ee4ca68d20f4",
        "reportUrl" : "https://lambotik.github.io/Oblache/511//#testresult/6955ee4ca68d20f4",
        "status" : "broken",
        "statusDetails" : "selenium.common.exceptions.TimeoutException: Message: Can't find element by locator ('xpath', '//button[@id=\"menu_button_webpages\"]')\nStacktrace:\n#0 0x56359451194a <unknown>\n#1 0x563593f868a0 <unknown>\n#2 0x563593fd8540 <unknown>\n#3 0x563593fd8731 <unknown>\n#4 0x563594026824 <unknown>\n#5 0x563593ffe05d <unknown>\n#6 0x563594023c23 <unknown>\n#7 0x563593ffde03 <unknown>\n#8 0x563593fca968 <unknown>\n#9 0x563593fcb5e1 <unknown>\n#10 0x5635944d5548 <unknown>\n#11 0x5635944d9272 <unknown>\n#12 0x5635944bc313 <unknown>\n#13 0x5635944d9dc5 <unknown>\n#14 0x5635944a149f <unknown>\n#15 0x5635944fe158 <unknown>\n#16 0x5635944fe332 <unknown>\n#17 0x563594510a53 <unknown>\n#18 0x7f5d1089caa4 <unknown>\n#19 0x7f5d10929c3c <unknown>",
        "time" : {
          "start" : 1758591937999,
          "stop" : 1758591943373,
          "duration" : 5374
        }
      }, {
        "uid" : "aa572b4d533312d",
        "reportUrl" : "https://lambotik.github.io/Oblache/510//#testresult/aa572b4d533312d",
        "status" : "broken",
        "statusDetails" : "selenium.common.exceptions.TimeoutException: Message: Can't find element by locator ('xpath', '//button[@id=\"menu_button_webpages\"]')\nStacktrace:\n#0 0x563fb90ec94a <unknown>\n#1 0x563fb8b618a0 <unknown>\n#2 0x563fb8bb3540 <unknown>\n#3 0x563fb8bb3731 <unknown>\n#4 0x563fb8c01824 <unknown>\n#5 0x563fb8bd905d <unknown>\n#6 0x563fb8bfec23 <unknown>\n#7 0x563fb8bd8e03 <unknown>\n#8 0x563fb8ba5968 <unknown>\n#9 0x563fb8ba65e1 <unknown>\n#10 0x563fb90b0548 <unknown>\n#11 0x563fb90b4272 <unknown>\n#12 0x563fb9097313 <unknown>\n#13 0x563fb90b4dc5 <unknown>\n#14 0x563fb907c49f <unknown>\n#15 0x563fb90d9158 <unknown>\n#16 0x563fb90d9332 <unknown>\n#17 0x563fb90eba53 <unknown>\n#18 0x7f21db89caa4 <unknown>\n#19 0x7f21db929c3c <unknown>",
        "time" : {
          "start" : 1758506080779,
          "stop" : 1758506086167,
          "duration" : 5388
        }
      }, {
        "uid" : "b128e56d2283a48b",
        "reportUrl" : "https://lambotik.github.io/Oblache/509//#testresult/b128e56d2283a48b",
        "status" : "broken",
        "statusDetails" : "selenium.common.exceptions.TimeoutException: Message: Can't find element by locator ('xpath', '//button[@id=\"menu_button_webpages\"]')\nStacktrace:\n#0 0x562e4e38594a <unknown>\n#1 0x562e4ddfa8a0 <unknown>\n#2 0x562e4de4c540 <unknown>\n#3 0x562e4de4c731 <unknown>\n#4 0x562e4de9a824 <unknown>\n#5 0x562e4de7205d <unknown>\n#6 0x562e4de97c23 <unknown>\n#7 0x562e4de71e03 <unknown>\n#8 0x562e4de3e968 <unknown>\n#9 0x562e4de3f5e1 <unknown>\n#10 0x562e4e349548 <unknown>\n#11 0x562e4e34d272 <unknown>\n#12 0x562e4e330313 <unknown>\n#13 0x562e4e34ddc5 <unknown>\n#14 0x562e4e31549f <unknown>\n#15 0x562e4e372158 <unknown>\n#16 0x562e4e372332 <unknown>\n#17 0x562e4e384a53 <unknown>\n#18 0x7fcfcb29caa4 <unknown>\n#19 0x7fcfcb329c3c <unknown>",
        "time" : {
          "start" : 1758419680121,
          "stop" : 1758419685408,
          "duration" : 5287
        }
      }, {
        "uid" : "5e509b3ede42ac5e",
        "reportUrl" : "https://lambotik.github.io/Oblache/508//#testresult/5e509b3ede42ac5e",
        "status" : "broken",
        "statusDetails" : "selenium.common.exceptions.TimeoutException: Message: Can't find element by locator ('xpath', '//button[@id=\"menu_button_webpages\"]')\nStacktrace:\n#0 0x55afc6c6894a <unknown>\n#1 0x55afc66dd8a0 <unknown>\n#2 0x55afc672f540 <unknown>\n#3 0x55afc672f731 <unknown>\n#4 0x55afc677d824 <unknown>\n#5 0x55afc675505d <unknown>\n#6 0x55afc677ac23 <unknown>\n#7 0x55afc6754e03 <unknown>\n#8 0x55afc6721968 <unknown>\n#9 0x55afc67225e1 <unknown>\n#10 0x55afc6c2c548 <unknown>\n#11 0x55afc6c30272 <unknown>\n#12 0x55afc6c13313 <unknown>\n#13 0x55afc6c30dc5 <unknown>\n#14 0x55afc6bf849f <unknown>\n#15 0x55afc6c55158 <unknown>\n#16 0x55afc6c55332 <unknown>\n#17 0x55afc6c67a53 <unknown>\n#18 0x7f4aea49caa4 <unknown>\n#19 0x7f4aea529c3c <unknown>",
        "time" : {
          "start" : 1758332555870,
          "stop" : 1758332561360,
          "duration" : 5490
        }
      }, {
        "uid" : "df912ccfd5ee14f3",
        "reportUrl" : "https://lambotik.github.io/Oblache/507//#testresult/df912ccfd5ee14f3",
        "status" : "broken",
        "statusDetails" : "selenium.common.exceptions.TimeoutException: Message: Can't find element by locator ('xpath', '//button[@id=\"menu_button_webpages\"]')\nStacktrace:\n#0 0x5650e18ed94a <unknown>\n#1 0x5650e13628a0 <unknown>\n#2 0x5650e13b4540 <unknown>\n#3 0x5650e13b4731 <unknown>\n#4 0x5650e1402824 <unknown>\n#5 0x5650e13da05d <unknown>\n#6 0x5650e13ffc23 <unknown>\n#7 0x5650e13d9e03 <unknown>\n#8 0x5650e13a6968 <unknown>\n#9 0x5650e13a75e1 <unknown>\n#10 0x5650e18b1548 <unknown>\n#11 0x5650e18b5272 <unknown>\n#12 0x5650e1898313 <unknown>\n#13 0x5650e18b5dc5 <unknown>\n#14 0x5650e187d49f <unknown>\n#15 0x5650e18da158 <unknown>\n#16 0x5650e18da332 <unknown>\n#17 0x5650e18eca53 <unknown>\n#18 0x7f0083e9caa4 <unknown>\n#19 0x7f0083f29c3c <unknown>",
        "time" : {
          "start" : 1758246451332,
          "stop" : 1758246456656,
          "duration" : 5324
        }
      }, {
        "uid" : "33b9992c91b32a84",
        "reportUrl" : "https://lambotik.github.io/Oblache/506//#testresult/33b9992c91b32a84",
        "status" : "broken",
        "statusDetails" : "selenium.common.exceptions.TimeoutException: Message: Can't find element by locator ('xpath', '//button[@id=\"menu_button_webpages\"]')\nStacktrace:\n#0 0x556a1458694a <unknown>\n#1 0x556a13ffb8a0 <unknown>\n#2 0x556a1404d540 <unknown>\n#3 0x556a1404d731 <unknown>\n#4 0x556a1409b824 <unknown>\n#5 0x556a1407305d <unknown>\n#6 0x556a14098c23 <unknown>\n#7 0x556a14072e03 <unknown>\n#8 0x556a1403f968 <unknown>\n#9 0x556a140405e1 <unknown>\n#10 0x556a1454a548 <unknown>\n#11 0x556a1454e272 <unknown>\n#12 0x556a14531313 <unknown>\n#13 0x556a1454edc5 <unknown>\n#14 0x556a1451649f <unknown>\n#15 0x556a14573158 <unknown>\n#16 0x556a14573332 <unknown>\n#17 0x556a14585a53 <unknown>\n#18 0x7fe549a9caa4 <unknown>\n#19 0x7fe549b29c3c <unknown>",
        "time" : {
          "start" : 1758159875175,
          "stop" : 1758159880537,
          "duration" : 5362
        }
      }, {
        "uid" : "afd1e9e7d078d31",
        "reportUrl" : "https://lambotik.github.io/Oblache/505//#testresult/afd1e9e7d078d31",
        "status" : "broken",
        "statusDetails" : "selenium.common.exceptions.TimeoutException: Message: Can't find element by locator ('xpath', '//button[@id=\"menu_button_webpages\"]')\nStacktrace:\n#0 0x55f4ef85194a <unknown>\n#1 0x55f4ef2c68a0 <unknown>\n#2 0x55f4ef318540 <unknown>\n#3 0x55f4ef318731 <unknown>\n#4 0x55f4ef366824 <unknown>\n#5 0x55f4ef33e05d <unknown>\n#6 0x55f4ef363c23 <unknown>\n#7 0x55f4ef33de03 <unknown>\n#8 0x55f4ef30a968 <unknown>\n#9 0x55f4ef30b5e1 <unknown>\n#10 0x55f4ef815548 <unknown>\n#11 0x55f4ef819272 <unknown>\n#12 0x55f4ef7fc313 <unknown>\n#13 0x55f4ef819dc5 <unknown>\n#14 0x55f4ef7e149f <unknown>\n#15 0x55f4ef83e158 <unknown>\n#16 0x55f4ef83e332 <unknown>\n#17 0x55f4ef850a53 <unknown>\n#18 0x7f3c9d29caa4 <unknown>\n#19 0x7f3c9d329c3c <unknown>",
        "time" : {
          "start" : 1758073478714,
          "stop" : 1758073484113,
          "duration" : 5399
        }
      }, {
        "uid" : "e2cc6e6549c98f3f",
        "reportUrl" : "https://lambotik.github.io/Oblache/504//#testresult/e2cc6e6549c98f3f",
        "status" : "broken",
        "statusDetails" : "selenium.common.exceptions.TimeoutException: Message: Can't find element by locator ('xpath', '//button[@id=\"menu_button_webpages\"]')\nStacktrace:\n#0 0x55815085e94a <unknown>\n#1 0x5581502d38a0 <unknown>\n#2 0x558150325540 <unknown>\n#3 0x558150325731 <unknown>\n#4 0x558150373824 <unknown>\n#5 0x55815034b05d <unknown>\n#6 0x558150370c23 <unknown>\n#7 0x55815034ae03 <unknown>\n#8 0x558150317968 <unknown>\n#9 0x5581503185e1 <unknown>\n#10 0x558150822548 <unknown>\n#11 0x558150826272 <unknown>\n#12 0x558150809313 <unknown>\n#13 0x558150826dc5 <unknown>\n#14 0x5581507ee49f <unknown>\n#15 0x55815084b158 <unknown>\n#16 0x55815084b332 <unknown>\n#17 0x55815085da53 <unknown>\n#18 0x7f50a629caa4 <unknown>\n#19 0x7f50a6329c3c <unknown>",
        "time" : {
          "start" : 1757987075235,
          "stop" : 1757987080607,
          "duration" : 5372
        }
      }, {
        "uid" : "b5d6b88868b5976e",
        "reportUrl" : "https://lambotik.github.io/Oblache/503//#testresult/b5d6b88868b5976e",
        "status" : "broken",
        "statusDetails" : "selenium.common.exceptions.TimeoutException: Message: Can't find element by locator ('xpath', '//button[@id=\"menu_button_webpages\"]')\nStacktrace:\n#0 0x5557b271c94a <unknown>\n#1 0x5557b21918a0 <unknown>\n#2 0x5557b21e3540 <unknown>\n#3 0x5557b21e3731 <unknown>\n#4 0x5557b2231824 <unknown>\n#5 0x5557b220905d <unknown>\n#6 0x5557b222ec23 <unknown>\n#7 0x5557b2208e03 <unknown>\n#8 0x5557b21d5968 <unknown>\n#9 0x5557b21d65e1 <unknown>\n#10 0x5557b26e0548 <unknown>\n#11 0x5557b26e4272 <unknown>\n#12 0x5557b26c7313 <unknown>\n#13 0x5557b26e4dc5 <unknown>\n#14 0x5557b26ac49f <unknown>\n#15 0x5557b2709158 <unknown>\n#16 0x5557b2709332 <unknown>\n#17 0x5557b271ba53 <unknown>\n#18 0x7ff13a89caa4 <unknown>\n#19 0x7ff13a929c3c <unknown>",
        "time" : {
          "start" : 1757901221588,
          "stop" : 1757901226764,
          "duration" : 5176
        }
      }, {
        "uid" : "5a79cedbcc843b50",
        "reportUrl" : "https://lambotik.github.io/Oblache/502//#testresult/5a79cedbcc843b50",
        "status" : "broken",
        "statusDetails" : "selenium.common.exceptions.TimeoutException: Message: Can't find element by locator ('xpath', '//button[@id=\"menu_button_webpages\"]')\nStacktrace:\n#0 0x5581faf7094a <unknown>\n#1 0x5581fa9e58a0 <unknown>\n#2 0x5581faa37540 <unknown>\n#3 0x5581faa37731 <unknown>\n#4 0x5581faa85824 <unknown>\n#5 0x5581faa5d05d <unknown>\n#6 0x5581faa82c23 <unknown>\n#7 0x5581faa5ce03 <unknown>\n#8 0x5581faa29968 <unknown>\n#9 0x5581faa2a5e1 <unknown>\n#10 0x5581faf34548 <unknown>\n#11 0x5581faf38272 <unknown>\n#12 0x5581faf1b313 <unknown>\n#13 0x5581faf38dc5 <unknown>\n#14 0x5581faf0049f <unknown>\n#15 0x5581faf5d158 <unknown>\n#16 0x5581faf5d332 <unknown>\n#17 0x5581faf6fa53 <unknown>\n#18 0x7f519ae9caa4 <unknown>\n#19 0x7f519af29c3c <unknown>",
        "time" : {
          "start" : 1757814701339,
          "stop" : 1757814706710,
          "duration" : 5371
        }
      }, {
        "uid" : "9ec6002cb25d8a88",
        "reportUrl" : "https://lambotik.github.io/Oblache/501//#testresult/9ec6002cb25d8a88",
        "status" : "broken",
        "statusDetails" : "selenium.common.exceptions.TimeoutException: Message: Can't find element by locator ('xpath', '//button[@id=\"menu_button_webpages\"]')\nStacktrace:\n#0 0x55f48f3e994a <unknown>\n#1 0x55f48ee5e8a0 <unknown>\n#2 0x55f48eeb0540 <unknown>\n#3 0x55f48eeb0731 <unknown>\n#4 0x55f48eefe824 <unknown>\n#5 0x55f48eed605d <unknown>\n#6 0x55f48eefbc23 <unknown>\n#7 0x55f48eed5e03 <unknown>\n#8 0x55f48eea2968 <unknown>\n#9 0x55f48eea35e1 <unknown>\n#10 0x55f48f3ad548 <unknown>\n#11 0x55f48f3b1272 <unknown>\n#12 0x55f48f394313 <unknown>\n#13 0x55f48f3b1dc5 <unknown>\n#14 0x55f48f37949f <unknown>\n#15 0x55f48f3d6158 <unknown>\n#16 0x55f48f3d6332 <unknown>\n#17 0x55f48f3e8a53 <unknown>\n#18 0x7f4dc2c9caa4 <unknown>\n#19 0x7f4dc2d29c3c <unknown>",
        "time" : {
          "start" : 1757727575703,
          "stop" : 1757727581137,
          "duration" : 5434
        }
      }, {
        "uid" : "deefd1d082b02cb4",
        "reportUrl" : "https://lambotik.github.io/Oblache/500//#testresult/deefd1d082b02cb4",
        "status" : "broken",
        "statusDetails" : "selenium.common.exceptions.TimeoutException: Message: Can't find element by locator ('xpath', '//button[@id=\"menu_button_webpages\"]')\nStacktrace:\n#0 0x55cd44dba94a <unknown>\n#1 0x55cd4482f8a0 <unknown>\n#2 0x55cd44881540 <unknown>\n#3 0x55cd44881731 <unknown>\n#4 0x55cd448cf824 <unknown>\n#5 0x55cd448a705d <unknown>\n#6 0x55cd448ccc23 <unknown>\n#7 0x55cd448a6e03 <unknown>\n#8 0x55cd44873968 <unknown>\n#9 0x55cd448745e1 <unknown>\n#10 0x55cd44d7e548 <unknown>\n#11 0x55cd44d82272 <unknown>\n#12 0x55cd44d65313 <unknown>\n#13 0x55cd44d82dc5 <unknown>\n#14 0x55cd44d4a49f <unknown>\n#15 0x55cd44da7158 <unknown>\n#16 0x55cd44da7332 <unknown>\n#17 0x55cd44db9a53 <unknown>\n#18 0x7f251409caa4 <unknown>\n#19 0x7f2514129c3c <unknown>",
        "time" : {
          "start" : 1757641414833,
          "stop" : 1757641420205,
          "duration" : 5372
        }
      }, {
        "uid" : "6117cb0858dff497",
        "reportUrl" : "https://lambotik.github.io/Oblache/499//#testresult/6117cb0858dff497",
        "status" : "broken",
        "statusDetails" : "selenium.common.exceptions.TimeoutException: Message: Can't find element by locator ('xpath', '//button[@id=\"menu_button_webpages\"]')\nStacktrace:\n#0 0x556c2387794a <unknown>\n#1 0x556c232ec8a0 <unknown>\n#2 0x556c2333e540 <unknown>\n#3 0x556c2333e731 <unknown>\n#4 0x556c2338c824 <unknown>\n#5 0x556c2336405d <unknown>\n#6 0x556c23389c23 <unknown>\n#7 0x556c23363e03 <unknown>\n#8 0x556c23330968 <unknown>\n#9 0x556c233315e1 <unknown>\n#10 0x556c2383b548 <unknown>\n#11 0x556c2383f272 <unknown>\n#12 0x556c23822313 <unknown>\n#13 0x556c2383fdc5 <unknown>\n#14 0x556c2380749f <unknown>\n#15 0x556c23864158 <unknown>\n#16 0x556c23864332 <unknown>\n#17 0x556c23876a53 <unknown>\n#18 0x7f89b589caa4 <unknown>\n#19 0x7f89b5929c3c <unknown>",
        "time" : {
          "start" : 1757555258145,
          "stop" : 1757555263529,
          "duration" : 5384
        }
      } ]
    },
    "tags" : [ ]
  },
  "source" : "6d92c344582fc4f2.json",
  "parameterValues" : [ ]
}