{
  "uid" : "eeacc37f8db82209",
  "name" : "POST checking ports_len negative len",
  "fullName" : "tests_api.test_bd.TestPOST#test_post_checking_ports_len_negative_len",
  "historyId" : "9489e2633e96acb1f0103e85b89d7a6f",
  "time" : {
    "start" : 1742087463387,
    "stop" : 1742087463893,
    "duration" : 506
  },
  "status" : "failed",
  "statusMessage" : "AssertionError: Result is not equal expected value",
  "statusTrace" : "self = <tests_api.test_bd.TestPOST object at 0x7f43ad6e0290>\n\n    @allure.title('POST checking ports_len negative len')\n    def test_post_checking_ports_len_negative_len(self):\n        result = API.post_create_docker_container_checking_ports(\n            token=TestPOST.token,\n            port_len=\"80,81,82,83,84,85,86,87,88,89,90\")\n        Checking.check_status_code(result, 400)\n>       Checking.check_json_value(result, 'msg', 'msg[]: ports range is too wide')\n\ntests_api/test_bd.py:391: \n_ _ _ _ _ _ _ _ _ _ _ _ _ _ _ _ _ _ _ _ _ _ _ _ _ _ _ _ _ _ _ _ _ _ _ _ _ _ _ _ \n\nresponse = <Response [400]>, field_name = 'msg'\nexpected_value = 'msg[]: ports range is too wide'\n\n    @staticmethod\n    def check_json_value(response: requests.models.Response, field_name: str, expected_value):\n        \"\"\"\n        :param response: requests.models.Response\n        :param field_name:\n        :param expected_value:\n        \"\"\"\n        check = response.json()\n        check_info = check.get(field_name)\n        with allure.step(\n                f'Compare result request with expected value:'\n                f'\\nResponse: {response}\\nField name: {field_name}\\nValue: {expected_value}'):\n>           assert check_info == expected_value, 'Result is not equal expected value'\nE           AssertionError: Result is not equal expected value\n\ntests_api/utils/checking.py:57: AssertionError",
  "flaky" : false,
  "newFailed" : false,
  "beforeStages" : [ ],
  "testStage" : {
    "status" : "failed",
    "statusMessage" : "AssertionError: Result is not equal expected value",
    "statusTrace" : "self = <tests_api.test_bd.TestPOST object at 0x7f43ad6e0290>\n\n    @allure.title('POST checking ports_len negative len')\n    def test_post_checking_ports_len_negative_len(self):\n        result = API.post_create_docker_container_checking_ports(\n            token=TestPOST.token,\n            port_len=\"80,81,82,83,84,85,86,87,88,89,90\")\n        Checking.check_status_code(result, 400)\n>       Checking.check_json_value(result, 'msg', 'msg[]: ports range is too wide')\n\ntests_api/test_bd.py:391: \n_ _ _ _ _ _ _ _ _ _ _ _ _ _ _ _ _ _ _ _ _ _ _ _ _ _ _ _ _ _ _ _ _ _ _ _ _ _ _ _ \n\nresponse = <Response [400]>, field_name = 'msg'\nexpected_value = 'msg[]: ports range is too wide'\n\n    @staticmethod\n    def check_json_value(response: requests.models.Response, field_name: str, expected_value):\n        \"\"\"\n        :param response: requests.models.Response\n        :param field_name:\n        :param expected_value:\n        \"\"\"\n        check = response.json()\n        check_info = check.get(field_name)\n        with allure.step(\n                f'Compare result request with expected value:'\n                f'\\nResponse: {response}\\nField name: {field_name}\\nValue: {expected_value}'):\n>           assert check_info == expected_value, 'Result is not equal expected value'\nE           AssertionError: Result is not equal expected value\n\ntests_api/utils/checking.py:57: AssertionError",
    "steps" : [ {
      "name" : "post_create_docker_container",
      "time" : {
        "start" : 1742087463387,
        "stop" : 1742087463892,
        "duration" : 505
      },
      "status" : "passed",
      "steps" : [ {
        "name" : "Endpoint: /container_create",
        "time" : {
          "start" : 1742087463892,
          "stop" : 1742087463892,
          "duration" : 0
        },
        "status" : "passed",
        "steps" : [ ],
        "attachments" : [ ],
        "parameters" : [ ],
        "stepsCount" : 0,
        "attachmentsCount" : 0,
        "shouldDisplayMessage" : false,
        "hasContent" : false
      }, {
        "name" : "Request:",
        "time" : {
          "start" : 1742087463892,
          "stop" : 1742087463892,
          "duration" : 0
        },
        "status" : "passed",
        "steps" : [ {
          "name" : "Headers: {'Content-Type': 'application/json', 'Authorization': '5e258575-c9f8-4707-bd5a-fd40f58a433b'}",
          "time" : {
            "start" : 1742087463892,
            "stop" : 1742087463892,
            "duration" : 0
          },
          "status" : "passed",
          "steps" : [ ],
          "attachments" : [ ],
          "parameters" : [ ],
          "stepsCount" : 0,
          "attachmentsCount" : 0,
          "shouldDisplayMessage" : false,
          "hasContent" : false
        }, {
          "name" : "Body: {\"docker_image\": \"nginx\", \"int_ports\": f\"80,81,82,83,84,85,86,87,88,89,90\", \"env\": 3, \"region\": 3}",
          "time" : {
            "start" : 1742087463892,
            "stop" : 1742087463892,
            "duration" : 0
          },
          "status" : "passed",
          "steps" : [ ],
          "attachments" : [ ],
          "parameters" : [ ],
          "stepsCount" : 0,
          "attachmentsCount" : 0,
          "shouldDisplayMessage" : false,
          "hasContent" : false
        } ],
        "attachments" : [ ],
        "parameters" : [ ],
        "stepsCount" : 2,
        "attachmentsCount" : 0,
        "shouldDisplayMessage" : false,
        "hasContent" : true
      }, {
        "name" : "Response:",
        "time" : {
          "start" : 1742087463892,
          "stop" : 1742087463892,
          "duration" : 0
        },
        "status" : "passed",
        "steps" : [ {
          "name" : "Status code: 400",
          "time" : {
            "start" : 1742087463892,
            "stop" : 1742087463892,
            "duration" : 0
          },
          "status" : "passed",
          "steps" : [ ],
          "attachments" : [ ],
          "parameters" : [ ],
          "stepsCount" : 0,
          "attachmentsCount" : 0,
          "shouldDisplayMessage" : false,
          "hasContent" : false
        }, {
          "name" : "JSON: {\n    \"msg_code\": -1,\n    \"msg\": \"endpoint is disabled\"\n}\n",
          "time" : {
            "start" : 1742087463892,
            "stop" : 1742087463892,
            "duration" : 0
          },
          "status" : "passed",
          "steps" : [ ],
          "attachments" : [ ],
          "parameters" : [ ],
          "stepsCount" : 0,
          "attachmentsCount" : 0,
          "shouldDisplayMessage" : false,
          "hasContent" : false
        } ],
        "attachments" : [ ],
        "parameters" : [ ],
        "stepsCount" : 2,
        "attachmentsCount" : 0,
        "shouldDisplayMessage" : false,
        "hasContent" : true
      } ],
      "attachments" : [ ],
      "parameters" : [ ],
      "stepsCount" : 7,
      "attachmentsCount" : 0,
      "shouldDisplayMessage" : false,
      "hasContent" : true
    }, {
      "name" : "Assert status code: 400 == Response status code: 400",
      "time" : {
        "start" : 1742087463892,
        "stop" : 1742087463892,
        "duration" : 0
      },
      "status" : "passed",
      "steps" : [ ],
      "attachments" : [ ],
      "parameters" : [ ],
      "stepsCount" : 0,
      "attachmentsCount" : 0,
      "shouldDisplayMessage" : false,
      "hasContent" : false
    }, {
      "name" : "Compare result request with expected value:\nResponse: <Response [400]>\nField name: msg\nValue: msg[]: ports range is too wide",
      "time" : {
        "start" : 1742087463892,
        "stop" : 1742087463892,
        "duration" : 0
      },
      "status" : "failed",
      "statusMessage" : "AssertionError: Result is not equal expected value\n",
      "statusTrace" : "  File \"/home/runner/work/Oblache/Oblache/tests_api/utils/checking.py\", line 57, in check_json_value\n    assert check_info == expected_value, 'Result is not equal expected value'\n           ^^^^^^^^^^^^^^^^^^^^^^^^^^^^\n",
      "steps" : [ ],
      "attachments" : [ ],
      "parameters" : [ ],
      "stepsCount" : 0,
      "attachmentsCount" : 0,
      "shouldDisplayMessage" : true,
      "hasContent" : true
    } ],
    "attachments" : [ ],
    "parameters" : [ ],
    "stepsCount" : 10,
    "attachmentsCount" : 0,
    "shouldDisplayMessage" : true,
    "hasContent" : true
  },
  "afterStages" : [ ],
  "labels" : [ {
    "name" : "suite",
    "value" : "POST"
  }, {
    "name" : "parentSuite",
    "value" : "tests_api"
  }, {
    "name" : "subSuite",
    "value" : "TestPOST"
  }, {
    "name" : "host",
    "value" : "fv-az1336-549"
  }, {
    "name" : "thread",
    "value" : "2542-MainThread"
  }, {
    "name" : "framework",
    "value" : "pytest"
  }, {
    "name" : "language",
    "value" : "cpython3"
  }, {
    "name" : "package",
    "value" : "tests_api.test_bd"
  }, {
    "name" : "resultFormat",
    "value" : "allure2"
  } ],
  "parameters" : [ ],
  "links" : [ ],
  "hidden" : false,
  "retry" : false,
  "extra" : {
    "severity" : "normal",
    "retries" : [ ],
    "categories" : [ {
      "name" : "Product defects",
      "matchedStatuses" : [ ],
      "flaky" : false
    } ],
    "history" : {
      "statistic" : {
        "failed" : 95,
        "broken" : 0,
        "skipped" : 0,
        "passed" : 36,
        "unknown" : 0,
        "total" : 131
      },
      "items" : [ {
        "uid" : "6487375aca125463",
        "reportUrl" : "https://lambotik.github.io/Oblache/342//#testresult/6487375aca125463",
        "status" : "failed",
        "statusDetails" : "AssertionError: Result is not equal expected value",
        "time" : {
          "start" : 1742000636449,
          "stop" : 1742000636767,
          "duration" : 318
        }
      }, {
        "uid" : "47565dc14a9942bd",
        "reportUrl" : "https://lambotik.github.io/Oblache/341//#testresult/47565dc14a9942bd",
        "status" : "failed",
        "statusDetails" : "AssertionError: Result is not equal expected value",
        "time" : {
          "start" : 1741914277055,
          "stop" : 1741914277454,
          "duration" : 399
        }
      }, {
        "uid" : "fa5ee7c8ea104eb0",
        "reportUrl" : "https://lambotik.github.io/Oblache/340//#testresult/fa5ee7c8ea104eb0",
        "status" : "failed",
        "statusDetails" : "AssertionError: Result is not equal expected value",
        "time" : {
          "start" : 1741827944695,
          "stop" : 1741827945203,
          "duration" : 508
        }
      }, {
        "uid" : "b00633f37f80041e",
        "reportUrl" : "https://lambotik.github.io/Oblache/339//#testresult/b00633f37f80041e",
        "status" : "failed",
        "statusDetails" : "AssertionError: Result is not equal expected value",
        "time" : {
          "start" : 1741741483031,
          "stop" : 1741741483517,
          "duration" : 486
        }
      }, {
        "uid" : "6f1f1fcdc86ee8c5",
        "reportUrl" : "https://lambotik.github.io/Oblache/338//#testresult/6f1f1fcdc86ee8c5",
        "status" : "failed",
        "statusDetails" : "AssertionError: Result is not equal expected value",
        "time" : {
          "start" : 1741655115880,
          "stop" : 1741655116185,
          "duration" : 305
        }
      }, {
        "uid" : "b032a772b30ef41b",
        "reportUrl" : "https://lambotik.github.io/Oblache/337//#testresult/b032a772b30ef41b",
        "status" : "failed",
        "statusDetails" : "AssertionError: Result is not equal expected value",
        "time" : {
          "start" : 1741568142022,
          "stop" : 1741568142537,
          "duration" : 515
        }
      }, {
        "uid" : "401afb349bd66b5c",
        "reportUrl" : "https://lambotik.github.io/Oblache/336//#testresult/401afb349bd66b5c",
        "status" : "failed",
        "statusDetails" : "AssertionError: Result is not equal expected value",
        "time" : {
          "start" : 1741481800353,
          "stop" : 1741481800652,
          "duration" : 299
        }
      }, {
        "uid" : "f8d5ccb221282da2",
        "reportUrl" : "https://lambotik.github.io/Oblache/335//#testresult/f8d5ccb221282da2",
        "status" : "failed",
        "statusDetails" : "AssertionError: Result is not equal expected value",
        "time" : {
          "start" : 1741395125330,
          "stop" : 1741395125664,
          "duration" : 334
        }
      }, {
        "uid" : "81fd7ad63862d4dd",
        "reportUrl" : "https://lambotik.github.io/Oblache/334//#testresult/81fd7ad63862d4dd",
        "status" : "failed",
        "statusDetails" : "AssertionError: Result is not equal expected value",
        "time" : {
          "start" : 1741309528295,
          "stop" : 1741309528846,
          "duration" : 551
        }
      }, {
        "uid" : "d2a75183bdb25435",
        "reportUrl" : "https://lambotik.github.io/Oblache/23//#testresult/d2a75183bdb25435",
        "status" : "failed",
        "statusDetails" : "AssertionError: Result is not equal expected value",
        "time" : {
          "start" : 1741273264156,
          "stop" : 1741273264693,
          "duration" : 537
        }
      }, {
        "uid" : "eefb3e3ea1a04b0c",
        "reportUrl" : "https://lambotik.github.io/Oblache/22//#testresult/eefb3e3ea1a04b0c",
        "status" : "failed",
        "statusDetails" : "AssertionError: Result is not equal expected value",
        "time" : {
          "start" : 1741273016350,
          "stop" : 1741273016656,
          "duration" : 306
        }
      }, {
        "uid" : "9d514c03d0e6c7cb",
        "reportUrl" : "https://lambotik.github.io/Oblache/21//#testresult/9d514c03d0e6c7cb",
        "status" : "failed",
        "statusDetails" : "AssertionError: Result is not equal expected value",
        "time" : {
          "start" : 1741272403548,
          "stop" : 1741272404025,
          "duration" : 477
        }
      }, {
        "uid" : "e872bce25362a893",
        "reportUrl" : "https://lambotik.github.io/Oblache/20//#testresult/e872bce25362a893",
        "status" : "failed",
        "statusDetails" : "AssertionError: Result is not equal expected value",
        "time" : {
          "start" : 1741271080787,
          "stop" : 1741271081303,
          "duration" : 516
        }
      }, {
        "uid" : "14d5d4c653f76a92",
        "reportUrl" : "https://lambotik.github.io/Oblache/19//#testresult/14d5d4c653f76a92",
        "status" : "failed",
        "statusDetails" : "AssertionError: Result is not equal expected value",
        "time" : {
          "start" : 1741270262252,
          "stop" : 1741270262786,
          "duration" : 534
        }
      }, {
        "uid" : "64709ff718318ff4",
        "reportUrl" : "https://lambotik.github.io/Oblache/333//#testresult/64709ff718318ff4",
        "status" : "failed",
        "statusDetails" : "AssertionError: Result is not equal expected value",
        "time" : {
          "start" : 1741223078678,
          "stop" : 1741223078983,
          "duration" : 305
        }
      }, {
        "uid" : "d3f19e52fd8dba8d",
        "reportUrl" : "https://lambotik.github.io/Oblache/332//#testresult/d3f19e52fd8dba8d",
        "status" : "failed",
        "statusDetails" : "AssertionError: Result is not equal expected value",
        "time" : {
          "start" : 1741136679277,
          "stop" : 1741136679586,
          "duration" : 309
        }
      }, {
        "uid" : "8b75acb4e1ae38d8",
        "reportUrl" : "https://lambotik.github.io/Oblache/331//#testresult/8b75acb4e1ae38d8",
        "status" : "failed",
        "statusDetails" : "AssertionError: Result is not equal expected value",
        "time" : {
          "start" : 1741050275833,
          "stop" : 1741050276139,
          "duration" : 306
        }
      }, {
        "uid" : "2385e518c674174a",
        "reportUrl" : "https://lambotik.github.io/Oblache/330//#testresult/2385e518c674174a",
        "status" : "failed",
        "statusDetails" : "AssertionError: Result is not equal expected value",
        "time" : {
          "start" : 1740963966591,
          "stop" : 1740963966961,
          "duration" : 370
        }
      }, {
        "uid" : "86c9383547e573c4",
        "reportUrl" : "https://lambotik.github.io/Oblache/329//#testresult/86c9383547e573c4",
        "status" : "failed",
        "statusDetails" : "AssertionError: Result is not equal expected value",
        "time" : {
          "start" : 1740877666081,
          "stop" : 1740877666448,
          "duration" : 367
        }
      }, {
        "uid" : "8468fff5b8131a11",
        "reportUrl" : "https://lambotik.github.io/Oblache/328//#testresult/8468fff5b8131a11",
        "status" : "failed",
        "statusDetails" : "AssertionError: Result is not equal expected value",
        "time" : {
          "start" : 1740791302013,
          "stop" : 1740791302320,
          "duration" : 307
        }
      } ]
    },
    "tags" : [ ]
  },
  "source" : "eeacc37f8db82209.json",
  "parameterValues" : [ ]
}