{"uid":"9fe22ac35dde693","name":"test order db create backup","fullName":"tests_api.test_bd.TestBackup#test_order_db_create_backup","historyId":"bbc51bc9e59c2f7de52280f53d30e264","time":{"start":1763171415750,"stop":1763171416068,"duration":318},"status":"failed","statusMessage":"AssertionError: Incorrect status code: 400","statusTrace":"self = <tests_api.test_bd.TestBackup object at 0x7f00e6cc5b80>\nget_token_backup_2 = ('cb4a006b-74d6-415a-be7f-128f8feafd0f', {'email': 'testbackup2@gmail.com', 'password': 'gwqldBUEoNGUiBrKFeVv'}, '066dc8d1-2d0a-753b-8000-ba69b49e1e8c')\n\n    @allure.title('test order db create backup')\n    def test_order_db_create_backup(self, get_token_backup_2):\n        token, body, uuid = get_token_backup_2\n        response = API.post_db_backup_create(token=token, db_uuid=uuid)\n>       Checking.check_status_code(response, 200)\n\ntests_api/test_bd.py:443: \n_ _ _ _ _ _ _ _ _ _ _ _ _ _ _ _ _ _ _ _ _ _ _ _ _ _ _ _ _ _ _ _ _ _ _ _ _ _ _ _ \n\nresult = <Response [400]>, status_code = 200\n\n    @staticmethod\n    def check_status_code(result: requests.models.Response, status_code: int):\n        \"\"\"\n        Method check status code\n        :param result: Response\n        :param status_code:\n        \"\"\"\n        with allure.step(f'Assert status code: {status_code} == Response status code: {result.status_code}'):\n>           assert status_code == result.status_code, f'Incorrect status code: {result.status_code}'\nE           AssertionError: Incorrect status code: 400\n\ntests_api/utils/checking.py:16: AssertionError","flaky":false,"newFailed":false,"newBroken":false,"newPassed":false,"retriesCount":0,"retriesStatusChange":false,"beforeStages":[{"name":"get_token_backup_2","time":{"start":1763171415435,"stop":1763171415749,"duration":314},"status":"passed","steps":[{"name":"Assert status code: 200 == Response status code: 200","time":{"start":1763171415749,"stop":1763171415749,"duration":0},"status":"passed","steps":[],"attachments":[],"parameters":[],"stepsCount":0,"shouldDisplayMessage":false,"attachmentsCount":0,"hasContent":false,"attachmentStep":false}],"attachments":[],"parameters":[],"stepsCount":1,"shouldDisplayMessage":false,"attachmentsCount":0,"hasContent":true,"attachmentStep":false}],"testStage":{"status":"failed","statusMessage":"AssertionError: Incorrect status code: 400","statusTrace":"self = <tests_api.test_bd.TestBackup object at 0x7f00e6cc5b80>\nget_token_backup_2 = ('cb4a006b-74d6-415a-be7f-128f8feafd0f', {'email': 'testbackup2@gmail.com', 'password': 'gwqldBUEoNGUiBrKFeVv'}, '066dc8d1-2d0a-753b-8000-ba69b49e1e8c')\n\n    @allure.title('test order db create backup')\n    def test_order_db_create_backup(self, get_token_backup_2):\n        token, body, uuid = get_token_backup_2\n        response = API.post_db_backup_create(token=token, db_uuid=uuid)\n>       Checking.check_status_code(response, 200)\n\ntests_api/test_bd.py:443: \n_ _ _ _ _ _ _ _ _ _ _ _ _ _ _ _ _ _ _ _ _ _ _ _ _ _ _ _ _ _ _ _ _ _ _ _ _ _ _ _ \n\nresult = <Response [400]>, status_code = 200\n\n    @staticmethod\n    def check_status_code(result: requests.models.Response, status_code: int):\n        \"\"\"\n        Method check status code\n        :param result: Response\n        :param status_code:\n        \"\"\"\n        with allure.step(f'Assert status code: {status_code} == Response status code: {result.status_code}'):\n>           assert status_code == result.status_code, f'Incorrect status code: {result.status_code}'\nE           AssertionError: Incorrect status code: 400\n\ntests_api/utils/checking.py:16: AssertionError","steps":[{"name":"Endpoint: /db_backup_create","time":{"start":1763171416068,"stop":1763171416068,"duration":0},"status":"passed","steps":[],"attachments":[],"parameters":[],"stepsCount":0,"shouldDisplayMessage":false,"attachmentsCount":0,"hasContent":false,"attachmentStep":false},{"name":"Request:","time":{"start":1763171416068,"stop":1763171416068,"duration":0},"status":"passed","steps":[{"name":"Headers: {'Content-Type': 'application/json', 'Authorization': {'cb4a006b-74d6-415a-be7f-128f8feafd0f'}}","time":{"start":1763171416068,"stop":1763171416068,"duration":0},"status":"passed","steps":[],"attachments":[],"parameters":[],"stepsCount":0,"shouldDisplayMessage":false,"attachmentsCount":0,"hasContent":false,"attachmentStep":false}],"attachments":[],"parameters":[],"stepsCount":1,"shouldDisplayMessage":false,"attachmentsCount":0,"hasContent":true,"attachmentStep":false},{"name":"Response:","time":{"start":1763171416068,"stop":1763171416068,"duration":0},"status":"passed","steps":[{"name":"Status code: 400","time":{"start":1763171416068,"stop":1763171416068,"duration":0},"status":"passed","steps":[],"attachments":[],"parameters":[],"stepsCount":0,"shouldDisplayMessage":false,"attachmentsCount":0,"hasContent":false,"attachmentStep":false},{"name":"JSON: {\n    \"content\": \"db either not exist, not in good shape, or does not belong to the user\"\n}\n","time":{"start":1763171416068,"stop":1763171416068,"duration":0},"status":"passed","steps":[],"attachments":[],"parameters":[],"stepsCount":0,"shouldDisplayMessage":false,"attachmentsCount":0,"hasContent":false,"attachmentStep":false}],"attachments":[],"parameters":[],"stepsCount":2,"shouldDisplayMessage":false,"attachmentsCount":0,"hasContent":true,"attachmentStep":false},{"name":"Assert status code: 200 == Response status code: 400","time":{"start":1763171416068,"stop":1763171416068,"duration":0},"status":"failed","statusMessage":"AssertionError: Incorrect status code: 400\n","statusTrace":"  File \"/home/runner/work/Oblache/Oblache/tests_api/utils/checking.py\", line 16, in check_status_code\n    assert status_code == result.status_code, f'Incorrect status code: {result.status_code}'\n           ^^^^^^^^^^^^^^^^^^^^^^^^^^^^^^^^^\n","steps":[],"attachments":[],"parameters":[],"stepsCount":0,"shouldDisplayMessage":true,"attachmentsCount":0,"hasContent":true,"attachmentStep":false}],"attachments":[],"parameters":[],"stepsCount":7,"shouldDisplayMessage":true,"attachmentsCount":0,"hasContent":true,"attachmentStep":false},"afterStages":[],"labels":[{"name":"suite","value":"Test Backup"},{"name":"parentSuite","value":"tests_api"},{"name":"subSuite","value":"TestBackup"},{"name":"host","value":"runnervmg1sw1"},{"name":"thread","value":"2616-MainThread"},{"name":"framework","value":"pytest"},{"name":"language","value":"cpython3"},{"name":"package","value":"tests_api.test_bd"},{"name":"resultFormat","value":"allure2"}],"parameters":[],"links":[],"hidden":false,"retry":false,"extra":{"severity":"normal","retries":[],"categories":[{"name":"Product defects","matchedStatuses":[],"flaky":false}],"history":{"statistic":{"failed":12,"broken":0,"skipped":0,"passed":0,"unknown":0,"total":12},"items":[{"uid":"2e9b8e48afe4e8c4","reportUrl":"https://lambotik.github.io/Oblache/563/#testresult/2e9b8e48afe4e8c4","status":"failed","statusDetails":"AssertionError: Incorrect status code: 400","time":{"start":1763085283892,"stop":1763085284329,"duration":437}},{"uid":"55d2d4df3f399bf1","reportUrl":"https://lambotik.github.io/Oblache/562/#testresult/55d2d4df3f399bf1","status":"failed","statusDetails":"AssertionError: Incorrect status code: 400","time":{"start":1762998935731,"stop":1762998936162,"duration":431}},{"uid":"b825124256cba057","reportUrl":"https://lambotik.github.io/Oblache/561/#testresult/b825124256cba057","status":"failed","statusDetails":"AssertionError: Incorrect status code: 400","time":{"start":1762912428907,"stop":1762912429225,"duration":318}},{"uid":"6d7d23f68b4962ff","reportUrl":"https://lambotik.github.io/Oblache/560/#testresult/6d7d23f68b4962ff","status":"failed","statusDetails":"AssertionError: Incorrect status code: 400","time":{"start":1762826084981,"stop":1762826085356,"duration":375}},{"uid":"6a4f8161d5a2d383","reportUrl":"https://lambotik.github.io/Oblache/559/#testresult/6a4f8161d5a2d383","status":"failed","statusDetails":"AssertionError: Incorrect status code: 400","time":{"start":1762739899303,"stop":1762739899815,"duration":512}},{"uid":"2ac84d7b95cd7b95","reportUrl":"https://lambotik.github.io/Oblache/558/#testresult/2ac84d7b95cd7b95","status":"failed","statusDetails":"AssertionError: Incorrect status code: 502","time":{"start":1762653406360,"stop":1762653406360,"duration":0}},{"uid":"b03f7d0188eea22c","reportUrl":"https://lambotik.github.io/Oblache/557/#testresult/b03f7d0188eea22c","status":"failed","statusDetails":"AssertionError: Incorrect status code: 400","time":{"start":1762566417384,"stop":1762566417817,"duration":433}},{"uid":"7c4d8b3a6cf00540","reportUrl":"https://lambotik.github.io/Oblache/556/#testresult/7c4d8b3a6cf00540","status":"failed","statusDetails":"AssertionError: Incorrect status code: 400","time":{"start":1762480383242,"stop":1762480383747,"duration":505}},{"uid":"b2228d537d9a021b","reportUrl":"https://lambotik.github.io/Oblache/555/#testresult/b2228d537d9a021b","status":"failed","statusDetails":"AssertionError: Incorrect status code: 400","time":{"start":1762394048683,"stop":1762394049044,"duration":361}},{"uid":"f4635cfae505345c","reportUrl":"https://lambotik.github.io/Oblache/25/#testresult/f4635cfae505345c","status":"failed","statusDetails":"AssertionError: Incorrect status code: 400","time":{"start":1762342846985,"stop":1762342847468,"duration":483}},{"uid":"ad7d22cb08f135e8","reportUrl":"https://lambotik.github.io/Oblache/24/#testresult/ad7d22cb08f135e8","status":"failed","statusDetails":"AssertionError: Incorrect status code: 400","time":{"start":1762342481871,"stop":1762342482198,"duration":327}}]},"tags":[]},"source":"9fe22ac35dde693.json","parameterValues":[]}