{"uid":"4f7498a15063c259","name":"POST checking ports_len positive","fullName":"tests_api.test_bd.TestPOST#test_post_checking_ports_len_positive","historyId":"c6f631852f230d7f46e21d1143ab0d56","time":{"start":1762394043265,"stop":1762394044035,"duration":770},"status":"failed","statusMessage":"AssertionError: Incorrect status code: 403","statusTrace":"self = <tests_api.test_bd.TestPOST object at 0x7f5c90d50cb0>\n\n    @allure.title('POST checking ports_len positive')\n    def test_post_checking_ports_len_positive(self):\n        result = API.post_create_docker_container_checking_ports(\n            token=TestPOST.token,\n            port_len=\"80-89\")\n>       Checking.check_status_code(result, 201)\n\ntests_api/test_bd.py:369: \n_ _ _ _ _ _ _ _ _ _ _ _ _ _ _ _ _ _ _ _ _ _ _ _ _ _ _ _ _ _ _ _ _ _ _ _ _ _ _ _ \n\nresult = <Response [403]>, status_code = 201\n\n    @staticmethod\n    def check_status_code(result: requests.models.Response, status_code: int):\n        \"\"\"\n        Method check status code\n        :param result: Response\n        :param status_code:\n        \"\"\"\n        with allure.step(f'Assert status code: {status_code} == Response status code: {result.status_code}'):\n>           assert status_code == result.status_code, f'Incorrect status code: {result.status_code}'\nE           AssertionError: Incorrect status code: 403\n\ntests_api/utils/checking.py:16: AssertionError","flaky":false,"newFailed":false,"newBroken":false,"newPassed":false,"retriesCount":0,"retriesStatusChange":false,"beforeStages":[],"testStage":{"status":"failed","statusMessage":"AssertionError: Incorrect status code: 403","statusTrace":"self = <tests_api.test_bd.TestPOST object at 0x7f5c90d50cb0>\n\n    @allure.title('POST checking ports_len positive')\n    def test_post_checking_ports_len_positive(self):\n        result = API.post_create_docker_container_checking_ports(\n            token=TestPOST.token,\n            port_len=\"80-89\")\n>       Checking.check_status_code(result, 201)\n\ntests_api/test_bd.py:369: \n_ _ _ _ _ _ _ _ _ _ _ _ _ _ _ _ _ _ _ _ _ _ _ _ _ _ _ _ _ _ _ _ _ _ _ _ _ _ _ _ \n\nresult = <Response [403]>, status_code = 201\n\n    @staticmethod\n    def check_status_code(result: requests.models.Response, status_code: int):\n        \"\"\"\n        Method check status code\n        :param result: Response\n        :param status_code:\n        \"\"\"\n        with allure.step(f'Assert status code: {status_code} == Response status code: {result.status_code}'):\n>           assert status_code == result.status_code, f'Incorrect status code: {result.status_code}'\nE           AssertionError: Incorrect status code: 403\n\ntests_api/utils/checking.py:16: AssertionError","steps":[{"name":"post_create_docker_container","time":{"start":1762394043265,"stop":1762394044035,"duration":770},"status":"passed","steps":[{"name":"Endpoint: /container_create","time":{"start":1762394044035,"stop":1762394044035,"duration":0},"status":"passed","steps":[],"attachments":[],"parameters":[],"stepsCount":0,"shouldDisplayMessage":false,"attachmentsCount":0,"hasContent":false,"attachmentStep":false},{"name":"Request:","time":{"start":1762394044035,"stop":1762394044035,"duration":0},"status":"passed","steps":[{"name":"Headers: {'Content-Type': 'application/json', 'Authorization': {'844d1b43-c096-4c15-9d69-a1790976d42a'}}","time":{"start":1762394044035,"stop":1762394044035,"duration":0},"status":"passed","steps":[],"attachments":[],"parameters":[],"stepsCount":0,"shouldDisplayMessage":false,"attachmentsCount":0,"hasContent":false,"attachmentStep":false},{"name":"Body: {\"docker_image\": \"nginx\", \"int_ports\": f\"80-89\", \"env\": 3, \"region\": 3}","time":{"start":1762394044035,"stop":1762394044035,"duration":0},"status":"passed","steps":[],"attachments":[],"parameters":[],"stepsCount":0,"shouldDisplayMessage":false,"attachmentsCount":0,"hasContent":false,"attachmentStep":false}],"attachments":[],"parameters":[],"stepsCount":2,"shouldDisplayMessage":false,"attachmentsCount":0,"hasContent":true,"attachmentStep":false},{"name":"Response:","time":{"start":1762394044035,"stop":1762394044035,"duration":0},"status":"passed","steps":[{"name":"Status code: 403","time":{"start":1762394044035,"stop":1762394044035,"duration":0},"status":"passed","steps":[],"attachments":[],"parameters":[],"stepsCount":0,"shouldDisplayMessage":false,"attachmentsCount":0,"hasContent":false,"attachmentStep":false},{"name":"JSON: {\n    \"msg\": \"you are not allowed to create new container\"\n}\n","time":{"start":1762394044035,"stop":1762394044035,"duration":0},"status":"passed","steps":[],"attachments":[],"parameters":[],"stepsCount":0,"shouldDisplayMessage":false,"attachmentsCount":0,"hasContent":false,"attachmentStep":false}],"attachments":[],"parameters":[],"stepsCount":2,"shouldDisplayMessage":false,"attachmentsCount":0,"hasContent":true,"attachmentStep":false}],"attachments":[],"parameters":[],"stepsCount":7,"shouldDisplayMessage":false,"attachmentsCount":0,"hasContent":true,"attachmentStep":false},{"name":"Assert status code: 201 == Response status code: 403","time":{"start":1762394044035,"stop":1762394044035,"duration":0},"status":"failed","statusMessage":"AssertionError: Incorrect status code: 403\n","statusTrace":"  File \"/home/runner/work/Oblache/Oblache/tests_api/utils/checking.py\", line 16, in check_status_code\n    assert status_code == result.status_code, f'Incorrect status code: {result.status_code}'\n           ^^^^^^^^^^^^^^^^^^^^^^^^^^^^^^^^^\n","steps":[],"attachments":[],"parameters":[],"stepsCount":0,"shouldDisplayMessage":true,"attachmentsCount":0,"hasContent":true,"attachmentStep":false}],"attachments":[],"parameters":[],"stepsCount":9,"shouldDisplayMessage":true,"attachmentsCount":0,"hasContent":true,"attachmentStep":false},"afterStages":[],"labels":[{"name":"suite","value":"POST"},{"name":"parentSuite","value":"tests_api"},{"name":"subSuite","value":"TestPOST"},{"name":"host","value":"runnervmf2e7y"},{"name":"thread","value":"2600-MainThread"},{"name":"framework","value":"pytest"},{"name":"language","value":"cpython3"},{"name":"package","value":"tests_api.test_bd"},{"name":"resultFormat","value":"allure2"}],"parameters":[],"links":[],"hidden":false,"retry":false,"extra":{"severity":"normal","retries":[],"categories":[{"name":"Product defects","matchedStatuses":[],"flaky":false}],"history":{"statistic":{"failed":3,"broken":0,"skipped":0,"passed":0,"unknown":0,"total":3},"items":[{"uid":"64b15899f91b78ae","reportUrl":"https://lambotik.github.io/Oblache/25/#testresult/64b15899f91b78ae","status":"failed","statusDetails":"AssertionError: Incorrect status code: 403","time":{"start":1762342839954,"stop":1762342840865,"duration":911}},{"uid":"2f8a4270d4ae54bb","reportUrl":"https://lambotik.github.io/Oblache/24/#testresult/2f8a4270d4ae54bb","status":"failed","statusDetails":"AssertionError: Incorrect status code: 403","time":{"start":1762342477160,"stop":1762342477880,"duration":720}}]},"tags":[]},"source":"4f7498a15063c259.json","parameterValues":[]}