{"uid":"ac7a6f1b9c18a97f","name":"test_clipboard_uuid_docker","fullName":"tests_ui.test_ui.TestProfilePage#test_clipboard_uuid_docker","historyId":"11f91f43cfea2a231aececf29c7ed302","time":{"start":1762394185288,"stop":1762394191490,"duration":6202},"status":"broken","statusMessage":"selenium.common.exceptions.TimeoutException: Message: Can't find element by locator ('xpath', '//table[@id=\"table_containers\"] //tr[1]/td[3] /button')\nStacktrace:\n#0 0x561067cb0aea <unknown>\n#1 0x5610676fccdb <unknown>\n#2 0x56106774f6c4 <unknown>\n#3 0x56106774f901 <unknown>\n#4 0x56106779e8b4 <unknown>\n#5 0x56106779bc87 <unknown>\n#6 0x561067741aca <unknown>\n#7 0x5610677427d1 <unknown>\n#8 0x561067c77ab9 <unknown>\n#9 0x561067c7aa8c <unknown>\n#10 0x561067c60d49 <unknown>\n#11 0x561067c7b685 <unknown>\n#12 0x561067c486c3 <unknown>\n#13 0x561067c9d7d8 <unknown>\n#14 0x561067c9d9b3 <unknown>\n#15 0x561067cafa83 <unknown>\n#16 0x7f133649caa4 <unknown>\n#17 0x7f1336529c6c <unknown>","statusTrace":"self = <tests_ui.test_ui.TestProfilePage object at 0x7f5c90c6d9d0>\ndriver = <selenium.webdriver.chrome.webdriver.WebDriver (session=\"85ec057a94329e5096040aedf391a864\")>\nauthorization_user = None\nget_token = ('3f4009e6-bfd3-45f1-a45b-caed4a1ded3a', {'email': 'test4@mail.com', 'password': 'testpassword'}, 'testpassword', '123456789', 'test4@mail.com')\n\n    @allure.title('test_clipboard_uuid_docker')\n    def test_clipboard_uuid_docker(self, driver, authorization_user, get_token):\n        page = ProfilePage(driver, authorization_user)\n        page.click_button_docker_containers()\n>       page.check_clipboard(\n            table_xpath='//table[@id=\"table_containers\"]',\n            token=get_token[0])\n\ntests_ui/test_ui.py:120: \n_ _ _ _ _ _ _ _ _ _ _ _ _ _ _ _ _ _ _ _ _ _ _ _ _ _ _ _ _ _ _ _ _ _ _ _ _ _ _ _ \ntests_ui/profile_page.py:111: in check_clipboard\n    button = self.element_is_visible((By.XPATH, f'{table_xpath} //tr[1]/td[3] /button'))\ntests_ui/base_page.py:33: in element_is_visible\n    self.go_to_element(self.element_is_present(locator))\ntests_ui/base_page.py:46: in element_is_present\n    return Wait(self.driver, self.timeout).until(\n_ _ _ _ _ _ _ _ _ _ _ _ _ _ _ _ _ _ _ _ _ _ _ _ _ _ _ _ _ _ _ _ _ _ _ _ _ _ _ _ \n\nself = <selenium.webdriver.support.wait.WebDriverWait (session=\"85ec057a94329e5096040aedf391a864\")>\nmethod = <function presence_of_element_located.<locals>._predicate at 0x7f5c903aff60>\nmessage = 'Can\\'t find element by locator (\\'xpath\\', \\'//table[@id=\"table_containers\"] //tr[1]/td[3] /button\\')'\n\n    def until(self, method: Callable[[D], Union[Literal[False], T]], message: str = \"\") -> T:\n        \"\"\"Calls the method provided with the driver as an argument until the \\\n        return value does not evaluate to ``False``.\n    \n        :param method: callable(WebDriver)\n        :param message: optional message for :exc:`TimeoutException`\n        :returns: the result of the last call to `method`\n        :raises: :exc:`selenium.common.exceptions.TimeoutException` if timeout occurs\n        \"\"\"\n        screen = None\n        stacktrace = None\n    \n        end_time = time.monotonic() + self._timeout\n        while True:\n            try:\n                value = method(self._driver)\n                if value:\n                    return value\n            except self._ignored_exceptions as exc:\n                screen = getattr(exc, \"screen\", None)\n                stacktrace = getattr(exc, \"stacktrace\", None)\n            time.sleep(self._poll)\n            if time.monotonic() > end_time:\n                break\n>       raise TimeoutException(message, screen, stacktrace)\nE       selenium.common.exceptions.TimeoutException: Message: Can't find element by locator ('xpath', '//table[@id=\"table_containers\"] //tr[1]/td[3] /button')\nE       Stacktrace:\nE       #0 0x561067cb0aea <unknown>\nE       #1 0x5610676fccdb <unknown>\nE       #2 0x56106774f6c4 <unknown>\nE       #3 0x56106774f901 <unknown>\nE       #4 0x56106779e8b4 <unknown>\nE       #5 0x56106779bc87 <unknown>\nE       #6 0x561067741aca <unknown>\nE       #7 0x5610677427d1 <unknown>\nE       #8 0x561067c77ab9 <unknown>\nE       #9 0x561067c7aa8c <unknown>\nE       #10 0x561067c60d49 <unknown>\nE       #11 0x561067c7b685 <unknown>\nE       #12 0x561067c486c3 <unknown>\nE       #13 0x561067c9d7d8 <unknown>\nE       #14 0x561067c9d9b3 <unknown>\nE       #15 0x561067cafa83 <unknown>\nE       #16 0x7f133649caa4 <unknown>\nE       #17 0x7f1336529c6c <unknown>\n\n/opt/hostedtoolcache/Python/3.12.12/x64/lib/python3.12/site-packages/selenium/webdriver/support/wait.py:105: TimeoutException","flaky":false,"newFailed":false,"newBroken":false,"newPassed":false,"retriesCount":0,"retriesStatusChange":false,"beforeStages":[{"name":"get_token","time":{"start":1762394158740,"stop":1762394159104,"duration":364},"status":"passed","steps":[{"name":"Assert status code: 200 == Response status code: 200","time":{"start":1762394159104,"stop":1762394159104,"duration":0},"status":"passed","steps":[],"attachments":[],"parameters":[],"stepsCount":0,"shouldDisplayMessage":false,"attachmentsCount":0,"hasContent":false,"attachmentStep":false}],"attachments":[],"parameters":[],"stepsCount":1,"shouldDisplayMessage":false,"attachmentsCount":0,"hasContent":true,"attachmentStep":false},{"name":"driver","time":{"start":1762394184371,"stop":1762394184660,"duration":289},"status":"passed","steps":[],"attachments":[],"parameters":[],"stepsCount":0,"shouldDisplayMessage":false,"attachmentsCount":0,"hasContent":false,"attachmentStep":false},{"name":"authorization_user","time":{"start":1762394184661,"stop":1762394185288,"duration":627},"status":"passed","steps":[{"name":"Open page: https://oblache.areso.pro/register.html","time":{"start":1762394184661,"stop":1762394185033,"duration":372},"status":"passed","steps":[],"attachments":[],"parameters":[],"stepsCount":0,"shouldDisplayMessage":false,"attachmentsCount":0,"hasContent":false,"attachmentStep":false},{"name":"Login user","time":{"start":1762394185033,"stop":1762394185288,"duration":255},"status":"passed","steps":[{"name":"Enter email.","time":{"start":1762394185033,"stop":1762394185114,"duration":81},"status":"passed","steps":[],"attachments":[],"parameters":[],"stepsCount":0,"shouldDisplayMessage":false,"attachmentsCount":0,"hasContent":false,"attachmentStep":false},{"name":"Enter password.","time":{"start":1762394185114,"stop":1762394185176,"duration":62},"status":"passed","steps":[],"attachments":[],"parameters":[],"stepsCount":0,"shouldDisplayMessage":false,"attachmentsCount":0,"hasContent":false,"attachmentStep":false},{"name":"Click button \"Login\"","time":{"start":1762394185176,"stop":1762394185285,"duration":109},"status":"passed","steps":[],"attachments":[],"parameters":[],"stepsCount":0,"shouldDisplayMessage":false,"attachmentsCount":0,"hasContent":false,"attachmentStep":false},{"name":"Check url is present: https://oblache.areso.pro/register.html","time":{"start":1762394185285,"stop":1762394185288,"duration":3},"status":"passed","steps":[],"attachments":[],"parameters":[],"stepsCount":0,"shouldDisplayMessage":false,"attachmentsCount":0,"hasContent":false,"attachmentStep":false}],"attachments":[],"parameters":[],"stepsCount":4,"shouldDisplayMessage":false,"attachmentsCount":0,"hasContent":true,"attachmentStep":false}],"attachments":[],"parameters":[],"stepsCount":6,"shouldDisplayMessage":false,"attachmentsCount":0,"hasContent":true,"attachmentStep":false}],"testStage":{"status":"broken","statusMessage":"selenium.common.exceptions.TimeoutException: Message: Can't find element by locator ('xpath', '//table[@id=\"table_containers\"] //tr[1]/td[3] /button')\nStacktrace:\n#0 0x561067cb0aea <unknown>\n#1 0x5610676fccdb <unknown>\n#2 0x56106774f6c4 <unknown>\n#3 0x56106774f901 <unknown>\n#4 0x56106779e8b4 <unknown>\n#5 0x56106779bc87 <unknown>\n#6 0x561067741aca <unknown>\n#7 0x5610677427d1 <unknown>\n#8 0x561067c77ab9 <unknown>\n#9 0x561067c7aa8c <unknown>\n#10 0x561067c60d49 <unknown>\n#11 0x561067c7b685 <unknown>\n#12 0x561067c486c3 <unknown>\n#13 0x561067c9d7d8 <unknown>\n#14 0x561067c9d9b3 <unknown>\n#15 0x561067cafa83 <unknown>\n#16 0x7f133649caa4 <unknown>\n#17 0x7f1336529c6c <unknown>","statusTrace":"self = <tests_ui.test_ui.TestProfilePage object at 0x7f5c90c6d9d0>\ndriver = <selenium.webdriver.chrome.webdriver.WebDriver (session=\"85ec057a94329e5096040aedf391a864\")>\nauthorization_user = None\nget_token = ('3f4009e6-bfd3-45f1-a45b-caed4a1ded3a', {'email': 'test4@mail.com', 'password': 'testpassword'}, 'testpassword', '123456789', 'test4@mail.com')\n\n    @allure.title('test_clipboard_uuid_docker')\n    def test_clipboard_uuid_docker(self, driver, authorization_user, get_token):\n        page = ProfilePage(driver, authorization_user)\n        page.click_button_docker_containers()\n>       page.check_clipboard(\n            table_xpath='//table[@id=\"table_containers\"]',\n            token=get_token[0])\n\ntests_ui/test_ui.py:120: \n_ _ _ _ _ _ _ _ _ _ _ _ _ _ _ _ _ _ _ _ _ _ _ _ _ _ _ _ _ _ _ _ _ _ _ _ _ _ _ _ \ntests_ui/profile_page.py:111: in check_clipboard\n    button = self.element_is_visible((By.XPATH, f'{table_xpath} //tr[1]/td[3] /button'))\ntests_ui/base_page.py:33: in element_is_visible\n    self.go_to_element(self.element_is_present(locator))\ntests_ui/base_page.py:46: in element_is_present\n    return Wait(self.driver, self.timeout).until(\n_ _ _ _ _ _ _ _ _ _ _ _ _ _ _ _ _ _ _ _ _ _ _ _ _ _ _ _ _ _ _ _ _ _ _ _ _ _ _ _ \n\nself = <selenium.webdriver.support.wait.WebDriverWait (session=\"85ec057a94329e5096040aedf391a864\")>\nmethod = <function presence_of_element_located.<locals>._predicate at 0x7f5c903aff60>\nmessage = 'Can\\'t find element by locator (\\'xpath\\', \\'//table[@id=\"table_containers\"] //tr[1]/td[3] /button\\')'\n\n    def until(self, method: Callable[[D], Union[Literal[False], T]], message: str = \"\") -> T:\n        \"\"\"Calls the method provided with the driver as an argument until the \\\n        return value does not evaluate to ``False``.\n    \n        :param method: callable(WebDriver)\n        :param message: optional message for :exc:`TimeoutException`\n        :returns: the result of the last call to `method`\n        :raises: :exc:`selenium.common.exceptions.TimeoutException` if timeout occurs\n        \"\"\"\n        screen = None\n        stacktrace = None\n    \n        end_time = time.monotonic() + self._timeout\n        while True:\n            try:\n                value = method(self._driver)\n                if value:\n                    return value\n            except self._ignored_exceptions as exc:\n                screen = getattr(exc, \"screen\", None)\n                stacktrace = getattr(exc, \"stacktrace\", None)\n            time.sleep(self._poll)\n            if time.monotonic() > end_time:\n                break\n>       raise TimeoutException(message, screen, stacktrace)\nE       selenium.common.exceptions.TimeoutException: Message: Can't find element by locator ('xpath', '//table[@id=\"table_containers\"] //tr[1]/td[3] /button')\nE       Stacktrace:\nE       #0 0x561067cb0aea <unknown>\nE       #1 0x5610676fccdb <unknown>\nE       #2 0x56106774f6c4 <unknown>\nE       #3 0x56106774f901 <unknown>\nE       #4 0x56106779e8b4 <unknown>\nE       #5 0x56106779bc87 <unknown>\nE       #6 0x561067741aca <unknown>\nE       #7 0x5610677427d1 <unknown>\nE       #8 0x561067c77ab9 <unknown>\nE       #9 0x561067c7aa8c <unknown>\nE       #10 0x561067c60d49 <unknown>\nE       #11 0x561067c7b685 <unknown>\nE       #12 0x561067c486c3 <unknown>\nE       #13 0x561067c9d7d8 <unknown>\nE       #14 0x561067c9d9b3 <unknown>\nE       #15 0x561067cafa83 <unknown>\nE       #16 0x7f133649caa4 <unknown>\nE       #17 0x7f1336529c6c <unknown>\n\n/opt/hostedtoolcache/Python/3.12.12/x64/lib/python3.12/site-packages/selenium/webdriver/support/wait.py:105: TimeoutException","steps":[{"name":"Click \"Docker containers\" button.","time":{"start":1762394185288,"stop":1762394186340,"duration":1052},"status":"passed","steps":[],"attachments":[],"parameters":[],"stepsCount":0,"shouldDisplayMessage":false,"attachmentsCount":0,"hasContent":false,"attachmentStep":false},{"name":"Check clipboard","time":{"start":1762394186340,"stop":1762394191489,"duration":5149},"status":"broken","statusMessage":"selenium.common.exceptions.TimeoutException: Message: Can't find element by locator ('xpath', '//table[@id=\"table_containers\"] //tr[1]/td[3] /button')\nStacktrace:\n#0 0x561067cb0aea <unknown>\n#1 0x5610676fccdb <unknown>\n#2 0x56106774f6c4 <unknown>\n#3 0x56106774f901 <unknown>\n#4 0x56106779e8b4 <unknown>\n#5 0x56106779bc87 <unknown>\n#6 0x561067741aca <unknown>\n#7 0x5610677427d1 <unknown>\n#8 0x561067c77ab9 <unknown>\n#9 0x561067c7aa8c <unknown>\n#10 0x561067c60d49 <unknown>\n#11 0x561067c7b685 <unknown>\n#12 0x561067c486c3 <unknown>\n#13 0x561067c9d7d8 <unknown>\n#14 0x561067c9d9b3 <unknown>\n#15 0x561067cafa83 <unknown>\n#16 0x7f133649caa4 <unknown>\n#17 0x7f1336529c6c <unknown>\n\n","statusTrace":"  File \"/opt/hostedtoolcache/Python/3.12.12/x64/lib/python3.12/site-packages/allure_commons/_allure.py\", line 192, in impl\n    return func(*a, **kw)\n           ^^^^^^^^^^^^^^\n  File \"/home/runner/work/Oblache/Oblache/tests_ui/profile_page.py\", line 111, in check_clipboard\n    button = self.element_is_visible((By.XPATH, f'{table_xpath} //tr[1]/td[3] /button'))\n             ^^^^^^^^^^^^^^^^^^^^^^^^^^^^^^^^^^^^^^^^^^^^^^^^^^^^^^^^^^^^^^^^^^^^^^^^^^^\n  File \"/home/runner/work/Oblache/Oblache/tests_ui/base_page.py\", line 33, in element_is_visible\n    self.go_to_element(self.element_is_present(locator))\n                       ^^^^^^^^^^^^^^^^^^^^^^^^^^^^^^^^\n  File \"/home/runner/work/Oblache/Oblache/tests_ui/base_page.py\", line 46, in element_is_present\n    return Wait(self.driver, self.timeout).until(\n           ^^^^^^^^^^^^^^^^^^^^^^^^^^^^^^^^^^^^^^\n  File \"/opt/hostedtoolcache/Python/3.12.12/x64/lib/python3.12/site-packages/selenium/webdriver/support/wait.py\", line 105, in until\n    raise TimeoutException(message, screen, stacktrace)\n","steps":[],"attachments":[],"parameters":[{"name":"table_xpath","value":"'//table[@id=\"table_containers\"]'"},{"name":"token","value":"'3f4009e6-bfd3-45f1-a45b-caed4a1ded3a'"}],"stepsCount":0,"shouldDisplayMessage":true,"attachmentsCount":0,"hasContent":true,"attachmentStep":false}],"attachments":[{"uid":"58b1b2f743280939","name":"Screenshot 2025-11-06 01:56:31.556466","source":"58b1b2f743280939.png","type":"image/png","size":31410}],"parameters":[],"stepsCount":2,"shouldDisplayMessage":true,"attachmentsCount":1,"hasContent":true,"attachmentStep":false},"afterStages":[{"name":"driver::0","time":{"start":1762394191557,"stop":1762394191620,"duration":63},"status":"passed","steps":[],"attachments":[],"parameters":[],"stepsCount":0,"shouldDisplayMessage":false,"attachmentsCount":0,"hasContent":false,"attachmentStep":false}],"labels":[{"name":"suite","value":"Test Profile Page."},{"name":"parentSuite","value":"tests_ui"},{"name":"subSuite","value":"TestProfilePage"},{"name":"host","value":"runnervmf2e7y"},{"name":"thread","value":"2600-MainThread"},{"name":"framework","value":"pytest"},{"name":"language","value":"cpython3"},{"name":"package","value":"tests_ui.test_ui"},{"name":"resultFormat","value":"allure2"}],"parameters":[],"links":[],"hidden":false,"retry":false,"extra":{"severity":"normal","retries":[],"categories":[{"name":"Test defects","matchedStatuses":[],"flaky":false}],"tags":[]},"source":"ac7a6f1b9c18a97f.json","parameterValues":[]}