{"uid":"eeb91381c5413ecf","name":"Creating a mysql8 database with DB hosts region CIS","fullName":"tests_ui.test_ui.TestProfilePage#test_create_database","historyId":"4762f7b87391625d86f9ea8dbdd3b406","time":{"start":1762394165447,"stop":1762394173761,"duration":8314},"status":"broken","statusMessage":"selenium.common.exceptions.TimeoutException: Message: Can't find element by locator ('xpath', '//select[@id=\"selectDBVersion\"] /option[@value=\"5\"]')\nStacktrace:\n#0 0x55dab6c67aea <unknown>\n#1 0x55dab66b3cdb <unknown>\n#2 0x55dab67066c4 <unknown>\n#3 0x55dab6706901 <unknown>\n#4 0x55dab67558b4 <unknown>\n#5 0x55dab6752c87 <unknown>\n#6 0x55dab66f8aca <unknown>\n#7 0x55dab66f97d1 <unknown>\n#8 0x55dab6c2eab9 <unknown>\n#9 0x55dab6c31a8c <unknown>\n#10 0x55dab6c17d49 <unknown>\n#11 0x55dab6c32685 <unknown>\n#12 0x55dab6bff6c3 <unknown>\n#13 0x55dab6c547d8 <unknown>\n#14 0x55dab6c549b3 <unknown>\n#15 0x55dab6c66a83 <unknown>\n#16 0x7f9d09c9caa4 <unknown>\n#17 0x7f9d09d29c6c <unknown>","statusTrace":"self = <tests_ui.test_ui.TestProfilePage object at 0x7f5c90c6d400>\ndriver = <selenium.webdriver.chrome.webdriver.WebDriver (session=\"898e2cdab369456dccf79b3922398d92\")>\nauthorization_user = None\n\n    @allure.title('Creating a mysql8 database with DB hosts region CIS')\n    def test_create_database(self, driver, authorization_user):\n        page = ProfilePage(driver, authorization_user)\n>       page.compare_database_status()\n\ntests_ui/test_ui.py:90: \n_ _ _ _ _ _ _ _ _ _ _ _ _ _ _ _ _ _ _ _ _ _ _ _ _ _ _ _ _ _ _ _ _ _ _ _ _ _ _ _ \ntests_ui/profile_page.py:173: in compare_database_status\n    self.select_db_version()  # Selected version msql8\ntests_ui/profile_page.py:76: in select_db_version\n    self.element_is_present_and_clickable(self.locators.DB_VERSION_MYSQL).click()\ntests_ui/base_page.py:28: in element_is_present_and_clickable\n    return (Wait(self.driver, self.timeout).until(\n_ _ _ _ _ _ _ _ _ _ _ _ _ _ _ _ _ _ _ _ _ _ _ _ _ _ _ _ _ _ _ _ _ _ _ _ _ _ _ _ \n\nself = <selenium.webdriver.support.wait.WebDriverWait (session=\"898e2cdab369456dccf79b3922398d92\")>\nmethod = <function visibility_of_element_located.<locals>._predicate at 0x7f5c903ada80>\nmessage = 'Can\\'t find element by locator (\\'xpath\\', \\'//select[@id=\"selectDBVersion\"] /option[@value=\"5\"]\\')'\n\n    def until(self, method: Callable[[D], Union[Literal[False], T]], message: str = \"\") -> T:\n        \"\"\"Calls the method provided with the driver as an argument until the \\\n        return value does not evaluate to ``False``.\n    \n        :param method: callable(WebDriver)\n        :param message: optional message for :exc:`TimeoutException`\n        :returns: the result of the last call to `method`\n        :raises: :exc:`selenium.common.exceptions.TimeoutException` if timeout occurs\n        \"\"\"\n        screen = None\n        stacktrace = None\n    \n        end_time = time.monotonic() + self._timeout\n        while True:\n            try:\n                value = method(self._driver)\n                if value:\n                    return value\n            except self._ignored_exceptions as exc:\n                screen = getattr(exc, \"screen\", None)\n                stacktrace = getattr(exc, \"stacktrace\", None)\n            time.sleep(self._poll)\n            if time.monotonic() > end_time:\n                break\n>       raise TimeoutException(message, screen, stacktrace)\nE       selenium.common.exceptions.TimeoutException: Message: Can't find element by locator ('xpath', '//select[@id=\"selectDBVersion\"] /option[@value=\"5\"]')\nE       Stacktrace:\nE       #0 0x55dab6c67aea <unknown>\nE       #1 0x55dab66b3cdb <unknown>\nE       #2 0x55dab67066c4 <unknown>\nE       #3 0x55dab6706901 <unknown>\nE       #4 0x55dab67558b4 <unknown>\nE       #5 0x55dab6752c87 <unknown>\nE       #6 0x55dab66f8aca <unknown>\nE       #7 0x55dab66f97d1 <unknown>\nE       #8 0x55dab6c2eab9 <unknown>\nE       #9 0x55dab6c31a8c <unknown>\nE       #10 0x55dab6c17d49 <unknown>\nE       #11 0x55dab6c32685 <unknown>\nE       #12 0x55dab6bff6c3 <unknown>\nE       #13 0x55dab6c547d8 <unknown>\nE       #14 0x55dab6c549b3 <unknown>\nE       #15 0x55dab6c66a83 <unknown>\nE       #16 0x7f9d09c9caa4 <unknown>\nE       #17 0x7f9d09d29c6c <unknown>\n\n/opt/hostedtoolcache/Python/3.12.12/x64/lib/python3.12/site-packages/selenium/webdriver/support/wait.py:105: TimeoutException","flaky":false,"newFailed":false,"newBroken":false,"newPassed":false,"retriesCount":0,"retriesStatusChange":false,"beforeStages":[{"name":"driver","time":{"start":1762394164591,"stop":1762394164873,"duration":282},"status":"passed","steps":[],"attachments":[],"parameters":[],"stepsCount":0,"shouldDisplayMessage":false,"attachmentsCount":0,"hasContent":false,"attachmentStep":false},{"name":"authorization_user","time":{"start":1762394164873,"stop":1762394165447,"duration":574},"status":"passed","steps":[{"name":"Open page: https://oblache.areso.pro/register.html","time":{"start":1762394164873,"stop":1762394165234,"duration":361},"status":"passed","steps":[],"attachments":[],"parameters":[],"stepsCount":0,"shouldDisplayMessage":false,"attachmentsCount":0,"hasContent":false,"attachmentStep":false},{"name":"Login user","time":{"start":1762394165234,"stop":1762394165447,"duration":213},"status":"passed","steps":[{"name":"Enter email.","time":{"start":1762394165234,"stop":1762394165298,"duration":64},"status":"passed","steps":[],"attachments":[],"parameters":[],"stepsCount":0,"shouldDisplayMessage":false,"attachmentsCount":0,"hasContent":false,"attachmentStep":false},{"name":"Enter password.","time":{"start":1762394165298,"stop":1762394165343,"duration":45},"status":"passed","steps":[],"attachments":[],"parameters":[],"stepsCount":0,"shouldDisplayMessage":false,"attachmentsCount":0,"hasContent":false,"attachmentStep":false},{"name":"Click button \"Login\"","time":{"start":1762394165343,"stop":1762394165444,"duration":101},"status":"passed","steps":[],"attachments":[],"parameters":[],"stepsCount":0,"shouldDisplayMessage":false,"attachmentsCount":0,"hasContent":false,"attachmentStep":false},{"name":"Check url is present: https://oblache.areso.pro/register.html","time":{"start":1762394165444,"stop":1762394165447,"duration":3},"status":"passed","steps":[],"attachments":[],"parameters":[],"stepsCount":0,"shouldDisplayMessage":false,"attachmentsCount":0,"hasContent":false,"attachmentStep":false}],"attachments":[],"parameters":[],"stepsCount":4,"shouldDisplayMessage":false,"attachmentsCount":0,"hasContent":true,"attachmentStep":false}],"attachments":[],"parameters":[],"stepsCount":6,"shouldDisplayMessage":false,"attachmentsCount":0,"hasContent":true,"attachmentStep":false}],"testStage":{"status":"broken","statusMessage":"selenium.common.exceptions.TimeoutException: Message: Can't find element by locator ('xpath', '//select[@id=\"selectDBVersion\"] /option[@value=\"5\"]')\nStacktrace:\n#0 0x55dab6c67aea <unknown>\n#1 0x55dab66b3cdb <unknown>\n#2 0x55dab67066c4 <unknown>\n#3 0x55dab6706901 <unknown>\n#4 0x55dab67558b4 <unknown>\n#5 0x55dab6752c87 <unknown>\n#6 0x55dab66f8aca <unknown>\n#7 0x55dab66f97d1 <unknown>\n#8 0x55dab6c2eab9 <unknown>\n#9 0x55dab6c31a8c <unknown>\n#10 0x55dab6c17d49 <unknown>\n#11 0x55dab6c32685 <unknown>\n#12 0x55dab6bff6c3 <unknown>\n#13 0x55dab6c547d8 <unknown>\n#14 0x55dab6c549b3 <unknown>\n#15 0x55dab6c66a83 <unknown>\n#16 0x7f9d09c9caa4 <unknown>\n#17 0x7f9d09d29c6c <unknown>","statusTrace":"self = <tests_ui.test_ui.TestProfilePage object at 0x7f5c90c6d400>\ndriver = <selenium.webdriver.chrome.webdriver.WebDriver (session=\"898e2cdab369456dccf79b3922398d92\")>\nauthorization_user = None\n\n    @allure.title('Creating a mysql8 database with DB hosts region CIS')\n    def test_create_database(self, driver, authorization_user):\n        page = ProfilePage(driver, authorization_user)\n>       page.compare_database_status()\n\ntests_ui/test_ui.py:90: \n_ _ _ _ _ _ _ _ _ _ _ _ _ _ _ _ _ _ _ _ _ _ _ _ _ _ _ _ _ _ _ _ _ _ _ _ _ _ _ _ \ntests_ui/profile_page.py:173: in compare_database_status\n    self.select_db_version()  # Selected version msql8\ntests_ui/profile_page.py:76: in select_db_version\n    self.element_is_present_and_clickable(self.locators.DB_VERSION_MYSQL).click()\ntests_ui/base_page.py:28: in element_is_present_and_clickable\n    return (Wait(self.driver, self.timeout).until(\n_ _ _ _ _ _ _ _ _ _ _ _ _ _ _ _ _ _ _ _ _ _ _ _ _ _ _ _ _ _ _ _ _ _ _ _ _ _ _ _ \n\nself = <selenium.webdriver.support.wait.WebDriverWait (session=\"898e2cdab369456dccf79b3922398d92\")>\nmethod = <function visibility_of_element_located.<locals>._predicate at 0x7f5c903ada80>\nmessage = 'Can\\'t find element by locator (\\'xpath\\', \\'//select[@id=\"selectDBVersion\"] /option[@value=\"5\"]\\')'\n\n    def until(self, method: Callable[[D], Union[Literal[False], T]], message: str = \"\") -> T:\n        \"\"\"Calls the method provided with the driver as an argument until the \\\n        return value does not evaluate to ``False``.\n    \n        :param method: callable(WebDriver)\n        :param message: optional message for :exc:`TimeoutException`\n        :returns: the result of the last call to `method`\n        :raises: :exc:`selenium.common.exceptions.TimeoutException` if timeout occurs\n        \"\"\"\n        screen = None\n        stacktrace = None\n    \n        end_time = time.monotonic() + self._timeout\n        while True:\n            try:\n                value = method(self._driver)\n                if value:\n                    return value\n            except self._ignored_exceptions as exc:\n                screen = getattr(exc, \"screen\", None)\n                stacktrace = getattr(exc, \"stacktrace\", None)\n            time.sleep(self._poll)\n            if time.monotonic() > end_time:\n                break\n>       raise TimeoutException(message, screen, stacktrace)\nE       selenium.common.exceptions.TimeoutException: Message: Can't find element by locator ('xpath', '//select[@id=\"selectDBVersion\"] /option[@value=\"5\"]')\nE       Stacktrace:\nE       #0 0x55dab6c67aea <unknown>\nE       #1 0x55dab66b3cdb <unknown>\nE       #2 0x55dab67066c4 <unknown>\nE       #3 0x55dab6706901 <unknown>\nE       #4 0x55dab67558b4 <unknown>\nE       #5 0x55dab6752c87 <unknown>\nE       #6 0x55dab66f8aca <unknown>\nE       #7 0x55dab66f97d1 <unknown>\nE       #8 0x55dab6c2eab9 <unknown>\nE       #9 0x55dab6c31a8c <unknown>\nE       #10 0x55dab6c17d49 <unknown>\nE       #11 0x55dab6c32685 <unknown>\nE       #12 0x55dab6bff6c3 <unknown>\nE       #13 0x55dab6c547d8 <unknown>\nE       #14 0x55dab6c549b3 <unknown>\nE       #15 0x55dab6c66a83 <unknown>\nE       #16 0x7f9d09c9caa4 <unknown>\nE       #17 0x7f9d09d29c6c <unknown>\n\n/opt/hostedtoolcache/Python/3.12.12/x64/lib/python3.12/site-packages/selenium/webdriver/support/wait.py:105: TimeoutException","steps":[{"name":"Click button Status.","time":{"start":1762394166447,"stop":1762394166531,"duration":84},"status":"passed","steps":[],"attachments":[],"parameters":[],"stepsCount":0,"shouldDisplayMessage":false,"attachmentsCount":0,"hasContent":false,"attachmentStep":false},{"name":"Save the number 'db qty used' from the Account Dashboard table to a variable","time":{"start":1762394166531,"stop":1762394167205,"duration":674},"status":"passed","steps":[{"name":"Get status data.","time":{"start":1762394167205,"stop":1762394167205,"duration":0},"status":"passed","steps":[{"name":"Status data is: {'Email:': 'nodata', 'is blocked?': 'nodata', 'is db creation allowed?': 'nodata', 'disk db quota, mb': 'nodata', 'disk db used, mb': 'nodata', 'db qty quota': 'nodata', 'db qty used': '58', 'site qty quota': '5', 'site qty used': '0', 'site disk quota': '300', 'site disk usage': '0', 'is site deploy allowed?': '1', 'container qty quota': '1', 'container qty used': '1147', 'is container creation allowed': '0'}","time":{"start":1762394167205,"stop":1762394167205,"duration":0},"status":"passed","steps":[],"attachments":[],"parameters":[],"stepsCount":0,"shouldDisplayMessage":false,"attachmentsCount":0,"hasContent":false,"attachmentStep":false}],"attachments":[],"parameters":[],"stepsCount":1,"shouldDisplayMessage":false,"attachmentsCount":0,"hasContent":true,"attachmentStep":false}],"attachments":[],"parameters":[],"stepsCount":2,"shouldDisplayMessage":false,"attachmentsCount":0,"hasContent":true,"attachmentStep":false},{"name":"Click \"Databases\" button.","time":{"start":1762394167205,"stop":1762394167280,"duration":75},"status":"passed","steps":[],"attachments":[],"parameters":[],"stepsCount":0,"shouldDisplayMessage":false,"attachmentsCount":0,"hasContent":false,"attachmentStep":false},{"name":"Click \"Create new DB\" button.","time":{"start":1762394167280,"stop":1762394167356,"duration":76},"status":"passed","steps":[],"attachments":[],"parameters":[],"stepsCount":0,"shouldDisplayMessage":false,"attachmentsCount":0,"hasContent":false,"attachmentStep":false},{"name":"Select DB hosts region \"CIS\".","time":{"start":1762394167356,"stop":1762394168575,"duration":1219},"status":"passed","steps":[],"attachments":[],"parameters":[],"stepsCount":0,"shouldDisplayMessage":false,"attachmentsCount":0,"hasContent":false,"attachmentStep":false},{"name":"Select DB type mysql8.","time":{"start":1762394168575,"stop":1762394173760,"duration":5185},"status":"broken","statusMessage":"selenium.common.exceptions.TimeoutException: Message: Can't find element by locator ('xpath', '//select[@id=\"selectDBVersion\"] /option[@value=\"5\"]')\nStacktrace:\n#0 0x55dab6c67aea <unknown>\n#1 0x55dab66b3cdb <unknown>\n#2 0x55dab67066c4 <unknown>\n#3 0x55dab6706901 <unknown>\n#4 0x55dab67558b4 <unknown>\n#5 0x55dab6752c87 <unknown>\n#6 0x55dab66f8aca <unknown>\n#7 0x55dab66f97d1 <unknown>\n#8 0x55dab6c2eab9 <unknown>\n#9 0x55dab6c31a8c <unknown>\n#10 0x55dab6c17d49 <unknown>\n#11 0x55dab6c32685 <unknown>\n#12 0x55dab6bff6c3 <unknown>\n#13 0x55dab6c547d8 <unknown>\n#14 0x55dab6c549b3 <unknown>\n#15 0x55dab6c66a83 <unknown>\n#16 0x7f9d09c9caa4 <unknown>\n#17 0x7f9d09d29c6c <unknown>\n\n","statusTrace":"  File \"/home/runner/work/Oblache/Oblache/tests_ui/profile_page.py\", line 76, in select_db_version\n    self.element_is_present_and_clickable(self.locators.DB_VERSION_MYSQL).click()\n    ^^^^^^^^^^^^^^^^^^^^^^^^^^^^^^^^^^^^^^^^^^^^^^^^^^^^^^^^^^^^^^^^^^^^^\n  File \"/home/runner/work/Oblache/Oblache/tests_ui/base_page.py\", line 28, in element_is_present_and_clickable\n    return (Wait(self.driver, self.timeout).until(\n            ^^^^^^^^^^^^^^^^^^^^^^^^^^^^^^^^^^^^^^\n  File \"/opt/hostedtoolcache/Python/3.12.12/x64/lib/python3.12/site-packages/selenium/webdriver/support/wait.py\", line 105, in until\n    raise TimeoutException(message, screen, stacktrace)\n","steps":[],"attachments":[],"parameters":[],"stepsCount":0,"shouldDisplayMessage":true,"attachmentsCount":0,"hasContent":true,"attachmentStep":false}],"attachments":[{"uid":"98834c3b748434be","name":"Screenshot 2025-11-06 01:56:13.828781","source":"98834c3b748434be.png","type":"image/png","size":27124}],"parameters":[],"stepsCount":8,"shouldDisplayMessage":true,"attachmentsCount":1,"hasContent":true,"attachmentStep":false},"afterStages":[{"name":"driver::0","time":{"start":1762394173830,"stop":1762394173892,"duration":62},"status":"passed","steps":[],"attachments":[],"parameters":[],"stepsCount":0,"shouldDisplayMessage":false,"attachmentsCount":0,"hasContent":false,"attachmentStep":false}],"labels":[{"name":"suite","value":"Test Profile Page."},{"name":"parentSuite","value":"tests_ui"},{"name":"subSuite","value":"TestProfilePage"},{"name":"host","value":"runnervmf2e7y"},{"name":"thread","value":"2600-MainThread"},{"name":"framework","value":"pytest"},{"name":"language","value":"cpython3"},{"name":"package","value":"tests_ui.test_ui"},{"name":"resultFormat","value":"allure2"}],"parameters":[],"links":[],"hidden":false,"retry":false,"extra":{"severity":"normal","retries":[],"categories":[{"name":"Test defects","matchedStatuses":[],"flaky":false}],"tags":[]},"source":"eeb91381c5413ecf.json","parameterValues":[]}